#Software: Microsoft Internet Information Services 10.0
#Version: 1.0
#Date: 2018-08-04 06:18:50
#Fields: date time s-ip cs-method cs-uri-stem cs-uri-query s-port cs-username c-ip cs(User-Agent) cs(Referer) sc-status sc-substatus sc-win32-status time-taken
2018-08-04 06:18:50 ::1 POST /Service1.svc - 49474 - ::1 - - 415 0 0 16647
2018-08-04 06:18:50 ::1 POST /Service1.svc/mex - 49474 - ::1 - - 415 0 0 12
2018-08-04 06:18:57 ::1 GET /Service1.svc - 49474 - ::1 Mozilla/4.0+(compatible;+MSIE+6.0;+MS+Web+Services+Client+Protocol+4.0.30319.42000) - 200 0 0 6162
2018-08-04 06:18:57 ::1 GET /Service1.svc disco 49474 - ::1 Mozilla/4.0+(compatible;+MSIE+6.0;+MS+Web+Services+Client+Protocol+4.0.30319.42000) - 200 0 0 61
2018-08-04 06:18:57 ::1 GET /Service1.svc wsdl 49474 - ::1 Mozilla/4.0+(compatible;+MSIE+6.0;+MS+Web+Services+Client+Protocol+4.0.30319.42000) - 200 0 0 213
2018-08-04 06:18:59 ::1 GET /Service1.svc xsd=xsd0 49474 - ::1 Mozilla/4.0+(compatible;+MSIE+6.0;+MS+Web+Services+Client+Protocol+4.0.30319.42000) - 200 0 0 1061
2018-08-04 06:18:59 ::1 GET /Service1.svc xsd=xsd2 49474 - ::1 Mozilla/4.0+(compatible;+MSIE+6.0;+MS+Web+Services+Client+Protocol+4.0.30319.42000) - 200 0 0 36
2018-08-04 06:18:59 ::1 GET /Service1.svc xsd=xsd3 49474 - ::1 Mozilla/4.0+(compatible;+MSIE+6.0;+MS+Web+Services+Client+Protocol+4.0.30319.42000) - 200 0 0 69
2018-08-04 06:18:59 ::1 GET /Service1.svc xsd=xsd1 49474 - ::1 Mozilla/4.0+(compatible;+MSIE+6.0;+MS+Web+Services+Client+Protocol+4.0.30319.42000) - 200 0 0 15
2018-08-04 06:19:53 ::1 GET /Service1.svc - 49474 - ::1 Mozilla/4.0+(compatible;+MSIE+6.0;+MS+Web+Services+Client+Protocol+4.0.30319.42000) - 200 0 0 123
2018-08-04 06:19:53 ::1 GET /Service1.svc disco 49474 - ::1 Mozilla/4.0+(compatible;+MSIE+6.0;+MS+Web+Services+Client+Protocol+4.0.30319.42000) - 200 0 0 92
2018-08-04 06:19:53 ::1 GET /Service1.svc/$metadata - 49474 - ::1 Mozilla/4.0+(compatible;+MSIE+6.0;+MS+Web+Services+Client+Protocol+4.0.30319.42000) - 400 0 0 453
2018-08-04 06:19:53 ::1 GET /Service1.svc wsdl 49474 - ::1 Mozilla/4.0+(compatible;+MSIE+6.0;+MS+Web+Services+Client+Protocol+4.0.30319.42000) - 200 0 0 154
2018-08-04 06:19:55 ::1 GET /Service1.svc xsd=xsd0 49474 - ::1 Mozilla/4.0+(compatible;+MSIE+6.0;+MS+Web+Services+Client+Protocol+4.0.30319.42000) - 200 0 0 1117
2018-08-04 06:19:55 ::1 GET /Service1.svc xsd=xsd2 49474 - ::1 Mozilla/4.0+(compatible;+MSIE+6.0;+MS+Web+Services+Client+Protocol+4.0.30319.42000) - 200 0 0 86
2018-08-04 06:19:55 ::1 GET /Service1.svc xsd=xsd3 49474 - ::1 Mozilla/4.0+(compatible;+MSIE+6.0;+MS+Web+Services+Client+Protocol+4.0.30319.42000) - 200 0 0 98
2018-08-04 06:19:55 ::1 GET /Service1.svc xsd=xsd1 49474 - ::1 Mozilla/4.0+(compatible;+MSIE+6.0;+MS+Web+Services+Client+Protocol+4.0.30319.42000) - 200 0 0 133
2018-08-04 06:19:57 ::1 POST /Service1.svc - 49474 - ::1 - - 415 0 0 154
2018-08-04 06:19:57 ::1 POST /Service1.svc/mex - 49474 - ::1 - - 415 0 0 193
2018-08-04 06:33:23 ::1 POST /Service1.svc - 49474 - ::1 - - 200 0 0 1466
2018-08-04 06:33:23 ::1 POST /Service1.svc - 49474 - ::1 - - 200 0 0 27
2018-08-04 06:33:23 ::1 POST /Service1.svc - 49474 - ::1 - - 200 0 0 114
2018-08-04 06:33:23 ::1 POST /Service1.svc - 49474 - ::1 - - 200 0 0 157
2018-08-04 06:33:29 ::1 POST /Service1.svc - 49474 - ::1 - - 200 0 0 15
2018-08-04 06:33:29 ::1 POST /Service1.svc - 49474 - ::1 - - 200 0 0 11
2018-08-04 06:33:29 ::1 POST /Service1.svc - 49474 - ::1 - - 200 0 0 84
2018-08-04 06:33:29 ::1 POST /Service1.svc - 49474 - ::1 - - 200 0 0 25
2018-08-04 06:33:30 ::1 POST /Service1.svc - 49474 - ::1 - - 200 0 0 160
2018-08-04 06:33:30 ::1 POST /Service1.svc - 49474 - ::1 - - 200 0 0 192
2018-08-04 06:33:30 ::1 POST /Service1.svc - 49474 - ::1 - - 200 0 0 73
2018-08-04 06:33:30 ::1 POST /Service1.svc - 49474 - ::1 - - 200 0 0 117
2018-08-04 06:33:30 ::1 POST /Service1.svc - 49474 - ::1 - - 200 0 0 60
2018-08-04 06:33:30 ::1 POST /Service1.svc - 49474 - ::1 - - 200 0 0 60
2018-08-04 06:33:30 ::1 POST /Service1.svc - 49474 - ::1 - - 200 0 0 22
2018-08-04 06:33:30 ::1 POST /Service1.svc - 49474 - ::1 - - 200 0 0 17
2018-08-04 06:33:30 ::1 POST /Service1.svc - 49474 - ::1 - - 200 0 0 42
2018-08-04 06:33:30 ::1 POST /Service1.svc - 49474 - ::1 - - 200 0 0 183
2018-08-04 06:33:30 ::1 POST /Service1.svc - 49474 - ::1 - - 200 0 0 71
2018-08-04 06:33:30 ::1 POST /Service1.svc - 49474 - ::1 - - 200 0 0 29
2018-08-04 06:33:31 ::1 POST /Service1.svc - 49474 - ::1 - - 200 0 0 221
2018-08-04 06:33:31 ::1 POST /Service1.svc - 49474 - ::1 - - 200 0 0 106
2018-08-04 06:33:31 ::1 POST /Service1.svc - 49474 - ::1 - - 200 0 0 110
2018-08-04 06:33:31 ::1 POST /Service1.svc - 49474 - ::1 - - 200 0 0 68
2018-08-04 06:33:31 ::1 POST /Service1.svc - 49474 - ::1 - - 200 0 0 106
2018-08-04 06:33:31 ::1 POST /Service1.svc - 49474 - ::1 - - 200 0 0 39
2018-08-04 06:33:31 ::1 POST /Service1.svc - 49474 - ::1 - - 200 0 0 119
2018-08-04 06:33:31 ::1 POST /Service1.svc - 49474 - ::1 - - 200 0 0 98
2018-08-04 06:33:31 ::1 POST /Service1.svc - 49474 - ::1 - - 200 0 0 151
2018-08-04 06:33:43 ::1 POST /Service1.svc - 49474 - ::1 - - 200 0 0 38
2018-08-04 06:33:43 ::1 POST /Service1.svc - 49474 - ::1 - - 200 0 0 39
2018-08-04 06:33:43 ::1 POST /Service1.svc - 49474 - ::1 - - 200 0 0 17
2018-08-04 06:33:43 ::1 POST /Service1.svc - 49474 - ::1 - - 200 0 0 32
2018-08-04 06:33:43 ::1 POST /Service1.svc - 49474 - ::1 - - 200 0 0 24
2018-08-04 06:33:43 ::1 POST /Service1.svc - 49474 - ::1 - - 200 0 0 167
2018-08-04 06:33:43 ::1 POST /Service1.svc - 49474 - ::1 - - 200 0 0 147
2018-08-04 06:33:43 ::1 POST /Service1.svc - 49474 - ::1 - - 200 0 0 28
2018-08-04 06:33:45 ::1 POST /Service1.svc - 49474 - ::1 - - 200 0 0 54
2018-08-04 06:33:45 ::1 POST /Service1.svc - 49474 - ::1 - - 200 0 0 131
2018-08-04 06:33:45 ::1 POST /Service1.svc - 49474 - ::1 - - 200 0 0 53
2018-08-04 06:33:45 ::1 POST /Service1.svc - 49474 - ::1 - - 200 0 0 66
2018-08-04 06:33:45 ::1 POST /Service1.svc - 49474 - ::1 - - 200 0 0 63
2018-08-04 06:33:54 ::1 POST /Service1.svc - 49474 - ::1 - - 200 0 0 23
2018-08-04 06:33:54 ::1 POST /Service1.svc - 49474 - ::1 - - 200 0 0 48
2018-08-04 06:33:54 ::1 POST /Service1.svc - 49474 - ::1 - - 200 0 0 16
2018-08-04 06:33:54 ::1 POST /Service1.svc - 49474 - ::1 - - 200 0 0 144
2018-08-04 06:33:54 ::1 POST /Service1.svc - 49474 - ::1 - - 200 0 0 33
2018-08-04 06:33:54 ::1 POST /Service1.svc - 49474 - ::1 - - 200 0 0 53
2018-08-04 06:33:54 ::1 POST /Service1.svc - 49474 - ::1 - - 200 0 0 99
2018-08-04 06:33:54 ::1 POST /Service1.svc - 49474 - ::1 - - 200 0 0 90
2018-08-04 06:33:54 ::1 POST /Service1.svc - 49474 - ::1 - - 200 0 0 31
2018-08-04 06:33:54 ::1 POST /Service1.svc - 49474 - ::1 - - 200 0 0 44
2018-08-04 06:34:03 ::1 POST /Service1.svc - 49474 - ::1 - - 200 0 0 18
2018-08-04 06:34:03 ::1 POST /Service1.svc - 49474 - ::1 - - 200 0 0 35
2018-08-04 06:34:03 ::1 POST /Service1.svc - 49474 - ::1 - - 200 0 0 76
2018-08-04 06:34:06 ::1 POST /Service1.svc - 49474 - ::1 - - 200 0 0 28
2018-08-04 06:34:06 ::1 POST /Service1.svc - 49474 - ::1 - - 200 0 0 56
2018-08-04 06:34:06 ::1 POST /Service1.svc - 49474 - ::1 - - 200 0 0 58
2018-08-04 06:34:08 ::1 POST /Service1.svc - 49474 - ::1 - - 200 0 0 18
2018-08-04 06:34:20 ::1 POST /Service1.svc - 49474 - ::1 - - 200 0 0 37
2018-08-04 06:34:20 ::1 POST /Service1.svc - 49474 - ::1 - - 200 0 0 55
2018-08-04 06:34:57 ::1 POST /Service1.svc - 49474 - ::1 - - 200 0 0 91
2018-08-04 06:35:28 ::1 POST /Service1.svc - 49474 - ::1 - - 200 0 0 77
2018-08-04 06:35:28 ::1 POST /Service1.svc - 49474 - ::1 - - 200 0 0 144
2018-08-04 06:35:33 ::1 POST /Service1.svc - 49474 - ::1 - - 200 0 0 114
2018-08-04 06:45:52 ::1 POST /Service1.svc - 49474 - ::1 - - 200 0 64 595168
#Software: Microsoft Internet Information Services 10.0
#Version: 1.0
#Date: 2018-08-04 07:23:02
#Fields: date time s-ip cs-method cs-uri-stem cs-uri-query s-port cs-username c-ip cs(User-Agent) cs(Referer) sc-status sc-substatus sc-win32-status time-taken
2018-08-04 07:23:02 ::1 POST /Service1.svc - 49474 - ::1 - - 200 0 0 63
2018-08-04 07:23:02 ::1 POST /Service1.svc - 49474 - ::1 - - 200 0 0 42
2018-08-04 07:23:02 ::1 POST /Service1.svc - 49474 - ::1 - - 200 0 0 29
2018-08-04 07:33:05 ::1 POST /Service1.svc - 49474 - ::1 - - 200 0 64 602334
2018-08-04 07:44:24 ::1 POST /Service1.svc - 49474 - ::1 - - 200 0 0 84
2018-08-04 07:44:24 ::1 POST /Service1.svc - 49474 - ::1 - - 200 0 0 44
2018-08-04 07:44:24 ::1 POST /Service1.svc - 49474 - ::1 - - 200 0 0 49
2018-08-04 07:44:24 ::1 POST /Service1.svc - 49474 - ::1 - - 200 0 0 72
2018-08-04 07:44:24 ::1 POST /Service1.svc - 49474 - ::1 - - 200 0 0 76
2018-08-04 07:44:24 ::1 POST /Service1.svc - 49474 - ::1 - - 200 0 0 56
2018-08-04 07:44:24 ::1 POST /Service1.svc - 49474 - ::1 - - 200 0 0 30
2018-08-04 07:44:24 ::1 POST /Service1.svc - 49474 - ::1 - - 200 0 0 28
2018-08-04 07:44:24 ::1 POST /Service1.svc - 49474 - ::1 - - 200 0 0 58
2018-08-04 07:44:24 ::1 POST /Service1.svc - 49474 - ::1 - - 200 0 0 163
2018-08-04 07:44:24 ::1 POST /Service1.svc - 49474 - ::1 - - 200 0 0 41
2018-08-04 07:44:24 ::1 POST /Service1.svc - 49474 - ::1 - - 200 0 0 121
2018-08-04 07:44:24 ::1 POST /Service1.svc - 49474 - ::1 - - 200 0 0 46
2018-08-04 07:44:24 ::1 POST /Service1.svc - 49474 - ::1 - - 200 0 0 20
2018-08-04 07:44:24 ::1 POST /Service1.svc - 49474 - ::1 - - 200 0 0 26
2018-08-04 07:44:25 ::1 POST /Service1.svc - 49474 - ::1 - - 200 0 0 71
2018-08-04 07:44:25 ::1 POST /Service1.svc - 49474 - ::1 - - 200 0 0 133
2018-08-04 07:44:25 ::1 POST /Service1.svc - 49474 - ::1 - - 200 0 0 37
2018-08-04 07:44:25 ::1 POST /Service1.svc - 49474 - ::1 - - 200 0 0 26
2018-08-04 07:44:25 ::1 POST /Service1.svc - 49474 - ::1 - - 200 0 0 98
2018-08-04 07:44:25 ::1 POST /Service1.svc - 49474 - ::1 - - 200 0 0 82
2018-08-04 07:44:25 ::1 POST /Service1.svc - 49474 - ::1 - - 200 0 0 36
2018-08-04 07:44:25 ::1 POST /Service1.svc - 49474 - ::1 - - 200 0 0 30
2018-08-04 07:44:25 ::1 POST /Service1.svc - 49474 - ::1 - - 200 0 0 53
2018-08-04 07:44:25 ::1 POST /Service1.svc - 49474 - ::1 - - 200 0 0 64
2018-08-04 07:44:25 ::1 POST /Service1.svc - 49474 - ::1 - - 200 0 0 54
2018-08-04 07:44:25 ::1 POST /Service1.svc - 49474 - ::1 - - 200 0 0 30
2018-08-04 07:44:25 ::1 POST /Service1.svc - 49474 - ::1 - - 200 0 0 58
2018-08-04 07:44:25 ::1 POST /Service1.svc - 49474 - ::1 - - 200 0 0 40
2018-08-04 07:44:28 ::1 POST /Service1.svc - 49474 - ::1 - - 200 0 0 18
2018-08-04 07:44:28 ::1 POST /Service1.svc - 49474 - ::1 - - 200 0 0 59
2018-08-04 07:44:28 ::1 POST /Service1.svc - 49474 - ::1 - - 200 0 0 64
2018-08-04 07:44:28 ::1 POST /Service1.svc - 49474 - ::1 - - 200 0 0 52
