#Software: Microsoft Internet Information Services 10.0
#Version: 1.0
#Date: 2018-03-20 05:40:44
#Fields: date time s-ip cs-method cs-uri-stem cs-uri-query s-port cs-username c-ip cs(User-Agent) cs(Referer) sc-status sc-substatus sc-win32-status time-taken
2018-03-20 05:40:44 ::1 GET /Service1.svc - 49474 - ::1 Mozilla/5.0+(Windows+NT+10.0;+Win64;+x64)+AppleWebKit/537.36+(KHTML,+like+Gecko)+Chrome/65.0.3325.162+Safari/537.36 - 200 0 0 16314
2018-03-20 05:40:48 ::1 GET /favicon.ico - 49474 - ::1 Mozilla/5.0+(Windows+NT+10.0;+Win64;+x64)+AppleWebKit/537.36+(KHTML,+like+Gecko)+Chrome/65.0.3325.162+Safari/537.36 http://localhost:49474/Service1.svc 404 0 2 183
2018-03-20 05:41:04 ::1 GET /Service1.svc - 49474 - ::1 Mozilla/4.0+(compatible;+MSIE+6.0;+MS+Web+Services+Client+Protocol+4.0.30319.42000) - 200 0 0 33
2018-03-20 05:41:04 ::1 GET /Service1.svc disco 49474 - ::1 Mozilla/4.0+(compatible;+MSIE+6.0;+MS+Web+Services+Client+Protocol+4.0.30319.42000) - 200 0 0 74
2018-03-20 05:41:06 ::1 GET /Service1.svc/$metadata - 49474 - ::1 Mozilla/4.0+(compatible;+MSIE+6.0;+MS+Web+Services+Client+Protocol+4.0.30319.42000) - 400 0 0 1520
2018-03-20 05:41:06 ::1 GET /Service1.svc wsdl 49474 - ::1 Mozilla/4.0+(compatible;+MSIE+6.0;+MS+Web+Services+Client+Protocol+4.0.30319.42000) - 200 0 0 1529
2018-03-20 05:41:10 ::1 GET /Service1.svc xsd=xsd0 49474 - ::1 Mozilla/4.0+(compatible;+MSIE+6.0;+MS+Web+Services+Client+Protocol+4.0.30319.42000) - 200 0 0 1329
2018-03-20 05:41:10 ::1 GET /Service1.svc xsd=xsd2 49474 - ::1 Mozilla/4.0+(compatible;+MSIE+6.0;+MS+Web+Services+Client+Protocol+4.0.30319.42000) - 200 0 0 5
2018-03-20 05:41:10 ::1 GET /Service1.svc xsd=xsd3 49474 - ::1 Mozilla/4.0+(compatible;+MSIE+6.0;+MS+Web+Services+Client+Protocol+4.0.30319.42000) - 200 0 0 12
2018-03-20 05:41:10 ::1 GET /Service1.svc xsd=xsd1 49474 - ::1 Mozilla/4.0+(compatible;+MSIE+6.0;+MS+Web+Services+Client+Protocol+4.0.30319.42000) - 200 0 0 19
2018-03-20 05:41:12 ::1 POST /Service1.svc/mex - 49474 - ::1 - - 415 0 0 64
2018-03-20 05:41:12 ::1 POST /Service1.svc - 49474 - ::1 - - 415 0 0 70
#Software: Microsoft Internet Information Services 10.0
#Version: 1.0
#Date: 2018-03-20 11:40:59
#Fields: date time s-ip cs-method cs-uri-stem cs-uri-query s-port cs-username c-ip cs(User-Agent) cs(Referer) sc-status sc-substatus sc-win32-status time-taken
2018-03-20 11:40:59 ::1 POST /Service1.svc - 49474 - ::1 - - 200 0 0 18443
2018-03-20 11:41:41 ::1 POST /Service1.svc - 49474 - ::1 - - 200 0 0 15200
2018-03-20 11:41:41 ::1 POST /Service1.svc - 49474 - ::1 - - 200 0 0 77
#Software: Microsoft Internet Information Services 10.0
#Version: 1.0
#Date: 2018-03-20 12:12:28
#Fields: date time s-ip cs-method cs-uri-stem cs-uri-query s-port cs-username c-ip cs(User-Agent) cs(Referer) sc-status sc-substatus sc-win32-status time-taken
2018-03-20 12:12:28 ::1 POST /Service1.svc - 49474 - ::1 - - 200 0 0 15271
2018-03-20 12:12:45 ::1 POST /Service1.svc - 49474 - ::1 - - 200 0 0 16098
2018-03-20 12:13:58 ::1 POST /Service1.svc - 49474 - ::1 - - 200 0 0 15176
2018-03-20 12:24:43 ::1 POST /Service1.svc - 49474 - ::1 - - 200 0 0 15130
2018-03-20 12:25:18 ::1 POST /Service1.svc - 49474 - ::1 - - 200 0 0 15095
2018-03-20 12:25:34 ::1 POST /Service1.svc - 49474 - ::1 - - 200 0 0 16163
