#Software: Microsoft Internet Information Services 10.0
#Version: 1.0
#Date: 2018-04-17 04:59:53
#Fields: date time s-ip cs-method cs-uri-stem cs-uri-query s-port cs-username c-ip cs(User-Agent) cs(Referer) sc-status sc-substatus sc-win32-status time-taken
2018-04-17 04:59:53 ::1 POST /Service1.svc - 49474 - ::1 - - 415 0 0 13232
2018-04-17 04:59:53 ::1 POST /Service1.svc/mex - 49474 - ::1 - - 415 0 0 7
2018-04-17 04:59:56 ::1 GET /Service1.svc - 49474 - ::1 Mozilla/4.0+(compatible;+MSIE+6.0;+MS+Web+Services+Client+Protocol+4.0.30319.42000) - 200 0 0 2837
2018-04-17 04:59:56 ::1 GET /Service1.svc disco 49474 - ::1 Mozilla/4.0+(compatible;+MSIE+6.0;+MS+Web+Services+Client+Protocol+4.0.30319.42000) - 200 0 0 8
2018-04-17 04:59:56 ::1 GET /Service1.svc wsdl 49474 - ::1 Mozilla/4.0+(compatible;+MSIE+6.0;+MS+Web+Services+Client+Protocol+4.0.30319.42000) - 200 0 0 178
2018-04-17 04:59:57 ::1 GET /Service1.svc xsd=xsd0 49474 - ::1 Mozilla/4.0+(compatible;+MSIE+6.0;+MS+Web+Services+Client+Protocol+4.0.30319.42000) - 200 0 0 1072
2018-04-17 04:59:57 ::1 GET /Service1.svc xsd=xsd2 49474 - ::1 Mozilla/4.0+(compatible;+MSIE+6.0;+MS+Web+Services+Client+Protocol+4.0.30319.42000) - 200 0 0 8
2018-04-17 04:59:57 ::1 GET /Service1.svc xsd=xsd3 49474 - ::1 Mozilla/4.0+(compatible;+MSIE+6.0;+MS+Web+Services+Client+Protocol+4.0.30319.42000) - 200 0 0 14
2018-04-17 04:59:57 ::1 GET /Service1.svc xsd=xsd1 49474 - ::1 Mozilla/4.0+(compatible;+MSIE+6.0;+MS+Web+Services+Client+Protocol+4.0.30319.42000) - 200 0 0 14
2018-04-17 05:00:23 ::1 GET /Service1.svc - 49474 - ::1 Mozilla/4.0+(compatible;+MSIE+6.0;+MS+Web+Services+Client+Protocol+4.0.30319.42000) - 200 0 0 99
2018-04-17 05:00:23 ::1 GET /Service1.svc disco 49474 - ::1 Mozilla/4.0+(compatible;+MSIE+6.0;+MS+Web+Services+Client+Protocol+4.0.30319.42000) - 200 0 0 11
2018-04-17 05:00:23 ::1 GET /Service1.svc/$metadata - 49474 - ::1 Mozilla/4.0+(compatible;+MSIE+6.0;+MS+Web+Services+Client+Protocol+4.0.30319.42000) - 400 0 0 329
2018-04-17 05:00:23 ::1 GET /Service1.svc wsdl 49474 - ::1 Mozilla/4.0+(compatible;+MSIE+6.0;+MS+Web+Services+Client+Protocol+4.0.30319.42000) - 200 0 0 84
2018-04-17 05:00:23 ::1 GET /Service1.svc xsd=xsd0 49474 - ::1 Mozilla/4.0+(compatible;+MSIE+6.0;+MS+Web+Services+Client+Protocol+4.0.30319.42000) - 200 0 0 296
2018-04-17 05:00:23 ::1 GET /Service1.svc xsd=xsd2 49474 - ::1 Mozilla/4.0+(compatible;+MSIE+6.0;+MS+Web+Services+Client+Protocol+4.0.30319.42000) - 200 0 0 10
2018-04-17 05:00:23 ::1 GET /Service1.svc xsd=xsd3 49474 - ::1 Mozilla/4.0+(compatible;+MSIE+6.0;+MS+Web+Services+Client+Protocol+4.0.30319.42000) - 200 0 0 5
2018-04-17 05:00:23 ::1 GET /Service1.svc xsd=xsd1 49474 - ::1 Mozilla/4.0+(compatible;+MSIE+6.0;+MS+Web+Services+Client+Protocol+4.0.30319.42000) - 200 0 0 9
2018-04-17 05:00:27 ::1 POST /Service1.svc - 49474 - ::1 - - 415 0 0 16
2018-04-17 05:00:27 ::1 POST /Service1.svc/mex - 49474 - ::1 - - 415 0 0 47
2018-04-17 05:03:39 ::1 POST /Service1.svc - 49474 - ::1 - - 200 0 0 1454
2018-04-17 05:03:39 ::1 POST /Service1.svc - 49474 - ::1 - - 200 0 0 406
2018-04-17 05:03:39 ::1 POST /Service1.svc - 49474 - ::1 - - 200 0 0 98
2018-04-17 05:03:41 ::1 POST /Service1.svc - 49474 - ::1 - - 200 0 0 455
2018-04-17 05:03:41 ::1 POST /Service1.svc - 49474 - ::1 - - 200 0 0 176
2018-04-17 05:03:41 ::1 POST /Service1.svc - 49474 - ::1 - - 200 0 0 137
2018-04-17 05:03:41 ::1 POST /Service1.svc - 49474 - ::1 - - 200 0 0 82
2018-04-17 05:03:45 ::1 POST /Service1.svc - 49474 - ::1 - - 200 0 0 381
2018-04-17 05:03:45 ::1 POST /Service1.svc - 49474 - ::1 - - 200 0 0 77
2018-04-17 05:03:45 ::1 POST /Service1.svc - 49474 - ::1 - - 200 0 0 92
2018-04-17 05:07:59 ::1 POST /Service1.svc - 49474 - ::1 - - 200 0 0 225
2018-04-17 05:08:57 ::1 POST /Service1.svc - 49474 - ::1 - - 200 0 0 95
2018-04-17 05:09:38 ::1 POST /Service1.svc - 49474 - ::1 - - 200 0 0 52
2018-04-17 05:10:02 ::1 POST /Service1.svc - 49474 - ::1 - - 200 0 0 23
2018-04-17 05:10:10 ::1 POST /Service1.svc - 49474 - ::1 - - 200 0 0 30
2018-04-17 05:10:45 ::1 POST /Service1.svc - 49474 - ::1 - - 200 0 0 34655
#Software: Microsoft Internet Information Services 10.0
#Version: 1.0
#Date: 2018-04-17 05:30:53
#Fields: date time s-ip cs-method cs-uri-stem cs-uri-query s-port cs-username c-ip cs(User-Agent) cs(Referer) sc-status sc-substatus sc-win32-status time-taken
2018-04-17 05:30:53 ::1 POST /Service1.svc - 49474 - ::1 - - 415 0 0 3809
2018-04-17 05:30:53 ::1 POST /Service1.svc/mex - 49474 - ::1 - - 415 0 0 11
2018-04-17 05:30:55 ::1 GET /Service1.svc - 49474 - ::1 Mozilla/4.0+(compatible;+MSIE+6.0;+MS+Web+Services+Client+Protocol+4.0.30319.42000) - 200 0 0 2117
2018-04-17 05:30:55 ::1 GET /Service1.svc disco 49474 - ::1 Mozilla/4.0+(compatible;+MSIE+6.0;+MS+Web+Services+Client+Protocol+4.0.30319.42000) - 200 0 0 11
2018-04-17 05:30:55 ::1 GET /Service1.svc wsdl 49474 - ::1 Mozilla/4.0+(compatible;+MSIE+6.0;+MS+Web+Services+Client+Protocol+4.0.30319.42000) - 200 0 0 13
2018-04-17 05:30:55 ::1 GET /Service1.svc xsd=xsd0 49474 - ::1 Mozilla/4.0+(compatible;+MSIE+6.0;+MS+Web+Services+Client+Protocol+4.0.30319.42000) - 200 0 0 399
2018-04-17 05:30:55 ::1 GET /Service1.svc xsd=xsd2 49474 - ::1 Mozilla/4.0+(compatible;+MSIE+6.0;+MS+Web+Services+Client+Protocol+4.0.30319.42000) - 200 0 0 9
2018-04-17 05:30:55 ::1 GET /Service1.svc xsd=xsd3 49474 - ::1 Mozilla/4.0+(compatible;+MSIE+6.0;+MS+Web+Services+Client+Protocol+4.0.30319.42000) - 200 0 0 14
2018-04-17 05:30:55 ::1 GET /Service1.svc xsd=xsd1 49474 - ::1 Mozilla/4.0+(compatible;+MSIE+6.0;+MS+Web+Services+Client+Protocol+4.0.30319.42000) - 200 0 0 27
2018-04-17 05:31:53 ::1 GET /Service1.svc - 49474 - ::1 Mozilla/4.0+(compatible;+MSIE+6.0;+MS+Web+Services+Client+Protocol+4.0.30319.42000) - 200 0 0 41
2018-04-17 05:31:53 ::1 GET /Service1.svc/$metadata - 49474 - ::1 Mozilla/4.0+(compatible;+MSIE+6.0;+MS+Web+Services+Client+Protocol+4.0.30319.42000) - 400 0 0 112
2018-04-17 05:31:53 ::1 POST /Service1.svc/mex - 49474 - ::1 - - 415 0 0 99
2018-04-17 05:31:53 ::1 POST /Service1.svc - 49474 - ::1 - - 415 0 0 145
2018-04-17 05:31:53 ::1 GET /Service1.svc disco 49474 - ::1 Mozilla/4.0+(compatible;+MSIE+6.0;+MS+Web+Services+Client+Protocol+4.0.30319.42000) - 200 0 0 129
2018-04-17 05:31:53 ::1 GET /Service1.svc wsdl 49474 - ::1 Mozilla/4.0+(compatible;+MSIE+6.0;+MS+Web+Services+Client+Protocol+4.0.30319.42000) - 200 0 0 20
2018-04-17 05:31:53 ::1 GET /Service1.svc xsd=xsd0 49474 - ::1 Mozilla/4.0+(compatible;+MSIE+6.0;+MS+Web+Services+Client+Protocol+4.0.30319.42000) - 200 0 0 11
2018-04-17 05:31:53 ::1 GET /Service1.svc xsd=xsd2 49474 - ::1 Mozilla/4.0+(compatible;+MSIE+6.0;+MS+Web+Services+Client+Protocol+4.0.30319.42000) - 200 0 0 11
2018-04-17 05:31:53 ::1 GET /Service1.svc xsd=xsd3 49474 - ::1 Mozilla/4.0+(compatible;+MSIE+6.0;+MS+Web+Services+Client+Protocol+4.0.30319.42000) - 200 0 0 5
2018-04-17 05:31:53 ::1 GET /Service1.svc xsd=xsd1 49474 - ::1 Mozilla/4.0+(compatible;+MSIE+6.0;+MS+Web+Services+Client+Protocol+4.0.30319.42000) - 200 0 0 87
2018-04-17 05:32:25 ::1 POST /Service1.svc - 49474 - ::1 - - 200 0 0 1366
2018-04-17 05:32:25 ::1 POST /Service1.svc - 49474 - ::1 - - 200 0 0 435
2018-04-17 05:32:25 ::1 POST /Service1.svc - 49474 - ::1 - - 200 0 0 41
2018-04-17 05:32:25 ::1 POST /Service1.svc - 49474 - ::1 - - 200 0 0 32
2018-04-17 05:32:26 ::1 POST /Service1.svc - 49474 - ::1 - - 200 0 0 144
2018-04-17 05:32:26 ::1 POST /Service1.svc - 49474 - ::1 - - 200 0 0 482
2018-04-17 05:32:30 ::1 POST /Service1.svc - 49474 - ::1 - - 200 0 0 493
2018-04-17 05:32:30 ::1 POST /Service1.svc - 49474 - ::1 - - 200 0 0 44
2018-04-17 05:32:30 ::1 POST /Service1.svc - 49474 - ::1 - - 200 0 0 167
2018-04-17 05:32:30 ::1 POST /Service1.svc - 49474 - ::1 - - 200 0 0 375
2018-04-17 05:32:39 ::1 POST /Service1.svc - 49474 - ::1 - - 200 0 0 63
2018-04-17 05:33:00 ::1 POST /Service1.svc - 49474 - ::1 - - 200 0 0 401
2018-04-17 05:33:04 ::1 POST /Service1.svc - 49474 - ::1 - - 200 0 0 141
2018-04-17 05:33:13 ::1 POST /Service1.svc - 49474 - ::1 - - 200 0 0 76
2018-04-17 05:33:16 ::1 POST /Service1.svc - 49474 - ::1 - - 200 0 0 41
2018-04-17 05:33:23 ::1 POST /Service1.svc - 49474 - ::1 - - 200 0 0 7493
2018-04-17 05:33:28 ::1 POST /Service1.svc - 49474 - ::1 - - 200 0 0 31
2018-04-17 05:33:28 ::1 POST /Service1.svc - 49474 - ::1 - - 200 0 0 40
2018-04-17 05:33:28 ::1 POST /Service1.svc - 49474 - ::1 - - 200 0 0 92
2018-04-17 05:33:28 ::1 POST /Service1.svc - 49474 - ::1 - - 200 0 0 54
2018-04-17 05:33:28 ::1 POST /Service1.svc - 49474 - ::1 - - 200 0 0 66
2018-04-17 05:33:28 ::1 POST /Service1.svc - 49474 - ::1 - - 200 0 0 75
2018-04-17 05:33:31 ::1 POST /Service1.svc - 49474 - ::1 - - 200 0 0 77
2018-04-17 05:33:31 ::1 POST /Service1.svc - 49474 - ::1 - - 200 0 0 30
2018-04-17 05:33:31 ::1 POST /Service1.svc - 49474 - ::1 - - 200 0 0 71
2018-04-17 05:33:31 ::1 POST /Service1.svc - 49474 - ::1 - - 200 0 0 28
2018-04-17 05:33:54 ::1 POST /Service1.svc - 49474 - ::1 - - 200 0 0 111
2018-04-17 05:34:45 ::1 POST /Service1.svc - 49474 - ::1 - - 200 0 0 127
#Software: Microsoft Internet Information Services 10.0
#Version: 1.0
#Date: 2018-04-17 05:37:56
#Fields: date time s-ip cs-method cs-uri-stem cs-uri-query s-port cs-username c-ip cs(User-Agent) cs(Referer) sc-status sc-substatus sc-win32-status time-taken
2018-04-17 05:37:56 ::1 POST /Service1.svc - 49474 - ::1 - - 415 0 0 5689
2018-04-17 05:37:56 ::1 POST /Service1.svc/mex - 49474 - ::1 - - 415 0 0 17
2018-04-17 05:37:58 ::1 GET /Service1.svc - 49474 - ::1 Mozilla/4.0+(compatible;+MSIE+6.0;+MS+Web+Services+Client+Protocol+4.0.30319.42000) - 200 0 0 1837
2018-04-17 05:37:58 ::1 GET /Service1.svc disco 49474 - ::1 Mozilla/4.0+(compatible;+MSIE+6.0;+MS+Web+Services+Client+Protocol+4.0.30319.42000) - 200 0 0 21
2018-04-17 05:37:58 ::1 GET /Service1.svc wsdl 49474 - ::1 Mozilla/4.0+(compatible;+MSIE+6.0;+MS+Web+Services+Client+Protocol+4.0.30319.42000) - 200 0 0 31
2018-04-17 05:37:58 ::1 GET /Service1.svc xsd=xsd0 49474 - ::1 Mozilla/4.0+(compatible;+MSIE+6.0;+MS+Web+Services+Client+Protocol+4.0.30319.42000) - 200 0 0 417
2018-04-17 05:37:58 ::1 GET /Service1.svc xsd=xsd2 49474 - ::1 Mozilla/4.0+(compatible;+MSIE+6.0;+MS+Web+Services+Client+Protocol+4.0.30319.42000) - 200 0 0 10
2018-04-17 05:37:58 ::1 GET /Service1.svc xsd=xsd3 49474 - ::1 Mozilla/4.0+(compatible;+MSIE+6.0;+MS+Web+Services+Client+Protocol+4.0.30319.42000) - 200 0 0 13
2018-04-17 05:37:58 ::1 GET /Service1.svc xsd=xsd1 49474 - ::1 Mozilla/4.0+(compatible;+MSIE+6.0;+MS+Web+Services+Client+Protocol+4.0.30319.42000) - 200 0 0 28
2018-04-17 05:38:20 ::1 GET /Service1.svc - 49474 - ::1 Mozilla/4.0+(compatible;+MSIE+6.0;+MS+Web+Services+Client+Protocol+4.0.30319.42000) - 200 0 0 41
2018-04-17 05:38:20 ::1 GET /Service1.svc/$metadata - 49474 - ::1 Mozilla/4.0+(compatible;+MSIE+6.0;+MS+Web+Services+Client+Protocol+4.0.30319.42000) - 400 0 0 105
2018-04-17 05:38:20 ::1 POST /Service1.svc - 49474 - ::1 - - 415 0 0 51
2018-04-17 05:38:20 ::1 GET /Service1.svc disco 49474 - ::1 Mozilla/4.0+(compatible;+MSIE+6.0;+MS+Web+Services+Client+Protocol+4.0.30319.42000) - 200 0 0 96
2018-04-17 05:38:20 ::1 POST /Service1.svc/mex - 49474 - ::1 - - 415 0 0 59
2018-04-17 05:38:20 ::1 GET /Service1.svc wsdl 49474 - ::1 Mozilla/4.0+(compatible;+MSIE+6.0;+MS+Web+Services+Client+Protocol+4.0.30319.42000) - 200 0 0 19
2018-04-17 05:38:20 ::1 GET /Service1.svc xsd=xsd0 49474 - ::1 Mozilla/4.0+(compatible;+MSIE+6.0;+MS+Web+Services+Client+Protocol+4.0.30319.42000) - 200 0 0 9
2018-04-17 05:38:20 ::1 GET /Service1.svc xsd=xsd2 49474 - ::1 Mozilla/4.0+(compatible;+MSIE+6.0;+MS+Web+Services+Client+Protocol+4.0.30319.42000) - 200 0 0 13
2018-04-17 05:38:20 ::1 GET /Service1.svc xsd=xsd3 49474 - ::1 Mozilla/4.0+(compatible;+MSIE+6.0;+MS+Web+Services+Client+Protocol+4.0.30319.42000) - 200 0 0 16
2018-04-17 05:38:20 ::1 GET /Service1.svc xsd=xsd1 49474 - ::1 Mozilla/4.0+(compatible;+MSIE+6.0;+MS+Web+Services+Client+Protocol+4.0.30319.42000) - 200 0 0 66
2018-04-17 05:38:51 ::1 POST /Service1.svc - 49474 - ::1 - - 200 0 0 807
2018-04-17 05:38:51 ::1 POST /Service1.svc - 49474 - ::1 - - 200 0 0 211
2018-04-17 05:38:51 ::1 POST /Service1.svc - 49474 - ::1 - - 200 0 0 88
2018-04-17 05:38:51 ::1 POST /Service1.svc - 49474 - ::1 - - 200 0 0 81
2018-04-17 05:38:51 ::1 POST /Service1.svc - 49474 - ::1 - - 200 0 0 137
2018-04-17 05:38:52 ::1 POST /Service1.svc - 49474 - ::1 - - 200 0 0 380
2018-04-17 05:38:57 ::1 POST /Service1.svc - 49474 - ::1 - - 200 0 0 176
2018-04-17 05:38:57 ::1 POST /Service1.svc - 49474 - ::1 - - 200 0 0 68
2018-04-17 05:38:57 ::1 POST /Service1.svc - 49474 - ::1 - - 200 0 0 443
2018-04-17 05:38:57 ::1 POST /Service1.svc - 49474 - ::1 - - 200 0 0 87
2018-04-17 05:39:16 ::1 POST /Service1.svc - 49474 - ::1 - - 200 0 0 135
2018-04-17 05:39:25 ::1 POST /Service1.svc - 49474 - ::1 - - 200 0 0 106
2018-04-17 05:39:28 ::1 POST /Service1.svc - 49474 - ::1 - - 200 0 0 583
2018-04-17 05:39:34 ::1 POST /Service1.svc - 49474 - ::1 - - 200 0 0 43
2018-04-17 05:39:36 ::1 POST /Service1.svc - 49474 - ::1 - - 200 0 0 150
2018-04-17 05:39:36 ::1 POST /Service1.svc - 49474 - ::1 - - 200 0 0 609
2018-04-17 05:44:38 ::1 POST /Service1.svc - 49474 - ::1 - - 200 0 0 34
2018-04-17 05:44:38 ::1 POST /Service1.svc - 49474 - ::1 - - 200 0 0 120
2018-04-17 05:44:38 ::1 POST /Service1.svc - 49474 - ::1 - - 200 0 0 128
2018-04-17 05:44:38 ::1 POST /Service1.svc - 49474 - ::1 - - 200 0 0 23
2018-04-17 05:44:38 ::1 POST /Service1.svc - 49474 - ::1 - - 200 0 0 108
2018-04-17 05:44:54 ::1 POST /Service1.svc - 49474 - ::1 - - 200 0 0 116
2018-04-17 05:45:24 ::1 POST /Service1.svc - 49474 - ::1 - - 200 0 0 131
2018-04-17 05:45:24 ::1 POST /Service1.svc - 49474 - ::1 - - 200 0 0 15
2018-04-17 05:45:24 ::1 POST /Service1.svc - 49474 - ::1 - - 200 0 0 55
2018-04-17 05:45:24 ::1 POST /Service1.svc - 49474 - ::1 - - 200 0 0 28
2018-04-17 05:45:53 ::1 POST /Service1.svc - 49474 - ::1 - - 200 0 0 106
2018-04-17 05:46:37 ::1 POST /Service1.svc - 49474 - ::1 - - 200 0 0 74
2018-04-17 05:46:56 ::1 POST /Service1.svc - 49474 - ::1 - - 200 0 0 120
2018-04-17 05:51:21 ::1 POST /Service1.svc - 49474 - ::1 - - 200 0 0 242
2018-04-17 05:51:21 ::1 POST /Service1.svc - 49474 - ::1 - - 200 0 0 285
2018-04-17 05:51:21 ::1 POST /Service1.svc - 49474 - ::1 - - 200 0 0 275
2018-04-17 05:51:21 ::1 POST /Service1.svc - 49474 - ::1 - - 200 0 0 79
2018-04-17 05:51:22 ::1 POST /Service1.svc - 49474 - ::1 - - 200 0 0 135
2018-04-17 05:51:22 ::1 POST /Service1.svc - 49474 - ::1 - - 200 0 0 85
2018-04-17 05:51:26 ::1 POST /Service1.svc - 49474 - ::1 - - 200 0 0 36
2018-04-17 05:51:26 ::1 POST /Service1.svc - 49474 - ::1 - - 200 0 0 38
2018-04-17 05:51:26 ::1 POST /Service1.svc - 49474 - ::1 - - 200 0 0 81
2018-04-17 05:51:26 ::1 POST /Service1.svc - 49474 - ::1 - - 200 0 0 91
2018-04-17 05:51:40 ::1 POST /Service1.svc - 49474 - ::1 - - 200 0 0 141
2018-04-17 05:59:57 ::1 POST /Service1.svc - 49474 - ::1 - - 200 0 0 39
2018-04-17 05:59:57 ::1 POST /Service1.svc - 49474 - ::1 - - 200 0 0 62
2018-04-17 05:59:57 ::1 POST /Service1.svc - 49474 - ::1 - - 200 0 0 45
2018-04-17 05:59:57 ::1 POST /Service1.svc - 49474 - ::1 - - 200 0 0 55
2018-04-17 05:59:57 ::1 POST /Service1.svc - 49474 - ::1 - - 200 0 0 118
2018-04-17 05:59:57 ::1 POST /Service1.svc - 49474 - ::1 - - 200 0 0 132
2018-04-17 06:00:00 ::1 POST /Service1.svc - 49474 - ::1 - - 200 0 0 178
2018-04-17 06:00:00 ::1 POST /Service1.svc - 49474 - ::1 - - 200 0 0 44
2018-04-17 06:00:00 ::1 POST /Service1.svc - 49474 - ::1 - - 200 0 0 183
2018-04-17 06:00:00 ::1 POST /Service1.svc - 49474 - ::1 - - 200 0 0 421
2018-04-17 06:02:30 ::1 POST /Service1.svc - 49474 - ::1 - - 200 0 0 167
2018-04-17 06:02:33 ::1 POST /Service1.svc - 49474 - ::1 - - 200 0 0 148
2018-04-17 06:02:43 ::1 POST /Service1.svc - 49474 - ::1 - - 200 0 0 100
2018-04-17 06:02:46 ::1 POST /Service1.svc - 49474 - ::1 - - 200 0 0 52
2018-04-17 06:03:49 ::1 POST /Service1.svc - 49474 - ::1 - - 200 0 0 58
2018-04-17 06:03:51 ::1 POST /Service1.svc - 49474 - ::1 - - 200 0 0 48
2018-04-17 06:03:54 ::1 POST /Service1.svc - 49474 - ::1 - - 200 0 0 48
2018-04-17 06:10:08 ::1 POST /Service1.svc - 49474 - ::1 - - 200 0 0 33
2018-04-17 06:10:08 ::1 POST /Service1.svc - 49474 - ::1 - - 200 0 0 22
2018-04-17 06:10:08 ::1 POST /Service1.svc - 49474 - ::1 - - 200 0 0 11
2018-04-17 06:10:08 ::1 POST /Service1.svc - 49474 - ::1 - - 200 0 0 12
2018-04-17 06:10:08 ::1 POST /Service1.svc - 49474 - ::1 - - 200 0 0 19
2018-04-17 06:10:31 ::1 POST /Service1.svc - 49474 - ::1 - - 200 0 0 17444
2018-04-17 06:14:00 ::1 POST /Service1.svc - 49474 - ::1 - - 200 0 64 177158
2018-04-17 06:15:07 ::1 POST /Service1.svc - 49474 - ::1 - - 200 0 0 2982
2018-04-17 06:15:07 ::1 POST /Service1.svc - 49474 - ::1 - - 200 0 0 16
2018-04-17 06:15:07 ::1 POST /Service1.svc - 49474 - ::1 - - 200 0 0 14
2018-04-17 06:15:07 ::1 POST /Service1.svc - 49474 - ::1 - - 200 0 0 17
2018-04-17 06:15:07 ::1 POST /Service1.svc - 49474 - ::1 - - 200 0 0 30
2018-04-17 06:15:08 ::1 POST /Service1.svc - 49474 - ::1 - - 200 0 0 89
2018-04-17 06:15:22 ::1 POST /Service1.svc - 49474 - ::1 - - 200 0 0 70
2018-04-17 06:16:20 ::1 POST /Service1.svc - 49474 - ::1 - - 200 0 0 34
2018-04-17 06:16:55 ::1 POST /Service1.svc - 49474 - ::1 - - 200 0 0 130
2018-04-17 06:17:03 ::1 POST /Service1.svc - 49474 - ::1 - - 200 0 0 36
2018-04-17 06:19:55 ::1 POST /Service1.svc - 49474 - ::1 - - 200 0 0 60
2018-04-17 06:19:55 ::1 POST /Service1.svc - 49474 - ::1 - - 200 0 0 27
2018-04-17 06:19:55 ::1 POST /Service1.svc - 49474 - ::1 - - 200 0 0 43
2018-04-17 06:19:55 ::1 POST /Service1.svc - 49474 - ::1 - - 200 0 0 70
2018-04-17 06:20:50 ::1 POST /Service1.svc - 49474 - ::1 - - 200 0 0 53
2018-04-17 06:20:56 ::1 POST /Service1.svc - 49474 - ::1 - - 200 0 0 26
2018-04-17 06:21:00 ::1 POST /Service1.svc - 49474 - ::1 - - 200 0 0 25
2018-04-17 06:22:22 ::1 POST /Service1.svc - 49474 - ::1 - - 200 0 0 38
2018-04-17 06:22:22 ::1 POST /Service1.svc - 49474 - ::1 - - 200 0 0 347
2018-04-17 06:22:33 ::1 POST /Service1.svc - 49474 - ::1 - - 200 0 0 20
2018-04-17 06:22:33 ::1 POST /Service1.svc - 49474 - ::1 - - 200 0 0 29
2018-04-17 06:22:33 ::1 POST /Service1.svc - 49474 - ::1 - - 200 0 0 13
2018-04-17 06:22:33 ::1 POST /Service1.svc - 49474 - ::1 - - 200 0 0 66
2018-04-17 06:22:33 ::1 POST /Service1.svc - 49474 - ::1 - - 200 0 0 31
2018-04-17 06:22:33 ::1 POST /Service1.svc - 49474 - ::1 - - 200 0 0 91
2018-04-17 06:22:41 ::1 POST /Service1.svc - 49474 - ::1 - - 200 0 0 35
2018-04-17 06:22:41 ::1 POST /Service1.svc - 49474 - ::1 - - 200 0 0 59
2018-04-17 06:22:41 ::1 POST /Service1.svc - 49474 - ::1 - - 200 0 0 37
2018-04-17 06:22:41 ::1 POST /Service1.svc - 49474 - ::1 - - 200 0 0 55
2018-04-17 06:23:41 ::1 POST /Service1.svc - 49474 - ::1 - - 200 0 0 97
#Software: Microsoft Internet Information Services 10.0
#Version: 1.0
#Date: 2018-04-17 06:39:28
#Fields: date time s-ip cs-method cs-uri-stem cs-uri-query s-port cs-username c-ip cs(User-Agent) cs(Referer) sc-status sc-substatus sc-win32-status time-taken
2018-04-17 06:39:28 ::1 POST /Service1.svc - 49474 - ::1 - - 200 0 0 107
2018-04-17 06:41:38 ::1 POST /Service1.svc - 49474 - ::1 - - 200 0 0 25
2018-04-17 06:41:38 ::1 POST /Service1.svc - 49474 - ::1 - - 200 0 0 29
2018-04-17 06:41:38 ::1 POST /Service1.svc - 49474 - ::1 - - 200 0 0 349
2018-04-17 06:41:38 ::1 POST /Service1.svc - 49474 - ::1 - - 200 0 0 128
2018-04-17 06:41:38 ::1 POST /Service1.svc - 49474 - ::1 - - 200 0 0 81
2018-04-17 06:41:39 ::1 POST /Service1.svc - 49474 - ::1 - - 200 0 0 97
2018-04-17 06:41:42 ::1 POST /Service1.svc - 49474 - ::1 - - 200 0 0 210
2018-04-17 06:41:42 ::1 POST /Service1.svc - 49474 - ::1 - - 200 0 0 291
2018-04-17 06:41:42 ::1 POST /Service1.svc - 49474 - ::1 - - 200 0 0 116
2018-04-17 06:41:42 ::1 POST /Service1.svc - 49474 - ::1 - - 200 0 0 159
2018-04-17 06:41:48 ::1 POST /Service1.svc - 49474 - ::1 - - 200 0 0 68
2018-04-17 06:41:59 ::1 POST /Service1.svc - 49474 - ::1 - - 200 0 0 102
2018-04-17 06:42:02 ::1 POST /Service1.svc - 49474 - ::1 - - 200 0 0 38
2018-04-17 06:42:32 ::1 POST /Service1.svc - 49474 - ::1 - - 200 0 0 193
2018-04-17 06:42:53 ::1 POST /Service1.svc - 49474 - ::1 - - 200 0 0 361
2018-04-17 06:42:53 ::1 POST /Service1.svc - 49474 - ::1 - - 200 0 0 105
2018-04-17 06:42:53 ::1 POST /Service1.svc - 49474 - ::1 - - 200 0 0 42
2018-04-17 06:42:53 ::1 POST /Service1.svc - 49474 - ::1 - - 200 0 0 52
2018-04-17 06:42:53 ::1 POST /Service1.svc - 49474 - ::1 - - 200 0 0 73
2018-04-17 06:42:53 ::1 POST /Service1.svc - 49474 - ::1 - - 200 0 0 53
2018-04-17 06:42:59 ::1 POST /Service1.svc - 49474 - ::1 - - 200 0 0 204
2018-04-17 06:42:59 ::1 POST /Service1.svc - 49474 - ::1 - - 200 0 0 95
2018-04-17 06:42:59 ::1 POST /Service1.svc - 49474 - ::1 - - 200 0 0 115
2018-04-17 06:42:59 ::1 POST /Service1.svc - 49474 - ::1 - - 200 0 0 111
2018-04-17 06:43:06 ::1 POST /Service1.svc - 49474 - ::1 - - 200 0 0 36
2018-04-17 06:43:31 ::1 POST /Service1.svc - 49474 - ::1 - - 200 0 0 294
2018-04-17 06:43:37 ::1 POST /Service1.svc - 49474 - ::1 - - 200 0 0 167
2018-04-17 06:43:41 ::1 POST /Service1.svc - 49474 - ::1 - - 200 0 0 52
2018-04-17 06:46:06 ::1 POST /Service1.svc - 49474 - ::1 - - 200 0 0 127
2018-04-17 06:46:06 ::1 POST /Service1.svc - 49474 - ::1 - - 200 0 0 21
2018-04-17 06:46:06 ::1 POST /Service1.svc - 49474 - ::1 - - 200 0 0 75
2018-04-17 06:46:06 ::1 POST /Service1.svc - 49474 - ::1 - - 200 0 0 168
2018-04-17 06:46:06 ::1 POST /Service1.svc - 49474 - ::1 - - 200 0 0 46
2018-04-17 06:46:06 ::1 POST /Service1.svc - 49474 - ::1 - - 200 0 0 113
2018-04-17 06:46:11 ::1 POST /Service1.svc - 49474 - ::1 - - 200 0 0 1010
2018-04-17 06:46:11 ::1 POST /Service1.svc - 49474 - ::1 - - 200 0 0 557
2018-04-17 06:46:11 ::1 POST /Service1.svc - 49474 - ::1 - - 200 0 0 321
2018-04-17 06:46:12 ::1 POST /Service1.svc - 49474 - ::1 - - 200 0 0 294
2018-04-17 06:46:22 ::1 POST /Service1.svc - 49474 - ::1 - - 200 0 0 39
2018-04-17 06:46:34 ::1 POST /Service1.svc - 49474 - ::1 - - 200 0 0 44
2018-04-17 06:46:37 ::1 POST /Service1.svc - 49474 - ::1 - - 200 0 0 47
2018-04-17 06:46:42 ::1 POST /Service1.svc - 49474 - ::1 - - 200 0 0 148
2018-04-17 06:49:12 ::1 POST /Service1.svc - 49474 - ::1 - - 200 0 0 237
2018-04-17 06:49:12 ::1 POST /Service1.svc - 49474 - ::1 - - 200 0 0 273
2018-04-17 06:49:12 ::1 POST /Service1.svc - 49474 - ::1 - - 200 0 0 636
2018-04-17 06:49:14 ::1 POST /Service1.svc - 49474 - ::1 - - 200 0 0 36
2018-04-17 06:49:14 ::1 POST /Service1.svc - 49474 - ::1 - - 200 0 0 131
2018-04-17 06:49:14 ::1 POST /Service1.svc - 49474 - ::1 - - 200 0 0 84
2018-04-17 06:49:32 ::1 POST /Service1.svc - 49474 - ::1 - - 200 0 0 94
2018-04-17 06:49:32 ::1 POST /Service1.svc - 49474 - ::1 - - 200 0 0 141
2018-04-17 06:49:32 ::1 POST /Service1.svc - 49474 - ::1 - - 200 0 0 193
2018-04-17 06:49:33 ::1 POST /Service1.svc - 49474 - ::1 - - 200 0 0 714
2018-04-17 06:49:39 ::1 POST /Service1.svc - 49474 - ::1 - - 200 0 0 175
2018-04-17 06:49:54 ::1 POST /Service1.svc - 49474 - ::1 - - 200 0 0 49
2018-04-17 06:55:30 ::1 POST /Service1.svc - 49474 - ::1 - - 200 0 0 206
2018-04-17 06:55:30 ::1 POST /Service1.svc - 49474 - ::1 - - 200 0 0 105
2018-04-17 06:55:30 ::1 POST /Service1.svc - 49474 - ::1 - - 200 0 0 81
2018-04-17 06:55:30 ::1 POST /Service1.svc - 49474 - ::1 - - 200 0 0 378
2018-04-17 06:55:31 ::1 POST /Service1.svc - 49474 - ::1 - - 200 0 0 322
2018-04-17 06:55:31 ::1 POST /Service1.svc - 49474 - ::1 - - 200 0 0 397
2018-04-17 06:55:35 ::1 POST /Service1.svc - 49474 - ::1 - - 200 0 0 48
2018-04-17 06:55:35 ::1 POST /Service1.svc - 49474 - ::1 - - 200 0 0 63
2018-04-17 06:55:35 ::1 POST /Service1.svc - 49474 - ::1 - - 200 0 0 116
2018-04-17 06:55:35 ::1 POST /Service1.svc - 49474 - ::1 - - 200 0 0 69
2018-04-17 06:55:51 ::1 POST /Service1.svc - 49474 - ::1 - - 200 0 0 68
2018-04-17 06:55:58 ::1 POST /Service1.svc - 49474 - ::1 - - 200 0 0 415
#Software: Microsoft Internet Information Services 10.0
#Version: 1.0
#Date: 2018-04-17 07:57:09
#Fields: date time s-ip cs-method cs-uri-stem cs-uri-query s-port cs-username c-ip cs(User-Agent) cs(Referer) sc-status sc-substatus sc-win32-status time-taken
2018-04-17 07:57:09 ::1 POST /Service1.svc - 49474 - ::1 - - 200 0 0 1742
2018-04-17 07:57:09 ::1 POST /Service1.svc - 49474 - ::1 - - 200 0 0 155
2018-04-17 07:57:09 ::1 POST /Service1.svc - 49474 - ::1 - - 200 0 0 176
2018-04-17 07:57:10 ::1 POST /Service1.svc - 49474 - ::1 - - 200 0 0 67
2018-04-17 07:57:10 ::1 POST /Service1.svc - 49474 - ::1 - - 200 0 0 54
2018-04-17 07:57:10 ::1 POST /Service1.svc - 49474 - ::1 - - 200 0 0 68
#Software: Microsoft Internet Information Services 10.0
#Version: 1.0
#Date: 2018-04-17 08:13:03
#Fields: date time s-ip cs-method cs-uri-stem cs-uri-query s-port cs-username c-ip cs(User-Agent) cs(Referer) sc-status sc-substatus sc-win32-status time-taken
2018-04-17 08:13:03 ::1 POST /Service1.svc - 49474 - ::1 - - 200 0 0 458
2018-04-17 08:13:11 ::1 POST /Service1.svc - 49474 - ::1 - - 200 0 0 784
2018-04-17 08:13:19 ::1 POST /Service1.svc - 49474 - ::1 - - 200 0 0 66
2018-04-17 08:13:26 ::1 POST /Service1.svc - 49474 - ::1 - - 200 0 0 429
#Software: Microsoft Internet Information Services 10.0
#Version: 1.0
#Date: 2018-04-17 08:29:58
#Fields: date time s-ip cs-method cs-uri-stem cs-uri-query s-port cs-username c-ip cs(User-Agent) cs(Referer) sc-status sc-substatus sc-win32-status time-taken
2018-04-17 08:29:58 ::1 POST /Service1.svc - 49474 - ::1 - - 200 0 0 1162
2018-04-17 08:30:04 ::1 POST /Service1.svc - 49474 - ::1 - - 200 0 0 407
2018-04-17 08:30:04 ::1 POST /Service1.svc - 49474 - ::1 - - 200 0 0 87
2018-04-17 08:30:04 ::1 POST /Service1.svc - 49474 - ::1 - - 200 0 0 399
2018-04-17 08:30:04 ::1 POST /Service1.svc - 49474 - ::1 - - 200 0 0 64
2018-04-17 08:30:04 ::1 POST /Service1.svc - 49474 - ::1 - - 200 0 0 105
2018-04-17 08:30:04 ::1 POST /Service1.svc - 49474 - ::1 - - 200 0 0 67
2018-04-17 08:30:23 ::1 POST /Service1.svc - 49474 - ::1 - - 200 0 0 219
#Software: Microsoft Internet Information Services 10.0
#Version: 1.0
#Date: 2018-04-17 09:36:10
#Fields: date time s-ip cs-method cs-uri-stem cs-uri-query s-port cs-username c-ip cs(User-Agent) cs(Referer) sc-status sc-substatus sc-win32-status time-taken
2018-04-17 09:36:10 ::1 POST /Service1.svc - 49474 - ::1 - - 200 0 0 261
#Software: Microsoft Internet Information Services 10.0
#Version: 1.0
#Date: 2018-04-17 10:16:10
#Fields: date time s-ip cs-method cs-uri-stem cs-uri-query s-port cs-username c-ip cs(User-Agent) cs(Referer) sc-status sc-substatus sc-win32-status time-taken
2018-04-17 10:16:10 ::1 POST /Service1.svc - 49474 - ::1 - - 200 0 0 112
2018-04-17 10:16:12 ::1 POST /Service1.svc - 49474 - ::1 - - 200 0 0 24
2018-04-17 10:16:17 ::1 POST /Service1.svc - 49474 - ::1 - - 200 0 0 118
2018-04-17 10:16:17 ::1 POST /Service1.svc - 49474 - ::1 - - 200 0 0 319
2018-04-17 10:16:17 ::1 POST /Service1.svc - 49474 - ::1 - - 200 0 0 49
2018-04-17 10:16:19 ::1 POST /Service1.svc - 49474 - ::1 - - 200 0 0 188
2018-04-17 10:16:19 ::1 POST /Service1.svc - 49474 - ::1 - - 200 0 0 46
2018-04-17 10:16:27 ::1 POST /Service1.svc - 49474 - ::1 - - 200 0 0 121
2018-04-17 10:16:31 ::1 POST /Service1.svc - 49474 - ::1 - - 200 0 0 19
2018-04-17 10:20:35 ::1 POST /Service1.svc - 49474 - ::1 - - 200 0 0 166
2018-04-17 10:20:38 ::1 POST /Service1.svc - 49474 - ::1 - - 200 0 0 31
2018-04-17 10:20:40 ::1 POST /Service1.svc - 49474 - ::1 - - 200 0 0 229
2018-04-17 10:20:40 ::1 POST /Service1.svc - 49474 - ::1 - - 200 0 0 503
2018-04-17 10:20:40 ::1 POST /Service1.svc - 49474 - ::1 - - 200 0 0 115
2018-04-17 10:20:41 ::1 POST /Service1.svc - 49474 - ::1 - - 200 0 0 158
#Software: Microsoft Internet Information Services 10.0
#Version: 1.0
#Date: 2018-04-17 10:37:03
#Fields: date time s-ip cs-method cs-uri-stem cs-uri-query s-port cs-username c-ip cs(User-Agent) cs(Referer) sc-status sc-substatus sc-win32-status time-taken
2018-04-17 10:37:03 ::1 POST /Service1.svc - 49474 - ::1 - - 200 0 0 130
2018-04-17 10:37:12 ::1 POST /Service1.svc - 49474 - ::1 - - 200 0 0 74
2018-04-17 10:37:12 ::1 POST /Service1.svc - 49474 - ::1 - - 200 0 0 73
2018-04-17 10:37:12 ::1 POST /Service1.svc - 49474 - ::1 - - 200 0 0 44
2018-04-17 10:37:12 ::1 POST /Service1.svc - 49474 - ::1 - - 200 0 0 25
2018-04-17 10:37:12 ::1 POST /Service1.svc - 49474 - ::1 - - 200 0 0 103
2018-04-17 10:37:12 ::1 POST /Service1.svc - 49474 - ::1 - - 200 0 0 29
2018-04-17 10:37:16 ::1 POST /Service1.svc - 49474 - ::1 - - 200 0 0 555
2018-04-17 10:37:16 ::1 POST /Service1.svc - 49474 - ::1 - - 200 0 0 120
2018-04-17 10:37:16 ::1 POST /Service1.svc - 49474 - ::1 - - 200 0 0 441
2018-04-17 10:37:17 ::1 POST /Service1.svc - 49474 - ::1 - - 200 0 0 349
2018-04-17 10:37:49 ::1 POST /Service1.svc - 49474 - ::1 - - 200 0 0 132
2018-04-17 10:37:52 ::1 POST /Service1.svc - 49474 - ::1 - - 200 0 0 39
2018-04-17 10:37:59 ::1 POST /Service1.svc - 49474 - ::1 - - 200 0 0 159
2018-04-17 10:38:03 ::1 POST /Service1.svc - 49474 - ::1 - - 200 0 0 107
2018-04-17 10:38:08 ::1 POST /Service1.svc - 49474 - ::1 - - 200 0 0 5368
2018-04-17 10:38:11 ::1 POST /Service1.svc - 49474 - ::1 - - 200 0 0 372
2018-04-17 10:38:11 ::1 POST /Service1.svc - 49474 - ::1 - - 200 0 0 150
2018-04-17 10:38:17 ::1 POST /Service1.svc - 49474 - ::1 - - 200 0 0 129
2018-04-17 10:38:20 ::1 POST /Service1.svc - 49474 - ::1 - - 200 0 0 137
2018-04-17 10:38:20 ::1 POST /Service1.svc - 49474 - ::1 - - 200 0 0 70
2018-04-17 10:38:20 ::1 POST /Service1.svc - 49474 - ::1 - - 200 0 0 121
2018-04-17 10:38:20 ::1 POST /Service1.svc - 49474 - ::1 - - 200 0 0 48
2018-04-17 10:38:20 ::1 POST /Service1.svc - 49474 - ::1 - - 200 0 0 27
2018-04-17 10:38:20 ::1 POST /Service1.svc - 49474 - ::1 - - 200 0 0 124
2018-04-17 10:38:51 ::1 POST /Service1.svc - 49474 - ::1 - - 200 0 0 27
2018-04-17 10:38:51 ::1 POST /Service1.svc - 49474 - ::1 - - 200 0 0 21
2018-04-17 10:38:51 ::1 POST /Service1.svc - 49474 - ::1 - - 200 0 0 106
2018-04-17 10:38:51 ::1 POST /Service1.svc - 49474 - ::1 - - 200 0 0 47
2018-04-17 10:39:05 ::1 POST /Service1.svc - 49474 - ::1 - - 200 0 0 70
2018-04-17 10:42:47 ::1 POST /Service1.svc - 49474 - ::1 - - 200 0 0 106
2018-04-17 10:42:51 ::1 POST /Service1.svc - 49474 - ::1 - - 200 0 0 152
2018-04-17 10:42:51 ::1 POST /Service1.svc - 49474 - ::1 - - 200 0 0 34
2018-04-17 10:42:51 ::1 POST /Service1.svc - 49474 - ::1 - - 200 0 0 131
2018-04-17 10:42:51 ::1 POST /Service1.svc - 49474 - ::1 - - 200 0 0 106
2018-04-17 10:42:51 ::1 POST /Service1.svc - 49474 - ::1 - - 200 0 0 256
2018-04-17 10:42:51 ::1 POST /Service1.svc - 49474 - ::1 - - 200 0 0 66
2018-04-17 10:42:54 ::1 POST /Service1.svc - 49474 - ::1 - - 200 0 0 48
2018-04-17 10:42:54 ::1 POST /Service1.svc - 49474 - ::1 - - 200 0 0 66
2018-04-17 10:42:54 ::1 POST /Service1.svc - 49474 - ::1 - - 200 0 0 197
2018-04-17 10:42:54 ::1 POST /Service1.svc - 49474 - ::1 - - 200 0 0 40
2018-04-17 10:43:14 ::1 POST /Service1.svc - 49474 - ::1 - - 200 0 0 251
2018-04-17 10:43:23 ::1 POST /Service1.svc - 49474 - ::1 - - 200 0 0 31
2018-04-17 10:43:28 ::1 POST /Service1.svc - 49474 - ::1 - - 200 0 0 76
2018-04-17 10:43:28 ::1 POST /Service1.svc - 49474 - ::1 - - 200 0 0 147
2018-04-17 10:43:30 ::1 POST /Service1.svc - 49474 - ::1 - - 200 0 0 58
2018-04-17 10:43:30 ::1 POST /Service1.svc - 49474 - ::1 - - 200 0 0 49
2018-04-17 10:43:34 ::1 POST /Service1.svc - 49474 - ::1 - - 200 0 0 38
2018-04-17 10:43:34 ::1 POST /Service1.svc - 49474 - ::1 - - 200 0 0 45
2018-04-17 10:43:34 ::1 POST /Service1.svc - 49474 - ::1 - - 200 0 0 22
2018-04-17 10:43:34 ::1 POST /Service1.svc - 49474 - ::1 - - 200 0 0 12
2018-04-17 10:43:34 ::1 POST /Service1.svc - 49474 - ::1 - - 200 0 0 34
2018-04-17 10:43:34 ::1 POST /Service1.svc - 49474 - ::1 - - 200 0 0 173
2018-04-17 10:43:36 ::1 POST /Service1.svc - 49474 - ::1 - - 200 0 0 40
2018-04-17 10:43:36 ::1 POST /Service1.svc - 49474 - ::1 - - 200 0 0 41
2018-04-17 10:43:36 ::1 POST /Service1.svc - 49474 - ::1 - - 200 0 0 43
2018-04-17 10:43:36 ::1 POST /Service1.svc - 49474 - ::1 - - 200 0 0 79
2018-04-17 10:43:56 ::1 POST /Service1.svc - 49474 - ::1 - - 200 0 0 42
2018-04-17 10:44:06 ::1 POST /Service1.svc - 49474 - ::1 - - 200 0 0 424
2018-04-17 10:44:12 ::1 POST /Service1.svc - 49474 - ::1 - - 200 0 0 92
2018-04-17 10:44:12 ::1 POST /Service1.svc - 49474 - ::1 - - 200 0 0 41
2018-04-17 10:48:41 ::1 POST /Service1.svc - 49474 - ::1 - - 200 0 0 158
2018-04-17 10:48:46 ::1 POST /Service1.svc - 49474 - ::1 - - 200 0 0 114
2018-04-17 10:48:46 ::1 POST /Service1.svc - 49474 - ::1 - - 200 0 0 221
2018-04-17 10:48:46 ::1 POST /Service1.svc - 49474 - ::1 - - 200 0 0 63
2018-04-17 10:48:46 ::1 POST /Service1.svc - 49474 - ::1 - - 200 0 0 71
2018-04-17 10:48:46 ::1 POST /Service1.svc - 49474 - ::1 - - 200 0 0 54
2018-04-17 10:48:46 ::1 POST /Service1.svc - 49474 - ::1 - - 200 0 0 101
2018-04-17 10:48:59 ::1 POST /Service1.svc - 49474 - ::1 - - 200 0 0 169
2018-04-17 10:48:59 ::1 POST /Service1.svc - 49474 - ::1 - - 200 0 0 17
2018-04-17 10:48:59 ::1 POST /Service1.svc - 49474 - ::1 - - 200 0 0 39
2018-04-17 10:48:59 ::1 POST /Service1.svc - 49474 - ::1 - - 200 0 0 74
2018-04-17 10:49:36 ::1 POST /Service1.svc - 49474 - ::1 - - 200 0 0 78
2018-04-17 10:51:15 ::1 POST /Service1.svc - 49474 - ::1 - - 200 0 0 405
2018-04-17 10:51:17 ::1 POST /Service1.svc - 49474 - ::1 - - 200 0 0 104
2018-04-17 10:51:17 ::1 POST /Service1.svc - 49474 - ::1 - - 200 0 0 48
2018-04-17 10:51:17 ::1 POST /Service1.svc - 49474 - ::1 - - 200 0 0 134
2018-04-17 10:51:17 ::1 POST /Service1.svc - 49474 - ::1 - - 200 0 0 201
2018-04-17 10:51:17 ::1 POST /Service1.svc - 49474 - ::1 - - 200 0 0 202
2018-04-17 10:51:17 ::1 POST /Service1.svc - 49474 - ::1 - - 200 0 0 232
2018-04-17 10:51:21 ::1 POST /Service1.svc - 49474 - ::1 - - 200 0 0 166
2018-04-17 10:51:21 ::1 POST /Service1.svc - 49474 - ::1 - - 200 0 0 173
2018-04-17 10:51:21 ::1 POST /Service1.svc - 49474 - ::1 - - 200 0 0 94
2018-04-17 10:51:21 ::1 POST /Service1.svc - 49474 - ::1 - - 200 0 0 201
#Software: Microsoft Internet Information Services 10.0
#Version: 1.0
#Date: 2018-04-17 11:13:10
#Fields: date time s-ip cs-method cs-uri-stem cs-uri-query s-port cs-username c-ip cs(User-Agent) cs(Referer) sc-status sc-substatus sc-win32-status time-taken
2018-04-17 11:13:10 ::1 POST /Service1.svc - 49474 - ::1 - - 200 0 0 330
2018-04-17 11:13:14 ::1 POST /Service1.svc - 49474 - ::1 - - 200 0 0 289
2018-04-17 11:13:14 ::1 POST /Service1.svc - 49474 - ::1 - - 200 0 0 74
2018-04-17 11:13:14 ::1 POST /Service1.svc - 49474 - ::1 - - 200 0 0 44
2018-04-17 11:13:14 ::1 POST /Service1.svc - 49474 - ::1 - - 200 0 0 17
2018-04-17 11:13:15 ::1 POST /Service1.svc - 49474 - ::1 - - 200 0 0 110
2018-04-17 11:13:15 ::1 POST /Service1.svc - 49474 - ::1 - - 200 0 0 83
2018-04-17 11:13:18 ::1 POST /Service1.svc - 49474 - ::1 - - 200 0 0 77
2018-04-17 11:13:18 ::1 POST /Service1.svc - 49474 - ::1 - - 200 0 0 82
2018-04-17 11:13:18 ::1 POST /Service1.svc - 49474 - ::1 - - 200 0 0 111
2018-04-17 11:13:18 ::1 POST /Service1.svc - 49474 - ::1 - - 200 0 0 82
2018-04-17 11:13:30 ::1 POST /Service1.svc - 49474 - ::1 - - 200 0 0 71
2018-04-17 11:13:34 ::1 POST /Service1.svc - 49474 - ::1 - - 200 0 0 78
#Software: Microsoft Internet Information Services 10.0
#Version: 1.0
#Date: 2018-04-17 11:44:26
#Fields: date time s-ip cs-method cs-uri-stem cs-uri-query s-port cs-username c-ip cs(User-Agent) cs(Referer) sc-status sc-substatus sc-win32-status time-taken
2018-04-17 11:44:26 ::1 POST /Service1.svc - 49474 - ::1 - - 200 0 0 102
2018-04-17 11:44:28 ::1 POST /Service1.svc - 49474 - ::1 - - 200 0 0 160
2018-04-17 11:44:28 ::1 POST /Service1.svc - 49474 - ::1 - - 200 0 0 176
2018-04-17 11:44:28 ::1 POST /Service1.svc - 49474 - ::1 - - 200 0 0 94
2018-04-17 11:44:28 ::1 POST /Service1.svc - 49474 - ::1 - - 200 0 0 104
2018-04-17 11:44:28 ::1 POST /Service1.svc - 49474 - ::1 - - 200 0 0 38
2018-04-17 11:44:28 ::1 POST /Service1.svc - 49474 - ::1 - - 200 0 0 39
2018-04-17 11:44:41 ::1 POST /Service1.svc - 49474 - ::1 - - 200 0 0 243
2018-04-17 11:44:41 ::1 POST /Service1.svc - 49474 - ::1 - - 200 0 0 44
2018-04-17 11:44:41 ::1 POST /Service1.svc - 49474 - ::1 - - 200 0 0 128
2018-04-17 11:44:41 ::1 POST /Service1.svc - 49474 - ::1 - - 200 0 0 99
2018-04-17 11:44:49 ::1 POST /Service1.svc - 49474 - ::1 - - 200 0 0 161
2018-04-17 11:45:00 ::1 POST /Service1.svc - 49474 - ::1 - - 200 0 0 45
2018-04-17 11:45:53 ::1 POST /Service1.svc - 49474 - ::1 - - 200 0 0 131
2018-04-17 11:47:01 ::1 POST /Service1.svc - 49474 - ::1 - - 200 0 0 80
2018-04-17 11:47:03 ::1 POST /Service1.svc - 49474 - ::1 - - 200 0 0 114
2018-04-17 11:47:03 ::1 POST /Service1.svc - 49474 - ::1 - - 200 0 0 62
2018-04-17 11:47:03 ::1 POST /Service1.svc - 49474 - ::1 - - 200 0 0 182
2018-04-17 11:47:03 ::1 POST /Service1.svc - 49474 - ::1 - - 200 0 0 53
2018-04-17 11:47:03 ::1 POST /Service1.svc - 49474 - ::1 - - 200 0 0 19
2018-04-17 11:47:03 ::1 POST /Service1.svc - 49474 - ::1 - - 200 0 0 27
2018-04-17 11:47:09 ::1 POST /Service1.svc - 49474 - ::1 - - 200 0 0 100
2018-04-17 11:55:04 ::1 POST /Service1.svc - 49474 - ::1 - - 200 0 0 327
2018-04-17 11:55:08 ::1 POST /Service1.svc - 49474 - ::1 - - 200 0 0 112
2018-04-17 11:55:08 ::1 POST /Service1.svc - 49474 - ::1 - - 200 0 0 414
2018-04-17 11:55:08 ::1 POST /Service1.svc - 49474 - ::1 - - 200 0 0 109
2018-04-17 11:55:08 ::1 POST /Service1.svc - 49474 - ::1 - - 200 0 0 142
2018-04-17 11:55:08 ::1 POST /Service1.svc - 49474 - ::1 - - 200 0 0 90
2018-04-17 11:55:08 ::1 POST /Service1.svc - 49474 - ::1 - - 200 0 0 41
2018-04-17 11:55:11 ::1 POST /Service1.svc - 49474 - ::1 - - 200 0 0 37
2018-04-17 11:55:11 ::1 POST /Service1.svc - 49474 - ::1 - - 200 0 0 45
2018-04-17 11:55:11 ::1 POST /Service1.svc - 49474 - ::1 - - 200 0 0 296
2018-04-17 11:55:11 ::1 POST /Service1.svc - 49474 - ::1 - - 200 0 0 241
2018-04-17 11:55:20 ::1 POST /Service1.svc - 49474 - ::1 - - 200 0 0 133
2018-04-17 11:55:23 ::1 POST /Service1.svc - 49474 - ::1 - - 200 0 0 189
2018-04-17 11:59:25 ::1 POST /Service1.svc - 49474 - ::1 - - 200 0 0 105
2018-04-17 11:59:30 ::1 POST /Service1.svc - 49474 - ::1 - - 200 0 0 26
2018-04-17 12:00:14 ::1 POST /Service1.svc - 49474 - ::1 - - 200 0 0 103
2018-04-17 12:00:18 ::1 POST /Service1.svc - 49474 - ::1 - - 200 0 0 55
2018-04-17 12:00:43 ::1 POST /Service1.svc - 49474 - ::1 - - 200 0 0 79
2018-04-17 12:00:45 ::1 POST /Service1.svc - 49474 - ::1 - - 200 0 0 22
2018-04-17 12:00:45 ::1 POST /Service1.svc - 49474 - ::1 - - 200 0 0 66
2018-04-17 12:00:45 ::1 POST /Service1.svc - 49474 - ::1 - - 200 0 0 35
2018-04-17 12:00:45 ::1 POST /Service1.svc - 49474 - ::1 - - 200 0 0 17
2018-04-17 12:00:45 ::1 POST /Service1.svc - 49474 - ::1 - - 200 0 0 222
2018-04-17 12:00:45 ::1 POST /Service1.svc - 49474 - ::1 - - 200 0 0 51
2018-04-17 12:00:50 ::1 POST /Service1.svc - 49474 - ::1 - - 200 0 0 63
2018-04-17 12:00:52 ::1 POST /Service1.svc - 49474 - ::1 - - 200 0 0 26
2018-04-17 12:00:52 ::1 POST /Service1.svc - 49474 - ::1 - - 200 0 0 23
2018-04-17 12:00:52 ::1 POST /Service1.svc - 49474 - ::1 - - 200 0 0 26
2018-04-17 12:00:52 ::1 POST /Service1.svc - 49474 - ::1 - - 200 0 0 82
2018-04-17 12:01:04 ::1 POST /Service1.svc - 49474 - ::1 - - 200 0 0 117
2018-04-17 12:02:55 ::1 POST /Service1.svc - 49474 - ::1 - - 200 0 0 204
2018-04-17 12:02:57 ::1 POST /Service1.svc - 49474 - ::1 - - 200 0 0 57
2018-04-17 12:02:57 ::1 POST /Service1.svc - 49474 - ::1 - - 200 0 0 294
2018-04-17 12:02:57 ::1 POST /Service1.svc - 49474 - ::1 - - 200 0 0 680
2018-04-17 12:02:58 ::1 POST /Service1.svc - 49474 - ::1 - - 200 0 0 64
2018-04-17 12:02:59 ::1 POST /Service1.svc - 49474 - ::1 - - 200 0 0 1085
2018-04-17 12:02:59 ::1 POST /Service1.svc - 49474 - ::1 - - 200 0 0 562
2018-04-17 12:03:02 ::1 POST /Service1.svc - 49474 - ::1 - - 200 0 0 42
2018-04-17 12:03:02 ::1 POST /Service1.svc - 49474 - ::1 - - 200 0 0 188
2018-04-17 12:03:02 ::1 POST /Service1.svc - 49474 - ::1 - - 200 0 0 154
2018-04-17 12:03:02 ::1 POST /Service1.svc - 49474 - ::1 - - 200 0 0 414
2018-04-17 12:03:14 ::1 POST /Service1.svc - 49474 - ::1 - - 200 0 0 33
2018-04-17 12:03:17 ::1 POST /Service1.svc - 49474 - ::1 - - 200 0 0 434
2018-04-17 12:04:04 ::1 POST /Service1.svc - 49474 - ::1 - - 200 0 0 38
2018-04-17 12:04:08 ::1 POST /Service1.svc - 49474 - ::1 - - 200 0 0 313
2018-04-17 12:17:43 ::1 POST /Service1.svc - 49474 - ::1 - - 200 0 0 44
2018-04-17 12:21:54 ::1 POST /Service1.svc - 49474 - ::1 - - 200 0 0 31
2018-04-17 12:21:59 ::1 POST /Service1.svc - 49474 - ::1 - - 200 0 0 43
2018-04-17 12:21:59 ::1 POST /Service1.svc - 49474 - ::1 - - 200 0 0 52
2018-04-17 12:21:59 ::1 POST /Service1.svc - 49474 - ::1 - - 200 0 0 43
2018-04-17 12:21:59 ::1 POST /Service1.svc - 49474 - ::1 - - 200 0 0 11
2018-04-17 12:21:59 ::1 POST /Service1.svc - 49474 - ::1 - - 200 0 0 26
2018-04-17 12:21:59 ::1 POST /Service1.svc - 49474 - ::1 - - 200 0 0 47
2018-04-17 12:22:01 ::1 POST /Service1.svc - 49474 - ::1 - - 200 0 0 55
2018-04-17 12:22:01 ::1 POST /Service1.svc - 49474 - ::1 - - 200 0 0 15
2018-04-17 12:22:01 ::1 POST /Service1.svc - 49474 - ::1 - - 200 0 0 68
2018-04-17 12:22:01 ::1 POST /Service1.svc - 49474 - ::1 - - 200 0 0 22
2018-04-17 12:22:09 ::1 POST /Service1.svc - 49474 - ::1 - - 200 0 0 61
2018-04-17 12:22:12 ::1 POST /Service1.svc - 49474 - ::1 - - 200 0 0 25
2018-04-17 12:23:19 ::1 POST /Service1.svc - 49474 - ::1 - - 200 0 0 32
