#Software: Microsoft Internet Information Services 10.0
#Version: 1.0
#Date: 2018-06-12 04:14:37
#Fields: date time s-ip cs-method cs-uri-stem cs-uri-query s-port cs-username c-ip cs(User-Agent) cs(Referer) sc-status sc-substatus sc-win32-status time-taken
2018-06-12 04:14:37 ::1 POST /Service1.svc - 49474 - ::1 - - 415 0 0 15973
2018-06-12 04:14:37 ::1 POST /Service1.svc/mex - 49474 - ::1 - - 415 0 0 7
2018-06-12 04:14:43 ::1 GET /Service1.svc - 49474 - ::1 Mozilla/4.0+(compatible;+MSIE+6.0;+MS+Web+Services+Client+Protocol+4.0.30319.42000) - 200 0 0 5656
2018-06-12 04:14:43 ::1 GET /Service1.svc disco 49474 - ::1 Mozilla/4.0+(compatible;+MSIE+6.0;+MS+Web+Services+Client+Protocol+4.0.30319.42000) - 200 0 0 39
2018-06-12 04:14:43 ::1 GET /Service1.svc wsdl 49474 - ::1 Mozilla/4.0+(compatible;+MSIE+6.0;+MS+Web+Services+Client+Protocol+4.0.30319.42000) - 200 0 0 138
2018-06-12 04:14:45 ::1 GET /Service1.svc xsd=xsd0 49474 - ::1 Mozilla/4.0+(compatible;+MSIE+6.0;+MS+Web+Services+Client+Protocol+4.0.30319.42000) - 200 0 0 1137
2018-06-12 04:14:45 ::1 GET /Service1.svc xsd=xsd2 49474 - ::1 Mozilla/4.0+(compatible;+MSIE+6.0;+MS+Web+Services+Client+Protocol+4.0.30319.42000) - 200 0 0 10
2018-06-12 04:14:45 ::1 GET /Service1.svc xsd=xsd3 49474 - ::1 Mozilla/4.0+(compatible;+MSIE+6.0;+MS+Web+Services+Client+Protocol+4.0.30319.42000) - 200 0 0 11
2018-06-12 04:14:45 ::1 GET /Service1.svc xsd=xsd1 49474 - ::1 Mozilla/4.0+(compatible;+MSIE+6.0;+MS+Web+Services+Client+Protocol+4.0.30319.42000) - 200 0 0 15
#Software: Microsoft Internet Information Services 10.0
#Version: 1.0
#Date: 2018-06-12 07:11:40
#Fields: date time s-ip cs-method cs-uri-stem cs-uri-query s-port cs-username c-ip cs(User-Agent) cs(Referer) sc-status sc-substatus sc-win32-status time-taken
2018-06-12 07:11:40 ::1 POST /Service1.svc - 49474 - ::1 - - 415 0 0 58957
2018-06-12 07:11:40 ::1 POST /Service1.svc/mex - 49474 - ::1 - - 415 0 0 28
2018-06-12 07:11:48 ::1 GET /Service1.svc - 49474 - ::1 Mozilla/4.0+(compatible;+MSIE+6.0;+MS+Web+Services+Client+Protocol+4.0.30319.42000) - 200 0 0 6614
2018-06-12 07:11:48 ::1 GET /Service1.svc disco 49474 - ::1 Mozilla/4.0+(compatible;+MSIE+6.0;+MS+Web+Services+Client+Protocol+4.0.30319.42000) - 200 0 0 25
2018-06-12 07:11:48 ::1 GET /Service1.svc wsdl 49474 - ::1 Mozilla/4.0+(compatible;+MSIE+6.0;+MS+Web+Services+Client+Protocol+4.0.30319.42000) - 200 0 0 332
2018-06-12 07:11:54 ::1 GET /Service1.svc xsd=xsd0 49474 - ::1 Mozilla/4.0+(compatible;+MSIE+6.0;+MS+Web+Services+Client+Protocol+4.0.30319.42000) - 200 0 0 4996
2018-06-12 07:11:54 ::1 GET /Service1.svc xsd=xsd2 49474 - ::1 Mozilla/4.0+(compatible;+MSIE+6.0;+MS+Web+Services+Client+Protocol+4.0.30319.42000) - 200 0 0 10
2018-06-12 07:11:54 ::1 GET /Service1.svc xsd=xsd3 49474 - ::1 Mozilla/4.0+(compatible;+MSIE+6.0;+MS+Web+Services+Client+Protocol+4.0.30319.42000) - 200 0 0 29
2018-06-12 07:11:54 ::1 GET /Service1.svc xsd=xsd1 49474 - ::1 Mozilla/4.0+(compatible;+MSIE+6.0;+MS+Web+Services+Client+Protocol+4.0.30319.42000) - 200 0 0 16
#Software: Microsoft Internet Information Services 10.0
#Version: 1.0
#Date: 2018-06-12 09:11:05
#Fields: date time s-ip cs-method cs-uri-stem cs-uri-query s-port cs-username c-ip cs(User-Agent) cs(Referer) sc-status sc-substatus sc-win32-status time-taken
2018-06-12 09:11:05 ::1 POST /Service1.svc - 49474 - ::1 - - 415 0 0 34424
2018-06-12 09:11:05 ::1 POST /Service1.svc/mex - 49474 - ::1 - - 415 0 0 9
2018-06-12 09:11:11 ::1 GET /Service1.svc - 49474 - ::1 Mozilla/4.0+(compatible;+MSIE+6.0;+MS+Web+Services+Client+Protocol+4.0.30319.42000) - 200 0 0 5286
2018-06-12 09:11:11 ::1 GET /Service1.svc disco 49474 - ::1 Mozilla/4.0+(compatible;+MSIE+6.0;+MS+Web+Services+Client+Protocol+4.0.30319.42000) - 200 0 0 19
2018-06-12 09:11:11 ::1 GET /Service1.svc wsdl 49474 - ::1 Mozilla/4.0+(compatible;+MSIE+6.0;+MS+Web+Services+Client+Protocol+4.0.30319.42000) - 200 0 0 120
2018-06-12 09:11:12 ::1 GET /Service1.svc xsd=xsd0 49474 - ::1 Mozilla/4.0+(compatible;+MSIE+6.0;+MS+Web+Services+Client+Protocol+4.0.30319.42000) - 200 0 0 1114
2018-06-12 09:11:12 ::1 GET /Service1.svc xsd=xsd2 49474 - ::1 Mozilla/4.0+(compatible;+MSIE+6.0;+MS+Web+Services+Client+Protocol+4.0.30319.42000) - 200 0 0 6
2018-06-12 09:11:12 ::1 GET /Service1.svc xsd=xsd3 49474 - ::1 Mozilla/4.0+(compatible;+MSIE+6.0;+MS+Web+Services+Client+Protocol+4.0.30319.42000) - 200 0 0 5
2018-06-12 09:11:12 ::1 GET /Service1.svc xsd=xsd1 49474 - ::1 Mozilla/4.0+(compatible;+MSIE+6.0;+MS+Web+Services+Client+Protocol+4.0.30319.42000) - 200 0 0 13
2018-06-12 09:14:02 ::1 POST /Service1.svc - 49474 - ::1 - - 200 0 0 15433
2018-06-12 09:14:02 ::1 POST /Service1.svc - 49474 - ::1 - - 200 0 0 73
2018-06-12 09:14:02 ::1 POST /Service1.svc - 49474 - ::1 - - 200 0 0 83
#Software: Microsoft Internet Information Services 10.0
#Version: 1.0
#Date: 2018-06-12 09:15:21
#Fields: date time s-ip cs-method cs-uri-stem cs-uri-query s-port cs-username c-ip cs(User-Agent) cs(Referer) sc-status sc-substatus sc-win32-status time-taken
2018-06-12 09:15:21 ::1 POST /Service1.svc - 49474 - ::1 - - 415 0 0 23501
2018-06-12 09:15:21 ::1 POST /Service1.svc/mex - 49474 - ::1 - - 415 0 0 17
2018-06-12 09:15:26 ::1 GET /Service1.svc - 49474 - ::1 Mozilla/4.0+(compatible;+MSIE+6.0;+MS+Web+Services+Client+Protocol+4.0.30319.42000) - 200 0 0 4812
2018-06-12 09:15:26 ::1 GET /Service1.svc disco 49474 - ::1 Mozilla/4.0+(compatible;+MSIE+6.0;+MS+Web+Services+Client+Protocol+4.0.30319.42000) - 200 0 0 41
2018-06-12 09:15:26 ::1 GET /Service1.svc wsdl 49474 - ::1 Mozilla/4.0+(compatible;+MSIE+6.0;+MS+Web+Services+Client+Protocol+4.0.30319.42000) - 200 0 0 431
2018-06-12 09:15:31 ::1 GET /Service1.svc xsd=xsd0 49474 - ::1 Mozilla/4.0+(compatible;+MSIE+6.0;+MS+Web+Services+Client+Protocol+4.0.30319.42000) - 200 0 0 3809
2018-06-12 09:15:31 ::1 GET /Service1.svc xsd=xsd2 49474 - ::1 Mozilla/4.0+(compatible;+MSIE+6.0;+MS+Web+Services+Client+Protocol+4.0.30319.42000) - 200 0 0 71
2018-06-12 09:15:31 ::1 GET /Service1.svc xsd=xsd3 49474 - ::1 Mozilla/4.0+(compatible;+MSIE+6.0;+MS+Web+Services+Client+Protocol+4.0.30319.42000) - 200 0 0 11
2018-06-12 09:15:31 ::1 GET /Service1.svc xsd=xsd1 49474 - ::1 Mozilla/4.0+(compatible;+MSIE+6.0;+MS+Web+Services+Client+Protocol+4.0.30319.42000) - 200 0 0 14
#Software: Microsoft Internet Information Services 10.0
#Version: 1.0
#Date: 2018-06-12 09:20:28
#Fields: date time s-ip cs-method cs-uri-stem cs-uri-query s-port cs-username c-ip cs(User-Agent) cs(Referer) sc-status sc-substatus sc-win32-status time-taken
2018-06-12 09:20:28 ::1 POST /Service1.svc - 49474 - ::1 - - 415 0 0 6798
2018-06-12 09:20:28 ::1 POST /Service1.svc/mex - 49474 - ::1 - - 415 0 0 7
2018-06-12 09:20:32 ::1 GET /Service1.svc - 49474 - ::1 Mozilla/4.0+(compatible;+MSIE+6.0;+MS+Web+Services+Client+Protocol+4.0.30319.42000) - 200 0 0 3957
2018-06-12 09:20:32 ::1 GET /Service1.svc disco 49474 - ::1 Mozilla/4.0+(compatible;+MSIE+6.0;+MS+Web+Services+Client+Protocol+4.0.30319.42000) - 200 0 0 34
2018-06-12 09:20:32 ::1 GET /Service1.svc wsdl 49474 - ::1 Mozilla/4.0+(compatible;+MSIE+6.0;+MS+Web+Services+Client+Protocol+4.0.30319.42000) - 200 0 0 525
2018-06-12 09:20:34 ::1 GET /Service1.svc xsd=xsd0 49474 - ::1 Mozilla/4.0+(compatible;+MSIE+6.0;+MS+Web+Services+Client+Protocol+4.0.30319.42000) - 200 0 0 1003
2018-06-12 09:20:34 ::1 GET /Service1.svc xsd=xsd2 49474 - ::1 Mozilla/4.0+(compatible;+MSIE+6.0;+MS+Web+Services+Client+Protocol+4.0.30319.42000) - 200 0 0 9
2018-06-12 09:20:34 ::1 GET /Service1.svc xsd=xsd3 49474 - ::1 Mozilla/4.0+(compatible;+MSIE+6.0;+MS+Web+Services+Client+Protocol+4.0.30319.42000) - 200 0 0 11
2018-06-12 09:20:34 ::1 GET /Service1.svc xsd=xsd1 49474 - ::1 Mozilla/4.0+(compatible;+MSIE+6.0;+MS+Web+Services+Client+Protocol+4.0.30319.42000) - 200 0 0 18
2018-06-12 09:21:11 ::1 POST /Service1.svc - 49474 - ::1 - - 200 0 0 2127
2018-06-12 09:21:11 ::1 POST /Service1.svc - 49474 - ::1 - - 200 0 0 581
2018-06-12 09:21:13 ::1 POST /Service1.svc - 49474 - ::1 - - 200 0 0 577
2018-06-12 09:21:13 ::1 POST /Service1.svc - 49474 - ::1 - - 200 0 0 388
2018-06-12 09:21:13 ::1 POST /Service1.svc - 49474 - ::1 - - 200 0 0 56
2018-06-12 09:21:13 ::1 POST /Service1.svc - 49474 - ::1 - - 200 0 0 20
2018-06-12 09:21:13 ::1 POST /Service1.svc - 49474 - ::1 - - 200 0 0 66
2018-06-12 09:21:13 ::1 POST /Service1.svc - 49474 - ::1 - - 200 0 0 106
2018-06-12 09:21:13 ::1 POST /Service1.svc - 49474 - ::1 - - 200 0 0 43
2018-06-12 09:21:13 ::1 POST /Service1.svc - 49474 - ::1 - - 200 0 0 65
2018-06-12 09:21:13 ::1 POST /Service1.svc - 49474 - ::1 - - 200 0 0 46
2018-06-12 09:21:13 ::1 POST /Service1.svc - 49474 - ::1 - - 200 0 0 46
2018-06-12 09:21:13 ::1 POST /Service1.svc - 49474 - ::1 - - 200 0 0 46
2018-06-12 09:21:14 ::1 POST /Service1.svc - 49474 - ::1 - - 200 0 0 80
2018-06-12 09:21:14 ::1 POST /Service1.svc - 49474 - ::1 - - 200 0 0 22
2018-06-12 09:21:14 ::1 POST /Service1.svc - 49474 - ::1 - - 200 0 0 16
2018-06-12 09:21:14 ::1 POST /Service1.svc - 49474 - ::1 - - 200 0 0 15
2018-06-12 09:21:25 ::1 POST /Service1.svc - 49474 - ::1 - - 200 0 0 20
2018-06-12 09:21:25 ::1 POST /Service1.svc - 49474 - ::1 - - 200 0 0 14
2018-06-12 09:21:25 ::1 POST /Service1.svc - 49474 - ::1 - - 200 0 0 20
2018-06-12 09:21:25 ::1 POST /Service1.svc - 49474 - ::1 - - 200 0 0 21
2018-06-12 09:21:25 ::1 POST /Service1.svc - 49474 - ::1 - - 200 0 0 37
2018-06-12 09:21:25 ::1 POST /Service1.svc - 49474 - ::1 - - 200 0 0 15
2018-06-12 09:21:25 ::1 POST /Service1.svc - 49474 - ::1 - - 200 0 0 15
2018-06-12 09:21:25 ::1 POST /Service1.svc - 49474 - ::1 - - 200 0 0 17
2018-06-12 09:21:25 ::1 POST /Service1.svc - 49474 - ::1 - - 200 0 0 202
2018-06-12 09:21:25 ::1 POST /Service1.svc - 49474 - ::1 - - 200 0 0 25
2018-06-12 09:21:25 ::1 POST /Service1.svc - 49474 - ::1 - - 200 0 0 20
2018-06-12 09:21:25 ::1 POST /Service1.svc - 49474 - ::1 - - 200 0 0 85
2018-06-12 09:21:25 ::1 POST /Service1.svc - 49474 - ::1 - - 200 0 0 83
2018-06-12 09:21:25 ::1 POST /Service1.svc - 49474 - ::1 - - 200 0 0 33
2018-06-12 09:21:25 ::1 POST /Service1.svc - 49474 - ::1 - - 200 0 0 48
2018-06-12 09:21:25 ::1 POST /Service1.svc - 49474 - ::1 - - 200 0 0 151
2018-06-12 09:21:25 ::1 POST /Service1.svc - 49474 - ::1 - - 200 0 0 42
2018-06-12 09:21:28 ::1 POST /Service1.svc - 49474 - ::1 - - 200 0 0 606
2018-06-12 09:21:28 ::1 POST /Service1.svc - 49474 - ::1 - - 200 0 0 468
2018-06-12 09:21:28 ::1 POST /Service1.svc - 49474 - ::1 - - 200 0 0 48
2018-06-12 09:21:28 ::1 POST /Service1.svc - 49474 - ::1 - - 200 0 0 25
2018-06-12 09:21:30 ::1 POST /Service1.svc - 49474 - ::1 - - 200 0 0 18
2018-06-12 09:21:30 ::1 POST /Service1.svc - 49474 - ::1 - - 200 0 0 14
2018-06-12 09:21:30 ::1 POST /Service1.svc - 49474 - ::1 - - 200 0 0 32
2018-06-12 09:21:30 ::1 POST /Service1.svc - 49474 - ::1 - - 200 0 0 20
2018-06-12 09:21:30 ::1 POST /Service1.svc - 49474 - ::1 - - 200 0 0 107
2018-06-12 09:21:30 ::1 POST /Service1.svc - 49474 - ::1 - - 200 0 0 83
2018-06-12 09:21:30 ::1 POST /Service1.svc - 49474 - ::1 - - 200 0 0 20
2018-06-12 09:21:30 ::1 POST /Service1.svc - 49474 - ::1 - - 200 0 0 34
2018-06-12 09:21:30 ::1 POST /Service1.svc - 49474 - ::1 - - 200 0 0 17
2018-06-12 09:21:30 ::1 POST /Service1.svc - 49474 - ::1 - - 200 0 0 167
2018-06-12 09:21:30 ::1 POST /Service1.svc - 49474 - ::1 - - 200 0 0 29
2018-06-12 09:21:30 ::1 POST /Service1.svc - 49474 - ::1 - - 200 0 0 20
2018-06-12 09:21:30 ::1 POST /Service1.svc - 49474 - ::1 - - 200 0 0 29
2018-06-12 09:21:30 ::1 POST /Service1.svc - 49474 - ::1 - - 200 0 0 39
2018-06-12 09:21:30 ::1 POST /Service1.svc - 49474 - ::1 - - 200 0 0 87
2018-06-12 09:21:30 ::1 POST /Service1.svc - 49474 - ::1 - - 200 0 0 93
2018-06-12 09:21:30 ::1 POST /Service1.svc - 49474 - ::1 - - 200 0 0 36
2018-06-12 09:21:30 ::1 POST /Service1.svc - 49474 - ::1 - - 200 0 0 56
2018-06-12 09:21:32 ::1 POST /Service1.svc - 49474 - ::1 - - 200 0 0 140
2018-06-12 09:21:32 ::1 POST /Service1.svc - 49474 - ::1 - - 200 0 0 41
2018-06-12 09:21:32 ::1 POST /Service1.svc - 49474 - ::1 - - 200 0 0 67
2018-06-12 09:21:32 ::1 POST /Service1.svc - 49474 - ::1 - - 200 0 0 64
2018-06-12 09:21:32 ::1 POST /Service1.svc - 49474 - ::1 - - 200 0 0 73
2018-06-12 09:21:32 ::1 POST /Service1.svc - 49474 - ::1 - - 200 0 0 14
2018-06-12 09:21:32 ::1 POST /Service1.svc - 49474 - ::1 - - 200 0 0 22
2018-06-12 09:21:32 ::1 POST /Service1.svc - 49474 - ::1 - - 200 0 0 33
2018-06-12 09:21:32 ::1 POST /Service1.svc - 49474 - ::1 - - 200 0 0 149
2018-06-12 09:21:32 ::1 POST /Service1.svc - 49474 - ::1 - - 200 0 0 99
2018-06-12 09:21:32 ::1 POST /Service1.svc - 49474 - ::1 - - 200 0 0 73
2018-06-12 09:21:32 ::1 POST /Service1.svc - 49474 - ::1 - - 200 0 0 78
2018-06-12 09:21:32 ::1 POST /Service1.svc - 49474 - ::1 - - 200 0 0 28
2018-06-12 09:21:32 ::1 POST /Service1.svc - 49474 - ::1 - - 200 0 0 30
2018-06-12 09:21:32 ::1 POST /Service1.svc - 49474 - ::1 - - 200 0 0 19
2018-06-12 09:21:32 ::1 POST /Service1.svc - 49474 - ::1 - - 200 0 0 16
2018-06-12 09:21:33 ::1 POST /Service1.svc - 49474 - ::1 - - 200 0 0 236
2018-06-12 09:21:33 ::1 POST /Service1.svc - 49474 - ::1 - - 200 0 0 245
2018-06-12 09:21:33 ::1 POST /Service1.svc - 49474 - ::1 - - 200 0 0 137
2018-06-12 09:21:37 ::1 POST /Service1.svc - 49474 - ::1 - - 200 0 0 47
2018-06-12 09:21:37 ::1 POST /Service1.svc - 49474 - ::1 - - 200 0 0 53
2018-06-12 09:21:37 ::1 POST /Service1.svc - 49474 - ::1 - - 200 0 0 17
2018-06-12 09:21:37 ::1 POST /Service1.svc - 49474 - ::1 - - 200 0 0 31
2018-06-12 09:21:37 ::1 POST /Service1.svc - 49474 - ::1 - - 200 0 0 22
2018-06-12 09:21:37 ::1 POST /Service1.svc - 49474 - ::1 - - 200 0 0 19
2018-06-12 09:21:37 ::1 POST /Service1.svc - 49474 - ::1 - - 200 0 0 59
2018-06-12 09:21:37 ::1 POST /Service1.svc - 49474 - ::1 - - 200 0 0 46
2018-06-12 09:21:37 ::1 POST /Service1.svc - 49474 - ::1 - - 200 0 0 31
2018-06-12 09:21:37 ::1 POST /Service1.svc - 49474 - ::1 - - 200 0 0 39
2018-06-12 09:21:37 ::1 POST /Service1.svc - 49474 - ::1 - - 200 0 0 129
2018-06-12 09:21:37 ::1 POST /Service1.svc - 49474 - ::1 - - 200 0 0 93
2018-06-12 09:21:37 ::1 POST /Service1.svc - 49474 - ::1 - - 200 0 0 35
2018-06-12 09:21:37 ::1 POST /Service1.svc - 49474 - ::1 - - 200 0 0 33
2018-06-12 09:21:37 ::1 POST /Service1.svc - 49474 - ::1 - - 200 0 0 59
2018-06-12 09:21:37 ::1 POST /Service1.svc - 49474 - ::1 - - 200 0 0 100
2018-06-12 09:21:38 ::1 POST /Service1.svc - 49474 - ::1 - - 200 0 0 63
2018-06-12 09:21:38 ::1 POST /Service1.svc - 49474 - ::1 - - 200 0 0 159
2018-06-12 09:21:38 ::1 POST /Service1.svc - 49474 - ::1 - - 200 0 0 75
2018-06-12 09:21:38 ::1 POST /Service1.svc - 49474 - ::1 - - 200 0 0 116
2018-06-12 09:21:38 ::1 POST /Service1.svc - 49474 - ::1 - - 200 0 0 104
2018-06-12 09:21:40 ::1 POST /Service1.svc - 49474 - ::1 - - 200 0 0 50
2018-06-12 09:21:40 ::1 POST /Service1.svc - 49474 - ::1 - - 200 0 0 71
2018-06-12 09:21:40 ::1 POST /Service1.svc - 49474 - ::1 - - 200 0 0 96
2018-06-12 09:21:40 ::1 POST /Service1.svc - 49474 - ::1 - - 200 0 0 80
2018-06-12 09:21:40 ::1 POST /Service1.svc - 49474 - ::1 - - 200 0 0 85
2018-06-12 09:21:40 ::1 POST /Service1.svc - 49474 - ::1 - - 200 0 0 45
2018-06-12 09:21:40 ::1 POST /Service1.svc - 49474 - ::1 - - 200 0 0 52
2018-06-12 09:21:40 ::1 POST /Service1.svc - 49474 - ::1 - - 200 0 0 51
2018-06-12 09:21:40 ::1 POST /Service1.svc - 49474 - ::1 - - 200 0 0 97
2018-06-12 09:21:40 ::1 POST /Service1.svc - 49474 - ::1 - - 200 0 0 50
2018-06-12 09:21:40 ::1 POST /Service1.svc - 49474 - ::1 - - 200 0 0 57
2018-06-12 09:21:40 ::1 POST /Service1.svc - 49474 - ::1 - - 200 0 0 151
2018-06-12 09:21:40 ::1 POST /Service1.svc - 49474 - ::1 - - 200 0 0 59
2018-06-12 09:21:40 ::1 POST /Service1.svc - 49474 - ::1 - - 200 0 0 49
2018-06-12 09:21:41 ::1 POST /Service1.svc - 49474 - ::1 - - 200 0 0 114
2018-06-12 09:21:41 ::1 POST /Service1.svc - 49474 - ::1 - - 200 0 0 67
2018-06-12 09:21:41 ::1 POST /Service1.svc - 49474 - ::1 - - 200 0 0 37
2018-06-12 09:32:31 ::1 POST /Service1.svc - 49474 - ::1 - - 200 0 0 159
2018-06-12 09:32:31 ::1 POST /Service1.svc - 49474 - ::1 - - 200 0 0 18
2018-06-12 09:32:31 ::1 POST /Service1.svc - 49474 - ::1 - - 200 0 0 27
2018-06-12 09:32:31 ::1 POST /Service1.svc - 49474 - ::1 - - 200 0 0 53
2018-06-12 09:32:31 ::1 POST /Service1.svc - 49474 - ::1 - - 200 0 0 27
2018-06-12 09:32:31 ::1 POST /Service1.svc - 49474 - ::1 - - 200 0 0 121
2018-06-12 09:32:31 ::1 POST /Service1.svc - 49474 - ::1 - - 200 0 0 200
2018-06-12 09:32:31 ::1 POST /Service1.svc - 49474 - ::1 - - 200 0 0 49
2018-06-12 09:32:32 ::1 POST /Service1.svc - 49474 - ::1 - - 200 0 0 67
2018-06-12 09:32:32 ::1 POST /Service1.svc - 49474 - ::1 - - 200 0 0 35
2018-06-12 09:32:32 ::1 POST /Service1.svc - 49474 - ::1 - - 200 0 0 181
2018-06-12 09:32:32 ::1 POST /Service1.svc - 49474 - ::1 - - 200 0 0 71
2018-06-12 09:32:32 ::1 POST /Service1.svc - 49474 - ::1 - - 200 0 0 45
2018-06-12 09:32:32 ::1 POST /Service1.svc - 49474 - ::1 - - 200 0 0 75
2018-06-12 09:32:32 ::1 POST /Service1.svc - 49474 - ::1 - - 200 0 0 54
2018-06-12 09:32:32 ::1 POST /Service1.svc - 49474 - ::1 - - 200 0 0 42
2018-06-12 09:32:32 ::1 POST /Service1.svc - 49474 - ::1 - - 200 0 0 92
2018-06-12 09:32:45 ::1 POST /Service1.svc - 49474 - ::1 - - 200 0 0 74
2018-06-12 09:32:47 ::1 POST /Service1.svc - 49474 - ::1 - - 200 0 0 34
2018-06-12 09:32:47 ::1 POST /Service1.svc - 49474 - ::1 - - 200 0 0 77
2018-06-12 09:32:47 ::1 POST /Service1.svc - 49474 - ::1 - - 200 0 0 110
2018-06-12 09:32:47 ::1 POST /Service1.svc - 49474 - ::1 - - 200 0 0 23
2018-06-12 09:32:47 ::1 POST /Service1.svc - 49474 - ::1 - - 200 0 0 196
2018-06-12 09:32:47 ::1 POST /Service1.svc - 49474 - ::1 - - 200 0 0 131
2018-06-12 09:32:47 ::1 POST /Service1.svc - 49474 - ::1 - - 200 0 0 274
2018-06-12 09:32:47 ::1 POST /Service1.svc - 49474 - ::1 - - 200 0 0 40
2018-06-12 09:32:47 ::1 POST /Service1.svc - 49474 - ::1 - - 200 0 0 20
2018-06-12 09:32:47 ::1 POST /Service1.svc - 49474 - ::1 - - 200 0 0 49
2018-06-12 09:32:47 ::1 POST /Service1.svc - 49474 - ::1 - - 200 0 0 40
2018-06-12 09:32:48 ::1 POST /Service1.svc - 49474 - ::1 - - 200 0 0 127
2018-06-12 09:32:48 ::1 POST /Service1.svc - 49474 - ::1 - - 200 0 0 31
2018-06-12 09:32:48 ::1 POST /Service1.svc - 49474 - ::1 - - 200 0 0 200
2018-06-12 09:39:37 ::1 POST /Service1.svc - 49474 - ::1 - - 200 0 0 33
2018-06-12 09:39:37 ::1 POST /Service1.svc - 49474 - ::1 - - 200 0 0 59
2018-06-12 09:39:37 ::1 POST /Service1.svc - 49474 - ::1 - - 200 0 0 28
2018-06-12 09:39:37 ::1 POST /Service1.svc - 49474 - ::1 - - 200 0 0 58
2018-06-12 09:39:37 ::1 POST /Service1.svc - 49474 - ::1 - - 200 0 0 203
2018-06-12 09:39:37 ::1 POST /Service1.svc - 49474 - ::1 - - 200 0 0 221
2018-06-12 09:39:38 ::1 POST /Service1.svc - 49474 - ::1 - - 200 0 0 245
2018-06-12 09:39:38 ::1 POST /Service1.svc - 49474 - ::1 - - 200 0 0 45
2018-06-12 09:39:38 ::1 POST /Service1.svc - 49474 - ::1 - - 200 0 0 62
2018-06-12 09:39:38 ::1 POST /Service1.svc - 49474 - ::1 - - 200 0 0 19
2018-06-12 09:39:38 ::1 POST /Service1.svc - 49474 - ::1 - - 200 0 0 160
2018-06-12 09:39:38 ::1 POST /Service1.svc - 49474 - ::1 - - 200 0 0 47
2018-06-12 09:39:38 ::1 POST /Service1.svc - 49474 - ::1 - - 200 0 0 37
2018-06-12 09:39:38 ::1 POST /Service1.svc - 49474 - ::1 - - 200 0 0 72
2018-06-12 09:39:38 ::1 POST /Service1.svc - 49474 - ::1 - - 200 0 0 59
2018-06-12 09:39:38 ::1 POST /Service1.svc - 49474 - ::1 - - 200 0 0 49
2018-06-12 09:39:38 ::1 POST /Service1.svc - 49474 - ::1 - - 200 0 0 107
2018-06-12 09:47:21 ::1 POST /Service1.svc - 49474 - ::1 - - 200 0 0 29
2018-06-12 09:47:21 ::1 POST /Service1.svc - 49474 - ::1 - - 200 0 0 20
2018-06-12 09:47:21 ::1 POST /Service1.svc - 49474 - ::1 - - 200 0 0 24
2018-06-12 09:47:21 ::1 POST /Service1.svc - 49474 - ::1 - - 200 0 0 72
2018-06-12 09:47:21 ::1 POST /Service1.svc - 49474 - ::1 - - 200 0 0 44
2018-06-12 09:47:21 ::1 POST /Service1.svc - 49474 - ::1 - - 200 0 0 41
2018-06-12 09:47:21 ::1 POST /Service1.svc - 49474 - ::1 - - 200 0 0 155
2018-06-12 09:47:21 ::1 POST /Service1.svc - 49474 - ::1 - - 200 0 0 20
2018-06-12 09:47:21 ::1 POST /Service1.svc - 49474 - ::1 - - 200 0 0 30
2018-06-12 09:47:21 ::1 POST /Service1.svc - 49474 - ::1 - - 200 0 0 20
2018-06-12 09:47:21 ::1 POST /Service1.svc - 49474 - ::1 - - 200 0 0 20
2018-06-12 09:47:21 ::1 POST /Service1.svc - 49474 - ::1 - - 200 0 0 22
2018-06-12 09:47:21 ::1 POST /Service1.svc - 49474 - ::1 - - 200 0 0 102
2018-06-12 09:47:21 ::1 POST /Service1.svc - 49474 - ::1 - - 200 0 0 39
2018-06-12 09:47:21 ::1 POST /Service1.svc - 49474 - ::1 - - 200 0 0 75
2018-06-12 09:47:21 ::1 POST /Service1.svc - 49474 - ::1 - - 200 0 0 40
2018-06-12 09:47:21 ::1 POST /Service1.svc - 49474 - ::1 - - 200 0 0 68
2018-06-12 09:56:19 ::1 POST /Service1.svc - 49474 - ::1 - - 200 0 0 62
2018-06-12 09:56:19 ::1 POST /Service1.svc - 49474 - ::1 - - 200 0 0 36
2018-06-12 09:56:19 ::1 POST /Service1.svc - 49474 - ::1 - - 200 0 0 36
2018-06-12 09:56:19 ::1 POST /Service1.svc - 49474 - ::1 - - 200 0 0 40
2018-06-12 09:56:19 ::1 POST /Service1.svc - 49474 - ::1 - - 200 0 0 18
2018-06-12 09:56:19 ::1 POST /Service1.svc - 49474 - ::1 - - 200 0 0 49
2018-06-12 09:56:19 ::1 POST /Service1.svc - 49474 - ::1 - - 200 0 0 57
2018-06-12 09:56:19 ::1 POST /Service1.svc - 49474 - ::1 - - 200 0 0 35
2018-06-12 09:56:19 ::1 POST /Service1.svc - 49474 - ::1 - - 200 0 0 78
2018-06-12 09:56:19 ::1 POST /Service1.svc - 49474 - ::1 - - 200 0 0 35
2018-06-12 09:56:19 ::1 POST /Service1.svc - 49474 - ::1 - - 200 0 0 167
2018-06-12 09:56:19 ::1 POST /Service1.svc - 49474 - ::1 - - 200 0 0 50
2018-06-12 09:56:19 ::1 POST /Service1.svc - 49474 - ::1 - - 200 0 0 42
2018-06-12 09:56:19 ::1 POST /Service1.svc - 49474 - ::1 - - 200 0 0 26
2018-06-12 09:56:21 ::1 POST /Service1.svc - 49474 - ::1 - - 200 0 0 176
2018-06-12 09:56:21 ::1 POST /Service1.svc - 49474 - ::1 - - 200 0 0 34
2018-06-12 09:56:21 ::1 POST /Service1.svc - 49474 - ::1 - - 200 0 0 22
2018-06-12 09:56:53 ::1 POST /Service1.svc - 49474 - ::1 - - 200 0 0 48
2018-06-12 09:56:55 ::1 POST /Service1.svc - 49474 - ::1 - - 200 0 0 21
2018-06-12 09:56:55 ::1 POST /Service1.svc - 49474 - ::1 - - 200 0 0 22
2018-06-12 09:56:55 ::1 POST /Service1.svc - 49474 - ::1 - - 200 0 0 20
2018-06-12 09:56:55 ::1 POST /Service1.svc - 49474 - ::1 - - 200 0 0 47
2018-06-12 09:56:55 ::1 POST /Service1.svc - 49474 - ::1 - - 200 0 0 31
2018-06-12 09:56:55 ::1 POST /Service1.svc - 49474 - ::1 - - 200 0 0 15
2018-06-12 09:56:55 ::1 POST /Service1.svc - 49474 - ::1 - - 200 0 0 13
2018-06-12 09:56:55 ::1 POST /Service1.svc - 49474 - ::1 - - 200 0 0 12
2018-06-12 09:56:55 ::1 POST /Service1.svc - 49474 - ::1 - - 200 0 0 69
2018-06-12 09:56:55 ::1 POST /Service1.svc - 49474 - ::1 - - 200 0 0 22
2018-06-12 09:56:55 ::1 POST /Service1.svc - 49474 - ::1 - - 200 0 0 31
2018-06-12 09:56:55 ::1 POST /Service1.svc - 49474 - ::1 - - 200 0 0 96
2018-06-12 09:56:55 ::1 POST /Service1.svc - 49474 - ::1 - - 200 0 0 26
2018-06-12 09:56:55 ::1 POST /Service1.svc - 49474 - ::1 - - 200 0 0 40
2018-06-12 09:56:59 ::1 POST /Service1.svc - 49474 - ::1 - - 200 0 0 14
2018-06-12 09:57:02 ::1 POST /Service1.svc - 49474 - ::1 - - 200 0 0 166
2018-06-12 09:57:02 ::1 POST /Service1.svc - 49474 - ::1 - - 200 0 0 30
2018-06-12 09:57:03 ::1 POST /Service1.svc - 49474 - ::1 - - 200 0 0 12
2018-06-12 09:57:03 ::1 POST /Service1.svc - 49474 - ::1 - - 200 0 0 46
2018-06-12 09:57:03 ::1 POST /Service1.svc - 49474 - ::1 - - 200 0 0 16
2018-06-12 09:57:03 ::1 POST /Service1.svc - 49474 - ::1 - - 200 0 0 21
2018-06-12 09:57:03 ::1 POST /Service1.svc - 49474 - ::1 - - 200 0 0 43
2018-06-12 09:57:03 ::1 POST /Service1.svc - 49474 - ::1 - - 200 0 0 29
2018-06-12 09:57:03 ::1 POST /Service1.svc - 49474 - ::1 - - 200 0 0 13
2018-06-12 09:57:03 ::1 POST /Service1.svc - 49474 - ::1 - - 200 0 0 15
2018-06-12 09:57:03 ::1 POST /Service1.svc - 49474 - ::1 - - 200 0 0 20
2018-06-12 09:57:03 ::1 POST /Service1.svc - 49474 - ::1 - - 200 0 0 76
2018-06-12 09:57:03 ::1 POST /Service1.svc - 49474 - ::1 - - 200 0 0 19
2018-06-12 09:57:03 ::1 POST /Service1.svc - 49474 - ::1 - - 200 0 0 54
2018-06-12 09:57:03 ::1 POST /Service1.svc - 49474 - ::1 - - 200 0 0 23
2018-06-12 09:57:03 ::1 POST /Service1.svc - 49474 - ::1 - - 200 0 0 18
2018-06-12 09:57:03 ::1 POST /Service1.svc - 49474 - ::1 - - 200 0 0 19
2018-06-12 09:57:03 ::1 POST /Service1.svc - 49474 - ::1 - - 200 0 0 14
2018-06-12 09:57:03 ::1 POST /Service1.svc - 49474 - ::1 - - 200 0 0 17
2018-06-12 09:57:03 ::1 POST /Service1.svc - 49474 - ::1 - - 200 0 0 19
2018-06-12 09:57:03 ::1 POST /Service1.svc - 49474 - ::1 - - 200 0 0 143
2018-06-12 09:57:03 ::1 POST /Service1.svc - 49474 - ::1 - - 200 0 0 13
2018-06-12 09:57:04 ::1 POST /Service1.svc - 49474 - ::1 - - 200 0 0 48
2018-06-12 09:57:04 ::1 POST /Service1.svc - 49474 - ::1 - - 200 0 0 20
2018-06-12 09:57:04 ::1 POST /Service1.svc - 49474 - ::1 - - 200 0 0 13
2018-06-12 09:57:04 ::1 POST /Service1.svc - 49474 - ::1 - - 200 0 0 12
2018-06-12 09:57:04 ::1 POST /Service1.svc - 49474 - ::1 - - 200 0 0 14
2018-06-12 09:57:04 ::1 POST /Service1.svc - 49474 - ::1 - - 200 0 0 44
2018-06-12 09:57:04 ::1 POST /Service1.svc - 49474 - ::1 - - 200 0 0 14
2018-06-12 09:57:04 ::1 POST /Service1.svc - 49474 - ::1 - - 200 0 0 27
2018-06-12 09:57:04 ::1 POST /Service1.svc - 49474 - ::1 - - 200 0 0 26
2018-06-12 09:57:04 ::1 POST /Service1.svc - 49474 - ::1 - - 200 0 0 23
2018-06-12 09:57:04 ::1 POST /Service1.svc - 49474 - ::1 - - 200 0 0 22
2018-06-12 09:57:04 ::1 POST /Service1.svc - 49474 - ::1 - - 200 0 0 17
2018-06-12 09:58:46 ::1 POST /Service1.svc - 49474 - ::1 - - 200 0 0 22
2018-06-12 09:58:46 ::1 POST /Service1.svc - 49474 - ::1 - - 200 0 0 32
2018-06-12 09:58:46 ::1 POST /Service1.svc - 49474 - ::1 - - 200 0 0 94
2018-06-12 09:58:46 ::1 POST /Service1.svc - 49474 - ::1 - - 200 0 0 18
2018-06-12 09:58:46 ::1 POST /Service1.svc - 49474 - ::1 - - 200 0 0 16
2018-06-12 09:58:46 ::1 POST /Service1.svc - 49474 - ::1 - - 200 0 0 96
2018-06-12 09:58:46 ::1 POST /Service1.svc - 49474 - ::1 - - 200 0 0 43
2018-06-12 09:58:46 ::1 POST /Service1.svc - 49474 - ::1 - - 200 0 0 27
2018-06-12 09:58:46 ::1 POST /Service1.svc - 49474 - ::1 - - 200 0 0 23
2018-06-12 09:58:46 ::1 POST /Service1.svc - 49474 - ::1 - - 200 0 0 13
2018-06-12 09:58:46 ::1 POST /Service1.svc - 49474 - ::1 - - 200 0 0 17
2018-06-12 09:58:46 ::1 POST /Service1.svc - 49474 - ::1 - - 200 0 0 14
2018-06-12 09:58:46 ::1 POST /Service1.svc - 49474 - ::1 - - 200 0 0 23
2018-06-12 09:58:46 ::1 POST /Service1.svc - 49474 - ::1 - - 200 0 0 116
2018-06-12 09:58:46 ::1 POST /Service1.svc - 49474 - ::1 - - 200 0 0 44
2018-06-12 09:58:46 ::1 POST /Service1.svc - 49474 - ::1 - - 200 0 0 109
2018-06-12 09:58:46 ::1 POST /Service1.svc - 49474 - ::1 - - 200 0 0 25
2018-06-12 10:04:32 ::1 POST /Service1.svc - 49474 - ::1 - - 200 0 0 70
2018-06-12 10:04:32 ::1 POST /Service1.svc - 49474 - ::1 - - 200 0 0 29
2018-06-12 10:04:32 ::1 POST /Service1.svc - 49474 - ::1 - - 200 0 0 56
2018-06-12 10:04:32 ::1 POST /Service1.svc - 49474 - ::1 - - 200 0 0 53
2018-06-12 10:04:32 ::1 POST /Service1.svc - 49474 - ::1 - - 200 0 0 19
2018-06-12 10:04:32 ::1 POST /Service1.svc - 49474 - ::1 - - 200 0 0 107
2018-06-12 10:04:32 ::1 POST /Service1.svc - 49474 - ::1 - - 200 0 0 124
2018-06-12 10:04:32 ::1 POST /Service1.svc - 49474 - ::1 - - 200 0 0 22
2018-06-12 10:04:32 ::1 POST /Service1.svc - 49474 - ::1 - - 200 0 0 101
2018-06-12 10:04:32 ::1 POST /Service1.svc - 49474 - ::1 - - 200 0 0 41
2018-06-12 10:04:33 ::1 POST /Service1.svc - 49474 - ::1 - - 200 0 0 103
2018-06-12 10:04:33 ::1 POST /Service1.svc - 49474 - ::1 - - 200 0 0 48
2018-06-12 10:04:33 ::1 POST /Service1.svc - 49474 - ::1 - - 200 0 0 59
2018-06-12 10:04:33 ::1 POST /Service1.svc - 49474 - ::1 - - 200 0 0 83
2018-06-12 10:04:33 ::1 POST /Service1.svc - 49474 - ::1 - - 200 0 0 34
2018-06-12 10:04:33 ::1 POST /Service1.svc - 49474 - ::1 - - 200 0 0 104
2018-06-12 10:04:33 ::1 POST /Service1.svc - 49474 - ::1 - - 200 0 0 165
2018-06-12 10:14:52 ::1 POST /Service1.svc - 49474 - ::1 - - 200 0 0 60
2018-06-12 10:14:52 ::1 POST /Service1.svc - 49474 - ::1 - - 200 0 0 65
2018-06-12 10:14:52 ::1 POST /Service1.svc - 49474 - ::1 - - 200 0 0 39
2018-06-12 10:14:52 ::1 POST /Service1.svc - 49474 - ::1 - - 200 0 0 35
2018-06-12 10:14:52 ::1 POST /Service1.svc - 49474 - ::1 - - 200 0 0 85
2018-06-12 10:14:52 ::1 POST /Service1.svc - 49474 - ::1 - - 200 0 0 104
2018-06-12 10:14:52 ::1 POST /Service1.svc - 49474 - ::1 - - 200 0 0 44
2018-06-12 10:14:52 ::1 POST /Service1.svc - 49474 - ::1 - - 200 0 0 166
2018-06-12 10:14:52 ::1 POST /Service1.svc - 49474 - ::1 - - 200 0 0 50
2018-06-12 10:14:52 ::1 POST /Service1.svc - 49474 - ::1 - - 200 0 0 14
2018-06-12 10:14:52 ::1 POST /Service1.svc - 49474 - ::1 - - 200 0 0 18
2018-06-12 10:14:52 ::1 POST /Service1.svc - 49474 - ::1 - - 200 0 0 172
2018-06-12 10:14:53 ::1 POST /Service1.svc - 49474 - ::1 - - 200 0 0 67
2018-06-12 10:14:53 ::1 POST /Service1.svc - 49474 - ::1 - - 200 0 0 70
2018-06-12 10:14:53 ::1 POST /Service1.svc - 49474 - ::1 - - 200 0 0 69
2018-06-12 10:14:53 ::1 POST /Service1.svc - 49474 - ::1 - - 200 0 0 77
2018-06-12 10:14:53 ::1 POST /Service1.svc - 49474 - ::1 - - 200 0 0 68
2018-06-12 10:16:53 ::1 POST /Service1.svc - 49474 - ::1 - - 200 0 0 58
2018-06-12 10:16:53 ::1 POST /Service1.svc - 49474 - ::1 - - 200 0 0 108
2018-06-12 10:16:53 ::1 POST /Service1.svc - 49474 - ::1 - - 200 0 0 47
2018-06-12 10:16:53 ::1 POST /Service1.svc - 49474 - ::1 - - 200 0 0 43
2018-06-12 10:16:53 ::1 POST /Service1.svc - 49474 - ::1 - - 200 0 0 229
2018-06-12 10:16:53 ::1 POST /Service1.svc - 49474 - ::1 - - 200 0 0 161
2018-06-12 10:16:53 ::1 POST /Service1.svc - 49474 - ::1 - - 200 0 0 60
2018-06-12 10:16:53 ::1 POST /Service1.svc - 49474 - ::1 - - 200 0 0 54
2018-06-12 10:16:53 ::1 POST /Service1.svc - 49474 - ::1 - - 200 0 0 27
2018-06-12 10:16:53 ::1 POST /Service1.svc - 49474 - ::1 - - 200 0 0 138
2018-06-12 10:16:55 ::1 POST /Service1.svc - 49474 - ::1 - - 200 0 0 222
2018-06-12 10:16:55 ::1 POST /Service1.svc - 49474 - ::1 - - 200 0 0 284
2018-06-12 10:16:55 ::1 POST /Service1.svc - 49474 - ::1 - - 200 0 0 289
2018-06-12 10:16:55 ::1 POST /Service1.svc - 49474 - ::1 - - 200 0 0 63
2018-06-12 10:16:55 ::1 POST /Service1.svc - 49474 - ::1 - - 200 0 0 105
2018-06-12 10:16:55 ::1 POST /Service1.svc - 49474 - ::1 - - 200 0 0 73
2018-06-12 10:16:55 ::1 POST /Service1.svc - 49474 - ::1 - - 200 0 0 133
2018-06-12 10:19:29 ::1 POST /Service1.svc - 49474 - ::1 - - 200 0 0 29
2018-06-12 10:19:29 ::1 POST /Service1.svc - 49474 - ::1 - - 200 0 0 30
2018-06-12 10:19:29 ::1 POST /Service1.svc - 49474 - ::1 - - 200 0 0 129
2018-06-12 10:19:29 ::1 POST /Service1.svc - 49474 - ::1 - - 200 0 0 69
2018-06-12 10:19:29 ::1 POST /Service1.svc - 49474 - ::1 - - 200 0 0 104
2018-06-12 10:19:29 ::1 POST /Service1.svc - 49474 - ::1 - - 200 0 0 142
2018-06-12 10:19:29 ::1 POST /Service1.svc - 49474 - ::1 - - 200 0 0 80
2018-06-12 10:19:29 ::1 POST /Service1.svc - 49474 - ::1 - - 200 0 0 45
2018-06-12 10:19:29 ::1 POST /Service1.svc - 49474 - ::1 - - 200 0 0 109
2018-06-12 10:19:30 ::1 POST /Service1.svc - 49474 - ::1 - - 200 0 0 58
2018-06-12 10:19:30 ::1 POST /Service1.svc - 49474 - ::1 - - 200 0 0 177
2018-06-12 10:19:30 ::1 POST /Service1.svc - 49474 - ::1 - - 200 0 0 25
2018-06-12 10:19:30 ::1 POST /Service1.svc - 49474 - ::1 - - 200 0 0 22
2018-06-12 10:19:30 ::1 POST /Service1.svc - 49474 - ::1 - - 200 0 0 261
2018-06-12 10:19:30 ::1 POST /Service1.svc - 49474 - ::1 - - 200 0 0 54
2018-06-12 10:19:30 ::1 POST /Service1.svc - 49474 - ::1 - - 200 0 0 67
2018-06-12 10:19:30 ::1 POST /Service1.svc - 49474 - ::1 - - 200 0 0 118
2018-06-12 10:22:32 ::1 POST /Service1.svc - 49474 - ::1 - - 200 0 0 29
2018-06-12 10:22:32 ::1 POST /Service1.svc - 49474 - ::1 - - 200 0 0 17
2018-06-12 10:22:32 ::1 POST /Service1.svc - 49474 - ::1 - - 200 0 0 26
2018-06-12 10:22:32 ::1 POST /Service1.svc - 49474 - ::1 - - 200 0 0 40
2018-06-12 10:22:32 ::1 POST /Service1.svc - 49474 - ::1 - - 200 0 0 40
2018-06-12 10:22:32 ::1 POST /Service1.svc - 49474 - ::1 - - 200 0 0 43
2018-06-12 10:22:32 ::1 POST /Service1.svc - 49474 - ::1 - - 200 0 0 52
2018-06-12 10:22:32 ::1 POST /Service1.svc - 49474 - ::1 - - 200 0 0 28
2018-06-12 10:22:32 ::1 POST /Service1.svc - 49474 - ::1 - - 200 0 0 24
2018-06-12 10:22:32 ::1 POST /Service1.svc - 49474 - ::1 - - 200 0 0 57
2018-06-12 10:22:32 ::1 POST /Service1.svc - 49474 - ::1 - - 200 0 0 153
2018-06-12 10:22:32 ::1 POST /Service1.svc - 49474 - ::1 - - 200 0 0 16
2018-06-12 10:22:32 ::1 POST /Service1.svc - 49474 - ::1 - - 200 0 0 13
2018-06-12 10:22:32 ::1 POST /Service1.svc - 49474 - ::1 - - 200 0 0 18
2018-06-12 10:22:32 ::1 POST /Service1.svc - 49474 - ::1 - - 200 0 0 13
2018-06-12 10:22:33 ::1 POST /Service1.svc - 49474 - ::1 - - 200 0 0 365
2018-06-12 10:22:33 ::1 POST /Service1.svc - 49474 - ::1 - - 200 0 0 152
2018-06-12 10:24:53 ::1 POST /Service1.svc - 49474 - ::1 - - 200 0 0 59
2018-06-12 10:24:53 ::1 POST /Service1.svc - 49474 - ::1 - - 200 0 0 114
2018-06-12 10:24:53 ::1 POST /Service1.svc - 49474 - ::1 - - 200 0 0 59
2018-06-12 10:24:53 ::1 POST /Service1.svc - 49474 - ::1 - - 200 0 0 96
2018-06-12 10:24:53 ::1 POST /Service1.svc - 49474 - ::1 - - 200 0 0 54
2018-06-12 10:24:53 ::1 POST /Service1.svc - 49474 - ::1 - - 200 0 0 149
2018-06-12 10:24:53 ::1 POST /Service1.svc - 49474 - ::1 - - 200 0 0 62
2018-06-12 10:24:53 ::1 POST /Service1.svc - 49474 - ::1 - - 200 0 0 49
2018-06-12 10:24:53 ::1 POST /Service1.svc - 49474 - ::1 - - 200 0 0 102
2018-06-12 10:24:53 ::1 POST /Service1.svc - 49474 - ::1 - - 200 0 0 40
2018-06-12 10:24:53 ::1 POST /Service1.svc - 49474 - ::1 - - 200 0 0 139
2018-06-12 10:24:54 ::1 POST /Service1.svc - 49474 - ::1 - - 200 0 0 102
2018-06-12 10:24:54 ::1 POST /Service1.svc - 49474 - ::1 - - 200 0 0 26
2018-06-12 10:24:54 ::1 POST /Service1.svc - 49474 - ::1 - - 200 0 0 145
2018-06-12 10:24:54 ::1 POST /Service1.svc - 49474 - ::1 - - 200 0 0 59
2018-06-12 10:24:54 ::1 POST /Service1.svc - 49474 - ::1 - - 200 0 0 32
2018-06-12 10:24:54 ::1 POST /Service1.svc - 49474 - ::1 - - 200 0 0 124
#Software: Microsoft Internet Information Services 10.0
#Version: 1.0
#Date: 2018-06-12 11:15:26
#Fields: date time s-ip cs-method cs-uri-stem cs-uri-query s-port cs-username c-ip cs(User-Agent) cs(Referer) sc-status sc-substatus sc-win32-status time-taken
2018-06-12 11:15:25 ::1 POST /Service1.svc - 49474 - ::1 - - 200 0 0 5329
2018-06-12 11:15:27 ::1 POST /Service1.svc - 49474 - ::1 - - 200 0 0 905
2018-06-12 11:15:27 ::1 POST /Service1.svc - 49474 - ::1 - - 200 0 0 602
2018-06-12 11:15:28 ::1 POST /Service1.svc - 49474 - ::1 - - 200 0 0 327
2018-06-12 11:15:28 ::1 POST /Service1.svc - 49474 - ::1 - - 200 0 0 122
2018-06-12 11:15:28 ::1 POST /Service1.svc - 49474 - ::1 - - 200 0 0 27
2018-06-12 11:15:28 ::1 POST /Service1.svc - 49474 - ::1 - - 200 0 0 42
2018-06-12 11:15:28 ::1 POST /Service1.svc - 49474 - ::1 - - 200 0 0 149
2018-06-12 11:15:28 ::1 POST /Service1.svc - 49474 - ::1 - - 200 0 0 248
2018-06-12 11:15:28 ::1 POST /Service1.svc - 49474 - ::1 - - 200 0 0 80
2018-06-12 11:15:28 ::1 POST /Service1.svc - 49474 - ::1 - - 200 0 0 185
2018-06-12 11:15:28 ::1 POST /Service1.svc - 49474 - ::1 - - 200 0 0 53
2018-06-12 11:15:29 ::1 POST /Service1.svc - 49474 - ::1 - - 200 0 0 111
2018-06-12 11:15:29 ::1 POST /Service1.svc - 49474 - ::1 - - 200 0 0 211
2018-06-12 11:15:29 ::1 POST /Service1.svc - 49474 - ::1 - - 200 0 0 176
2018-06-12 11:15:29 ::1 POST /Service1.svc - 49474 - ::1 - - 200 0 0 152
2018-06-12 11:15:29 ::1 POST /Service1.svc - 49474 - ::1 - - 200 0 0 117
#Software: Microsoft Internet Information Services 10.0
#Version: 1.0
#Date: 2018-06-12 11:31:15
#Fields: date time s-ip cs-method cs-uri-stem cs-uri-query s-port cs-username c-ip cs(User-Agent) cs(Referer) sc-status sc-substatus sc-win32-status time-taken
2018-06-12 11:31:15 ::1 POST /Service1.svc - 49474 - ::1 - - 200 0 0 176
2018-06-12 11:31:15 ::1 POST /Service1.svc - 49474 - ::1 - - 200 0 0 120
2018-06-12 11:31:15 ::1 POST /Service1.svc - 49474 - ::1 - - 200 0 0 128
2018-06-12 11:31:16 ::1 POST /Service1.svc - 49474 - ::1 - - 200 0 0 220
2018-06-12 11:31:16 ::1 POST /Service1.svc - 49474 - ::1 - - 200 0 0 216
2018-06-12 11:31:16 ::1 POST /Service1.svc - 49474 - ::1 - - 200 0 0 143
2018-06-12 11:31:16 ::1 POST /Service1.svc - 49474 - ::1 - - 200 0 0 92
2018-06-12 11:31:16 ::1 POST /Service1.svc - 49474 - ::1 - - 200 0 0 50
2018-06-12 11:31:16 ::1 POST /Service1.svc - 49474 - ::1 - - 200 0 0 94
2018-06-12 11:31:16 ::1 POST /Service1.svc - 49474 - ::1 - - 200 0 0 39
2018-06-12 11:31:16 ::1 POST /Service1.svc - 49474 - ::1 - - 200 0 0 149
2018-06-12 11:31:16 ::1 POST /Service1.svc - 49474 - ::1 - - 200 0 0 31
2018-06-12 11:31:16 ::1 POST /Service1.svc - 49474 - ::1 - - 200 0 0 20
2018-06-12 11:31:16 ::1 POST /Service1.svc - 49474 - ::1 - - 200 0 0 29
2018-06-12 11:31:16 ::1 POST /Service1.svc - 49474 - ::1 - - 200 0 0 49
2018-06-12 11:31:18 ::1 POST /Service1.svc - 49474 - ::1 - - 200 0 0 227
2018-06-12 11:31:18 ::1 POST /Service1.svc - 49474 - ::1 - - 200 0 0 272
2018-06-12 11:34:40 ::1 POST /Service1.svc - 49474 - ::1 - - 200 0 0 103
2018-06-12 11:34:40 ::1 POST /Service1.svc - 49474 - ::1 - - 200 0 0 116
2018-06-12 11:34:40 ::1 POST /Service1.svc - 49474 - ::1 - - 200 0 0 59
2018-06-12 11:34:40 ::1 POST /Service1.svc - 49474 - ::1 - - 200 0 0 42
2018-06-12 11:34:40 ::1 POST /Service1.svc - 49474 - ::1 - - 200 0 0 40
2018-06-12 11:34:40 ::1 POST /Service1.svc - 49474 - ::1 - - 200 0 0 19
2018-06-12 11:34:41 ::1 POST /Service1.svc - 49474 - ::1 - - 200 0 0 102
2018-06-12 11:34:41 ::1 POST /Service1.svc - 49474 - ::1 - - 200 0 0 187
2018-06-12 11:34:41 ::1 POST /Service1.svc - 49474 - ::1 - - 200 0 0 107
2018-06-12 11:34:41 ::1 POST /Service1.svc - 49474 - ::1 - - 200 0 0 57
2018-06-12 11:34:41 ::1 POST /Service1.svc - 49474 - ::1 - - 200 0 0 56
2018-06-12 11:34:41 ::1 POST /Service1.svc - 49474 - ::1 - - 200 0 0 22
2018-06-12 11:34:41 ::1 POST /Service1.svc - 49474 - ::1 - - 200 0 0 110
2018-06-12 11:34:41 ::1 POST /Service1.svc - 49474 - ::1 - - 200 0 0 182
2018-06-12 11:34:41 ::1 POST /Service1.svc - 49474 - ::1 - - 200 0 0 31
2018-06-12 11:34:41 ::1 POST /Service1.svc - 49474 - ::1 - - 200 0 0 190
2018-06-12 11:34:42 ::1 POST /Service1.svc - 49474 - ::1 - - 200 0 0 53
#Software: Microsoft Internet Information Services 10.0
#Version: 1.0
#Date: 2018-06-12 12:09:12
#Fields: date time s-ip cs-method cs-uri-stem cs-uri-query s-port cs-username c-ip cs(User-Agent) cs(Referer) sc-status sc-substatus sc-win32-status time-taken
2018-06-12 12:09:12 ::1 POST /Service1.svc - 49474 - ::1 - - 200 0 0 16485
2018-06-12 12:09:17 ::1 POST /Service1.svc - 49474 - ::1 - - 200 0 0 3768
2018-06-12 12:09:18 ::1 POST /Service1.svc - 49474 - ::1 - - 200 0 0 1179
2018-06-12 12:09:19 ::1 POST /Service1.svc - 49474 - ::1 - - 200 0 0 1174
2018-06-12 12:09:19 ::1 POST /Service1.svc - 49474 - ::1 - - 200 0 0 41
2018-06-12 12:09:19 ::1 POST /Service1.svc - 49474 - ::1 - - 200 0 0 62
2018-06-12 12:09:19 ::1 POST /Service1.svc - 49474 - ::1 - - 200 0 0 150
2018-06-12 12:09:19 ::1 POST /Service1.svc - 49474 - ::1 - - 200 0 0 88
2018-06-12 12:09:19 ::1 POST /Service1.svc - 49474 - ::1 - - 200 0 0 93
2018-06-12 12:09:19 ::1 POST /Service1.svc - 49474 - ::1 - - 200 0 0 165
2018-06-12 12:09:19 ::1 POST /Service1.svc - 49474 - ::1 - - 200 0 0 166
2018-06-12 12:09:19 ::1 POST /Service1.svc - 49474 - ::1 - - 200 0 0 136
2018-06-12 12:09:20 ::1 POST /Service1.svc - 49474 - ::1 - - 200 0 0 91
2018-06-12 12:09:20 ::1 POST /Service1.svc - 49474 - ::1 - - 200 0 0 52
2018-06-12 12:09:20 ::1 POST /Service1.svc - 49474 - ::1 - - 200 0 0 20
2018-06-12 12:09:20 ::1 POST /Service1.svc - 49474 - ::1 - - 200 0 0 231
2018-06-12 12:09:20 ::1 POST /Service1.svc - 49474 - ::1 - - 200 0 0 38
