#Software: Microsoft Internet Information Services 10.0
#Version: 1.0
#Date: 2018-07-05 06:37:48
#Fields: date time s-ip cs-method cs-uri-stem cs-uri-query s-port cs-username c-ip cs(User-Agent) cs(Referer) sc-status sc-substatus sc-win32-status time-taken
2018-07-05 06:37:48 ::1 POST /Service1.svc - 49474 - ::1 - - 415 0 0 36047
2018-07-05 06:37:48 ::1 POST /Service1.svc/mex - 49474 - ::1 - - 415 0 0 24
2018-07-05 06:37:56 ::1 GET /Service1.svc - 49474 - ::1 Mozilla/4.0+(compatible;+MSIE+6.0;+MS+Web+Services+Client+Protocol+4.0.30319.42000) - 200 0 0 6932
2018-07-05 06:37:56 ::1 GET /Service1.svc disco 49474 - ::1 Mozilla/4.0+(compatible;+MSIE+6.0;+MS+Web+Services+Client+Protocol+4.0.30319.42000) - 200 0 0 7
2018-07-05 06:37:56 ::1 GET /Service1.svc wsdl 49474 - ::1 Mozilla/4.0+(compatible;+MSIE+6.0;+MS+Web+Services+Client+Protocol+4.0.30319.42000) - 200 0 0 218
2018-07-05 06:37:57 ::1 GET /Service1.svc xsd=xsd0 49474 - ::1 Mozilla/4.0+(compatible;+MSIE+6.0;+MS+Web+Services+Client+Protocol+4.0.30319.42000) - 200 0 0 916
2018-07-05 06:37:57 ::1 GET /Service1.svc xsd=xsd2 49474 - ::1 Mozilla/4.0+(compatible;+MSIE+6.0;+MS+Web+Services+Client+Protocol+4.0.30319.42000) - 200 0 0 34
2018-07-05 06:37:57 ::1 GET /Service1.svc xsd=xsd3 49474 - ::1 Mozilla/4.0+(compatible;+MSIE+6.0;+MS+Web+Services+Client+Protocol+4.0.30319.42000) - 200 0 0 8
2018-07-05 06:37:57 ::1 GET /Service1.svc xsd=xsd1 49474 - ::1 Mozilla/4.0+(compatible;+MSIE+6.0;+MS+Web+Services+Client+Protocol+4.0.30319.42000) - 200 0 0 16
#Software: Microsoft Internet Information Services 10.0
#Version: 1.0
#Date: 2018-07-05 07:24:13
#Fields: date time s-ip cs-method cs-uri-stem cs-uri-query s-port cs-username c-ip cs(User-Agent) cs(Referer) sc-status sc-substatus sc-win32-status time-taken
2018-07-05 07:24:13 ::1 POST /Service1.svc - 49474 - ::1 - - 200 0 0 15376
2018-07-05 07:24:35 ::1 POST /Service1.svc - 49474 - ::1 - - 200 0 0 15008
2018-07-05 07:24:43 ::1 POST /Service1.svc - 49474 - ::1 - - 200 0 0 100
2018-07-05 07:25:17 ::1 POST /Service1.svc - 49474 - ::1 - - 200 0 0 14922
2018-07-05 07:25:20 ::1 POST /Service1.svc - 49474 - ::1 - - 200 0 0 58
2018-07-05 07:25:20 ::1 POST /Service1.svc - 49474 - ::1 - - 200 0 0 36
2018-07-05 07:25:20 ::1 POST /Service1.svc - 49474 - ::1 - - 200 0 0 35
2018-07-05 07:25:21 ::1 POST /Service1.svc - 49474 - ::1 - - 200 0 0 30
2018-07-05 07:25:21 ::1 POST /Service1.svc - 49474 - ::1 - - 200 0 0 88
#Software: Microsoft Internet Information Services 10.0
#Version: 1.0
#Date: 2018-07-05 07:30:20
#Fields: date time s-ip cs-method cs-uri-stem cs-uri-query s-port cs-username c-ip cs(User-Agent) cs(Referer) sc-status sc-substatus sc-win32-status time-taken
2018-07-05 07:30:20 ::1 POST /Service1.svc - 49474 - ::1 - - 415 0 0 4343
2018-07-05 07:30:20 ::1 POST /Service1.svc/mex - 49474 - ::1 - - 415 0 0 9
2018-07-05 07:30:24 ::1 GET /Service1.svc - 49474 - ::1 Mozilla/4.0+(compatible;+MSIE+6.0;+MS+Web+Services+Client+Protocol+4.0.30319.42000) - 200 0 0 4259
2018-07-05 07:30:24 ::1 GET /Service1.svc disco 49474 - ::1 Mozilla/4.0+(compatible;+MSIE+6.0;+MS+Web+Services+Client+Protocol+4.0.30319.42000) - 200 0 0 83
2018-07-05 07:30:24 ::1 GET /Service1.svc wsdl 49474 - ::1 Mozilla/4.0+(compatible;+MSIE+6.0;+MS+Web+Services+Client+Protocol+4.0.30319.42000) - 200 0 0 216
2018-07-05 07:30:26 ::1 GET /Service1.svc xsd=xsd0 49474 - ::1 Mozilla/4.0+(compatible;+MSIE+6.0;+MS+Web+Services+Client+Protocol+4.0.30319.42000) - 200 0 0 457
2018-07-05 07:30:26 ::1 GET /Service1.svc xsd=xsd2 49474 - ::1 Mozilla/4.0+(compatible;+MSIE+6.0;+MS+Web+Services+Client+Protocol+4.0.30319.42000) - 200 0 0 26
2018-07-05 07:30:26 ::1 GET /Service1.svc xsd=xsd3 49474 - ::1 Mozilla/4.0+(compatible;+MSIE+6.0;+MS+Web+Services+Client+Protocol+4.0.30319.42000) - 200 0 0 10
2018-07-05 07:30:26 ::1 GET /Service1.svc xsd=xsd1 49474 - ::1 Mozilla/4.0+(compatible;+MSIE+6.0;+MS+Web+Services+Client+Protocol+4.0.30319.42000) - 200 0 0 23
2018-07-05 07:31:12 ::1 POST /Service1.svc - 49474 - ::1 - - 200 0 0 1204
2018-07-05 07:31:14 ::1 POST /Service1.svc - 49474 - ::1 - - 200 0 0 990
2018-07-05 07:31:14 ::1 POST /Service1.svc - 49474 - ::1 - - 200 0 0 650
2018-07-05 07:31:14 ::1 POST /Service1.svc - 49474 - ::1 - - 200 0 0 250
2018-07-05 07:31:15 ::1 POST /Service1.svc - 49474 - ::1 - - 200 0 0 94
2018-07-05 07:31:15 ::1 POST /Service1.svc - 49474 - ::1 - - 200 0 0 84
#Software: Microsoft Internet Information Services 10.0
#Version: 1.0
#Date: 2018-07-05 08:53:04
#Fields: date time s-ip cs-method cs-uri-stem cs-uri-query s-port cs-username c-ip cs(User-Agent) cs(Referer) sc-status sc-substatus sc-win32-status time-taken
2018-07-05 08:53:04 ::1 POST /Service1.svc - 49474 - ::1 - - 415 0 0 8478
2018-07-05 08:53:04 ::1 POST /Service1.svc/mex - 49474 - ::1 - - 415 0 0 7
2018-07-05 08:53:08 ::1 GET /Service1.svc - 49474 - ::1 Mozilla/4.0+(compatible;+MSIE+6.0;+MS+Web+Services+Client+Protocol+4.0.30319.42000) - 200 0 0 3970
2018-07-05 08:53:08 ::1 GET /Service1.svc disco 49474 - ::1 Mozilla/4.0+(compatible;+MSIE+6.0;+MS+Web+Services+Client+Protocol+4.0.30319.42000) - 200 0 0 7
2018-07-05 08:53:08 ::1 GET /Service1.svc wsdl 49474 - ::1 Mozilla/4.0+(compatible;+MSIE+6.0;+MS+Web+Services+Client+Protocol+4.0.30319.42000) - 200 0 0 34
2018-07-05 08:53:08 ::1 GET /Service1.svc xsd=xsd0 49474 - ::1 Mozilla/4.0+(compatible;+MSIE+6.0;+MS+Web+Services+Client+Protocol+4.0.30319.42000) - 200 0 0 452
2018-07-05 08:53:08 ::1 GET /Service1.svc xsd=xsd2 49474 - ::1 Mozilla/4.0+(compatible;+MSIE+6.0;+MS+Web+Services+Client+Protocol+4.0.30319.42000) - 200 0 0 11
2018-07-05 08:53:08 ::1 GET /Service1.svc xsd=xsd3 49474 - ::1 Mozilla/4.0+(compatible;+MSIE+6.0;+MS+Web+Services+Client+Protocol+4.0.30319.42000) - 200 0 0 54
2018-07-05 08:53:08 ::1 GET /Service1.svc xsd=xsd1 49474 - ::1 Mozilla/4.0+(compatible;+MSIE+6.0;+MS+Web+Services+Client+Protocol+4.0.30319.42000) - 200 0 0 20
2018-07-05 08:54:19 ::1 GET /Service1.svc - 49474 - ::1 Mozilla/4.0+(compatible;+MSIE+6.0;+MS+Web+Services+Client+Protocol+4.0.30319.42000) - 200 0 0 67
2018-07-05 08:54:19 ::1 GET /Service1.svc disco 49474 - ::1 Mozilla/4.0+(compatible;+MSIE+6.0;+MS+Web+Services+Client+Protocol+4.0.30319.42000) - 200 0 0 50
2018-07-05 08:54:19 ::1 GET /Service1.svc wsdl 49474 - ::1 Mozilla/4.0+(compatible;+MSIE+6.0;+MS+Web+Services+Client+Protocol+4.0.30319.42000) - 200 0 0 9
2018-07-05 08:54:19 ::1 GET /Service1.svc/$metadata - 49474 - ::1 Mozilla/4.0+(compatible;+MSIE+6.0;+MS+Web+Services+Client+Protocol+4.0.30319.42000) - 400 0 0 425
2018-07-05 08:54:19 ::1 GET /Service1.svc xsd=xsd0 49474 - ::1 Mozilla/4.0+(compatible;+MSIE+6.0;+MS+Web+Services+Client+Protocol+4.0.30319.42000) - 200 0 0 23
2018-07-05 08:54:19 ::1 GET /Service1.svc xsd=xsd2 49474 - ::1 Mozilla/4.0+(compatible;+MSIE+6.0;+MS+Web+Services+Client+Protocol+4.0.30319.42000) - 200 0 0 99
2018-07-05 08:54:19 ::1 GET /Service1.svc xsd=xsd3 49474 - ::1 Mozilla/4.0+(compatible;+MSIE+6.0;+MS+Web+Services+Client+Protocol+4.0.30319.42000) - 200 0 0 57
2018-07-05 08:54:19 ::1 GET /Service1.svc xsd=xsd1 49474 - ::1 Mozilla/4.0+(compatible;+MSIE+6.0;+MS+Web+Services+Client+Protocol+4.0.30319.42000) - 200 0 0 45
2018-07-05 08:54:23 ::1 POST /Service1.svc - 49474 - ::1 - - 415 0 0 14
2018-07-05 08:54:23 ::1 POST /Service1.svc/mex - 49474 - ::1 - - 415 0 0 49
#Software: Microsoft Internet Information Services 10.0
#Version: 1.0
#Date: 2018-07-05 08:58:56
#Fields: date time s-ip cs-method cs-uri-stem cs-uri-query s-port cs-username c-ip cs(User-Agent) cs(Referer) sc-status sc-substatus sc-win32-status time-taken
2018-07-05 08:58:56 ::1 POST /Service1.svc - 49474 - ::1 - - 415 0 0 5208
2018-07-05 08:58:56 ::1 POST /Service1.svc/mex - 49474 - ::1 - - 415 0 0 7
2018-07-05 08:59:00 ::1 GET /Service1.svc - 49474 - ::1 Mozilla/4.0+(compatible;+MSIE+6.0;+MS+Web+Services+Client+Protocol+4.0.30319.42000) - 200 0 0 3519
2018-07-05 08:59:00 ::1 GET /Service1.svc disco 49474 - ::1 Mozilla/4.0+(compatible;+MSIE+6.0;+MS+Web+Services+Client+Protocol+4.0.30319.42000) - 200 0 0 11
2018-07-05 08:59:00 ::1 GET /Service1.svc wsdl 49474 - ::1 Mozilla/4.0+(compatible;+MSIE+6.0;+MS+Web+Services+Client+Protocol+4.0.30319.42000) - 200 0 0 27
2018-07-05 08:59:00 ::1 GET /Service1.svc xsd=xsd0 49474 - ::1 Mozilla/4.0+(compatible;+MSIE+6.0;+MS+Web+Services+Client+Protocol+4.0.30319.42000) - 200 0 0 462
2018-07-05 08:59:00 ::1 GET /Service1.svc xsd=xsd2 49474 - ::1 Mozilla/4.0+(compatible;+MSIE+6.0;+MS+Web+Services+Client+Protocol+4.0.30319.42000) - 200 0 0 5
2018-07-05 08:59:00 ::1 GET /Service1.svc xsd=xsd3 49474 - ::1 Mozilla/4.0+(compatible;+MSIE+6.0;+MS+Web+Services+Client+Protocol+4.0.30319.42000) - 200 0 0 6
2018-07-05 08:59:00 ::1 GET /Service1.svc xsd=xsd1 49474 - ::1 Mozilla/4.0+(compatible;+MSIE+6.0;+MS+Web+Services+Client+Protocol+4.0.30319.42000) - 200 0 0 14
2018-07-05 08:59:16 ::1 GET /Service1.svc/$metadata - 49474 - ::1 Mozilla/4.0+(compatible;+MSIE+6.0;+MS+Web+Services+Client+Protocol+4.0.30319.42000) - 400 0 0 64
2018-07-05 08:59:16 ::1 GET /Service1.svc - 49474 - ::1 Mozilla/4.0+(compatible;+MSIE+6.0;+MS+Web+Services+Client+Protocol+4.0.30319.42000) - 200 0 0 127
2018-07-05 08:59:16 ::1 POST /Service1.svc/mex - 49474 - ::1 - - 415 0 0 179
2018-07-05 08:59:16 ::1 POST /Service1.svc - 49474 - ::1 - - 415 0 0 229
2018-07-05 08:59:16 ::1 GET /Service1.svc disco 49474 - ::1 Mozilla/4.0+(compatible;+MSIE+6.0;+MS+Web+Services+Client+Protocol+4.0.30319.42000) - 200 0 0 154
2018-07-05 08:59:16 ::1 GET /Service1.svc wsdl 49474 - ::1 Mozilla/4.0+(compatible;+MSIE+6.0;+MS+Web+Services+Client+Protocol+4.0.30319.42000) - 200 0 0 28
2018-07-05 08:59:16 ::1 GET /Service1.svc xsd=xsd0 49474 - ::1 Mozilla/4.0+(compatible;+MSIE+6.0;+MS+Web+Services+Client+Protocol+4.0.30319.42000) - 200 0 0 60
2018-07-05 08:59:16 ::1 GET /Service1.svc xsd=xsd2 49474 - ::1 Mozilla/4.0+(compatible;+MSIE+6.0;+MS+Web+Services+Client+Protocol+4.0.30319.42000) - 200 0 0 36
2018-07-05 08:59:16 ::1 GET /Service1.svc xsd=xsd3 49474 - ::1 Mozilla/4.0+(compatible;+MSIE+6.0;+MS+Web+Services+Client+Protocol+4.0.30319.42000) - 200 0 0 10
2018-07-05 08:59:16 ::1 GET /Service1.svc xsd=xsd1 49474 - ::1 Mozilla/4.0+(compatible;+MSIE+6.0;+MS+Web+Services+Client+Protocol+4.0.30319.42000) - 200 0 0 23
2018-07-05 09:01:34 ::1 POST /Service1.svc - 49474 - ::1 - - 200 0 0 1525
2018-07-05 09:01:34 ::1 POST /Service1.svc - 49474 - ::1 - - 200 0 0 191
2018-07-05 09:01:34 ::1 POST /Service1.svc - 49474 - ::1 - - 200 0 0 405
2018-07-05 09:01:34 ::1 POST /Service1.svc - 49474 - ::1 - - 200 0 0 47
2018-07-05 09:01:34 ::1 POST /Service1.svc - 49474 - ::1 - - 200 0 0 18
2018-07-05 09:01:34 ::1 POST /Service1.svc - 49474 - ::1 - - 200 0 0 64
2018-07-05 09:08:22 ::1 POST /Service1.svc - 49474 - ::1 - - 200 0 0 40
2018-07-05 09:08:22 ::1 POST /Service1.svc - 49474 - ::1 - - 200 0 0 65
2018-07-05 09:08:22 ::1 POST /Service1.svc - 49474 - ::1 - - 200 0 0 212
2018-07-05 09:08:22 ::1 POST /Service1.svc - 49474 - ::1 - - 200 0 0 54
2018-07-05 09:08:22 ::1 POST /Service1.svc - 49474 - ::1 - - 200 0 0 23
2018-07-05 09:08:22 ::1 POST /Service1.svc - 49474 - ::1 - - 200 0 0 29
