#Software: Microsoft Internet Information Services 10.0
#Version: 1.0
#Date: 2018-03-28 05:02:11
#Fields: date time s-ip cs-method cs-uri-stem cs-uri-query s-port cs-username c-ip cs(User-Agent) cs(Referer) sc-status sc-substatus sc-win32-status time-taken
2018-03-28 05:02:11 ::1 POST /Service1.svc - 49474 - ::1 - - 415 0 0 23919
2018-03-28 05:02:11 ::1 POST /Service1.svc/mex - 49474 - ::1 - - 415 0 0 15
2018-03-28 05:02:14 ::1 GET /Service1.svc - 49474 - ::1 Mozilla/4.0+(compatible;+MSIE+6.0;+MS+Web+Services+Client+Protocol+4.0.30319.42000) - 200 0 0 2367
2018-03-28 05:02:14 ::1 GET /Service1.svc disco 49474 - ::1 Mozilla/4.0+(compatible;+MSIE+6.0;+MS+Web+Services+Client+Protocol+4.0.30319.42000) - 200 0 0 36
2018-03-28 05:02:14 ::1 GET /Service1.svc wsdl 49474 - ::1 Mozilla/4.0+(compatible;+MSIE+6.0;+MS+Web+Services+Client+Protocol+4.0.30319.42000) - 200 0 0 114
2018-03-28 05:02:15 ::1 GET /Service1.svc xsd=xsd0 49474 - ::1 Mozilla/4.0+(compatible;+MSIE+6.0;+MS+Web+Services+Client+Protocol+4.0.30319.42000) - 200 0 0 886
2018-03-28 05:02:15 ::1 GET /Service1.svc xsd=xsd2 49474 - ::1 Mozilla/4.0+(compatible;+MSIE+6.0;+MS+Web+Services+Client+Protocol+4.0.30319.42000) - 200 0 0 6
2018-03-28 05:02:15 ::1 GET /Service1.svc xsd=xsd3 49474 - ::1 Mozilla/4.0+(compatible;+MSIE+6.0;+MS+Web+Services+Client+Protocol+4.0.30319.42000) - 200 0 0 9
2018-03-28 05:02:15 ::1 GET /Service1.svc xsd=xsd1 49474 - ::1 Mozilla/4.0+(compatible;+MSIE+6.0;+MS+Web+Services+Client+Protocol+4.0.30319.42000) - 200 0 0 13
2018-03-28 05:17:32 ::1 POST /Service1.svc - 49474 - ::1 - - 200 0 0 1249
2018-03-28 05:17:51 ::1 POST /Service1.svc - 49474 - ::1 - - 200 0 0 32
2018-03-28 05:17:56 ::1 POST /Service1.svc - 49474 - ::1 - - 200 0 0 41
2018-03-28 05:18:00 ::1 POST /Service1.svc - 49474 - ::1 - - 200 0 0 151
#Software: Microsoft Internet Information Services 10.0
#Version: 1.0
#Date: 2018-03-28 05:52:57
#Fields: date time s-ip cs-method cs-uri-stem cs-uri-query s-port cs-username c-ip cs(User-Agent) cs(Referer) sc-status sc-substatus sc-win32-status time-taken
2018-03-28 05:52:57 ::1 POST /Service1.svc - 49474 - ::1 - - 200 0 0 881
2018-03-28 05:53:01 ::1 POST /Service1.svc - 49474 - ::1 - - 200 0 0 450
2018-03-28 05:53:07 ::1 POST /Service1.svc - 49474 - ::1 - - 200 0 0 120
2018-03-28 05:53:10 ::1 POST /Service1.svc - 49474 - ::1 - - 200 0 0 403
2018-03-28 05:53:15 ::1 POST /Service1.svc - 49474 - ::1 - - 200 0 0 491
2018-03-28 05:53:20 ::1 POST /Service1.svc - 49474 - ::1 - - 200 0 0 563
2018-03-28 05:53:20 ::1 POST /Service1.svc - 49474 - ::1 - - 200 0 0 162
2018-03-28 05:53:20 ::1 POST /Service1.svc - 49474 - ::1 - - 200 0 0 601
2018-03-28 05:53:21 ::1 POST /Service1.svc - 49474 - ::1 - - 200 0 0 239
2018-03-28 05:53:21 ::1 POST /Service1.svc - 49474 - ::1 - - 200 0 0 241
2018-03-28 05:53:21 ::1 POST /Service1.svc - 49474 - ::1 - - 200 0 0 423
2018-03-28 05:53:21 ::1 POST /Service1.svc - 49474 - ::1 - - 200 0 0 90
2018-03-28 05:53:22 ::1 POST /Service1.svc - 49474 - ::1 - - 200 0 0 281
2018-03-28 05:53:22 ::1 POST /Service1.svc - 49474 - ::1 - - 200 0 0 653
2018-03-28 05:53:22 ::1 POST /Service1.svc - 49474 - ::1 - - 200 0 0 248
2018-03-28 05:53:23 ::1 POST /Service1.svc - 49474 - ::1 - - 200 0 0 255
2018-03-28 05:53:23 ::1 POST /Service1.svc - 49474 - ::1 - - 200 0 0 411
2018-03-28 05:53:23 ::1 POST /Service1.svc - 49474 - ::1 - - 200 0 0 321
2018-03-28 05:53:23 ::1 POST /Service1.svc - 49474 - ::1 - - 200 0 0 252
2018-03-28 05:53:25 ::1 POST /Service1.svc - 49474 - ::1 - - 200 0 0 546
2018-03-28 05:53:25 ::1 POST /Service1.svc - 49474 - ::1 - - 200 0 0 69
2018-03-28 05:53:25 ::1 POST /Service1.svc - 49474 - ::1 - - 200 0 0 74
2018-03-28 05:53:25 ::1 POST /Service1.svc - 49474 - ::1 - - 200 0 0 252
2018-03-28 05:53:25 ::1 POST /Service1.svc - 49474 - ::1 - - 200 0 0 573
2018-03-28 05:53:26 ::1 POST /Service1.svc - 49474 - ::1 - - 200 0 0 56
2018-03-28 05:53:26 ::1 POST /Service1.svc - 49474 - ::1 - - 200 0 0 51
2018-03-28 05:53:26 ::1 POST /Service1.svc - 49474 - ::1 - - 200 0 0 254
2018-03-28 05:53:26 ::1 POST /Service1.svc - 49474 - ::1 - - 200 0 0 262
#Software: Microsoft Internet Information Services 10.0
#Version: 1.0
#Date: 2018-03-28 08:17:27
#Fields: date time s-ip cs-method cs-uri-stem cs-uri-query s-port cs-username c-ip cs(User-Agent) cs(Referer) sc-status sc-substatus sc-win32-status time-taken
2018-03-28 08:17:27 ::1 POST /Service1.svc - 49474 - ::1 - - 200 0 0 1393
2018-03-28 08:17:45 ::1 POST /Service1.svc - 49474 - ::1 - - 200 0 0 444
#Software: Microsoft Internet Information Services 10.0
#Version: 1.0
#Date: 2018-03-28 10:11:32
#Fields: date time s-ip cs-method cs-uri-stem cs-uri-query s-port cs-username c-ip cs(User-Agent) cs(Referer) sc-status sc-substatus sc-win32-status time-taken
2018-03-28 10:11:32 ::1 POST /Service1.svc - 49474 - ::1 - - 415 0 0 20566
2018-03-28 10:11:32 ::1 POST /Service1.svc/mex - 49474 - ::1 - - 415 0 0 155
2018-03-28 10:11:37 ::1 GET /Service1.svc - 49474 - ::1 Mozilla/4.0+(compatible;+MSIE+6.0;+MS+Web+Services+Client+Protocol+4.0.30319.42000) - 200 0 0 3917
2018-03-28 10:11:37 ::1 GET /Service1.svc disco 49474 - ::1 Mozilla/4.0+(compatible;+MSIE+6.0;+MS+Web+Services+Client+Protocol+4.0.30319.42000) - 200 0 0 36
2018-03-28 10:11:37 ::1 GET /Service1.svc wsdl 49474 - ::1 Mozilla/4.0+(compatible;+MSIE+6.0;+MS+Web+Services+Client+Protocol+4.0.30319.42000) - 200 0 0 318
2018-03-28 10:11:40 ::1 GET /Service1.svc xsd=xsd0 49474 - ::1 Mozilla/4.0+(compatible;+MSIE+6.0;+MS+Web+Services+Client+Protocol+4.0.30319.42000) - 200 0 0 2588
2018-03-28 10:11:40 ::1 GET /Service1.svc xsd=xsd2 49474 - ::1 Mozilla/4.0+(compatible;+MSIE+6.0;+MS+Web+Services+Client+Protocol+4.0.30319.42000) - 200 0 0 6
2018-03-28 10:11:40 ::1 GET /Service1.svc xsd=xsd3 49474 - ::1 Mozilla/4.0+(compatible;+MSIE+6.0;+MS+Web+Services+Client+Protocol+4.0.30319.42000) - 200 0 0 38
2018-03-28 10:11:40 ::1 GET /Service1.svc xsd=xsd1 49474 - ::1 Mozilla/4.0+(compatible;+MSIE+6.0;+MS+Web+Services+Client+Protocol+4.0.30319.42000) - 200 0 0 64
#Software: Microsoft Internet Information Services 10.0
#Version: 1.0
#Date: 2018-03-28 10:45:44
#Fields: date time s-ip cs-method cs-uri-stem cs-uri-query s-port cs-username c-ip cs(User-Agent) cs(Referer) sc-status sc-substatus sc-win32-status time-taken
2018-03-28 10:45:44 ::1 POST /Service1.svc - 49474 - ::1 - - 200 0 0 18678
2018-03-28 10:46:09 ::1 POST /Service1.svc - 49474 - ::1 - - 200 0 0 16063
2018-03-28 10:46:16 ::1 POST /Service1.svc - 49474 - ::1 - - 200 0 0 190
2018-03-28 10:47:38 ::1 POST /Service1.svc - 49474 - ::1 - - 200 0 0 15528
2018-03-28 10:51:07 ::1 POST /Service1.svc - 49474 - ::1 - - 200 0 0 15313
2018-03-28 10:51:27 ::1 POST /Service1.svc - 49474 - ::1 - - 200 0 0 16626
2018-03-28 10:51:47 ::1 POST /Service1.svc - 49474 - ::1 - - 200 0 0 15311
2018-03-28 10:51:50 ::1 POST /Service1.svc - 49474 - ::1 - - 200 0 0 259
#Software: Microsoft Internet Information Services 10.0
#Version: 1.0
#Date: 2018-03-28 11:14:16
#Fields: date time s-ip cs-method cs-uri-stem cs-uri-query s-port cs-username c-ip cs(User-Agent) cs(Referer) sc-status sc-substatus sc-win32-status time-taken
2018-03-28 11:14:16 ::1 POST /Service1.svc - 49474 - ::1 - - 200 0 0 15435
2018-03-28 11:14:20 ::1 POST /Service1.svc - 49474 - ::1 - - 200 0 0 373
2018-03-28 11:14:20 ::1 POST /Service1.svc - 49474 - ::1 - - 200 0 0 186
2018-03-28 11:14:51 ::1 POST /Service1.svc - 49474 - ::1 - - 200 0 0 15979
2018-03-28 11:14:56 ::1 POST /Service1.svc - 49474 - ::1 - - 200 0 0 311
2018-03-28 11:14:56 ::1 POST /Service1.svc - 49474 - ::1 - - 200 0 0 430
2018-03-28 11:15:15 ::1 POST /Service1.svc - 49474 - ::1 - - 200 0 0 19281
2018-03-28 11:15:49 ::1 POST /Service1.svc - 49474 - ::1 - - 200 0 0 15806
#Software: Microsoft Internet Information Services 10.0
#Version: 1.0
#Date: 2018-03-28 11:17:53
#Fields: date time s-ip cs-method cs-uri-stem cs-uri-query s-port cs-username c-ip cs(User-Agent) cs(Referer) sc-status sc-substatus sc-win32-status time-taken
2018-03-28 11:17:53 ::1 POST /Service1.svc - 49474 - ::1 - - 415 0 0 20610
2018-03-28 11:17:53 ::1 POST /Service1.svc/mex - 49474 - ::1 - - 415 0 0 369
2018-03-28 11:17:57 ::1 GET /Service1.svc - 49474 - ::1 Mozilla/4.0+(compatible;+MSIE+6.0;+MS+Web+Services+Client+Protocol+4.0.30319.42000) - 200 0 0 3130
2018-03-28 11:17:57 ::1 GET /Service1.svc disco 49474 - ::1 Mozilla/4.0+(compatible;+MSIE+6.0;+MS+Web+Services+Client+Protocol+4.0.30319.42000) - 200 0 0 67
2018-03-28 11:17:57 ::1 GET /Service1.svc wsdl 49474 - ::1 Mozilla/4.0+(compatible;+MSIE+6.0;+MS+Web+Services+Client+Protocol+4.0.30319.42000) - 200 0 0 173
2018-03-28 11:17:59 ::1 GET /Service1.svc xsd=xsd0 49474 - ::1 Mozilla/4.0+(compatible;+MSIE+6.0;+MS+Web+Services+Client+Protocol+4.0.30319.42000) - 200 0 0 1951
2018-03-28 11:17:59 ::1 GET /Service1.svc xsd=xsd2 49474 - ::1 Mozilla/4.0+(compatible;+MSIE+6.0;+MS+Web+Services+Client+Protocol+4.0.30319.42000) - 200 0 0 226
2018-03-28 11:17:59 ::1 GET /Service1.svc xsd=xsd3 49474 - ::1 Mozilla/4.0+(compatible;+MSIE+6.0;+MS+Web+Services+Client+Protocol+4.0.30319.42000) - 200 0 0 225
2018-03-28 11:17:59 ::1 GET /Service1.svc xsd=xsd1 49474 - ::1 Mozilla/4.0+(compatible;+MSIE+6.0;+MS+Web+Services+Client+Protocol+4.0.30319.42000) - 200 0 0 197
2018-03-28 11:19:33 ::1 POST /Service1.svc - 49474 - ::1 - - 200 0 0 16271
2018-03-28 11:19:37 ::1 POST /Service1.svc - 49474 - ::1 - - 200 0 0 546
2018-03-28 11:19:37 ::1 POST /Service1.svc - 49474 - ::1 - - 200 0 0 320
2018-03-28 11:20:03 ::1 POST /Service1.svc - 49474 - ::1 - - 200 0 0 15328
2018-03-28 11:20:07 ::1 POST /Service1.svc - 49474 - ::1 - - 200 0 0 468
2018-03-28 11:20:13 ::1 POST /Service1.svc - 49474 - ::1 - - 200 0 0 52
#Software: Microsoft Internet Information Services 10.0
#Version: 1.0
#Date: 2018-03-28 11:22:10
#Fields: date time s-ip cs-method cs-uri-stem cs-uri-query s-port cs-username c-ip cs(User-Agent) cs(Referer) sc-status sc-substatus sc-win32-status time-taken
2018-03-28 11:22:10 ::1 POST /Service1.svc - 49474 - ::1 - - 415 0 0 5399
2018-03-28 11:22:10 ::1 POST /Service1.svc/mex - 49474 - ::1 - - 415 0 0 211
2018-03-28 11:22:11 ::1 GET /Service1.svc - 49474 - ::1 Mozilla/4.0+(compatible;+MSIE+6.0;+MS+Web+Services+Client+Protocol+4.0.30319.42000) - 200 0 0 1180
2018-03-28 11:22:11 ::1 GET /Service1.svc disco 49474 - ::1 Mozilla/4.0+(compatible;+MSIE+6.0;+MS+Web+Services+Client+Protocol+4.0.30319.42000) - 200 0 0 23
2018-03-28 11:22:11 ::1 GET /Service1.svc wsdl 49474 - ::1 Mozilla/4.0+(compatible;+MSIE+6.0;+MS+Web+Services+Client+Protocol+4.0.30319.42000) - 200 0 0 29
2018-03-28 11:22:11 ::1 GET /Service1.svc xsd=xsd0 49474 - ::1 Mozilla/4.0+(compatible;+MSIE+6.0;+MS+Web+Services+Client+Protocol+4.0.30319.42000) - 200 0 0 515
2018-03-28 11:22:11 ::1 GET /Service1.svc xsd=xsd2 49474 - ::1 Mozilla/4.0+(compatible;+MSIE+6.0;+MS+Web+Services+Client+Protocol+4.0.30319.42000) - 200 0 0 11
2018-03-28 11:22:11 ::1 GET /Service1.svc xsd=xsd3 49474 - ::1 Mozilla/4.0+(compatible;+MSIE+6.0;+MS+Web+Services+Client+Protocol+4.0.30319.42000) - 200 0 0 13
2018-03-28 11:22:11 ::1 GET /Service1.svc xsd=xsd1 49474 - ::1 Mozilla/4.0+(compatible;+MSIE+6.0;+MS+Web+Services+Client+Protocol+4.0.30319.42000) - 200 0 0 21
2018-03-28 11:23:22 ::1 POST /Service1.svc - 49474 - ::1 - - 200 0 0 16628
2018-03-28 11:23:25 ::1 POST /Service1.svc - 49474 - ::1 - - 200 0 0 525
2018-03-28 11:23:25 ::1 POST /Service1.svc - 49474 - ::1 - - 200 0 0 78
2018-03-28 11:23:25 ::1 POST /Service1.svc - 49474 - ::1 - - 200 0 0 268
2018-03-28 11:23:52 ::1 POST /Service1.svc - 49474 - ::1 - - 200 0 0 14407
2018-03-28 11:24:28 ::1 POST /Service1.svc - 49474 - ::1 - - 200 0 0 16432
#Software: Microsoft Internet Information Services 10.0
#Version: 1.0
#Date: 2018-03-28 11:26:41
#Fields: date time s-ip cs-method cs-uri-stem cs-uri-query s-port cs-username c-ip cs(User-Agent) cs(Referer) sc-status sc-substatus sc-win32-status time-taken
2018-03-28 11:26:41 ::1 POST /Service1.svc - 49474 - ::1 - - 415 0 0 10481
2018-03-28 11:26:41 ::1 POST /Service1.svc/mex - 49474 - ::1 - - 415 0 0 28
2018-03-28 11:26:44 ::1 GET /Service1.svc - 49474 - ::1 Mozilla/4.0+(compatible;+MSIE+6.0;+MS+Web+Services+Client+Protocol+4.0.30319.42000) - 200 0 0 2698
2018-03-28 11:26:44 ::1 GET /Service1.svc disco 49474 - ::1 Mozilla/4.0+(compatible;+MSIE+6.0;+MS+Web+Services+Client+Protocol+4.0.30319.42000) - 200 0 0 10
2018-03-28 11:26:44 ::1 GET /Service1.svc wsdl 49474 - ::1 Mozilla/4.0+(compatible;+MSIE+6.0;+MS+Web+Services+Client+Protocol+4.0.30319.42000) - 200 0 0 94
2018-03-28 11:26:45 ::1 GET /Service1.svc xsd=xsd0 49474 - ::1 Mozilla/4.0+(compatible;+MSIE+6.0;+MS+Web+Services+Client+Protocol+4.0.30319.42000) - 200 0 0 946
2018-03-28 11:26:45 ::1 GET /Service1.svc xsd=xsd2 49474 - ::1 Mozilla/4.0+(compatible;+MSIE+6.0;+MS+Web+Services+Client+Protocol+4.0.30319.42000) - 200 0 0 6
2018-03-28 11:26:45 ::1 GET /Service1.svc xsd=xsd3 49474 - ::1 Mozilla/4.0+(compatible;+MSIE+6.0;+MS+Web+Services+Client+Protocol+4.0.30319.42000) - 200 0 0 6
2018-03-28 11:26:45 ::1 GET /Service1.svc xsd=xsd1 49474 - ::1 Mozilla/4.0+(compatible;+MSIE+6.0;+MS+Web+Services+Client+Protocol+4.0.30319.42000) - 200 0 0 15
2018-03-28 11:27:19 ::1 GET /Service1.svc - 49474 - ::1 Mozilla/4.0+(compatible;+MSIE+6.0;+MS+Web+Services+Client+Protocol+4.0.30319.42000) - 200 0 0 29
2018-03-28 11:27:19 ::1 GET /Service1.svc disco 49474 - ::1 Mozilla/4.0+(compatible;+MSIE+6.0;+MS+Web+Services+Client+Protocol+4.0.30319.42000) - 200 0 0 44
2018-03-28 11:27:19 ::1 GET /Service1.svc/$metadata - 49474 - ::1 Mozilla/4.0+(compatible;+MSIE+6.0;+MS+Web+Services+Client+Protocol+4.0.30319.42000) - 400 0 0 280
2018-03-28 11:27:19 ::1 GET /Service1.svc wsdl 49474 - ::1 Mozilla/4.0+(compatible;+MSIE+6.0;+MS+Web+Services+Client+Protocol+4.0.30319.42000) - 200 0 0 60
2018-03-28 11:27:19 ::1 GET /Service1.svc xsd=xsd0 49474 - ::1 Mozilla/4.0+(compatible;+MSIE+6.0;+MS+Web+Services+Client+Protocol+4.0.30319.42000) - 200 0 0 6
2018-03-28 11:27:19 ::1 GET /Service1.svc xsd=xsd2 49474 - ::1 Mozilla/4.0+(compatible;+MSIE+6.0;+MS+Web+Services+Client+Protocol+4.0.30319.42000) - 200 0 0 5
2018-03-28 11:27:19 ::1 GET /Service1.svc xsd=xsd3 49474 - ::1 Mozilla/4.0+(compatible;+MSIE+6.0;+MS+Web+Services+Client+Protocol+4.0.30319.42000) - 200 0 0 4
2018-03-28 11:27:19 ::1 GET /Service1.svc xsd=xsd1 49474 - ::1 Mozilla/4.0+(compatible;+MSIE+6.0;+MS+Web+Services+Client+Protocol+4.0.30319.42000) - 200 0 0 14
2018-03-28 11:27:23 ::1 POST /Service1.svc/mex - 49474 - ::1 - - 415 0 0 49
2018-03-28 11:27:23 ::1 POST /Service1.svc - 49474 - ::1 - - 415 0 0 62
2018-03-28 11:28:17 ::1 POST /Service1.svc - 49474 - ::1 - - 200 0 0 16588
2018-03-28 11:28:20 ::1 POST /Service1.svc - 49474 - ::1 - - 200 0 0 99
2018-03-28 11:28:20 ::1 POST /Service1.svc - 49474 - ::1 - - 200 0 0 134
#Software: Microsoft Internet Information Services 10.0
#Version: 1.0
#Date: 2018-03-28 11:30:53
#Fields: date time s-ip cs-method cs-uri-stem cs-uri-query s-port cs-username c-ip cs(User-Agent) cs(Referer) sc-status sc-substatus sc-win32-status time-taken
2018-03-28 11:30:53 ::1 POST /Service1.svc - 49474 - ::1 - - 415 0 0 3789
2018-03-28 11:30:53 ::1 POST /Service1.svc/mex - 49474 - ::1 - - 415 0 0 183
2018-03-28 11:30:54 ::1 GET /Service1.svc - 49474 - ::1 Mozilla/4.0+(compatible;+MSIE+6.0;+MS+Web+Services+Client+Protocol+4.0.30319.42000) - 200 0 0 1216
2018-03-28 11:30:54 ::1 GET /Service1.svc disco 49474 - ::1 Mozilla/4.0+(compatible;+MSIE+6.0;+MS+Web+Services+Client+Protocol+4.0.30319.42000) - 200 0 0 6
2018-03-28 11:30:54 ::1 GET /Service1.svc wsdl 49474 - ::1 Mozilla/4.0+(compatible;+MSIE+6.0;+MS+Web+Services+Client+Protocol+4.0.30319.42000) - 200 0 0 45
2018-03-28 11:30:54 ::1 GET /Service1.svc xsd=xsd0 49474 - ::1 Mozilla/4.0+(compatible;+MSIE+6.0;+MS+Web+Services+Client+Protocol+4.0.30319.42000) - 200 0 0 394
2018-03-28 11:30:54 ::1 GET /Service1.svc xsd=xsd2 49474 - ::1 Mozilla/4.0+(compatible;+MSIE+6.0;+MS+Web+Services+Client+Protocol+4.0.30319.42000) - 200 0 0 15
2018-03-28 11:30:54 ::1 GET /Service1.svc xsd=xsd3 49474 - ::1 Mozilla/4.0+(compatible;+MSIE+6.0;+MS+Web+Services+Client+Protocol+4.0.30319.42000) - 200 0 0 15
2018-03-28 11:30:54 ::1 GET /Service1.svc xsd=xsd1 49474 - ::1 Mozilla/4.0+(compatible;+MSIE+6.0;+MS+Web+Services+Client+Protocol+4.0.30319.42000) - 200 0 0 14
2018-03-28 11:32:03 ::1 GET /Service1.svc/$metadata - 49474 - ::1 Mozilla/4.0+(compatible;+MSIE+6.0;+MS+Web+Services+Client+Protocol+4.0.30319.42000) - 400 0 0 82
2018-03-28 11:32:03 ::1 GET /Service1.svc - 49474 - ::1 Mozilla/4.0+(compatible;+MSIE+6.0;+MS+Web+Services+Client+Protocol+4.0.30319.42000) - 200 0 0 159
2018-03-28 11:32:03 ::1 POST /Service1.svc/mex - 49474 - ::1 - - 415 0 0 189
2018-03-28 11:32:03 ::1 GET /Service1.svc disco 49474 - ::1 Mozilla/4.0+(compatible;+MSIE+6.0;+MS+Web+Services+Client+Protocol+4.0.30319.42000) - 200 0 0 93
2018-03-28 11:32:03 ::1 POST /Service1.svc - 49474 - ::1 - - 415 0 0 189
2018-03-28 11:32:03 ::1 GET /Service1.svc wsdl 49474 - ::1 Mozilla/4.0+(compatible;+MSIE+6.0;+MS+Web+Services+Client+Protocol+4.0.30319.42000) - 200 0 0 27
2018-03-28 11:32:03 ::1 GET /Service1.svc xsd=xsd0 49474 - ::1 Mozilla/4.0+(compatible;+MSIE+6.0;+MS+Web+Services+Client+Protocol+4.0.30319.42000) - 200 0 0 19
2018-03-28 11:32:03 ::1 GET /Service1.svc xsd=xsd2 49474 - ::1 Mozilla/4.0+(compatible;+MSIE+6.0;+MS+Web+Services+Client+Protocol+4.0.30319.42000) - 200 0 0 16
2018-03-28 11:32:03 ::1 GET /Service1.svc xsd=xsd3 49474 - ::1 Mozilla/4.0+(compatible;+MSIE+6.0;+MS+Web+Services+Client+Protocol+4.0.30319.42000) - 200 0 0 11
2018-03-28 11:32:03 ::1 GET /Service1.svc xsd=xsd1 49474 - ::1 Mozilla/4.0+(compatible;+MSIE+6.0;+MS+Web+Services+Client+Protocol+4.0.30319.42000) - 200 0 0 21
2018-03-28 11:32:44 ::1 POST /Service1.svc - 49474 - ::1 - - 200 0 0 14636
2018-03-28 11:33:06 ::1 POST /Service1.svc - 49474 - ::1 - - 200 0 0 14434
2018-03-28 11:33:06 ::1 POST /Service1.svc - 49474 - ::1 - - 200 0 0 34
2018-03-28 11:33:06 ::1 POST /Service1.svc - 49474 - ::1 - - 200 0 0 48
2018-03-28 11:33:13 ::1 POST /Service1.svc - 49474 - ::1 - - 200 0 0 80
#Software: Microsoft Internet Information Services 10.0
#Version: 1.0
#Date: 2018-03-28 11:38:40
#Fields: date time s-ip cs-method cs-uri-stem cs-uri-query s-port cs-username c-ip cs(User-Agent) cs(Referer) sc-status sc-substatus sc-win32-status time-taken
2018-03-28 11:38:40 ::1 POST /Service1.svc - 49474 - ::1 - - 415 0 0 18619
2018-03-28 11:38:40 ::1 POST /Service1.svc/mex - 49474 - ::1 - - 415 0 0 55
2018-03-28 11:38:42 ::1 GET /Service1.svc - 49474 - ::1 Mozilla/4.0+(compatible;+MSIE+6.0;+MS+Web+Services+Client+Protocol+4.0.30319.42000) - 200 0 0 2129
2018-03-28 11:38:42 ::1 GET /Service1.svc disco 49474 - ::1 Mozilla/4.0+(compatible;+MSIE+6.0;+MS+Web+Services+Client+Protocol+4.0.30319.42000) - 200 0 0 248
2018-03-28 11:38:42 ::1 GET /Service1.svc wsdl 49474 - ::1 Mozilla/4.0+(compatible;+MSIE+6.0;+MS+Web+Services+Client+Protocol+4.0.30319.42000) - 200 0 0 266
2018-03-28 11:38:44 ::1 GET /Service1.svc xsd=xsd0 49474 - ::1 Mozilla/4.0+(compatible;+MSIE+6.0;+MS+Web+Services+Client+Protocol+4.0.30319.42000) - 200 0 0 1376
2018-03-28 11:38:44 ::1 GET /Service1.svc xsd=xsd2 49474 - ::1 Mozilla/4.0+(compatible;+MSIE+6.0;+MS+Web+Services+Client+Protocol+4.0.30319.42000) - 200 0 0 388
2018-03-28 11:38:44 ::1 GET /Service1.svc xsd=xsd3 49474 - ::1 Mozilla/4.0+(compatible;+MSIE+6.0;+MS+Web+Services+Client+Protocol+4.0.30319.42000) - 200 0 0 99
2018-03-28 11:38:44 ::1 GET /Service1.svc xsd=xsd1 49474 - ::1 Mozilla/4.0+(compatible;+MSIE+6.0;+MS+Web+Services+Client+Protocol+4.0.30319.42000) - 200 0 0 234
2018-03-28 11:39:16 ::1 GET /Service1.svc - 49474 - ::1 Mozilla/4.0+(compatible;+MSIE+6.0;+MS+Web+Services+Client+Protocol+4.0.30319.42000) - 200 0 0 38
2018-03-28 11:39:16 ::1 GET /Service1.svc disco 49474 - ::1 Mozilla/4.0+(compatible;+MSIE+6.0;+MS+Web+Services+Client+Protocol+4.0.30319.42000) - 200 0 0 131
2018-03-28 11:39:16 ::1 GET /Service1.svc/$metadata - 49474 - ::1 Mozilla/4.0+(compatible;+MSIE+6.0;+MS+Web+Services+Client+Protocol+4.0.30319.42000) - 400 0 0 330
2018-03-28 11:39:16 ::1 POST /Service1.svc/mex - 49474 - ::1 - - 415 0 0 178
2018-03-28 11:39:16 ::1 POST /Service1.svc - 49474 - ::1 - - 415 0 0 252
2018-03-28 11:39:16 ::1 GET /Service1.svc wsdl 49474 - ::1 Mozilla/4.0+(compatible;+MSIE+6.0;+MS+Web+Services+Client+Protocol+4.0.30319.42000) - 200 0 0 243
2018-03-28 11:39:16 ::1 GET /Service1.svc xsd=xsd0 49474 - ::1 Mozilla/4.0+(compatible;+MSIE+6.0;+MS+Web+Services+Client+Protocol+4.0.30319.42000) - 200 0 0 10
2018-03-28 11:39:16 ::1 GET /Service1.svc xsd=xsd2 49474 - ::1 Mozilla/4.0+(compatible;+MSIE+6.0;+MS+Web+Services+Client+Protocol+4.0.30319.42000) - 200 0 0 12
2018-03-28 11:39:16 ::1 GET /Service1.svc xsd=xsd3 49474 - ::1 Mozilla/4.0+(compatible;+MSIE+6.0;+MS+Web+Services+Client+Protocol+4.0.30319.42000) - 200 0 0 11
2018-03-28 11:39:16 ::1 GET /Service1.svc xsd=xsd1 49474 - ::1 Mozilla/4.0+(compatible;+MSIE+6.0;+MS+Web+Services+Client+Protocol+4.0.30319.42000) - 200 0 0 5
2018-03-28 11:40:04 ::1 POST /Service1.svc - 49474 - ::1 - - 200 0 0 15199
2018-03-28 11:40:28 ::1 POST /Service1.svc - 49474 - ::1 - - 200 0 0 16453
2018-03-28 11:40:28 ::1 POST /Service1.svc - 49474 - ::1 - - 200 0 0 188
2018-03-28 11:41:00 ::1 POST /Service1.svc - 49474 - ::1 - - 200 0 0 14604
2018-03-28 11:41:07 ::1 POST /Service1.svc - 49474 - ::1 - - 200 0 0 560
2018-03-28 11:41:07 ::1 POST /Service1.svc - 49474 - ::1 - - 200 0 0 379
2018-03-28 11:41:13 ::1 POST /Service1.svc - 49474 - ::1 - - 200 0 0 284
#Software: Microsoft Internet Information Services 10.0
#Version: 1.0
#Date: 2018-03-28 11:51:11
#Fields: date time s-ip cs-method cs-uri-stem cs-uri-query s-port cs-username c-ip cs(User-Agent) cs(Referer) sc-status sc-substatus sc-win32-status time-taken
2018-03-28 11:51:11 ::1 POST /Service1.svc - 49474 - ::1 - - 415 0 0 7641
2018-03-28 11:51:11 ::1 POST /Service1.svc/mex - 49474 - ::1 - - 415 0 0 61
2018-03-28 11:51:13 ::1 GET /Service1.svc - 49474 - ::1 Mozilla/4.0+(compatible;+MSIE+6.0;+MS+Web+Services+Client+Protocol+4.0.30319.42000) - 200 0 0 1676
2018-03-28 11:51:13 ::1 GET /Service1.svc disco 49474 - ::1 Mozilla/4.0+(compatible;+MSIE+6.0;+MS+Web+Services+Client+Protocol+4.0.30319.42000) - 200 0 0 5
2018-03-28 11:51:13 ::1 GET /Service1.svc wsdl 49474 - ::1 Mozilla/4.0+(compatible;+MSIE+6.0;+MS+Web+Services+Client+Protocol+4.0.30319.42000) - 200 0 0 20
2018-03-28 11:51:13 ::1 GET /Service1.svc xsd=xsd0 49474 - ::1 Mozilla/4.0+(compatible;+MSIE+6.0;+MS+Web+Services+Client+Protocol+4.0.30319.42000) - 200 0 0 494
2018-03-28 11:51:13 ::1 GET /Service1.svc xsd=xsd2 49474 - ::1 Mozilla/4.0+(compatible;+MSIE+6.0;+MS+Web+Services+Client+Protocol+4.0.30319.42000) - 200 0 0 7
2018-03-28 11:51:13 ::1 GET /Service1.svc xsd=xsd3 49474 - ::1 Mozilla/4.0+(compatible;+MSIE+6.0;+MS+Web+Services+Client+Protocol+4.0.30319.42000) - 200 0 0 13
2018-03-28 11:51:13 ::1 GET /Service1.svc xsd=xsd1 49474 - ::1 Mozilla/4.0+(compatible;+MSIE+6.0;+MS+Web+Services+Client+Protocol+4.0.30319.42000) - 200 0 0 21
#Software: Microsoft Internet Information Services 10.0
#Version: 1.0
#Date: 2018-03-28 12:09:02
#Fields: date time s-ip cs-method cs-uri-stem cs-uri-query s-port cs-username c-ip cs(User-Agent) cs(Referer) sc-status sc-substatus sc-win32-status time-taken
2018-03-28 12:09:02 ::1 POST /Service1.svc - 49474 - ::1 - - 200 0 0 1054
2018-03-28 12:09:14 ::1 POST /Service1.svc - 49474 - ::1 - - 200 0 0 238
2018-03-28 12:09:18 ::1 POST /Service1.svc - 49474 - ::1 - - 200 0 0 60
2018-03-28 12:09:18 ::1 POST /Service1.svc - 49474 - ::1 - - 200 0 0 76
2018-03-28 12:11:02 ::1 POST /Service1.svc - 49474 - ::1 - - 200 0 0 64
2018-03-28 12:11:35 ::1 POST /Service1.svc - 49474 - ::1 - - 200 0 0 88
2018-03-28 12:11:37 ::1 POST /Service1.svc - 49474 - ::1 - - 200 0 0 37
2018-03-28 12:11:39 ::1 POST /Service1.svc - 49474 - ::1 - - 200 0 0 100
2018-03-28 12:11:39 ::1 POST /Service1.svc - 49474 - ::1 - - 200 0 0 50
2018-03-28 12:12:13 ::1 POST /Service1.svc - 49474 - ::1 - - 200 0 0 94
2018-03-28 12:12:21 ::1 POST /Service1.svc - 49474 - ::1 - - 200 0 0 134
2018-03-28 12:12:55 ::1 POST /Service1.svc - 49474 - ::1 - - 200 0 0 198
2018-03-28 12:13:08 ::1 POST /Service1.svc - 49474 - ::1 - - 200 0 0 106
2018-03-28 12:13:08 ::1 POST /Service1.svc - 49474 - ::1 - - 200 0 0 57
2018-03-28 12:13:22 ::1 POST /Service1.svc - 49474 - ::1 - - 200 0 0 62
2018-03-28 12:16:22 ::1 POST /Service1.svc - 49474 - ::1 - - 200 0 0 66
2018-03-28 12:16:27 ::1 POST /Service1.svc - 49474 - ::1 - - 200 0 0 105
2018-03-28 12:16:37 ::1 POST /Service1.svc - 49474 - ::1 - - 200 0 0 211
2018-03-28 12:19:25 ::1 POST /Service1.svc - 49474 - ::1 - - 200 0 0 36
2018-03-28 12:19:45 ::1 POST /Service1.svc - 49474 - ::1 - - 200 0 0 69
2018-03-28 12:19:45 ::1 POST /Service1.svc - 49474 - ::1 - - 200 0 0 164
2018-03-28 12:21:09 ::1 POST /Service1.svc - 49474 - ::1 - - 200 0 0 26
2018-03-28 12:21:11 ::1 POST /Service1.svc - 49474 - ::1 - - 200 0 0 19
2018-03-28 12:21:11 ::1 POST /Service1.svc - 49474 - ::1 - - 200 0 0 96
2018-03-28 12:27:23 ::1 POST /Service1.svc - 49474 - ::1 - - 200 0 0 337
2018-03-28 12:27:28 ::1 POST /Service1.svc - 49474 - ::1 - - 200 0 0 294
2018-03-28 12:27:28 ::1 POST /Service1.svc - 49474 - ::1 - - 200 0 0 172
2018-03-28 12:28:12 ::1 POST /Service1.svc - 49474 - ::1 - - 200 0 0 112
2018-03-28 12:28:26 ::1 POST /Service1.svc - 49474 - ::1 - - 200 0 0 17
2018-03-28 12:28:38 ::1 POST /Service1.svc - 49474 - ::1 - - 200 0 0 114
2018-03-28 12:28:45 ::1 POST /Service1.svc - 49474 - ::1 - - 200 0 0 31
2018-03-28 12:28:45 ::1 POST /Service1.svc - 49474 - ::1 - - 200 0 0 46
2018-03-28 12:29:15 ::1 POST /Service1.svc - 49474 - ::1 - - 200 0 0 26
2018-03-28 12:29:18 ::1 POST /Service1.svc - 49474 - ::1 - - 200 0 0 102
2018-03-28 12:29:18 ::1 POST /Service1.svc - 49474 - ::1 - - 200 0 0 67
2018-03-28 12:29:50 ::1 POST /Service1.svc - 49474 - ::1 - - 200 0 0 9
2018-03-28 12:29:51 ::1 POST /Service1.svc - 49474 - ::1 - - 200 0 0 31
2018-03-28 12:29:51 ::1 POST /Service1.svc - 49474 - ::1 - - 200 0 0 43
2018-03-28 12:29:51 ::1 POST /Service1.svc - 49474 - ::1 - - 200 0 0 11
2018-03-28 12:29:52 ::1 POST /Service1.svc - 49474 - ::1 - - 200 0 0 29
2018-03-28 12:29:52 ::1 POST /Service1.svc - 49474 - ::1 - - 200 0 0 9
2018-03-28 12:29:52 ::1 POST /Service1.svc - 49474 - ::1 - - 200 0 0 8
2018-03-28 12:29:52 ::1 POST /Service1.svc - 49474 - ::1 - - 200 0 0 35
2018-03-28 12:29:53 ::1 POST /Service1.svc - 49474 - ::1 - - 200 0 0 9
2018-03-28 12:29:53 ::1 POST /Service1.svc - 49474 - ::1 - - 200 0 0 18
2018-03-28 12:29:53 ::1 POST /Service1.svc - 49474 - ::1 - - 200 0 0 9
2018-03-28 12:29:53 ::1 POST /Service1.svc - 49474 - ::1 - - 200 0 0 15
2018-03-28 12:29:55 ::1 POST /Service1.svc - 49474 - ::1 - - 200 0 0 65
2018-03-28 12:31:05 ::1 POST /Service1.svc - 49474 - ::1 - - 200 0 0 233
2018-03-28 12:31:08 ::1 POST /Service1.svc - 49474 - ::1 - - 200 0 0 129
2018-03-28 12:31:08 ::1 POST /Service1.svc - 49474 - ::1 - - 200 0 0 77
2018-03-28 12:31:34 ::1 POST /Service1.svc - 49474 - ::1 - - 200 0 0 39
2018-03-28 12:31:35 ::1 POST /Service1.svc - 49474 - ::1 - - 200 0 0 367
2018-03-28 12:31:35 ::1 POST /Service1.svc - 49474 - ::1 - - 200 0 0 125
2018-03-28 12:31:37 ::1 POST /Service1.svc - 49474 - ::1 - - 200 0 0 197
2018-03-28 12:31:37 ::1 POST /Service1.svc - 49474 - ::1 - - 200 0 0 51
2018-03-28 12:31:39 ::1 POST /Service1.svc - 49474 - ::1 - - 200 0 0 110
2018-03-28 12:31:39 ::1 POST /Service1.svc - 49474 - ::1 - - 200 0 0 68
2018-03-28 12:31:39 ::1 POST /Service1.svc - 49474 - ::1 - - 200 0 0 120
2018-03-28 12:31:40 ::1 POST /Service1.svc - 49474 - ::1 - - 200 0 0 230
2018-03-28 12:31:40 ::1 POST /Service1.svc - 49474 - ::1 - - 200 0 0 37
2018-03-28 12:31:40 ::1 POST /Service1.svc - 49474 - ::1 - - 200 0 0 121
2018-03-28 12:31:40 ::1 POST /Service1.svc - 49474 - ::1 - - 200 0 0 55
2018-03-28 12:31:41 ::1 POST /Service1.svc - 49474 - ::1 - - 200 0 0 416
2018-03-28 12:31:41 ::1 POST /Service1.svc - 49474 - ::1 - - 200 0 0 73
2018-03-28 12:31:41 ::1 POST /Service1.svc - 49474 - ::1 - - 200 0 0 38
2018-03-28 12:31:41 ::1 POST /Service1.svc - 49474 - ::1 - - 200 0 0 17
2018-03-28 12:42:19 ::1 POST /Service1.svc - 49474 - ::1 - - 200 0 0 66
2018-03-28 12:42:32 ::1 POST /Service1.svc - 49474 - ::1 - - 200 0 0 228
2018-03-28 12:42:32 ::1 POST /Service1.svc - 49474 - ::1 - - 200 0 0 57
2018-03-28 12:45:32 ::1 POST /Service1.svc - 49474 - ::1 - - 200 0 0 44
2018-03-28 12:45:35 ::1 POST /Service1.svc - 49474 - ::1 - - 200 0 0 190
2018-03-28 12:45:35 ::1 POST /Service1.svc - 49474 - ::1 - - 200 0 0 149
2018-03-28 12:46:03 ::1 POST /Service1.svc - 49474 - ::1 - - 200 0 0 134
2018-03-28 12:51:30 ::1 POST /Service1.svc - 49474 - ::1 - - 200 0 0 216
2018-03-28 12:51:35 ::1 POST /Service1.svc - 49474 - ::1 - - 200 0 0 325
2018-03-28 12:51:35 ::1 POST /Service1.svc - 49474 - ::1 - - 200 0 0 108
2018-03-28 12:52:02 ::1 POST /Service1.svc - 49474 - ::1 - - 200 0 0 123
