#Software: Microsoft Internet Information Services 10.0
#Version: 1.0
#Date: 2018-06-20 08:05:22
#Fields: date time s-ip cs-method cs-uri-stem cs-uri-query s-port cs-username c-ip cs(User-Agent) cs(Referer) sc-status sc-substatus sc-win32-status time-taken
2018-06-20 08:05:21 ::1 POST /Service1.svc - 49474 - ::1 - - 415 0 0 39480
2018-06-20 08:05:22 ::1 POST /Service1.svc/mex - 49474 - ::1 - - 415 0 0 12
2018-06-20 08:05:29 ::1 GET /Service1.svc - 49474 - ::1 Mozilla/4.0+(compatible;+MSIE+6.0;+MS+Web+Services+Client+Protocol+4.0.30319.42000) - 200 0 0 7163
2018-06-20 08:05:29 ::1 GET /Service1.svc disco 49474 - ::1 Mozilla/4.0+(compatible;+MSIE+6.0;+MS+Web+Services+Client+Protocol+4.0.30319.42000) - 200 0 0 7
2018-06-20 08:05:29 ::1 GET /Service1.svc wsdl 49474 - ::1 Mozilla/4.0+(compatible;+MSIE+6.0;+MS+Web+Services+Client+Protocol+4.0.30319.42000) - 200 0 0 397
2018-06-20 08:05:35 ::1 GET /Service1.svc xsd=xsd0 49474 - ::1 Mozilla/4.0+(compatible;+MSIE+6.0;+MS+Web+Services+Client+Protocol+4.0.30319.42000) - 200 0 0 4029
2018-06-20 08:05:35 ::1 GET /Service1.svc xsd=xsd2 49474 - ::1 Mozilla/4.0+(compatible;+MSIE+6.0;+MS+Web+Services+Client+Protocol+4.0.30319.42000) - 200 0 0 10
2018-06-20 08:05:35 ::1 GET /Service1.svc xsd=xsd3 49474 - ::1 Mozilla/4.0+(compatible;+MSIE+6.0;+MS+Web+Services+Client+Protocol+4.0.30319.42000) - 200 0 0 19
2018-06-20 08:05:35 ::1 GET /Service1.svc xsd=xsd1 49474 - ::1 Mozilla/4.0+(compatible;+MSIE+6.0;+MS+Web+Services+Client+Protocol+4.0.30319.42000) - 200 0 0 18
2018-06-20 08:09:09 ::1 POST /Service1.svc - 49474 - ::1 - - 200 0 0 17800
2018-06-20 08:09:09 ::1 POST /Service1.svc - 49474 - ::1 - - 200 0 0 258
2018-06-20 08:09:09 ::1 POST /Service1.svc - 49474 - ::1 - - 200 0 0 108
2018-06-20 08:09:30 ::1 POST /Service1.svc - 49474 - ::1 - - 200 0 0 14823
2018-06-20 08:09:30 ::1 POST /Service1.svc - 49474 - ::1 - - 200 0 0 96
2018-06-20 08:09:30 ::1 POST /Service1.svc - 49474 - ::1 - - 200 0 0 85
2018-06-20 08:09:34 ::1 POST /Service1.svc - 49474 - ::1 - - 200 0 0 50
2018-06-20 08:09:34 ::1 POST /Service1.svc - 49474 - ::1 - - 200 0 0 33
2018-06-20 08:09:34 ::1 POST /Service1.svc - 49474 - ::1 - - 200 0 0 73
2018-06-20 08:09:59 ::1 POST /Service1.svc - 49474 - ::1 - - 200 0 0 14784
2018-06-20 08:09:59 ::1 POST /Service1.svc - 49474 - ::1 - - 200 0 0 40
2018-06-20 08:09:59 ::1 POST /Service1.svc - 49474 - ::1 - - 200 0 0 52
2018-06-20 08:09:59 ::1 POST /Service1.svc - 49474 - ::1 - - 200 0 0 78
2018-06-20 08:09:59 ::1 POST /Service1.svc - 49474 - ::1 - - 200 0 0 103
2018-06-20 08:09:59 ::1 POST /Service1.svc - 49474 - ::1 - - 200 0 0 93
2018-06-20 08:10:02 ::1 POST /Service1.svc - 49474 - ::1 - - 200 0 0 125
2018-06-20 08:10:02 ::1 POST /Service1.svc - 49474 - ::1 - - 200 0 0 48
2018-06-20 08:10:02 ::1 POST /Service1.svc - 49474 - ::1 - - 200 0 0 140
2018-06-20 08:10:12 ::1 POST /Service1.svc - 49474 - ::1 - - 200 0 0 71
2018-06-20 08:10:12 ::1 POST /Service1.svc - 49474 - ::1 - - 200 0 0 39
2018-06-20 08:10:12 ::1 POST /Service1.svc - 49474 - ::1 - - 200 0 0 108
2018-06-20 08:13:27 ::1 POST /Service1.svc - 49474 - ::1 - - 200 0 0 14790
2018-06-20 08:13:41 ::1 POST /Service1.svc - 49474 - ::1 - - 200 0 0 14806
2018-06-20 08:13:41 ::1 POST /Service1.svc - 49474 - ::1 - - 200 0 0 34
2018-06-20 08:13:46 ::1 POST /Service1.svc - 49474 - ::1 - - 200 0 0 32
2018-06-20 08:13:46 ::1 POST /Service1.svc - 49474 - ::1 - - 200 0 0 120
2018-06-20 08:13:46 ::1 POST /Service1.svc - 49474 - ::1 - - 200 0 0 42
2018-06-20 08:14:02 ::1 POST /Service1.svc - 49474 - ::1 - - 200 0 0 14667
2018-06-20 08:14:17 ::1 POST /Service1.svc - 49474 - ::1 - - 200 0 0 14673
2018-06-20 08:14:17 ::1 POST /Service1.svc - 49474 - ::1 - - 200 0 0 44
2018-06-20 08:14:17 ::1 POST /Service1.svc - 49474 - ::1 - - 200 0 0 79
2018-06-20 08:14:17 ::1 POST /Service1.svc - 49474 - ::1 - - 200 0 0 87
2018-06-20 08:14:17 ::1 POST /Service1.svc - 49474 - ::1 - - 200 0 0 104
2018-06-20 08:14:51 ::1 POST /Service1.svc - 49474 - ::1 - - 200 0 0 14819
2018-06-20 08:14:53 ::1 POST /Service1.svc - 49474 - ::1 - - 200 0 0 82
2018-06-20 08:15:12 ::1 POST /Service1.svc - 49474 - ::1 - - 200 0 0 14887
2018-06-20 08:15:37 ::1 POST /Service1.svc - 49474 - ::1 - - 200 0 0 14794
#Software: Microsoft Internet Information Services 10.0
#Version: 1.0
#Date: 2018-06-20 08:50:46
#Fields: date time s-ip cs-method cs-uri-stem cs-uri-query s-port cs-username c-ip cs(User-Agent) cs(Referer) sc-status sc-substatus sc-win32-status time-taken
2018-06-20 08:50:45 ::1 POST /Service1.svc - 49474 - ::1 - - 200 0 0 14881
2018-06-20 08:50:45 ::1 POST /Service1.svc - 49474 - ::1 - - 200 0 0 273
2018-06-20 08:50:45 ::1 POST /Service1.svc - 49474 - ::1 - - 200 0 0 220
2018-06-20 08:55:41 ::1 POST /Service1.svc - 49474 - ::1 - - 200 0 0 14826
2018-06-20 08:55:41 ::1 POST /Service1.svc - 49474 - ::1 - - 200 0 0 103
2018-06-20 08:55:41 ::1 POST /Service1.svc - 49474 - ::1 - - 200 0 0 60
#Software: Microsoft Internet Information Services 10.0
#Version: 1.0
#Date: 2018-06-20 12:25:31
#Fields: date time s-ip cs-method cs-uri-stem cs-uri-query s-port cs-username c-ip cs(User-Agent) cs(Referer) sc-status sc-substatus sc-win32-status time-taken
2018-06-20 12:25:31 ::1 POST /Service1.svc - 49474 - ::1 - - 415 0 0 16041
2018-06-20 12:25:31 ::1 POST /Service1.svc/mex - 49474 - ::1 - - 415 0 0 8
2018-06-20 12:25:36 ::1 GET /Service1.svc - 49474 - ::1 Mozilla/4.0+(compatible;+MSIE+6.0;+MS+Web+Services+Client+Protocol+4.0.30319.42000) - 200 0 0 4671
2018-06-20 12:25:36 ::1 GET /Service1.svc disco 49474 - ::1 Mozilla/4.0+(compatible;+MSIE+6.0;+MS+Web+Services+Client+Protocol+4.0.30319.42000) - 200 0 0 23
2018-06-20 12:25:36 ::1 GET /Service1.svc wsdl 49474 - ::1 Mozilla/4.0+(compatible;+MSIE+6.0;+MS+Web+Services+Client+Protocol+4.0.30319.42000) - 200 0 0 77
2018-06-20 12:25:37 ::1 GET /Service1.svc xsd=xsd0 49474 - ::1 Mozilla/4.0+(compatible;+MSIE+6.0;+MS+Web+Services+Client+Protocol+4.0.30319.42000) - 200 0 0 926
2018-06-20 12:25:37 ::1 GET /Service1.svc xsd=xsd2 49474 - ::1 Mozilla/4.0+(compatible;+MSIE+6.0;+MS+Web+Services+Client+Protocol+4.0.30319.42000) - 200 0 0 7
2018-06-20 12:25:37 ::1 GET /Service1.svc xsd=xsd3 49474 - ::1 Mozilla/4.0+(compatible;+MSIE+6.0;+MS+Web+Services+Client+Protocol+4.0.30319.42000) - 200 0 0 17
2018-06-20 12:25:37 ::1 GET /Service1.svc xsd=xsd1 49474 - ::1 Mozilla/4.0+(compatible;+MSIE+6.0;+MS+Web+Services+Client+Protocol+4.0.30319.42000) - 200 0 0 34
