#Software: Microsoft Internet Information Services 10.0
#Version: 1.0
#Date: 2018-04-04 12:16:46
#Fields: date time s-ip cs-method cs-uri-stem cs-uri-query s-port cs-username c-ip cs(User-Agent) cs(Referer) sc-status sc-substatus sc-win32-status time-taken
2018-04-04 12:16:46 ::1 POST /Service1.svc - 49474 - ::1 - - 415 0 0 30046
2018-04-04 12:16:46 ::1 POST /Service1.svc/mex - 49474 - ::1 - - 415 0 0 25
2018-04-04 12:16:50 ::1 GET /Service1.svc - 49474 - ::1 Mozilla/4.0+(compatible;+MSIE+6.0;+MS+Web+Services+Client+Protocol+4.0.30319.42000) - 200 0 0 2770
2018-04-04 12:16:50 ::1 GET /Service1.svc disco 49474 - ::1 Mozilla/4.0+(compatible;+MSIE+6.0;+MS+Web+Services+Client+Protocol+4.0.30319.42000) - 200 0 0 9
2018-04-04 12:16:50 ::1 GET /Service1.svc wsdl 49474 - ::1 Mozilla/4.0+(compatible;+MSIE+6.0;+MS+Web+Services+Client+Protocol+4.0.30319.42000) - 200 0 0 362
2018-04-04 12:16:52 ::1 GET /Service1.svc xsd=xsd0 49474 - ::1 Mozilla/4.0+(compatible;+MSIE+6.0;+MS+Web+Services+Client+Protocol+4.0.30319.42000) - 200 0 0 2401
2018-04-04 12:16:52 ::1 GET /Service1.svc xsd=xsd2 49474 - ::1 Mozilla/4.0+(compatible;+MSIE+6.0;+MS+Web+Services+Client+Protocol+4.0.30319.42000) - 200 0 0 7
2018-04-04 12:16:52 ::1 GET /Service1.svc xsd=xsd3 49474 - ::1 Mozilla/4.0+(compatible;+MSIE+6.0;+MS+Web+Services+Client+Protocol+4.0.30319.42000) - 200 0 0 14
2018-04-04 12:16:52 ::1 GET /Service1.svc xsd=xsd1 49474 - ::1 Mozilla/4.0+(compatible;+MSIE+6.0;+MS+Web+Services+Client+Protocol+4.0.30319.42000) - 200 0 0 14
2018-04-04 12:18:12 ::1 GET /Service1.svc - 49474 - ::1 Mozilla/4.0+(compatible;+MSIE+6.0;+MS+Web+Services+Client+Protocol+4.0.30319.42000) - 200 0 0 66
2018-04-04 12:18:12 ::1 GET /Service1.svc disco 49474 - ::1 Mozilla/4.0+(compatible;+MSIE+6.0;+MS+Web+Services+Client+Protocol+4.0.30319.42000) - 200 0 0 31
2018-04-04 12:18:12 ::1 GET /Service1.svc wsdl 49474 - ::1 Mozilla/4.0+(compatible;+MSIE+6.0;+MS+Web+Services+Client+Protocol+4.0.30319.42000) - 200 0 0 57
2018-04-04 12:18:12 ::1 GET /Service1.svc/$metadata - 49474 - ::1 Mozilla/4.0+(compatible;+MSIE+6.0;+MS+Web+Services+Client+Protocol+4.0.30319.42000) - 400 0 0 424
2018-04-04 12:18:12 ::1 GET /Service1.svc xsd=xsd0 49474 - ::1 Mozilla/4.0+(compatible;+MSIE+6.0;+MS+Web+Services+Client+Protocol+4.0.30319.42000) - 200 0 0 107
2018-04-04 12:18:12 ::1 GET /Service1.svc xsd=xsd2 49474 - ::1 Mozilla/4.0+(compatible;+MSIE+6.0;+MS+Web+Services+Client+Protocol+4.0.30319.42000) - 200 0 0 37
2018-04-04 12:18:12 ::1 GET /Service1.svc xsd=xsd3 49474 - ::1 Mozilla/4.0+(compatible;+MSIE+6.0;+MS+Web+Services+Client+Protocol+4.0.30319.42000) - 200 0 0 10
2018-04-04 12:18:12 ::1 GET /Service1.svc xsd=xsd1 49474 - ::1 Mozilla/4.0+(compatible;+MSIE+6.0;+MS+Web+Services+Client+Protocol+4.0.30319.42000) - 200 0 0 17
2018-04-04 12:18:14 ::1 POST /Service1.svc - 49474 - ::1 - - 415 0 0 300
2018-04-04 12:18:14 ::1 POST /Service1.svc/mex - 49474 - ::1 - - 415 0 0 345
2018-04-04 12:19:13 ::1 POST /Service1.svc - 49474 - ::1 - - 200 0 0 5328
2018-04-04 12:19:17 ::1 POST /Service1.svc - 49474 - ::1 - - 200 0 0 193
2018-04-04 12:19:17 ::1 POST /Service1.svc - 49474 - ::1 - - 200 0 0 179
2018-04-04 12:19:17 ::1 POST /Service1.svc - 49474 - ::1 - - 200 0 0 41
2018-04-04 12:19:17 ::1 POST /Service1.svc - 49474 - ::1 - - 200 0 0 187
2018-04-04 12:19:32 ::1 POST /Service1.svc - 49474 - ::1 - - 200 0 0 63
2018-04-04 12:19:40 ::1 POST /Service1.svc - 49474 - ::1 - - 200 0 0 205
2018-04-04 12:19:44 ::1 POST /Service1.svc - 49474 - ::1 - - 200 0 0 154
2018-04-04 12:19:44 ::1 POST /Service1.svc - 49474 - ::1 - - 200 0 0 96
2018-04-04 12:19:44 ::1 POST /Service1.svc - 49474 - ::1 - - 200 0 0 475
2018-04-04 12:19:55 ::1 POST /Service1.svc - 49474 - ::1 - - 200 0 0 24
2018-04-04 12:20:04 ::1 POST /Service1.svc - 49474 - ::1 - - 200 0 0 12
2018-04-04 12:20:04 ::1 POST /Service1.svc - 49474 - ::1 - - 200 0 0 64
2018-04-04 12:20:06 ::1 POST /Service1.svc - 49474 - ::1 - - 200 0 0 28
