#Software: Microsoft Internet Information Services 10.0
#Version: 1.0
#Date: 2018-05-24 06:18:21
#Fields: date time s-ip cs-method cs-uri-stem cs-uri-query s-port cs-username c-ip cs(User-Agent) cs(Referer) sc-status sc-substatus sc-win32-status time-taken
2018-05-24 06:18:21 ::1 POST /Service1.svc - 49474 - ::1 - - 415 0 0 24185
2018-05-24 06:18:21 ::1 POST /Service1.svc/mex - 49474 - ::1 - - 415 0 0 50
2018-05-24 06:18:28 ::1 GET /Service1.svc - 49474 - ::1 Mozilla/4.0+(compatible;+MSIE+6.0;+MS+Web+Services+Client+Protocol+4.0.30319.42000) - 200 0 0 5422
2018-05-24 06:18:28 ::1 GET /Service1.svc disco 49474 - ::1 Mozilla/4.0+(compatible;+MSIE+6.0;+MS+Web+Services+Client+Protocol+4.0.30319.42000) - 200 0 0 6
2018-05-24 06:18:28 ::1 GET /Service1.svc wsdl 49474 - ::1 Mozilla/4.0+(compatible;+MSIE+6.0;+MS+Web+Services+Client+Protocol+4.0.30319.42000) - 200 0 0 144
2018-05-24 06:18:29 ::1 GET /Service1.svc xsd=xsd0 49474 - ::1 Mozilla/4.0+(compatible;+MSIE+6.0;+MS+Web+Services+Client+Protocol+4.0.30319.42000) - 200 0 0 1042
2018-05-24 06:18:29 ::1 GET /Service1.svc xsd=xsd2 49474 - ::1 Mozilla/4.0+(compatible;+MSIE+6.0;+MS+Web+Services+Client+Protocol+4.0.30319.42000) - 200 0 0 60
2018-05-24 06:18:29 ::1 GET /Service1.svc xsd=xsd3 49474 - ::1 Mozilla/4.0+(compatible;+MSIE+6.0;+MS+Web+Services+Client+Protocol+4.0.30319.42000) - 200 0 0 18
2018-05-24 06:18:29 ::1 GET /Service1.svc xsd=xsd1 49474 - ::1 Mozilla/4.0+(compatible;+MSIE+6.0;+MS+Web+Services+Client+Protocol+4.0.30319.42000) - 200 0 0 18
2018-05-24 06:18:59 ::1 GET /Service1.svc - 49474 - ::1 Mozilla/4.0+(compatible;+MSIE+6.0;+MS+Web+Services+Client+Protocol+4.0.30319.42000) - 200 0 0 82
2018-05-24 06:18:59 ::1 GET /Service1.svc disco 49474 - ::1 Mozilla/4.0+(compatible;+MSIE+6.0;+MS+Web+Services+Client+Protocol+4.0.30319.42000) - 200 0 0 8
2018-05-24 06:18:59 ::1 GET /Service1.svc wsdl 49474 - ::1 Mozilla/4.0+(compatible;+MSIE+6.0;+MS+Web+Services+Client+Protocol+4.0.30319.42000) - 200 0 0 72
2018-05-24 06:18:59 ::1 GET /Service1.svc/$metadata - 49474 - ::1 Mozilla/4.0+(compatible;+MSIE+6.0;+MS+Web+Services+Client+Protocol+4.0.30319.42000) - 400 0 0 480
2018-05-24 06:18:59 ::1 GET /Service1.svc xsd=xsd0 49474 - ::1 Mozilla/4.0+(compatible;+MSIE+6.0;+MS+Web+Services+Client+Protocol+4.0.30319.42000) - 200 0 0 120
2018-05-24 06:18:59 ::1 GET /Service1.svc xsd=xsd2 49474 - ::1 Mozilla/4.0+(compatible;+MSIE+6.0;+MS+Web+Services+Client+Protocol+4.0.30319.42000) - 200 0 0 72
2018-05-24 06:19:00 ::1 GET /Service1.svc xsd=xsd3 49474 - ::1 Mozilla/4.0+(compatible;+MSIE+6.0;+MS+Web+Services+Client+Protocol+4.0.30319.42000) - 200 0 0 274
2018-05-24 06:19:00 ::1 GET /Service1.svc xsd=xsd1 49474 - ::1 Mozilla/4.0+(compatible;+MSIE+6.0;+MS+Web+Services+Client+Protocol+4.0.30319.42000) - 200 0 0 358
2018-05-24 06:19:00 ::1 POST /Service1.svc - 49474 - ::1 - - 415 0 0 174
2018-05-24 06:19:00 ::1 POST /Service1.svc/mex - 49474 - ::1 - - 415 0 0 169
2018-05-24 06:20:55 ::1 POST /Service1.svc - 49474 - ::1 - - 200 0 0 2421
2018-05-24 06:20:55 ::1 POST /Service1.svc - 49474 - ::1 - - 200 0 0 79
2018-05-24 06:20:55 ::1 POST /Service1.svc - 49474 - ::1 - - 200 0 0 291
2018-05-24 06:21:49 ::1 POST /Service1.svc - 49474 - ::1 - - 200 0 0 121
2018-05-24 06:21:49 ::1 POST /Service1.svc - 49474 - ::1 - - 200 0 0 73
2018-05-24 06:21:49 ::1 POST /Service1.svc - 49474 - ::1 - - 200 0 0 128
2018-05-24 06:21:50 ::1 POST /Service1.svc - 49474 - ::1 - - 200 0 0 744
2018-05-24 06:21:52 ::1 POST /Service1.svc - 49474 - ::1 - - 200 0 0 91
2018-05-24 06:21:52 ::1 POST /Service1.svc - 49474 - ::1 - - 200 0 0 71
2018-05-24 06:21:52 ::1 POST /Service1.svc - 49474 - ::1 - - 200 0 0 31
2018-05-24 06:21:52 ::1 POST /Service1.svc - 49474 - ::1 - - 200 0 0 18
2018-05-24 06:21:52 ::1 POST /Service1.svc - 49474 - ::1 - - 200 0 0 16
2018-05-24 06:21:52 ::1 POST /Service1.svc - 49474 - ::1 - - 200 0 0 91
2018-05-24 06:21:52 ::1 POST /Service1.svc - 49474 - ::1 - - 200 0 0 199
2018-05-24 06:21:55 ::1 POST /Service1.svc - 49474 - ::1 - - 200 0 0 74
2018-05-24 06:21:55 ::1 POST /Service1.svc - 49474 - ::1 - - 200 0 0 104
2018-05-24 06:21:57 ::1 POST /Service1.svc - 49474 - ::1 - - 200 0 0 89
2018-05-24 06:21:57 ::1 POST /Service1.svc - 49474 - ::1 - - 200 0 0 25
2018-05-24 06:21:57 ::1 POST /Service1.svc - 49474 - ::1 - - 200 0 0 132
2018-05-24 06:21:57 ::1 POST /Service1.svc - 49474 - ::1 - - 200 0 0 160
2018-05-24 06:21:59 ::1 POST /Service1.svc - 49474 - ::1 - - 200 0 0 84
2018-05-24 06:21:59 ::1 POST /Service1.svc - 49474 - ::1 - - 200 0 0 104
2018-05-24 06:21:59 ::1 POST /Service1.svc - 49474 - ::1 - - 200 0 0 43
2018-05-24 06:22:01 ::1 POST /Service1.svc - 49474 - ::1 - - 200 0 0 61
2018-05-24 06:22:01 ::1 POST /Service1.svc - 49474 - ::1 - - 200 0 0 91
2018-05-24 06:22:01 ::1 POST /Service1.svc - 49474 - ::1 - - 200 0 0 99
2018-05-24 06:22:01 ::1 POST /Service1.svc - 49474 - ::1 - - 200 0 0 217
2018-05-24 06:22:03 ::1 POST /Service1.svc - 49474 - ::1 - - 200 0 0 57
2018-05-24 06:22:03 ::1 POST /Service1.svc - 49474 - ::1 - - 200 0 0 55
2018-05-24 06:22:03 ::1 POST /Service1.svc - 49474 - ::1 - - 200 0 0 138
2018-05-24 06:22:03 ::1 POST /Service1.svc - 49474 - ::1 - - 200 0 0 107
2018-05-24 06:22:03 ::1 POST /Service1.svc - 49474 - ::1 - - 200 0 0 91
2018-05-24 06:22:03 ::1 POST /Service1.svc - 49474 - ::1 - - 200 0 0 108
2018-05-24 06:22:05 ::1 POST /Service1.svc - 49474 - ::1 - - 200 0 0 610
2018-05-24 06:22:05 ::1 POST /Service1.svc - 49474 - ::1 - - 200 0 0 927
2018-05-24 06:22:07 ::1 POST /Service1.svc - 49474 - ::1 - - 200 0 0 1122
2018-05-24 06:22:07 ::1 POST /Service1.svc - 49474 - ::1 - - 200 0 0 481
2018-05-24 06:22:17 ::1 POST /Service1.svc - 49474 - ::1 - - 200 0 0 224
2018-05-24 06:22:36 ::1 POST /Service1.svc - 49474 - ::1 - - 200 0 0 272
2018-05-24 06:22:38 ::1 POST /Service1.svc - 49474 - ::1 - - 200 0 0 80
2018-05-24 06:22:40 ::1 POST /Service1.svc - 49474 - ::1 - - 200 0 0 89
2018-05-24 06:22:49 ::1 POST /Service1.svc - 49474 - ::1 - - 200 0 0 230
2018-05-24 06:22:49 ::1 POST /Service1.svc - 49474 - ::1 - - 200 0 0 115
2018-05-24 06:22:49 ::1 POST /Service1.svc - 49474 - ::1 - - 200 0 0 88
2018-05-24 06:22:49 ::1 POST /Service1.svc - 49474 - ::1 - - 200 0 0 103
2018-05-24 06:22:49 ::1 POST /Service1.svc - 49474 - ::1 - - 200 0 0 146
2018-05-24 06:23:10 ::1 POST /Service1.svc - 49474 - ::1 - - 200 0 0 21
2018-05-24 06:23:10 ::1 POST /Service1.svc - 49474 - ::1 - - 200 0 0 190
2018-05-24 06:23:12 ::1 POST /Service1.svc - 49474 - ::1 - - 200 0 0 1906
2018-05-24 06:23:14 ::1 POST /Service1.svc - 49474 - ::1 - - 200 0 0 98
2018-05-24 06:23:15 ::1 POST /Service1.svc - 49474 - ::1 - - 200 0 0 33
2018-05-24 06:23:19 ::1 POST /Service1.svc - 49474 - ::1 - - 200 0 0 159
2018-05-24 06:23:19 ::1 POST /Service1.svc - 49474 - ::1 - - 200 0 0 96
2018-05-24 06:23:25 ::1 POST /Service1.svc - 49474 - ::1 - - 200 0 0 14
2018-05-24 06:23:25 ::1 POST /Service1.svc - 49474 - ::1 - - 200 0 0 29
2018-05-24 06:23:25 ::1 POST /Service1.svc - 49474 - ::1 - - 200 0 0 68
2018-05-24 06:23:25 ::1 POST /Service1.svc - 49474 - ::1 - - 200 0 0 89
2018-05-24 06:23:25 ::1 POST /Service1.svc - 49474 - ::1 - - 200 0 0 135
2018-05-24 06:23:25 ::1 POST /Service1.svc - 49474 - ::1 - - 200 0 0 33
2018-05-24 06:23:27 ::1 POST /Service1.svc - 49474 - ::1 - - 200 0 0 61
2018-05-24 06:23:27 ::1 POST /Service1.svc - 49474 - ::1 - - 200 0 0 22
2018-05-24 06:23:27 ::1 POST /Service1.svc - 49474 - ::1 - - 200 0 0 48
2018-05-24 06:23:27 ::1 POST /Service1.svc - 49474 - ::1 - - 200 0 0 46
2018-05-24 06:23:27 ::1 POST /Service1.svc - 49474 - ::1 - - 200 0 0 20
2018-05-24 06:23:27 ::1 POST /Service1.svc - 49474 - ::1 - - 200 0 0 26
2018-05-24 06:23:27 ::1 POST /Service1.svc - 49474 - ::1 - - 200 0 0 59
2018-05-24 06:23:27 ::1 POST /Service1.svc - 49474 - ::1 - - 200 0 0 144
2018-05-24 06:23:27 ::1 POST /Service1.svc - 49474 - ::1 - - 200 0 0 166
2018-05-24 06:23:30 ::1 POST /Service1.svc - 49474 - ::1 - - 200 0 0 120
2018-05-24 06:23:30 ::1 POST /Service1.svc - 49474 - ::1 - - 200 0 0 69
2018-05-24 06:23:30 ::1 POST /Service1.svc - 49474 - ::1 - - 200 0 0 137
2018-05-24 06:23:30 ::1 POST /Service1.svc - 49474 - ::1 - - 200 0 0 117
2018-05-24 06:23:45 ::1 POST /Service1.svc - 49474 - ::1 - - 200 0 0 728
2018-05-24 06:23:47 ::1 POST /Service1.svc - 49474 - ::1 - - 200 0 0 201
2018-05-24 06:23:47 ::1 POST /Service1.svc - 49474 - ::1 - - 200 0 0 63
2018-05-24 06:23:47 ::1 POST /Service1.svc - 49474 - ::1 - - 200 0 0 236
2018-05-24 06:23:47 ::1 POST /Service1.svc - 49474 - ::1 - - 200 0 0 166
2018-05-24 06:23:47 ::1 POST /Service1.svc - 49474 - ::1 - - 200 0 0 185
2018-05-24 06:23:48 ::1 POST /Service1.svc - 49474 - ::1 - - 200 0 0 295
2018-05-24 06:24:01 ::1 POST /Service1.svc - 49474 - ::1 - - 200 0 0 16
2018-05-24 06:24:01 ::1 POST /Service1.svc - 49474 - ::1 - - 200 0 0 55
2018-05-24 06:24:01 ::1 POST /Service1.svc - 49474 - ::1 - - 200 0 0 69
2018-05-24 06:24:01 ::1 POST /Service1.svc - 49474 - ::1 - - 200 0 0 77
2018-05-24 06:24:05 ::1 POST /Service1.svc - 49474 - ::1 - - 200 0 0 37
2018-05-24 06:24:05 ::1 POST /Service1.svc - 49474 - ::1 - - 200 0 0 24
2018-05-24 06:24:05 ::1 POST /Service1.svc - 49474 - ::1 - - 200 0 0 24
2018-05-24 06:24:05 ::1 POST /Service1.svc - 49474 - ::1 - - 200 0 0 29
2018-05-24 06:24:05 ::1 POST /Service1.svc - 49474 - ::1 - - 200 0 0 195
2018-05-24 06:24:08 ::1 POST /Service1.svc - 49474 - ::1 - - 200 0 0 76
2018-05-24 06:24:08 ::1 POST /Service1.svc - 49474 - ::1 - - 200 0 0 31
2018-05-24 06:24:08 ::1 POST /Service1.svc - 49474 - ::1 - - 200 0 0 31
2018-05-24 06:24:08 ::1 POST /Service1.svc - 49474 - ::1 - - 200 0 0 173
2018-05-24 06:24:08 ::1 POST /Service1.svc - 49474 - ::1 - - 200 0 0 209
2018-05-24 06:24:09 ::1 POST /Service1.svc - 49474 - ::1 - - 200 0 0 744
2018-05-24 06:24:09 ::1 POST /Service1.svc - 49474 - ::1 - - 200 0 0 222
2018-05-24 06:24:12 ::1 POST /Service1.svc - 49474 - ::1 - - 200 0 0 154
2018-05-24 06:24:12 ::1 POST /Service1.svc - 49474 - ::1 - - 200 0 0 52
2018-05-24 06:24:12 ::1 POST /Service1.svc - 49474 - ::1 - - 200 0 0 63
2018-05-24 06:24:12 ::1 POST /Service1.svc - 49474 - ::1 - - 200 0 0 191
2018-05-24 06:24:12 ::1 POST /Service1.svc - 49474 - ::1 - - 200 0 0 563
2018-05-24 06:24:16 ::1 POST /Service1.svc - 49474 - ::1 - - 200 0 0 42
2018-05-24 06:24:16 ::1 POST /Service1.svc - 49474 - ::1 - - 200 0 0 71
2018-05-24 06:24:16 ::1 POST /Service1.svc - 49474 - ::1 - - 200 0 0 26
2018-05-24 06:24:16 ::1 POST /Service1.svc - 49474 - ::1 - - 200 0 0 31
2018-05-24 06:24:18 ::1 POST /Service1.svc - 49474 - ::1 - - 200 0 0 80
2018-05-24 06:24:18 ::1 POST /Service1.svc - 49474 - ::1 - - 200 0 0 56
2018-05-24 06:24:18 ::1 POST /Service1.svc - 49474 - ::1 - - 200 0 0 62
2018-05-24 06:24:18 ::1 POST /Service1.svc - 49474 - ::1 - - 200 0 0 88
2018-05-24 06:24:18 ::1 POST /Service1.svc - 49474 - ::1 - - 200 0 0 407
2018-05-24 06:24:20 ::1 POST /Service1.svc - 49474 - ::1 - - 200 0 0 848
2018-05-24 06:24:20 ::1 POST /Service1.svc - 49474 - ::1 - - 200 0 0 39
2018-05-24 06:24:20 ::1 POST /Service1.svc - 49474 - ::1 - - 200 0 0 90
2018-05-24 06:24:20 ::1 POST /Service1.svc - 49474 - ::1 - - 200 0 0 640
2018-05-24 06:24:20 ::1 POST /Service1.svc - 49474 - ::1 - - 200 0 0 97
2018-05-24 06:24:20 ::1 POST /Service1.svc - 49474 - ::1 - - 200 0 0 67
2018-05-24 06:24:20 ::1 POST /Service1.svc - 49474 - ::1 - - 200 0 0 37
2018-05-24 06:24:21 ::1 POST /Service1.svc - 49474 - ::1 - - 200 0 0 699
2018-05-24 06:24:23 ::1 POST /Service1.svc - 49474 - ::1 - - 200 0 0 19
2018-05-24 06:24:23 ::1 POST /Service1.svc - 49474 - ::1 - - 200 0 0 96
2018-05-24 06:24:23 ::1 POST /Service1.svc - 49474 - ::1 - - 200 0 0 55
2018-05-24 06:24:23 ::1 POST /Service1.svc - 49474 - ::1 - - 200 0 0 53
2018-05-24 06:24:23 ::1 POST /Service1.svc - 49474 - ::1 - - 200 0 0 101
2018-05-24 06:24:23 ::1 POST /Service1.svc - 49474 - ::1 - - 200 0 0 88
2018-05-24 06:24:23 ::1 POST /Service1.svc - 49474 - ::1 - - 200 0 0 48
2018-05-24 06:24:23 ::1 POST /Service1.svc - 49474 - ::1 - - 200 0 0 115
2018-05-24 06:24:24 ::1 POST /Service1.svc - 49474 - ::1 - - 200 0 0 832
2018-05-24 06:24:24 ::1 POST /Service1.svc - 49474 - ::1 - - 200 0 0 559
2018-05-24 06:24:24 ::1 POST /Service1.svc - 49474 - ::1 - - 200 0 0 73
2018-05-24 06:24:24 ::1 POST /Service1.svc - 49474 - ::1 - - 200 0 0 44
2018-05-24 06:24:24 ::1 POST /Service1.svc - 49474 - ::1 - - 200 0 0 119
2018-05-24 06:24:27 ::1 POST /Service1.svc - 49474 - ::1 - - 200 0 0 128
2018-05-24 06:24:27 ::1 POST /Service1.svc - 49474 - ::1 - - 200 0 0 36
2018-05-24 06:24:27 ::1 POST /Service1.svc - 49474 - ::1 - - 200 0 0 34
2018-05-24 06:24:27 ::1 POST /Service1.svc - 49474 - ::1 - - 200 0 0 32
2018-05-24 06:24:27 ::1 POST /Service1.svc - 49474 - ::1 - - 200 0 0 199
2018-05-24 06:24:27 ::1 POST /Service1.svc - 49474 - ::1 - - 200 0 0 526
2018-05-24 06:24:28 ::1 POST /Service1.svc - 49474 - ::1 - - 200 0 0 541
2018-05-24 06:24:28 ::1 POST /Service1.svc - 49474 - ::1 - - 200 0 0 341
2018-05-24 06:24:28 ::1 POST /Service1.svc - 49474 - ::1 - - 200 0 0 122
2018-05-24 06:24:28 ::1 POST /Service1.svc - 49474 - ::1 - - 200 0 0 362
2018-05-24 06:24:30 ::1 POST /Service1.svc - 49474 - ::1 - - 200 0 0 851
2018-05-24 06:24:30 ::1 POST /Service1.svc - 49474 - ::1 - - 200 0 0 766
2018-05-24 06:24:30 ::1 POST /Service1.svc - 49474 - ::1 - - 200 0 0 183
2018-05-24 06:24:32 ::1 POST /Service1.svc - 49474 - ::1 - - 200 0 0 39
2018-05-24 06:24:32 ::1 POST /Service1.svc - 49474 - ::1 - - 200 0 0 91
2018-05-24 06:24:32 ::1 POST /Service1.svc - 49474 - ::1 - - 200 0 0 120
2018-05-24 06:24:32 ::1 POST /Service1.svc - 49474 - ::1 - - 200 0 0 70
2018-05-24 06:37:57 ::1 POST /Service1.svc - 49474 - ::1 - - 200 0 0 60
2018-05-24 06:37:57 ::1 POST /Service1.svc - 49474 - ::1 - - 200 0 0 93
2018-05-24 06:37:57 ::1 POST /Service1.svc - 49474 - ::1 - - 200 0 0 27
2018-05-24 06:37:57 ::1 POST /Service1.svc - 49474 - ::1 - - 200 0 0 87
2018-05-24 06:38:55 ::1 POST /Service1.svc - 49474 - ::1 - - 200 0 0 21
2018-05-24 06:38:55 ::1 POST /Service1.svc - 49474 - ::1 - - 200 0 0 87
2018-05-24 06:38:55 ::1 POST /Service1.svc - 49474 - ::1 - - 200 0 0 74
2018-05-24 06:38:55 ::1 POST /Service1.svc - 49474 - ::1 - - 200 0 0 25
2018-05-24 06:38:57 ::1 POST /Service1.svc - 49474 - ::1 - - 200 0 0 530
2018-05-24 06:38:57 ::1 POST /Service1.svc - 49474 - ::1 - - 200 0 0 86
2018-05-24 06:39:01 ::1 POST /Service1.svc - 49474 - ::1 - - 200 0 0 84
2018-05-24 06:39:01 ::1 POST /Service1.svc - 49474 - ::1 - - 200 0 0 92
2018-05-24 06:39:01 ::1 POST /Service1.svc - 49474 - ::1 - - 200 0 0 59
2018-05-24 06:39:01 ::1 POST /Service1.svc - 49474 - ::1 - - 200 0 0 46
2018-05-24 06:39:01 ::1 POST /Service1.svc - 49474 - ::1 - - 200 0 0 142
2018-05-24 06:39:01 ::1 POST /Service1.svc - 49474 - ::1 - - 200 0 0 109
2018-05-24 06:39:01 ::1 POST /Service1.svc - 49474 - ::1 - - 200 0 0 99
2018-05-24 06:39:01 ::1 POST /Service1.svc - 49474 - ::1 - - 200 0 0 177
2018-05-24 06:39:02 ::1 POST /Service1.svc - 49474 - ::1 - - 200 0 0 335
2018-05-24 06:39:05 ::1 POST /Service1.svc - 49474 - ::1 - - 200 0 0 49
2018-05-24 06:39:06 ::1 POST /Service1.svc - 49474 - ::1 - - 200 0 0 524
2018-05-24 06:39:06 ::1 POST /Service1.svc - 49474 - ::1 - - 200 0 0 128
2018-05-24 06:39:06 ::1 POST /Service1.svc - 49474 - ::1 - - 200 0 0 161
2018-05-24 06:39:22 ::1 POST /Service1.svc - 49474 - ::1 - - 200 0 0 426
2018-05-24 06:39:24 ::1 POST /Service1.svc - 49474 - ::1 - - 200 0 0 120
2018-05-24 06:39:24 ::1 POST /Service1.svc - 49474 - ::1 - - 200 0 0 57
2018-05-24 06:39:24 ::1 POST /Service1.svc - 49474 - ::1 - - 200 0 0 19
2018-05-24 06:39:24 ::1 POST /Service1.svc - 49474 - ::1 - - 200 0 0 70
2018-05-24 06:39:24 ::1 POST /Service1.svc - 49474 - ::1 - - 200 0 0 148
2018-05-24 06:39:24 ::1 POST /Service1.svc - 49474 - ::1 - - 200 0 0 131
2018-05-24 06:40:10 ::1 POST /Service1.svc - 49474 - ::1 - - 200 0 0 139
2018-05-24 06:40:10 ::1 POST /Service1.svc - 49474 - ::1 - - 200 0 0 23
2018-05-24 06:40:10 ::1 POST /Service1.svc - 49474 - ::1 - - 200 0 0 18
2018-05-24 06:40:10 ::1 POST /Service1.svc - 49474 - ::1 - - 200 0 0 46
#Software: Microsoft Internet Information Services 10.0
#Version: 1.0
#Date: 2018-05-24 06:48:00
#Fields: date time s-ip cs-method cs-uri-stem cs-uri-query s-port cs-username c-ip cs(User-Agent) cs(Referer) sc-status sc-substatus sc-win32-status time-taken
2018-05-24 06:48:00 ::1 POST /Service1.svc - 49474 - ::1 - - 415 0 0 5822
2018-05-24 06:48:00 ::1 POST /Service1.svc/mex - 49474 - ::1 - - 415 0 0 21
2018-05-24 06:48:03 ::1 GET /Service1.svc - 49474 - ::1 Mozilla/4.0+(compatible;+MSIE+6.0;+MS+Web+Services+Client+Protocol+4.0.30319.42000) - 200 0 0 3534
2018-05-24 06:48:03 ::1 GET /Service1.svc disco 49474 - ::1 Mozilla/4.0+(compatible;+MSIE+6.0;+MS+Web+Services+Client+Protocol+4.0.30319.42000) - 200 0 0 50
2018-05-24 06:48:03 ::1 GET /Service1.svc wsdl 49474 - ::1 Mozilla/4.0+(compatible;+MSIE+6.0;+MS+Web+Services+Client+Protocol+4.0.30319.42000) - 200 0 0 32
2018-05-24 06:48:03 ::1 GET /Service1.svc xsd=xsd0 49474 - ::1 Mozilla/4.0+(compatible;+MSIE+6.0;+MS+Web+Services+Client+Protocol+4.0.30319.42000) - 200 0 0 406
2018-05-24 06:48:03 ::1 GET /Service1.svc xsd=xsd2 49474 - ::1 Mozilla/4.0+(compatible;+MSIE+6.0;+MS+Web+Services+Client+Protocol+4.0.30319.42000) - 200 0 0 51
2018-05-24 06:48:03 ::1 GET /Service1.svc xsd=xsd3 49474 - ::1 Mozilla/4.0+(compatible;+MSIE+6.0;+MS+Web+Services+Client+Protocol+4.0.30319.42000) - 200 0 0 76
2018-05-24 06:48:03 ::1 GET /Service1.svc xsd=xsd1 49474 - ::1 Mozilla/4.0+(compatible;+MSIE+6.0;+MS+Web+Services+Client+Protocol+4.0.30319.42000) - 200 0 0 40
2018-05-24 06:48:47 ::1 POST /Service1.svc/mex - 49474 - ::1 - - 415 0 0 25
2018-05-24 06:48:47 ::1 POST /Service1.svc - 49474 - ::1 - - 415 0 0 59
2018-05-24 06:48:47 ::1 GET /Service1.svc - 49474 - ::1 Mozilla/4.0+(compatible;+MSIE+6.0;+MS+Web+Services+Client+Protocol+4.0.30319.42000) - 200 0 0 68
2018-05-24 06:48:47 ::1 GET /Service1.svc/$metadata - 49474 - ::1 Mozilla/4.0+(compatible;+MSIE+6.0;+MS+Web+Services+Client+Protocol+4.0.30319.42000) - 400 0 0 103
2018-05-24 06:48:47 ::1 GET /Service1.svc disco 49474 - ::1 Mozilla/4.0+(compatible;+MSIE+6.0;+MS+Web+Services+Client+Protocol+4.0.30319.42000) - 200 0 0 40
2018-05-24 06:48:47 ::1 GET /Service1.svc wsdl 49474 - ::1 Mozilla/4.0+(compatible;+MSIE+6.0;+MS+Web+Services+Client+Protocol+4.0.30319.42000) - 200 0 0 41
2018-05-24 06:48:47 ::1 GET /Service1.svc xsd=xsd0 49474 - ::1 Mozilla/4.0+(compatible;+MSIE+6.0;+MS+Web+Services+Client+Protocol+4.0.30319.42000) - 200 0 0 126
2018-05-24 06:48:47 ::1 GET /Service1.svc xsd=xsd2 49474 - ::1 Mozilla/4.0+(compatible;+MSIE+6.0;+MS+Web+Services+Client+Protocol+4.0.30319.42000) - 200 0 0 66
2018-05-24 06:48:47 ::1 GET /Service1.svc xsd=xsd3 49474 - ::1 Mozilla/4.0+(compatible;+MSIE+6.0;+MS+Web+Services+Client+Protocol+4.0.30319.42000) - 200 0 0 45
2018-05-24 06:48:47 ::1 GET /Service1.svc xsd=xsd1 49474 - ::1 Mozilla/4.0+(compatible;+MSIE+6.0;+MS+Web+Services+Client+Protocol+4.0.30319.42000) - 200 0 0 23
2018-05-24 06:49:14 ::1 GET /Service1.svc/$metadata - 49474 - ::1 Mozilla/4.0+(compatible;+MSIE+6.0;+MS+Web+Services+Client+Protocol+4.0.30319.42000) - 400 0 0 94
2018-05-24 06:49:14 ::1 GET /Service1.svc - 49474 - ::1 Mozilla/4.0+(compatible;+MSIE+6.0;+MS+Web+Services+Client+Protocol+4.0.30319.42000) - 200 0 0 105
2018-05-24 06:49:14 ::1 POST /Service1.svc - 49474 - ::1 - - 415 0 0 62
2018-05-24 06:49:14 ::1 GET /Service1.svc disco 49474 - ::1 Mozilla/4.0+(compatible;+MSIE+6.0;+MS+Web+Services+Client+Protocol+4.0.30319.42000) - 200 0 0 27
2018-05-24 06:49:14 ::1 POST /Service1.svc/mex - 49474 - ::1 - - 415 0 0 71
2018-05-24 06:49:14 ::1 GET /Service1.svc wsdl 49474 - ::1 Mozilla/4.0+(compatible;+MSIE+6.0;+MS+Web+Services+Client+Protocol+4.0.30319.42000) - 200 0 0 86
2018-05-24 06:49:14 ::1 GET /Service1.svc xsd=xsd0 49474 - ::1 Mozilla/4.0+(compatible;+MSIE+6.0;+MS+Web+Services+Client+Protocol+4.0.30319.42000) - 200 0 0 9
2018-05-24 06:49:14 ::1 GET /Service1.svc xsd=xsd2 49474 - ::1 Mozilla/4.0+(compatible;+MSIE+6.0;+MS+Web+Services+Client+Protocol+4.0.30319.42000) - 200 0 0 92
2018-05-24 06:49:14 ::1 GET /Service1.svc xsd=xsd3 49474 - ::1 Mozilla/4.0+(compatible;+MSIE+6.0;+MS+Web+Services+Client+Protocol+4.0.30319.42000) - 200 0 0 12
2018-05-24 06:49:14 ::1 GET /Service1.svc xsd=xsd1 49474 - ::1 Mozilla/4.0+(compatible;+MSIE+6.0;+MS+Web+Services+Client+Protocol+4.0.30319.42000) - 200 0 0 12
2018-05-24 06:49:29 ::1 GET /Service1.svc/$metadata - 49474 - ::1 Mozilla/4.0+(compatible;+MSIE+6.0;+MS+Web+Services+Client+Protocol+4.0.30319.42000) - 400 0 0 88
2018-05-24 06:49:29 ::1 GET /Service1.svc - 49474 - ::1 Mozilla/4.0+(compatible;+MSIE+6.0;+MS+Web+Services+Client+Protocol+4.0.30319.42000) - 200 0 0 148
2018-05-24 06:49:29 ::1 POST /Service1.svc - 49474 - ::1 - - 415 0 0 206
2018-05-24 06:49:29 ::1 POST /Service1.svc/mex - 49474 - ::1 - - 415 0 0 324
2018-05-24 06:49:29 ::1 GET /Service1.svc disco 49474 - ::1 Mozilla/4.0+(compatible;+MSIE+6.0;+MS+Web+Services+Client+Protocol+4.0.30319.42000) - 200 0 0 250
2018-05-24 06:49:29 ::1 GET /Service1.svc wsdl 49474 - ::1 Mozilla/4.0+(compatible;+MSIE+6.0;+MS+Web+Services+Client+Protocol+4.0.30319.42000) - 200 0 0 25
2018-05-24 06:49:29 ::1 GET /Service1.svc xsd=xsd0 49474 - ::1 Mozilla/4.0+(compatible;+MSIE+6.0;+MS+Web+Services+Client+Protocol+4.0.30319.42000) - 200 0 0 11
2018-05-24 06:49:29 ::1 GET /Service1.svc xsd=xsd2 49474 - ::1 Mozilla/4.0+(compatible;+MSIE+6.0;+MS+Web+Services+Client+Protocol+4.0.30319.42000) - 200 0 0 10
2018-05-24 06:49:29 ::1 GET /Service1.svc xsd=xsd3 49474 - ::1 Mozilla/4.0+(compatible;+MSIE+6.0;+MS+Web+Services+Client+Protocol+4.0.30319.42000) - 200 0 0 40
2018-05-24 06:49:29 ::1 GET /Service1.svc xsd=xsd1 49474 - ::1 Mozilla/4.0+(compatible;+MSIE+6.0;+MS+Web+Services+Client+Protocol+4.0.30319.42000) - 200 0 0 34
2018-05-24 06:49:50 ::1 GET /Service1.svc - 49474 - ::1 Mozilla/4.0+(compatible;+MSIE+6.0;+MS+Web+Services+Client+Protocol+4.0.30319.42000) - 200 0 0 130
2018-05-24 06:49:50 ::1 GET /Service1.svc/$metadata - 49474 - ::1 Mozilla/4.0+(compatible;+MSIE+6.0;+MS+Web+Services+Client+Protocol+4.0.30319.42000) - 400 0 0 154
2018-05-24 06:49:50 ::1 GET /Service1.svc disco 49474 - ::1 Mozilla/4.0+(compatible;+MSIE+6.0;+MS+Web+Services+Client+Protocol+4.0.30319.42000) - 200 0 0 36
2018-05-24 06:49:50 ::1 POST /Service1.svc/mex - 49474 - ::1 - - 415 0 0 106
2018-05-24 06:49:50 ::1 POST /Service1.svc - 49474 - ::1 - - 415 0 0 130
2018-05-24 06:49:50 ::1 GET /Service1.svc wsdl 49474 - ::1 Mozilla/4.0+(compatible;+MSIE+6.0;+MS+Web+Services+Client+Protocol+4.0.30319.42000) - 200 0 0 25
2018-05-24 06:49:50 ::1 GET /Service1.svc xsd=xsd0 49474 - ::1 Mozilla/4.0+(compatible;+MSIE+6.0;+MS+Web+Services+Client+Protocol+4.0.30319.42000) - 200 0 0 6
2018-05-24 06:49:50 ::1 GET /Service1.svc xsd=xsd2 49474 - ::1 Mozilla/4.0+(compatible;+MSIE+6.0;+MS+Web+Services+Client+Protocol+4.0.30319.42000) - 200 0 0 7
2018-05-24 06:49:50 ::1 GET /Service1.svc xsd=xsd3 49474 - ::1 Mozilla/4.0+(compatible;+MSIE+6.0;+MS+Web+Services+Client+Protocol+4.0.30319.42000) - 200 0 0 5
2018-05-24 06:49:50 ::1 GET /Service1.svc xsd=xsd1 49474 - ::1 Mozilla/4.0+(compatible;+MSIE+6.0;+MS+Web+Services+Client+Protocol+4.0.30319.42000) - 200 0 0 5
2018-05-24 06:50:10 ::1 GET /Service1.svc/$metadata - 49474 - ::1 Mozilla/4.0+(compatible;+MSIE+6.0;+MS+Web+Services+Client+Protocol+4.0.30319.42000) - 400 0 0 40
2018-05-24 06:50:10 ::1 GET /Service1.svc - 49474 - ::1 Mozilla/4.0+(compatible;+MSIE+6.0;+MS+Web+Services+Client+Protocol+4.0.30319.42000) - 200 0 0 46
2018-05-24 06:50:10 ::1 POST /Service1.svc - 49474 - ::1 - - 415 0 0 94
2018-05-24 06:50:10 ::1 GET /Service1.svc disco 49474 - ::1 Mozilla/4.0+(compatible;+MSIE+6.0;+MS+Web+Services+Client+Protocol+4.0.30319.42000) - 200 0 0 122
2018-05-24 06:50:10 ::1 POST /Service1.svc/mex - 49474 - ::1 - - 415 0 0 173
2018-05-24 06:50:10 ::1 GET /Service1.svc wsdl 49474 - ::1 Mozilla/4.0+(compatible;+MSIE+6.0;+MS+Web+Services+Client+Protocol+4.0.30319.42000) - 200 0 0 107
2018-05-24 06:50:10 ::1 GET /Service1.svc xsd=xsd0 49474 - ::1 Mozilla/4.0+(compatible;+MSIE+6.0;+MS+Web+Services+Client+Protocol+4.0.30319.42000) - 200 0 0 60
2018-05-24 06:50:10 ::1 GET /Service1.svc xsd=xsd2 49474 - ::1 Mozilla/4.0+(compatible;+MSIE+6.0;+MS+Web+Services+Client+Protocol+4.0.30319.42000) - 200 0 0 119
2018-05-24 06:50:10 ::1 GET /Service1.svc xsd=xsd3 49474 - ::1 Mozilla/4.0+(compatible;+MSIE+6.0;+MS+Web+Services+Client+Protocol+4.0.30319.42000) - 200 0 0 35
2018-05-24 06:50:10 ::1 GET /Service1.svc xsd=xsd1 49474 - ::1 Mozilla/4.0+(compatible;+MSIE+6.0;+MS+Web+Services+Client+Protocol+4.0.30319.42000) - 200 0 0 5
2018-05-24 06:50:53 ::1 POST /Service1.svc - 49474 - ::1 - - 200 0 0 792
2018-05-24 06:50:53 ::1 POST /Service1.svc - 49474 - ::1 - - 200 0 0 60
2018-05-24 06:50:53 ::1 POST /Service1.svc - 49474 - ::1 - - 200 0 0 82
2018-05-24 06:50:53 ::1 POST /Service1.svc - 49474 - ::1 - - 200 0 0 125
2018-05-24 06:50:53 ::1 POST /Service1.svc - 49474 - ::1 - - 200 0 0 294
2018-05-24 06:50:54 ::1 POST /Service1.svc - 49474 - ::1 - - 200 0 0 274
2018-05-24 06:50:54 ::1 POST /Service1.svc - 49474 - ::1 - - 200 0 0 24
2018-05-24 06:50:54 ::1 POST /Service1.svc - 49474 - ::1 - - 200 0 0 22
2018-05-24 06:50:54 ::1 POST /Service1.svc - 49474 - ::1 - - 200 0 0 157
2018-05-24 06:50:54 ::1 POST /Service1.svc - 49474 - ::1 - - 200 0 0 42
2018-05-24 06:50:54 ::1 POST /Service1.svc - 49474 - ::1 - - 200 0 0 291
2018-05-24 06:50:55 ::1 POST /Service1.svc - 49474 - ::1 - - 200 0 0 542
2018-05-24 06:50:55 ::1 POST /Service1.svc - 49474 - ::1 - - 200 0 0 118
2018-05-24 06:51:00 ::1 POST /Service1.svc - 49474 - ::1 - - 200 0 0 16
2018-05-24 06:51:00 ::1 POST /Service1.svc - 49474 - ::1 - - 200 0 0 14
2018-05-24 06:51:00 ::1 POST /Service1.svc - 49474 - ::1 - - 200 0 0 57
2018-05-24 06:51:00 ::1 POST /Service1.svc - 49474 - ::1 - - 200 0 0 60
2018-05-24 06:51:00 ::1 POST /Service1.svc - 49474 - ::1 - - 200 0 0 22
2018-05-24 06:51:00 ::1 POST /Service1.svc - 49474 - ::1 - - 200 0 0 13
2018-05-24 06:51:00 ::1 POST /Service1.svc - 49474 - ::1 - - 200 0 0 65
2018-05-24 06:51:00 ::1 POST /Service1.svc - 49474 - ::1 - - 200 0 0 301
2018-05-24 06:51:01 ::1 POST /Service1.svc - 49474 - ::1 - - 200 0 0 594
2018-05-24 06:51:01 ::1 POST /Service1.svc - 49474 - ::1 - - 200 0 0 504
2018-05-24 06:51:01 ::1 POST /Service1.svc - 49474 - ::1 - - 200 0 0 247
2018-05-24 06:51:02 ::1 POST /Service1.svc - 49474 - ::1 - - 200 0 0 280
2018-05-24 06:51:02 ::1 POST /Service1.svc - 49474 - ::1 - - 200 0 0 139
2018-05-24 06:51:02 ::1 POST /Service1.svc - 49474 - ::1 - - 200 0 0 235
2018-05-24 06:51:03 ::1 POST /Service1.svc - 49474 - ::1 - - 200 0 0 511
2018-05-24 06:51:07 ::1 POST /Service1.svc - 49474 - ::1 - - 200 0 0 11
2018-05-24 06:51:07 ::1 POST /Service1.svc - 49474 - ::1 - - 200 0 0 19
2018-05-24 06:51:07 ::1 POST /Service1.svc - 49474 - ::1 - - 200 0 0 19
2018-05-24 06:51:07 ::1 POST /Service1.svc - 49474 - ::1 - - 200 0 0 30
2018-05-24 06:51:07 ::1 POST /Service1.svc - 49474 - ::1 - - 200 0 0 50
2018-05-24 06:51:07 ::1 POST /Service1.svc - 49474 - ::1 - - 200 0 0 34
2018-05-24 06:51:07 ::1 POST /Service1.svc - 49474 - ::1 - - 200 0 0 48
2018-05-24 06:51:07 ::1 POST /Service1.svc - 49474 - ::1 - - 200 0 0 21
2018-05-24 06:51:07 ::1 POST /Service1.svc - 49474 - ::1 - - 200 0 0 75
2018-05-24 06:51:07 ::1 POST /Service1.svc - 49474 - ::1 - - 200 0 0 23
2018-05-24 06:51:07 ::1 POST /Service1.svc - 49474 - ::1 - - 200 0 0 138
2018-05-24 06:51:07 ::1 POST /Service1.svc - 49474 - ::1 - - 200 0 0 41
2018-05-24 06:51:07 ::1 POST /Service1.svc - 49474 - ::1 - - 200 0 0 46
2018-05-24 06:51:07 ::1 POST /Service1.svc - 49474 - ::1 - - 200 0 0 352
2018-05-24 06:51:09 ::1 POST /Service1.svc - 49474 - ::1 - - 200 0 0 229
2018-05-24 06:51:09 ::1 POST /Service1.svc - 49474 - ::1 - - 200 0 0 239
2018-05-24 06:51:09 ::1 POST /Service1.svc - 49474 - ::1 - - 200 0 0 282
2018-05-24 06:51:09 ::1 POST /Service1.svc - 49474 - ::1 - - 200 0 0 239
2018-05-24 06:51:09 ::1 POST /Service1.svc - 49474 - ::1 - - 200 0 0 53
2018-05-24 06:51:09 ::1 POST /Service1.svc - 49474 - ::1 - - 200 0 0 77
2018-05-24 06:51:09 ::1 POST /Service1.svc - 49474 - ::1 - - 200 0 0 98
2018-05-24 06:51:10 ::1 POST /Service1.svc - 49474 - ::1 - - 200 0 0 318
2018-05-24 06:51:10 ::1 POST /Service1.svc - 49474 - ::1 - - 200 0 0 37
2018-05-24 06:51:10 ::1 POST /Service1.svc - 49474 - ::1 - - 200 0 0 441
2018-05-24 06:51:10 ::1 POST /Service1.svc - 49474 - ::1 - - 200 0 0 78
2018-05-24 06:51:10 ::1 POST /Service1.svc - 49474 - ::1 - - 200 0 0 33
2018-05-24 06:51:12 ::1 POST /Service1.svc - 49474 - ::1 - - 200 0 0 763
2018-05-24 06:51:14 ::1 POST /Service1.svc - 49474 - ::1 - - 200 0 0 153
2018-05-24 06:51:14 ::1 POST /Service1.svc - 49474 - ::1 - - 200 0 0 61
2018-05-24 06:51:14 ::1 POST /Service1.svc - 49474 - ::1 - - 200 0 0 320
2018-05-24 06:51:15 ::1 POST /Service1.svc - 49474 - ::1 - - 200 0 0 609
2018-05-24 06:51:29 ::1 POST /Service1.svc - 49474 - ::1 - - 200 0 0 642
2018-05-24 06:51:30 ::1 POST /Service1.svc - 49474 - ::1 - - 200 0 0 17
2018-05-24 06:51:30 ::1 POST /Service1.svc - 49474 - ::1 - - 200 0 0 83
2018-05-24 06:51:30 ::1 POST /Service1.svc - 49474 - ::1 - - 200 0 0 114
2018-05-24 06:51:30 ::1 POST /Service1.svc - 49474 - ::1 - - 200 0 0 26
2018-05-24 06:51:30 ::1 POST /Service1.svc - 49474 - ::1 - - 200 0 0 114
2018-05-24 06:51:30 ::1 POST /Service1.svc - 49474 - ::1 - - 200 0 0 57
2018-05-24 06:51:30 ::1 POST /Service1.svc - 49474 - ::1 - - 200 0 0 40
2018-05-24 06:51:30 ::1 POST /Service1.svc - 49474 - ::1 - - 200 0 0 149
2018-05-24 06:51:30 ::1 POST /Service1.svc - 49474 - ::1 - - 200 0 0 246
2018-05-24 06:51:32 ::1 POST /Service1.svc - 49474 - ::1 - - 200 0 0 625
2018-05-24 06:51:32 ::1 POST /Service1.svc - 49474 - ::1 - - 200 0 0 232
2018-05-24 06:51:32 ::1 POST /Service1.svc - 49474 - ::1 - - 200 0 0 37
2018-05-24 06:51:32 ::1 POST /Service1.svc - 49474 - ::1 - - 200 0 0 270
2018-05-24 06:51:32 ::1 POST /Service1.svc - 49474 - ::1 - - 200 0 0 87
2018-05-24 06:51:32 ::1 POST /Service1.svc - 49474 - ::1 - - 200 0 0 88
2018-05-24 06:51:32 ::1 POST /Service1.svc - 49474 - ::1 - - 200 0 0 71
2018-05-24 06:51:35 ::1 POST /Service1.svc - 49474 - ::1 - - 200 0 0 62
2018-05-24 06:51:35 ::1 POST /Service1.svc - 49474 - ::1 - - 200 0 0 84
2018-05-24 06:51:35 ::1 POST /Service1.svc - 49474 - ::1 - - 200 0 0 48
2018-05-24 06:51:35 ::1 POST /Service1.svc - 49474 - ::1 - - 200 0 0 63
2018-05-24 06:51:35 ::1 POST /Service1.svc - 49474 - ::1 - - 200 0 0 123
2018-05-24 06:51:35 ::1 POST /Service1.svc - 49474 - ::1 - - 200 0 0 57
2018-05-24 06:51:35 ::1 POST /Service1.svc - 49474 - ::1 - - 200 0 0 20
2018-05-24 06:51:35 ::1 POST /Service1.svc - 49474 - ::1 - - 200 0 0 43
2018-05-24 06:51:35 ::1 POST /Service1.svc - 49474 - ::1 - - 200 0 0 112
2018-05-24 06:51:35 ::1 POST /Service1.svc - 49474 - ::1 - - 200 0 0 86
2018-05-24 06:51:35 ::1 POST /Service1.svc - 49474 - ::1 - - 200 0 0 295
2018-05-24 06:51:36 ::1 POST /Service1.svc - 49474 - ::1 - - 200 0 0 377
2018-05-24 06:51:36 ::1 POST /Service1.svc - 49474 - ::1 - - 200 0 0 544
2018-05-24 06:51:36 ::1 POST /Service1.svc - 49474 - ::1 - - 200 0 0 204
2018-05-24 06:51:38 ::1 POST /Service1.svc - 49474 - ::1 - - 200 0 0 431
2018-05-24 06:51:38 ::1 POST /Service1.svc - 49474 - ::1 - - 200 0 0 747
2018-05-24 06:51:39 ::1 POST /Service1.svc - 49474 - ::1 - - 200 0 0 267
2018-05-24 06:51:39 ::1 POST /Service1.svc - 49474 - ::1 - - 200 0 0 367
2018-05-24 06:51:39 ::1 POST /Service1.svc - 49474 - ::1 - - 200 0 0 94
2018-05-24 06:51:40 ::1 POST /Service1.svc - 49474 - ::1 - - 200 0 0 544
2018-05-24 06:51:40 ::1 POST /Service1.svc - 49474 - ::1 - - 200 0 0 133
2018-05-24 06:51:43 ::1 POST /Service1.svc - 49474 - ::1 - - 200 0 0 71
2018-05-24 06:51:45 ::1 POST /Service1.svc - 49474 - ::1 - - 200 0 0 70
2018-05-24 06:51:45 ::1 POST /Service1.svc - 49474 - ::1 - - 200 0 0 43
2018-05-24 06:51:45 ::1 POST /Service1.svc - 49474 - ::1 - - 200 0 0 70
2018-05-24 06:51:45 ::1 POST /Service1.svc - 49474 - ::1 - - 200 0 0 99
2018-05-24 06:51:45 ::1 POST /Service1.svc - 49474 - ::1 - - 200 0 0 93
2018-05-24 06:51:45 ::1 POST /Service1.svc - 49474 - ::1 - - 200 0 0 112
2018-05-24 06:51:45 ::1 POST /Service1.svc - 49474 - ::1 - - 200 0 0 38
2018-05-24 06:51:45 ::1 POST /Service1.svc - 49474 - ::1 - - 200 0 0 20
2018-05-24 06:51:45 ::1 POST /Service1.svc - 49474 - ::1 - - 200 0 0 134
2018-05-24 06:51:46 ::1 POST /Service1.svc - 49474 - ::1 - - 200 0 0 609
2018-05-24 06:51:46 ::1 POST /Service1.svc - 49474 - ::1 - - 200 0 0 354
2018-05-24 06:51:46 ::1 POST /Service1.svc - 49474 - ::1 - - 200 0 0 225
2018-05-24 06:51:46 ::1 POST /Service1.svc - 49474 - ::1 - - 200 0 0 34
2018-05-24 06:51:47 ::1 POST /Service1.svc - 49474 - ::1 - - 200 0 0 559
2018-05-24 06:51:47 ::1 POST /Service1.svc - 49474 - ::1 - - 200 0 0 180
2018-05-24 06:51:49 ::1 POST /Service1.svc - 49474 - ::1 - - 200 0 0 19
2018-05-24 06:51:49 ::1 POST /Service1.svc - 49474 - ::1 - - 200 0 0 71
2018-05-24 06:51:49 ::1 POST /Service1.svc - 49474 - ::1 - - 200 0 0 59
2018-05-24 06:51:49 ::1 POST /Service1.svc - 49474 - ::1 - - 200 0 0 60
2018-05-24 06:51:49 ::1 POST /Service1.svc - 49474 - ::1 - - 200 0 0 153
2018-05-24 06:51:49 ::1 POST /Service1.svc - 49474 - ::1 - - 200 0 0 120
2018-05-24 06:51:49 ::1 POST /Service1.svc - 49474 - ::1 - - 200 0 0 114
2018-05-24 06:51:49 ::1 POST /Service1.svc - 49474 - ::1 - - 200 0 0 282
2018-05-24 06:51:50 ::1 POST /Service1.svc - 49474 - ::1 - - 200 0 0 425
2018-05-24 06:51:50 ::1 POST /Service1.svc - 49474 - ::1 - - 200 0 0 168
2018-05-24 06:51:50 ::1 POST /Service1.svc - 49474 - ::1 - - 200 0 0 61
2018-05-24 06:51:50 ::1 POST /Service1.svc - 49474 - ::1 - - 200 0 0 79
2018-05-24 06:51:50 ::1 POST /Service1.svc - 49474 - ::1 - - 200 0 0 63
2018-05-24 06:52:04 ::1 POST /Service1.svc - 49474 - ::1 - - 200 0 0 24
2018-05-24 06:52:04 ::1 POST /Service1.svc - 49474 - ::1 - - 200 0 0 23
2018-05-24 06:52:04 ::1 POST /Service1.svc - 49474 - ::1 - - 200 0 0 18
2018-05-24 06:52:04 ::1 POST /Service1.svc - 49474 - ::1 - - 200 0 0 28
2018-05-24 06:52:04 ::1 POST /Service1.svc - 49474 - ::1 - - 200 0 0 15
2018-05-24 06:52:04 ::1 POST /Service1.svc - 49474 - ::1 - - 200 0 0 18
2018-05-24 06:52:04 ::1 POST /Service1.svc - 49474 - ::1 - - 200 0 0 96
2018-05-24 06:52:04 ::1 POST /Service1.svc - 49474 - ::1 - - 200 0 0 84
2018-05-24 06:52:04 ::1 POST /Service1.svc - 49474 - ::1 - - 200 0 0 22
2018-05-24 06:52:04 ::1 POST /Service1.svc - 49474 - ::1 - - 200 0 0 39
2018-05-24 06:52:04 ::1 POST /Service1.svc - 49474 - ::1 - - 200 0 0 172
2018-05-24 06:52:04 ::1 POST /Service1.svc - 49474 - ::1 - - 200 0 0 54
2018-05-24 06:52:04 ::1 POST /Service1.svc - 49474 - ::1 - - 200 0 0 26
2018-05-24 06:52:06 ::1 POST /Service1.svc - 49474 - ::1 - - 200 0 0 958
2018-05-24 06:52:06 ::1 POST /Service1.svc - 49474 - ::1 - - 200 0 0 607
2018-05-24 06:52:16 ::1 POST /Service1.svc - 49474 - ::1 - - 200 0 0 94
2018-05-24 06:52:19 ::1 POST /Service1.svc - 49474 - ::1 - - 200 0 0 64
2018-05-24 06:52:31 ::1 POST /Service1.svc - 49474 - ::1 - - 200 0 0 94
2018-05-24 06:52:33 ::1 POST /Service1.svc - 49474 - ::1 - - 200 0 0 91
2018-05-24 06:52:35 ::1 POST /Service1.svc - 49474 - ::1 - - 200 0 0 38
2018-05-24 06:52:36 ::1 POST /Service1.svc - 49474 - ::1 - - 200 0 0 35
2018-05-24 06:52:37 ::1 POST /Service1.svc - 49474 - ::1 - - 200 0 0 87
2018-05-24 06:52:39 ::1 POST /Service1.svc - 49474 - ::1 - - 200 0 0 57
2018-05-24 06:52:45 ::1 POST /Service1.svc - 49474 - ::1 - - 200 0 0 18
2018-05-24 06:52:45 ::1 POST /Service1.svc - 49474 - ::1 - - 200 0 0 46
2018-05-24 06:52:48 ::1 POST /Service1.svc - 49474 - ::1 - - 200 0 0 40
2018-05-24 06:52:48 ::1 POST /Service1.svc - 49474 - ::1 - - 200 0 0 66
2018-05-24 06:52:48 ::1 POST /Service1.svc - 49474 - ::1 - - 200 0 0 100
2018-05-24 06:52:48 ::1 POST /Service1.svc - 49474 - ::1 - - 200 0 0 53
2018-05-24 06:52:48 ::1 POST /Service1.svc - 49474 - ::1 - - 200 0 0 33
2018-05-24 06:52:48 ::1 POST /Service1.svc - 49474 - ::1 - - 200 0 0 15
2018-05-24 06:52:48 ::1 POST /Service1.svc - 49474 - ::1 - - 200 0 0 18
2018-05-24 06:52:48 ::1 POST /Service1.svc - 49474 - ::1 - - 200 0 0 64
2018-05-24 06:52:48 ::1 POST /Service1.svc - 49474 - ::1 - - 200 0 0 510
2018-05-24 06:52:50 ::1 POST /Service1.svc - 49474 - ::1 - - 200 0 0 949
2018-05-24 06:52:50 ::1 POST /Service1.svc - 49474 - ::1 - - 200 0 0 107
2018-05-24 06:52:50 ::1 POST /Service1.svc - 49474 - ::1 - - 200 0 0 347
2018-05-24 06:52:50 ::1 POST /Service1.svc - 49474 - ::1 - - 200 0 0 387
2018-05-24 06:52:51 ::1 POST /Service1.svc - 49474 - ::1 - - 200 0 0 76
2018-05-24 06:52:51 ::1 POST /Service1.svc - 49474 - ::1 - - 200 0 0 43
2018-05-24 06:52:51 ::1 POST /Service1.svc - 49474 - ::1 - - 200 0 0 39
2018-05-24 06:52:51 ::1 POST /Service1.svc - 49474 - ::1 - - 200 0 0 401
2018-05-24 06:52:52 ::1 POST /Service1.svc - 49474 - ::1 - - 200 0 0 313
2018-05-24 06:52:52 ::1 POST /Service1.svc - 49474 - ::1 - - 200 0 0 41
2018-05-24 06:52:53 ::1 POST /Service1.svc - 49474 - ::1 - - 200 0 0 377
2018-05-24 06:52:58 ::1 POST /Service1.svc - 49474 - ::1 - - 200 0 0 85
2018-05-24 06:52:58 ::1 POST /Service1.svc - 49474 - ::1 - - 200 0 0 57
2018-05-24 06:52:58 ::1 POST /Service1.svc - 49474 - ::1 - - 200 0 0 50
2018-05-24 06:53:06 ::1 POST /Service1.svc - 49474 - ::1 - - 200 0 0 115
2018-05-24 06:53:09 ::1 POST /Service1.svc - 49474 - ::1 - - 200 0 0 68
2018-05-24 06:53:17 ::1 POST /Service1.svc - 49474 - ::1 - - 200 0 0 32
2018-05-24 06:53:21 ::1 POST /Service1.svc - 49474 - ::1 - - 200 0 0 77
2018-05-24 06:53:28 ::1 POST /Service1.svc - 49474 - ::1 - - 200 0 0 12
2018-05-24 06:53:28 ::1 POST /Service1.svc - 49474 - ::1 - - 200 0 0 23
2018-05-24 06:53:28 ::1 POST /Service1.svc - 49474 - ::1 - - 200 0 0 129
2018-05-24 06:53:28 ::1 POST /Service1.svc - 49474 - ::1 - - 200 0 0 64
2018-05-24 06:53:28 ::1 POST /Service1.svc - 49474 - ::1 - - 200 0 0 18
2018-05-24 06:53:28 ::1 POST /Service1.svc - 49474 - ::1 - - 200 0 0 108
2018-05-24 06:53:28 ::1 POST /Service1.svc - 49474 - ::1 - - 200 0 0 80
2018-05-24 06:53:28 ::1 POST /Service1.svc - 49474 - ::1 - - 200 0 0 124
2018-05-24 06:53:28 ::1 POST /Service1.svc - 49474 - ::1 - - 200 0 0 43
2018-05-24 06:53:28 ::1 POST /Service1.svc - 49474 - ::1 - - 200 0 0 44
2018-05-24 06:53:28 ::1 POST /Service1.svc - 49474 - ::1 - - 200 0 0 32
2018-05-24 06:53:28 ::1 POST /Service1.svc - 49474 - ::1 - - 200 0 0 19
2018-05-24 06:53:28 ::1 POST /Service1.svc - 49474 - ::1 - - 200 0 0 36
2018-05-24 06:53:29 ::1 POST /Service1.svc - 49474 - ::1 - - 200 0 0 358
2018-05-24 06:53:29 ::1 POST /Service1.svc - 49474 - ::1 - - 200 0 0 300
2018-05-24 06:53:31 ::1 POST /Service1.svc - 49474 - ::1 - - 200 0 0 187
2018-05-24 06:53:31 ::1 POST /Service1.svc - 49474 - ::1 - - 200 0 0 42
2018-05-24 06:53:31 ::1 POST /Service1.svc - 49474 - ::1 - - 200 0 0 60
2018-05-24 06:53:31 ::1 POST /Service1.svc - 49474 - ::1 - - 200 0 0 242
2018-05-24 06:53:31 ::1 POST /Service1.svc - 49474 - ::1 - - 200 0 0 199
2018-05-24 06:53:33 ::1 POST /Service1.svc - 49474 - ::1 - - 200 0 0 683
2018-05-24 06:53:34 ::1 POST /Service1.svc - 49474 - ::1 - - 200 0 0 1003
2018-05-24 06:53:34 ::1 POST /Service1.svc - 49474 - ::1 - - 200 0 0 61
2018-05-24 06:53:34 ::1 POST /Service1.svc - 49474 - ::1 - - 200 0 0 103
2018-05-24 06:53:34 ::1 POST /Service1.svc - 49474 - ::1 - - 200 0 0 643
2018-05-24 06:53:34 ::1 POST /Service1.svc - 49474 - ::1 - - 200 0 0 68
2018-05-24 06:53:35 ::1 POST /Service1.svc - 49474 - ::1 - - 200 0 0 143
2018-05-24 06:53:35 ::1 POST /Service1.svc - 49474 - ::1 - - 200 0 0 468
2018-05-24 06:53:35 ::1 POST /Service1.svc - 49474 - ::1 - - 200 0 0 527
2018-05-24 06:53:36 ::1 POST /Service1.svc - 49474 - ::1 - - 200 0 0 183
2018-05-24 06:53:36 ::1 POST /Service1.svc - 49474 - ::1 - - 200 0 0 22
2018-05-24 06:53:36 ::1 POST /Service1.svc - 49474 - ::1 - - 200 0 0 122
2018-05-24 06:53:36 ::1 POST /Service1.svc - 49474 - ::1 - - 200 0 0 25
2018-05-24 06:53:36 ::1 POST /Service1.svc - 49474 - ::1 - - 200 0 0 43
2018-05-24 06:53:36 ::1 POST /Service1.svc - 49474 - ::1 - - 200 0 0 93
2018-05-24 06:53:36 ::1 POST /Service1.svc - 49474 - ::1 - - 200 0 0 542
2018-05-24 06:53:37 ::1 POST /Service1.svc - 49474 - ::1 - - 200 0 0 303
2018-05-24 06:53:37 ::1 POST /Service1.svc - 49474 - ::1 - - 200 0 0 219
2018-05-24 06:53:37 ::1 POST /Service1.svc - 49474 - ::1 - - 200 0 0 41
2018-05-24 06:53:37 ::1 POST /Service1.svc - 49474 - ::1 - - 200 0 0 27
2018-05-24 06:53:37 ::1 POST /Service1.svc - 49474 - ::1 - - 200 0 0 75
2018-05-24 06:53:38 ::1 POST /Service1.svc - 49474 - ::1 - - 200 0 0 862
2018-05-24 06:53:38 ::1 POST /Service1.svc - 49474 - ::1 - - 200 0 0 141
2018-05-24 06:53:38 ::1 POST /Service1.svc - 49474 - ::1 - - 200 0 0 167
2018-05-24 06:53:41 ::1 POST /Service1.svc - 49474 - ::1 - - 200 0 0 83
2018-05-24 06:53:41 ::1 POST /Service1.svc - 49474 - ::1 - - 200 0 0 147
2018-05-24 06:53:41 ::1 POST /Service1.svc - 49474 - ::1 - - 200 0 0 37
2018-05-24 06:53:49 ::1 POST /Service1.svc - 49474 - ::1 - - 200 0 0 83
2018-05-24 06:53:54 ::1 POST /Service1.svc - 49474 - ::1 - - 200 0 0 122
2018-05-24 06:53:58 ::1 POST /Service1.svc - 49474 - ::1 - - 200 0 0 92
2018-05-24 06:54:02 ::1 POST /Service1.svc - 49474 - ::1 - - 200 0 0 12
2018-05-24 06:54:03 ::1 POST /Service1.svc - 49474 - ::1 - - 200 0 0 52
2018-05-24 06:54:03 ::1 POST /Service1.svc - 49474 - ::1 - - 200 0 0 187
2018-05-24 06:54:05 ::1 POST /Service1.svc - 49474 - ::1 - - 200 0 0 28
2018-05-24 06:54:05 ::1 POST /Service1.svc - 49474 - ::1 - - 200 0 0 78
2018-05-24 06:54:05 ::1 POST /Service1.svc - 49474 - ::1 - - 200 0 0 77
2018-05-24 06:54:05 ::1 POST /Service1.svc - 49474 - ::1 - - 200 0 0 48
2018-05-24 06:54:05 ::1 POST /Service1.svc - 49474 - ::1 - - 200 0 0 99
2018-05-24 06:54:05 ::1 POST /Service1.svc - 49474 - ::1 - - 200 0 0 107
2018-05-24 06:54:05 ::1 POST /Service1.svc - 49474 - ::1 - - 200 0 0 49
2018-05-24 06:54:05 ::1 POST /Service1.svc - 49474 - ::1 - - 200 0 0 22
2018-05-24 06:54:05 ::1 POST /Service1.svc - 49474 - ::1 - - 200 0 0 47
2018-05-24 06:54:05 ::1 POST /Service1.svc - 49474 - ::1 - - 200 0 0 104
2018-05-24 06:54:05 ::1 POST /Service1.svc - 49474 - ::1 - - 200 0 0 55
2018-05-24 06:54:05 ::1 POST /Service1.svc - 49474 - ::1 - - 200 0 0 20
2018-05-24 06:54:05 ::1 POST /Service1.svc - 49474 - ::1 - - 200 0 0 36
2018-05-24 06:54:06 ::1 POST /Service1.svc - 49474 - ::1 - - 200 0 0 269
2018-05-24 06:54:06 ::1 POST /Service1.svc - 49474 - ::1 - - 200 0 0 132
2018-05-24 06:54:06 ::1 POST /Service1.svc - 49474 - ::1 - - 200 0 0 642
2018-05-24 06:54:07 ::1 POST /Service1.svc - 49474 - ::1 - - 200 0 0 311
2018-05-24 06:54:07 ::1 POST /Service1.svc - 49474 - ::1 - - 200 0 0 216
2018-05-24 06:54:07 ::1 POST /Service1.svc - 49474 - ::1 - - 200 0 0 672
2018-05-24 06:54:10 ::1 POST /Service1.svc - 49474 - ::1 - - 200 0 0 29
2018-05-24 06:54:10 ::1 POST /Service1.svc - 49474 - ::1 - - 200 0 0 16
2018-05-24 06:54:10 ::1 POST /Service1.svc - 49474 - ::1 - - 200 0 0 16
2018-05-24 06:54:10 ::1 POST /Service1.svc - 49474 - ::1 - - 200 0 0 17
2018-05-24 06:54:10 ::1 POST /Service1.svc - 49474 - ::1 - - 200 0 0 12
2018-05-24 06:54:10 ::1 POST /Service1.svc - 49474 - ::1 - - 200 0 0 13
2018-05-24 06:54:10 ::1 POST /Service1.svc - 49474 - ::1 - - 200 0 0 12
2018-05-24 06:54:10 ::1 POST /Service1.svc - 49474 - ::1 - - 200 0 0 31
2018-05-24 06:54:10 ::1 POST /Service1.svc - 49474 - ::1 - - 200 0 0 51
2018-05-24 06:54:10 ::1 POST /Service1.svc - 49474 - ::1 - - 200 0 0 66
2018-05-24 06:54:10 ::1 POST /Service1.svc - 49474 - ::1 - - 200 0 0 30
2018-05-24 06:54:10 ::1 POST /Service1.svc - 49474 - ::1 - - 200 0 0 21
2018-05-24 06:54:10 ::1 POST /Service1.svc - 49474 - ::1 - - 200 0 0 285
2018-05-24 06:54:10 ::1 POST /Service1.svc - 49474 - ::1 - - 200 0 0 141
2018-05-24 06:54:10 ::1 POST /Service1.svc - 49474 - ::1 - - 200 0 0 47
2018-05-24 06:54:11 ::1 POST /Service1.svc - 49474 - ::1 - - 200 0 0 426
2018-05-24 06:54:11 ::1 POST /Service1.svc - 49474 - ::1 - - 200 0 0 130
2018-05-24 06:54:11 ::1 POST /Service1.svc - 49474 - ::1 - - 200 0 0 41
2018-05-24 06:54:11 ::1 POST /Service1.svc - 49474 - ::1 - - 200 0 0 17
2018-05-24 06:54:11 ::1 POST /Service1.svc - 49474 - ::1 - - 200 0 0 218
2018-05-24 06:54:11 ::1 POST /Service1.svc - 49474 - ::1 - - 200 0 0 18
2018-05-24 06:54:11 ::1 POST /Service1.svc - 49474 - ::1 - - 200 0 0 232
2018-05-24 06:54:11 ::1 POST /Service1.svc - 49474 - ::1 - - 200 0 0 90
2018-05-24 06:54:11 ::1 POST /Service1.svc - 49474 - ::1 - - 200 0 0 42
2018-05-24 06:54:11 ::1 POST /Service1.svc - 49474 - ::1 - - 200 0 0 100
2018-05-24 06:54:12 ::1 POST /Service1.svc - 49474 - ::1 - - 200 0 0 353
2018-05-24 06:54:12 ::1 POST /Service1.svc - 49474 - ::1 - - 200 0 0 113
2018-05-24 06:54:12 ::1 POST /Service1.svc - 49474 - ::1 - - 200 0 0 293
2018-05-24 06:54:12 ::1 POST /Service1.svc - 49474 - ::1 - - 200 0 0 39
2018-05-24 06:54:16 ::1 POST /Service1.svc - 49474 - ::1 - - 200 0 0 45
2018-05-24 06:54:16 ::1 POST /Service1.svc - 49474 - ::1 - - 200 0 0 150
2018-05-24 06:54:16 ::1 POST /Service1.svc - 49474 - ::1 - - 200 0 0 32
2018-05-24 06:54:21 ::1 POST /Service1.svc - 49474 - ::1 - - 200 0 0 51
2018-05-24 06:54:21 ::1 POST /Service1.svc - 49474 - ::1 - - 200 0 0 48
2018-05-24 06:54:27 ::1 POST /Service1.svc - 49474 - ::1 - - 200 0 0 38
2018-05-24 06:54:48 ::1 POST /Service1.svc - 49474 - ::1 - - 200 0 0 22
2018-05-24 06:54:54 ::1 POST /Service1.svc - 49474 - ::1 - - 200 0 0 48
2018-05-24 06:55:00 ::1 POST /Service1.svc - 49474 - ::1 - - 200 0 0 116
2018-05-24 06:55:04 ::1 POST /Service1.svc - 49474 - ::1 - - 200 0 0 60
2018-05-24 06:55:10 ::1 POST /Service1.svc - 49474 - ::1 - - 200 0 0 20
2018-05-24 06:55:10 ::1 POST /Service1.svc - 49474 - ::1 - - 200 0 0 54
2018-05-24 06:55:10 ::1 POST /Service1.svc - 49474 - ::1 - - 200 0 0 18
2018-05-24 06:55:10 ::1 POST /Service1.svc - 49474 - ::1 - - 200 0 0 20
2018-05-24 06:55:10 ::1 POST /Service1.svc - 49474 - ::1 - - 200 0 0 83
2018-05-24 06:55:10 ::1 POST /Service1.svc - 49474 - ::1 - - 200 0 0 27
2018-05-24 06:55:10 ::1 POST /Service1.svc - 49474 - ::1 - - 200 0 0 28
2018-05-24 06:55:10 ::1 POST /Service1.svc - 49474 - ::1 - - 200 0 0 52
2018-05-24 06:55:10 ::1 POST /Service1.svc - 49474 - ::1 - - 200 0 0 34
2018-05-24 06:55:10 ::1 POST /Service1.svc - 49474 - ::1 - - 200 0 0 64
2018-05-24 06:55:10 ::1 POST /Service1.svc - 49474 - ::1 - - 200 0 0 119
2018-05-24 06:55:10 ::1 POST /Service1.svc - 49474 - ::1 - - 200 0 0 23
2018-05-24 06:55:10 ::1 POST /Service1.svc - 49474 - ::1 - - 200 0 0 208
2018-05-24 06:55:12 ::1 POST /Service1.svc - 49474 - ::1 - - 200 0 0 259
2018-05-24 06:55:12 ::1 POST /Service1.svc - 49474 - ::1 - - 200 0 0 832
2018-05-24 06:55:12 ::1 POST /Service1.svc - 49474 - ::1 - - 200 0 0 113
2018-05-24 06:55:14 ::1 POST /Service1.svc - 49474 - ::1 - - 200 0 0 190
2018-05-24 06:55:14 ::1 POST /Service1.svc - 49474 - ::1 - - 200 0 0 49
2018-05-24 06:55:14 ::1 POST /Service1.svc - 49474 - ::1 - - 200 0 0 52
2018-05-24 06:55:14 ::1 POST /Service1.svc - 49474 - ::1 - - 200 0 0 253
2018-05-24 06:55:14 ::1 POST /Service1.svc - 49474 - ::1 - - 200 0 0 107
2018-05-24 06:55:14 ::1 POST /Service1.svc - 49474 - ::1 - - 200 0 0 365
2018-05-24 06:55:14 ::1 POST /Service1.svc - 49474 - ::1 - - 200 0 0 31
2018-05-24 06:55:15 ::1 POST /Service1.svc - 49474 - ::1 - - 200 0 0 289
2018-05-24 06:55:15 ::1 POST /Service1.svc - 49474 - ::1 - - 200 0 0 30
2018-05-24 06:55:15 ::1 POST /Service1.svc - 49474 - ::1 - - 200 0 0 305
2018-05-24 06:55:15 ::1 POST /Service1.svc - 49474 - ::1 - - 200 0 0 535
2018-05-24 06:55:15 ::1 POST /Service1.svc - 49474 - ::1 - - 200 0 0 43
2018-05-24 06:55:16 ::1 POST /Service1.svc - 49474 - ::1 - - 200 0 0 218
2018-05-24 06:55:16 ::1 POST /Service1.svc - 49474 - ::1 - - 200 0 0 115
2018-05-24 06:55:16 ::1 POST /Service1.svc - 49474 - ::1 - - 200 0 0 302
2018-05-24 06:55:16 ::1 POST /Service1.svc - 49474 - ::1 - - 200 0 0 553
2018-05-24 06:55:17 ::1 POST /Service1.svc - 49474 - ::1 - - 200 0 0 250
2018-05-24 06:55:17 ::1 POST /Service1.svc - 49474 - ::1 - - 200 0 0 53
2018-05-24 06:55:17 ::1 POST /Service1.svc - 49474 - ::1 - - 200 0 0 58
2018-05-24 06:55:17 ::1 POST /Service1.svc - 49474 - ::1 - - 200 0 0 425
2018-05-24 06:55:18 ::1 POST /Service1.svc - 49474 - ::1 - - 200 0 0 697
2018-05-24 06:55:18 ::1 POST /Service1.svc - 49474 - ::1 - - 200 0 0 612
2018-05-24 06:55:20 ::1 POST /Service1.svc - 49474 - ::1 - - 200 0 0 561
2018-05-24 06:55:20 ::1 POST /Service1.svc - 49474 - ::1 - - 200 0 0 312
2018-05-24 06:55:20 ::1 POST /Service1.svc - 49474 - ::1 - - 200 0 0 75
2018-05-24 06:55:20 ::1 POST /Service1.svc - 49474 - ::1 - - 200 0 0 128
2018-05-24 06:55:21 ::1 POST /Service1.svc - 49474 - ::1 - - 200 0 0 373
2018-05-24 06:55:21 ::1 POST /Service1.svc - 49474 - ::1 - - 200 0 0 715
2018-05-24 06:55:21 ::1 POST /Service1.svc - 49474 - ::1 - - 200 0 0 227
2018-05-24 06:55:24 ::1 POST /Service1.svc - 49474 - ::1 - - 200 0 0 34
2018-05-24 06:55:24 ::1 POST /Service1.svc - 49474 - ::1 - - 200 0 0 97
2018-05-24 06:55:24 ::1 POST /Service1.svc - 49474 - ::1 - - 200 0 0 37
2018-05-24 06:55:27 ::1 POST /Service1.svc - 49474 - ::1 - - 200 0 0 13
2018-05-24 06:55:27 ::1 POST /Service1.svc - 49474 - ::1 - - 200 0 0 63
2018-05-24 06:55:27 ::1 POST /Service1.svc - 49474 - ::1 - - 200 0 0 92
2018-05-24 06:55:43 ::1 POST /Service1.svc - 49474 - ::1 - - 200 0 0 37
2018-05-24 06:55:46 ::1 POST /Service1.svc - 49474 - ::1 - - 200 0 0 62
2018-05-24 06:55:53 ::1 POST /Service1.svc - 49474 - ::1 - - 200 0 0 94
2018-05-24 06:55:56 ::1 POST /Service1.svc - 49474 - ::1 - - 200 0 0 62
2018-05-24 06:55:58 ::1 POST /Service1.svc - 49474 - ::1 - - 200 0 0 86
2018-05-24 06:56:00 ::1 POST /Service1.svc - 49474 - ::1 - - 200 0 0 89
2018-05-24 06:56:00 ::1 POST /Service1.svc - 49474 - ::1 - - 200 0 0 62
2018-05-24 06:56:00 ::1 POST /Service1.svc - 49474 - ::1 - - 200 0 0 37
2018-05-24 06:56:00 ::1 POST /Service1.svc - 49474 - ::1 - - 200 0 0 28
2018-05-24 06:56:00 ::1 POST /Service1.svc - 49474 - ::1 - - 200 0 0 21
2018-05-24 06:56:00 ::1 POST /Service1.svc - 49474 - ::1 - - 200 0 0 31
2018-05-24 06:56:00 ::1 POST /Service1.svc - 49474 - ::1 - - 200 0 0 38
2018-05-24 06:56:00 ::1 POST /Service1.svc - 49474 - ::1 - - 200 0 0 27
2018-05-24 06:56:00 ::1 POST /Service1.svc - 49474 - ::1 - - 200 0 0 56
2018-05-24 06:56:00 ::1 POST /Service1.svc - 49474 - ::1 - - 200 0 0 20
2018-05-24 06:56:00 ::1 POST /Service1.svc - 49474 - ::1 - - 200 0 0 16
2018-05-24 06:56:00 ::1 POST /Service1.svc - 49474 - ::1 - - 200 0 0 13
2018-05-24 06:56:00 ::1 POST /Service1.svc - 49474 - ::1 - - 200 0 0 165
2018-05-24 06:56:01 ::1 POST /Service1.svc - 49474 - ::1 - - 200 0 0 671
2018-05-24 06:56:01 ::1 POST /Service1.svc - 49474 - ::1 - - 200 0 0 839
2018-05-24 06:56:01 ::1 POST /Service1.svc - 49474 - ::1 - - 200 0 0 156
2018-05-24 06:56:02 ::1 POST /Service1.svc - 49474 - ::1 - - 200 0 0 41
2018-05-24 06:56:02 ::1 POST /Service1.svc - 49474 - ::1 - - 200 0 0 207
2018-05-24 06:56:02 ::1 POST /Service1.svc - 49474 - ::1 - - 200 0 0 611
2018-05-24 06:56:08 ::1 POST /Service1.svc - 49474 - ::1 - - 200 0 0 85
2018-05-24 06:56:08 ::1 POST /Service1.svc - 49474 - ::1 - - 200 0 0 79
2018-05-24 06:56:08 ::1 POST /Service1.svc - 49474 - ::1 - - 200 0 0 76
2018-05-24 06:56:08 ::1 POST /Service1.svc - 49474 - ::1 - - 200 0 0 139
2018-05-24 06:56:08 ::1 POST /Service1.svc - 49474 - ::1 - - 200 0 0 113
2018-05-24 06:56:08 ::1 POST /Service1.svc - 49474 - ::1 - - 200 0 0 105
2018-05-24 06:56:08 ::1 POST /Service1.svc - 49474 - ::1 - - 200 0 0 51
2018-05-24 06:56:15 ::1 POST /Service1.svc - 49474 - ::1 - - 200 0 0 21
2018-05-24 06:56:15 ::1 POST /Service1.svc - 49474 - ::1 - - 200 0 0 56
2018-05-24 06:56:15 ::1 POST /Service1.svc - 49474 - ::1 - - 200 0 0 31
2018-05-24 06:56:15 ::1 POST /Service1.svc - 49474 - ::1 - - 200 0 0 87
2018-05-24 06:56:24 ::1 POST /Service1.svc - 49474 - ::1 - - 200 0 0 49
2018-05-24 06:56:24 ::1 POST /Service1.svc - 49474 - ::1 - - 200 0 0 38
2018-05-24 06:56:24 ::1 POST /Service1.svc - 49474 - ::1 - - 200 0 0 34
2018-05-24 06:56:24 ::1 POST /Service1.svc - 49474 - ::1 - - 200 0 0 48
2018-05-24 06:56:37 ::1 POST /Service1.svc - 49474 - ::1 - - 200 0 0 83
2018-05-24 06:56:37 ::1 POST /Service1.svc - 49474 - ::1 - - 200 0 0 38
2018-05-24 06:56:37 ::1 POST /Service1.svc - 49474 - ::1 - - 200 0 0 329
2018-05-24 06:56:37 ::1 POST /Service1.svc - 49474 - ::1 - - 200 0 0 194
2018-05-24 06:56:37 ::1 POST /Service1.svc - 49474 - ::1 - - 200 0 0 281
2018-05-24 06:56:38 ::1 POST /Service1.svc - 49474 - ::1 - - 200 0 0 240
2018-05-24 06:56:38 ::1 POST /Service1.svc - 49474 - ::1 - - 200 0 0 258
2018-05-24 06:56:38 ::1 POST /Service1.svc - 49474 - ::1 - - 200 0 0 245
2018-05-24 06:56:38 ::1 POST /Service1.svc - 49474 - ::1 - - 200 0 0 125
2018-05-24 06:56:38 ::1 POST /Service1.svc - 49474 - ::1 - - 200 0 0 89
2018-05-24 06:56:46 ::1 POST /Service1.svc - 49474 - ::1 - - 200 0 0 37
2018-05-24 06:56:46 ::1 POST /Service1.svc - 49474 - ::1 - - 200 0 0 52
2018-05-24 06:56:46 ::1 POST /Service1.svc - 49474 - ::1 - - 200 0 0 41
2018-05-24 06:56:46 ::1 POST /Service1.svc - 49474 - ::1 - - 200 0 0 64
2018-05-24 06:56:46 ::1 POST /Service1.svc - 49474 - ::1 - - 200 0 0 87
2018-05-24 06:56:46 ::1 POST /Service1.svc - 49474 - ::1 - - 200 0 0 56
2018-05-24 06:56:46 ::1 POST /Service1.svc - 49474 - ::1 - - 200 0 0 31
2018-05-24 06:56:46 ::1 POST /Service1.svc - 49474 - ::1 - - 200 0 0 28
2018-05-24 06:56:46 ::1 POST /Service1.svc - 49474 - ::1 - - 200 0 0 187
2018-05-24 06:56:46 ::1 POST /Service1.svc - 49474 - ::1 - - 200 0 0 331
2018-05-24 06:56:47 ::1 POST /Service1.svc - 49474 - ::1 - - 200 0 0 510
2018-05-24 06:56:47 ::1 POST /Service1.svc - 49474 - ::1 - - 200 0 0 206
2018-05-24 06:56:47 ::1 POST /Service1.svc - 49474 - ::1 - - 200 0 0 47
2018-05-24 06:56:50 ::1 POST /Service1.svc - 49474 - ::1 - - 200 0 0 13
2018-05-24 06:56:50 ::1 POST /Service1.svc - 49474 - ::1 - - 200 0 0 19
2018-05-24 06:56:50 ::1 POST /Service1.svc - 49474 - ::1 - - 200 0 0 19
2018-05-24 06:56:50 ::1 POST /Service1.svc - 49474 - ::1 - - 200 0 0 109
2018-05-24 06:56:50 ::1 POST /Service1.svc - 49474 - ::1 - - 200 0 0 119
2018-05-24 06:56:50 ::1 POST /Service1.svc - 49474 - ::1 - - 200 0 0 54
2018-05-24 06:56:50 ::1 POST /Service1.svc - 49474 - ::1 - - 200 0 0 186
2018-05-24 06:56:50 ::1 POST /Service1.svc - 49474 - ::1 - - 200 0 0 101
2018-05-24 06:56:50 ::1 POST /Service1.svc - 49474 - ::1 - - 200 0 0 225
2018-05-24 06:56:50 ::1 POST /Service1.svc - 49474 - ::1 - - 200 0 0 21
2018-05-24 06:56:52 ::1 POST /Service1.svc - 49474 - ::1 - - 200 0 0 774
2018-05-24 06:56:52 ::1 POST /Service1.svc - 49474 - ::1 - - 200 0 0 348
2018-05-24 06:56:52 ::1 POST /Service1.svc - 49474 - ::1 - - 200 0 0 212
2018-05-24 06:56:52 ::1 POST /Service1.svc - 49474 - ::1 - - 200 0 0 225
2018-05-24 06:56:56 ::1 POST /Service1.svc - 49474 - ::1 - - 200 0 0 117
2018-05-24 06:56:56 ::1 POST /Service1.svc - 49474 - ::1 - - 200 0 0 68
2018-05-24 06:56:56 ::1 POST /Service1.svc - 49474 - ::1 - - 200 0 0 37
2018-05-24 06:56:56 ::1 POST /Service1.svc - 49474 - ::1 - - 200 0 0 119
2018-05-24 06:56:56 ::1 POST /Service1.svc - 49474 - ::1 - - 200 0 0 70
2018-05-24 06:56:56 ::1 POST /Service1.svc - 49474 - ::1 - - 200 0 0 52
2018-05-24 06:56:56 ::1 POST /Service1.svc - 49474 - ::1 - - 200 0 0 20
2018-05-24 06:56:56 ::1 POST /Service1.svc - 49474 - ::1 - - 200 0 0 78
2018-05-24 06:56:56 ::1 POST /Service1.svc - 49474 - ::1 - - 200 0 0 105
2018-05-24 06:56:56 ::1 POST /Service1.svc - 49474 - ::1 - - 200 0 0 25
2018-05-24 06:56:56 ::1 POST /Service1.svc - 49474 - ::1 - - 200 0 0 28
2018-05-24 06:56:56 ::1 POST /Service1.svc - 49474 - ::1 - - 200 0 0 240
2018-05-24 06:56:58 ::1 POST /Service1.svc - 49474 - ::1 - - 200 0 0 463
2018-05-24 06:56:58 ::1 POST /Service1.svc - 49474 - ::1 - - 200 0 0 214
2018-05-24 06:56:58 ::1 POST /Service1.svc - 49474 - ::1 - - 200 0 0 451
2018-05-24 06:56:59 ::1 POST /Service1.svc - 49474 - ::1 - - 200 0 0 597
2018-05-24 06:56:59 ::1 POST /Service1.svc - 49474 - ::1 - - 200 0 0 180
2018-05-24 06:56:59 ::1 POST /Service1.svc - 49474 - ::1 - - 200 0 0 133
2018-05-24 06:56:59 ::1 POST /Service1.svc - 49474 - ::1 - - 200 0 0 71
2018-05-24 06:57:00 ::1 POST /Service1.svc - 49474 - ::1 - - 200 0 0 700
2018-05-24 06:57:00 ::1 POST /Service1.svc - 49474 - ::1 - - 200 0 0 313
2018-05-24 06:57:00 ::1 POST /Service1.svc - 49474 - ::1 - - 200 0 0 36
2018-05-24 06:57:00 ::1 POST /Service1.svc - 49474 - ::1 - - 200 0 0 90
2018-05-24 06:57:00 ::1 POST /Service1.svc - 49474 - ::1 - - 200 0 0 88
2018-05-24 06:57:00 ::1 POST /Service1.svc - 49474 - ::1 - - 200 0 0 70
2018-05-24 06:57:18 ::1 POST /Service1.svc - 49474 - ::1 - - 200 0 0 66
2018-05-24 06:57:18 ::1 POST /Service1.svc - 49474 - ::1 - - 200 0 0 56
2018-05-24 06:57:18 ::1 POST /Service1.svc - 49474 - ::1 - - 200 0 0 147
2018-05-24 06:57:20 ::1 POST /Service1.svc - 49474 - ::1 - - 200 0 0 149
2018-05-24 06:57:20 ::1 POST /Service1.svc - 49474 - ::1 - - 200 0 0 91
2018-05-24 06:57:20 ::1 POST /Service1.svc - 49474 - ::1 - - 200 0 0 24
2018-05-24 06:57:20 ::1 POST /Service1.svc - 49474 - ::1 - - 200 0 0 27
2018-05-24 06:57:20 ::1 POST /Service1.svc - 49474 - ::1 - - 200 0 0 60
2018-05-24 06:57:20 ::1 POST /Service1.svc - 49474 - ::1 - - 200 0 0 64
2018-05-24 06:57:20 ::1 POST /Service1.svc - 49474 - ::1 - - 200 0 0 64
2018-05-24 06:57:20 ::1 POST /Service1.svc - 49474 - ::1 - - 200 0 0 40
2018-05-24 06:57:20 ::1 POST /Service1.svc - 49474 - ::1 - - 200 0 0 70
2018-05-24 06:57:20 ::1 POST /Service1.svc - 49474 - ::1 - - 200 0 0 39
2018-05-24 06:57:20 ::1 POST /Service1.svc - 49474 - ::1 - - 200 0 0 452
2018-05-24 06:57:21 ::1 POST /Service1.svc - 49474 - ::1 - - 200 0 0 296
2018-05-24 06:57:21 ::1 POST /Service1.svc - 49474 - ::1 - - 200 0 0 425
2018-05-24 06:57:24 ::1 POST /Service1.svc - 49474 - ::1 - - 200 0 0 52
2018-05-24 06:57:24 ::1 POST /Service1.svc - 49474 - ::1 - - 200 0 0 47
2018-05-24 06:57:24 ::1 POST /Service1.svc - 49474 - ::1 - - 200 0 0 74
2018-05-24 06:57:24 ::1 POST /Service1.svc - 49474 - ::1 - - 200 0 0 118
2018-05-24 06:57:24 ::1 POST /Service1.svc - 49474 - ::1 - - 200 0 0 22
2018-05-24 06:57:24 ::1 POST /Service1.svc - 49474 - ::1 - - 200 0 0 55
2018-05-24 06:57:24 ::1 POST /Service1.svc - 49474 - ::1 - - 200 0 0 138
2018-05-24 06:57:24 ::1 POST /Service1.svc - 49474 - ::1 - - 200 0 0 86
2018-05-24 06:57:24 ::1 POST /Service1.svc - 49474 - ::1 - - 200 0 0 38
2018-05-24 06:57:24 ::1 POST /Service1.svc - 49474 - ::1 - - 200 0 0 86
2018-05-24 06:57:25 ::1 POST /Service1.svc - 49474 - ::1 - - 200 0 0 451
2018-05-24 06:57:25 ::1 POST /Service1.svc - 49474 - ::1 - - 200 0 0 244
2018-05-24 06:57:26 ::1 POST /Service1.svc - 49474 - ::1 - - 200 0 0 608
2018-05-24 06:57:26 ::1 POST /Service1.svc - 49474 - ::1 - - 200 0 0 383
2018-05-24 06:57:27 ::1 POST /Service1.svc - 49474 - ::1 - - 200 0 0 722
2018-05-24 06:57:27 ::1 POST /Service1.svc - 49474 - ::1 - - 200 0 0 204
2018-05-24 06:57:27 ::1 POST /Service1.svc - 49474 - ::1 - - 200 0 0 41
2018-05-24 06:57:27 ::1 POST /Service1.svc - 49474 - ::1 - - 200 0 0 53
2018-05-24 06:57:27 ::1 POST /Service1.svc - 49474 - ::1 - - 200 0 0 73
2018-05-24 06:57:27 ::1 POST /Service1.svc - 49474 - ::1 - - 200 0 0 385
2018-05-24 06:57:28 ::1 POST /Service1.svc - 49474 - ::1 - - 200 0 0 314
2018-05-24 06:57:28 ::1 POST /Service1.svc - 49474 - ::1 - - 200 0 0 244
2018-05-24 06:57:28 ::1 POST /Service1.svc - 49474 - ::1 - - 200 0 0 266
2018-05-24 06:57:28 ::1 POST /Service1.svc - 49474 - ::1 - - 200 0 0 308
2018-05-24 06:57:33 ::1 POST /Service1.svc - 49474 - ::1 - - 200 0 0 32
2018-05-24 06:57:33 ::1 POST /Service1.svc - 49474 - ::1 - - 200 0 0 77
2018-05-24 06:57:33 ::1 POST /Service1.svc - 49474 - ::1 - - 200 0 0 124
2018-05-24 06:57:35 ::1 POST /Service1.svc - 49474 - ::1 - - 200 0 0 26
2018-05-24 06:57:35 ::1 POST /Service1.svc - 49474 - ::1 - - 200 0 0 156
2018-05-24 06:57:35 ::1 POST /Service1.svc - 49474 - ::1 - - 200 0 0 32
2018-05-24 06:57:35 ::1 POST /Service1.svc - 49474 - ::1 - - 200 0 0 68
2018-05-24 06:57:35 ::1 POST /Service1.svc - 49474 - ::1 - - 200 0 0 21
2018-05-24 06:57:35 ::1 POST /Service1.svc - 49474 - ::1 - - 200 0 0 23
2018-05-24 06:57:35 ::1 POST /Service1.svc - 49474 - ::1 - - 200 0 0 62
2018-05-24 06:57:35 ::1 POST /Service1.svc - 49474 - ::1 - - 200 0 0 152
2018-05-24 06:57:36 ::1 POST /Service1.svc - 49474 - ::1 - - 200 0 0 542
2018-05-24 06:57:36 ::1 POST /Service1.svc - 49474 - ::1 - - 200 0 0 288
2018-05-24 06:57:36 ::1 POST /Service1.svc - 49474 - ::1 - - 200 0 0 42
2018-05-24 06:57:36 ::1 POST /Service1.svc - 49474 - ::1 - - 200 0 0 92
2018-05-24 06:57:45 ::1 POST /Service1.svc - 49474 - ::1 - - 200 0 0 14
2018-05-24 06:57:45 ::1 POST /Service1.svc - 49474 - ::1 - - 200 0 0 24
2018-05-24 06:57:45 ::1 POST /Service1.svc - 49474 - ::1 - - 200 0 0 37
2018-05-24 06:57:45 ::1 POST /Service1.svc - 49474 - ::1 - - 200 0 0 97
2018-05-24 06:57:45 ::1 POST /Service1.svc - 49474 - ::1 - - 200 0 0 36
2018-05-24 06:57:45 ::1 POST /Service1.svc - 49474 - ::1 - - 200 0 0 28
2018-05-24 06:57:45 ::1 POST /Service1.svc - 49474 - ::1 - - 200 0 0 23
2018-05-24 06:57:45 ::1 POST /Service1.svc - 49474 - ::1 - - 200 0 0 407
2018-05-24 06:57:45 ::1 POST /Service1.svc - 49474 - ::1 - - 200 0 0 99
2018-05-24 06:57:46 ::1 POST /Service1.svc - 49474 - ::1 - - 200 0 0 490
2018-05-24 06:57:46 ::1 POST /Service1.svc - 49474 - ::1 - - 200 0 0 119
2018-05-24 06:57:46 ::1 POST /Service1.svc - 49474 - ::1 - - 200 0 0 302
2018-05-24 06:57:46 ::1 POST /Service1.svc - 49474 - ::1 - - 200 0 0 213
2018-05-24 06:57:46 ::1 POST /Service1.svc - 49474 - ::1 - - 200 0 0 87
2018-05-24 06:57:48 ::1 POST /Service1.svc - 49474 - ::1 - - 200 0 0 205
2018-05-24 06:57:48 ::1 POST /Service1.svc - 49474 - ::1 - - 200 0 0 720
2018-05-24 06:57:49 ::1 POST /Service1.svc - 49474 - ::1 - - 200 0 0 292
2018-05-24 06:57:49 ::1 POST /Service1.svc - 49474 - ::1 - - 200 0 0 299
2018-05-24 06:57:49 ::1 POST /Service1.svc - 49474 - ::1 - - 200 0 0 329
2018-05-24 06:57:49 ::1 POST /Service1.svc - 49474 - ::1 - - 200 0 0 367
2018-05-24 06:57:50 ::1 POST /Service1.svc - 49474 - ::1 - - 200 0 0 151
2018-05-24 06:57:50 ::1 POST /Service1.svc - 49474 - ::1 - - 200 0 0 473
2018-05-24 06:57:51 ::1 POST /Service1.svc - 49474 - ::1 - - 200 0 0 821
2018-05-24 06:57:56 ::1 POST /Service1.svc - 49474 - ::1 - - 200 0 0 31
2018-05-24 06:57:56 ::1 POST /Service1.svc - 49474 - ::1 - - 200 0 0 22
2018-05-24 06:57:56 ::1 POST /Service1.svc - 49474 - ::1 - - 200 0 0 145
2018-05-24 06:57:58 ::1 POST /Service1.svc - 49474 - ::1 - - 200 0 0 14
2018-05-24 06:57:58 ::1 POST /Service1.svc - 49474 - ::1 - - 200 0 0 28
2018-05-24 06:57:58 ::1 POST /Service1.svc - 49474 - ::1 - - 200 0 0 21
2018-05-24 06:57:58 ::1 POST /Service1.svc - 49474 - ::1 - - 200 0 0 31
2018-05-24 06:57:58 ::1 POST /Service1.svc - 49474 - ::1 - - 200 0 0 57
2018-05-24 06:57:58 ::1 POST /Service1.svc - 49474 - ::1 - - 200 0 0 46
2018-05-24 06:57:58 ::1 POST /Service1.svc - 49474 - ::1 - - 200 0 0 37
2018-05-24 06:57:58 ::1 POST /Service1.svc - 49474 - ::1 - - 200 0 0 20
2018-05-24 06:57:58 ::1 POST /Service1.svc - 49474 - ::1 - - 200 0 0 18
2018-05-24 06:57:58 ::1 POST /Service1.svc - 49474 - ::1 - - 200 0 0 29
2018-05-24 06:57:58 ::1 POST /Service1.svc - 49474 - ::1 - - 200 0 0 154
2018-05-24 06:58:25 ::1 POST /Service1.svc - 49474 - ::1 - - 200 0 0 25
2018-05-24 06:58:25 ::1 POST /Service1.svc - 49474 - ::1 - - 200 0 0 28
2018-05-24 06:58:25 ::1 POST /Service1.svc - 49474 - ::1 - - 200 0 0 25
2018-05-24 06:58:25 ::1 POST /Service1.svc - 49474 - ::1 - - 200 0 0 31
2018-05-24 06:58:25 ::1 POST /Service1.svc - 49474 - ::1 - - 200 0 0 37
2018-05-24 06:58:25 ::1 POST /Service1.svc - 49474 - ::1 - - 200 0 0 66
2018-05-24 06:58:25 ::1 POST /Service1.svc - 49474 - ::1 - - 200 0 0 43
2018-05-24 06:58:25 ::1 POST /Service1.svc - 49474 - ::1 - - 200 0 0 49
2018-05-24 06:58:25 ::1 POST /Service1.svc - 49474 - ::1 - - 200 0 0 19
2018-05-24 06:58:25 ::1 POST /Service1.svc - 49474 - ::1 - - 200 0 0 17
#Software: Microsoft Internet Information Services 10.0
#Version: 1.0
#Date: 2018-05-24 07:38:34
#Fields: date time s-ip cs-method cs-uri-stem cs-uri-query s-port cs-username c-ip cs(User-Agent) cs(Referer) sc-status sc-substatus sc-win32-status time-taken
2018-05-24 07:38:34 ::1 POST /Service1.svc - 49474 - ::1 - - 200 0 0 475
2018-05-24 07:38:34 ::1 POST /Service1.svc - 49474 - ::1 - - 200 0 0 166
2018-05-24 07:38:35 ::1 POST /Service1.svc - 49474 - ::1 - - 200 0 0 939
2018-05-24 07:39:59 ::1 POST /Service1.svc - 49474 - ::1 - - 200 0 0 18
2018-05-24 07:39:59 ::1 POST /Service1.svc - 49474 - ::1 - - 200 0 0 18
2018-05-24 07:39:59 ::1 POST /Service1.svc - 49474 - ::1 - - 200 0 0 15
2018-05-24 07:39:59 ::1 POST /Service1.svc - 49474 - ::1 - - 200 0 0 223
2018-05-24 07:40:03 ::1 POST /Service1.svc - 49474 - ::1 - - 200 0 0 16
2018-05-24 07:40:03 ::1 POST /Service1.svc - 49474 - ::1 - - 200 0 0 14
2018-05-24 07:40:03 ::1 POST /Service1.svc - 49474 - ::1 - - 200 0 0 37
2018-05-24 07:40:05 ::1 POST /Service1.svc - 49474 - ::1 - - 200 0 0 25
2018-05-24 07:40:05 ::1 POST /Service1.svc - 49474 - ::1 - - 200 0 0 11
2018-05-24 07:40:05 ::1 POST /Service1.svc - 49474 - ::1 - - 200 0 0 13
2018-05-24 07:40:05 ::1 POST /Service1.svc - 49474 - ::1 - - 200 0 0 104
2018-05-24 07:40:08 ::1 POST /Service1.svc - 49474 - ::1 - - 200 0 0 20
2018-05-24 07:40:08 ::1 POST /Service1.svc - 49474 - ::1 - - 200 0 0 19
2018-05-24 07:40:08 ::1 POST /Service1.svc - 49474 - ::1 - - 200 0 0 35
2018-05-24 07:40:10 ::1 POST /Service1.svc - 49474 - ::1 - - 200 0 0 21
2018-05-24 07:40:10 ::1 POST /Service1.svc - 49474 - ::1 - - 200 0 0 12
2018-05-24 07:40:10 ::1 POST /Service1.svc - 49474 - ::1 - - 200 0 0 14
2018-05-24 07:40:10 ::1 POST /Service1.svc - 49474 - ::1 - - 200 0 0 229
2018-05-24 07:40:17 ::1 POST /Service1.svc - 49474 - ::1 - - 200 0 0 43
2018-05-24 07:40:17 ::1 POST /Service1.svc - 49474 - ::1 - - 200 0 0 20
2018-05-24 07:40:17 ::1 POST /Service1.svc - 49474 - ::1 - - 200 0 0 33
2018-05-24 07:41:57 ::1 POST /Service1.svc - 49474 - ::1 - - 200 0 0 60
2018-05-24 07:41:57 ::1 POST /Service1.svc - 49474 - ::1 - - 200 0 0 21
2018-05-24 07:41:57 ::1 POST /Service1.svc - 49474 - ::1 - - 200 0 0 33
2018-05-24 07:41:57 ::1 POST /Service1.svc - 49474 - ::1 - - 200 0 0 172
2018-05-24 07:42:00 ::1 POST /Service1.svc - 49474 - ::1 - - 200 0 0 15
2018-05-24 07:42:00 ::1 POST /Service1.svc - 49474 - ::1 - - 200 0 0 20
2018-05-24 07:42:00 ::1 POST /Service1.svc - 49474 - ::1 - - 200 0 0 23
2018-05-24 07:42:00 ::1 POST /Service1.svc - 49474 - ::1 - - 200 0 0 15
2018-05-24 07:42:00 ::1 POST /Service1.svc - 49474 - ::1 - - 200 0 0 87
2018-05-24 07:42:00 ::1 POST /Service1.svc - 49474 - ::1 - - 200 0 0 44
2018-05-24 07:42:00 ::1 POST /Service1.svc - 49474 - ::1 - - 200 0 0 56
2018-05-24 07:42:00 ::1 POST /Service1.svc - 49474 - ::1 - - 200 0 0 56
2018-05-24 07:42:05 ::1 POST /Service1.svc - 49474 - ::1 - - 200 0 0 14
2018-05-24 07:42:05 ::1 POST /Service1.svc - 49474 - ::1 - - 200 0 0 24
2018-05-24 07:42:05 ::1 POST /Service1.svc - 49474 - ::1 - - 200 0 0 52
2018-05-24 07:42:05 ::1 POST /Service1.svc - 49474 - ::1 - - 200 0 0 83
2018-05-24 07:42:09 ::1 POST /Service1.svc - 49474 - ::1 - - 200 0 0 26
2018-05-24 07:42:09 ::1 POST /Service1.svc - 49474 - ::1 - - 200 0 0 51
2018-05-24 07:42:09 ::1 POST /Service1.svc - 49474 - ::1 - - 200 0 0 33
2018-05-24 07:42:11 ::1 POST /Service1.svc - 49474 - ::1 - - 200 0 0 9
2018-05-24 07:42:11 ::1 POST /Service1.svc - 49474 - ::1 - - 200 0 0 16
2018-05-24 07:42:11 ::1 POST /Service1.svc - 49474 - ::1 - - 200 0 0 15
2018-05-24 07:42:11 ::1 POST /Service1.svc - 49474 - ::1 - - 200 0 0 59
2018-05-24 07:42:13 ::1 POST /Service1.svc - 49474 - ::1 - - 200 0 0 15
2018-05-24 07:42:13 ::1 POST /Service1.svc - 49474 - ::1 - - 200 0 0 37
2018-05-24 07:42:13 ::1 POST /Service1.svc - 49474 - ::1 - - 200 0 0 21
2018-05-24 07:42:13 ::1 POST /Service1.svc - 49474 - ::1 - - 200 0 0 12
2018-05-24 07:42:13 ::1 POST /Service1.svc - 49474 - ::1 - - 200 0 0 34
2018-05-24 07:42:13 ::1 POST /Service1.svc - 49474 - ::1 - - 200 0 0 74
2018-05-24 07:43:31 ::1 POST /Service1.svc - 49474 - ::1 - - 200 0 0 209
2018-05-24 07:43:33 ::1 POST /Service1.svc - 49474 - ::1 - - 200 0 0 85
2018-05-24 07:43:33 ::1 POST /Service1.svc - 49474 - ::1 - - 200 0 0 32
2018-05-24 07:43:33 ::1 POST /Service1.svc - 49474 - ::1 - - 200 0 0 10
2018-05-24 07:43:33 ::1 POST /Service1.svc - 49474 - ::1 - - 200 0 0 113
2018-05-24 07:43:37 ::1 POST /Service1.svc - 49474 - ::1 - - 200 0 0 44
2018-05-24 07:43:37 ::1 POST /Service1.svc - 49474 - ::1 - - 200 0 0 39
2018-05-24 07:43:37 ::1 POST /Service1.svc - 49474 - ::1 - - 200 0 0 43
2018-05-24 07:43:37 ::1 POST /Service1.svc - 49474 - ::1 - - 200 0 0 55
2018-05-24 07:43:37 ::1 POST /Service1.svc - 49474 - ::1 - - 200 0 0 38
2018-05-24 07:43:37 ::1 POST /Service1.svc - 49474 - ::1 - - 200 0 0 88
2018-05-24 07:49:00 ::1 POST /Service1.svc - 49474 - ::1 - - 200 0 0 14
2018-05-24 07:49:00 ::1 POST /Service1.svc - 49474 - ::1 - - 200 0 0 11
2018-05-24 07:49:00 ::1 POST /Service1.svc - 49474 - ::1 - - 200 0 0 19
2018-05-24 07:51:41 ::1 POST /Service1.svc - 49474 - ::1 - - 200 0 0 14
2018-05-24 07:51:41 ::1 POST /Service1.svc - 49474 - ::1 - - 200 0 0 39
2018-05-24 07:51:41 ::1 POST /Service1.svc - 49474 - ::1 - - 200 0 0 123
2018-05-24 07:51:41 ::1 POST /Service1.svc - 49474 - ::1 - - 200 0 0 245
#Software: Microsoft Internet Information Services 10.0
#Version: 1.0
#Date: 2018-05-24 08:07:30
#Fields: date time s-ip cs-method cs-uri-stem cs-uri-query s-port cs-username c-ip cs(User-Agent) cs(Referer) sc-status sc-substatus sc-win32-status time-taken
2018-05-24 08:07:30 ::1 POST /Service1.svc - 49474 - ::1 - - 200 0 0 53
2018-05-24 08:07:30 ::1 POST /Service1.svc - 49474 - ::1 - - 200 0 0 143
2018-05-24 08:07:30 ::1 POST /Service1.svc - 49474 - ::1 - - 200 0 0 33
2018-05-24 08:07:33 ::1 POST /Service1.svc - 49474 - ::1 - - 200 0 0 14
2018-05-24 08:07:33 ::1 POST /Service1.svc - 49474 - ::1 - - 200 0 0 20
2018-05-24 08:07:33 ::1 POST /Service1.svc - 49474 - ::1 - - 200 0 0 19
2018-05-24 08:07:33 ::1 POST /Service1.svc - 49474 - ::1 - - 200 0 0 45
2018-05-24 08:07:36 ::1 POST /Service1.svc - 49474 - ::1 - - 200 0 0 77
2018-05-24 08:07:36 ::1 POST /Service1.svc - 49474 - ::1 - - 200 0 0 26
2018-05-24 08:07:36 ::1 POST /Service1.svc - 49474 - ::1 - - 200 0 0 40
2018-05-24 08:07:36 ::1 POST /Service1.svc - 49474 - ::1 - - 200 0 0 61
2018-05-24 08:07:36 ::1 POST /Service1.svc - 49474 - ::1 - - 200 0 0 87
2018-05-24 08:07:36 ::1 POST /Service1.svc - 49474 - ::1 - - 200 0 0 63
2018-05-24 08:07:36 ::1 POST /Service1.svc - 49474 - ::1 - - 200 0 0 408
2018-05-24 08:07:40 ::1 POST /Service1.svc - 49474 - ::1 - - 200 0 0 63
2018-05-24 08:11:50 ::1 POST /Service1.svc - 49474 - ::1 - - 200 0 0 22
2018-05-24 08:11:50 ::1 POST /Service1.svc - 49474 - ::1 - - 200 0 0 24
2018-05-24 08:11:50 ::1 POST /Service1.svc - 49474 - ::1 - - 200 0 0 61
2018-05-24 08:11:50 ::1 POST /Service1.svc - 49474 - ::1 - - 200 0 0 147
2018-05-24 08:21:30 ::1 POST /Service1.svc - 49474 - ::1 - - 200 0 0 62
2018-05-24 08:21:30 ::1 POST /Service1.svc - 49474 - ::1 - - 200 0 0 46
2018-05-24 08:21:30 ::1 POST /Service1.svc - 49474 - ::1 - - 200 0 0 59
#Software: Microsoft Internet Information Services 10.0
#Version: 1.0
#Date: 2018-05-24 09:32:53
#Fields: date time s-ip cs-method cs-uri-stem cs-uri-query s-port cs-username c-ip cs(User-Agent) cs(Referer) sc-status sc-substatus sc-win32-status time-taken
2018-05-24 09:32:53 ::1 POST /Service1.svc - 49474 - ::1 - - 200 0 0 578
2018-05-24 09:32:53 ::1 POST /Service1.svc - 49474 - ::1 - - 200 0 0 57
2018-05-24 09:32:53 ::1 POST /Service1.svc - 49474 - ::1 - - 200 0 0 34
2018-05-24 09:33:03 ::1 POST /Service1.svc - 49474 - ::1 - - 200 0 0 58
2018-05-24 09:33:03 ::1 POST /Service1.svc - 49474 - ::1 - - 200 0 0 48
2018-05-24 09:33:03 ::1 POST /Service1.svc - 49474 - ::1 - - 200 0 0 48
#Software: Microsoft Internet Information Services 10.0
#Version: 1.0
#Date: 2018-05-24 11:13:34
#Fields: date time s-ip cs-method cs-uri-stem cs-uri-query s-port cs-username c-ip cs(User-Agent) cs(Referer) sc-status sc-substatus sc-win32-status time-taken
2018-05-24 11:13:34 ::1 POST /Service1.svc - 49474 - ::1 - - 415 0 0 34013
2018-05-24 11:13:34 ::1 POST /Service1.svc/mex - 49474 - ::1 - - 415 0 0 7
2018-05-24 11:13:39 ::1 GET /Service1.svc - 49474 - ::1 Mozilla/4.0+(compatible;+MSIE+6.0;+MS+Web+Services+Client+Protocol+4.0.30319.42000) - 200 0 0 4429
2018-05-24 11:13:39 ::1 GET /Service1.svc disco 49474 - ::1 Mozilla/4.0+(compatible;+MSIE+6.0;+MS+Web+Services+Client+Protocol+4.0.30319.42000) - 200 0 0 27
2018-05-24 11:13:39 ::1 GET /Service1.svc wsdl 49474 - ::1 Mozilla/4.0+(compatible;+MSIE+6.0;+MS+Web+Services+Client+Protocol+4.0.30319.42000) - 200 0 0 226
2018-05-24 11:13:40 ::1 GET /Service1.svc xsd=xsd0 49474 - ::1 Mozilla/4.0+(compatible;+MSIE+6.0;+MS+Web+Services+Client+Protocol+4.0.30319.42000) - 200 0 0 991
2018-05-24 11:13:40 ::1 GET /Service1.svc xsd=xsd2 49474 - ::1 Mozilla/4.0+(compatible;+MSIE+6.0;+MS+Web+Services+Client+Protocol+4.0.30319.42000) - 200 0 0 6
2018-05-24 11:13:40 ::1 GET /Service1.svc xsd=xsd3 49474 - ::1 Mozilla/4.0+(compatible;+MSIE+6.0;+MS+Web+Services+Client+Protocol+4.0.30319.42000) - 200 0 0 15
2018-05-24 11:13:40 ::1 GET /Service1.svc xsd=xsd1 49474 - ::1 Mozilla/4.0+(compatible;+MSIE+6.0;+MS+Web+Services+Client+Protocol+4.0.30319.42000) - 200 0 0 15
#Software: Microsoft Internet Information Services 10.0
#Version: 1.0
#Date: 2018-05-24 11:59:29
#Fields: date time s-ip cs-method cs-uri-stem cs-uri-query s-port cs-username c-ip cs(User-Agent) cs(Referer) sc-status sc-substatus sc-win32-status time-taken
2018-05-24 11:59:29 ::1 POST /Service1.svc - 49474 - ::1 - - 415 0 0 25817
2018-05-24 11:59:29 ::1 POST /Service1.svc/mex - 49474 - ::1 - - 415 0 0 24
2018-05-24 11:59:33 ::1 GET /Service1.svc - 49474 - ::1 Mozilla/4.0+(compatible;+MSIE+6.0;+MS+Web+Services+Client+Protocol+4.0.30319.42000) - 200 0 0 4329
2018-05-24 11:59:33 ::1 GET /Service1.svc disco 49474 - ::1 Mozilla/4.0+(compatible;+MSIE+6.0;+MS+Web+Services+Client+Protocol+4.0.30319.42000) - 200 0 0 31
2018-05-24 11:59:33 ::1 GET /Service1.svc wsdl 49474 - ::1 Mozilla/4.0+(compatible;+MSIE+6.0;+MS+Web+Services+Client+Protocol+4.0.30319.42000) - 200 0 0 234
2018-05-24 11:59:35 ::1 GET /Service1.svc xsd=xsd0 49474 - ::1 Mozilla/4.0+(compatible;+MSIE+6.0;+MS+Web+Services+Client+Protocol+4.0.30319.42000) - 200 0 0 1055
2018-05-24 11:59:35 ::1 GET /Service1.svc xsd=xsd2 49474 - ::1 Mozilla/4.0+(compatible;+MSIE+6.0;+MS+Web+Services+Client+Protocol+4.0.30319.42000) - 200 0 0 14
2018-05-24 11:59:35 ::1 GET /Service1.svc xsd=xsd3 49474 - ::1 Mozilla/4.0+(compatible;+MSIE+6.0;+MS+Web+Services+Client+Protocol+4.0.30319.42000) - 200 0 0 11
2018-05-24 11:59:35 ::1 GET /Service1.svc xsd=xsd1 49474 - ::1 Mozilla/4.0+(compatible;+MSIE+6.0;+MS+Web+Services+Client+Protocol+4.0.30319.42000) - 200 0 0 17
2018-05-24 12:00:18 ::1 GET /Service1.svc - 49474 - ::1 Mozilla/4.0+(compatible;+MSIE+6.0;+MS+Web+Services+Client+Protocol+4.0.30319.42000) - 200 0 0 7
2018-05-24 12:00:18 ::1 GET /Service1.svc/$metadata - 49474 - ::1 Mozilla/4.0+(compatible;+MSIE+6.0;+MS+Web+Services+Client+Protocol+4.0.30319.42000) - 400 0 0 598
2018-05-24 12:00:18 ::1 GET /Service1.svc disco 49474 - ::1 Mozilla/4.0+(compatible;+MSIE+6.0;+MS+Web+Services+Client+Protocol+4.0.30319.42000) - 200 0 0 38
2018-05-24 12:00:18 ::1 GET /Service1.svc wsdl 49474 - ::1 Mozilla/4.0+(compatible;+MSIE+6.0;+MS+Web+Services+Client+Protocol+4.0.30319.42000) - 200 0 0 36
2018-05-24 12:00:18 ::1 GET /Service1.svc xsd=xsd0 49474 - ::1 Mozilla/4.0+(compatible;+MSIE+6.0;+MS+Web+Services+Client+Protocol+4.0.30319.42000) - 200 0 0 21
2018-05-24 12:00:18 ::1 GET /Service1.svc xsd=xsd2 49474 - ::1 Mozilla/4.0+(compatible;+MSIE+6.0;+MS+Web+Services+Client+Protocol+4.0.30319.42000) - 200 0 0 84
2018-05-24 12:00:18 ::1 GET /Service1.svc xsd=xsd3 49474 - ::1 Mozilla/4.0+(compatible;+MSIE+6.0;+MS+Web+Services+Client+Protocol+4.0.30319.42000) - 200 0 0 40
2018-05-24 12:00:18 ::1 GET /Service1.svc xsd=xsd1 49474 - ::1 Mozilla/4.0+(compatible;+MSIE+6.0;+MS+Web+Services+Client+Protocol+4.0.30319.42000) - 200 0 0 20
2018-05-24 12:00:25 ::1 POST /Service1.svc - 49474 - ::1 - - 415 0 0 53
2018-05-24 12:00:25 ::1 POST /Service1.svc/mex - 49474 - ::1 - - 415 0 0 84
2018-05-24 12:02:55 ::1 GET /Service1.svc - 49474 - ::1 Mozilla/4.0+(compatible;+MSIE+6.0;+MS+Web+Services+Client+Protocol+4.0.30319.42000) - 200 0 0 79
2018-05-24 12:02:55 ::1 GET /Service1.svc/$metadata - 49474 - ::1 Mozilla/4.0+(compatible;+MSIE+6.0;+MS+Web+Services+Client+Protocol+4.0.30319.42000) - 400 0 0 94
2018-05-24 12:02:55 ::1 POST /Service1.svc - 49474 - ::1 - - 415 0 0 163
2018-05-24 12:02:55 ::1 GET /Service1.svc disco 49474 - ::1 Mozilla/4.0+(compatible;+MSIE+6.0;+MS+Web+Services+Client+Protocol+4.0.30319.42000) - 200 0 0 262
2018-05-24 12:02:55 ::1 POST /Service1.svc/mex - 49474 - ::1 - - 415 0 0 418
2018-05-24 12:02:55 ::1 GET /Service1.svc wsdl 49474 - ::1 Mozilla/4.0+(compatible;+MSIE+6.0;+MS+Web+Services+Client+Protocol+4.0.30319.42000) - 200 0 0 125
2018-05-24 12:02:55 ::1 GET /Service1.svc xsd=xsd0 49474 - ::1 Mozilla/4.0+(compatible;+MSIE+6.0;+MS+Web+Services+Client+Protocol+4.0.30319.42000) - 200 0 0 44
2018-05-24 12:02:55 ::1 GET /Service1.svc xsd=xsd2 49474 - ::1 Mozilla/4.0+(compatible;+MSIE+6.0;+MS+Web+Services+Client+Protocol+4.0.30319.42000) - 200 0 0 15
2018-05-24 12:02:55 ::1 GET /Service1.svc xsd=xsd3 49474 - ::1 Mozilla/4.0+(compatible;+MSIE+6.0;+MS+Web+Services+Client+Protocol+4.0.30319.42000) - 200 0 0 8
2018-05-24 12:02:55 ::1 GET /Service1.svc xsd=xsd1 49474 - ::1 Mozilla/4.0+(compatible;+MSIE+6.0;+MS+Web+Services+Client+Protocol+4.0.30319.42000) - 200 0 0 5
2018-05-24 12:04:41 ::1 GET /Service1.svc - 49474 - ::1 Mozilla/4.0+(compatible;+MSIE+6.0;+MS+Web+Services+Client+Protocol+4.0.30319.42000) - 200 0 0 65
2018-05-24 12:04:41 ::1 GET /Service1.svc/$metadata - 49474 - ::1 Mozilla/4.0+(compatible;+MSIE+6.0;+MS+Web+Services+Client+Protocol+4.0.30319.42000) - 400 0 0 72
2018-05-24 12:04:41 ::1 GET /Service1.svc disco 49474 - ::1 Mozilla/4.0+(compatible;+MSIE+6.0;+MS+Web+Services+Client+Protocol+4.0.30319.42000) - 200 0 0 17
2018-05-24 12:04:41 ::1 POST /Service1.svc - 49474 - ::1 - - 415 0 0 53
2018-05-24 12:04:41 ::1 POST /Service1.svc/mex - 49474 - ::1 - - 415 0 0 77
2018-05-24 12:04:41 ::1 GET /Service1.svc wsdl 49474 - ::1 Mozilla/4.0+(compatible;+MSIE+6.0;+MS+Web+Services+Client+Protocol+4.0.30319.42000) - 200 0 0 67
2018-05-24 12:04:41 ::1 GET /Service1.svc xsd=xsd0 49474 - ::1 Mozilla/4.0+(compatible;+MSIE+6.0;+MS+Web+Services+Client+Protocol+4.0.30319.42000) - 200 0 0 26
2018-05-24 12:04:41 ::1 GET /Service1.svc xsd=xsd2 49474 - ::1 Mozilla/4.0+(compatible;+MSIE+6.0;+MS+Web+Services+Client+Protocol+4.0.30319.42000) - 200 0 0 8
2018-05-24 12:04:41 ::1 GET /Service1.svc xsd=xsd3 49474 - ::1 Mozilla/4.0+(compatible;+MSIE+6.0;+MS+Web+Services+Client+Protocol+4.0.30319.42000) - 200 0 0 5
2018-05-24 12:04:41 ::1 GET /Service1.svc xsd=xsd1 49474 - ::1 Mozilla/4.0+(compatible;+MSIE+6.0;+MS+Web+Services+Client+Protocol+4.0.30319.42000) - 200 0 0 6
#Software: Microsoft Internet Information Services 10.0
#Version: 1.0
#Date: 2018-05-24 12:14:59
#Fields: date time s-ip cs-method cs-uri-stem cs-uri-query s-port cs-username c-ip cs(User-Agent) cs(Referer) sc-status sc-substatus sc-win32-status time-taken
2018-05-24 12:14:59 ::1 POST /Service1.svc - 49474 - ::1 - - 415 0 0 9821
2018-05-24 12:14:59 ::1 POST /Service1.svc/mex - 49474 - ::1 - - 415 0 0 11
2018-05-24 12:15:04 ::1 GET /Service1.svc - 49474 - ::1 Mozilla/4.0+(compatible;+MSIE+6.0;+MS+Web+Services+Client+Protocol+4.0.30319.42000) - 200 0 0 4487
2018-05-24 12:15:04 ::1 GET /Service1.svc disco 49474 - ::1 Mozilla/4.0+(compatible;+MSIE+6.0;+MS+Web+Services+Client+Protocol+4.0.30319.42000) - 200 0 0 86
2018-05-24 12:15:04 ::1 GET /Service1.svc wsdl 49474 - ::1 Mozilla/4.0+(compatible;+MSIE+6.0;+MS+Web+Services+Client+Protocol+4.0.30319.42000) - 200 0 0 89
2018-05-24 12:15:05 ::1 GET /Service1.svc xsd=xsd0 49474 - ::1 Mozilla/4.0+(compatible;+MSIE+6.0;+MS+Web+Services+Client+Protocol+4.0.30319.42000) - 200 0 0 982
2018-05-24 12:15:05 ::1 GET /Service1.svc xsd=xsd2 49474 - ::1 Mozilla/4.0+(compatible;+MSIE+6.0;+MS+Web+Services+Client+Protocol+4.0.30319.42000) - 200 0 0 6
2018-05-24 12:15:05 ::1 GET /Service1.svc xsd=xsd3 49474 - ::1 Mozilla/4.0+(compatible;+MSIE+6.0;+MS+Web+Services+Client+Protocol+4.0.30319.42000) - 200 0 0 6
2018-05-24 12:15:05 ::1 GET /Service1.svc xsd=xsd1 49474 - ::1 Mozilla/4.0+(compatible;+MSIE+6.0;+MS+Web+Services+Client+Protocol+4.0.30319.42000) - 200 0 0 29
2018-05-24 12:16:03 ::1 GET /Service1.svc - 49474 - ::1 Mozilla/4.0+(compatible;+MSIE+6.0;+MS+Web+Services+Client+Protocol+4.0.30319.42000) - 200 0 0 111
2018-05-24 12:16:03 ::1 POST /Service1.svc/mex - 49474 - ::1 - - 415 0 0 37
2018-05-24 12:16:03 ::1 POST /Service1.svc - 49474 - ::1 - - 415 0 0 66
2018-05-24 12:16:03 ::1 GET /Service1.svc disco 49474 - ::1 Mozilla/4.0+(compatible;+MSIE+6.0;+MS+Web+Services+Client+Protocol+4.0.30319.42000) - 200 0 0 37
2018-05-24 12:16:03 ::1 GET /Service1.svc wsdl 49474 - ::1 Mozilla/4.0+(compatible;+MSIE+6.0;+MS+Web+Services+Client+Protocol+4.0.30319.42000) - 200 0 0 75
2018-05-24 12:16:03 ::1 GET /Service1.svc/$metadata - 49474 - ::1 Mozilla/4.0+(compatible;+MSIE+6.0;+MS+Web+Services+Client+Protocol+4.0.30319.42000) - 400 0 0 250
2018-05-24 12:16:03 ::1 GET /Service1.svc xsd=xsd0 49474 - ::1 Mozilla/4.0+(compatible;+MSIE+6.0;+MS+Web+Services+Client+Protocol+4.0.30319.42000) - 200 0 0 63
2018-05-24 12:16:03 ::1 GET /Service1.svc xsd=xsd2 49474 - ::1 Mozilla/4.0+(compatible;+MSIE+6.0;+MS+Web+Services+Client+Protocol+4.0.30319.42000) - 200 0 0 33
2018-05-24 12:16:03 ::1 GET /Service1.svc xsd=xsd3 49474 - ::1 Mozilla/4.0+(compatible;+MSIE+6.0;+MS+Web+Services+Client+Protocol+4.0.30319.42000) - 200 0 0 23
2018-05-24 12:16:03 ::1 GET /Service1.svc xsd=xsd1 49474 - ::1 Mozilla/4.0+(compatible;+MSIE+6.0;+MS+Web+Services+Client+Protocol+4.0.30319.42000) - 200 0 0 73
#Software: Microsoft Internet Information Services 10.0
#Version: 1.0
#Date: 2018-05-24 12:21:40
#Fields: date time s-ip cs-method cs-uri-stem cs-uri-query s-port cs-username c-ip cs(User-Agent) cs(Referer) sc-status sc-substatus sc-win32-status time-taken
2018-05-24 12:21:40 ::1 POST /Service1.svc - 49474 - ::1 - - 415 0 0 7715
2018-05-24 12:21:40 ::1 POST /Service1.svc/mex - 49474 - ::1 - - 415 0 0 41
2018-05-24 12:21:44 ::1 GET /Service1.svc - 49474 - ::1 Mozilla/4.0+(compatible;+MSIE+6.0;+MS+Web+Services+Client+Protocol+4.0.30319.42000) - 200 0 0 3691
2018-05-24 12:21:44 ::1 GET /Service1.svc disco 49474 - ::1 Mozilla/4.0+(compatible;+MSIE+6.0;+MS+Web+Services+Client+Protocol+4.0.30319.42000) - 200 0 0 14
2018-05-24 12:21:44 ::1 GET /Service1.svc wsdl 49474 - ::1 Mozilla/4.0+(compatible;+MSIE+6.0;+MS+Web+Services+Client+Protocol+4.0.30319.42000) - 200 0 0 33
2018-05-24 12:21:44 ::1 GET /Service1.svc xsd=xsd0 49474 - ::1 Mozilla/4.0+(compatible;+MSIE+6.0;+MS+Web+Services+Client+Protocol+4.0.30319.42000) - 200 0 0 443
2018-05-24 12:21:44 ::1 GET /Service1.svc xsd=xsd2 49474 - ::1 Mozilla/4.0+(compatible;+MSIE+6.0;+MS+Web+Services+Client+Protocol+4.0.30319.42000) - 200 0 0 13
2018-05-24 12:21:44 ::1 GET /Service1.svc xsd=xsd3 49474 - ::1 Mozilla/4.0+(compatible;+MSIE+6.0;+MS+Web+Services+Client+Protocol+4.0.30319.42000) - 200 0 0 37
2018-05-24 12:21:44 ::1 GET /Service1.svc xsd=xsd1 49474 - ::1 Mozilla/4.0+(compatible;+MSIE+6.0;+MS+Web+Services+Client+Protocol+4.0.30319.42000) - 200 0 0 15
2018-05-24 12:22:10 ::1 GET /Service1.svc - 49474 - ::1 Mozilla/4.0+(compatible;+MSIE+6.0;+MS+Web+Services+Client+Protocol+4.0.30319.42000) - 200 0 0 12
2018-05-24 12:22:10 ::1 GET /Service1.svc/$metadata - 49474 - ::1 Mozilla/4.0+(compatible;+MSIE+6.0;+MS+Web+Services+Client+Protocol+4.0.30319.42000) - 400 0 0 29
2018-05-24 12:22:10 ::1 GET /Service1.svc disco 49474 - ::1 Mozilla/4.0+(compatible;+MSIE+6.0;+MS+Web+Services+Client+Protocol+4.0.30319.42000) - 200 0 0 88
2018-05-24 12:22:10 ::1 GET /Service1.svc wsdl 49474 - ::1 Mozilla/4.0+(compatible;+MSIE+6.0;+MS+Web+Services+Client+Protocol+4.0.30319.42000) - 200 0 0 9
2018-05-24 12:22:10 ::1 GET /Service1.svc xsd=xsd0 49474 - ::1 Mozilla/4.0+(compatible;+MSIE+6.0;+MS+Web+Services+Client+Protocol+4.0.30319.42000) - 200 0 0 6
2018-05-24 12:22:10 ::1 GET /Service1.svc xsd=xsd2 49474 - ::1 Mozilla/4.0+(compatible;+MSIE+6.0;+MS+Web+Services+Client+Protocol+4.0.30319.42000) - 200 0 0 14
2018-05-24 12:22:10 ::1 GET /Service1.svc xsd=xsd3 49474 - ::1 Mozilla/4.0+(compatible;+MSIE+6.0;+MS+Web+Services+Client+Protocol+4.0.30319.42000) - 200 0 0 19
2018-05-24 12:22:10 ::1 GET /Service1.svc xsd=xsd1 49474 - ::1 Mozilla/4.0+(compatible;+MSIE+6.0;+MS+Web+Services+Client+Protocol+4.0.30319.42000) - 200 0 0 32
2018-05-24 12:22:10 ::1 POST /Service1.svc - 49474 - ::1 - - 415 0 0 52
2018-05-24 12:22:10 ::1 POST /Service1.svc/mex - 49474 - ::1 - - 415 0 0 52
#Software: Microsoft Internet Information Services 10.0
#Version: 1.0
#Date: 2018-05-24 12:30:54
#Fields: date time s-ip cs-method cs-uri-stem cs-uri-query s-port cs-username c-ip cs(User-Agent) cs(Referer) sc-status sc-substatus sc-win32-status time-taken
2018-05-24 12:30:54 ::1 POST /Service1.svc - 49474 - ::1 - - 415 0 0 6896
2018-05-24 12:30:54 ::1 POST /Service1.svc/mex - 49474 - ::1 - - 415 0 0 33
2018-05-24 12:30:58 ::1 GET /Service1.svc - 49474 - ::1 Mozilla/4.0+(compatible;+MSIE+6.0;+MS+Web+Services+Client+Protocol+4.0.30319.42000) - 200 0 0 3360
2018-05-24 12:30:58 ::1 GET /Service1.svc disco 49474 - ::1 Mozilla/4.0+(compatible;+MSIE+6.0;+MS+Web+Services+Client+Protocol+4.0.30319.42000) - 200 0 0 10
2018-05-24 12:30:58 ::1 GET /Service1.svc wsdl 49474 - ::1 Mozilla/4.0+(compatible;+MSIE+6.0;+MS+Web+Services+Client+Protocol+4.0.30319.42000) - 200 0 0 12
2018-05-24 12:30:58 ::1 GET /Service1.svc xsd=xsd0 49474 - ::1 Mozilla/4.0+(compatible;+MSIE+6.0;+MS+Web+Services+Client+Protocol+4.0.30319.42000) - 200 0 0 388
2018-05-24 12:30:58 ::1 GET /Service1.svc xsd=xsd2 49474 - ::1 Mozilla/4.0+(compatible;+MSIE+6.0;+MS+Web+Services+Client+Protocol+4.0.30319.42000) - 200 0 0 15
2018-05-24 12:30:58 ::1 GET /Service1.svc xsd=xsd3 49474 - ::1 Mozilla/4.0+(compatible;+MSIE+6.0;+MS+Web+Services+Client+Protocol+4.0.30319.42000) - 200 0 0 25
2018-05-24 12:30:58 ::1 GET /Service1.svc xsd=xsd1 49474 - ::1 Mozilla/4.0+(compatible;+MSIE+6.0;+MS+Web+Services+Client+Protocol+4.0.30319.42000) - 200 0 0 35
2018-05-24 12:31:10 ::1 GET /Service1.svc - 49474 - ::1 Mozilla/4.0+(compatible;+MSIE+6.0;+MS+Web+Services+Client+Protocol+4.0.30319.42000) - 200 0 0 94
2018-05-24 12:31:10 ::1 POST /Service1.svc - 49474 - ::1 - - 415 0 0 66
2018-05-24 12:31:10 ::1 GET /Service1.svc/$metadata - 49474 - ::1 Mozilla/4.0+(compatible;+MSIE+6.0;+MS+Web+Services+Client+Protocol+4.0.30319.42000) - 400 0 0 106
2018-05-24 12:31:10 ::1 POST /Service1.svc/mex - 49474 - ::1 - - 415 0 0 91
2018-05-24 12:31:10 ::1 GET /Service1.svc disco 49474 - ::1 Mozilla/4.0+(compatible;+MSIE+6.0;+MS+Web+Services+Client+Protocol+4.0.30319.42000) - 200 0 0 64
2018-05-24 12:31:10 ::1 GET /Service1.svc wsdl 49474 - ::1 Mozilla/4.0+(compatible;+MSIE+6.0;+MS+Web+Services+Client+Protocol+4.0.30319.42000) - 200 0 0 16
2018-05-24 12:31:10 ::1 GET /Service1.svc xsd=xsd0 49474 - ::1 Mozilla/4.0+(compatible;+MSIE+6.0;+MS+Web+Services+Client+Protocol+4.0.30319.42000) - 200 0 0 13
2018-05-24 12:31:10 ::1 GET /Service1.svc xsd=xsd2 49474 - ::1 Mozilla/4.0+(compatible;+MSIE+6.0;+MS+Web+Services+Client+Protocol+4.0.30319.42000) - 200 0 0 49
2018-05-24 12:31:10 ::1 GET /Service1.svc xsd=xsd3 49474 - ::1 Mozilla/4.0+(compatible;+MSIE+6.0;+MS+Web+Services+Client+Protocol+4.0.30319.42000) - 200 0 0 13
2018-05-24 12:31:10 ::1 GET /Service1.svc xsd=xsd1 49474 - ::1 Mozilla/4.0+(compatible;+MSIE+6.0;+MS+Web+Services+Client+Protocol+4.0.30319.42000) - 200 0 0 18
2018-05-24 12:38:53 ::1 POST /Service1.svc - 49474 - ::1 - - 200 0 0 3201
2018-05-24 12:38:53 ::1 POST /Service1.svc - 49474 - ::1 - - 200 0 0 534
2018-05-24 12:38:55 ::1 POST /Service1.svc - 49474 - ::1 - - 200 0 0 357
2018-05-24 12:38:58 ::1 POST /Service1.svc - 49474 - ::1 - - 200 0 0 202
2018-05-24 12:38:58 ::1 POST /Service1.svc - 49474 - ::1 - - 200 0 0 25
2018-05-24 12:38:58 ::1 POST /Service1.svc - 49474 - ::1 - - 200 0 0 110
#Software: Microsoft Internet Information Services 10.0
#Version: 1.0
#Date: 2018-05-24 12:41:40
#Fields: date time s-ip cs-method cs-uri-stem cs-uri-query s-port cs-username c-ip cs(User-Agent) cs(Referer) sc-status sc-substatus sc-win32-status time-taken
2018-05-24 12:41:40 ::1 POST /Service1.svc - 49474 - ::1 - - 415 0 0 21081
2018-05-24 12:41:40 ::1 POST /Service1.svc/mex - 49474 - ::1 - - 415 0 0 5
2018-05-24 12:41:45 ::1 GET /Service1.svc - 49474 - ::1 Mozilla/4.0+(compatible;+MSIE+6.0;+MS+Web+Services+Client+Protocol+4.0.30319.42000) - 200 0 0 4610
2018-05-24 12:41:45 ::1 GET /Service1.svc disco 49474 - ::1 Mozilla/4.0+(compatible;+MSIE+6.0;+MS+Web+Services+Client+Protocol+4.0.30319.42000) - 200 0 0 37
2018-05-24 12:41:45 ::1 GET /Service1.svc wsdl 49474 - ::1 Mozilla/4.0+(compatible;+MSIE+6.0;+MS+Web+Services+Client+Protocol+4.0.30319.42000) - 200 0 0 82
2018-05-24 12:41:46 ::1 GET /Service1.svc xsd=xsd0 49474 - ::1 Mozilla/4.0+(compatible;+MSIE+6.0;+MS+Web+Services+Client+Protocol+4.0.30319.42000) - 200 0 0 1262
2018-05-24 12:41:46 ::1 GET /Service1.svc xsd=xsd2 49474 - ::1 Mozilla/4.0+(compatible;+MSIE+6.0;+MS+Web+Services+Client+Protocol+4.0.30319.42000) - 200 0 0 10
2018-05-24 12:41:46 ::1 GET /Service1.svc xsd=xsd3 49474 - ::1 Mozilla/4.0+(compatible;+MSIE+6.0;+MS+Web+Services+Client+Protocol+4.0.30319.42000) - 200 0 0 5
2018-05-24 12:41:46 ::1 GET /Service1.svc xsd=xsd1 49474 - ::1 Mozilla/4.0+(compatible;+MSIE+6.0;+MS+Web+Services+Client+Protocol+4.0.30319.42000) - 200 0 0 12
2018-05-24 12:43:24 ::1 GET /Service1.svc - 49474 - ::1 Mozilla/4.0+(compatible;+MSIE+6.0;+MS+Web+Services+Client+Protocol+4.0.30319.42000) - 200 0 0 230
2018-05-24 12:43:24 ::1 POST /Service1.svc/mex - 49474 - ::1 - - 415 0 0 170
2018-05-24 12:43:24 ::1 POST /Service1.svc - 49474 - ::1 - - 415 0 0 224
2018-05-24 12:43:24 ::1 GET /Service1.svc disco 49474 - ::1 Mozilla/4.0+(compatible;+MSIE+6.0;+MS+Web+Services+Client+Protocol+4.0.30319.42000) - 200 0 0 163
2018-05-24 12:43:24 ::1 GET /Service1.svc wsdl 49474 - ::1 Mozilla/4.0+(compatible;+MSIE+6.0;+MS+Web+Services+Client+Protocol+4.0.30319.42000) - 200 0 0 122
2018-05-24 12:43:24 ::1 GET /Service1.svc/$metadata - 49474 - ::1 Mozilla/4.0+(compatible;+MSIE+6.0;+MS+Web+Services+Client+Protocol+4.0.30319.42000) - 400 0 0 599
2018-05-24 12:43:24 ::1 GET /Service1.svc xsd=xsd0 49474 - ::1 Mozilla/4.0+(compatible;+MSIE+6.0;+MS+Web+Services+Client+Protocol+4.0.30319.42000) - 200 0 0 90
2018-05-24 12:43:24 ::1 GET /Service1.svc xsd=xsd2 49474 - ::1 Mozilla/4.0+(compatible;+MSIE+6.0;+MS+Web+Services+Client+Protocol+4.0.30319.42000) - 200 0 0 22
2018-05-24 12:43:24 ::1 GET /Service1.svc xsd=xsd3 49474 - ::1 Mozilla/4.0+(compatible;+MSIE+6.0;+MS+Web+Services+Client+Protocol+4.0.30319.42000) - 200 0 0 26
2018-05-24 12:43:24 ::1 GET /Service1.svc xsd=xsd1 49474 - ::1 Mozilla/4.0+(compatible;+MSIE+6.0;+MS+Web+Services+Client+Protocol+4.0.30319.42000) - 200 0 0 28
2018-05-24 12:45:37 ::1 POST /Service1.svc - 49474 - ::1 - - 200 0 0 5990
2018-05-24 12:45:37 ::1 POST /Service1.svc - 49474 - ::1 - - 200 0 0 302
2018-05-24 12:45:37 ::1 POST /Service1.svc - 49474 - ::1 - - 200 0 0 163
2018-05-24 12:46:38 ::1 POST /Service1.svc - 49474 - ::1 - - 200 0 0 18
2018-05-24 12:46:38 ::1 POST /Service1.svc - 49474 - ::1 - - 200 0 0 26
2018-05-24 12:46:38 ::1 POST /Service1.svc - 49474 - ::1 - - 200 0 0 158
2018-05-24 12:46:40 ::1 POST /Service1.svc - 49474 - ::1 - - 200 0 0 1131
2018-05-24 12:46:51 ::1 POST /Service1.svc - 49474 - ::1 - - 200 0 0 40
2018-05-24 12:46:51 ::1 POST /Service1.svc - 49474 - ::1 - - 200 0 0 54
2018-05-24 12:46:51 ::1 POST /Service1.svc - 49474 - ::1 - - 200 0 0 33
2018-05-24 12:46:51 ::1 POST /Service1.svc - 49474 - ::1 - - 200 0 0 107
2018-05-24 12:46:51 ::1 POST /Service1.svc - 49474 - ::1 - - 200 0 0 116
2018-05-24 12:46:51 ::1 POST /Service1.svc - 49474 - ::1 - - 200 0 0 29
2018-05-24 12:46:52 ::1 POST /Service1.svc - 49474 - ::1 - - 200 0 0 764
2018-05-24 12:46:54 ::1 POST /Service1.svc - 49474 - ::1 - - 200 0 0 63
2018-05-24 12:46:55 ::1 POST /Service1.svc - 49474 - ::1 - - 200 0 0 31
2018-05-24 12:46:55 ::1 POST /Service1.svc - 49474 - ::1 - - 200 0 0 57
2018-05-24 12:46:55 ::1 POST /Service1.svc - 49474 - ::1 - - 200 0 0 17
2018-05-24 12:47:30 ::1 POST /Service1.svc - 49474 - ::1 - - 200 0 0 72
2018-05-24 12:47:30 ::1 POST /Service1.svc - 49474 - ::1 - - 200 0 0 92
2018-05-24 12:47:30 ::1 POST /Service1.svc - 49474 - ::1 - - 200 0 0 96
