#Software: Microsoft Internet Information Services 10.0
#Version: 1.0
#Date: 2018-05-28 06:11:50
#Fields: date time s-ip cs-method cs-uri-stem cs-uri-query s-port cs-username c-ip cs(User-Agent) cs(Referer) sc-status sc-substatus sc-win32-status time-taken
2018-05-28 06:11:50 ::1 POST /Service1.svc - 49474 - ::1 - - 415 0 0 19041
2018-05-28 06:11:50 ::1 POST /Service1.svc/mex - 49474 - ::1 - - 415 0 0 54
2018-05-28 06:11:56 ::1 GET /Service1.svc - 49474 - ::1 Mozilla/4.0+(compatible;+MSIE+6.0;+MS+Web+Services+Client+Protocol+4.0.30319.42000) - 200 0 0 5134
2018-05-28 06:11:56 ::1 GET /Service1.svc disco 49474 - ::1 Mozilla/4.0+(compatible;+MSIE+6.0;+MS+Web+Services+Client+Protocol+4.0.30319.42000) - 200 0 0 19
2018-05-28 06:11:56 ::1 GET /Service1.svc wsdl 49474 - ::1 Mozilla/4.0+(compatible;+MSIE+6.0;+MS+Web+Services+Client+Protocol+4.0.30319.42000) - 200 0 0 288
2018-05-28 06:11:58 ::1 GET /Service1.svc xsd=xsd0 49474 - ::1 Mozilla/4.0+(compatible;+MSIE+6.0;+MS+Web+Services+Client+Protocol+4.0.30319.42000) - 200 0 0 1045
2018-05-28 06:11:58 ::1 GET /Service1.svc xsd=xsd2 49474 - ::1 Mozilla/4.0+(compatible;+MSIE+6.0;+MS+Web+Services+Client+Protocol+4.0.30319.42000) - 200 0 0 10
2018-05-28 06:11:58 ::1 GET /Service1.svc xsd=xsd3 49474 - ::1 Mozilla/4.0+(compatible;+MSIE+6.0;+MS+Web+Services+Client+Protocol+4.0.30319.42000) - 200 0 0 16
2018-05-28 06:11:58 ::1 GET /Service1.svc xsd=xsd1 49474 - ::1 Mozilla/4.0+(compatible;+MSIE+6.0;+MS+Web+Services+Client+Protocol+4.0.30319.42000) - 200 0 0 13
2018-05-28 06:26:31 ::1 POST /Service1.svc - 49474 - ::1 - - 200 0 0 2050
2018-05-28 06:26:31 ::1 POST /Service1.svc - 49474 - ::1 - - 200 0 0 83
2018-05-28 06:26:31 ::1 POST /Service1.svc - 49474 - ::1 - - 200 0 0 174
2018-05-28 06:26:31 ::1 POST /Service1.svc - 49474 - ::1 - - 200 0 0 106
2018-05-28 06:26:31 ::1 POST /Service1.svc - 49474 - ::1 - - 200 0 0 36
2018-05-28 06:26:31 ::1 POST /Service1.svc - 49474 - ::1 - - 200 0 0 17
2018-05-28 06:26:31 ::1 POST /Service1.svc - 49474 - ::1 - - 200 0 0 23
2018-05-28 06:26:31 ::1 POST /Service1.svc - 49474 - ::1 - - 200 0 0 47
2018-05-28 06:26:31 ::1 POST /Service1.svc - 49474 - ::1 - - 200 0 0 25
2018-05-28 06:26:31 ::1 POST /Service1.svc - 49474 - ::1 - - 200 0 0 24
2018-05-28 06:26:31 ::1 POST /Service1.svc - 49474 - ::1 - - 200 0 0 17
2018-05-28 06:26:32 ::1 POST /Service1.svc - 49474 - ::1 - - 200 0 0 25
2018-05-28 06:26:32 ::1 POST /Service1.svc - 49474 - ::1 - - 200 0 0 49
2018-05-28 06:26:37 ::1 POST /Service1.svc - 49474 - ::1 - - 200 0 0 44
2018-05-28 06:26:37 ::1 POST /Service1.svc - 49474 - ::1 - - 200 0 0 29
2018-05-28 06:26:37 ::1 POST /Service1.svc - 49474 - ::1 - - 200 0 0 73
2018-05-28 06:26:37 ::1 POST /Service1.svc - 49474 - ::1 - - 200 0 0 68
2018-05-28 06:26:37 ::1 POST /Service1.svc - 49474 - ::1 - - 200 0 0 24
2018-05-28 06:26:37 ::1 POST /Service1.svc - 49474 - ::1 - - 200 0 0 31
2018-05-28 06:26:37 ::1 POST /Service1.svc - 49474 - ::1 - - 200 0 0 40
2018-05-28 06:26:37 ::1 POST /Service1.svc - 49474 - ::1 - - 200 0 0 49
2018-05-28 06:26:37 ::1 POST /Service1.svc - 49474 - ::1 - - 200 0 0 150
2018-05-28 06:26:37 ::1 POST /Service1.svc - 49474 - ::1 - - 200 0 0 75
2018-05-28 06:26:37 ::1 POST /Service1.svc - 49474 - ::1 - - 200 0 0 22
2018-05-28 06:26:37 ::1 POST /Service1.svc - 49474 - ::1 - - 200 0 0 32
2018-05-28 06:26:37 ::1 POST /Service1.svc - 49474 - ::1 - - 200 0 0 32
2018-05-28 06:26:38 ::1 POST /Service1.svc - 49474 - ::1 - - 200 0 0 157
2018-05-28 06:26:38 ::1 POST /Service1.svc - 49474 - ::1 - - 200 0 0 69
2018-05-28 06:26:38 ::1 POST /Service1.svc - 49474 - ::1 - - 200 0 0 72
2018-05-28 06:26:38 ::1 POST /Service1.svc - 49474 - ::1 - - 200 0 0 16
2018-05-28 06:26:38 ::1 POST /Service1.svc - 49474 - ::1 - - 200 0 0 18
2018-05-28 06:26:38 ::1 POST /Service1.svc - 49474 - ::1 - - 200 0 0 57
2018-05-28 06:26:38 ::1 POST /Service1.svc - 49474 - ::1 - - 200 0 0 33
2018-05-28 06:34:31 ::1 POST /Service1.svc - 49474 - ::1 - - 200 0 0 279
2018-05-28 06:34:31 ::1 POST /Service1.svc - 49474 - ::1 - - 200 0 0 240
2018-05-28 06:34:31 ::1 POST /Service1.svc - 49474 - ::1 - - 200 0 0 244
2018-05-28 06:34:33 ::1 POST /Service1.svc - 49474 - ::1 - - 200 0 0 960
2018-05-28 06:34:33 ::1 POST /Service1.svc - 49474 - ::1 - - 200 0 0 163
2018-05-28 06:34:33 ::1 POST /Service1.svc - 49474 - ::1 - - 200 0 0 796
2018-05-28 06:34:35 ::1 POST /Service1.svc - 49474 - ::1 - - 200 0 0 1598
2018-05-28 06:34:38 ::1 POST /Service1.svc - 49474 - ::1 - - 200 0 0 2155
2018-05-28 06:34:39 ::1 POST /Service1.svc - 49474 - ::1 - - 200 0 0 1210
2018-05-28 06:34:41 ::1 POST /Service1.svc - 49474 - ::1 - - 200 0 0 1903
2018-05-28 06:34:42 ::1 POST /Service1.svc - 49474 - ::1 - - 200 0 0 1478
2018-05-28 06:34:42 ::1 POST /Service1.svc - 49474 - ::1 - - 200 0 0 262
2018-05-28 06:34:45 ::1 POST /Service1.svc - 49474 - ::1 - - 200 0 0 2103
2018-05-28 06:34:50 ::1 POST /Service1.svc - 49474 - ::1 - - 200 0 0 1274
2018-05-28 06:34:50 ::1 POST /Service1.svc - 49474 - ::1 - - 200 0 0 659
2018-05-28 06:34:52 ::1 POST /Service1.svc - 49474 - ::1 - - 200 0 0 1162
2018-05-28 06:34:52 ::1 POST /Service1.svc - 49474 - ::1 - - 200 0 0 691
2018-05-28 06:34:53 ::1 POST /Service1.svc - 49474 - ::1 - - 200 0 0 358
2018-05-28 06:34:53 ::1 POST /Service1.svc - 49474 - ::1 - - 200 0 0 749
2018-05-28 06:34:53 ::1 POST /Service1.svc - 49474 - ::1 - - 200 0 0 46
2018-05-28 06:34:53 ::1 POST /Service1.svc - 49474 - ::1 - - 200 0 0 31
2018-05-28 06:34:54 ::1 POST /Service1.svc - 49474 - ::1 - - 200 0 0 197
2018-05-28 06:34:54 ::1 POST /Service1.svc - 49474 - ::1 - - 200 0 0 844
2018-05-28 06:34:55 ::1 POST /Service1.svc - 49474 - ::1 - - 200 0 0 339
2018-05-28 06:34:55 ::1 POST /Service1.svc - 49474 - ::1 - - 200 0 0 834
2018-05-28 06:34:57 ::1 POST /Service1.svc - 49474 - ::1 - - 200 0 0 374
2018-05-28 06:34:58 ::1 POST /Service1.svc - 49474 - ::1 - - 200 0 0 195
2018-05-28 06:34:58 ::1 POST /Service1.svc - 49474 - ::1 - - 200 0 0 748
2018-05-28 06:34:59 ::1 POST /Service1.svc - 49474 - ::1 - - 200 0 0 392
2018-05-28 06:34:59 ::1 POST /Service1.svc - 49474 - ::1 - - 200 0 0 286
2018-05-28 06:35:01 ::1 POST /Service1.svc - 49474 - ::1 - - 200 0 0 1524
2018-05-28 06:35:01 ::1 POST /Service1.svc - 49474 - ::1 - - 200 0 0 417
2018-05-28 06:35:01 ::1 POST /Service1.svc - 49474 - ::1 - - 200 0 0 196
2018-05-28 06:35:53 ::1 POST /Service1.svc - 49474 - ::1 - - 200 0 0 399
2018-05-28 06:35:53 ::1 POST /Service1.svc - 49474 - ::1 - - 200 0 0 336
2018-05-28 06:35:53 ::1 POST /Service1.svc - 49474 - ::1 - - 200 0 0 568
2018-05-28 06:35:54 ::1 POST /Service1.svc - 49474 - ::1 - - 200 0 0 360
2018-05-28 06:35:54 ::1 POST /Service1.svc - 49474 - ::1 - - 200 0 0 530
2018-05-28 06:35:55 ::1 POST /Service1.svc - 49474 - ::1 - - 200 0 0 511
2018-05-28 06:35:55 ::1 POST /Service1.svc - 49474 - ::1 - - 200 0 0 484
2018-05-28 06:35:58 ::1 POST /Service1.svc - 49474 - ::1 - - 200 0 0 1647
2018-05-28 06:35:59 ::1 POST /Service1.svc - 49474 - ::1 - - 200 0 0 1727
2018-05-28 06:36:01 ::1 POST /Service1.svc - 49474 - ::1 - - 200 0 0 1254
2018-05-28 06:36:02 ::1 POST /Service1.svc - 49474 - ::1 - - 200 0 0 1402
2018-05-28 06:36:02 ::1 POST /Service1.svc - 49474 - ::1 - - 200 0 0 951
2018-05-28 06:36:04 ::1 POST /Service1.svc - 49474 - ::1 - - 200 0 0 1221
2018-05-28 06:36:06 ::1 POST /Service1.svc - 49474 - ::1 - - 200 0 0 1279
2018-05-28 06:36:08 ::1 POST /Service1.svc - 49474 - ::1 - - 200 0 0 1983
2018-05-28 06:36:10 ::1 POST /Service1.svc - 49474 - ::1 - - 200 0 0 2321
2018-05-28 06:36:11 ::1 POST /Service1.svc - 49474 - ::1 - - 200 0 0 1029
2018-05-28 06:36:13 ::1 POST /Service1.svc - 49474 - ::1 - - 200 0 0 1820
2018-05-28 06:36:13 ::1 POST /Service1.svc - 49474 - ::1 - - 200 0 0 827
2018-05-28 06:36:16 ::1 POST /Service1.svc - 49474 - ::1 - - 200 0 0 409
2018-05-28 06:36:17 ::1 POST /Service1.svc - 49474 - ::1 - - 200 0 0 590
2018-05-28 06:36:17 ::1 POST /Service1.svc - 49474 - ::1 - - 200 0 0 59
2018-05-28 06:36:17 ::1 POST /Service1.svc - 49474 - ::1 - - 200 0 0 302
2018-05-28 06:36:17 ::1 POST /Service1.svc - 49474 - ::1 - - 200 0 0 477
2018-05-28 06:37:10 ::1 POST /Service1.svc - 49474 - ::1 - - 200 0 0 198
2018-05-28 06:37:10 ::1 POST /Service1.svc - 49474 - ::1 - - 200 0 0 143
2018-05-28 06:37:10 ::1 POST /Service1.svc - 49474 - ::1 - - 200 0 0 130
2018-05-28 06:37:10 ::1 POST /Service1.svc - 49474 - ::1 - - 200 0 0 50
2018-05-28 06:37:10 ::1 POST /Service1.svc - 49474 - ::1 - - 200 0 0 273
2018-05-28 06:37:10 ::1 POST /Service1.svc - 49474 - ::1 - - 200 0 0 61
2018-05-28 06:37:11 ::1 POST /Service1.svc - 49474 - ::1 - - 200 0 0 252
2018-05-28 06:37:11 ::1 POST /Service1.svc - 49474 - ::1 - - 200 0 0 143
2018-05-28 06:37:11 ::1 POST /Service1.svc - 49474 - ::1 - - 200 0 0 38
2018-05-28 06:37:11 ::1 POST /Service1.svc - 49474 - ::1 - - 200 0 0 116
2018-05-28 06:37:11 ::1 POST /Service1.svc - 49474 - ::1 - - 200 0 0 425
2018-05-28 06:37:11 ::1 POST /Service1.svc - 49474 - ::1 - - 200 0 0 91
2018-05-28 06:37:11 ::1 POST /Service1.svc - 49474 - ::1 - - 200 0 0 46
2018-05-28 06:37:14 ::1 POST /Service1.svc - 49474 - ::1 - - 200 0 0 20
2018-05-28 06:37:14 ::1 POST /Service1.svc - 49474 - ::1 - - 200 0 0 95
2018-05-28 06:37:14 ::1 POST /Service1.svc - 49474 - ::1 - - 200 0 0 22
2018-05-28 06:37:14 ::1 POST /Service1.svc - 49474 - ::1 - - 200 0 0 80
2018-05-28 06:37:14 ::1 POST /Service1.svc - 49474 - ::1 - - 200 0 0 281
2018-05-28 06:37:14 ::1 POST /Service1.svc - 49474 - ::1 - - 200 0 0 44
2018-05-28 06:37:14 ::1 POST /Service1.svc - 49474 - ::1 - - 200 0 0 91
2018-05-28 06:37:14 ::1 POST /Service1.svc - 49474 - ::1 - - 200 0 0 139
2018-05-28 06:37:14 ::1 POST /Service1.svc - 49474 - ::1 - - 200 0 0 21
2018-05-28 06:37:14 ::1 POST /Service1.svc - 49474 - ::1 - - 200 0 0 54
2018-05-28 06:37:14 ::1 POST /Service1.svc - 49474 - ::1 - - 200 0 0 17
2018-05-28 06:37:14 ::1 POST /Service1.svc - 49474 - ::1 - - 200 0 0 21
2018-05-28 06:37:15 ::1 POST /Service1.svc - 49474 - ::1 - - 200 0 0 150
2018-05-28 06:39:58 ::1 POST /Service1.svc - 49474 - ::1 - - 200 0 0 19
2018-05-28 06:39:58 ::1 POST /Service1.svc - 49474 - ::1 - - 200 0 0 40
2018-05-28 06:39:58 ::1 POST /Service1.svc - 49474 - ::1 - - 200 0 0 90
2018-05-28 06:39:58 ::1 POST /Service1.svc - 49474 - ::1 - - 200 0 0 21
2018-05-28 06:39:58 ::1 POST /Service1.svc - 49474 - ::1 - - 200 0 0 24
2018-05-28 06:39:58 ::1 POST /Service1.svc - 49474 - ::1 - - 200 0 0 40
2018-05-28 06:39:58 ::1 POST /Service1.svc - 49474 - ::1 - - 200 0 0 32
2018-05-28 06:39:58 ::1 POST /Service1.svc - 49474 - ::1 - - 200 0 0 76
2018-05-28 06:39:58 ::1 POST /Service1.svc - 49474 - ::1 - - 200 0 0 43
2018-05-28 06:39:58 ::1 POST /Service1.svc - 49474 - ::1 - - 200 0 0 21
2018-05-28 06:39:58 ::1 POST /Service1.svc - 49474 - ::1 - - 200 0 0 44
2018-05-28 06:39:58 ::1 POST /Service1.svc - 49474 - ::1 - - 200 0 0 38
2018-05-28 06:39:58 ::1 POST /Service1.svc - 49474 - ::1 - - 200 0 0 66
2018-05-28 06:40:01 ::1 POST /Service1.svc - 49474 - ::1 - - 200 0 0 16
2018-05-28 06:40:01 ::1 POST /Service1.svc - 49474 - ::1 - - 200 0 0 14
2018-05-28 06:40:01 ::1 POST /Service1.svc - 49474 - ::1 - - 200 0 0 15
2018-05-28 06:40:01 ::1 POST /Service1.svc - 49474 - ::1 - - 200 0 0 21
2018-05-28 06:40:01 ::1 POST /Service1.svc - 49474 - ::1 - - 200 0 0 24
2018-05-28 06:40:01 ::1 POST /Service1.svc - 49474 - ::1 - - 200 0 0 57
2018-05-28 06:40:01 ::1 POST /Service1.svc - 49474 - ::1 - - 200 0 0 40
2018-05-28 06:40:01 ::1 POST /Service1.svc - 49474 - ::1 - - 200 0 0 31
2018-05-28 06:40:01 ::1 POST /Service1.svc - 49474 - ::1 - - 200 0 0 19
2018-05-28 06:40:01 ::1 POST /Service1.svc - 49474 - ::1 - - 200 0 0 20
2018-05-28 06:40:01 ::1 POST /Service1.svc - 49474 - ::1 - - 200 0 0 47
2018-05-28 06:40:01 ::1 POST /Service1.svc - 49474 - ::1 - - 200 0 0 29
2018-05-28 06:40:01 ::1 POST /Service1.svc - 49474 - ::1 - - 200 0 0 151
2018-05-28 06:40:01 ::1 POST /Service1.svc - 49474 - ::1 - - 200 0 0 84
2018-05-28 06:40:01 ::1 POST /Service1.svc - 49474 - ::1 - - 200 0 0 66
2018-05-28 06:40:02 ::1 POST /Service1.svc - 49474 - ::1 - - 200 0 0 98
2018-05-28 06:40:02 ::1 POST /Service1.svc - 49474 - ::1 - - 200 0 0 37
2018-05-28 06:40:02 ::1 POST /Service1.svc - 49474 - ::1 - - 200 0 0 162
2018-05-28 06:40:02 ::1 POST /Service1.svc - 49474 - ::1 - - 200 0 0 17
2018-05-28 06:40:02 ::1 POST /Service1.svc - 49474 - ::1 - - 200 0 0 53
2018-05-28 06:40:04 ::1 POST /Service1.svc - 49474 - ::1 - - 200 0 0 49
2018-05-28 06:40:04 ::1 POST /Service1.svc - 49474 - ::1 - - 200 0 0 19
2018-05-28 06:40:04 ::1 POST /Service1.svc - 49474 - ::1 - - 200 0 0 31
2018-05-28 06:40:04 ::1 POST /Service1.svc - 49474 - ::1 - - 200 0 0 48
2018-05-28 06:40:04 ::1 POST /Service1.svc - 49474 - ::1 - - 200 0 0 24
2018-05-28 06:40:04 ::1 POST /Service1.svc - 49474 - ::1 - - 200 0 0 21
2018-05-28 06:40:04 ::1 POST /Service1.svc - 49474 - ::1 - - 200 0 0 40
2018-05-28 06:40:04 ::1 POST /Service1.svc - 49474 - ::1 - - 200 0 0 42
2018-05-28 06:40:04 ::1 POST /Service1.svc - 49474 - ::1 - - 200 0 0 32
2018-05-28 06:40:04 ::1 POST /Service1.svc - 49474 - ::1 - - 200 0 0 94
2018-05-28 06:40:04 ::1 POST /Service1.svc - 49474 - ::1 - - 200 0 0 40
2018-05-28 06:40:04 ::1 POST /Service1.svc - 49474 - ::1 - - 200 0 0 69
2018-05-28 06:40:04 ::1 POST /Service1.svc - 49474 - ::1 - - 200 0 0 32
2018-05-28 06:40:04 ::1 POST /Service1.svc - 49474 - ::1 - - 200 0 0 145
2018-05-28 06:40:19 ::1 POST /Service1.svc - 49474 - ::1 - - 200 0 0 145
2018-05-28 06:40:22 ::1 POST /Service1.svc - 49474 - ::1 - - 200 0 0 142
2018-05-28 06:41:41 ::1 POST /Service1.svc - 49474 - ::1 - - 200 0 0 74
2018-05-28 06:42:53 ::1 POST /Service1.svc - 49474 - ::1 - - 200 0 0 144
2018-05-28 06:43:08 ::1 POST /Service1.svc - 49474 - ::1 - - 200 0 0 48
2018-05-28 06:44:18 ::1 POST /Service1.svc - 49474 - ::1 - - 200 0 0 119
2018-05-28 06:44:25 ::1 POST /Service1.svc - 49474 - ::1 - - 200 0 0 199
2018-05-28 06:44:28 ::1 POST /Service1.svc - 49474 - ::1 - - 200 0 0 120
2018-05-28 06:45:01 ::1 POST /Service1.svc - 49474 - ::1 - - 200 0 0 107
2018-05-28 06:45:05 ::1 POST /Service1.svc - 49474 - ::1 - - 200 0 0 109
2018-05-28 06:48:11 ::1 POST /Service1.svc - 49474 - ::1 - - 200 0 0 19
2018-05-28 06:48:11 ::1 POST /Service1.svc - 49474 - ::1 - - 200 0 0 57
2018-05-28 06:48:11 ::1 POST /Service1.svc - 49474 - ::1 - - 200 0 0 25
2018-05-28 06:48:11 ::1 POST /Service1.svc - 49474 - ::1 - - 200 0 0 67
2018-05-28 06:48:11 ::1 POST /Service1.svc - 49474 - ::1 - - 200 0 0 25
2018-05-28 06:48:11 ::1 POST /Service1.svc - 49474 - ::1 - - 200 0 0 148
2018-05-28 06:48:11 ::1 POST /Service1.svc - 49474 - ::1 - - 200 0 0 91
2018-05-28 06:48:11 ::1 POST /Service1.svc - 49474 - ::1 - - 200 0 0 34
2018-05-28 06:48:11 ::1 POST /Service1.svc - 49474 - ::1 - - 200 0 0 125
2018-05-28 06:48:11 ::1 POST /Service1.svc - 49474 - ::1 - - 200 0 0 61
2018-05-28 06:48:11 ::1 POST /Service1.svc - 49474 - ::1 - - 200 0 0 16
2018-05-28 06:48:11 ::1 POST /Service1.svc - 49474 - ::1 - - 200 0 0 26
2018-05-28 06:48:11 ::1 POST /Service1.svc - 49474 - ::1 - - 200 0 0 30
2018-05-28 06:50:50 ::1 POST /Service1.svc - 49474 - ::1 - - 200 0 0 24
2018-05-28 06:50:50 ::1 POST /Service1.svc - 49474 - ::1 - - 200 0 0 17
2018-05-28 06:50:50 ::1 POST /Service1.svc - 49474 - ::1 - - 200 0 0 137
2018-05-28 06:50:50 ::1 POST /Service1.svc - 49474 - ::1 - - 200 0 0 54
2018-05-28 06:50:50 ::1 POST /Service1.svc - 49474 - ::1 - - 200 0 0 13
2018-05-28 06:50:50 ::1 POST /Service1.svc - 49474 - ::1 - - 200 0 0 19
2018-05-28 06:50:50 ::1 POST /Service1.svc - 49474 - ::1 - - 200 0 0 57
2018-05-28 06:50:50 ::1 POST /Service1.svc - 49474 - ::1 - - 200 0 0 43
2018-05-28 06:50:50 ::1 POST /Service1.svc - 49474 - ::1 - - 200 0 0 40
2018-05-28 06:50:50 ::1 POST /Service1.svc - 49474 - ::1 - - 200 0 0 20
2018-05-28 06:50:50 ::1 POST /Service1.svc - 49474 - ::1 - - 200 0 0 26
2018-05-28 06:50:50 ::1 POST /Service1.svc - 49474 - ::1 - - 200 0 0 19
2018-05-28 06:50:50 ::1 POST /Service1.svc - 49474 - ::1 - - 200 0 0 88
2018-05-28 06:50:50 ::1 POST /Service1.svc - 49474 - ::1 - - 200 0 0 83
2018-05-28 06:50:50 ::1 POST /Service1.svc - 49474 - ::1 - - 200 0 0 53
2018-05-28 06:50:51 ::1 POST /Service1.svc - 49474 - ::1 - - 200 0 0 133
2018-05-28 06:50:51 ::1 POST /Service1.svc - 49474 - ::1 - - 200 0 0 17
2018-05-28 06:50:51 ::1 POST /Service1.svc - 49474 - ::1 - - 200 0 0 31
2018-05-28 06:50:51 ::1 POST /Service1.svc - 49474 - ::1 - - 200 0 0 30
2018-05-28 06:50:51 ::1 POST /Service1.svc - 49474 - ::1 - - 200 0 0 173
2018-05-28 06:50:53 ::1 POST /Service1.svc - 49474 - ::1 - - 200 0 0 17
2018-05-28 06:50:53 ::1 POST /Service1.svc - 49474 - ::1 - - 200 0 0 19
2018-05-28 06:50:53 ::1 POST /Service1.svc - 49474 - ::1 - - 200 0 0 65
2018-05-28 06:50:53 ::1 POST /Service1.svc - 49474 - ::1 - - 200 0 0 31
2018-05-28 06:50:53 ::1 POST /Service1.svc - 49474 - ::1 - - 200 0 0 49
2018-05-28 06:50:53 ::1 POST /Service1.svc - 49474 - ::1 - - 200 0 0 21
2018-05-28 06:50:53 ::1 POST /Service1.svc - 49474 - ::1 - - 200 0 0 26
2018-05-28 06:50:53 ::1 POST /Service1.svc - 49474 - ::1 - - 200 0 0 20
2018-05-28 06:50:53 ::1 POST /Service1.svc - 49474 - ::1 - - 200 0 0 21
2018-05-28 06:50:53 ::1 POST /Service1.svc - 49474 - ::1 - - 200 0 0 86
2018-05-28 06:50:53 ::1 POST /Service1.svc - 49474 - ::1 - - 200 0 0 91
2018-05-28 06:50:53 ::1 POST /Service1.svc - 49474 - ::1 - - 200 0 0 27
2018-05-28 06:50:53 ::1 POST /Service1.svc - 49474 - ::1 - - 200 0 0 68
2018-05-28 06:50:53 ::1 POST /Service1.svc - 49474 - ::1 - - 200 0 0 247
2018-05-28 06:51:05 ::1 POST /Service1.svc - 49474 - ::1 - - 200 0 0 105
2018-05-28 06:51:08 ::1 POST /Service1.svc - 49474 - ::1 - - 200 0 0 62
2018-05-28 06:51:11 ::1 POST /Service1.svc - 49474 - ::1 - - 200 0 0 128
2018-05-28 06:52:24 ::1 POST /Service1.svc - 49474 - ::1 - - 200 0 0 106
2018-05-28 06:52:39 ::1 POST /Service1.svc - 49474 - ::1 - - 200 0 0 121
2018-05-28 06:52:59 ::1 POST /Service1.svc - 49474 - ::1 - - 200 0 0 107
2018-05-28 06:53:15 ::1 POST /Service1.svc - 49474 - ::1 - - 200 0 0 189
2018-05-28 06:53:18 ::1 POST /Service1.svc - 49474 - ::1 - - 200 0 0 136
2018-05-28 06:53:32 ::1 POST /Service1.svc - 49474 - ::1 - - 200 0 0 52
2018-05-28 06:53:36 ::1 POST /Service1.svc - 49474 - ::1 - - 200 0 0 30
2018-05-28 06:53:45 ::1 POST /Service1.svc - 49474 - ::1 - - 200 0 0 98
2018-05-28 06:53:49 ::1 POST /Service1.svc - 49474 - ::1 - - 200 0 0 105
#Software: Microsoft Internet Information Services 10.0
#Version: 1.0
#Date: 2018-05-28 07:52:22
#Fields: date time s-ip cs-method cs-uri-stem cs-uri-query s-port cs-username c-ip cs(User-Agent) cs(Referer) sc-status sc-substatus sc-win32-status time-taken
2018-05-28 07:52:22 ::1 POST /Service1.svc - 49474 - ::1 - - 200 0 0 329
2018-05-28 07:52:22 ::1 POST /Service1.svc - 49474 - ::1 - - 200 0 0 101
2018-05-28 07:52:22 ::1 POST /Service1.svc - 49474 - ::1 - - 200 0 0 60
2018-05-28 07:52:22 ::1 POST /Service1.svc - 49474 - ::1 - - 200 0 0 38
2018-05-28 07:52:22 ::1 POST /Service1.svc - 49474 - ::1 - - 200 0 0 89
2018-05-28 07:52:22 ::1 POST /Service1.svc - 49474 - ::1 - - 200 0 0 61
2018-05-28 07:52:22 ::1 POST /Service1.svc - 49474 - ::1 - - 200 0 0 47
2018-05-28 07:52:22 ::1 POST /Service1.svc - 49474 - ::1 - - 200 0 0 45
2018-05-28 07:52:22 ::1 POST /Service1.svc - 49474 - ::1 - - 200 0 0 38
2018-05-28 07:52:23 ::1 POST /Service1.svc - 49474 - ::1 - - 200 0 0 58
2018-05-28 07:52:23 ::1 POST /Service1.svc - 49474 - ::1 - - 200 0 0 28
2018-05-28 07:52:23 ::1 POST /Service1.svc - 49474 - ::1 - - 200 0 0 60
2018-05-28 07:52:23 ::1 POST /Service1.svc - 49474 - ::1 - - 200 0 0 17
2018-05-28 07:52:28 ::1 POST /Service1.svc - 49474 - ::1 - - 200 0 0 52
2018-05-28 07:52:28 ::1 POST /Service1.svc - 49474 - ::1 - - 200 0 0 15
2018-05-28 07:52:28 ::1 POST /Service1.svc - 49474 - ::1 - - 200 0 0 21
2018-05-28 07:52:28 ::1 POST /Service1.svc - 49474 - ::1 - - 200 0 0 14
2018-05-28 07:52:28 ::1 POST /Service1.svc - 49474 - ::1 - - 200 0 0 20
2018-05-28 07:52:28 ::1 POST /Service1.svc - 49474 - ::1 - - 200 0 0 14
2018-05-28 07:52:28 ::1 POST /Service1.svc - 49474 - ::1 - - 200 0 0 34
2018-05-28 07:52:28 ::1 POST /Service1.svc - 49474 - ::1 - - 200 0 0 79
2018-05-28 07:52:28 ::1 POST /Service1.svc - 49474 - ::1 - - 200 0 0 28
2018-05-28 07:52:28 ::1 POST /Service1.svc - 49474 - ::1 - - 200 0 0 19
2018-05-28 07:52:28 ::1 POST /Service1.svc - 49474 - ::1 - - 200 0 0 20
2018-05-28 07:52:28 ::1 POST /Service1.svc - 49474 - ::1 - - 200 0 0 21
2018-05-28 07:52:28 ::1 POST /Service1.svc - 49474 - ::1 - - 200 0 0 13
2018-05-28 07:52:28 ::1 POST /Service1.svc - 49474 - ::1 - - 200 0 0 26
2018-05-28 07:52:28 ::1 POST /Service1.svc - 49474 - ::1 - - 200 0 0 22
2018-05-28 07:52:28 ::1 POST /Service1.svc - 49474 - ::1 - - 200 0 0 106
2018-05-28 07:52:28 ::1 POST /Service1.svc - 49474 - ::1 - - 200 0 0 81
2018-05-28 07:52:28 ::1 POST /Service1.svc - 49474 - ::1 - - 200 0 0 17
2018-05-28 07:52:29 ::1 POST /Service1.svc - 49474 - ::1 - - 200 0 0 15
2018-05-28 07:52:29 ::1 POST /Service1.svc - 49474 - ::1 - - 200 0 0 37
2018-05-28 07:52:31 ::1 POST /Service1.svc - 49474 - ::1 - - 200 0 0 26
2018-05-28 07:52:31 ::1 POST /Service1.svc - 49474 - ::1 - - 200 0 0 37
2018-05-28 07:52:31 ::1 POST /Service1.svc - 49474 - ::1 - - 200 0 0 81
2018-05-28 07:52:31 ::1 POST /Service1.svc - 49474 - ::1 - - 200 0 0 73
2018-05-28 07:52:31 ::1 POST /Service1.svc - 49474 - ::1 - - 200 0 0 57
2018-05-28 07:52:31 ::1 POST /Service1.svc - 49474 - ::1 - - 200 0 0 15
2018-05-28 07:52:31 ::1 POST /Service1.svc - 49474 - ::1 - - 200 0 0 13
2018-05-28 07:52:31 ::1 POST /Service1.svc - 49474 - ::1 - - 200 0 0 18
2018-05-28 07:52:31 ::1 POST /Service1.svc - 49474 - ::1 - - 200 0 0 30
2018-05-28 07:52:31 ::1 POST /Service1.svc - 49474 - ::1 - - 200 0 0 18
2018-05-28 07:52:31 ::1 POST /Service1.svc - 49474 - ::1 - - 200 0 0 47
2018-05-28 07:52:31 ::1 POST /Service1.svc - 49474 - ::1 - - 200 0 0 120
2018-05-28 07:52:31 ::1 POST /Service1.svc - 49474 - ::1 - - 200 0 0 17
2018-05-28 07:52:31 ::1 POST /Service1.svc - 49474 - ::1 - - 200 0 0 73
2018-05-28 07:52:37 ::1 POST /Service1.svc - 49474 - ::1 - - 200 0 0 374
2018-05-28 07:52:37 ::1 POST /Service1.svc - 49474 - ::1 - - 200 0 0 130
2018-05-28 07:52:37 ::1 POST /Service1.svc - 49474 - ::1 - - 200 0 0 33
2018-05-28 07:52:37 ::1 POST /Service1.svc - 49474 - ::1 - - 200 0 0 142
2018-05-28 07:52:37 ::1 POST /Service1.svc - 49474 - ::1 - - 200 0 0 38
2018-05-28 07:52:37 ::1 POST /Service1.svc - 49474 - ::1 - - 200 0 0 23
2018-05-28 07:52:38 ::1 POST /Service1.svc - 49474 - ::1 - - 200 0 0 113
2018-05-28 08:06:28 ::1 POST /Service1.svc - 49474 - ::1 - - 200 0 0 187
2018-05-28 08:06:28 ::1 POST /Service1.svc - 49474 - ::1 - - 200 0 0 633
2018-05-28 08:06:28 ::1 POST /Service1.svc - 49474 - ::1 - - 200 0 0 91
2018-05-28 08:06:28 ::1 POST /Service1.svc - 49474 - ::1 - - 200 0 0 66
2018-05-28 08:06:28 ::1 POST /Service1.svc - 49474 - ::1 - - 200 0 0 84
2018-05-28 08:06:29 ::1 POST /Service1.svc - 49474 - ::1 - - 200 0 0 135
2018-05-28 08:06:29 ::1 POST /Service1.svc - 49474 - ::1 - - 200 0 0 335
2018-05-28 08:06:29 ::1 POST /Service1.svc - 49474 - ::1 - - 200 0 0 36
2018-05-28 08:06:29 ::1 POST /Service1.svc - 49474 - ::1 - - 200 0 0 67
2018-05-28 08:06:29 ::1 POST /Service1.svc - 49474 - ::1 - - 200 0 0 51
2018-05-28 08:06:29 ::1 POST /Service1.svc - 49474 - ::1 - - 200 0 0 205
2018-05-28 08:06:29 ::1 POST /Service1.svc - 49474 - ::1 - - 200 0 0 64
2018-05-28 08:06:29 ::1 POST /Service1.svc - 49474 - ::1 - - 200 0 0 98
2018-05-28 08:06:32 ::1 POST /Service1.svc - 49474 - ::1 - - 200 0 0 74
2018-05-28 08:06:32 ::1 POST /Service1.svc - 49474 - ::1 - - 200 0 0 128
2018-05-28 08:06:32 ::1 POST /Service1.svc - 49474 - ::1 - - 200 0 0 69
2018-05-28 08:06:32 ::1 POST /Service1.svc - 49474 - ::1 - - 200 0 0 28
2018-05-28 08:06:32 ::1 POST /Service1.svc - 49474 - ::1 - - 200 0 0 98
2018-05-28 08:06:32 ::1 POST /Service1.svc - 49474 - ::1 - - 200 0 0 84
2018-05-28 08:06:32 ::1 POST /Service1.svc - 49474 - ::1 - - 200 0 0 39
2018-05-28 08:06:32 ::1 POST /Service1.svc - 49474 - ::1 - - 200 0 0 205
2018-05-28 08:06:32 ::1 POST /Service1.svc - 49474 - ::1 - - 200 0 0 49
2018-05-28 08:06:32 ::1 POST /Service1.svc - 49474 - ::1 - - 200 0 0 43
2018-05-28 08:06:34 ::1 POST /Service1.svc - 49474 - ::1 - - 200 0 0 995
2018-05-28 08:06:34 ::1 POST /Service1.svc - 49474 - ::1 - - 200 0 0 120
2018-05-28 08:06:34 ::1 POST /Service1.svc - 49474 - ::1 - - 200 0 0 355
2018-05-28 08:06:34 ::1 POST /Service1.svc - 49474 - ::1 - - 200 0 0 126
2018-05-28 08:06:34 ::1 POST /Service1.svc - 49474 - ::1 - - 200 0 0 82
2018-05-28 08:06:35 ::1 POST /Service1.svc - 49474 - ::1 - - 200 0 0 220
2018-05-28 08:06:35 ::1 POST /Service1.svc - 49474 - ::1 - - 200 0 0 46
2018-05-28 08:06:35 ::1 POST /Service1.svc - 49474 - ::1 - - 200 0 0 165
2018-05-28 08:06:35 ::1 POST /Service1.svc - 49474 - ::1 - - 200 0 0 348
2018-05-28 08:06:35 ::1 POST /Service1.svc - 49474 - ::1 - - 200 0 0 52
2018-05-28 08:06:49 ::1 POST /Service1.svc - 49474 - ::1 - - 200 0 0 156
2018-05-28 08:06:49 ::1 POST /Service1.svc - 49474 - ::1 - - 200 0 0 70
2018-05-28 08:06:49 ::1 POST /Service1.svc - 49474 - ::1 - - 200 0 0 153
2018-05-28 08:06:49 ::1 POST /Service1.svc - 49474 - ::1 - - 200 0 0 94
2018-05-28 08:06:49 ::1 POST /Service1.svc - 49474 - ::1 - - 200 0 0 54
2018-05-28 08:06:49 ::1 POST /Service1.svc - 49474 - ::1 - - 200 0 0 120
2018-05-28 08:06:59 ::1 POST /Service1.svc - 49474 - ::1 - - 200 0 0 44
2018-05-28 08:06:59 ::1 POST /Service1.svc - 49474 - ::1 - - 200 0 0 228
2018-05-28 08:07:00 ::1 POST /Service1.svc - 49474 - ::1 - - 200 0 0 42
2018-05-28 08:07:00 ::1 POST /Service1.svc - 49474 - ::1 - - 200 0 0 70
2018-05-28 08:07:10 ::1 POST /Service1.svc - 49474 - ::1 - - 200 0 0 250
2018-05-28 08:07:10 ::1 POST /Service1.svc - 49474 - ::1 - - 200 0 0 92
2018-05-28 08:07:10 ::1 POST /Service1.svc - 49474 - ::1 - - 200 0 0 116
2018-05-28 08:07:10 ::1 POST /Service1.svc - 49474 - ::1 - - 200 0 0 83
2018-05-28 08:07:20 ::1 POST /Service1.svc - 49474 - ::1 - - 200 0 0 87
2018-05-28 08:07:20 ::1 POST /Service1.svc - 49474 - ::1 - - 200 0 0 34
2018-05-28 08:07:20 ::1 POST /Service1.svc - 49474 - ::1 - - 200 0 0 142
2018-05-28 08:07:31 ::1 POST /Service1.svc - 49474 - ::1 - - 200 0 0 53
2018-05-28 08:07:31 ::1 POST /Service1.svc - 49474 - ::1 - - 200 0 0 236
2018-05-28 08:07:31 ::1 POST /Service1.svc - 49474 - ::1 - - 200 0 0 45
2018-05-28 08:07:31 ::1 POST /Service1.svc - 49474 - ::1 - - 200 0 0 38
2018-05-28 08:07:31 ::1 POST /Service1.svc - 49474 - ::1 - - 200 0 0 17
2018-05-28 08:07:31 ::1 POST /Service1.svc - 49474 - ::1 - - 200 0 0 232
2018-05-28 08:07:32 ::1 POST /Service1.svc - 49474 - ::1 - - 200 0 0 314
2018-05-28 08:07:32 ::1 POST /Service1.svc - 49474 - ::1 - - 200 0 0 115
2018-05-28 08:07:32 ::1 POST /Service1.svc - 49474 - ::1 - - 200 0 0 37
2018-05-28 08:07:35 ::1 POST /Service1.svc - 49474 - ::1 - - 200 0 0 36
2018-05-28 08:07:35 ::1 POST /Service1.svc - 49474 - ::1 - - 200 0 0 93
2018-05-28 08:07:35 ::1 POST /Service1.svc - 49474 - ::1 - - 200 0 0 45
2018-05-28 08:07:39 ::1 POST /Service1.svc - 49474 - ::1 - - 200 0 0 99
2018-05-28 08:07:39 ::1 POST /Service1.svc - 49474 - ::1 - - 200 0 0 62
2018-05-28 08:07:39 ::1 POST /Service1.svc - 49474 - ::1 - - 200 0 0 46
2018-05-28 08:07:39 ::1 POST /Service1.svc - 49474 - ::1 - - 200 0 0 123
2018-05-28 08:07:39 ::1 POST /Service1.svc - 49474 - ::1 - - 200 0 0 38
2018-05-28 08:07:39 ::1 POST /Service1.svc - 49474 - ::1 - - 200 0 0 64
2018-05-28 08:07:39 ::1 POST /Service1.svc - 49474 - ::1 - - 200 0 0 341
2018-05-28 08:07:40 ::1 POST /Service1.svc - 49474 - ::1 - - 200 0 0 200
2018-05-28 08:07:40 ::1 POST /Service1.svc - 49474 - ::1 - - 200 0 0 39
2018-05-28 08:07:40 ::1 POST /Service1.svc - 49474 - ::1 - - 200 0 0 329
2018-05-28 08:07:40 ::1 POST /Service1.svc - 49474 - ::1 - - 200 0 0 55
2018-05-28 08:07:40 ::1 POST /Service1.svc - 49474 - ::1 - - 200 0 0 84
2018-05-28 08:07:40 ::1 POST /Service1.svc - 49474 - ::1 - - 200 0 0 82
2018-05-28 08:07:40 ::1 POST /Service1.svc - 49474 - ::1 - - 200 0 0 72
2018-05-28 08:07:41 ::1 POST /Service1.svc - 49474 - ::1 - - 200 0 0 340
2018-05-28 08:07:41 ::1 POST /Service1.svc - 49474 - ::1 - - 200 0 0 311
2018-05-28 08:07:41 ::1 POST /Service1.svc - 49474 - ::1 - - 200 0 0 46
2018-05-28 08:07:41 ::1 POST /Service1.svc - 49474 - ::1 - - 200 0 0 89
2018-05-28 08:07:41 ::1 POST /Service1.svc - 49474 - ::1 - - 200 0 0 93
2018-05-28 08:07:41 ::1 POST /Service1.svc - 49474 - ::1 - - 200 0 0 55
2018-05-28 08:07:41 ::1 POST /Service1.svc - 49474 - ::1 - - 200 0 0 242
2018-05-28 08:07:50 ::1 POST /Service1.svc - 49474 - ::1 - - 200 0 0 26
2018-05-28 08:07:50 ::1 POST /Service1.svc - 49474 - ::1 - - 200 0 0 70
2018-05-28 08:07:50 ::1 POST /Service1.svc - 49474 - ::1 - - 200 0 0 117
2018-05-28 08:07:50 ::1 POST /Service1.svc - 49474 - ::1 - - 200 0 0 59
2018-05-28 08:07:50 ::1 POST /Service1.svc - 49474 - ::1 - - 200 0 0 42
2018-05-28 08:07:50 ::1 POST /Service1.svc - 49474 - ::1 - - 200 0 0 131
2018-05-28 08:07:50 ::1 POST /Service1.svc - 49474 - ::1 - - 200 0 0 223
2018-05-28 08:07:50 ::1 POST /Service1.svc - 49474 - ::1 - - 200 0 0 84
2018-05-28 08:07:50 ::1 POST /Service1.svc - 49474 - ::1 - - 200 0 0 87
2018-05-28 08:07:50 ::1 POST /Service1.svc - 49474 - ::1 - - 200 0 0 87
2018-05-28 08:07:50 ::1 POST /Service1.svc - 49474 - ::1 - - 200 0 0 18
2018-05-28 08:07:50 ::1 POST /Service1.svc - 49474 - ::1 - - 200 0 0 29
2018-05-28 08:07:52 ::1 POST /Service1.svc - 49474 - ::1 - - 200 0 0 288
2018-05-28 08:12:38 ::1 POST /Service1.svc - 49474 - ::1 - - 200 0 0 68
2018-05-28 08:12:38 ::1 POST /Service1.svc - 49474 - ::1 - - 200 0 0 21
2018-05-28 08:12:38 ::1 POST /Service1.svc - 49474 - ::1 - - 200 0 0 23
2018-05-28 08:12:38 ::1 POST /Service1.svc - 49474 - ::1 - - 200 0 0 94
2018-05-28 08:12:38 ::1 POST /Service1.svc - 49474 - ::1 - - 200 0 0 78
2018-05-28 08:12:38 ::1 POST /Service1.svc - 49474 - ::1 - - 200 0 0 143
2018-05-28 08:12:38 ::1 POST /Service1.svc - 49474 - ::1 - - 200 0 0 84
2018-05-28 08:12:39 ::1 POST /Service1.svc - 49474 - ::1 - - 200 0 0 204
2018-05-28 08:12:39 ::1 POST /Service1.svc - 49474 - ::1 - - 200 0 0 227
2018-05-28 08:12:39 ::1 POST /Service1.svc - 49474 - ::1 - - 200 0 0 68
2018-05-28 08:12:39 ::1 POST /Service1.svc - 49474 - ::1 - - 200 0 0 129
2018-05-28 08:12:39 ::1 POST /Service1.svc - 49474 - ::1 - - 200 0 0 21
2018-05-28 08:12:39 ::1 POST /Service1.svc - 49474 - ::1 - - 200 0 0 30
2018-05-28 08:12:48 ::1 POST /Service1.svc - 49474 - ::1 - - 200 0 0 17
2018-05-28 08:12:48 ::1 POST /Service1.svc - 49474 - ::1 - - 200 0 0 18
2018-05-28 08:12:48 ::1 POST /Service1.svc - 49474 - ::1 - - 200 0 0 75
2018-05-28 08:12:48 ::1 POST /Service1.svc - 49474 - ::1 - - 200 0 0 87
2018-05-28 08:12:48 ::1 POST /Service1.svc - 49474 - ::1 - - 200 0 0 41
2018-05-28 08:12:48 ::1 POST /Service1.svc - 49474 - ::1 - - 200 0 0 20
2018-05-28 08:12:48 ::1 POST /Service1.svc - 49474 - ::1 - - 200 0 0 43
2018-05-28 08:12:48 ::1 POST /Service1.svc - 49474 - ::1 - - 200 0 0 107
2018-05-28 08:12:48 ::1 POST /Service1.svc - 49474 - ::1 - - 200 0 0 47
2018-05-28 08:12:48 ::1 POST /Service1.svc - 49474 - ::1 - - 200 0 0 20
2018-05-28 08:12:48 ::1 POST /Service1.svc - 49474 - ::1 - - 200 0 0 16
2018-05-28 08:12:48 ::1 POST /Service1.svc - 49474 - ::1 - - 200 0 0 12
2018-05-28 08:12:48 ::1 POST /Service1.svc - 49474 - ::1 - - 200 0 0 17
2018-05-28 08:12:49 ::1 POST /Service1.svc - 49474 - ::1 - - 200 0 0 24
2018-05-28 08:12:49 ::1 POST /Service1.svc - 49474 - ::1 - - 200 0 0 56
2018-05-28 08:12:49 ::1 POST /Service1.svc - 49474 - ::1 - - 200 0 0 237
2018-05-28 08:12:49 ::1 POST /Service1.svc - 49474 - ::1 - - 200 0 0 118
2018-05-28 08:12:49 ::1 POST /Service1.svc - 49474 - ::1 - - 200 0 0 35
2018-05-28 08:12:49 ::1 POST /Service1.svc - 49474 - ::1 - - 200 0 0 24
2018-05-28 08:12:50 ::1 POST /Service1.svc - 49474 - ::1 - - 200 0 0 521
2018-05-28 08:13:09 ::1 POST /Service1.svc - 49474 - ::1 - - 200 0 0 16
2018-05-28 08:13:09 ::1 POST /Service1.svc - 49474 - ::1 - - 200 0 0 23
2018-05-28 08:13:09 ::1 POST /Service1.svc - 49474 - ::1 - - 200 0 0 27
2018-05-28 08:13:09 ::1 POST /Service1.svc - 49474 - ::1 - - 200 0 0 97
2018-05-28 08:13:09 ::1 POST /Service1.svc - 49474 - ::1 - - 200 0 0 74
2018-05-28 08:13:09 ::1 POST /Service1.svc - 49474 - ::1 - - 200 0 0 29
2018-05-28 08:13:09 ::1 POST /Service1.svc - 49474 - ::1 - - 200 0 0 24
2018-05-28 08:13:09 ::1 POST /Service1.svc - 49474 - ::1 - - 200 0 0 129
2018-05-28 08:13:09 ::1 POST /Service1.svc - 49474 - ::1 - - 200 0 0 71
2018-05-28 08:13:09 ::1 POST /Service1.svc - 49474 - ::1 - - 200 0 0 59
2018-05-28 08:13:09 ::1 POST /Service1.svc - 49474 - ::1 - - 200 0 0 101
2018-05-28 08:13:09 ::1 POST /Service1.svc - 49474 - ::1 - - 200 0 0 57
2018-05-28 08:13:09 ::1 POST /Service1.svc - 49474 - ::1 - - 200 0 0 42
2018-05-28 08:14:08 ::1 POST /Service1.svc - 49474 - ::1 - - 200 0 0 95
2018-05-28 08:14:08 ::1 POST /Service1.svc - 49474 - ::1 - - 200 0 0 66
2018-05-28 08:14:08 ::1 POST /Service1.svc - 49474 - ::1 - - 200 0 0 95
2018-05-28 08:14:08 ::1 POST /Service1.svc - 49474 - ::1 - - 200 0 0 174
2018-05-28 08:14:08 ::1 POST /Service1.svc - 49474 - ::1 - - 200 0 0 73
2018-05-28 08:14:08 ::1 POST /Service1.svc - 49474 - ::1 - - 200 0 0 22
2018-05-28 08:14:08 ::1 POST /Service1.svc - 49474 - ::1 - - 200 0 0 47
2018-05-28 08:14:08 ::1 POST /Service1.svc - 49474 - ::1 - - 200 0 0 60
2018-05-28 08:14:08 ::1 POST /Service1.svc - 49474 - ::1 - - 200 0 0 24
2018-05-28 08:14:08 ::1 POST /Service1.svc - 49474 - ::1 - - 200 0 0 15
2018-05-28 08:14:08 ::1 POST /Service1.svc - 49474 - ::1 - - 200 0 0 20
2018-05-28 08:14:08 ::1 POST /Service1.svc - 49474 - ::1 - - 200 0 0 43
2018-05-28 08:14:08 ::1 POST /Service1.svc - 49474 - ::1 - - 200 0 0 15
2018-05-28 08:14:11 ::1 POST /Service1.svc - 49474 - ::1 - - 200 0 0 27
2018-05-28 08:14:11 ::1 POST /Service1.svc - 49474 - ::1 - - 200 0 0 14
2018-05-28 08:14:11 ::1 POST /Service1.svc - 49474 - ::1 - - 200 0 0 18
2018-05-28 08:14:11 ::1 POST /Service1.svc - 49474 - ::1 - - 200 0 0 15
2018-05-28 08:14:11 ::1 POST /Service1.svc - 49474 - ::1 - - 200 0 0 17
2018-05-28 08:14:11 ::1 POST /Service1.svc - 49474 - ::1 - - 200 0 0 20
2018-05-28 08:14:11 ::1 POST /Service1.svc - 49474 - ::1 - - 200 0 0 17
2018-05-28 08:14:11 ::1 POST /Service1.svc - 49474 - ::1 - - 200 0 0 51
2018-05-28 08:14:11 ::1 POST /Service1.svc - 49474 - ::1 - - 200 0 0 57
2018-05-28 08:14:11 ::1 POST /Service1.svc - 49474 - ::1 - - 200 0 0 14
2018-05-28 08:14:11 ::1 POST /Service1.svc - 49474 - ::1 - - 200 0 0 25
2018-05-28 08:14:11 ::1 POST /Service1.svc - 49474 - ::1 - - 200 0 0 154
2018-05-28 08:14:11 ::1 POST /Service1.svc - 49474 - ::1 - - 200 0 0 41
2018-05-28 08:14:11 ::1 POST /Service1.svc - 49474 - ::1 - - 200 0 0 78
2018-05-28 08:14:11 ::1 POST /Service1.svc - 49474 - ::1 - - 200 0 0 56
2018-05-28 08:14:11 ::1 POST /Service1.svc - 49474 - ::1 - - 200 0 0 47
2018-05-28 08:14:11 ::1 POST /Service1.svc - 49474 - ::1 - - 200 0 0 18
2018-05-28 08:14:12 ::1 POST /Service1.svc - 49474 - ::1 - - 200 0 0 57
2018-05-28 08:14:12 ::1 POST /Service1.svc - 49474 - ::1 - - 200 0 0 100
2018-05-28 08:14:12 ::1 POST /Service1.svc - 49474 - ::1 - - 200 0 0 53
2018-05-28 08:18:00 ::1 POST /Service1.svc - 49474 - ::1 - - 200 0 0 35
2018-05-28 08:18:00 ::1 POST /Service1.svc - 49474 - ::1 - - 200 0 0 100
2018-05-28 08:18:00 ::1 POST /Service1.svc - 49474 - ::1 - - 200 0 0 29
2018-05-28 08:18:00 ::1 POST /Service1.svc - 49474 - ::1 - - 200 0 0 114
2018-05-28 08:18:00 ::1 POST /Service1.svc - 49474 - ::1 - - 200 0 0 206
2018-05-28 08:18:00 ::1 POST /Service1.svc - 49474 - ::1 - - 200 0 0 53
2018-05-28 08:18:01 ::1 POST /Service1.svc - 49474 - ::1 - - 200 0 0 396
2018-05-28 08:18:01 ::1 POST /Service1.svc - 49474 - ::1 - - 200 0 0 135
2018-05-28 08:18:01 ::1 POST /Service1.svc - 49474 - ::1 - - 200 0 0 71
2018-05-28 08:18:01 ::1 POST /Service1.svc - 49474 - ::1 - - 200 0 0 87
2018-05-28 08:18:01 ::1 POST /Service1.svc - 49474 - ::1 - - 200 0 0 74
2018-05-28 08:18:01 ::1 POST /Service1.svc - 49474 - ::1 - - 200 0 0 68
2018-05-28 08:18:01 ::1 POST /Service1.svc - 49474 - ::1 - - 200 0 0 52
2018-05-28 08:18:04 ::1 POST /Service1.svc - 49474 - ::1 - - 200 0 0 341
2018-05-28 08:18:04 ::1 POST /Service1.svc - 49474 - ::1 - - 200 0 0 235
2018-05-28 08:18:04 ::1 POST /Service1.svc - 49474 - ::1 - - 200 0 0 561
2018-05-28 08:18:04 ::1 POST /Service1.svc - 49474 - ::1 - - 200 0 0 87
2018-05-28 08:18:05 ::1 POST /Service1.svc - 49474 - ::1 - - 200 0 0 225
2018-05-28 08:18:05 ::1 POST /Service1.svc - 49474 - ::1 - - 200 0 0 529
2018-05-28 08:18:06 ::1 POST /Service1.svc - 49474 - ::1 - - 200 0 0 577
2018-05-28 08:18:06 ::1 POST /Service1.svc - 49474 - ::1 - - 200 0 0 346
2018-05-28 08:18:08 ::1 POST /Service1.svc - 49474 - ::1 - - 200 0 0 776
2018-05-28 08:18:08 ::1 POST /Service1.svc - 49474 - ::1 - - 200 0 0 284
2018-05-28 08:18:08 ::1 POST /Service1.svc - 49474 - ::1 - - 200 0 0 34
2018-05-28 08:18:08 ::1 POST /Service1.svc - 49474 - ::1 - - 200 0 0 209
2018-05-28 08:18:08 ::1 POST /Service1.svc - 49474 - ::1 - - 200 0 0 111
2018-05-28 08:18:09 ::1 POST /Service1.svc - 49474 - ::1 - - 200 0 0 142
2018-05-28 08:18:09 ::1 POST /Service1.svc - 49474 - ::1 - - 200 0 0 423
2018-05-28 08:18:10 ::1 POST /Service1.svc - 49474 - ::1 - - 200 0 0 742
2018-05-28 08:18:10 ::1 POST /Service1.svc - 49474 - ::1 - - 200 0 0 914
2018-05-28 08:18:11 ::1 POST /Service1.svc - 49474 - ::1 - - 200 0 0 97
2018-05-28 08:18:11 ::1 POST /Service1.svc - 49474 - ::1 - - 200 0 0 319
2018-05-28 08:18:11 ::1 POST /Service1.svc - 49474 - ::1 - - 200 0 0 368
2018-05-28 08:24:43 ::1 POST /Service1.svc - 49474 - ::1 - - 200 0 0 101
2018-05-28 08:24:43 ::1 POST /Service1.svc - 49474 - ::1 - - 200 0 0 138
2018-05-28 08:24:43 ::1 POST /Service1.svc - 49474 - ::1 - - 200 0 0 18
2018-05-28 08:24:43 ::1 POST /Service1.svc - 49474 - ::1 - - 200 0 0 17
2018-05-28 08:24:43 ::1 POST /Service1.svc - 49474 - ::1 - - 200 0 0 13
2018-05-28 08:24:43 ::1 POST /Service1.svc - 49474 - ::1 - - 200 0 0 34
2018-05-28 08:24:43 ::1 POST /Service1.svc - 49474 - ::1 - - 200 0 0 31
2018-05-28 08:24:43 ::1 POST /Service1.svc - 49474 - ::1 - - 200 0 0 12
2018-05-28 08:24:43 ::1 POST /Service1.svc - 49474 - ::1 - - 200 0 0 20
2018-05-28 08:24:43 ::1 POST /Service1.svc - 49474 - ::1 - - 200 0 0 13
2018-05-28 08:24:43 ::1 POST /Service1.svc - 49474 - ::1 - - 200 0 0 15
2018-05-28 08:24:43 ::1 POST /Service1.svc - 49474 - ::1 - - 200 0 0 243
2018-05-28 08:24:43 ::1 POST /Service1.svc - 49474 - ::1 - - 200 0 0 102
2018-05-28 08:25:07 ::1 POST /Service1.svc - 49474 - ::1 - - 200 0 0 645
2018-05-28 08:25:07 ::1 POST /Service1.svc - 49474 - ::1 - - 200 0 0 23
2018-05-28 08:25:07 ::1 POST /Service1.svc - 49474 - ::1 - - 200 0 0 18
2018-05-28 08:25:07 ::1 POST /Service1.svc - 49474 - ::1 - - 200 0 0 30
2018-05-28 08:25:07 ::1 POST /Service1.svc - 49474 - ::1 - - 200 0 0 200
2018-05-28 08:25:07 ::1 POST /Service1.svc - 49474 - ::1 - - 200 0 0 568
2018-05-28 08:25:07 ::1 POST /Service1.svc - 49474 - ::1 - - 200 0 0 96
2018-05-28 08:25:08 ::1 POST /Service1.svc - 49474 - ::1 - - 200 0 0 120
2018-05-28 08:25:08 ::1 POST /Service1.svc - 49474 - ::1 - - 200 0 0 486
2018-05-28 08:25:08 ::1 POST /Service1.svc - 49474 - ::1 - - 200 0 0 174
2018-05-28 08:25:08 ::1 POST /Service1.svc - 49474 - ::1 - - 200 0 0 78
2018-05-28 08:25:10 ::1 POST /Service1.svc - 49474 - ::1 - - 200 0 0 377
2018-05-28 08:25:10 ::1 POST /Service1.svc - 49474 - ::1 - - 200 0 0 80
2018-05-28 08:26:03 ::1 POST /Service1.svc - 49474 - ::1 - - 200 0 0 17
2018-05-28 08:26:03 ::1 POST /Service1.svc - 49474 - ::1 - - 200 0 0 15
2018-05-28 08:26:03 ::1 POST /Service1.svc - 49474 - ::1 - - 200 0 0 15
2018-05-28 08:26:03 ::1 POST /Service1.svc - 49474 - ::1 - - 200 0 0 22
2018-05-28 08:26:03 ::1 POST /Service1.svc - 49474 - ::1 - - 200 0 0 50
2018-05-28 08:26:03 ::1 POST /Service1.svc - 49474 - ::1 - - 200 0 0 32
2018-05-28 08:26:03 ::1 POST /Service1.svc - 49474 - ::1 - - 200 0 0 57
2018-05-28 08:26:03 ::1 POST /Service1.svc - 49474 - ::1 - - 200 0 0 27
2018-05-28 08:26:03 ::1 POST /Service1.svc - 49474 - ::1 - - 200 0 0 73
2018-05-28 08:26:03 ::1 POST /Service1.svc - 49474 - ::1 - - 200 0 0 100
2018-05-28 08:26:03 ::1 POST /Service1.svc - 49474 - ::1 - - 200 0 0 63
2018-05-28 08:26:03 ::1 POST /Service1.svc - 49474 - ::1 - - 200 0 0 21
2018-05-28 08:26:03 ::1 POST /Service1.svc - 49474 - ::1 - - 200 0 0 19
2018-05-28 08:26:07 ::1 POST /Service1.svc - 49474 - ::1 - - 200 0 0 8
2018-05-28 08:26:07 ::1 POST /Service1.svc - 49474 - ::1 - - 200 0 0 11
2018-05-28 08:26:07 ::1 POST /Service1.svc - 49474 - ::1 - - 200 0 0 11
2018-05-28 08:26:07 ::1 POST /Service1.svc - 49474 - ::1 - - 200 0 0 31
2018-05-28 08:26:07 ::1 POST /Service1.svc - 49474 - ::1 - - 200 0 0 12
2018-05-28 08:26:07 ::1 POST /Service1.svc - 49474 - ::1 - - 200 0 0 11
2018-05-28 08:26:07 ::1 POST /Service1.svc - 49474 - ::1 - - 200 0 0 12
2018-05-28 08:26:07 ::1 POST /Service1.svc - 49474 - ::1 - - 200 0 0 249
2018-05-28 08:26:07 ::1 POST /Service1.svc - 49474 - ::1 - - 200 0 0 14
2018-05-28 08:26:07 ::1 POST /Service1.svc - 49474 - ::1 - - 200 0 0 27
2018-05-28 08:26:07 ::1 POST /Service1.svc - 49474 - ::1 - - 200 0 0 19
2018-05-28 08:26:07 ::1 POST /Service1.svc - 49474 - ::1 - - 200 0 0 12
2018-05-28 08:26:07 ::1 POST /Service1.svc - 49474 - ::1 - - 200 0 0 10
2018-05-28 08:26:07 ::1 POST /Service1.svc - 49474 - ::1 - - 200 0 0 70
2018-05-28 08:26:08 ::1 POST /Service1.svc - 49474 - ::1 - - 200 0 0 278
2018-05-28 08:26:08 ::1 POST /Service1.svc - 49474 - ::1 - - 200 0 0 51
2018-05-28 08:26:08 ::1 POST /Service1.svc - 49474 - ::1 - - 200 0 0 21
2018-05-28 08:26:08 ::1 POST /Service1.svc - 49474 - ::1 - - 200 0 0 36
2018-05-28 08:26:08 ::1 POST /Service1.svc - 49474 - ::1 - - 200 0 0 59
2018-05-28 08:26:08 ::1 POST /Service1.svc - 49474 - ::1 - - 200 0 0 60
2018-05-28 08:26:09 ::1 POST /Service1.svc - 49474 - ::1 - - 200 0 0 14
2018-05-28 08:26:09 ::1 POST /Service1.svc - 49474 - ::1 - - 200 0 0 16
2018-05-28 08:26:09 ::1 POST /Service1.svc - 49474 - ::1 - - 200 0 0 20
2018-05-28 08:26:09 ::1 POST /Service1.svc - 49474 - ::1 - - 200 0 0 48
2018-05-28 08:26:09 ::1 POST /Service1.svc - 49474 - ::1 - - 200 0 0 162
2018-05-28 08:26:09 ::1 POST /Service1.svc - 49474 - ::1 - - 200 0 0 20
2018-05-28 08:26:09 ::1 POST /Service1.svc - 49474 - ::1 - - 200 0 0 19
2018-05-28 08:26:09 ::1 POST /Service1.svc - 49474 - ::1 - - 200 0 0 18
2018-05-28 08:26:09 ::1 POST /Service1.svc - 49474 - ::1 - - 200 0 0 54
2018-05-28 08:26:09 ::1 POST /Service1.svc - 49474 - ::1 - - 200 0 0 19
2018-05-28 08:26:09 ::1 POST /Service1.svc - 49474 - ::1 - - 200 0 0 27
2018-05-28 08:26:09 ::1 POST /Service1.svc - 49474 - ::1 - - 200 0 0 53
2018-05-28 08:26:09 ::1 POST /Service1.svc - 49474 - ::1 - - 200 0 0 33
2018-05-28 08:26:09 ::1 POST /Service1.svc - 49474 - ::1 - - 200 0 0 36
2018-05-28 08:26:09 ::1 POST /Service1.svc - 49474 - ::1 - - 200 0 0 30
2018-05-28 08:26:09 ::1 POST /Service1.svc - 49474 - ::1 - - 200 0 0 107
2018-05-28 08:26:09 ::1 POST /Service1.svc - 49474 - ::1 - - 200 0 0 29
2018-05-28 08:26:09 ::1 POST /Service1.svc - 49474 - ::1 - - 200 0 0 28
2018-05-28 08:26:09 ::1 POST /Service1.svc - 49474 - ::1 - - 200 0 0 24
2018-05-28 08:26:09 ::1 POST /Service1.svc - 49474 - ::1 - - 200 0 0 38
2018-05-28 08:26:09 ::1 POST /Service1.svc - 49474 - ::1 - - 200 0 0 19
2018-05-28 08:26:09 ::1 POST /Service1.svc - 49474 - ::1 - - 200 0 0 25
2018-05-28 08:26:09 ::1 POST /Service1.svc - 49474 - ::1 - - 200 0 0 66
2018-05-28 08:26:09 ::1 POST /Service1.svc - 49474 - ::1 - - 200 0 0 25
2018-05-28 08:26:10 ::1 POST /Service1.svc - 49474 - ::1 - - 200 0 0 52
2018-05-28 08:26:10 ::1 POST /Service1.svc - 49474 - ::1 - - 200 0 0 46
2018-05-28 08:26:10 ::1 POST /Service1.svc - 49474 - ::1 - - 200 0 0 379
2018-05-28 08:26:13 ::1 POST /Service1.svc - 49474 - ::1 - - 200 0 0 81
2018-05-28 08:26:13 ::1 POST /Service1.svc - 49474 - ::1 - - 200 0 0 25
2018-05-28 08:26:16 ::1 POST /Service1.svc - 49474 - ::1 - - 200 0 0 28
2018-05-28 08:26:16 ::1 POST /Service1.svc - 49474 - ::1 - - 200 0 0 106
2018-05-28 08:26:16 ::1 POST /Service1.svc - 49474 - ::1 - - 200 0 0 15
2018-05-28 08:26:26 ::1 POST /Service1.svc - 49474 - ::1 - - 200 0 0 96
2018-05-28 08:26:28 ::1 POST /Service1.svc - 49474 - ::1 - - 200 0 0 82
2018-05-28 08:26:32 ::1 POST /Service1.svc - 49474 - ::1 - - 200 0 0 21
2018-05-28 08:26:36 ::1 POST /Service1.svc - 49474 - ::1 - - 200 0 0 85
2018-05-28 08:26:40 ::1 POST /Service1.svc - 49474 - ::1 - - 200 0 0 14
2018-05-28 08:26:44 ::1 POST /Service1.svc - 49474 - ::1 - - 200 0 0 55
2018-05-28 08:26:48 ::1 POST /Service1.svc - 49474 - ::1 - - 200 0 0 22
2018-05-28 08:26:50 ::1 POST /Service1.svc - 49474 - ::1 - - 200 0 0 76
2018-05-28 08:26:52 ::1 POST /Service1.svc - 49474 - ::1 - - 200 0 0 1306
2018-05-28 08:28:13 ::1 POST /Service1.svc - 49474 - ::1 - - 200 0 0 14
2018-05-28 08:28:13 ::1 POST /Service1.svc - 49474 - ::1 - - 200 0 0 20
2018-05-28 08:28:13 ::1 POST /Service1.svc - 49474 - ::1 - - 200 0 0 43
2018-05-28 08:28:13 ::1 POST /Service1.svc - 49474 - ::1 - - 200 0 0 77
2018-05-28 08:28:13 ::1 POST /Service1.svc - 49474 - ::1 - - 200 0 0 25
2018-05-28 08:28:13 ::1 POST /Service1.svc - 49474 - ::1 - - 200 0 0 13
2018-05-28 08:28:13 ::1 POST /Service1.svc - 49474 - ::1 - - 200 0 0 19
2018-05-28 08:28:13 ::1 POST /Service1.svc - 49474 - ::1 - - 200 0 0 77
2018-05-28 08:28:13 ::1 POST /Service1.svc - 49474 - ::1 - - 200 0 0 96
2018-05-28 08:28:13 ::1 POST /Service1.svc - 49474 - ::1 - - 200 0 0 19
2018-05-28 08:28:13 ::1 POST /Service1.svc - 49474 - ::1 - - 200 0 0 20
2018-05-28 08:28:13 ::1 POST /Service1.svc - 49474 - ::1 - - 200 0 0 14
2018-05-28 08:28:13 ::1 POST /Service1.svc - 49474 - ::1 - - 200 0 0 81
2018-05-28 08:28:13 ::1 POST /Service1.svc - 49474 - ::1 - - 200 0 0 143
2018-05-28 08:28:16 ::1 POST /Service1.svc - 49474 - ::1 - - 200 0 0 33
2018-05-28 08:28:16 ::1 POST /Service1.svc - 49474 - ::1 - - 200 0 0 57
2018-05-28 08:28:19 ::1 POST /Service1.svc - 49474 - ::1 - - 200 0 0 95
2018-05-28 08:28:19 ::1 POST /Service1.svc - 49474 - ::1 - - 200 0 0 37
2018-05-28 08:28:19 ::1 POST /Service1.svc - 49474 - ::1 - - 200 0 0 35
2018-05-28 08:28:24 ::1 POST /Service1.svc - 49474 - ::1 - - 200 0 0 20
2018-05-28 08:28:31 ::1 POST /Service1.svc - 49474 - ::1 - - 200 0 0 240
2018-05-28 08:28:41 ::1 POST /Service1.svc - 49474 - ::1 - - 200 0 0 45
2018-05-28 08:28:48 ::1 POST /Service1.svc - 49474 - ::1 - - 200 0 0 51
2018-05-28 08:28:51 ::1 POST /Service1.svc - 49474 - ::1 - - 200 0 0 41
2018-05-28 08:28:58 ::1 POST /Service1.svc - 49474 - ::1 - - 200 0 0 94
2018-05-28 08:29:04 ::1 POST /Service1.svc - 49474 - ::1 - - 200 0 0 80
2018-05-28 08:29:08 ::1 POST /Service1.svc - 49474 - ::1 - - 200 0 0 46
2018-05-28 08:29:09 ::1 POST /Service1.svc - 49474 - ::1 - - 200 0 0 115
2018-05-28 08:30:48 ::1 POST /Service1.svc - 49474 - ::1 - - 200 0 0 18
2018-05-28 08:30:48 ::1 POST /Service1.svc - 49474 - ::1 - - 200 0 0 31
2018-05-28 08:30:48 ::1 POST /Service1.svc - 49474 - ::1 - - 200 0 0 45
2018-05-28 08:30:48 ::1 POST /Service1.svc - 49474 - ::1 - - 200 0 0 20
2018-05-28 08:30:48 ::1 POST /Service1.svc - 49474 - ::1 - - 200 0 0 25
2018-05-28 08:30:48 ::1 POST /Service1.svc - 49474 - ::1 - - 200 0 0 157
2018-05-28 08:30:48 ::1 POST /Service1.svc - 49474 - ::1 - - 200 0 0 58
2018-05-28 08:30:48 ::1 POST /Service1.svc - 49474 - ::1 - - 200 0 0 60
2018-05-28 08:30:48 ::1 POST /Service1.svc - 49474 - ::1 - - 200 0 0 48
2018-05-28 08:30:48 ::1 POST /Service1.svc - 49474 - ::1 - - 200 0 0 79
2018-05-28 08:30:48 ::1 POST /Service1.svc - 49474 - ::1 - - 200 0 0 60
2018-05-28 08:30:48 ::1 POST /Service1.svc - 49474 - ::1 - - 200 0 0 51
2018-05-28 08:30:48 ::1 POST /Service1.svc - 49474 - ::1 - - 200 0 0 88
2018-05-28 08:30:52 ::1 POST /Service1.svc - 49474 - ::1 - - 200 0 0 16
2018-05-28 08:30:52 ::1 POST /Service1.svc - 49474 - ::1 - - 200 0 0 53
2018-05-28 08:30:52 ::1 POST /Service1.svc - 49474 - ::1 - - 200 0 0 29
2018-05-28 08:30:52 ::1 POST /Service1.svc - 49474 - ::1 - - 200 0 0 95
2018-05-28 08:30:52 ::1 POST /Service1.svc - 49474 - ::1 - - 200 0 0 19
2018-05-28 08:30:52 ::1 POST /Service1.svc - 49474 - ::1 - - 200 0 0 28
2018-05-28 08:30:52 ::1 POST /Service1.svc - 49474 - ::1 - - 200 0 0 45
2018-05-28 08:30:52 ::1 POST /Service1.svc - 49474 - ::1 - - 200 0 0 25
2018-05-28 08:30:52 ::1 POST /Service1.svc - 49474 - ::1 - - 200 0 0 44
2018-05-28 08:30:52 ::1 POST /Service1.svc - 49474 - ::1 - - 200 0 0 27
2018-05-28 08:30:52 ::1 POST /Service1.svc - 49474 - ::1 - - 200 0 0 114
2018-05-28 08:30:52 ::1 POST /Service1.svc - 49474 - ::1 - - 200 0 0 30
2018-05-28 08:30:52 ::1 POST /Service1.svc - 49474 - ::1 - - 200 0 0 33
2018-05-28 08:30:57 ::1 POST /Service1.svc - 49474 - ::1 - - 200 0 0 86
2018-05-28 08:30:57 ::1 POST /Service1.svc - 49474 - ::1 - - 200 0 0 40
2018-05-28 08:30:57 ::1 POST /Service1.svc - 49474 - ::1 - - 200 0 0 79
2018-05-28 08:30:57 ::1 POST /Service1.svc - 49474 - ::1 - - 200 0 0 42
2018-05-28 08:30:57 ::1 POST /Service1.svc - 49474 - ::1 - - 200 0 0 49
2018-05-28 08:30:57 ::1 POST /Service1.svc - 49474 - ::1 - - 200 0 0 51
2018-05-28 08:30:57 ::1 POST /Service1.svc - 49474 - ::1 - - 200 0 0 85
2018-05-28 08:30:57 ::1 POST /Service1.svc - 49474 - ::1 - - 200 0 0 49
2018-05-28 08:30:57 ::1 POST /Service1.svc - 49474 - ::1 - - 200 0 0 94
2018-05-28 08:30:57 ::1 POST /Service1.svc - 49474 - ::1 - - 200 0 0 124
2018-05-28 08:30:57 ::1 POST /Service1.svc - 49474 - ::1 - - 200 0 0 21
2018-05-28 08:30:57 ::1 POST /Service1.svc - 49474 - ::1 - - 200 0 0 38
2018-05-28 08:30:57 ::1 POST /Service1.svc - 49474 - ::1 - - 200 0 0 34
2018-05-28 08:31:08 ::1 POST /Service1.svc - 49474 - ::1 - - 200 0 0 11
2018-05-28 08:31:08 ::1 POST /Service1.svc - 49474 - ::1 - - 200 0 0 15
2018-05-28 08:31:08 ::1 POST /Service1.svc - 49474 - ::1 - - 200 0 0 14
2018-05-28 08:31:08 ::1 POST /Service1.svc - 49474 - ::1 - - 200 0 0 54
2018-05-28 08:31:08 ::1 POST /Service1.svc - 49474 - ::1 - - 200 0 0 91
2018-05-28 08:31:08 ::1 POST /Service1.svc - 49474 - ::1 - - 200 0 0 36
2018-05-28 08:31:08 ::1 POST /Service1.svc - 49474 - ::1 - - 200 0 0 14
2018-05-28 08:31:08 ::1 POST /Service1.svc - 49474 - ::1 - - 200 0 0 13
2018-05-28 08:31:08 ::1 POST /Service1.svc - 49474 - ::1 - - 200 0 0 12
2018-05-28 08:31:08 ::1 POST /Service1.svc - 49474 - ::1 - - 200 0 0 13
2018-05-28 08:31:08 ::1 POST /Service1.svc - 49474 - ::1 - - 200 0 0 55
2018-05-28 08:31:08 ::1 POST /Service1.svc - 49474 - ::1 - - 200 0 0 53
2018-05-28 08:31:08 ::1 POST /Service1.svc - 49474 - ::1 - - 200 0 0 357
2018-05-28 08:31:08 ::1 POST /Service1.svc - 49474 - ::1 - - 200 0 0 65
2018-05-28 08:31:10 ::1 POST /Service1.svc - 49474 - ::1 - - 200 0 0 491
2018-05-28 08:31:10 ::1 POST /Service1.svc - 49474 - ::1 - - 200 0 0 21
2018-05-28 08:31:10 ::1 POST /Service1.svc - 49474 - ::1 - - 200 0 0 20
2018-05-28 08:31:10 ::1 POST /Service1.svc - 49474 - ::1 - - 200 0 0 76
2018-05-28 08:31:10 ::1 POST /Service1.svc - 49474 - ::1 - - 200 0 0 123
2018-05-28 08:31:10 ::1 POST /Service1.svc - 49474 - ::1 - - 200 0 0 16
2018-05-28 08:31:10 ::1 POST /Service1.svc - 49474 - ::1 - - 200 0 0 69
2018-05-28 08:31:10 ::1 POST /Service1.svc - 49474 - ::1 - - 200 0 0 41
2018-05-28 08:31:10 ::1 POST /Service1.svc - 49474 - ::1 - - 200 0 0 55
2018-05-28 08:31:10 ::1 POST /Service1.svc - 49474 - ::1 - - 200 0 0 54
2018-05-28 08:31:10 ::1 POST /Service1.svc - 49474 - ::1 - - 200 0 0 50
2018-05-28 08:31:10 ::1 POST /Service1.svc - 49474 - ::1 - - 200 0 0 32
2018-05-28 08:31:10 ::1 POST /Service1.svc - 49474 - ::1 - - 200 0 0 139
2018-05-28 08:31:11 ::1 POST /Service1.svc - 49474 - ::1 - - 200 0 0 73
2018-05-28 08:31:11 ::1 POST /Service1.svc - 49474 - ::1 - - 200 0 0 33
2018-05-28 08:31:13 ::1 POST /Service1.svc - 49474 - ::1 - - 200 0 0 109
2018-05-28 08:31:13 ::1 POST /Service1.svc - 49474 - ::1 - - 200 0 0 106
2018-05-28 08:31:13 ::1 POST /Service1.svc - 49474 - ::1 - - 200 0 0 108
2018-05-28 08:31:16 ::1 POST /Service1.svc - 49474 - ::1 - - 200 0 0 80
2018-05-28 08:31:27 ::1 POST /Service1.svc - 49474 - ::1 - - 200 0 0 32
2018-05-28 08:31:29 ::1 POST /Service1.svc - 49474 - ::1 - - 200 0 0 68
2018-05-28 08:31:33 ::1 POST /Service1.svc - 49474 - ::1 - - 200 0 0 68
2018-05-28 08:31:37 ::1 POST /Service1.svc - 49474 - ::1 - - 200 0 0 136
2018-05-28 08:31:40 ::1 POST /Service1.svc - 49474 - ::1 - - 200 0 0 421
2018-05-28 08:31:41 ::1 POST /Service1.svc - 49474 - ::1 - - 200 0 0 27
2018-05-28 08:31:41 ::1 POST /Service1.svc - 49474 - ::1 - - 200 0 0 183
2018-05-28 08:31:42 ::1 POST /Service1.svc - 49474 - ::1 - - 200 0 0 26
2018-05-28 08:31:42 ::1 POST /Service1.svc - 49474 - ::1 - - 200 0 0 19
2018-05-28 08:31:42 ::1 POST /Service1.svc - 49474 - ::1 - - 200 0 0 21
2018-05-28 08:31:42 ::1 POST /Service1.svc - 49474 - ::1 - - 200 0 0 33
2018-05-28 08:31:42 ::1 POST /Service1.svc - 49474 - ::1 - - 200 0 0 44
2018-05-28 08:31:42 ::1 POST /Service1.svc - 49474 - ::1 - - 200 0 0 116
2018-05-28 08:31:42 ::1 POST /Service1.svc - 49474 - ::1 - - 200 0 0 47
2018-05-28 08:31:42 ::1 POST /Service1.svc - 49474 - ::1 - - 200 0 0 40
2018-05-28 08:31:42 ::1 POST /Service1.svc - 49474 - ::1 - - 200 0 0 15
2018-05-28 08:31:42 ::1 POST /Service1.svc - 49474 - ::1 - - 200 0 0 12
2018-05-28 08:31:42 ::1 POST /Service1.svc - 49474 - ::1 - - 200 0 0 18
2018-05-28 08:31:42 ::1 POST /Service1.svc - 49474 - ::1 - - 200 0 0 17
2018-05-28 08:31:42 ::1 POST /Service1.svc - 49474 - ::1 - - 200 0 0 90
