#Software: Microsoft Internet Information Services 10.0
#Version: 1.0
#Date: 2018-04-23 04:25:17
#Fields: date time s-ip cs-method cs-uri-stem cs-uri-query s-port cs-username c-ip cs(User-Agent) cs(Referer) sc-status sc-substatus sc-win32-status time-taken
2018-04-23 04:25:17 ::1 POST /Service1.svc - 49474 - ::1 - - 415 0 0 31994
2018-04-23 04:25:17 ::1 POST /Service1.svc/mex - 49474 - ::1 - - 415 0 0 6
2018-04-23 04:25:20 ::1 GET /Service1.svc - 49474 - ::1 Mozilla/4.0+(compatible;+MSIE+6.0;+MS+Web+Services+Client+Protocol+4.0.30319.42000) - 200 0 0 2974
2018-04-23 04:25:20 ::1 GET /Service1.svc disco 49474 - ::1 Mozilla/4.0+(compatible;+MSIE+6.0;+MS+Web+Services+Client+Protocol+4.0.30319.42000) - 200 0 0 26
2018-04-23 04:25:20 ::1 GET /Service1.svc wsdl 49474 - ::1 Mozilla/4.0+(compatible;+MSIE+6.0;+MS+Web+Services+Client+Protocol+4.0.30319.42000) - 200 0 0 525
2018-04-23 04:25:22 ::1 GET /Service1.svc xsd=xsd0 49474 - ::1 Mozilla/4.0+(compatible;+MSIE+6.0;+MS+Web+Services+Client+Protocol+4.0.30319.42000) - 200 0 0 890
2018-04-23 04:25:22 ::1 GET /Service1.svc xsd=xsd2 49474 - ::1 Mozilla/4.0+(compatible;+MSIE+6.0;+MS+Web+Services+Client+Protocol+4.0.30319.42000) - 200 0 0 8
2018-04-23 04:25:22 ::1 GET /Service1.svc xsd=xsd3 49474 - ::1 Mozilla/4.0+(compatible;+MSIE+6.0;+MS+Web+Services+Client+Protocol+4.0.30319.42000) - 200 0 0 13
2018-04-23 04:25:22 ::1 GET /Service1.svc xsd=xsd1 49474 - ::1 Mozilla/4.0+(compatible;+MSIE+6.0;+MS+Web+Services+Client+Protocol+4.0.30319.42000) - 200 0 0 14
2018-04-23 04:26:27 ::1 GET /Service1.svc - 49474 - ::1 Mozilla/4.0+(compatible;+MSIE+6.0;+MS+Web+Services+Client+Protocol+4.0.30319.42000) - 200 0 0 94
2018-04-23 04:26:27 ::1 GET /Service1.svc disco 49474 - ::1 Mozilla/4.0+(compatible;+MSIE+6.0;+MS+Web+Services+Client+Protocol+4.0.30319.42000) - 200 0 0 40
2018-04-23 04:26:27 ::1 GET /Service1.svc/$metadata - 49474 - ::1 Mozilla/4.0+(compatible;+MSIE+6.0;+MS+Web+Services+Client+Protocol+4.0.30319.42000) - 400 0 0 227
2018-04-23 04:26:27 ::1 GET /Service1.svc wsdl 49474 - ::1 Mozilla/4.0+(compatible;+MSIE+6.0;+MS+Web+Services+Client+Protocol+4.0.30319.42000) - 200 0 0 124
2018-04-23 04:26:27 ::1 GET /Service1.svc xsd=xsd0 49474 - ::1 Mozilla/4.0+(compatible;+MSIE+6.0;+MS+Web+Services+Client+Protocol+4.0.30319.42000) - 200 0 0 134
2018-04-23 04:26:27 ::1 GET /Service1.svc xsd=xsd2 49474 - ::1 Mozilla/4.0+(compatible;+MSIE+6.0;+MS+Web+Services+Client+Protocol+4.0.30319.42000) - 200 0 0 123
2018-04-23 04:26:27 ::1 GET /Service1.svc xsd=xsd3 49474 - ::1 Mozilla/4.0+(compatible;+MSIE+6.0;+MS+Web+Services+Client+Protocol+4.0.30319.42000) - 200 0 0 125
2018-04-23 04:26:27 ::1 GET /Service1.svc xsd=xsd1 49474 - ::1 Mozilla/4.0+(compatible;+MSIE+6.0;+MS+Web+Services+Client+Protocol+4.0.30319.42000) - 200 0 0 35
2018-04-23 04:26:30 ::1 POST /Service1.svc/mex - 49474 - ::1 - - 415 0 0 35
2018-04-23 04:26:30 ::1 POST /Service1.svc - 49474 - ::1 - - 415 0 0 35
2018-04-23 04:28:57 ::1 POST /Service1.svc - 49474 - ::1 - - 200 0 0 1715
2018-04-23 04:36:36 ::1 POST /Service1.svc - 49474 - ::1 - - 200 0 0 140
2018-04-23 04:47:35 ::1 POST /Service1.svc - 49474 - ::1 - - 200 0 0 676
2018-04-23 04:48:54 ::1 POST /Service1.svc - 49474 - ::1 - - 200 0 0 174
2018-04-23 04:49:10 ::1 POST /Service1.svc - 49474 - ::1 - - 200 0 0 54
2018-04-23 04:49:21 ::1 POST /Service1.svc - 49474 - ::1 - - 200 0 0 95
2018-04-23 04:49:47 ::1 POST /Service1.svc - 49474 - ::1 - - 200 0 0 63
2018-04-23 04:54:00 ::1 POST /Service1.svc - 49474 - ::1 - - 200 0 0 37
2018-04-23 04:54:47 ::1 POST /Service1.svc - 49474 - ::1 - - 200 0 0 74
2018-04-23 04:56:43 ::1 POST /Service1.svc - 49474 - ::1 - - 200 0 0 113
2018-04-23 04:56:51 ::1 POST /Service1.svc - 49474 - ::1 - - 200 0 0 26
2018-04-23 05:00:23 ::1 POST /Service1.svc - 49474 - ::1 - - 200 0 0 108
2018-04-23 05:00:26 ::1 POST /Service1.svc - 49474 - ::1 - - 200 0 0 25
#Software: Microsoft Internet Information Services 10.0
#Version: 1.0
#Date: 2018-04-23 05:24:19
#Fields: date time s-ip cs-method cs-uri-stem cs-uri-query s-port cs-username c-ip cs(User-Agent) cs(Referer) sc-status sc-substatus sc-win32-status time-taken
2018-04-23 05:24:19 ::1 POST /Service1.svc - 49474 - ::1 - - 200 0 0 34
2018-04-23 05:24:23 ::1 POST /Service1.svc - 49474 - ::1 - - 200 0 0 22
2018-04-23 05:24:26 ::1 POST /Service1.svc - 49474 - ::1 - - 200 0 0 56
2018-04-23 05:24:28 ::1 POST /Service1.svc - 49474 - ::1 - - 200 0 0 41
2018-04-23 05:24:31 ::1 POST /Service1.svc - 49474 - ::1 - - 200 0 0 14
2018-04-23 05:24:37 ::1 POST /Service1.svc - 49474 - ::1 - - 200 0 0 16
2018-04-23 05:24:46 ::1 POST /Service1.svc - 49474 - ::1 - - 200 0 0 54
2018-04-23 05:24:50 ::1 POST /Service1.svc - 49474 - ::1 - - 200 0 0 109
2018-04-23 05:26:30 ::1 POST /Service1.svc - 49474 - ::1 - - 200 0 0 21
2018-04-23 05:26:32 ::1 POST /Service1.svc - 49474 - ::1 - - 200 0 0 32
2018-04-23 05:26:47 ::1 POST /Service1.svc - 49474 - ::1 - - 200 0 0 23
2018-04-23 05:26:51 ::1 POST /Service1.svc - 49474 - ::1 - - 200 0 0 47
2018-04-23 05:26:59 ::1 POST /Service1.svc - 49474 - ::1 - - 200 0 0 53
#Software: Microsoft Internet Information Services 10.0
#Version: 1.0
#Date: 2018-04-23 05:45:19
#Fields: date time s-ip cs-method cs-uri-stem cs-uri-query s-port cs-username c-ip cs(User-Agent) cs(Referer) sc-status sc-substatus sc-win32-status time-taken
2018-04-23 05:45:19 ::1 POST /Service1.svc - 49474 - ::1 - - 200 0 0 30
2018-04-23 05:45:22 ::1 POST /Service1.svc - 49474 - ::1 - - 200 0 0 534
2018-04-23 05:45:22 ::1 POST /Service1.svc - 49474 - ::1 - - 200 0 0 156
2018-04-23 05:45:22 ::1 POST /Service1.svc - 49474 - ::1 - - 200 0 0 20
2018-04-23 05:45:22 ::1 POST /Service1.svc - 49474 - ::1 - - 200 0 0 75
2018-04-23 05:45:22 ::1 POST /Service1.svc - 49474 - ::1 - - 200 0 0 109
2018-04-23 05:45:22 ::1 POST /Service1.svc - 49474 - ::1 - - 200 0 0 141
2018-04-23 05:45:29 ::1 POST /Service1.svc - 49474 - ::1 - - 200 0 0 396
2018-04-23 05:45:29 ::1 POST /Service1.svc - 49474 - ::1 - - 200 0 0 37
2018-04-23 05:45:29 ::1 POST /Service1.svc - 49474 - ::1 - - 200 0 0 222
2018-04-23 05:45:29 ::1 POST /Service1.svc - 49474 - ::1 - - 200 0 0 542
2018-04-23 05:45:34 ::1 POST /Service1.svc - 49474 - ::1 - - 200 0 0 28
2018-04-23 05:46:00 ::1 POST /Service1.svc - 49474 - ::1 - - 200 0 0 80
2018-04-23 05:46:02 ::1 POST /Service1.svc - 49474 - ::1 - - 200 0 0 277
2018-04-23 05:48:01 ::1 POST /Service1.svc - 49474 - ::1 - - 200 0 0 56
2018-04-23 05:48:04 ::1 POST /Service1.svc - 49474 - ::1 - - 200 0 0 36
2018-04-23 05:48:04 ::1 POST /Service1.svc - 49474 - ::1 - - 200 0 0 130
2018-04-23 05:48:04 ::1 POST /Service1.svc - 49474 - ::1 - - 200 0 0 212
2018-04-23 05:48:04 ::1 POST /Service1.svc - 49474 - ::1 - - 200 0 0 83
2018-04-23 05:48:04 ::1 POST /Service1.svc - 49474 - ::1 - - 200 0 0 186
2018-04-23 05:48:04 ::1 POST /Service1.svc - 49474 - ::1 - - 200 0 0 199
2018-04-23 05:48:04 ::1 POST /Service1.svc - 49474 - ::1 - - 200 0 0 39
2018-04-23 05:48:04 ::1 POST /Service1.svc - 49474 - ::1 - - 200 0 0 74
2018-04-23 05:48:06 ::1 POST /Service1.svc - 49474 - ::1 - - 200 0 0 1100
2018-04-23 05:48:06 ::1 POST /Service1.svc - 49474 - ::1 - - 200 0 0 593
2018-04-23 05:48:06 ::1 POST /Service1.svc - 49474 - ::1 - - 200 0 0 25
2018-04-23 05:48:06 ::1 POST /Service1.svc - 49474 - ::1 - - 200 0 0 197
2018-04-23 05:48:06 ::1 POST /Service1.svc - 49474 - ::1 - - 200 0 0 176
2018-04-23 05:48:07 ::1 POST /Service1.svc - 49474 - ::1 - - 200 0 0 47
2018-04-23 05:48:07 ::1 POST /Service1.svc - 49474 - ::1 - - 200 0 0 68
2018-04-23 05:48:07 ::1 POST /Service1.svc - 49474 - ::1 - - 200 0 0 33
2018-04-23 05:48:07 ::1 POST /Service1.svc - 49474 - ::1 - - 200 0 0 56
2018-04-23 05:48:07 ::1 POST /Service1.svc - 49474 - ::1 - - 200 0 0 23
2018-04-23 05:48:07 ::1 POST /Service1.svc - 49474 - ::1 - - 200 0 0 53
2018-04-23 05:48:07 ::1 POST /Service1.svc - 49474 - ::1 - - 200 0 0 35
2018-04-23 05:48:07 ::1 POST /Service1.svc - 49474 - ::1 - - 200 0 0 63
2018-04-23 05:48:07 ::1 POST /Service1.svc - 49474 - ::1 - - 200 0 0 33
2018-04-23 05:48:07 ::1 POST /Service1.svc - 49474 - ::1 - - 200 0 0 63
2018-04-23 05:48:07 ::1 POST /Service1.svc - 49474 - ::1 - - 200 0 0 23
2018-04-23 05:48:07 ::1 POST /Service1.svc - 49474 - ::1 - - 200 0 0 52
2018-04-23 05:48:07 ::1 POST /Service1.svc - 49474 - ::1 - - 200 0 0 84
2018-04-23 05:48:07 ::1 POST /Service1.svc - 49474 - ::1 - - 200 0 0 30
2018-04-23 05:48:07 ::1 POST /Service1.svc - 49474 - ::1 - - 200 0 0 17
2018-04-23 05:48:07 ::1 POST /Service1.svc - 49474 - ::1 - - 200 0 0 16
2018-04-23 05:48:07 ::1 POST /Service1.svc - 49474 - ::1 - - 200 0 0 17
2018-04-23 05:48:07 ::1 POST /Service1.svc - 49474 - ::1 - - 200 0 0 17
2018-04-23 05:48:07 ::1 POST /Service1.svc - 49474 - ::1 - - 200 0 0 16
2018-04-23 05:48:07 ::1 POST /Service1.svc - 49474 - ::1 - - 200 0 0 18
2018-04-23 05:48:07 ::1 POST /Service1.svc - 49474 - ::1 - - 200 0 0 179
2018-04-23 05:48:07 ::1 POST /Service1.svc - 49474 - ::1 - - 200 0 0 51
2018-04-23 05:48:08 ::1 POST /Service1.svc - 49474 - ::1 - - 200 0 0 39
2018-04-23 05:48:08 ::1 POST /Service1.svc - 49474 - ::1 - - 200 0 0 71
2018-04-23 05:48:08 ::1 POST /Service1.svc - 49474 - ::1 - - 200 0 0 35
2018-04-23 05:48:08 ::1 POST /Service1.svc - 49474 - ::1 - - 200 0 0 65
2018-04-23 05:48:08 ::1 POST /Service1.svc - 49474 - ::1 - - 200 0 0 23
2018-04-23 05:48:08 ::1 POST /Service1.svc - 49474 - ::1 - - 200 0 0 23
2018-04-23 05:48:08 ::1 POST /Service1.svc - 49474 - ::1 - - 200 0 0 34
2018-04-23 05:48:08 ::1 POST /Service1.svc - 49474 - ::1 - - 200 0 0 16
2018-04-23 05:48:08 ::1 POST /Service1.svc - 49474 - ::1 - - 200 0 0 20
2018-04-23 05:48:08 ::1 POST /Service1.svc - 49474 - ::1 - - 200 0 0 26
2018-04-23 05:48:08 ::1 POST /Service1.svc - 49474 - ::1 - - 200 0 0 19
2018-04-23 05:48:08 ::1 POST /Service1.svc - 49474 - ::1 - - 200 0 0 20
2018-04-23 05:48:08 ::1 POST /Service1.svc - 49474 - ::1 - - 200 0 0 35
2018-04-23 05:48:08 ::1 POST /Service1.svc - 49474 - ::1 - - 200 0 0 34
2018-04-23 05:48:08 ::1 POST /Service1.svc - 49474 - ::1 - - 200 0 0 57
2018-04-23 05:48:08 ::1 POST /Service1.svc - 49474 - ::1 - - 200 0 0 120
2018-04-23 05:48:08 ::1 POST /Service1.svc - 49474 - ::1 - - 200 0 0 27
2018-04-23 05:48:16 ::1 POST /Service1.svc - 49474 - ::1 - - 200 0 0 1592
2018-04-23 05:48:17 ::1 POST /Service1.svc - 49474 - ::1 - - 200 0 0 15
2018-04-23 05:48:17 ::1 POST /Service1.svc - 49474 - ::1 - - 200 0 0 23
2018-04-23 05:48:17 ::1 POST /Service1.svc - 49474 - ::1 - - 200 0 0 16
2018-04-23 05:48:17 ::1 POST /Service1.svc - 49474 - ::1 - - 200 0 0 16
2018-04-23 05:48:17 ::1 POST /Service1.svc - 49474 - ::1 - - 200 0 0 25
2018-04-23 05:48:17 ::1 POST /Service1.svc - 49474 - ::1 - - 200 0 0 113
2018-04-23 05:48:17 ::1 POST /Service1.svc - 49474 - ::1 - - 200 0 0 26
2018-04-23 05:48:17 ::1 POST /Service1.svc - 49474 - ::1 - - 200 0 0 22
2018-04-23 05:48:17 ::1 POST /Service1.svc - 49474 - ::1 - - 200 0 0 24
2018-04-23 05:48:17 ::1 POST /Service1.svc - 49474 - ::1 - - 200 0 0 22
2018-04-23 05:48:17 ::1 POST /Service1.svc - 49474 - ::1 - - 200 0 0 110
2018-04-23 05:48:17 ::1 POST /Service1.svc - 49474 - ::1 - - 200 0 0 24
2018-04-23 05:48:17 ::1 POST /Service1.svc - 49474 - ::1 - - 200 0 0 26
2018-04-23 05:48:17 ::1 POST /Service1.svc - 49474 - ::1 - - 200 0 0 16
2018-04-23 05:48:17 ::1 POST /Service1.svc - 49474 - ::1 - - 200 0 0 16
2018-04-23 05:48:17 ::1 POST /Service1.svc - 49474 - ::1 - - 200 0 0 18
2018-04-23 05:48:17 ::1 POST /Service1.svc - 49474 - ::1 - - 200 0 0 23
2018-04-23 05:48:17 ::1 POST /Service1.svc - 49474 - ::1 - - 200 0 0 23
2018-04-23 05:48:17 ::1 POST /Service1.svc - 49474 - ::1 - - 200 0 0 78
2018-04-23 05:48:17 ::1 POST /Service1.svc - 49474 - ::1 - - 200 0 0 38
2018-04-23 05:48:17 ::1 POST /Service1.svc - 49474 - ::1 - - 200 0 0 18
2018-04-23 05:48:17 ::1 POST /Service1.svc - 49474 - ::1 - - 200 0 0 17
2018-04-23 05:48:17 ::1 POST /Service1.svc - 49474 - ::1 - - 200 0 0 17
2018-04-23 05:48:17 ::1 POST /Service1.svc - 49474 - ::1 - - 200 0 0 147
2018-04-23 05:48:17 ::1 POST /Service1.svc - 49474 - ::1 - - 200 0 0 41
2018-04-23 05:48:17 ::1 POST /Service1.svc - 49474 - ::1 - - 200 0 0 22
2018-04-23 05:48:17 ::1 POST /Service1.svc - 49474 - ::1 - - 200 0 0 16
2018-04-23 05:48:17 ::1 POST /Service1.svc - 49474 - ::1 - - 200 0 0 16
2018-04-23 05:48:17 ::1 POST /Service1.svc - 49474 - ::1 - - 200 0 0 16
2018-04-23 05:48:18 ::1 POST /Service1.svc - 49474 - ::1 - - 200 0 0 23
2018-04-23 05:48:18 ::1 POST /Service1.svc - 49474 - ::1 - - 200 0 0 36
2018-04-23 05:48:18 ::1 POST /Service1.svc - 49474 - ::1 - - 200 0 0 16
2018-04-23 05:48:18 ::1 POST /Service1.svc - 49474 - ::1 - - 200 0 0 28
2018-04-23 05:48:18 ::1 POST /Service1.svc - 49474 - ::1 - - 200 0 0 24
2018-04-23 05:48:18 ::1 POST /Service1.svc - 49474 - ::1 - - 200 0 0 17
2018-04-23 05:48:18 ::1 POST /Service1.svc - 49474 - ::1 - - 200 0 0 39
2018-04-23 05:48:18 ::1 POST /Service1.svc - 49474 - ::1 - - 200 0 0 16
2018-04-23 05:48:18 ::1 POST /Service1.svc - 49474 - ::1 - - 200 0 0 26
2018-04-23 05:48:18 ::1 POST /Service1.svc - 49474 - ::1 - - 200 0 0 41
2018-04-23 05:48:18 ::1 POST /Service1.svc - 49474 - ::1 - - 200 0 0 30
2018-04-23 05:48:18 ::1 POST /Service1.svc - 49474 - ::1 - - 200 0 0 17
2018-04-23 05:48:18 ::1 POST /Service1.svc - 49474 - ::1 - - 200 0 0 20
2018-04-23 05:48:18 ::1 POST /Service1.svc - 49474 - ::1 - - 200 0 0 61
2018-04-23 05:48:18 ::1 POST /Service1.svc - 49474 - ::1 - - 200 0 0 81
2018-04-23 05:48:18 ::1 POST /Service1.svc - 49474 - ::1 - - 200 0 0 31
2018-04-23 05:48:18 ::1 POST /Service1.svc - 49474 - ::1 - - 200 0 0 16
2018-04-23 05:48:18 ::1 POST /Service1.svc - 49474 - ::1 - - 200 0 0 16
2018-04-23 05:48:18 ::1 POST /Service1.svc - 49474 - ::1 - - 200 0 0 15
2018-04-23 05:48:18 ::1 POST /Service1.svc - 49474 - ::1 - - 200 0 0 25
2018-04-23 05:48:18 ::1 POST /Service1.svc - 49474 - ::1 - - 200 0 0 19
2018-04-23 05:48:18 ::1 POST /Service1.svc - 49474 - ::1 - - 200 0 0 92
2018-04-23 05:48:18 ::1 POST /Service1.svc - 49474 - ::1 - - 200 0 0 97
2018-04-23 05:48:33 ::1 POST /Service1.svc - 49474 - ::1 - - 200 0 0 37
2018-04-23 05:48:56 ::1 POST /Service1.svc - 49474 - ::1 - - 200 0 0 23
2018-04-23 05:48:58 ::1 POST /Service1.svc - 49474 - ::1 - - 200 0 0 10
2018-04-23 05:48:58 ::1 POST /Service1.svc - 49474 - ::1 - - 200 0 0 53
2018-04-23 05:48:58 ::1 POST /Service1.svc - 49474 - ::1 - - 200 0 0 70
2018-04-23 05:48:58 ::1 POST /Service1.svc - 49474 - ::1 - - 200 0 0 24
2018-04-23 05:48:58 ::1 POST /Service1.svc - 49474 - ::1 - - 200 0 0 17
2018-04-23 05:48:58 ::1 POST /Service1.svc - 49474 - ::1 - - 200 0 0 17
2018-04-23 05:48:58 ::1 POST /Service1.svc - 49474 - ::1 - - 200 0 0 36
2018-04-23 05:48:58 ::1 POST /Service1.svc - 49474 - ::1 - - 200 0 0 141
2018-04-23 05:48:58 ::1 POST /Service1.svc - 49474 - ::1 - - 200 0 0 24
2018-04-23 05:48:58 ::1 POST /Service1.svc - 49474 - ::1 - - 200 0 0 31
2018-04-23 05:48:58 ::1 POST /Service1.svc - 49474 - ::1 - - 200 0 0 54
2018-04-23 05:48:58 ::1 POST /Service1.svc - 49474 - ::1 - - 200 0 0 58
2018-04-23 05:48:58 ::1 POST /Service1.svc - 49474 - ::1 - - 200 0 0 39
2018-04-23 05:48:58 ::1 POST /Service1.svc - 49474 - ::1 - - 200 0 0 30
2018-04-23 05:48:58 ::1 POST /Service1.svc - 49474 - ::1 - - 200 0 0 23
2018-04-23 05:48:58 ::1 POST /Service1.svc - 49474 - ::1 - - 200 0 0 20
2018-04-23 05:48:58 ::1 POST /Service1.svc - 49474 - ::1 - - 200 0 0 20
2018-04-23 05:48:58 ::1 POST /Service1.svc - 49474 - ::1 - - 200 0 0 54
2018-04-23 05:48:58 ::1 POST /Service1.svc - 49474 - ::1 - - 200 0 0 63
2018-04-23 05:48:58 ::1 POST /Service1.svc - 49474 - ::1 - - 200 0 0 43
2018-04-23 05:48:58 ::1 POST /Service1.svc - 49474 - ::1 - - 200 0 0 22
2018-04-23 05:48:58 ::1 POST /Service1.svc - 49474 - ::1 - - 200 0 0 20
2018-04-23 05:48:58 ::1 POST /Service1.svc - 49474 - ::1 - - 200 0 0 22
2018-04-23 05:48:58 ::1 POST /Service1.svc - 49474 - ::1 - - 200 0 0 24
2018-04-23 05:48:58 ::1 POST /Service1.svc - 49474 - ::1 - - 200 0 0 39
2018-04-23 05:48:59 ::1 POST /Service1.svc - 49474 - ::1 - - 200 0 0 35
2018-04-23 05:48:59 ::1 POST /Service1.svc - 49474 - ::1 - - 200 0 0 69
2018-04-23 05:48:59 ::1 POST /Service1.svc - 49474 - ::1 - - 200 0 0 44
2018-04-23 05:48:59 ::1 POST /Service1.svc - 49474 - ::1 - - 200 0 0 24
2018-04-23 05:48:59 ::1 POST /Service1.svc - 49474 - ::1 - - 200 0 0 25
2018-04-23 05:48:59 ::1 POST /Service1.svc - 49474 - ::1 - - 200 0 0 26
2018-04-23 05:48:59 ::1 POST /Service1.svc - 49474 - ::1 - - 200 0 0 148
2018-04-23 05:48:59 ::1 POST /Service1.svc - 49474 - ::1 - - 200 0 0 16
2018-04-23 05:48:59 ::1 POST /Service1.svc - 49474 - ::1 - - 200 0 0 17
2018-04-23 05:48:59 ::1 POST /Service1.svc - 49474 - ::1 - - 200 0 0 17
2018-04-23 05:48:59 ::1 POST /Service1.svc - 49474 - ::1 - - 200 0 0 24
2018-04-23 05:48:59 ::1 POST /Service1.svc - 49474 - ::1 - - 200 0 0 17
2018-04-23 05:48:59 ::1 POST /Service1.svc - 49474 - ::1 - - 200 0 0 14
2018-04-23 05:48:59 ::1 POST /Service1.svc - 49474 - ::1 - - 200 0 0 20
2018-04-23 05:48:59 ::1 POST /Service1.svc - 49474 - ::1 - - 200 0 0 36
2018-04-23 05:48:59 ::1 POST /Service1.svc - 49474 - ::1 - - 200 0 0 56
2018-04-23 05:48:59 ::1 POST /Service1.svc - 49474 - ::1 - - 200 0 0 30
2018-04-23 05:48:59 ::1 POST /Service1.svc - 49474 - ::1 - - 200 0 0 17
2018-04-23 05:48:59 ::1 POST /Service1.svc - 49474 - ::1 - - 200 0 0 17
2018-04-23 05:48:59 ::1 POST /Service1.svc - 49474 - ::1 - - 200 0 0 16
2018-04-23 05:48:59 ::1 POST /Service1.svc - 49474 - ::1 - - 200 0 0 21
2018-04-23 05:48:59 ::1 POST /Service1.svc - 49474 - ::1 - - 200 0 0 17
2018-04-23 05:48:59 ::1 POST /Service1.svc - 49474 - ::1 - - 200 0 0 32
2018-04-23 05:48:59 ::1 POST /Service1.svc - 49474 - ::1 - - 200 0 0 117
2018-04-23 05:48:59 ::1 POST /Service1.svc - 49474 - ::1 - - 200 0 0 24
2018-04-23 05:48:59 ::1 POST /Service1.svc - 49474 - ::1 - - 200 0 0 21
2018-04-23 05:48:59 ::1 POST /Service1.svc - 49474 - ::1 - - 200 0 0 38
2018-04-23 05:49:07 ::1 POST /Service1.svc - 49474 - ::1 - - 200 0 0 20
2018-04-23 05:49:13 ::1 POST /Service1.svc - 49474 - ::1 - - 200 0 0 79
2018-04-23 05:49:23 ::1 POST /Service1.svc - 49474 - ::1 - - 200 0 0 54
2018-04-23 05:50:13 ::1 POST /Service1.svc - 49474 - ::1 - - 200 0 0 59
2018-04-23 05:50:16 ::1 POST /Service1.svc - 49474 - ::1 - - 200 0 0 35
2018-04-23 05:50:16 ::1 POST /Service1.svc - 49474 - ::1 - - 200 0 0 58
2018-04-23 05:50:16 ::1 POST /Service1.svc - 49474 - ::1 - - 200 0 0 157
2018-04-23 05:50:16 ::1 POST /Service1.svc - 49474 - ::1 - - 200 0 0 60
2018-04-23 05:50:16 ::1 POST /Service1.svc - 49474 - ::1 - - 200 0 0 46
2018-04-23 05:50:16 ::1 POST /Service1.svc - 49474 - ::1 - - 200 0 0 262
2018-04-23 05:50:16 ::1 POST /Service1.svc - 49474 - ::1 - - 200 0 0 197
2018-04-23 05:50:16 ::1 POST /Service1.svc - 49474 - ::1 - - 200 0 0 40
2018-04-23 05:50:16 ::1 POST /Service1.svc - 49474 - ::1 - - 200 0 0 92
2018-04-23 05:50:17 ::1 POST /Service1.svc - 49474 - ::1 - - 200 0 0 100
2018-04-23 05:50:17 ::1 POST /Service1.svc - 49474 - ::1 - - 200 0 0 64
2018-04-23 05:50:17 ::1 POST /Service1.svc - 49474 - ::1 - - 200 0 0 310
2018-04-23 05:50:17 ::1 POST /Service1.svc - 49474 - ::1 - - 200 0 0 163
2018-04-23 05:50:17 ::1 POST /Service1.svc - 49474 - ::1 - - 200 0 0 39
2018-04-23 05:50:17 ::1 POST /Service1.svc - 49474 - ::1 - - 200 0 0 20
2018-04-23 05:50:17 ::1 POST /Service1.svc - 49474 - ::1 - - 200 0 0 89
2018-04-23 05:50:17 ::1 POST /Service1.svc - 49474 - ::1 - - 200 0 0 191
2018-04-23 05:50:17 ::1 POST /Service1.svc - 49474 - ::1 - - 200 0 0 50
2018-04-23 05:50:19 ::1 POST /Service1.svc - 49474 - ::1 - - 200 0 0 106
2018-04-23 05:50:19 ::1 POST /Service1.svc - 49474 - ::1 - - 200 0 0 551
2018-04-23 05:50:19 ::1 POST /Service1.svc - 49474 - ::1 - - 200 0 0 80
2018-04-23 05:50:19 ::1 POST /Service1.svc - 49474 - ::1 - - 200 0 0 104
2018-04-23 05:50:19 ::1 POST /Service1.svc - 49474 - ::1 - - 200 0 0 32
2018-04-23 05:50:19 ::1 POST /Service1.svc - 49474 - ::1 - - 200 0 0 22
2018-04-23 05:50:19 ::1 POST /Service1.svc - 49474 - ::1 - - 200 0 0 33
2018-04-23 05:50:20 ::1 POST /Service1.svc - 49474 - ::1 - - 200 0 0 327
2018-04-23 05:50:20 ::1 POST /Service1.svc - 49474 - ::1 - - 200 0 0 364
2018-04-23 05:50:20 ::1 POST /Service1.svc - 49474 - ::1 - - 200 0 0 44
2018-04-23 05:50:20 ::1 POST /Service1.svc - 49474 - ::1 - - 200 0 0 169
2018-04-23 05:50:20 ::1 POST /Service1.svc - 49474 - ::1 - - 200 0 0 118
2018-04-23 05:50:20 ::1 POST /Service1.svc - 49474 - ::1 - - 200 0 0 127
2018-04-23 05:50:20 ::1 POST /Service1.svc - 49474 - ::1 - - 200 0 0 67
2018-04-23 05:50:21 ::1 POST /Service1.svc - 49474 - ::1 - - 200 0 0 143
2018-04-23 05:50:21 ::1 POST /Service1.svc - 49474 - ::1 - - 200 0 0 74
2018-04-23 05:50:21 ::1 POST /Service1.svc - 49474 - ::1 - - 200 0 0 25
2018-04-23 05:50:21 ::1 POST /Service1.svc - 49474 - ::1 - - 200 0 0 400
2018-04-23 05:50:21 ::1 POST /Service1.svc - 49474 - ::1 - - 200 0 0 31
2018-04-23 05:50:21 ::1 POST /Service1.svc - 49474 - ::1 - - 200 0 0 172
2018-04-23 05:50:21 ::1 POST /Service1.svc - 49474 - ::1 - - 200 0 0 40
2018-04-23 05:50:21 ::1 POST /Service1.svc - 49474 - ::1 - - 200 0 0 69
2018-04-23 05:50:21 ::1 POST /Service1.svc - 49474 - ::1 - - 200 0 0 128
2018-04-23 05:50:22 ::1 POST /Service1.svc - 49474 - ::1 - - 200 0 0 526
2018-04-23 05:50:22 ::1 POST /Service1.svc - 49474 - ::1 - - 200 0 0 88
2018-04-23 05:50:22 ::1 POST /Service1.svc - 49474 - ::1 - - 200 0 0 120
2018-04-23 05:50:22 ::1 POST /Service1.svc - 49474 - ::1 - - 200 0 0 48
2018-04-23 05:50:22 ::1 POST /Service1.svc - 49474 - ::1 - - 200 0 0 71
2018-04-23 05:50:22 ::1 POST /Service1.svc - 49474 - ::1 - - 200 0 0 216
2018-04-23 05:50:24 ::1 POST /Service1.svc - 49474 - ::1 - - 200 0 0 794
2018-04-23 05:50:24 ::1 POST /Service1.svc - 49474 - ::1 - - 200 0 0 76
2018-04-23 05:50:24 ::1 POST /Service1.svc - 49474 - ::1 - - 200 0 0 275
2018-04-23 05:50:24 ::1 POST /Service1.svc - 49474 - ::1 - - 200 0 0 104
2018-04-23 05:50:24 ::1 POST /Service1.svc - 49474 - ::1 - - 200 0 0 38
2018-04-23 05:54:06 ::1 POST /Service1.svc - 49474 - ::1 - - 200 0 0 197
2018-04-23 05:54:32 ::1 POST /Service1.svc - 49474 - ::1 - - 200 0 0 177
2018-04-23 05:54:32 ::1 POST /Service1.svc - 49474 - ::1 - - 200 0 0 74
2018-04-23 05:54:34 ::1 POST /Service1.svc - 49474 - ::1 - - 200 0 0 8
2018-04-23 05:54:36 ::1 POST /Service1.svc - 49474 - ::1 - - 200 0 0 23
2018-04-23 05:54:36 ::1 POST /Service1.svc - 49474 - ::1 - - 200 0 0 39
2018-04-23 05:54:36 ::1 POST /Service1.svc - 49474 - ::1 - - 200 0 0 44
2018-04-23 05:54:36 ::1 POST /Service1.svc - 49474 - ::1 - - 200 0 0 7
2018-04-23 05:54:36 ::1 POST /Service1.svc - 49474 - ::1 - - 200 0 0 18
2018-04-23 05:54:36 ::1 POST /Service1.svc - 49474 - ::1 - - 200 0 0 46
2018-04-23 05:54:39 ::1 POST /Service1.svc - 49474 - ::1 - - 200 0 0 20
2018-04-23 05:54:44 ::1 POST /Service1.svc - 49474 - ::1 - - 200 0 0 27
2018-04-23 05:54:44 ::1 POST /Service1.svc - 49474 - ::1 - - 200 0 0 35
2018-04-23 05:54:44 ::1 POST /Service1.svc - 49474 - ::1 - - 200 0 0 33
2018-04-23 05:54:44 ::1 POST /Service1.svc - 49474 - ::1 - - 200 0 0 8
2018-04-23 05:54:44 ::1 POST /Service1.svc - 49474 - ::1 - - 200 0 0 12
2018-04-23 05:54:44 ::1 POST /Service1.svc - 49474 - ::1 - - 200 0 0 10
2018-04-23 05:54:52 ::1 POST /Service1.svc - 49474 - ::1 - - 200 0 0 66
2018-04-23 05:55:33 ::1 POST /Service1.svc - 49474 - ::1 - - 200 0 0 47
2018-04-23 05:55:48 ::1 POST /Service1.svc - 49474 - ::1 - - 200 0 0 99
2018-04-23 05:57:29 ::1 POST /Service1.svc - 49474 - ::1 - - 200 0 0 112
2018-04-23 06:00:39 ::1 POST /Service1.svc - 49474 - ::1 - - 200 0 0 91
#Software: Microsoft Internet Information Services 10.0
#Version: 1.0
#Date: 2018-04-23 06:24:22
#Fields: date time s-ip cs-method cs-uri-stem cs-uri-query s-port cs-username c-ip cs(User-Agent) cs(Referer) sc-status sc-substatus sc-win32-status time-taken
2018-04-23 06:24:22 ::1 POST /Service1.svc - 49474 - ::1 - - 415 0 0 18392
2018-04-23 06:24:22 ::1 POST /Service1.svc/mex - 49474 - ::1 - - 415 0 0 24
2018-04-23 06:24:25 ::1 GET /Service1.svc - 49474 - ::1 Mozilla/4.0+(compatible;+MSIE+6.0;+MS+Web+Services+Client+Protocol+4.0.30319.42000) - 200 0 0 2484
2018-04-23 06:24:25 ::1 GET /Service1.svc disco 49474 - ::1 Mozilla/4.0+(compatible;+MSIE+6.0;+MS+Web+Services+Client+Protocol+4.0.30319.42000) - 200 0 0 54
2018-04-23 06:24:25 ::1 GET /Service1.svc wsdl 49474 - ::1 Mozilla/4.0+(compatible;+MSIE+6.0;+MS+Web+Services+Client+Protocol+4.0.30319.42000) - 200 0 0 75
2018-04-23 06:24:25 ::1 GET /Service1.svc xsd=xsd0 49474 - ::1 Mozilla/4.0+(compatible;+MSIE+6.0;+MS+Web+Services+Client+Protocol+4.0.30319.42000) - 200 0 0 745
2018-04-23 06:24:25 ::1 GET /Service1.svc xsd=xsd2 49474 - ::1 Mozilla/4.0+(compatible;+MSIE+6.0;+MS+Web+Services+Client+Protocol+4.0.30319.42000) - 200 0 0 9
2018-04-23 06:24:25 ::1 GET /Service1.svc xsd=xsd3 49474 - ::1 Mozilla/4.0+(compatible;+MSIE+6.0;+MS+Web+Services+Client+Protocol+4.0.30319.42000) - 200 0 0 16
2018-04-23 06:24:26 ::1 GET /Service1.svc xsd=xsd1 49474 - ::1 Mozilla/4.0+(compatible;+MSIE+6.0;+MS+Web+Services+Client+Protocol+4.0.30319.42000) - 200 0 0 21
2018-04-23 06:24:56 ::1 GET /Service1.svc - 49474 - ::1 Mozilla/4.0+(compatible;+MSIE+6.0;+MS+Web+Services+Client+Protocol+4.0.30319.42000) - 200 0 0 98
2018-04-23 06:24:56 ::1 POST /Service1.svc/mex - 49474 - ::1 - - 415 0 0 53
2018-04-23 06:24:56 ::1 POST /Service1.svc - 49474 - ::1 - - 415 0 0 90
2018-04-23 06:24:56 ::1 GET /Service1.svc disco 49474 - ::1 Mozilla/4.0+(compatible;+MSIE+6.0;+MS+Web+Services+Client+Protocol+4.0.30319.42000) - 200 0 0 73
2018-04-23 06:24:56 ::1 GET /Service1.svc wsdl 49474 - ::1 Mozilla/4.0+(compatible;+MSIE+6.0;+MS+Web+Services+Client+Protocol+4.0.30319.42000) - 200 0 0 62
2018-04-23 06:24:56 ::1 GET /Service1.svc/$metadata - 49474 - ::1 Mozilla/4.0+(compatible;+MSIE+6.0;+MS+Web+Services+Client+Protocol+4.0.30319.42000) - 400 0 0 264
2018-04-23 06:24:56 ::1 GET /Service1.svc xsd=xsd0 49474 - ::1 Mozilla/4.0+(compatible;+MSIE+6.0;+MS+Web+Services+Client+Protocol+4.0.30319.42000) - 200 0 0 35
2018-04-23 06:24:56 ::1 GET /Service1.svc xsd=xsd2 49474 - ::1 Mozilla/4.0+(compatible;+MSIE+6.0;+MS+Web+Services+Client+Protocol+4.0.30319.42000) - 200 0 0 45
2018-04-23 06:24:56 ::1 GET /Service1.svc xsd=xsd3 49474 - ::1 Mozilla/4.0+(compatible;+MSIE+6.0;+MS+Web+Services+Client+Protocol+4.0.30319.42000) - 200 0 0 17
2018-04-23 06:24:56 ::1 GET /Service1.svc xsd=xsd1 49474 - ::1 Mozilla/4.0+(compatible;+MSIE+6.0;+MS+Web+Services+Client+Protocol+4.0.30319.42000) - 200 0 0 10
2018-04-23 06:25:54 ::1 POST /Service1.svc - 49474 - ::1 - - 200 0 0 656
2018-04-23 06:28:35 ::1 POST /Service1.svc - 49474 - ::1 - - 200 0 0 217
2018-04-23 06:32:51 ::1 POST /Service1.svc - 49474 - ::1 - - 200 0 0 38
#Software: Microsoft Internet Information Services 10.0
#Version: 1.0
#Date: 2018-04-23 07:18:17
#Fields: date time s-ip cs-method cs-uri-stem cs-uri-query s-port cs-username c-ip cs(User-Agent) cs(Referer) sc-status sc-substatus sc-win32-status time-taken
2018-04-23 07:18:17 ::1 POST /Service1.svc - 49474 - ::1 - - 200 0 0 189
2018-04-23 07:23:11 ::1 POST /Service1.svc - 49474 - ::1 - - 200 0 0 90
2018-04-23 07:25:43 ::1 POST /Service1.svc - 49474 - ::1 - - 200 0 0 41
2018-04-23 07:26:23 ::1 POST /Service1.svc - 49474 - ::1 - - 200 0 0 116
2018-04-23 07:26:32 ::1 POST /Service1.svc - 49474 - ::1 - - 200 0 0 113
2018-04-23 07:26:49 ::1 POST /Service1.svc - 49474 - ::1 - - 200 0 0 52
2018-04-23 07:27:19 ::1 POST /Service1.svc - 49474 - ::1 - - 200 0 0 80
2018-04-23 07:27:36 ::1 POST /Service1.svc - 49474 - ::1 - - 200 0 0 50
2018-04-23 07:27:47 ::1 POST /Service1.svc - 49474 - ::1 - - 200 0 0 58
2018-04-23 07:28:00 ::1 POST /Service1.svc - 49474 - ::1 - - 200 0 0 61
2018-04-23 07:28:00 ::1 POST /Service1.svc - 49474 - ::1 - - 200 0 0 40
2018-04-23 07:28:00 ::1 POST /Service1.svc - 49474 - ::1 - - 200 0 0 26
2018-04-23 07:28:00 ::1 POST /Service1.svc - 49474 - ::1 - - 200 0 0 41
2018-04-23 07:28:00 ::1 POST /Service1.svc - 49474 - ::1 - - 200 0 0 95
2018-04-23 07:28:00 ::1 POST /Service1.svc - 49474 - ::1 - - 200 0 0 21
2018-04-23 07:28:00 ::1 POST /Service1.svc - 49474 - ::1 - - 200 0 0 88
2018-04-23 07:28:00 ::1 POST /Service1.svc - 49474 - ::1 - - 200 0 0 128
2018-04-23 07:28:00 ::1 POST /Service1.svc - 49474 - ::1 - - 200 0 0 48
2018-04-23 07:28:00 ::1 POST /Service1.svc - 49474 - ::1 - - 200 0 0 31
2018-04-23 07:28:00 ::1 POST /Service1.svc - 49474 - ::1 - - 200 0 0 31
2018-04-23 07:28:00 ::1 POST /Service1.svc - 49474 - ::1 - - 200 0 0 34
2018-04-23 07:28:00 ::1 POST /Service1.svc - 49474 - ::1 - - 200 0 0 48
2018-04-23 07:28:00 ::1 POST /Service1.svc - 49474 - ::1 - - 200 0 0 53
2018-04-23 07:28:00 ::1 POST /Service1.svc - 49474 - ::1 - - 200 0 0 30
2018-04-23 07:28:00 ::1 POST /Service1.svc - 49474 - ::1 - - 200 0 0 26
2018-04-23 07:28:00 ::1 POST /Service1.svc - 49474 - ::1 - - 200 0 0 21
2018-04-23 07:28:00 ::1 POST /Service1.svc - 49474 - ::1 - - 200 0 0 25
2018-04-23 07:28:00 ::1 POST /Service1.svc - 49474 - ::1 - - 200 0 0 30
2018-04-23 07:28:00 ::1 POST /Service1.svc - 49474 - ::1 - - 200 0 0 37
2018-04-23 07:28:00 ::1 POST /Service1.svc - 49474 - ::1 - - 200 0 0 44
2018-04-23 07:28:01 ::1 POST /Service1.svc - 49474 - ::1 - - 200 0 0 96
2018-04-23 07:28:01 ::1 POST /Service1.svc - 49474 - ::1 - - 200 0 0 209
2018-04-23 07:28:01 ::1 POST /Service1.svc - 49474 - ::1 - - 200 0 0 40
2018-04-23 07:28:01 ::1 POST /Service1.svc - 49474 - ::1 - - 200 0 0 23
2018-04-23 07:28:01 ::1 POST /Service1.svc - 49474 - ::1 - - 200 0 0 40
2018-04-23 07:28:01 ::1 POST /Service1.svc - 49474 - ::1 - - 200 0 0 26
2018-04-23 07:28:01 ::1 POST /Service1.svc - 49474 - ::1 - - 200 0 0 43
2018-04-23 07:28:01 ::1 POST /Service1.svc - 49474 - ::1 - - 200 0 0 64
2018-04-23 07:28:01 ::1 POST /Service1.svc - 49474 - ::1 - - 200 0 0 32
2018-04-23 07:28:01 ::1 POST /Service1.svc - 49474 - ::1 - - 200 0 0 31
2018-04-23 07:28:28 ::1 POST /Service1.svc - 49474 - ::1 - - 200 0 0 34
2018-04-23 07:28:28 ::1 POST /Service1.svc - 49474 - ::1 - - 200 0 0 52
2018-04-23 07:28:28 ::1 POST /Service1.svc - 49474 - ::1 - - 200 0 0 11
2018-04-23 07:28:28 ::1 POST /Service1.svc - 49474 - ::1 - - 200 0 0 39
2018-04-23 07:28:28 ::1 POST /Service1.svc - 49474 - ::1 - - 200 0 0 149
2018-04-23 07:28:28 ::1 POST /Service1.svc - 49474 - ::1 - - 200 0 0 76
2018-04-23 07:29:53 ::1 POST /Service1.svc - 49474 - ::1 - - 200 0 0 49
2018-04-23 07:30:03 ::1 POST /Service1.svc - 49474 - ::1 - - 200 0 0 118
2018-04-23 07:30:06 ::1 POST /Service1.svc - 49474 - ::1 - - 200 0 0 12
2018-04-23 07:30:41 ::1 POST /Service1.svc - 49474 - ::1 - - 200 0 0 32
2018-04-23 07:31:01 ::1 POST /Service1.svc - 49474 - ::1 - - 200 0 0 89
2018-04-23 07:38:27 ::1 POST /Service1.svc - 49474 - ::1 - - 200 0 0 68
2018-04-23 07:39:37 ::1 POST /Service1.svc - 49474 - ::1 - - 200 0 0 110
2018-04-23 07:47:44 ::1 POST /Service1.svc - 49474 - ::1 - - 200 0 0 66
2018-04-23 07:47:49 ::1 POST /Service1.svc - 49474 - ::1 - - 200 0 0 174
2018-04-23 07:47:50 ::1 POST /Service1.svc - 49474 - ::1 - - 200 0 0 476
2018-04-23 07:47:50 ::1 POST /Service1.svc - 49474 - ::1 - - 200 0 0 22
2018-04-23 07:48:23 ::1 POST /Service1.svc - 49474 - ::1 - - 200 0 0 83
2018-04-23 07:48:53 ::1 POST /Service1.svc - 49474 - ::1 - - 200 0 0 45
2018-04-23 07:49:03 ::1 POST /Service1.svc - 49474 - ::1 - - 200 0 0 58
2018-04-23 07:49:03 ::1 POST /Service1.svc - 49474 - ::1 - - 200 0 0 145
2018-04-23 07:49:03 ::1 POST /Service1.svc - 49474 - ::1 - - 200 0 0 62
2018-04-23 07:49:03 ::1 POST /Service1.svc - 49474 - ::1 - - 200 0 0 104
2018-04-23 07:49:03 ::1 POST /Service1.svc - 49474 - ::1 - - 200 0 0 48
2018-04-23 07:49:03 ::1 POST /Service1.svc - 49474 - ::1 - - 200 0 0 235
2018-04-23 07:49:03 ::1 POST /Service1.svc - 49474 - ::1 - - 200 0 0 85
2018-04-23 07:49:03 ::1 POST /Service1.svc - 49474 - ::1 - - 200 0 0 31
2018-04-23 07:49:03 ::1 POST /Service1.svc - 49474 - ::1 - - 200 0 0 42
2018-04-23 07:49:03 ::1 POST /Service1.svc - 49474 - ::1 - - 200 0 0 177
2018-04-23 07:49:03 ::1 POST /Service1.svc - 49474 - ::1 - - 200 0 0 38
2018-04-23 07:49:05 ::1 POST /Service1.svc - 49474 - ::1 - - 200 0 0 177
2018-04-23 07:49:05 ::1 POST /Service1.svc - 49474 - ::1 - - 200 0 0 59
2018-04-23 07:49:05 ::1 POST /Service1.svc - 49474 - ::1 - - 200 0 0 99
2018-04-23 07:49:05 ::1 POST /Service1.svc - 49474 - ::1 - - 200 0 0 72
2018-04-23 07:49:05 ::1 POST /Service1.svc - 49474 - ::1 - - 200 0 0 69
2018-04-23 07:49:05 ::1 POST /Service1.svc - 49474 - ::1 - - 200 0 0 82
2018-04-23 07:49:05 ::1 POST /Service1.svc - 49474 - ::1 - - 200 0 0 67
2018-04-23 07:49:05 ::1 POST /Service1.svc - 49474 - ::1 - - 200 0 0 33
2018-04-23 07:49:05 ::1 POST /Service1.svc - 49474 - ::1 - - 200 0 0 184
2018-04-23 07:49:05 ::1 POST /Service1.svc - 49474 - ::1 - - 200 0 0 18
2018-04-23 07:49:05 ::1 POST /Service1.svc - 49474 - ::1 - - 200 0 0 28
2018-04-23 07:49:05 ::1 POST /Service1.svc - 49474 - ::1 - - 200 0 0 189
2018-04-23 07:49:05 ::1 POST /Service1.svc - 49474 - ::1 - - 200 0 0 60
2018-04-23 07:49:06 ::1 POST /Service1.svc - 49474 - ::1 - - 200 0 0 119
2018-04-23 07:49:06 ::1 POST /Service1.svc - 49474 - ::1 - - 200 0 0 53
2018-04-23 07:49:06 ::1 POST /Service1.svc - 49474 - ::1 - - 200 0 0 80
2018-04-23 07:49:06 ::1 POST /Service1.svc - 49474 - ::1 - - 200 0 0 27
2018-04-23 07:49:06 ::1 POST /Service1.svc - 49474 - ::1 - - 200 0 0 236
2018-04-23 07:49:06 ::1 POST /Service1.svc - 49474 - ::1 - - 200 0 0 98
2018-04-23 07:49:06 ::1 POST /Service1.svc - 49474 - ::1 - - 200 0 0 32
2018-04-23 07:49:06 ::1 POST /Service1.svc - 49474 - ::1 - - 200 0 0 62
2018-04-23 07:49:06 ::1 POST /Service1.svc - 49474 - ::1 - - 200 0 0 50
2018-04-23 07:49:06 ::1 POST /Service1.svc - 49474 - ::1 - - 200 0 0 100
2018-04-23 07:49:06 ::1 POST /Service1.svc - 49474 - ::1 - - 200 0 0 83
2018-04-23 07:49:06 ::1 POST /Service1.svc - 49474 - ::1 - - 200 0 0 146
2018-04-23 07:49:07 ::1 POST /Service1.svc - 49474 - ::1 - - 200 0 0 97
2018-04-23 07:49:07 ::1 POST /Service1.svc - 49474 - ::1 - - 200 0 0 35
2018-04-23 07:49:07 ::1 POST /Service1.svc - 49474 - ::1 - - 200 0 0 97
2018-04-23 07:49:07 ::1 POST /Service1.svc - 49474 - ::1 - - 200 0 0 47
2018-04-23 07:49:07 ::1 POST /Service1.svc - 49474 - ::1 - - 200 0 0 128
2018-04-23 07:49:07 ::1 POST /Service1.svc - 49474 - ::1 - - 200 0 0 83
2018-04-23 07:49:07 ::1 POST /Service1.svc - 49474 - ::1 - - 200 0 0 95
2018-04-23 07:49:07 ::1 POST /Service1.svc - 49474 - ::1 - - 200 0 0 83
2018-04-23 07:49:07 ::1 POST /Service1.svc - 49474 - ::1 - - 200 0 0 70
2018-04-23 07:49:07 ::1 POST /Service1.svc - 49474 - ::1 - - 200 0 0 26
2018-04-23 07:49:08 ::1 POST /Service1.svc - 49474 - ::1 - - 200 0 0 225
2018-04-23 07:49:08 ::1 POST /Service1.svc - 49474 - ::1 - - 200 0 0 128
2018-04-23 07:49:08 ::1 POST /Service1.svc - 49474 - ::1 - - 200 0 0 94
2018-04-23 07:49:08 ::1 POST /Service1.svc - 49474 - ::1 - - 200 0 0 23
2018-04-23 07:49:08 ::1 POST /Service1.svc - 49474 - ::1 - - 200 0 0 19
2018-04-23 07:49:08 ::1 POST /Service1.svc - 49474 - ::1 - - 200 0 0 25
2018-04-23 07:49:08 ::1 POST /Service1.svc - 49474 - ::1 - - 200 0 0 184
2018-04-23 07:49:08 ::1 POST /Service1.svc - 49474 - ::1 - - 200 0 0 34
2018-04-23 07:49:08 ::1 POST /Service1.svc - 49474 - ::1 - - 200 0 0 23
2018-04-23 07:49:08 ::1 POST /Service1.svc - 49474 - ::1 - - 200 0 0 33
2018-04-23 07:49:08 ::1 POST /Service1.svc - 49474 - ::1 - - 200 0 0 184
2018-04-23 07:49:08 ::1 POST /Service1.svc - 49474 - ::1 - - 200 0 0 27
2018-04-23 07:49:08 ::1 POST /Service1.svc - 49474 - ::1 - - 200 0 0 128
2018-04-23 07:49:08 ::1 POST /Service1.svc - 49474 - ::1 - - 200 0 0 37
2018-04-23 07:49:08 ::1 POST /Service1.svc - 49474 - ::1 - - 200 0 0 40
2018-04-23 07:49:09 ::1 POST /Service1.svc - 49474 - ::1 - - 200 0 0 17
2018-04-23 07:49:09 ::1 POST /Service1.svc - 49474 - ::1 - - 200 0 0 16
2018-04-23 07:49:09 ::1 POST /Service1.svc - 49474 - ::1 - - 200 0 0 24
2018-04-23 07:49:09 ::1 POST /Service1.svc - 49474 - ::1 - - 200 0 0 135
2018-04-23 07:49:09 ::1 POST /Service1.svc - 49474 - ::1 - - 200 0 0 48
2018-04-23 07:49:09 ::1 POST /Service1.svc - 49474 - ::1 - - 200 0 0 16
2018-04-23 07:49:09 ::1 POST /Service1.svc - 49474 - ::1 - - 200 0 0 17
2018-04-23 07:49:09 ::1 POST /Service1.svc - 49474 - ::1 - - 200 0 0 19
2018-04-23 07:49:09 ::1 POST /Service1.svc - 49474 - ::1 - - 200 0 0 251
2018-04-23 07:49:09 ::1 POST /Service1.svc - 49474 - ::1 - - 200 0 0 44
2018-04-23 07:49:09 ::1 POST /Service1.svc - 49474 - ::1 - - 200 0 0 140
2018-04-23 07:49:09 ::1 POST /Service1.svc - 49474 - ::1 - - 200 0 0 40
2018-04-23 07:49:09 ::1 POST /Service1.svc - 49474 - ::1 - - 200 0 0 58
2018-04-23 07:49:10 ::1 POST /Service1.svc - 49474 - ::1 - - 200 0 0 159
2018-04-23 07:49:10 ::1 POST /Service1.svc - 49474 - ::1 - - 200 0 0 89
2018-04-23 07:49:10 ::1 POST /Service1.svc - 49474 - ::1 - - 200 0 0 27
2018-04-23 07:49:10 ::1 POST /Service1.svc - 49474 - ::1 - - 200 0 0 35
2018-04-23 07:49:10 ::1 POST /Service1.svc - 49474 - ::1 - - 200 0 0 24
2018-04-23 07:49:10 ::1 POST /Service1.svc - 49474 - ::1 - - 200 0 0 122
2018-04-23 07:49:10 ::1 POST /Service1.svc - 49474 - ::1 - - 200 0 0 50
2018-04-23 07:49:10 ::1 POST /Service1.svc - 49474 - ::1 - - 200 0 0 29
2018-04-23 07:49:10 ::1 POST /Service1.svc - 49474 - ::1 - - 200 0 0 16
2018-04-23 07:49:10 ::1 POST /Service1.svc - 49474 - ::1 - - 200 0 0 19
2018-04-23 07:49:10 ::1 POST /Service1.svc - 49474 - ::1 - - 200 0 0 120
2018-04-23 07:49:10 ::1 POST /Service1.svc - 49474 - ::1 - - 200 0 0 96
2018-04-23 07:49:10 ::1 POST /Service1.svc - 49474 - ::1 - - 200 0 0 16
2018-04-23 07:49:10 ::1 POST /Service1.svc - 49474 - ::1 - - 200 0 0 20
2018-04-23 07:49:10 ::1 POST /Service1.svc - 49474 - ::1 - - 200 0 0 79
2018-04-23 07:49:10 ::1 POST /Service1.svc - 49474 - ::1 - - 200 0 0 93
2018-04-23 07:49:10 ::1 POST /Service1.svc - 49474 - ::1 - - 200 0 0 21
2018-04-23 07:49:10 ::1 POST /Service1.svc - 49474 - ::1 - - 200 0 0 16
2018-04-23 07:49:10 ::1 POST /Service1.svc - 49474 - ::1 - - 200 0 0 16
2018-04-23 07:49:10 ::1 POST /Service1.svc - 49474 - ::1 - - 200 0 0 27
2018-04-23 07:49:11 ::1 POST /Service1.svc - 49474 - ::1 - - 200 0 0 224
2018-04-23 07:49:11 ::1 POST /Service1.svc - 49474 - ::1 - - 200 0 0 21
2018-04-23 07:49:11 ::1 POST /Service1.svc - 49474 - ::1 - - 200 0 0 31
2018-04-23 07:49:11 ::1 POST /Service1.svc - 49474 - ::1 - - 200 0 0 37
2018-04-23 07:49:11 ::1 POST /Service1.svc - 49474 - ::1 - - 200 0 0 31
2018-04-23 07:49:11 ::1 POST /Service1.svc - 49474 - ::1 - - 200 0 0 63
2018-04-23 07:49:11 ::1 POST /Service1.svc - 49474 - ::1 - - 200 0 0 29
2018-04-23 07:49:11 ::1 POST /Service1.svc - 49474 - ::1 - - 200 0 0 17
2018-04-23 07:49:11 ::1 POST /Service1.svc - 49474 - ::1 - - 200 0 0 16
2018-04-23 07:49:11 ::1 POST /Service1.svc - 49474 - ::1 - - 200 0 0 20
2018-04-23 07:49:11 ::1 POST /Service1.svc - 49474 - ::1 - - 200 0 0 28
2018-04-23 07:49:11 ::1 POST /Service1.svc - 49474 - ::1 - - 200 0 0 30
2018-04-23 07:49:11 ::1 POST /Service1.svc - 49474 - ::1 - - 200 0 0 31
2018-04-23 07:49:11 ::1 POST /Service1.svc - 49474 - ::1 - - 200 0 0 112
2018-04-23 07:49:11 ::1 POST /Service1.svc - 49474 - ::1 - - 200 0 0 31
2018-04-23 07:49:11 ::1 POST /Service1.svc - 49474 - ::1 - - 200 0 0 69
2018-04-23 07:49:11 ::1 POST /Service1.svc - 49474 - ::1 - - 200 0 0 189
2018-04-23 07:49:12 ::1 POST /Service1.svc - 49474 - ::1 - - 200 0 0 58
2018-04-23 07:49:12 ::1 POST /Service1.svc - 49474 - ::1 - - 200 0 0 34
2018-04-23 07:49:12 ::1 POST /Service1.svc - 49474 - ::1 - - 200 0 0 141
2018-04-23 07:49:12 ::1 POST /Service1.svc - 49474 - ::1 - - 200 0 0 53
2018-04-23 07:49:12 ::1 POST /Service1.svc - 49474 - ::1 - - 200 0 0 18
2018-04-23 07:49:12 ::1 POST /Service1.svc - 49474 - ::1 - - 200 0 0 16
2018-04-23 07:49:12 ::1 POST /Service1.svc - 49474 - ::1 - - 200 0 0 16
2018-04-23 07:49:12 ::1 POST /Service1.svc - 49474 - ::1 - - 200 0 0 36
2018-04-23 07:49:12 ::1 POST /Service1.svc - 49474 - ::1 - - 200 0 0 170
2018-04-23 07:49:12 ::1 POST /Service1.svc - 49474 - ::1 - - 200 0 0 20
2018-04-23 07:49:12 ::1 POST /Service1.svc - 49474 - ::1 - - 200 0 0 21
2018-04-23 07:49:12 ::1 POST /Service1.svc - 49474 - ::1 - - 200 0 0 30
2018-04-23 07:49:12 ::1 POST /Service1.svc - 49474 - ::1 - - 200 0 0 201
2018-04-23 07:49:12 ::1 POST /Service1.svc - 49474 - ::1 - - 200 0 0 43
2018-04-23 07:49:12 ::1 POST /Service1.svc - 49474 - ::1 - - 200 0 0 70
2018-04-23 07:49:12 ::1 POST /Service1.svc - 49474 - ::1 - - 200 0 0 91
2018-04-23 07:49:13 ::1 POST /Service1.svc - 49474 - ::1 - - 200 0 0 55
2018-04-23 07:49:13 ::1 POST /Service1.svc - 49474 - ::1 - - 200 0 0 206
2018-04-23 07:49:13 ::1 POST /Service1.svc - 49474 - ::1 - - 200 0 0 215
2018-04-23 07:49:13 ::1 POST /Service1.svc - 49474 - ::1 - - 200 0 0 208
2018-04-23 07:49:13 ::1 POST /Service1.svc - 49474 - ::1 - - 200 0 0 95
2018-04-23 07:49:13 ::1 POST /Service1.svc - 49474 - ::1 - - 200 0 0 49
2018-04-23 07:49:13 ::1 POST /Service1.svc - 49474 - ::1 - - 200 0 0 36
2018-04-23 07:49:13 ::1 POST /Service1.svc - 49474 - ::1 - - 200 0 0 26
2018-04-23 07:49:13 ::1 POST /Service1.svc - 49474 - ::1 - - 200 0 0 91
2018-04-23 07:49:14 ::1 POST /Service1.svc - 49474 - ::1 - - 200 0 0 283
2018-04-23 07:49:14 ::1 POST /Service1.svc - 49474 - ::1 - - 200 0 0 56
2018-04-23 07:49:14 ::1 POST /Service1.svc - 49474 - ::1 - - 200 0 0 41
2018-04-23 07:49:14 ::1 POST /Service1.svc - 49474 - ::1 - - 200 0 0 27
2018-04-23 07:49:14 ::1 POST /Service1.svc - 49474 - ::1 - - 200 0 0 67
2018-04-23 07:49:14 ::1 POST /Service1.svc - 49474 - ::1 - - 200 0 0 30
2018-04-23 07:49:14 ::1 POST /Service1.svc - 49474 - ::1 - - 200 0 0 33
2018-04-23 07:49:14 ::1 POST /Service1.svc - 49474 - ::1 - - 200 0 0 126
2018-04-23 07:49:14 ::1 POST /Service1.svc - 49474 - ::1 - - 200 0 0 126
2018-04-23 07:49:14 ::1 POST /Service1.svc - 49474 - ::1 - - 200 0 0 19
2018-04-23 07:49:14 ::1 POST /Service1.svc - 49474 - ::1 - - 200 0 0 27
2018-04-23 07:49:14 ::1 POST /Service1.svc - 49474 - ::1 - - 200 0 0 146
2018-04-23 07:49:14 ::1 POST /Service1.svc - 49474 - ::1 - - 200 0 0 83
2018-04-23 07:49:16 ::1 POST /Service1.svc - 49474 - ::1 - - 200 0 0 110
2018-04-23 07:49:16 ::1 POST /Service1.svc - 49474 - ::1 - - 200 0 0 35
2018-04-23 07:49:16 ::1 POST /Service1.svc - 49474 - ::1 - - 200 0 0 73
2018-04-23 07:49:16 ::1 POST /Service1.svc - 49474 - ::1 - - 200 0 0 103
2018-04-23 07:49:16 ::1 POST /Service1.svc - 49474 - ::1 - - 200 0 0 296
2018-04-23 07:49:16 ::1 POST /Service1.svc - 49474 - ::1 - - 200 0 0 36
2018-04-23 07:49:16 ::1 POST /Service1.svc - 49474 - ::1 - - 200 0 0 25
2018-04-23 07:49:16 ::1 POST /Service1.svc - 49474 - ::1 - - 200 0 0 26
2018-04-23 07:49:16 ::1 POST /Service1.svc - 49474 - ::1 - - 200 0 0 34
2018-04-23 07:49:16 ::1 POST /Service1.svc - 49474 - ::1 - - 200 0 0 44
2018-04-23 07:49:16 ::1 POST /Service1.svc - 49474 - ::1 - - 200 0 0 69
2018-04-23 07:49:16 ::1 POST /Service1.svc - 49474 - ::1 - - 200 0 0 100
2018-04-23 07:49:16 ::1 POST /Service1.svc - 49474 - ::1 - - 200 0 0 106
2018-04-23 07:49:16 ::1 POST /Service1.svc - 49474 - ::1 - - 200 0 0 21
2018-04-23 07:49:16 ::1 POST /Service1.svc - 49474 - ::1 - - 200 0 0 18
2018-04-23 07:49:17 ::1 POST /Service1.svc - 49474 - ::1 - - 200 0 0 177
2018-04-23 07:49:17 ::1 POST /Service1.svc - 49474 - ::1 - - 200 0 0 22
2018-04-23 07:49:17 ::1 POST /Service1.svc - 49474 - ::1 - - 200 0 0 16
2018-04-23 07:49:17 ::1 POST /Service1.svc - 49474 - ::1 - - 200 0 0 30
2018-04-23 07:49:17 ::1 POST /Service1.svc - 49474 - ::1 - - 200 0 0 70
2018-04-23 07:49:17 ::1 POST /Service1.svc - 49474 - ::1 - - 200 0 0 69
2018-04-23 07:49:17 ::1 POST /Service1.svc - 49474 - ::1 - - 200 0 0 29
2018-04-23 07:49:17 ::1 POST /Service1.svc - 49474 - ::1 - - 200 0 0 18
2018-04-23 07:49:17 ::1 POST /Service1.svc - 49474 - ::1 - - 200 0 0 21
2018-04-23 07:49:17 ::1 POST /Service1.svc - 49474 - ::1 - - 200 0 0 68
2018-04-23 07:49:17 ::1 POST /Service1.svc - 49474 - ::1 - - 200 0 0 131
2018-04-23 07:49:17 ::1 POST /Service1.svc - 49474 - ::1 - - 200 0 0 16
2018-04-23 07:49:17 ::1 POST /Service1.svc - 49474 - ::1 - - 200 0 0 13
2018-04-23 07:49:17 ::1 POST /Service1.svc - 49474 - ::1 - - 200 0 0 13
2018-04-23 07:49:17 ::1 POST /Service1.svc - 49474 - ::1 - - 200 0 0 12
2018-04-23 07:49:17 ::1 POST /Service1.svc - 49474 - ::1 - - 200 0 0 210
2018-04-23 07:49:17 ::1 POST /Service1.svc - 49474 - ::1 - - 200 0 0 28
2018-04-23 07:49:17 ::1 POST /Service1.svc - 49474 - ::1 - - 200 0 0 32
2018-04-23 07:49:17 ::1 POST /Service1.svc - 49474 - ::1 - - 200 0 0 91
2018-04-23 07:49:18 ::1 POST /Service1.svc - 49474 - ::1 - - 200 0 0 96
2018-04-23 07:49:18 ::1 POST /Service1.svc - 49474 - ::1 - - 200 0 0 91
2018-04-23 07:49:18 ::1 POST /Service1.svc - 49474 - ::1 - - 200 0 0 115
2018-04-23 07:49:18 ::1 POST /Service1.svc - 49474 - ::1 - - 200 0 0 29
2018-04-23 07:49:18 ::1 POST /Service1.svc - 49474 - ::1 - - 200 0 0 54
2018-04-23 07:49:18 ::1 POST /Service1.svc - 49474 - ::1 - - 200 0 0 37
2018-04-23 07:49:18 ::1 POST /Service1.svc - 49474 - ::1 - - 200 0 0 258
2018-04-23 07:49:18 ::1 POST /Service1.svc - 49474 - ::1 - - 200 0 0 53
2018-04-23 07:49:18 ::1 POST /Service1.svc - 49474 - ::1 - - 200 0 0 14
2018-04-23 07:49:18 ::1 POST /Service1.svc - 49474 - ::1 - - 200 0 0 13
2018-04-23 07:49:18 ::1 POST /Service1.svc - 49474 - ::1 - - 200 0 0 16
2018-04-23 07:49:18 ::1 POST /Service1.svc - 49474 - ::1 - - 200 0 0 25
2018-04-23 07:49:18 ::1 POST /Service1.svc - 49474 - ::1 - - 200 0 0 29
2018-04-23 07:49:19 ::1 POST /Service1.svc - 49474 - ::1 - - 200 0 0 137
2018-04-23 07:49:19 ::1 POST /Service1.svc - 49474 - ::1 - - 200 0 0 20
2018-04-23 07:49:19 ::1 POST /Service1.svc - 49474 - ::1 - - 200 0 0 17
2018-04-23 07:49:19 ::1 POST /Service1.svc - 49474 - ::1 - - 200 0 0 38
2018-04-23 07:49:19 ::1 POST /Service1.svc - 49474 - ::1 - - 200 0 0 25
2018-04-23 07:49:19 ::1 POST /Service1.svc - 49474 - ::1 - - 200 0 0 27
2018-04-23 07:49:19 ::1 POST /Service1.svc - 49474 - ::1 - - 200 0 0 204
2018-04-23 07:49:19 ::1 POST /Service1.svc - 49474 - ::1 - - 200 0 0 27
2018-04-23 07:49:19 ::1 POST /Service1.svc - 49474 - ::1 - - 200 0 0 77
2018-04-23 07:49:19 ::1 POST /Service1.svc - 49474 - ::1 - - 200 0 0 58
2018-04-23 07:49:19 ::1 POST /Service1.svc - 49474 - ::1 - - 200 0 0 14
2018-04-23 07:49:19 ::1 POST /Service1.svc - 49474 - ::1 - - 200 0 0 13
2018-04-23 07:49:19 ::1 POST /Service1.svc - 49474 - ::1 - - 200 0 0 17
2018-04-23 07:49:19 ::1 POST /Service1.svc - 49474 - ::1 - - 200 0 0 26
2018-04-23 07:49:19 ::1 POST /Service1.svc - 49474 - ::1 - - 200 0 0 27
2018-04-23 07:49:19 ::1 POST /Service1.svc - 49474 - ::1 - - 200 0 0 232
2018-04-23 07:49:19 ::1 POST /Service1.svc - 49474 - ::1 - - 200 0 0 29
2018-04-23 07:49:19 ::1 POST /Service1.svc - 49474 - ::1 - - 200 0 0 25
2018-04-23 07:49:20 ::1 POST /Service1.svc - 49474 - ::1 - - 200 0 0 137
2018-04-23 07:49:20 ::1 POST /Service1.svc - 49474 - ::1 - - 200 0 0 71
2018-04-23 07:49:20 ::1 POST /Service1.svc - 49474 - ::1 - - 200 0 0 28
2018-04-23 07:49:20 ::1 POST /Service1.svc - 49474 - ::1 - - 200 0 0 90
2018-04-23 07:49:20 ::1 POST /Service1.svc - 49474 - ::1 - - 200 0 0 62
2018-04-23 07:49:20 ::1 POST /Service1.svc - 49474 - ::1 - - 200 0 0 17
2018-04-23 07:49:20 ::1 POST /Service1.svc - 49474 - ::1 - - 200 0 0 16
2018-04-23 07:49:20 ::1 POST /Service1.svc - 49474 - ::1 - - 200 0 0 63
2018-04-23 07:49:20 ::1 POST /Service1.svc - 49474 - ::1 - - 200 0 0 95
2018-04-23 07:49:20 ::1 POST /Service1.svc - 49474 - ::1 - - 200 0 0 74
2018-04-23 07:49:20 ::1 POST /Service1.svc - 49474 - ::1 - - 200 0 0 31
2018-04-23 07:49:20 ::1 POST /Service1.svc - 49474 - ::1 - - 200 0 0 119
2018-04-23 07:49:20 ::1 POST /Service1.svc - 49474 - ::1 - - 200 0 0 31
2018-04-23 07:49:20 ::1 POST /Service1.svc - 49474 - ::1 - - 200 0 0 35
2018-04-23 07:49:20 ::1 POST /Service1.svc - 49474 - ::1 - - 200 0 0 27
2018-04-23 07:49:20 ::1 POST /Service1.svc - 49474 - ::1 - - 200 0 0 30
2018-04-23 07:49:21 ::1 POST /Service1.svc - 49474 - ::1 - - 200 0 0 25
2018-04-23 07:49:21 ::1 POST /Service1.svc - 49474 - ::1 - - 200 0 0 18
2018-04-23 07:49:21 ::1 POST /Service1.svc - 49474 - ::1 - - 200 0 0 25
2018-04-23 07:49:21 ::1 POST /Service1.svc - 49474 - ::1 - - 200 0 0 76
2018-04-23 07:49:21 ::1 POST /Service1.svc - 49474 - ::1 - - 200 0 0 30
2018-04-23 07:49:21 ::1 POST /Service1.svc - 49474 - ::1 - - 200 0 0 28
2018-04-23 07:49:21 ::1 POST /Service1.svc - 49474 - ::1 - - 200 0 0 35
2018-04-23 07:49:21 ::1 POST /Service1.svc - 49474 - ::1 - - 200 0 0 43
2018-04-23 07:49:21 ::1 POST /Service1.svc - 49474 - ::1 - - 200 0 0 67
2018-04-23 07:49:21 ::1 POST /Service1.svc - 49474 - ::1 - - 200 0 0 119
2018-04-23 07:49:21 ::1 POST /Service1.svc - 49474 - ::1 - - 200 0 0 68
2018-04-23 07:49:21 ::1 POST /Service1.svc - 49474 - ::1 - - 200 0 0 118
2018-04-23 07:49:21 ::1 POST /Service1.svc - 49474 - ::1 - - 200 0 0 133
2018-04-23 07:49:21 ::1 POST /Service1.svc - 49474 - ::1 - - 200 0 0 16
2018-04-23 07:49:21 ::1 POST /Service1.svc - 49474 - ::1 - - 200 0 0 27
2018-04-23 07:49:21 ::1 POST /Service1.svc - 49474 - ::1 - - 200 0 0 36
2018-04-23 07:49:21 ::1 POST /Service1.svc - 49474 - ::1 - - 200 0 0 29
2018-04-23 07:49:22 ::1 POST /Service1.svc - 49474 - ::1 - - 200 0 0 239
2018-04-23 07:49:22 ::1 POST /Service1.svc - 49474 - ::1 - - 200 0 0 93
2018-04-23 07:49:22 ::1 POST /Service1.svc - 49474 - ::1 - - 200 0 0 22
2018-04-23 07:49:22 ::1 POST /Service1.svc - 49474 - ::1 - - 200 0 0 71
2018-04-23 07:49:22 ::1 POST /Service1.svc - 49474 - ::1 - - 200 0 0 33
2018-04-23 07:49:22 ::1 POST /Service1.svc - 49474 - ::1 - - 200 0 0 54
2018-04-23 07:49:22 ::1 POST /Service1.svc - 49474 - ::1 - - 200 0 0 59
2018-04-23 07:49:22 ::1 POST /Service1.svc - 49474 - ::1 - - 200 0 0 22
2018-04-23 07:49:22 ::1 POST /Service1.svc - 49474 - ::1 - - 200 0 0 18
2018-04-23 07:49:22 ::1 POST /Service1.svc - 49474 - ::1 - - 200 0 0 19
2018-04-23 07:49:22 ::1 POST /Service1.svc - 49474 - ::1 - - 200 0 0 18
2018-04-23 07:49:22 ::1 POST /Service1.svc - 49474 - ::1 - - 200 0 0 111
2018-04-23 07:51:20 ::1 POST /Service1.svc - 49474 - ::1 - - 200 0 0 107
2018-04-23 07:51:41 ::1 POST /Service1.svc - 49474 - ::1 - - 200 0 0 304
2018-04-23 07:52:33 ::1 POST /Service1.svc - 49474 - ::1 - - 200 0 0 717
2018-04-23 07:53:13 ::1 POST /Service1.svc - 49474 - ::1 - - 200 0 0 451
2018-04-23 08:05:54 ::1 POST /Service1.svc - 49474 - ::1 - - 200 0 0 133
2018-04-23 08:06:09 ::1 POST /Service1.svc - 49474 - ::1 - - 200 0 0 242
2018-04-23 08:06:16 ::1 POST /Service1.svc - 49474 - ::1 - - 200 0 0 18
2018-04-23 08:06:35 ::1 POST /Service1.svc - 49474 - ::1 - - 200 0 0 39
2018-04-23 08:06:36 ::1 POST /Service1.svc - 49474 - ::1 - - 200 0 0 327
2018-04-23 08:06:36 ::1 POST /Service1.svc - 49474 - ::1 - - 200 0 0 112
2018-04-23 08:06:40 ::1 POST /Service1.svc - 49474 - ::1 - - 200 0 0 63
2018-04-23 08:06:40 ::1 POST /Service1.svc - 49474 - ::1 - - 200 0 0 22
2018-04-23 08:06:41 ::1 POST /Service1.svc - 49474 - ::1 - - 200 0 0 107
2018-04-23 08:06:41 ::1 POST /Service1.svc - 49474 - ::1 - - 200 0 0 17
2018-04-23 08:06:41 ::1 POST /Service1.svc - 49474 - ::1 - - 200 0 0 21
2018-04-23 08:06:41 ::1 POST /Service1.svc - 49474 - ::1 - - 200 0 0 63
2018-04-23 08:06:41 ::1 POST /Service1.svc - 49474 - ::1 - - 200 0 0 53
2018-04-23 08:06:44 ::1 POST /Service1.svc - 49474 - ::1 - - 200 0 0 118
2018-04-23 08:06:47 ::1 POST /Service1.svc - 49474 - ::1 - - 200 0 0 70
2018-04-23 08:06:47 ::1 POST /Service1.svc - 49474 - ::1 - - 200 0 0 66
2018-04-23 08:06:47 ::1 POST /Service1.svc - 49474 - ::1 - - 200 0 0 20
2018-04-23 08:06:47 ::1 POST /Service1.svc - 49474 - ::1 - - 200 0 0 52
2018-04-23 08:06:47 ::1 POST /Service1.svc - 49474 - ::1 - - 200 0 0 49
2018-04-23 08:06:47 ::1 POST /Service1.svc - 49474 - ::1 - - 200 0 0 57
2018-04-23 08:06:51 ::1 POST /Service1.svc - 49474 - ::1 - - 200 0 0 69
2018-04-23 08:15:04 ::1 POST /Service1.svc - 49474 - ::1 - - 200 0 0 184
2018-04-23 08:16:31 ::1 POST /Service1.svc - 49474 - ::1 - - 200 0 0 86
2018-04-23 08:16:53 ::1 POST /Service1.svc - 49474 - ::1 - - 200 0 0 233
2018-04-23 08:20:17 ::1 POST /Service1.svc - 49474 - ::1 - - 200 0 0 205
2018-04-23 08:20:34 ::1 POST /Service1.svc - 49474 - ::1 - - 200 0 0 88
2018-04-23 08:22:11 ::1 POST /Service1.svc - 49474 - ::1 - - 200 0 0 52
2018-04-23 08:22:23 ::1 POST /Service1.svc - 49474 - ::1 - - 200 0 0 47
2018-04-23 08:24:58 ::1 POST /Service1.svc - 49474 - ::1 - - 200 0 0 37
2018-04-23 08:25:26 ::1 POST /Service1.svc - 49474 - ::1 - - 200 0 0 183
2018-04-23 08:25:55 ::1 POST /Service1.svc - 49474 - ::1 - - 200 0 0 116
2018-04-23 08:35:34 ::1 POST /Service1.svc - 49474 - ::1 - - 200 0 0 145
2018-04-23 08:35:46 ::1 POST /Service1.svc - 49474 - ::1 - - 200 0 0 89
2018-04-23 08:35:48 ::1 POST /Service1.svc - 49474 - ::1 - - 200 0 0 15
2018-04-23 08:35:51 ::1 POST /Service1.svc - 49474 - ::1 - - 200 0 0 16
2018-04-23 08:35:53 ::1 POST /Service1.svc - 49474 - ::1 - - 200 0 0 11
2018-04-23 08:35:53 ::1 POST /Service1.svc - 49474 - ::1 - - 200 0 0 59
2018-04-23 08:36:03 ::1 POST /Service1.svc - 49474 - ::1 - - 200 0 0 56
2018-04-23 08:40:46 ::1 POST /Service1.svc - 49474 - ::1 - - 200 0 0 503
2018-04-23 08:41:26 ::1 POST /Service1.svc - 49474 - ::1 - - 200 0 0 84
2018-04-23 08:41:51 ::1 POST /Service1.svc - 49474 - ::1 - - 200 0 0 87
2018-04-23 08:43:53 ::1 POST /Service1.svc - 49474 - ::1 - - 200 0 0 82
2018-04-23 08:44:13 ::1 POST /Service1.svc - 49474 - ::1 - - 200 0 0 60
2018-04-23 08:44:13 ::1 POST /Service1.svc - 49474 - ::1 - - 200 0 0 85
2018-04-23 08:44:13 ::1 POST /Service1.svc - 49474 - ::1 - - 200 0 0 73
2018-04-23 08:44:13 ::1 POST /Service1.svc - 49474 - ::1 - - 200 0 0 43
2018-04-23 08:44:13 ::1 POST /Service1.svc - 49474 - ::1 - - 200 0 0 37
2018-04-23 08:44:13 ::1 POST /Service1.svc - 49474 - ::1 - - 200 0 0 46
2018-04-23 08:44:13 ::1 POST /Service1.svc - 49474 - ::1 - - 200 0 0 60
2018-04-23 08:44:13 ::1 POST /Service1.svc - 49474 - ::1 - - 200 0 0 105
2018-04-23 08:44:13 ::1 POST /Service1.svc - 49474 - ::1 - - 200 0 0 25
2018-04-23 08:44:13 ::1 POST /Service1.svc - 49474 - ::1 - - 200 0 0 22
2018-04-23 08:44:13 ::1 POST /Service1.svc - 49474 - ::1 - - 200 0 0 19
2018-04-23 08:44:13 ::1 POST /Service1.svc - 49474 - ::1 - - 200 0 0 32
2018-04-23 08:44:13 ::1 POST /Service1.svc - 49474 - ::1 - - 200 0 0 26
2018-04-23 08:44:13 ::1 POST /Service1.svc - 49474 - ::1 - - 200 0 0 156
2018-04-23 08:44:13 ::1 POST /Service1.svc - 49474 - ::1 - - 200 0 0 81
2018-04-23 08:44:13 ::1 POST /Service1.svc - 49474 - ::1 - - 200 0 0 45
2018-04-23 08:44:13 ::1 POST /Service1.svc - 49474 - ::1 - - 200 0 0 55
2018-04-23 08:44:13 ::1 POST /Service1.svc - 49474 - ::1 - - 200 0 0 27
2018-04-23 08:44:14 ::1 POST /Service1.svc - 49474 - ::1 - - 200 0 0 67
2018-04-23 08:44:14 ::1 POST /Service1.svc - 49474 - ::1 - - 200 0 0 104
2018-04-23 08:44:14 ::1 POST /Service1.svc - 49474 - ::1 - - 200 0 0 52
2018-04-23 08:44:14 ::1 POST /Service1.svc - 49474 - ::1 - - 200 0 0 25
2018-04-23 08:44:14 ::1 POST /Service1.svc - 49474 - ::1 - - 200 0 0 31
2018-04-23 08:44:14 ::1 POST /Service1.svc - 49474 - ::1 - - 200 0 0 24
2018-04-23 08:44:14 ::1 POST /Service1.svc - 49474 - ::1 - - 200 0 0 38
2018-04-23 08:44:14 ::1 POST /Service1.svc - 49474 - ::1 - - 200 0 0 110
2018-04-23 08:44:14 ::1 POST /Service1.svc - 49474 - ::1 - - 200 0 0 77
2018-04-23 08:44:14 ::1 POST /Service1.svc - 49474 - ::1 - - 200 0 0 30
2018-04-23 08:44:14 ::1 POST /Service1.svc - 49474 - ::1 - - 200 0 0 32
2018-04-23 08:44:14 ::1 POST /Service1.svc - 49474 - ::1 - - 200 0 0 144
2018-04-23 08:44:14 ::1 POST /Service1.svc - 49474 - ::1 - - 200 0 0 41
2018-04-23 08:44:14 ::1 POST /Service1.svc - 49474 - ::1 - - 200 0 0 18
2018-04-23 08:44:14 ::1 POST /Service1.svc - 49474 - ::1 - - 200 0 0 18
2018-04-23 08:44:14 ::1 POST /Service1.svc - 49474 - ::1 - - 200 0 0 28
2018-04-23 08:44:14 ::1 POST /Service1.svc - 49474 - ::1 - - 200 0 0 46
2018-04-23 08:44:14 ::1 POST /Service1.svc - 49474 - ::1 - - 200 0 0 27
2018-04-23 08:44:14 ::1 POST /Service1.svc - 49474 - ::1 - - 200 0 0 17
2018-04-23 08:44:15 ::1 POST /Service1.svc - 49474 - ::1 - - 200 0 0 29
2018-04-23 08:44:15 ::1 POST /Service1.svc - 49474 - ::1 - - 200 0 0 40
2018-04-23 08:44:15 ::1 POST /Service1.svc - 49474 - ::1 - - 200 0 0 40
2018-04-23 08:44:15 ::1 POST /Service1.svc - 49474 - ::1 - - 200 0 0 55
2018-04-23 08:44:15 ::1 POST /Service1.svc - 49474 - ::1 - - 200 0 0 43
2018-04-23 08:44:15 ::1 POST /Service1.svc - 49474 - ::1 - - 200 0 0 18
2018-04-23 08:44:15 ::1 POST /Service1.svc - 49474 - ::1 - - 200 0 0 16
2018-04-23 08:44:15 ::1 POST /Service1.svc - 49474 - ::1 - - 200 0 0 17
2018-04-23 08:44:15 ::1 POST /Service1.svc - 49474 - ::1 - - 200 0 0 17
2018-04-23 08:44:15 ::1 POST /Service1.svc - 49474 - ::1 - - 200 0 0 91
2018-04-23 08:44:15 ::1 POST /Service1.svc - 49474 - ::1 - - 200 0 0 67
2018-04-23 08:44:15 ::1 POST /Service1.svc - 49474 - ::1 - - 200 0 0 31
2018-04-23 08:44:15 ::1 POST /Service1.svc - 49474 - ::1 - - 200 0 0 22
2018-04-23 08:44:15 ::1 POST /Service1.svc - 49474 - ::1 - - 200 0 0 22
2018-04-23 08:44:15 ::1 POST /Service1.svc - 49474 - ::1 - - 200 0 0 36
2018-04-23 08:44:15 ::1 POST /Service1.svc - 49474 - ::1 - - 200 0 0 201
2018-04-23 08:44:15 ::1 POST /Service1.svc - 49474 - ::1 - - 200 0 0 22
2018-04-23 08:44:15 ::1 POST /Service1.svc - 49474 - ::1 - - 200 0 0 65
2018-04-23 08:44:15 ::1 POST /Service1.svc - 49474 - ::1 - - 200 0 0 24
2018-04-23 08:44:15 ::1 POST /Service1.svc - 49474 - ::1 - - 200 0 0 30
2018-04-23 08:44:15 ::1 POST /Service1.svc - 49474 - ::1 - - 200 0 0 67
2018-04-23 08:44:15 ::1 POST /Service1.svc - 49474 - ::1 - - 200 0 0 33
2018-04-23 08:44:15 ::1 POST /Service1.svc - 49474 - ::1 - - 200 0 0 24
2018-04-23 08:44:16 ::1 POST /Service1.svc - 49474 - ::1 - - 200 0 0 27
2018-04-23 08:44:16 ::1 POST /Service1.svc - 49474 - ::1 - - 200 0 0 27
2018-04-23 08:44:16 ::1 POST /Service1.svc - 49474 - ::1 - - 200 0 0 38
2018-04-23 08:44:16 ::1 POST /Service1.svc - 49474 - ::1 - - 200 0 0 78
2018-04-23 08:44:16 ::1 POST /Service1.svc - 49474 - ::1 - - 200 0 0 27
2018-04-23 08:44:16 ::1 POST /Service1.svc - 49474 - ::1 - - 200 0 0 22
2018-04-23 08:44:16 ::1 POST /Service1.svc - 49474 - ::1 - - 200 0 0 26
2018-04-23 08:44:16 ::1 POST /Service1.svc - 49474 - ::1 - - 200 0 0 27
2018-04-23 08:44:16 ::1 POST /Service1.svc - 49474 - ::1 - - 200 0 0 30
2018-04-23 08:44:16 ::1 POST /Service1.svc - 49474 - ::1 - - 200 0 0 76
2018-04-23 08:44:16 ::1 POST /Service1.svc - 49474 - ::1 - - 200 0 0 90
2018-04-23 08:44:16 ::1 POST /Service1.svc - 49474 - ::1 - - 200 0 0 28
2018-04-23 08:44:16 ::1 POST /Service1.svc - 49474 - ::1 - - 200 0 0 22
2018-04-23 08:44:16 ::1 POST /Service1.svc - 49474 - ::1 - - 200 0 0 154
2018-04-23 08:44:32 ::1 POST /Service1.svc - 49474 - ::1 - - 200 0 0 59
2018-04-23 08:44:34 ::1 POST /Service1.svc - 49474 - ::1 - - 200 0 0 15
2018-04-23 08:44:43 ::1 POST /Service1.svc - 49474 - ::1 - - 200 0 0 21
#Software: Microsoft Internet Information Services 10.0
#Version: 1.0
#Date: 2018-04-23 09:11:58
#Fields: date time s-ip cs-method cs-uri-stem cs-uri-query s-port cs-username c-ip cs(User-Agent) cs(Referer) sc-status sc-substatus sc-win32-status time-taken
2018-04-23 09:11:58 ::1 POST /Service1.svc - 49474 - ::1 - - 200 0 0 80
2018-04-23 09:12:23 ::1 POST /Service1.svc - 49474 - ::1 - - 200 0 0 80
2018-04-23 09:12:38 ::1 POST /Service1.svc - 49474 - ::1 - - 200 0 0 39
2018-04-23 09:18:50 ::1 POST /Service1.svc - 49474 - ::1 - - 200 0 0 32
2018-04-23 09:19:16 ::1 POST /Service1.svc - 49474 - ::1 - - 200 0 0 163
2018-04-23 09:19:29 ::1 POST /Service1.svc - 49474 - ::1 - - 200 0 0 59
2018-04-23 09:19:47 ::1 POST /Service1.svc - 49474 - ::1 - - 200 0 0 63
2018-04-23 09:21:48 ::1 POST /Service1.svc - 49474 - ::1 - - 200 0 0 155
2018-04-23 09:22:13 ::1 POST /Service1.svc - 49474 - ::1 - - 200 0 0 28
#Software: Microsoft Internet Information Services 10.0
#Version: 1.0
#Date: 2018-04-23 10:01:38
#Fields: date time s-ip cs-method cs-uri-stem cs-uri-query s-port cs-username c-ip cs(User-Agent) cs(Referer) sc-status sc-substatus sc-win32-status time-taken
2018-04-23 10:01:38 ::1 POST /Service1.svc - 49474 - ::1 - - 200 0 0 123
2018-04-23 10:01:38 ::1 POST /Service1.svc - 49474 - ::1 - - 200 0 0 140
2018-04-23 10:01:38 ::1 POST /Service1.svc - 49474 - ::1 - - 200 0 0 40
2018-04-23 10:01:39 ::1 POST /Service1.svc - 49474 - ::1 - - 200 0 0 81
2018-04-23 10:01:39 ::1 POST /Service1.svc - 49474 - ::1 - - 200 0 0 29
2018-04-23 10:01:39 ::1 POST /Service1.svc - 49474 - ::1 - - 200 0 0 37
2018-04-23 10:01:43 ::1 POST /Service1.svc - 49474 - ::1 - - 200 0 0 222
2018-04-23 10:01:43 ::1 POST /Service1.svc - 49474 - ::1 - - 200 0 0 34
2018-04-23 10:01:43 ::1 POST /Service1.svc - 49474 - ::1 - - 200 0 0 834
2018-04-23 10:01:45 ::1 POST /Service1.svc - 49474 - ::1 - - 200 0 0 92
2018-04-23 10:01:53 ::1 POST /Service1.svc - 49474 - ::1 - - 200 0 0 155
2018-04-23 10:02:16 ::1 POST /Service1.svc - 49474 - ::1 - - 200 0 0 91
2018-04-23 10:02:39 ::1 POST /Service1.svc - 49474 - ::1 - - 200 0 0 223
2018-04-23 10:02:45 ::1 POST /Service1.svc - 49474 - ::1 - - 200 0 0 79
2018-04-23 10:03:16 ::1 POST /Service1.svc - 49474 - ::1 - - 200 0 0 31259
2018-04-23 10:03:33 ::1 POST /Service1.svc - 49474 - ::1 - - 200 0 0 78
2018-04-23 10:03:33 ::1 POST /Service1.svc - 49474 - ::1 - - 200 0 0 44
2018-04-23 10:03:41 ::1 POST /Service1.svc - 49474 - ::1 - - 200 0 0 33
2018-04-23 10:03:41 ::1 POST /Service1.svc - 49474 - ::1 - - 200 0 0 127
2018-04-23 10:03:41 ::1 POST /Service1.svc - 49474 - ::1 - - 200 0 0 48
2018-04-23 10:03:41 ::1 POST /Service1.svc - 49474 - ::1 - - 200 0 0 29
2018-04-23 10:03:41 ::1 POST /Service1.svc - 49474 - ::1 - - 200 0 0 65
2018-04-23 10:03:41 ::1 POST /Service1.svc - 49474 - ::1 - - 200 0 0 126
2018-04-23 10:05:12 ::1 POST /Service1.svc - 49474 - ::1 - - 200 0 0 170
2018-04-23 10:05:36 ::1 POST /Service1.svc - 49474 - ::1 - - 200 0 0 69
2018-04-23 10:05:36 ::1 POST /Service1.svc - 49474 - ::1 - - 200 0 0 170
2018-04-23 10:05:36 ::1 POST /Service1.svc - 49474 - ::1 - - 200 0 0 112
2018-04-23 10:05:36 ::1 POST /Service1.svc - 49474 - ::1 - - 200 0 0 72
2018-04-23 10:05:36 ::1 POST /Service1.svc - 49474 - ::1 - - 200 0 0 87
2018-04-23 10:05:36 ::1 POST /Service1.svc - 49474 - ::1 - - 200 0 0 22
2018-04-23 10:05:41 ::1 POST /Service1.svc - 49474 - ::1 - - 200 0 0 70
2018-04-23 10:05:41 ::1 POST /Service1.svc - 49474 - ::1 - - 200 0 0 98
2018-04-23 10:05:41 ::1 POST /Service1.svc - 49474 - ::1 - - 200 0 0 57
2018-04-23 10:05:41 ::1 POST /Service1.svc - 49474 - ::1 - - 200 0 0 32
2018-04-23 10:06:19 ::1 POST /Service1.svc - 49474 - ::1 - - 200 0 0 164
2018-04-23 10:06:22 ::1 POST /Service1.svc - 49474 - ::1 - - 200 0 0 35
2018-04-23 10:06:22 ::1 POST /Service1.svc - 49474 - ::1 - - 200 0 0 54
2018-04-23 10:06:22 ::1 POST /Service1.svc - 49474 - ::1 - - 200 0 0 80
2018-04-23 10:06:22 ::1 POST /Service1.svc - 49474 - ::1 - - 200 0 0 29
2018-04-23 10:06:22 ::1 POST /Service1.svc - 49474 - ::1 - - 200 0 0 66
2018-04-23 10:06:22 ::1 POST /Service1.svc - 49474 - ::1 - - 200 0 0 71
2018-04-23 10:06:26 ::1 POST /Service1.svc - 49474 - ::1 - - 200 0 0 42
2018-04-23 10:06:26 ::1 POST /Service1.svc - 49474 - ::1 - - 200 0 0 52
2018-04-23 10:06:26 ::1 POST /Service1.svc - 49474 - ::1 - - 200 0 0 31
2018-04-23 10:06:26 ::1 POST /Service1.svc - 49474 - ::1 - - 200 0 0 19
2018-04-23 10:06:42 ::1 POST /Service1.svc - 49474 - ::1 - - 200 0 0 96
2018-04-23 10:06:48 ::1 POST /Service1.svc - 49474 - ::1 - - 200 0 0 111
2018-04-23 10:06:53 ::1 POST /Service1.svc - 49474 - ::1 - - 200 0 0 24
2018-04-23 10:06:57 ::1 POST /Service1.svc - 49474 - ::1 - - 200 0 0 3674
2018-04-23 10:07:00 ::1 POST /Service1.svc - 49474 - ::1 - - 200 0 0 145
2018-04-23 10:07:00 ::1 POST /Service1.svc - 49474 - ::1 - - 200 0 0 52
2018-04-23 10:07:38 ::1 POST /Service1.svc - 49474 - ::1 - - 200 0 0 39
2018-04-23 10:07:38 ::1 POST /Service1.svc - 49474 - ::1 - - 200 0 0 134
2018-04-23 10:07:38 ::1 POST /Service1.svc - 49474 - ::1 - - 200 0 0 60
2018-04-23 10:07:38 ::1 POST /Service1.svc - 49474 - ::1 - - 200 0 0 10
2018-04-23 10:07:38 ::1 POST /Service1.svc - 49474 - ::1 - - 200 0 0 78
2018-04-23 10:07:38 ::1 POST /Service1.svc - 49474 - ::1 - - 200 0 0 79
2018-04-23 10:07:49 ::1 POST /Service1.svc - 49474 - ::1 - - 200 0 0 21
2018-04-23 10:07:49 ::1 POST /Service1.svc - 49474 - ::1 - - 200 0 0 49
2018-04-23 10:07:49 ::1 POST /Service1.svc - 49474 - ::1 - - 200 0 0 68
2018-04-23 10:07:49 ::1 POST /Service1.svc - 49474 - ::1 - - 200 0 0 63
2018-04-23 10:08:26 ::1 POST /Service1.svc - 49474 - ::1 - - 200 0 0 62
2018-04-23 10:08:41 ::1 POST /Service1.svc - 49474 - ::1 - - 200 0 0 171
2018-04-23 10:08:43 ::1 POST /Service1.svc - 49474 - ::1 - - 200 0 0 73
2018-04-23 10:08:43 ::1 POST /Service1.svc - 49474 - ::1 - - 200 0 0 203
2018-04-23 10:14:06 ::1 POST /Service1.svc - 49474 - ::1 - - 200 0 0 23
2018-04-23 10:14:28 ::1 POST /Service1.svc - 49474 - ::1 - - 200 0 0 31
2018-04-23 10:14:30 ::1 POST /Service1.svc - 49474 - ::1 - - 200 0 0 81
2018-04-23 10:14:30 ::1 POST /Service1.svc - 49474 - ::1 - - 200 0 0 113
2018-04-23 10:14:30 ::1 POST /Service1.svc - 49474 - ::1 - - 200 0 0 26
2018-04-23 10:14:30 ::1 POST /Service1.svc - 49474 - ::1 - - 200 0 0 8
2018-04-23 10:14:30 ::1 POST /Service1.svc - 49474 - ::1 - - 200 0 0 84
2018-04-23 10:14:30 ::1 POST /Service1.svc - 49474 - ::1 - - 200 0 0 129
2018-04-23 10:14:34 ::1 POST /Service1.svc - 49474 - ::1 - - 200 0 0 45
2018-04-23 10:14:34 ::1 POST /Service1.svc - 49474 - ::1 - - 200 0 0 119
2018-04-23 10:14:34 ::1 POST /Service1.svc - 49474 - ::1 - - 200 0 0 70
2018-04-23 10:14:34 ::1 POST /Service1.svc - 49474 - ::1 - - 200 0 0 123
2018-04-23 10:14:57 ::1 POST /Service1.svc - 49474 - ::1 - - 200 0 0 239
2018-04-23 10:19:21 ::1 POST /Service1.svc - 49474 - ::1 - - 200 0 0 28
2018-04-23 10:19:31 ::1 POST /Service1.svc - 49474 - ::1 - - 200 0 0 67
2018-04-23 10:19:31 ::1 POST /Service1.svc - 49474 - ::1 - - 200 0 0 200
2018-04-23 10:19:51 ::1 POST /Service1.svc - 49474 - ::1 - - 200 0 0 99
2018-04-23 10:19:54 ::1 POST /Service1.svc - 49474 - ::1 - - 200 0 0 31
2018-04-23 10:19:54 ::1 POST /Service1.svc - 49474 - ::1 - - 200 0 0 61
2018-04-23 10:19:54 ::1 POST /Service1.svc - 49474 - ::1 - - 200 0 0 97
2018-04-23 10:19:54 ::1 POST /Service1.svc - 49474 - ::1 - - 200 0 0 41
2018-04-23 10:19:54 ::1 POST /Service1.svc - 49474 - ::1 - - 200 0 0 69
2018-04-23 10:19:54 ::1 POST /Service1.svc - 49474 - ::1 - - 200 0 0 42
2018-04-23 10:19:57 ::1 POST /Service1.svc - 49474 - ::1 - - 200 0 0 110
2018-04-23 10:28:36 ::1 POST /Service1.svc - 49474 - ::1 - - 200 0 0 213
2018-04-23 10:28:39 ::1 POST /Service1.svc - 49474 - ::1 - - 200 0 0 146
2018-04-23 10:28:39 ::1 POST /Service1.svc - 49474 - ::1 - - 200 0 0 50
2018-04-23 10:28:39 ::1 POST /Service1.svc - 49474 - ::1 - - 200 0 0 128
2018-04-23 10:28:39 ::1 POST /Service1.svc - 49474 - ::1 - - 200 0 0 320
2018-04-23 10:28:39 ::1 POST /Service1.svc - 49474 - ::1 - - 200 0 0 146
2018-04-23 10:28:40 ::1 POST /Service1.svc - 49474 - ::1 - - 200 0 0 126
2018-04-23 10:28:42 ::1 POST /Service1.svc - 49474 - ::1 - - 200 0 0 370
2018-04-23 10:28:42 ::1 POST /Service1.svc - 49474 - ::1 - - 200 0 0 262
2018-04-23 10:28:42 ::1 POST /Service1.svc - 49474 - ::1 - - 200 0 0 112
2018-04-23 10:28:42 ::1 POST /Service1.svc - 49474 - ::1 - - 200 0 0 131
2018-04-23 10:29:13 ::1 POST /Service1.svc - 49474 - ::1 - - 200 0 0 33
2018-04-23 10:32:08 ::1 POST /Service1.svc - 49474 - ::1 - - 200 0 0 43
2018-04-23 10:38:00 ::1 POST /Service1.svc - 49474 - ::1 - - 200 0 0 99
2018-04-23 10:38:04 ::1 POST /Service1.svc - 49474 - ::1 - - 200 0 0 321
2018-04-23 10:38:04 ::1 POST /Service1.svc - 49474 - ::1 - - 200 0 0 47
2018-04-23 10:38:04 ::1 POST /Service1.svc - 49474 - ::1 - - 200 0 0 121
2018-04-23 10:38:04 ::1 POST /Service1.svc - 49474 - ::1 - - 200 0 0 297
2018-04-23 10:38:04 ::1 POST /Service1.svc - 49474 - ::1 - - 200 0 0 101
2018-04-23 10:38:05 ::1 POST /Service1.svc - 49474 - ::1 - - 200 0 0 92
2018-04-23 10:38:07 ::1 POST /Service1.svc - 49474 - ::1 - - 200 0 0 140
2018-04-23 10:38:07 ::1 POST /Service1.svc - 49474 - ::1 - - 200 0 0 107
2018-04-23 10:38:07 ::1 POST /Service1.svc - 49474 - ::1 - - 200 0 0 190
2018-04-23 10:38:07 ::1 POST /Service1.svc - 49474 - ::1 - - 200 0 0 177
2018-04-23 10:38:18 ::1 POST /Service1.svc - 49474 - ::1 - - 200 0 0 293
2018-04-23 10:38:31 ::1 POST /Service1.svc - 49474 - ::1 - - 200 0 0 118
2018-04-23 10:38:49 ::1 POST /Service1.svc - 49474 - ::1 - - 200 0 0 57
2018-04-23 10:38:54 ::1 POST /Service1.svc - 49474 - ::1 - - 200 0 0 22
2018-04-23 10:38:56 ::1 POST /Service1.svc - 49474 - ::1 - - 200 0 0 71
2018-04-23 10:38:59 ::1 POST /Service1.svc - 49474 - ::1 - - 200 0 0 3046
2018-04-23 10:39:02 ::1 POST /Service1.svc - 49474 - ::1 - - 200 0 0 130
2018-04-23 10:39:02 ::1 POST /Service1.svc - 49474 - ::1 - - 200 0 0 237
2018-04-23 10:40:10 ::1 POST /Service1.svc - 49474 - ::1 - - 200 0 0 167
2018-04-23 10:40:10 ::1 POST /Service1.svc - 49474 - ::1 - - 200 0 0 53
2018-04-23 10:40:10 ::1 POST /Service1.svc - 49474 - ::1 - - 200 0 0 24
2018-04-23 10:40:10 ::1 POST /Service1.svc - 49474 - ::1 - - 200 0 0 81
2018-04-23 10:40:10 ::1 POST /Service1.svc - 49474 - ::1 - - 200 0 0 80
2018-04-23 10:40:10 ::1 POST /Service1.svc - 49474 - ::1 - - 200 0 0 108
2018-04-23 10:40:13 ::1 POST /Service1.svc - 49474 - ::1 - - 200 0 0 28
2018-04-23 10:40:13 ::1 POST /Service1.svc - 49474 - ::1 - - 200 0 0 48
2018-04-23 10:40:13 ::1 POST /Service1.svc - 49474 - ::1 - - 200 0 0 33
2018-04-23 10:40:13 ::1 POST /Service1.svc - 49474 - ::1 - - 200 0 0 54
2018-04-23 10:40:39 ::1 POST /Service1.svc - 49474 - ::1 - - 200 0 0 42
2018-04-23 10:40:44 ::1 POST /Service1.svc - 49474 - ::1 - - 200 0 0 29
2018-04-23 10:40:52 ::1 POST /Service1.svc - 49474 - ::1 - - 200 0 0 74
2018-04-23 10:40:57 ::1 POST /Service1.svc - 49474 - ::1 - - 200 0 0 127
2018-04-23 10:44:18 ::1 POST /Service1.svc - 49474 - ::1 - - 200 0 64 141686
2018-04-23 10:45:01 ::1 POST /Service1.svc - 49474 - ::1 - - 200 0 0 3497
2018-04-23 10:45:07 ::1 POST /Service1.svc - 49474 - ::1 - - 200 0 0 97
2018-04-23 10:45:09 ::1 POST /Service1.svc - 49474 - ::1 - - 200 0 0 52
2018-04-23 10:45:09 ::1 POST /Service1.svc - 49474 - ::1 - - 200 0 0 46
2018-04-23 10:45:09 ::1 POST /Service1.svc - 49474 - ::1 - - 200 0 0 83
2018-04-23 10:45:09 ::1 POST /Service1.svc - 49474 - ::1 - - 200 0 0 10
2018-04-23 10:45:09 ::1 POST /Service1.svc - 49474 - ::1 - - 200 0 0 77
2018-04-23 10:45:09 ::1 POST /Service1.svc - 49474 - ::1 - - 200 0 0 121
2018-04-23 10:45:15 ::1 POST /Service1.svc - 49474 - ::1 - - 200 0 0 138
2018-04-23 10:45:15 ::1 POST /Service1.svc - 49474 - ::1 - - 200 0 0 17
2018-04-23 10:45:15 ::1 POST /Service1.svc - 49474 - ::1 - - 200 0 0 52
2018-04-23 10:45:15 ::1 POST /Service1.svc - 49474 - ::1 - - 200 0 0 106
2018-04-23 10:45:42 ::1 POST /Service1.svc - 49474 - ::1 - - 200 0 0 113
2018-04-23 10:45:53 ::1 POST /Service1.svc - 49474 - ::1 - - 200 0 0 36
2018-04-23 10:46:02 ::1 POST /Service1.svc - 49474 - ::1 - - 200 0 0 2382
2018-04-23 10:47:10 ::1 POST /Service1.svc - 49474 - ::1 - - 200 0 0 81
2018-04-23 10:47:13 ::1 POST /Service1.svc - 49474 - ::1 - - 200 0 0 31
2018-04-23 10:47:13 ::1 POST /Service1.svc - 49474 - ::1 - - 200 0 0 27
2018-04-23 10:47:13 ::1 POST /Service1.svc - 49474 - ::1 - - 200 0 0 21
2018-04-23 10:47:13 ::1 POST /Service1.svc - 49474 - ::1 - - 200 0 0 11
2018-04-23 10:47:13 ::1 POST /Service1.svc - 49474 - ::1 - - 200 0 0 25
2018-04-23 10:47:13 ::1 POST /Service1.svc - 49474 - ::1 - - 200 0 0 95
2018-04-23 10:47:16 ::1 POST /Service1.svc - 49474 - ::1 - - 200 0 0 170
2018-04-23 10:47:16 ::1 POST /Service1.svc - 49474 - ::1 - - 200 0 0 112
2018-04-23 10:47:16 ::1 POST /Service1.svc - 49474 - ::1 - - 200 0 0 173
2018-04-23 10:47:16 ::1 POST /Service1.svc - 49474 - ::1 - - 200 0 0 121
2018-04-23 10:47:31 ::1 POST /Service1.svc - 49474 - ::1 - - 200 0 0 109
2018-04-23 10:47:31 ::1 POST /Service1.svc - 49474 - ::1 - - 200 0 0 37
2018-04-23 10:47:31 ::1 POST /Service1.svc - 49474 - ::1 - - 200 0 0 57
2018-04-23 10:47:38 ::1 POST /Service1.svc - 49474 - ::1 - - 200 0 0 40
2018-04-23 10:47:51 ::1 POST /Service1.svc - 49474 - ::1 - - 200 0 0 65
2018-04-23 10:47:57 ::1 POST /Service1.svc - 49474 - ::1 - - 200 0 0 2617
2018-04-23 10:48:02 ::1 POST /Service1.svc - 49474 - ::1 - - 200 0 0 135
2018-04-23 10:48:02 ::1 POST /Service1.svc - 49474 - ::1 - - 200 0 0 198
#Software: Microsoft Internet Information Services 10.0
#Version: 1.0
#Date: 2018-04-23 10:51:25
#Fields: date time s-ip cs-method cs-uri-stem cs-uri-query s-port cs-username c-ip cs(User-Agent) cs(Referer) sc-status sc-substatus sc-win32-status time-taken
2018-04-23 10:51:25 ::1 POST /Service1.svc - 49474 - ::1 - - 415 0 0 16591
2018-04-23 10:51:25 ::1 POST /Service1.svc/mex - 49474 - ::1 - - 415 0 0 8
2018-04-23 10:51:29 ::1 GET /Service1.svc - 49474 - ::1 Mozilla/4.0+(compatible;+MSIE+6.0;+MS+Web+Services+Client+Protocol+4.0.30319.42000) - 200 0 0 3034
2018-04-23 10:51:29 ::1 GET /Service1.svc disco 49474 - ::1 Mozilla/4.0+(compatible;+MSIE+6.0;+MS+Web+Services+Client+Protocol+4.0.30319.42000) - 200 0 0 54
2018-04-23 10:51:29 ::1 GET /Service1.svc wsdl 49474 - ::1 Mozilla/4.0+(compatible;+MSIE+6.0;+MS+Web+Services+Client+Protocol+4.0.30319.42000) - 200 0 0 241
2018-04-23 10:51:30 ::1 GET /Service1.svc xsd=xsd0 49474 - ::1 Mozilla/4.0+(compatible;+MSIE+6.0;+MS+Web+Services+Client+Protocol+4.0.30319.42000) - 200 0 0 919
2018-04-23 10:51:30 ::1 GET /Service1.svc xsd=xsd2 49474 - ::1 Mozilla/4.0+(compatible;+MSIE+6.0;+MS+Web+Services+Client+Protocol+4.0.30319.42000) - 200 0 0 10
2018-04-23 10:51:30 ::1 GET /Service1.svc xsd=xsd3 49474 - ::1 Mozilla/4.0+(compatible;+MSIE+6.0;+MS+Web+Services+Client+Protocol+4.0.30319.42000) - 200 0 0 16
2018-04-23 10:51:30 ::1 GET /Service1.svc xsd=xsd1 49474 - ::1 Mozilla/4.0+(compatible;+MSIE+6.0;+MS+Web+Services+Client+Protocol+4.0.30319.42000) - 200 0 0 20
2018-04-23 10:53:17 ::1 POST /Service1.svc - 49474 - ::1 - - 200 0 0 1181
2018-04-23 10:53:19 ::1 POST /Service1.svc - 49474 - ::1 - - 200 0 0 205
2018-04-23 10:53:19 ::1 POST /Service1.svc - 49474 - ::1 - - 200 0 0 82
2018-04-23 10:53:19 ::1 POST /Service1.svc - 49474 - ::1 - - 200 0 0 97
2018-04-23 10:53:19 ::1 POST /Service1.svc - 49474 - ::1 - - 200 0 0 110
2018-04-23 10:53:19 ::1 POST /Service1.svc - 49474 - ::1 - - 200 0 0 94
2018-04-23 10:53:19 ::1 POST /Service1.svc - 49474 - ::1 - - 200 0 0 106
2018-04-23 10:53:21 ::1 POST /Service1.svc - 49474 - ::1 - - 200 0 0 78
2018-04-23 10:53:21 ::1 POST /Service1.svc - 49474 - ::1 - - 200 0 0 27
2018-04-23 10:53:21 ::1 POST /Service1.svc - 49474 - ::1 - - 200 0 0 46
2018-04-23 10:53:21 ::1 POST /Service1.svc - 49474 - ::1 - - 200 0 0 56
2018-04-23 10:53:31 ::1 POST /Service1.svc - 49474 - ::1 - - 200 0 0 56
2018-04-23 10:53:44 ::1 POST /Service1.svc - 49474 - ::1 - - 200 0 0 49
2018-04-23 10:54:43 ::1 POST /Service1.svc - 49474 - ::1 - - 200 0 0 56360
2018-04-23 10:54:45 ::1 POST /Service1.svc - 49474 - ::1 - - 200 0 0 85
2018-04-23 10:54:45 ::1 POST /Service1.svc - 49474 - ::1 - - 200 0 0 51
2018-04-23 10:56:11 ::1 POST /Service1.svc - 49474 - ::1 - - 200 0 0 28
2018-04-23 10:56:26 ::1 POST /Service1.svc - 49474 - ::1 - - 200 0 0 3693
2018-04-23 10:56:43 ::1 POST /Service1.svc - 49474 - ::1 - - 200 0 0 41
2018-04-23 10:56:43 ::1 POST /Service1.svc - 49474 - ::1 - - 200 0 0 69
2018-04-23 10:56:43 ::1 POST /Service1.svc - 49474 - ::1 - - 200 0 0 69
2018-04-23 10:56:51 ::1 POST /Service1.svc - 49474 - ::1 - - 200 0 0 53
2018-04-23 10:56:51 ::1 POST /Service1.svc - 49474 - ::1 - - 200 0 0 82
2018-04-23 10:56:51 ::1 POST /Service1.svc - 49474 - ::1 - - 200 0 0 41
2018-04-23 10:56:51 ::1 POST /Service1.svc - 49474 - ::1 - - 200 0 0 14
2018-04-23 10:56:51 ::1 POST /Service1.svc - 49474 - ::1 - - 200 0 0 16
2018-04-23 10:56:51 ::1 POST /Service1.svc - 49474 - ::1 - - 200 0 0 12
2018-04-23 10:57:04 ::1 POST /Service1.svc - 49474 - ::1 - - 200 0 0 162
2018-04-23 11:02:30 ::1 POST /Service1.svc - 49474 - ::1 - - 200 0 0 54
2018-04-23 11:02:32 ::1 POST /Service1.svc - 49474 - ::1 - - 200 0 0 21
2018-04-23 11:02:32 ::1 POST /Service1.svc - 49474 - ::1 - - 200 0 0 21
2018-04-23 11:02:32 ::1 POST /Service1.svc - 49474 - ::1 - - 200 0 0 12
2018-04-23 11:02:32 ::1 POST /Service1.svc - 49474 - ::1 - - 200 0 0 82
2018-04-23 11:02:32 ::1 POST /Service1.svc - 49474 - ::1 - - 200 0 0 38
2018-04-23 11:02:32 ::1 POST /Service1.svc - 49474 - ::1 - - 200 0 0 133
2018-04-23 11:02:50 ::1 POST /Service1.svc - 49474 - ::1 - - 200 0 0 43
2018-04-23 11:02:52 ::1 POST /Service1.svc - 49474 - ::1 - - 200 0 0 26
2018-04-23 11:02:52 ::1 POST /Service1.svc - 49474 - ::1 - - 200 0 0 30
2018-04-23 11:02:52 ::1 POST /Service1.svc - 49474 - ::1 - - 200 0 0 69
2018-04-23 11:02:52 ::1 POST /Service1.svc - 49474 - ::1 - - 200 0 0 9
2018-04-23 11:02:52 ::1 POST /Service1.svc - 49474 - ::1 - - 200 0 0 55
2018-04-23 11:02:52 ::1 POST /Service1.svc - 49474 - ::1 - - 200 0 0 18
2018-04-23 11:05:22 ::1 POST /Service1.svc - 49474 - ::1 - - 200 0 0 79
2018-04-23 11:05:24 ::1 POST /Service1.svc - 49474 - ::1 - - 200 0 0 273
2018-04-23 11:05:24 ::1 POST /Service1.svc - 49474 - ::1 - - 200 0 0 41
2018-04-23 11:05:24 ::1 POST /Service1.svc - 49474 - ::1 - - 200 0 0 266
2018-04-23 11:05:24 ::1 POST /Service1.svc - 49474 - ::1 - - 200 0 0 41
2018-04-23 11:05:25 ::1 POST /Service1.svc - 49474 - ::1 - - 200 0 0 251
2018-04-23 11:05:25 ::1 POST /Service1.svc - 49474 - ::1 - - 200 0 0 50
2018-04-23 11:06:18 ::1 POST /Service1.svc - 49474 - ::1 - - 200 0 0 91
2018-04-23 11:06:21 ::1 POST /Service1.svc - 49474 - ::1 - - 200 0 0 74
2018-04-23 11:06:21 ::1 POST /Service1.svc - 49474 - ::1 - - 200 0 0 47
2018-04-23 11:06:21 ::1 POST /Service1.svc - 49474 - ::1 - - 200 0 0 90
2018-04-23 11:06:21 ::1 POST /Service1.svc - 49474 - ::1 - - 200 0 0 35
2018-04-23 11:06:21 ::1 POST /Service1.svc - 49474 - ::1 - - 200 0 0 97
2018-04-23 11:06:21 ::1 POST /Service1.svc - 49474 - ::1 - - 200 0 0 54
#Software: Microsoft Internet Information Services 10.0
#Version: 1.0
#Date: 2018-04-23 11:29:09
#Fields: date time s-ip cs-method cs-uri-stem cs-uri-query s-port cs-username c-ip cs(User-Agent) cs(Referer) sc-status sc-substatus sc-win32-status time-taken
2018-04-23 11:29:09 ::1 POST /Service1.svc - 49474 - ::1 - - 200 0 0 266
2018-04-23 11:29:11 ::1 POST /Service1.svc - 49474 - ::1 - - 200 0 0 90
2018-04-23 11:29:11 ::1 POST /Service1.svc - 49474 - ::1 - - 200 0 0 49
2018-04-23 11:29:11 ::1 POST /Service1.svc - 49474 - ::1 - - 200 0 0 153
2018-04-23 11:29:11 ::1 POST /Service1.svc - 49474 - ::1 - - 200 0 0 91
2018-04-23 11:29:11 ::1 POST /Service1.svc - 49474 - ::1 - - 200 0 0 326
2018-04-23 11:29:11 ::1 POST /Service1.svc - 49474 - ::1 - - 200 0 0 70
2018-04-23 11:29:23 ::1 POST /Service1.svc - 49474 - ::1 - - 200 0 0 280
2018-04-23 11:29:26 ::1 POST /Service1.svc - 49474 - ::1 - - 200 0 0 130
2018-04-23 11:29:26 ::1 POST /Service1.svc - 49474 - ::1 - - 200 0 0 45
2018-04-23 11:29:26 ::1 POST /Service1.svc - 49474 - ::1 - - 200 0 0 141
2018-04-23 11:29:26 ::1 POST /Service1.svc - 49474 - ::1 - - 200 0 0 70
2018-04-23 11:29:26 ::1 POST /Service1.svc - 49474 - ::1 - - 200 0 0 107
2018-04-23 11:29:26 ::1 POST /Service1.svc - 49474 - ::1 - - 200 0 0 79
2018-04-23 11:29:32 ::1 POST /Service1.svc - 49474 - ::1 - - 200 0 0 292
2018-04-23 11:30:05 ::1 POST /Service1.svc - 49474 - ::1 - - 200 0 0 107
2018-04-23 11:30:06 ::1 POST /Service1.svc - 49474 - ::1 - - 200 0 0 34
2018-04-23 11:30:06 ::1 POST /Service1.svc - 49474 - ::1 - - 200 0 0 59
2018-04-23 11:30:06 ::1 POST /Service1.svc - 49474 - ::1 - - 200 0 0 55
2018-04-23 11:30:06 ::1 POST /Service1.svc - 49474 - ::1 - - 200 0 0 15
2018-04-23 11:30:06 ::1 POST /Service1.svc - 49474 - ::1 - - 200 0 0 39
2018-04-23 11:30:06 ::1 POST /Service1.svc - 49474 - ::1 - - 200 0 0 30
2018-04-23 11:30:11 ::1 POST /Service1.svc - 49474 - ::1 - - 200 0 0 49
2018-04-23 11:30:13 ::1 POST /Service1.svc - 49474 - ::1 - - 200 0 0 20
2018-04-23 11:30:13 ::1 POST /Service1.svc - 49474 - ::1 - - 200 0 0 26
2018-04-23 11:30:13 ::1 POST /Service1.svc - 49474 - ::1 - - 200 0 0 40
2018-04-23 11:30:13 ::1 POST /Service1.svc - 49474 - ::1 - - 200 0 0 12
2018-04-23 11:30:13 ::1 POST /Service1.svc - 49474 - ::1 - - 200 0 0 50
2018-04-23 11:30:13 ::1 POST /Service1.svc - 49474 - ::1 - - 200 0 0 54
2018-04-23 11:30:15 ::1 POST /Service1.svc - 49474 - ::1 - - 200 0 0 44
2018-04-23 11:30:49 ::1 POST /Service1.svc - 49474 - ::1 - - 200 0 0 21
2018-04-23 11:31:04 ::1 POST /Service1.svc - 49474 - ::1 - - 200 0 0 125
2018-04-23 11:31:13 ::1 POST /Service1.svc - 49474 - ::1 - - 200 0 0 96
2018-04-23 11:31:38 ::1 POST /Service1.svc - 49474 - ::1 - - 200 0 0 51
2018-04-23 11:31:38 ::1 POST /Service1.svc - 49474 - ::1 - - 200 0 0 12
2018-04-23 11:31:38 ::1 POST /Service1.svc - 49474 - ::1 - - 200 0 0 27
2018-04-23 11:31:38 ::1 POST /Service1.svc - 49474 - ::1 - - 200 0 0 15
2018-04-23 11:32:27 ::1 POST /Service1.svc - 49474 - ::1 - - 200 0 0 30
2018-04-23 11:34:18 ::1 POST /Service1.svc - 49474 - ::1 - - 200 0 0 175
2018-04-23 11:34:35 ::1 POST /Service1.svc - 49474 - ::1 - - 200 0 0 70
2018-04-23 11:34:35 ::1 POST /Service1.svc - 49474 - ::1 - - 200 0 0 16
2018-04-23 11:34:35 ::1 POST /Service1.svc - 49474 - ::1 - - 200 0 0 9
2018-04-23 11:34:35 ::1 POST /Service1.svc - 49474 - ::1 - - 200 0 0 43
2018-04-23 11:34:36 ::1 POST /Service1.svc - 49474 - ::1 - - 200 0 0 111
2018-04-23 11:34:36 ::1 POST /Service1.svc - 49474 - ::1 - - 200 0 0 45
2018-04-23 11:36:01 ::1 POST /Service1.svc - 49474 - ::1 - - 200 0 0 242
2018-04-23 11:36:11 ::1 POST /Service1.svc - 49474 - ::1 - - 200 0 0 55
2018-04-23 11:36:11 ::1 POST /Service1.svc - 49474 - ::1 - - 200 0 0 540
2018-04-23 11:36:11 ::1 POST /Service1.svc - 49474 - ::1 - - 200 0 0 434
2018-04-23 11:36:12 ::1 POST /Service1.svc - 49474 - ::1 - - 200 0 0 363
2018-04-23 11:36:15 ::1 POST /Service1.svc - 49474 - ::1 - - 200 0 0 273
2018-04-23 11:36:15 ::1 POST /Service1.svc - 49474 - ::1 - - 200 0 0 38
2018-04-23 11:37:59 ::1 POST /Service1.svc - 49474 - ::1 - - 200 0 0 65
2018-04-23 11:38:07 ::1 POST /Service1.svc - 49474 - ::1 - - 200 0 0 150
2018-04-23 11:38:55 ::1 POST /Service1.svc - 49474 - ::1 - - 200 0 0 36
2018-04-23 11:38:55 ::1 POST /Service1.svc - 49474 - ::1 - - 200 0 0 28
2018-04-23 11:38:55 ::1 POST /Service1.svc - 49474 - ::1 - - 200 0 0 54
2018-04-23 11:38:55 ::1 POST /Service1.svc - 49474 - ::1 - - 200 0 0 7
2018-04-23 11:38:58 ::1 POST /Service1.svc - 49474 - ::1 - - 200 0 0 37
2018-04-23 11:38:58 ::1 POST /Service1.svc - 49474 - ::1 - - 200 0 0 49
2018-04-23 11:43:09 ::1 POST /Service1.svc - 49474 - ::1 - - 200 0 0 98
2018-04-23 11:43:26 ::1 POST /Service1.svc - 49474 - ::1 - - 200 0 0 38
2018-04-23 11:43:26 ::1 POST /Service1.svc - 49474 - ::1 - - 200 0 0 54
2018-04-23 11:43:26 ::1 POST /Service1.svc - 49474 - ::1 - - 200 0 0 110
2018-04-23 11:43:26 ::1 POST /Service1.svc - 49474 - ::1 - - 200 0 0 164
2018-04-23 11:43:41 ::1 POST /Service1.svc - 49474 - ::1 - - 200 0 0 40
2018-04-23 11:43:41 ::1 POST /Service1.svc - 49474 - ::1 - - 200 0 0 22
2018-04-23 11:55:22 ::1 POST /Service1.svc - 49474 - ::1 - - 200 0 0 98
2018-04-23 11:56:02 ::1 POST /Service1.svc - 49474 - ::1 - - 200 0 0 233
2018-04-23 11:56:02 ::1 POST /Service1.svc - 49474 - ::1 - - 200 0 0 199
2018-04-23 11:56:02 ::1 POST /Service1.svc - 49474 - ::1 - - 200 0 0 116
2018-04-23 11:56:02 ::1 POST /Service1.svc - 49474 - ::1 - - 200 0 0 38
2018-04-23 11:56:02 ::1 POST /Service1.svc - 49474 - ::1 - - 200 0 0 35
2018-04-23 11:56:02 ::1 POST /Service1.svc - 49474 - ::1 - - 200 0 0 25
#Software: Microsoft Internet Information Services 10.0
#Version: 1.0
#Date: 2018-04-23 12:24:08
#Fields: date time s-ip cs-method cs-uri-stem cs-uri-query s-port cs-username c-ip cs(User-Agent) cs(Referer) sc-status sc-substatus sc-win32-status time-taken
2018-04-23 12:24:08 ::1 POST /Service1.svc - 49474 - ::1 - - 200 0 0 355
2018-04-23 12:24:11 ::1 POST /Service1.svc - 49474 - ::1 - - 200 0 0 370
2018-04-23 12:24:11 ::1 POST /Service1.svc - 49474 - ::1 - - 200 0 0 219
2018-04-23 12:24:11 ::1 POST /Service1.svc - 49474 - ::1 - - 200 0 0 134
2018-04-23 12:24:12 ::1 POST /Service1.svc - 49474 - ::1 - - 200 0 0 309
2018-04-23 12:24:12 ::1 POST /Service1.svc - 49474 - ::1 - - 200 0 0 157
2018-04-23 12:24:12 ::1 POST /Service1.svc - 49474 - ::1 - - 200 0 0 119
2018-04-23 12:24:15 ::1 POST /Service1.svc - 49474 - ::1 - - 200 0 0 122
2018-04-23 12:25:16 ::1 POST /Service1.svc - 49474 - ::1 - - 200 0 0 86
2018-04-23 12:25:18 ::1 POST /Service1.svc - 49474 - ::1 - - 200 0 0 456
2018-04-23 12:25:18 ::1 POST /Service1.svc - 49474 - ::1 - - 200 0 0 81
2018-04-23 12:25:18 ::1 POST /Service1.svc - 49474 - ::1 - - 200 0 0 247
2018-04-23 12:25:18 ::1 POST /Service1.svc - 49474 - ::1 - - 200 0 0 277
2018-04-23 12:25:18 ::1 POST /Service1.svc - 49474 - ::1 - - 200 0 0 75
2018-04-23 12:25:19 ::1 POST /Service1.svc - 49474 - ::1 - - 200 0 0 121
2018-04-23 12:25:21 ::1 POST /Service1.svc - 49474 - ::1 - - 200 0 0 171
2018-04-23 12:26:35 ::1 POST /Service1.svc - 49474 - ::1 - - 200 0 0 155
2018-04-23 12:26:57 ::1 POST /Service1.svc - 49474 - ::1 - - 200 0 0 68
2018-04-23 12:27:35 ::1 POST /Service1.svc - 49474 - ::1 - - 200 0 0 48
2018-04-23 12:32:14 ::1 POST /Service1.svc - 49474 - ::1 - - 200 0 0 335
2018-04-23 12:32:30 ::1 POST /Service1.svc - 49474 - ::1 - - 200 0 0 112
2018-04-23 12:32:54 ::1 POST /Service1.svc - 49474 - ::1 - - 200 0 0 108
2018-04-23 12:33:14 ::1 POST /Service1.svc - 49474 - ::1 - - 200 0 0 47
2018-04-23 12:33:59 ::1 POST /Service1.svc - 49474 - ::1 - - 200 0 0 114
2018-04-23 12:34:13 ::1 POST /Service1.svc - 49474 - ::1 - - 200 0 0 52
2018-04-23 12:34:24 ::1 POST /Service1.svc - 49474 - ::1 - - 200 0 0 57
2018-04-23 12:34:48 ::1 POST /Service1.svc - 49474 - ::1 - - 200 0 0 67
2018-04-23 12:36:33 ::1 POST /Service1.svc - 49474 - ::1 - - 200 0 0 154
2018-04-23 12:36:41 ::1 POST /Service1.svc - 49474 - ::1 - - 200 0 0 52
2018-04-23 12:36:41 ::1 POST /Service1.svc - 49474 - ::1 - - 200 0 0 26
2018-04-23 12:36:41 ::1 POST /Service1.svc - 49474 - ::1 - - 200 0 0 19
2018-04-23 12:36:41 ::1 POST /Service1.svc - 49474 - ::1 - - 200 0 0 55
2018-04-23 12:36:41 ::1 POST /Service1.svc - 49474 - ::1 - - 200 0 0 45
2018-04-23 12:36:41 ::1 POST /Service1.svc - 49474 - ::1 - - 200 0 0 32
2018-04-23 12:36:44 ::1 POST /Service1.svc - 49474 - ::1 - - 200 0 0 48
2018-04-23 12:37:00 ::1 POST /Service1.svc - 49474 - ::1 - - 200 0 0 246
2018-04-23 12:37:03 ::1 POST /Service1.svc - 49474 - ::1 - - 200 0 0 46
2018-04-23 12:37:03 ::1 POST /Service1.svc - 49474 - ::1 - - 200 0 0 366
2018-04-23 12:37:03 ::1 POST /Service1.svc - 49474 - ::1 - - 200 0 0 109
2018-04-23 12:38:25 ::1 POST /Service1.svc - 49474 - ::1 - - 200 0 0 171
2018-04-23 12:38:50 ::1 POST /Service1.svc - 49474 - ::1 - - 200 0 0 107
2018-04-23 12:38:59 ::1 POST /Service1.svc - 49474 - ::1 - - 200 0 0 146
2018-04-23 12:39:16 ::1 POST /Service1.svc - 49474 - ::1 - - 200 0 0 96
2018-04-23 12:39:31 ::1 POST /Service1.svc - 49474 - ::1 - - 200 0 0 69
2018-04-23 12:41:19 ::1 POST /Service1.svc - 49474 - ::1 - - 200 0 0 248
2018-04-23 12:41:26 ::1 POST /Service1.svc - 49474 - ::1 - - 200 0 0 107
2018-04-23 12:41:30 ::1 POST /Service1.svc - 49474 - ::1 - - 200 0 0 50
2018-04-23 12:41:41 ::1 POST /Service1.svc - 49474 - ::1 - - 200 0 0 39
2018-04-23 12:42:04 ::1 POST /Service1.svc - 49474 - ::1 - - 200 0 0 108
2018-04-23 12:42:34 ::1 POST /Service1.svc - 49474 - ::1 - - 200 0 0 159
2018-04-23 12:42:42 ::1 POST /Service1.svc - 49474 - ::1 - - 200 0 0 98
2018-04-23 12:43:08 ::1 POST /Service1.svc - 49474 - ::1 - - 200 0 0 92
2018-04-23 12:44:18 ::1 POST /Service1.svc - 49474 - ::1 - - 200 0 0 27
2018-04-23 12:44:18 ::1 POST /Service1.svc - 49474 - ::1 - - 200 0 0 46
2018-04-23 12:44:18 ::1 POST /Service1.svc - 49474 - ::1 - - 200 0 0 23
2018-04-23 12:44:18 ::1 POST /Service1.svc - 49474 - ::1 - - 200 0 0 40
2018-04-23 12:44:25 ::1 POST /Service1.svc - 49474 - ::1 - - 200 0 0 98
2018-04-23 12:45:54 ::1 POST /Service1.svc - 49474 - ::1 - - 200 0 0 42
2018-04-23 12:45:59 ::1 POST /Service1.svc - 49474 - ::1 - - 200 0 0 30
2018-04-23 12:45:59 ::1 POST /Service1.svc - 49474 - ::1 - - 200 0 0 120
2018-04-23 12:45:59 ::1 POST /Service1.svc - 49474 - ::1 - - 200 0 0 23
2018-04-23 12:45:59 ::1 POST /Service1.svc - 49474 - ::1 - - 200 0 0 26
2018-04-23 12:45:59 ::1 POST /Service1.svc - 49474 - ::1 - - 200 0 0 47
2018-04-23 12:45:59 ::1 POST /Service1.svc - 49474 - ::1 - - 200 0 0 113
2018-04-23 12:45:59 ::1 POST /Service1.svc - 49474 - ::1 - - 200 0 0 36
2018-04-23 12:46:11 ::1 POST /Service1.svc - 49474 - ::1 - - 200 0 0 111
2018-04-23 12:46:11 ::1 POST /Service1.svc - 49474 - ::1 - - 200 0 0 95
2018-04-23 12:46:11 ::1 POST /Service1.svc - 49474 - ::1 - - 200 0 0 199
2018-04-23 12:46:11 ::1 POST /Service1.svc - 49474 - ::1 - - 200 0 0 71
2018-04-23 12:46:14 ::1 POST /Service1.svc - 49474 - ::1 - - 200 0 0 116
2018-04-23 12:46:28 ::1 POST /Service1.svc - 49474 - ::1 - - 200 0 0 99
2018-04-23 12:46:41 ::1 POST /Service1.svc - 49474 - ::1 - - 200 0 0 95
2018-04-23 12:46:48 ::1 POST /Service1.svc - 49474 - ::1 - - 200 0 0 54
2018-04-23 12:47:28 ::1 POST /Service1.svc - 49474 - ::1 - - 200 0 0 122
2018-04-23 12:47:50 ::1 POST /Service1.svc - 49474 - ::1 - - 200 0 0 57
2018-04-23 12:47:55 ::1 POST /Service1.svc - 49474 - ::1 - - 200 0 0 62
2018-04-23 12:47:55 ::1 POST /Service1.svc - 49474 - ::1 - - 200 0 0 165
2018-04-23 12:47:55 ::1 POST /Service1.svc - 49474 - ::1 - - 200 0 0 37
2018-04-23 12:47:59 ::1 POST /Service1.svc - 49474 - ::1 - - 200 0 0 29
2018-04-23 12:47:59 ::1 POST /Service1.svc - 49474 - ::1 - - 200 0 0 140
2018-04-23 12:48:48 ::1 POST /Service1.svc - 49474 - ::1 - - 200 0 0 56
2018-04-23 12:49:24 ::1 POST /Service1.svc - 49474 - ::1 - - 500 0 0 10780
2018-04-23 12:50:03 ::1 POST /Service1.svc - 49474 - ::1 - - 200 0 0 3539
2018-04-23 12:50:06 ::1 POST /Service1.svc - 49474 - ::1 - - 200 0 0 24
2018-04-23 12:50:14 ::1 POST /Service1.svc - 49474 - ::1 - - 500 0 0 4653
2018-04-23 12:50:14 ::1 POST /Service1.svc - 49474 - ::1 - - 200 0 0 18
2018-04-23 12:50:14 ::1 POST /Service1.svc - 49474 - ::1 - - 200 0 0 27
2018-04-23 12:50:14 ::1 POST /Service1.svc - 49474 - ::1 - - 200 0 0 51
2018-04-23 12:50:14 ::1 POST /Service1.svc - 49474 - ::1 - - 200 0 0 11
2018-04-23 12:50:14 ::1 POST /Service1.svc - 49474 - ::1 - - 200 0 0 136
2018-04-23 12:50:14 ::1 POST /Service1.svc - 49474 - ::1 - - 200 0 0 58
2018-04-23 12:50:47 ::1 POST /Service1.svc - 49474 - ::1 - - 200 0 0 72
#Software: Microsoft Internet Information Services 10.0
#Version: 1.0
#Date: 2018-04-23 12:51:51
#Fields: date time s-ip cs-method cs-uri-stem cs-uri-query s-port cs-username c-ip cs(User-Agent) cs(Referer) sc-status sc-substatus sc-win32-status time-taken
2018-04-23 12:51:51 ::1 POST /Service1.svc - 49474 - ::1 - - 415 0 0 9086
2018-04-23 12:51:51 ::1 POST /Service1.svc/mex - 49474 - ::1 - - 415 0 0 11
2018-04-23 12:51:55 ::1 GET /Service1.svc - 49474 - ::1 Mozilla/4.0+(compatible;+MSIE+6.0;+MS+Web+Services+Client+Protocol+4.0.30319.42000) - 200 0 0 3340
2018-04-23 12:51:55 ::1 GET /Service1.svc disco 49474 - ::1 Mozilla/4.0+(compatible;+MSIE+6.0;+MS+Web+Services+Client+Protocol+4.0.30319.42000) - 200 0 0 34
2018-04-23 12:51:55 ::1 GET /Service1.svc wsdl 49474 - ::1 Mozilla/4.0+(compatible;+MSIE+6.0;+MS+Web+Services+Client+Protocol+4.0.30319.42000) - 200 0 0 47
2018-04-23 12:51:56 ::1 GET /Service1.svc xsd=xsd0 49474 - ::1 Mozilla/4.0+(compatible;+MSIE+6.0;+MS+Web+Services+Client+Protocol+4.0.30319.42000) - 200 0 0 629
2018-04-23 12:51:56 ::1 GET /Service1.svc xsd=xsd2 49474 - ::1 Mozilla/4.0+(compatible;+MSIE+6.0;+MS+Web+Services+Client+Protocol+4.0.30319.42000) - 200 0 0 62
2018-04-23 12:51:56 ::1 GET /Service1.svc xsd=xsd3 49474 - ::1 Mozilla/4.0+(compatible;+MSIE+6.0;+MS+Web+Services+Client+Protocol+4.0.30319.42000) - 200 0 0 33
2018-04-23 12:51:56 ::1 GET /Service1.svc xsd=xsd1 49474 - ::1 Mozilla/4.0+(compatible;+MSIE+6.0;+MS+Web+Services+Client+Protocol+4.0.30319.42000) - 200 0 0 27
2018-04-23 12:52:33 ::1 POST /Service1.svc - 49474 - ::1 - - 200 0 0 1994
#Software: Microsoft Internet Information Services 10.0
#Version: 1.0
#Date: 2018-04-23 12:57:33
#Fields: date time s-ip cs-method cs-uri-stem cs-uri-query s-port cs-username c-ip cs(User-Agent) cs(Referer) sc-status sc-substatus sc-win32-status time-taken
2018-04-23 12:57:33 ::1 POST /Service1.svc - 49474 - ::1 - - 415 0 0 3474
2018-04-23 12:57:33 ::1 POST /Service1.svc/mex - 49474 - ::1 - - 415 0 0 17
2018-04-23 12:57:35 ::1 GET /Service1.svc - 49474 - ::1 Mozilla/4.0+(compatible;+MSIE+6.0;+MS+Web+Services+Client+Protocol+4.0.30319.42000) - 200 0 0 2032
2018-04-23 12:57:35 ::1 GET /Service1.svc disco 49474 - ::1 Mozilla/4.0+(compatible;+MSIE+6.0;+MS+Web+Services+Client+Protocol+4.0.30319.42000) - 200 0 0 14
2018-04-23 12:57:35 ::1 GET /Service1.svc wsdl 49474 - ::1 Mozilla/4.0+(compatible;+MSIE+6.0;+MS+Web+Services+Client+Protocol+4.0.30319.42000) - 200 0 0 31
2018-04-23 12:57:35 ::1 GET /Service1.svc xsd=xsd0 49474 - ::1 Mozilla/4.0+(compatible;+MSIE+6.0;+MS+Web+Services+Client+Protocol+4.0.30319.42000) - 200 0 0 436
2018-04-23 12:57:35 ::1 GET /Service1.svc xsd=xsd2 49474 - ::1 Mozilla/4.0+(compatible;+MSIE+6.0;+MS+Web+Services+Client+Protocol+4.0.30319.42000) - 200 0 0 8
2018-04-23 12:57:35 ::1 GET /Service1.svc xsd=xsd3 49474 - ::1 Mozilla/4.0+(compatible;+MSIE+6.0;+MS+Web+Services+Client+Protocol+4.0.30319.42000) - 200 0 0 15
2018-04-23 12:57:35 ::1 GET /Service1.svc xsd=xsd1 49474 - ::1 Mozilla/4.0+(compatible;+MSIE+6.0;+MS+Web+Services+Client+Protocol+4.0.30319.42000) - 200 0 0 17
2018-04-23 12:57:59 ::1 GET /Service1.svc - 49474 - ::1 Mozilla/4.0+(compatible;+MSIE+6.0;+MS+Web+Services+Client+Protocol+4.0.30319.42000) - 200 0 0 35
2018-04-23 12:57:59 ::1 GET /Service1.svc disco 49474 - ::1 Mozilla/4.0+(compatible;+MSIE+6.0;+MS+Web+Services+Client+Protocol+4.0.30319.42000) - 200 0 0 47
2018-04-23 12:57:59 ::1 GET /Service1.svc wsdl 49474 - ::1 Mozilla/4.0+(compatible;+MSIE+6.0;+MS+Web+Services+Client+Protocol+4.0.30319.42000) - 200 0 0 39
2018-04-23 12:57:59 ::1 GET /Service1.svc/$metadata - 49474 - ::1 Mozilla/4.0+(compatible;+MSIE+6.0;+MS+Web+Services+Client+Protocol+4.0.30319.42000) - 400 0 0 327
2018-04-23 12:57:59 ::1 GET /Service1.svc xsd=xsd0 49474 - ::1 Mozilla/4.0+(compatible;+MSIE+6.0;+MS+Web+Services+Client+Protocol+4.0.30319.42000) - 200 0 0 73
2018-04-23 12:57:59 ::1 GET /Service1.svc xsd=xsd2 49474 - ::1 Mozilla/4.0+(compatible;+MSIE+6.0;+MS+Web+Services+Client+Protocol+4.0.30319.42000) - 200 0 0 32
2018-04-23 12:57:59 ::1 GET /Service1.svc xsd=xsd3 49474 - ::1 Mozilla/4.0+(compatible;+MSIE+6.0;+MS+Web+Services+Client+Protocol+4.0.30319.42000) - 200 0 0 10
2018-04-23 12:57:59 ::1 GET /Service1.svc xsd=xsd1 49474 - ::1 Mozilla/4.0+(compatible;+MSIE+6.0;+MS+Web+Services+Client+Protocol+4.0.30319.42000) - 200 0 0 5
2018-04-23 12:57:59 ::1 POST /Service1.svc/mex - 49474 - ::1 - - 415 0 0 22
2018-04-23 12:57:59 ::1 POST /Service1.svc - 49474 - ::1 - - 415 0 0 47
2018-04-23 12:58:34 ::1 POST /Service1.svc - 49474 - ::1 - - 200 0 0 1108
2018-04-23 12:58:36 ::1 POST /Service1.svc - 49474 - ::1 - - 200 0 0 432
2018-04-23 12:58:36 ::1 POST /Service1.svc - 49474 - ::1 - - 200 0 0 349
2018-04-23 12:58:37 ::1 POST /Service1.svc - 49474 - ::1 - - 200 0 0 666
2018-04-23 12:58:37 ::1 POST /Service1.svc - 49474 - ::1 - - 200 0 0 488
2018-04-23 12:58:42 ::1 POST /Service1.svc - 49474 - ::1 - - 200 0 0 131
2018-04-23 13:00:03 ::1 POST /Service1.svc - 49474 - ::1 - - 200 0 0 63
2018-04-23 13:00:05 ::1 POST /Service1.svc - 49474 - ::1 - - 200 0 0 50
2018-04-23 13:00:05 ::1 POST /Service1.svc - 49474 - ::1 - - 200 0 0 135
2018-04-23 13:00:05 ::1 POST /Service1.svc - 49474 - ::1 - - 200 0 0 105
2018-04-23 13:00:05 ::1 POST /Service1.svc - 49474 - ::1 - - 200 0 0 66
2018-04-23 13:00:25 ::1 POST /Service1.svc - 49474 - ::1 - - 200 0 0 22
2018-04-23 13:00:30 ::1 POST /Service1.svc - 49474 - ::1 - - 200 0 0 45
2018-04-23 13:00:30 ::1 POST /Service1.svc - 49474 - ::1 - - 200 0 0 40
2018-04-23 13:00:32 ::1 POST /Service1.svc - 49474 - ::1 - - 200 0 0 101
2018-04-23 13:00:34 ::1 POST /Service1.svc - 49474 - ::1 - - 200 0 0 72
2018-04-23 13:00:34 ::1 POST /Service1.svc - 49474 - ::1 - - 200 0 0 29
2018-04-23 13:00:34 ::1 POST /Service1.svc - 49474 - ::1 - - 200 0 0 14
2018-04-23 13:00:34 ::1 POST /Service1.svc - 49474 - ::1 - - 200 0 0 55
2018-04-23 13:01:12 ::1 POST /Service1.svc - 49474 - ::1 - - 200 0 0 87
2018-04-23 13:02:09 ::1 POST /Service1.svc - 49474 - ::1 - - 200 0 0 61
2018-04-23 13:02:58 ::1 POST /Service1.svc - 49474 - ::1 - - 200 0 0 36
2018-04-23 13:03:22 ::1 POST /Service1.svc - 49474 - ::1 - - 200 0 0 287
2018-04-23 13:03:43 ::1 POST /Service1.svc - 49474 - ::1 - - 200 0 0 162
2018-04-23 13:03:53 ::1 POST /Service1.svc - 49474 - ::1 - - 200 0 0 84
2018-04-23 13:04:08 ::1 POST /Service1.svc - 49474 - ::1 - - 200 0 0 130
2018-04-23 13:04:21 ::1 POST /Service1.svc - 49474 - ::1 - - 200 0 0 122
2018-04-23 13:04:40 ::1 POST /Service1.svc - 49474 - ::1 - - 200 0 0 53
2018-04-23 13:06:03 ::1 POST /Service1.svc - 49474 - ::1 - - 200 0 0 29
2018-04-23 13:06:03 ::1 POST /Service1.svc - 49474 - ::1 - - 200 0 0 104
2018-04-23 13:06:38 ::1 POST /Service1.svc - 49474 - ::1 - - 200 0 0 94
