#Software: Microsoft Internet Information Services 10.0
#Version: 1.0
#Date: 2018-07-23 05:42:53
#Fields: date time s-ip cs-method cs-uri-stem cs-uri-query s-port cs-username c-ip cs(User-Agent) cs(Referer) sc-status sc-substatus sc-win32-status time-taken
2018-07-23 05:42:53 ::1 POST /Service1.svc - 49474 - ::1 - - 415 0 0 27231
2018-07-23 05:42:53 ::1 POST /Service1.svc/mex - 49474 - ::1 - - 415 0 0 12
2018-07-23 05:43:00 ::1 GET /Service1.svc - 49474 - ::1 Mozilla/4.0+(compatible;+MSIE+6.0;+MS+Web+Services+Client+Protocol+4.0.30319.42000) - 200 0 0 6258
2018-07-23 05:43:00 ::1 GET /Service1.svc disco 49474 - ::1 Mozilla/4.0+(compatible;+MSIE+6.0;+MS+Web+Services+Client+Protocol+4.0.30319.42000) - 200 0 0 10
2018-07-23 05:43:00 ::1 GET /Service1.svc wsdl 49474 - ::1 Mozilla/4.0+(compatible;+MSIE+6.0;+MS+Web+Services+Client+Protocol+4.0.30319.42000) - 200 0 0 531
2018-07-23 05:43:07 ::1 GET /Service1.svc xsd=xsd0 49474 - ::1 Mozilla/4.0+(compatible;+MSIE+6.0;+MS+Web+Services+Client+Protocol+4.0.30319.42000) - 200 0 0 5627
2018-07-23 05:43:07 ::1 GET /Service1.svc xsd=xsd2 49474 - ::1 Mozilla/4.0+(compatible;+MSIE+6.0;+MS+Web+Services+Client+Protocol+4.0.30319.42000) - 200 0 0 11
2018-07-23 05:43:07 ::1 GET /Service1.svc xsd=xsd3 49474 - ::1 Mozilla/4.0+(compatible;+MSIE+6.0;+MS+Web+Services+Client+Protocol+4.0.30319.42000) - 200 0 0 47
2018-07-23 05:43:07 ::1 GET /Service1.svc xsd=xsd1 49474 - ::1 Mozilla/4.0+(compatible;+MSIE+6.0;+MS+Web+Services+Client+Protocol+4.0.30319.42000) - 200 0 0 46
2018-07-23 05:48:05 ::1 POST /Service1.svc - 49474 - ::1 - - 200 0 0 2428
2018-07-23 05:48:05 ::1 POST /Service1.svc - 49474 - ::1 - - 200 0 0 93
2018-07-23 05:48:07 ::1 POST /Service1.svc - 49474 - ::1 - - 200 0 0 772
2018-07-23 05:48:07 ::1 POST /Service1.svc - 49474 - ::1 - - 200 0 0 304
2018-07-23 05:48:48 ::1 POST /Service1.svc - 49474 - ::1 - - 200 0 0 50
2018-07-23 05:48:48 ::1 POST /Service1.svc - 49474 - ::1 - - 200 0 0 16
2018-07-23 05:48:48 ::1 POST /Service1.svc - 49474 - ::1 - - 200 0 0 169
2018-07-23 05:48:48 ::1 POST /Service1.svc - 49474 - ::1 - - 200 0 0 26
2018-07-23 05:48:53 ::1 POST /Service1.svc - 49474 - ::1 - - 200 0 0 42
2018-07-23 05:48:53 ::1 POST /Service1.svc - 49474 - ::1 - - 200 0 0 86
2018-07-23 05:48:53 ::1 POST /Service1.svc - 49474 - ::1 - - 200 0 0 63
2018-07-23 05:48:53 ::1 POST /Service1.svc - 49474 - ::1 - - 200 0 0 274
2018-07-23 05:48:56 ::1 POST /Service1.svc - 49474 - ::1 - - 200 0 0 46
2018-07-23 05:48:56 ::1 POST /Service1.svc - 49474 - ::1 - - 200 0 0 62
2018-07-23 05:48:56 ::1 POST /Service1.svc - 49474 - ::1 - - 200 0 0 84
2018-07-23 05:48:56 ::1 POST /Service1.svc - 49474 - ::1 - - 200 0 0 36
2018-07-23 05:48:56 ::1 POST /Service1.svc - 49474 - ::1 - - 200 0 0 51
2018-07-23 05:48:56 ::1 POST /Service1.svc - 49474 - ::1 - - 200 0 0 120
2018-07-23 05:48:56 ::1 POST /Service1.svc - 49474 - ::1 - - 200 0 0 107
2018-07-23 05:48:56 ::1 POST /Service1.svc - 49474 - ::1 - - 200 0 0 118
2018-07-23 05:48:56 ::1 POST /Service1.svc - 49474 - ::1 - - 200 0 0 180
2018-07-23 05:48:57 ::1 POST /Service1.svc - 49474 - ::1 - - 200 0 0 142
2018-07-23 05:48:57 ::1 POST /Service1.svc - 49474 - ::1 - - 200 0 0 113
2018-07-23 05:49:00 ::1 POST /Service1.svc - 49474 - ::1 - - 200 0 0 402
2018-07-23 05:49:00 ::1 POST /Service1.svc - 49474 - ::1 - - 200 0 0 141
2018-07-23 05:49:00 ::1 POST /Service1.svc - 49474 - ::1 - - 200 0 0 179
2018-07-23 05:49:00 ::1 POST /Service1.svc - 49474 - ::1 - - 200 0 0 64
2018-07-23 05:49:00 ::1 POST /Service1.svc - 49474 - ::1 - - 200 0 0 119
2018-07-23 05:49:00 ::1 POST /Service1.svc - 49474 - ::1 - - 200 0 0 92
2018-07-23 05:49:00 ::1 POST /Service1.svc - 49474 - ::1 - - 200 0 0 186
2018-07-23 05:49:01 ::1 POST /Service1.svc - 49474 - ::1 - - 200 0 0 367
2018-07-23 05:49:01 ::1 POST /Service1.svc - 49474 - ::1 - - 200 0 0 119
2018-07-23 05:49:01 ::1 POST /Service1.svc - 49474 - ::1 - - 200 0 0 146
2018-07-23 05:49:06 ::1 POST /Service1.svc - 49474 - ::1 - - 200 0 0 106
2018-07-23 05:49:32 ::1 POST /Service1.svc - 49474 - ::1 - - 200 0 0 133
2018-07-23 05:50:05 ::1 POST /Service1.svc - 49474 - ::1 - - 200 0 0 37
2018-07-23 05:50:05 ::1 POST /Service1.svc - 49474 - ::1 - - 200 0 0 24
2018-07-23 05:50:05 ::1 POST /Service1.svc - 49474 - ::1 - - 200 0 0 44
2018-07-23 05:50:05 ::1 POST /Service1.svc - 49474 - ::1 - - 200 0 0 76
2018-07-23 05:50:06 ::1 POST /Service1.svc - 49474 - ::1 - - 200 0 0 23
2018-07-23 05:50:06 ::1 POST /Service1.svc - 49474 - ::1 - - 200 0 0 51
2018-07-23 05:50:06 ::1 POST /Service1.svc - 49474 - ::1 - - 200 0 0 29
2018-07-23 05:50:06 ::1 POST /Service1.svc - 49474 - ::1 - - 200 0 0 100
2018-07-23 05:50:08 ::1 POST /Service1.svc - 49474 - ::1 - - 200 0 0 45
2018-07-23 05:50:08 ::1 POST /Service1.svc - 49474 - ::1 - - 200 0 0 153
2018-07-23 05:50:08 ::1 POST /Service1.svc - 49474 - ::1 - - 200 0 0 36
2018-07-23 05:50:08 ::1 POST /Service1.svc - 49474 - ::1 - - 200 0 0 30
2018-07-23 05:50:24 ::1 POST /Service1.svc - 49474 - ::1 - - 200 0 0 22
2018-07-23 05:50:24 ::1 POST /Service1.svc - 49474 - ::1 - - 200 0 0 22
2018-07-23 05:50:24 ::1 POST /Service1.svc - 49474 - ::1 - - 200 0 0 15
2018-07-23 05:50:24 ::1 POST /Service1.svc - 49474 - ::1 - - 200 0 0 105
2018-07-23 05:50:24 ::1 POST /Service1.svc - 49474 - ::1 - - 200 0 0 16
2018-07-23 05:50:24 ::1 POST /Service1.svc - 49474 - ::1 - - 200 0 0 16
2018-07-23 05:50:24 ::1 POST /Service1.svc - 49474 - ::1 - - 200 0 0 21
2018-07-23 05:50:24 ::1 POST /Service1.svc - 49474 - ::1 - - 200 0 0 82
2018-07-23 05:50:24 ::1 POST /Service1.svc - 49474 - ::1 - - 200 0 0 142
2018-07-23 05:50:24 ::1 POST /Service1.svc - 49474 - ::1 - - 200 0 0 60
2018-07-23 05:50:24 ::1 POST /Service1.svc - 49474 - ::1 - - 200 0 0 50
2018-07-23 05:50:24 ::1 POST /Service1.svc - 49474 - ::1 - - 200 0 0 104
2018-07-23 05:50:25 ::1 POST /Service1.svc - 49474 - ::1 - - 200 0 0 145
2018-07-23 05:50:31 ::1 POST /Service1.svc - 49474 - ::1 - - 200 0 0 33
2018-07-23 05:50:31 ::1 POST /Service1.svc - 49474 - ::1 - - 200 0 0 82
2018-07-23 05:50:31 ::1 POST /Service1.svc - 49474 - ::1 - - 200 0 0 19
2018-07-23 05:50:31 ::1 POST /Service1.svc - 49474 - ::1 - - 200 0 0 197
2018-07-23 05:50:31 ::1 POST /Service1.svc - 49474 - ::1 - - 200 0 0 177
2018-07-23 05:50:31 ::1 POST /Service1.svc - 49474 - ::1 - - 200 0 0 31
2018-07-23 05:50:31 ::1 POST /Service1.svc - 49474 - ::1 - - 200 0 0 31
2018-07-23 05:50:31 ::1 POST /Service1.svc - 49474 - ::1 - - 200 0 0 181
2018-07-23 05:50:31 ::1 POST /Service1.svc - 49474 - ::1 - - 200 0 0 29
2018-07-23 05:50:31 ::1 POST /Service1.svc - 49474 - ::1 - - 200 0 0 31
2018-07-23 05:50:36 ::1 POST /Service1.svc - 49474 - ::1 - - 200 0 0 57
2018-07-23 05:50:36 ::1 POST /Service1.svc - 49474 - ::1 - - 200 0 0 15
2018-07-23 05:50:36 ::1 POST /Service1.svc - 49474 - ::1 - - 200 0 0 134
2018-07-23 05:50:37 ::1 POST /Service1.svc - 49474 - ::1 - - 200 0 0 21
2018-07-23 05:50:37 ::1 POST /Service1.svc - 49474 - ::1 - - 200 0 0 34
2018-07-23 05:50:37 ::1 POST /Service1.svc - 49474 - ::1 - - 200 0 0 121
2018-07-23 05:50:39 ::1 POST /Service1.svc - 49474 - ::1 - - 200 0 0 407
2018-07-23 05:50:51 ::1 POST /Service1.svc - 49474 - ::1 - - 200 0 0 265
2018-07-23 05:50:51 ::1 POST /Service1.svc - 49474 - ::1 - - 200 0 0 66
2018-07-23 05:51:17 ::1 POST /Service1.svc - 49474 - ::1 - - 200 0 0 38
2018-07-23 06:01:14 ::1 POST /Service1.svc - 49474 - ::1 - - 200 0 0 83
2018-07-23 06:01:14 ::1 POST /Service1.svc - 49474 - ::1 - - 200 0 0 60
2018-07-23 06:01:14 ::1 POST /Service1.svc - 49474 - ::1 - - 200 0 0 59
2018-07-23 06:01:14 ::1 POST /Service1.svc - 49474 - ::1 - - 200 0 0 54
2018-07-23 06:01:22 ::1 POST /Service1.svc - 49474 - ::1 - - 200 0 0 18
2018-07-23 06:01:22 ::1 POST /Service1.svc - 49474 - ::1 - - 200 0 0 18
2018-07-23 06:01:22 ::1 POST /Service1.svc - 49474 - ::1 - - 200 0 0 70
2018-07-23 06:01:22 ::1 POST /Service1.svc - 49474 - ::1 - - 200 0 0 95
2018-07-23 06:01:25 ::1 POST /Service1.svc - 49474 - ::1 - - 200 0 0 447
2018-07-23 06:01:25 ::1 POST /Service1.svc - 49474 - ::1 - - 200 0 0 52
2018-07-23 06:01:25 ::1 POST /Service1.svc - 49474 - ::1 - - 200 0 0 17
2018-07-23 06:01:25 ::1 POST /Service1.svc - 49474 - ::1 - - 200 0 0 29
2018-07-23 06:01:25 ::1 POST /Service1.svc - 49474 - ::1 - - 200 0 0 99
2018-07-23 06:01:25 ::1 POST /Service1.svc - 49474 - ::1 - - 200 0 0 174
2018-07-23 06:01:25 ::1 POST /Service1.svc - 49474 - ::1 - - 200 0 0 63
2018-07-23 06:01:25 ::1 POST /Service1.svc - 49474 - ::1 - - 200 0 0 142
2018-07-23 06:01:25 ::1 POST /Service1.svc - 49474 - ::1 - - 200 0 0 122
2018-07-23 06:01:25 ::1 POST /Service1.svc - 49474 - ::1 - - 200 0 0 90
2018-07-23 06:01:26 ::1 POST /Service1.svc - 49474 - ::1 - - 200 0 0 90
2018-07-23 06:01:26 ::1 POST /Service1.svc - 49474 - ::1 - - 200 0 0 133
2018-07-23 06:01:26 ::1 POST /Service1.svc - 49474 - ::1 - - 200 0 0 82
2018-07-23 06:01:35 ::1 POST /Service1.svc - 49474 - ::1 - - 200 0 0 434
2018-07-23 06:01:35 ::1 POST /Service1.svc - 49474 - ::1 - - 200 0 0 38
2018-07-23 06:01:36 ::1 POST /Service1.svc - 49474 - ::1 - - 200 0 0 130
2018-07-23 06:01:36 ::1 POST /Service1.svc - 49474 - ::1 - - 200 0 0 67
2018-07-23 06:01:36 ::1 POST /Service1.svc - 49474 - ::1 - - 200 0 0 104
2018-07-23 06:01:36 ::1 POST /Service1.svc - 49474 - ::1 - - 200 0 0 90
2018-07-23 06:01:36 ::1 POST /Service1.svc - 49474 - ::1 - - 200 0 0 26
2018-07-23 06:01:36 ::1 POST /Service1.svc - 49474 - ::1 - - 200 0 0 488
2018-07-23 06:01:36 ::1 POST /Service1.svc - 49474 - ::1 - - 200 0 0 76
2018-07-23 06:01:36 ::1 POST /Service1.svc - 49474 - ::1 - - 200 0 0 64
2018-07-23 06:02:33 ::1 POST /Service1.svc - 49474 - ::1 - - 200 0 0 23
2018-07-23 06:02:33 ::1 POST /Service1.svc - 49474 - ::1 - - 200 0 0 16
2018-07-23 06:02:33 ::1 POST /Service1.svc - 49474 - ::1 - - 200 0 0 26
2018-07-23 06:02:35 ::1 POST /Service1.svc - 49474 - ::1 - - 200 0 0 17
2018-07-23 06:02:35 ::1 POST /Service1.svc - 49474 - ::1 - - 200 0 0 37
2018-07-23 06:02:35 ::1 POST /Service1.svc - 49474 - ::1 - - 200 0 0 54
2018-07-23 06:02:37 ::1 POST /Service1.svc - 49474 - ::1 - - 200 0 0 84
2018-07-23 06:05:00 ::1 POST /Service1.svc - 49474 - ::1 - - 200 0 0 38
2018-07-23 06:05:00 ::1 POST /Service1.svc - 49474 - ::1 - - 200 0 0 31
2018-07-23 06:05:00 ::1 POST /Service1.svc - 49474 - ::1 - - 200 0 0 33
2018-07-23 06:05:00 ::1 POST /Service1.svc - 49474 - ::1 - - 200 0 0 64
2018-07-23 06:05:02 ::1 POST /Service1.svc - 49474 - ::1 - - 200 0 0 15
2018-07-23 06:05:02 ::1 POST /Service1.svc - 49474 - ::1 - - 200 0 0 21
2018-07-23 06:05:02 ::1 POST /Service1.svc - 49474 - ::1 - - 200 0 0 71
2018-07-23 06:05:02 ::1 POST /Service1.svc - 49474 - ::1 - - 200 0 0 86
#Software: Microsoft Internet Information Services 10.0
#Version: 1.0
#Date: 2018-07-23 06:23:19
#Fields: date time s-ip cs-method cs-uri-stem cs-uri-query s-port cs-username c-ip cs(User-Agent) cs(Referer) sc-status sc-substatus sc-win32-status time-taken
2018-07-23 06:23:19 ::1 POST /Service1.svc - 49474 - ::1 - - 415 0 0 29500
2018-07-23 06:23:20 ::1 POST /Service1.svc/mex - 49474 - ::1 - - 415 0 0 32
2018-07-23 06:23:26 ::1 GET /Service1.svc - 49474 - ::1 Mozilla/4.0+(compatible;+MSIE+6.0;+MS+Web+Services+Client+Protocol+4.0.30319.42000) - 200 0 0 5473
2018-07-23 06:23:26 ::1 GET /Service1.svc disco 49474 - ::1 Mozilla/4.0+(compatible;+MSIE+6.0;+MS+Web+Services+Client+Protocol+4.0.30319.42000) - 200 0 0 21
2018-07-23 06:23:26 ::1 GET /Service1.svc wsdl 49474 - ::1 Mozilla/4.0+(compatible;+MSIE+6.0;+MS+Web+Services+Client+Protocol+4.0.30319.42000) - 200 0 0 96
2018-07-23 06:23:28 ::1 GET /Service1.svc xsd=xsd0 49474 - ::1 Mozilla/4.0+(compatible;+MSIE+6.0;+MS+Web+Services+Client+Protocol+4.0.30319.42000) - 200 0 0 619
2018-07-23 06:23:28 ::1 GET /Service1.svc xsd=xsd2 49474 - ::1 Mozilla/4.0+(compatible;+MSIE+6.0;+MS+Web+Services+Client+Protocol+4.0.30319.42000) - 200 0 0 78
2018-07-23 06:23:28 ::1 GET /Service1.svc xsd=xsd3 49474 - ::1 Mozilla/4.0+(compatible;+MSIE+6.0;+MS+Web+Services+Client+Protocol+4.0.30319.42000) - 200 0 0 55
2018-07-23 06:23:28 ::1 GET /Service1.svc xsd=xsd1 49474 - ::1 Mozilla/4.0+(compatible;+MSIE+6.0;+MS+Web+Services+Client+Protocol+4.0.30319.42000) - 200 0 0 37
2018-07-23 06:28:24 ::1 GET /Service1.svc - 49474 - ::1 Mozilla/4.0+(compatible;+MSIE+6.0;+MS+Web+Services+Client+Protocol+4.0.30319.42000) - 200 0 0 374
2018-07-23 06:28:24 ::1 GET /Service1.svc disco 49474 - ::1 Mozilla/4.0+(compatible;+MSIE+6.0;+MS+Web+Services+Client+Protocol+4.0.30319.42000) - 200 0 0 218
2018-07-23 06:28:24 ::1 GET /Service1.svc wsdl 49474 - ::1 Mozilla/4.0+(compatible;+MSIE+6.0;+MS+Web+Services+Client+Protocol+4.0.30319.42000) - 200 0 0 19
2018-07-23 06:28:25 ::1 GET /Service1.svc/$metadata - 49474 - ::1 Mozilla/4.0+(compatible;+MSIE+6.0;+MS+Web+Services+Client+Protocol+4.0.30319.42000) - 400 0 0 1430
2018-07-23 06:28:25 ::1 GET /Service1.svc xsd=xsd0 49474 - ::1 Mozilla/4.0+(compatible;+MSIE+6.0;+MS+Web+Services+Client+Protocol+4.0.30319.42000) - 200 0 0 376
2018-07-23 06:28:25 ::1 GET /Service1.svc xsd=xsd2 49474 - ::1 Mozilla/4.0+(compatible;+MSIE+6.0;+MS+Web+Services+Client+Protocol+4.0.30319.42000) - 200 0 0 19
2018-07-23 06:28:25 ::1 GET /Service1.svc xsd=xsd3 49474 - ::1 Mozilla/4.0+(compatible;+MSIE+6.0;+MS+Web+Services+Client+Protocol+4.0.30319.42000) - 200 0 0 19
2018-07-23 06:28:25 ::1 GET /Service1.svc xsd=xsd1 49474 - ::1 Mozilla/4.0+(compatible;+MSIE+6.0;+MS+Web+Services+Client+Protocol+4.0.30319.42000) - 200 0 0 18
2018-07-23 06:28:28 ::1 POST /Service1.svc/mex - 49474 - ::1 - - 415 0 0 16
2018-07-23 06:28:28 ::1 POST /Service1.svc - 49474 - ::1 - - 415 0 0 21
#Software: Microsoft Internet Information Services 10.0
#Version: 1.0
#Date: 2018-07-23 06:54:36
#Fields: date time s-ip cs-method cs-uri-stem cs-uri-query s-port cs-username c-ip cs(User-Agent) cs(Referer) sc-status sc-substatus sc-win32-status time-taken
2018-07-23 06:54:36 ::1 POST /Service1.svc - 49474 - ::1 - - 200 0 0 21210
2018-07-23 06:54:37 ::1 POST /Service1.svc - 49474 - ::1 - - 200 0 0 188
2018-07-23 06:54:37 ::1 POST /Service1.svc - 49474 - ::1 - - 200 0 0 20
2018-07-23 06:54:37 ::1 POST /Service1.svc - 49474 - ::1 - - 200 0 0 277
2018-07-23 06:59:22 ::1 POST /Service1.svc - 49474 - ::1 - - 200 0 0 63
2018-07-23 06:59:22 ::1 POST /Service1.svc - 49474 - ::1 - - 200 0 0 37
2018-07-23 06:59:22 ::1 POST /Service1.svc - 49474 - ::1 - - 200 0 0 55
2018-07-23 06:59:22 ::1 POST /Service1.svc - 49474 - ::1 - - 200 0 0 28
2018-07-23 06:59:24 ::1 POST /Service1.svc - 49474 - ::1 - - 200 0 0 12
2018-07-23 06:59:24 ::1 POST /Service1.svc - 49474 - ::1 - - 200 0 0 29
2018-07-23 06:59:24 ::1 POST /Service1.svc - 49474 - ::1 - - 200 0 0 63
2018-07-23 06:59:24 ::1 POST /Service1.svc - 49474 - ::1 - - 200 0 0 50
2018-07-23 06:59:26 ::1 POST /Service1.svc - 49474 - ::1 - - 200 0 0 17
2018-07-23 06:59:26 ::1 POST /Service1.svc - 49474 - ::1 - - 200 0 0 15
2018-07-23 06:59:26 ::1 POST /Service1.svc - 49474 - ::1 - - 200 0 0 13
2018-07-23 06:59:26 ::1 POST /Service1.svc - 49474 - ::1 - - 200 0 0 30
2018-07-23 06:59:26 ::1 POST /Service1.svc - 49474 - ::1 - - 200 0 0 41
2018-07-23 06:59:26 ::1 POST /Service1.svc - 49474 - ::1 - - 200 0 0 31
2018-07-23 06:59:26 ::1 POST /Service1.svc - 49474 - ::1 - - 200 0 0 13
2018-07-23 06:59:26 ::1 POST /Service1.svc - 49474 - ::1 - - 200 0 0 62
2018-07-23 06:59:26 ::1 POST /Service1.svc - 49474 - ::1 - - 200 0 0 129
2018-07-23 06:59:26 ::1 POST /Service1.svc - 49474 - ::1 - - 200 0 0 53
2018-07-23 06:59:26 ::1 POST /Service1.svc - 49474 - ::1 - - 200 0 0 66
2018-07-23 06:59:26 ::1 POST /Service1.svc - 49474 - ::1 - - 200 0 0 30
2018-07-23 06:59:26 ::1 POST /Service1.svc - 49474 - ::1 - - 200 0 0 75
2018-07-23 06:59:28 ::1 POST /Service1.svc - 49474 - ::1 - - 200 0 0 222
2018-07-23 06:59:28 ::1 POST /Service1.svc - 49474 - ::1 - - 200 0 0 57
2018-07-23 06:59:28 ::1 POST /Service1.svc - 49474 - ::1 - - 200 0 0 50
2018-07-23 06:59:28 ::1 POST /Service1.svc - 49474 - ::1 - - 200 0 0 111
2018-07-23 06:59:28 ::1 POST /Service1.svc - 49474 - ::1 - - 200 0 0 45
2018-07-23 06:59:28 ::1 POST /Service1.svc - 49474 - ::1 - - 200 0 0 46
2018-07-23 06:59:28 ::1 POST /Service1.svc - 49474 - ::1 - - 200 0 0 107
2018-07-23 06:59:28 ::1 POST /Service1.svc - 49474 - ::1 - - 200 0 0 82
2018-07-23 06:59:29 ::1 POST /Service1.svc - 49474 - ::1 - - 200 0 0 40
2018-07-23 06:59:29 ::1 POST /Service1.svc - 49474 - ::1 - - 200 0 0 54
2018-07-23 06:59:34 ::1 POST /Service1.svc - 49474 - ::1 - - 200 0 0 14
2018-07-23 06:59:34 ::1 POST /Service1.svc - 49474 - ::1 - - 200 0 0 11
2018-07-23 06:59:34 ::1 POST /Service1.svc - 49474 - ::1 - - 200 0 0 62
2018-07-23 06:59:35 ::1 POST /Service1.svc - 49474 - ::1 - - 200 0 0 14
2018-07-23 06:59:35 ::1 POST /Service1.svc - 49474 - ::1 - - 200 0 0 18
2018-07-23 06:59:35 ::1 POST /Service1.svc - 49474 - ::1 - - 200 0 0 57
2018-07-23 06:59:37 ::1 POST /Service1.svc - 49474 - ::1 - - 200 0 0 30
2018-07-23 06:59:47 ::1 POST /Service1.svc - 49474 - ::1 - - 200 0 0 61
2018-07-23 06:59:47 ::1 POST /Service1.svc - 49474 - ::1 - - 200 0 0 34
2018-07-23 07:00:29 ::1 POST /Service1.svc - 49474 - ::1 - - 200 0 0 214
2018-07-23 07:00:50 ::1 POST /Service1.svc - 49474 - ::1 - - 200 0 0 232
2018-07-23 07:02:29 ::1 POST /Service1.svc - 49474 - ::1 - - 200 0 0 175
2018-07-23 07:03:07 ::1 POST /Service1.svc - 49474 - ::1 - - 200 0 0 121
2018-07-23 07:05:41 ::1 POST /Service1.svc - 49474 - ::1 - - 200 0 0 69
2018-07-23 07:05:42 ::1 POST /Service1.svc - 49474 - ::1 - - 200 0 0 1736
2018-07-23 07:05:48 ::1 POST /Service1.svc - 49474 - ::1 - - 200 0 0 5647
2018-07-23 07:05:52 ::1 POST /Service1.svc - 49474 - ::1 - - 200 0 0 1208
2018-07-23 07:05:52 ::1 POST /Service1.svc - 49474 - ::1 - - 200 0 0 354
2018-07-23 07:05:52 ::1 POST /Service1.svc - 49474 - ::1 - - 200 0 0 49
2018-07-23 07:05:52 ::1 POST /Service1.svc - 49474 - ::1 - - 200 0 0 188
2018-07-23 07:05:52 ::1 POST /Service1.svc - 49474 - ::1 - - 200 0 0 152
2018-07-23 07:05:52 ::1 POST /Service1.svc - 49474 - ::1 - - 200 0 0 147
2018-07-23 07:05:53 ::1 POST /Service1.svc - 49474 - ::1 - - 200 0 0 151
2018-07-23 07:05:53 ::1 POST /Service1.svc - 49474 - ::1 - - 200 0 0 115
2018-07-23 07:05:53 ::1 POST /Service1.svc - 49474 - ::1 - - 200 0 0 591
2018-07-23 07:05:55 ::1 POST /Service1.svc - 49474 - ::1 - - 200 0 0 1243
2018-07-23 07:06:12 ::1 POST /Service1.svc - 49474 - ::1 - - 200 0 0 155
2018-07-23 07:06:12 ::1 POST /Service1.svc - 49474 - ::1 - - 200 0 0 171
2018-07-23 07:06:12 ::1 POST /Service1.svc - 49474 - ::1 - - 200 0 0 643
2018-07-23 07:06:15 ::1 POST /Service1.svc - 49474 - ::1 - - 200 0 0 1993
2018-07-23 07:06:15 ::1 POST /Service1.svc - 49474 - ::1 - - 200 0 0 324
2018-07-23 07:06:17 ::1 POST /Service1.svc - 49474 - ::1 - - 200 0 0 984
2018-07-23 07:06:17 ::1 POST /Service1.svc - 49474 - ::1 - - 200 0 0 853
2018-07-23 07:06:19 ::1 POST /Service1.svc - 49474 - ::1 - - 200 0 0 1235
2018-07-23 07:06:19 ::1 POST /Service1.svc - 49474 - ::1 - - 200 0 0 606
2018-07-23 07:06:21 ::1 POST /Service1.svc - 49474 - ::1 - - 200 0 0 1008
2018-07-23 07:06:21 ::1 POST /Service1.svc - 49474 - ::1 - - 200 0 0 445
2018-07-23 07:06:22 ::1 POST /Service1.svc - 49474 - ::1 - - 200 0 0 785
2018-07-23 07:06:23 ::1 POST /Service1.svc - 49474 - ::1 - - 200 0 0 1377
2018-07-23 07:06:23 ::1 POST /Service1.svc - 49474 - ::1 - - 200 0 0 934
2018-07-23 07:06:25 ::1 POST /Service1.svc - 49474 - ::1 - - 200 0 0 1061
2018-07-23 07:06:25 ::1 POST /Service1.svc - 49474 - ::1 - - 200 0 0 183
2018-07-23 07:06:25 ::1 POST /Service1.svc - 49474 - ::1 - - 200 0 0 225
2018-07-23 07:06:25 ::1 POST /Service1.svc - 49474 - ::1 - - 200 0 0 163
2018-07-23 07:06:25 ::1 POST /Service1.svc - 49474 - ::1 - - 200 0 0 323
2018-07-23 07:06:27 ::1 POST /Service1.svc - 49474 - ::1 - - 200 0 0 654
2018-07-23 07:06:27 ::1 POST /Service1.svc - 49474 - ::1 - - 200 0 0 108
2018-07-23 07:06:27 ::1 POST /Service1.svc - 49474 - ::1 - - 200 0 0 484
2018-07-23 07:06:28 ::1 POST /Service1.svc - 49474 - ::1 - - 200 0 0 717
2018-07-23 07:06:28 ::1 POST /Service1.svc - 49474 - ::1 - - 200 0 0 82
2018-07-23 07:06:28 ::1 POST /Service1.svc - 49474 - ::1 - - 200 0 0 871
2018-07-23 07:06:30 ::1 POST /Service1.svc - 49474 - ::1 - - 200 0 0 737
2018-07-23 07:06:31 ::1 POST /Service1.svc - 49474 - ::1 - - 200 0 0 1482
2018-07-23 07:07:16 ::1 POST /Service1.svc - 49474 - ::1 - - 200 0 0 680
2018-07-23 07:07:18 ::1 POST /Service1.svc - 49474 - ::1 - - 200 0 0 2295
2018-07-23 07:07:18 ::1 POST /Service1.svc - 49474 - ::1 - - 200 0 0 142
2018-07-23 07:07:18 ::1 POST /Service1.svc - 49474 - ::1 - - 200 0 0 583
2018-07-23 07:07:20 ::1 POST /Service1.svc - 49474 - ::1 - - 200 0 0 1014
2018-07-23 07:07:20 ::1 POST /Service1.svc - 49474 - ::1 - - 200 0 0 305
2018-07-23 07:07:22 ::1 POST /Service1.svc - 49474 - ::1 - - 200 0 0 1559
2018-07-23 07:07:22 ::1 POST /Service1.svc - 49474 - ::1 - - 200 0 0 573
2018-07-23 07:07:23 ::1 POST /Service1.svc - 49474 - ::1 - - 200 0 0 660
2018-07-23 07:07:23 ::1 POST /Service1.svc - 49474 - ::1 - - 200 0 0 964
#Software: Microsoft Internet Information Services 10.0
#Version: 1.0
#Date: 2018-07-23 07:30:36
#Fields: date time s-ip cs-method cs-uri-stem cs-uri-query s-port cs-username c-ip cs(User-Agent) cs(Referer) sc-status sc-substatus sc-win32-status time-taken
2018-07-23 07:30:36 ::1 POST /Service1.svc - 49474 - ::1 - - 415 0 0 7844
2018-07-23 07:30:36 ::1 POST /Service1.svc/mex - 49474 - ::1 - - 415 0 0 24
2018-07-23 07:30:41 ::1 GET /Service1.svc - 49474 - ::1 Mozilla/4.0+(compatible;+MSIE+6.0;+MS+Web+Services+Client+Protocol+4.0.30319.42000) - 200 0 0 4268
2018-07-23 07:30:41 ::1 GET /Service1.svc disco 49474 - ::1 Mozilla/4.0+(compatible;+MSIE+6.0;+MS+Web+Services+Client+Protocol+4.0.30319.42000) - 200 0 0 24
2018-07-23 07:30:41 ::1 GET /Service1.svc wsdl 49474 - ::1 Mozilla/4.0+(compatible;+MSIE+6.0;+MS+Web+Services+Client+Protocol+4.0.30319.42000) - 200 0 0 27
2018-07-23 07:30:41 ::1 GET /Service1.svc xsd=xsd0 49474 - ::1 Mozilla/4.0+(compatible;+MSIE+6.0;+MS+Web+Services+Client+Protocol+4.0.30319.42000) - 200 0 0 487
2018-07-23 07:30:41 ::1 GET /Service1.svc xsd=xsd2 49474 - ::1 Mozilla/4.0+(compatible;+MSIE+6.0;+MS+Web+Services+Client+Protocol+4.0.30319.42000) - 200 0 0 13
2018-07-23 07:30:41 ::1 GET /Service1.svc xsd=xsd3 49474 - ::1 Mozilla/4.0+(compatible;+MSIE+6.0;+MS+Web+Services+Client+Protocol+4.0.30319.42000) - 200 0 0 14
2018-07-23 07:30:41 ::1 GET /Service1.svc xsd=xsd1 49474 - ::1 Mozilla/4.0+(compatible;+MSIE+6.0;+MS+Web+Services+Client+Protocol+4.0.30319.42000) - 200 0 0 16
2018-07-23 07:31:57 ::1 GET /Service1.svc - 49474 - ::1 Mozilla/4.0+(compatible;+MSIE+6.0;+MS+Web+Services+Client+Protocol+4.0.30319.42000) - 200 0 0 31
2018-07-23 07:31:57 ::1 GET /Service1.svc/$metadata - 49474 - ::1 Mozilla/4.0+(compatible;+MSIE+6.0;+MS+Web+Services+Client+Protocol+4.0.30319.42000) - 400 0 0 72
2018-07-23 07:31:57 ::1 GET /Service1.svc disco 49474 - ::1 Mozilla/4.0+(compatible;+MSIE+6.0;+MS+Web+Services+Client+Protocol+4.0.30319.42000) - 200 0 0 5
2018-07-23 07:31:57 ::1 GET /Service1.svc wsdl 49474 - ::1 Mozilla/4.0+(compatible;+MSIE+6.0;+MS+Web+Services+Client+Protocol+4.0.30319.42000) - 200 0 0 18
2018-07-23 07:31:57 ::1 GET /Service1.svc xsd=xsd0 49474 - ::1 Mozilla/4.0+(compatible;+MSIE+6.0;+MS+Web+Services+Client+Protocol+4.0.30319.42000) - 200 0 0 24
2018-07-23 07:31:57 ::1 GET /Service1.svc xsd=xsd2 49474 - ::1 Mozilla/4.0+(compatible;+MSIE+6.0;+MS+Web+Services+Client+Protocol+4.0.30319.42000) - 200 0 0 12
2018-07-23 07:31:57 ::1 GET /Service1.svc xsd=xsd3 49474 - ::1 Mozilla/4.0+(compatible;+MSIE+6.0;+MS+Web+Services+Client+Protocol+4.0.30319.42000) - 200 0 0 13
2018-07-23 07:31:57 ::1 GET /Service1.svc xsd=xsd1 49474 - ::1 Mozilla/4.0+(compatible;+MSIE+6.0;+MS+Web+Services+Client+Protocol+4.0.30319.42000) - 200 0 0 10
2018-07-23 07:31:58 ::1 POST /Service1.svc/mex - 49474 - ::1 - - 415 0 0 15
2018-07-23 07:31:58 ::1 POST /Service1.svc - 49474 - ::1 - - 415 0 0 15
2018-07-23 07:35:20 ::1 POST /Service1.svc - 49474 - ::1 - - 200 0 0 1478
2018-07-23 07:35:20 ::1 POST /Service1.svc - 49474 - ::1 - - 200 0 0 25
2018-07-23 07:35:20 ::1 POST /Service1.svc - 49474 - ::1 - - 200 0 0 66
2018-07-23 07:35:20 ::1 POST /Service1.svc - 49474 - ::1 - - 200 0 0 167
2018-07-23 07:35:27 ::1 POST /Service1.svc - 49474 - ::1 - - 200 0 0 39
2018-07-23 07:35:27 ::1 POST /Service1.svc - 49474 - ::1 - - 200 0 0 35
2018-07-23 07:35:27 ::1 POST /Service1.svc - 49474 - ::1 - - 200 0 0 71
2018-07-23 07:35:27 ::1 POST /Service1.svc - 49474 - ::1 - - 200 0 0 72
2018-07-23 07:35:29 ::1 POST /Service1.svc - 49474 - ::1 - - 200 0 0 13
2018-07-23 07:35:29 ::1 POST /Service1.svc - 49474 - ::1 - - 200 0 0 22
2018-07-23 07:35:29 ::1 POST /Service1.svc - 49474 - ::1 - - 200 0 0 23
2018-07-23 07:35:29 ::1 POST /Service1.svc - 49474 - ::1 - - 200 0 0 64
2018-07-23 07:35:29 ::1 POST /Service1.svc - 49474 - ::1 - - 200 0 0 54
2018-07-23 07:35:29 ::1 POST /Service1.svc - 49474 - ::1 - - 200 0 0 49
2018-07-23 07:35:29 ::1 POST /Service1.svc - 49474 - ::1 - - 200 0 0 29
2018-07-23 07:35:29 ::1 POST /Service1.svc - 49474 - ::1 - - 200 0 0 70
2018-07-23 07:35:29 ::1 POST /Service1.svc - 49474 - ::1 - - 200 0 0 169
2018-07-23 07:35:29 ::1 POST /Service1.svc - 49474 - ::1 - - 200 0 0 118
2018-07-23 07:35:29 ::1 POST /Service1.svc - 49474 - ::1 - - 200 0 0 99
2018-07-23 07:35:29 ::1 POST /Service1.svc - 49474 - ::1 - - 200 0 0 61
2018-07-23 07:35:29 ::1 POST /Service1.svc - 49474 - ::1 - - 200 0 0 40
2018-07-23 07:35:35 ::1 POST /Service1.svc - 49474 - ::1 - - 200 0 0 209
2018-07-23 07:35:35 ::1 POST /Service1.svc - 49474 - ::1 - - 200 0 0 106
2018-07-23 07:35:35 ::1 POST /Service1.svc - 49474 - ::1 - - 200 0 0 106
2018-07-23 07:35:35 ::1 POST /Service1.svc - 49474 - ::1 - - 200 0 0 182
2018-07-23 07:35:35 ::1 POST /Service1.svc - 49474 - ::1 - - 200 0 0 40
2018-07-23 07:35:36 ::1 POST /Service1.svc - 49474 - ::1 - - 200 0 0 93
2018-07-23 07:35:36 ::1 POST /Service1.svc - 49474 - ::1 - - 200 0 0 170
2018-07-23 07:35:36 ::1 POST /Service1.svc - 49474 - ::1 - - 200 0 0 76
2018-07-23 07:35:36 ::1 POST /Service1.svc - 49474 - ::1 - - 200 0 0 152
2018-07-23 07:35:36 ::1 POST /Service1.svc - 49474 - ::1 - - 200 0 0 41
2018-07-23 07:35:39 ::1 POST /Service1.svc - 49474 - ::1 - - 200 0 0 43
2018-07-23 07:35:39 ::1 POST /Service1.svc - 49474 - ::1 - - 200 0 0 29
2018-07-23 07:35:39 ::1 POST /Service1.svc - 49474 - ::1 - - 200 0 0 70
2018-07-23 07:35:40 ::1 POST /Service1.svc - 49474 - ::1 - - 200 0 0 22
2018-07-23 07:35:40 ::1 POST /Service1.svc - 49474 - ::1 - - 200 0 0 81
2018-07-23 07:35:40 ::1 POST /Service1.svc - 49474 - ::1 - - 200 0 0 101
2018-07-23 07:35:42 ::1 POST /Service1.svc - 49474 - ::1 - - 200 0 0 45
2018-07-23 07:35:53 ::1 POST /Service1.svc - 49474 - ::1 - - 200 0 0 61
2018-07-23 07:35:53 ::1 POST /Service1.svc - 49474 - ::1 - - 200 0 0 65
2018-07-23 07:36:22 ::1 POST /Service1.svc - 49474 - ::1 - - 200 0 0 68
2018-07-23 07:36:22 ::1 POST /Service1.svc - 49474 - ::1 - - 200 0 0 216
2018-07-23 07:36:22 ::1 POST /Service1.svc - 49474 - ::1 - - 200 0 0 724
2018-07-23 07:36:26 ::1 POST /Service1.svc - 49474 - ::1 - - 200 0 0 181
2018-07-23 07:36:26 ::1 POST /Service1.svc - 49474 - ::1 - - 200 0 0 39
2018-07-23 07:36:26 ::1 POST /Service1.svc - 49474 - ::1 - - 200 0 0 87
2018-07-23 07:36:26 ::1 POST /Service1.svc - 49474 - ::1 - - 200 0 0 139
2018-07-23 07:36:26 ::1 POST /Service1.svc - 49474 - ::1 - - 200 0 0 225
2018-07-23 07:36:26 ::1 POST /Service1.svc - 49474 - ::1 - - 200 0 0 295
2018-07-23 07:36:27 ::1 POST /Service1.svc - 49474 - ::1 - - 200 0 0 250
2018-07-23 07:36:27 ::1 POST /Service1.svc - 49474 - ::1 - - 200 0 0 131
#Software: Microsoft Internet Information Services 10.0
#Version: 1.0
#Date: 2018-07-23 07:56:28
#Fields: date time s-ip cs-method cs-uri-stem cs-uri-query s-port cs-username c-ip cs(User-Agent) cs(Referer) sc-status sc-substatus sc-win32-status time-taken
2018-07-23 07:56:28 ::1 POST /Service1.svc - 49474 - ::1 - - 415 0 0 4958
2018-07-23 07:56:28 ::1 POST /Service1.svc/mex - 49474 - ::1 - - 415 0 0 151
2018-07-23 07:56:32 ::1 GET /Service1.svc - 49474 - ::1 Mozilla/4.0+(compatible;+MSIE+6.0;+MS+Web+Services+Client+Protocol+4.0.30319.42000) - 200 0 0 4156
2018-07-23 07:56:32 ::1 GET /Service1.svc disco 49474 - ::1 Mozilla/4.0+(compatible;+MSIE+6.0;+MS+Web+Services+Client+Protocol+4.0.30319.42000) - 200 0 0 6
2018-07-23 07:56:32 ::1 GET /Service1.svc wsdl 49474 - ::1 Mozilla/4.0+(compatible;+MSIE+6.0;+MS+Web+Services+Client+Protocol+4.0.30319.42000) - 200 0 0 24
2018-07-23 07:56:32 ::1 GET /Service1.svc xsd=xsd0 49474 - ::1 Mozilla/4.0+(compatible;+MSIE+6.0;+MS+Web+Services+Client+Protocol+4.0.30319.42000) - 200 0 0 422
2018-07-23 07:56:32 ::1 GET /Service1.svc xsd=xsd2 49474 - ::1 Mozilla/4.0+(compatible;+MSIE+6.0;+MS+Web+Services+Client+Protocol+4.0.30319.42000) - 200 0 0 11
2018-07-23 07:56:32 ::1 GET /Service1.svc xsd=xsd3 49474 - ::1 Mozilla/4.0+(compatible;+MSIE+6.0;+MS+Web+Services+Client+Protocol+4.0.30319.42000) - 200 0 0 15
2018-07-23 07:56:32 ::1 GET /Service1.svc xsd=xsd1 49474 - ::1 Mozilla/4.0+(compatible;+MSIE+6.0;+MS+Web+Services+Client+Protocol+4.0.30319.42000) - 200 0 0 19
2018-07-23 07:56:56 ::1 GET /Service1.svc/$metadata - 49474 - ::1 Mozilla/4.0+(compatible;+MSIE+6.0;+MS+Web+Services+Client+Protocol+4.0.30319.42000) - 400 0 0 59
2018-07-23 07:56:56 ::1 GET /Service1.svc - 49474 - ::1 Mozilla/4.0+(compatible;+MSIE+6.0;+MS+Web+Services+Client+Protocol+4.0.30319.42000) - 200 0 0 59
2018-07-23 07:56:56 ::1 GET /Service1.svc disco 49474 - ::1 Mozilla/4.0+(compatible;+MSIE+6.0;+MS+Web+Services+Client+Protocol+4.0.30319.42000) - 200 0 0 174
2018-07-23 07:56:56 ::1 POST /Service1.svc - 49474 - ::1 - - 415 0 0 148
2018-07-23 07:56:56 ::1 POST /Service1.svc/mex - 49474 - ::1 - - 415 0 0 247
2018-07-23 07:56:56 ::1 GET /Service1.svc wsdl 49474 - ::1 Mozilla/4.0+(compatible;+MSIE+6.0;+MS+Web+Services+Client+Protocol+4.0.30319.42000) - 200 0 0 167
2018-07-23 07:56:56 ::1 GET /Service1.svc xsd=xsd0 49474 - ::1 Mozilla/4.0+(compatible;+MSIE+6.0;+MS+Web+Services+Client+Protocol+4.0.30319.42000) - 200 0 0 15
2018-07-23 07:56:56 ::1 GET /Service1.svc xsd=xsd2 49474 - ::1 Mozilla/4.0+(compatible;+MSIE+6.0;+MS+Web+Services+Client+Protocol+4.0.30319.42000) - 200 0 0 38
2018-07-23 07:56:56 ::1 GET /Service1.svc xsd=xsd3 49474 - ::1 Mozilla/4.0+(compatible;+MSIE+6.0;+MS+Web+Services+Client+Protocol+4.0.30319.42000) - 200 0 0 15
2018-07-23 07:56:56 ::1 GET /Service1.svc xsd=xsd1 49474 - ::1 Mozilla/4.0+(compatible;+MSIE+6.0;+MS+Web+Services+Client+Protocol+4.0.30319.42000) - 200 0 0 33
2018-07-23 07:58:26 ::1 GET /Service1.svc/$metadata - 49474 - ::1 Mozilla/4.0+(compatible;+MSIE+6.0;+MS+Web+Services+Client+Protocol+4.0.30319.42000) - 400 0 0 70
2018-07-23 07:58:26 ::1 GET /Service1.svc - 49474 - ::1 Mozilla/4.0+(compatible;+MSIE+6.0;+MS+Web+Services+Client+Protocol+4.0.30319.42000) - 200 0 0 72
2018-07-23 07:58:26 ::1 POST /Service1.svc/mex - 49474 - ::1 - - 415 0 0 50
2018-07-23 07:58:26 ::1 GET /Service1.svc disco 49474 - ::1 Mozilla/4.0+(compatible;+MSIE+6.0;+MS+Web+Services+Client+Protocol+4.0.30319.42000) - 200 0 0 38
2018-07-23 07:58:26 ::1 POST /Service1.svc - 49474 - ::1 - - 415 0 0 64
2018-07-23 07:58:26 ::1 GET /Service1.svc wsdl 49474 - ::1 Mozilla/4.0+(compatible;+MSIE+6.0;+MS+Web+Services+Client+Protocol+4.0.30319.42000) - 200 0 0 18
2018-07-23 07:58:26 ::1 GET /Service1.svc xsd=xsd0 49474 - ::1 Mozilla/4.0+(compatible;+MSIE+6.0;+MS+Web+Services+Client+Protocol+4.0.30319.42000) - 200 0 0 21
2018-07-23 07:58:26 ::1 GET /Service1.svc xsd=xsd2 49474 - ::1 Mozilla/4.0+(compatible;+MSIE+6.0;+MS+Web+Services+Client+Protocol+4.0.30319.42000) - 200 0 0 43
2018-07-23 07:58:26 ::1 GET /Service1.svc xsd=xsd3 49474 - ::1 Mozilla/4.0+(compatible;+MSIE+6.0;+MS+Web+Services+Client+Protocol+4.0.30319.42000) - 200 0 0 11
2018-07-23 07:58:26 ::1 GET /Service1.svc xsd=xsd1 49474 - ::1 Mozilla/4.0+(compatible;+MSIE+6.0;+MS+Web+Services+Client+Protocol+4.0.30319.42000) - 200 0 0 18
2018-07-23 08:01:39 ::1 POST /Service1.svc - 49474 - ::1 - - 200 0 0 1010
2018-07-23 08:01:39 ::1 POST /Service1.svc - 49474 - ::1 - - 200 0 0 99
2018-07-23 08:01:39 ::1 POST /Service1.svc - 49474 - ::1 - - 200 0 0 68
2018-07-23 08:01:39 ::1 POST /Service1.svc - 49474 - ::1 - - 200 0 0 92
2018-07-23 08:01:45 ::1 POST /Service1.svc - 49474 - ::1 - - 200 0 0 28
2018-07-23 08:01:45 ::1 POST /Service1.svc - 49474 - ::1 - - 200 0 0 32
2018-07-23 08:01:45 ::1 POST /Service1.svc - 49474 - ::1 - - 200 0 0 33
2018-07-23 08:01:45 ::1 POST /Service1.svc - 49474 - ::1 - - 200 0 0 45
2018-07-23 08:01:47 ::1 POST /Service1.svc - 49474 - ::1 - - 200 0 0 10
2018-07-23 08:01:47 ::1 POST /Service1.svc - 49474 - ::1 - - 200 0 0 17
2018-07-23 08:01:47 ::1 POST /Service1.svc - 49474 - ::1 - - 200 0 0 13
2018-07-23 08:01:47 ::1 POST /Service1.svc - 49474 - ::1 - - 200 0 0 25
2018-07-23 08:01:47 ::1 POST /Service1.svc - 49474 - ::1 - - 200 0 0 42
2018-07-23 08:01:47 ::1 POST /Service1.svc - 49474 - ::1 - - 200 0 0 94
2018-07-23 08:01:47 ::1 POST /Service1.svc - 49474 - ::1 - - 200 0 0 25
2018-07-23 08:01:47 ::1 POST /Service1.svc - 49474 - ::1 - - 200 0 0 16
2018-07-23 08:01:47 ::1 POST /Service1.svc - 49474 - ::1 - - 200 0 0 130
2018-07-23 08:01:47 ::1 POST /Service1.svc - 49474 - ::1 - - 200 0 0 81
2018-07-23 08:01:47 ::1 POST /Service1.svc - 49474 - ::1 - - 200 0 0 71
2018-07-23 08:01:47 ::1 POST /Service1.svc - 49474 - ::1 - - 200 0 0 71
2018-07-23 08:01:47 ::1 POST /Service1.svc - 49474 - ::1 - - 200 0 0 78
2018-07-23 08:01:51 ::1 POST /Service1.svc - 49474 - ::1 - - 200 0 0 196
2018-07-23 08:01:51 ::1 POST /Service1.svc - 49474 - ::1 - - 200 0 0 13
2018-07-23 08:01:51 ::1 POST /Service1.svc - 49474 - ::1 - - 200 0 0 40
2018-07-23 08:01:51 ::1 POST /Service1.svc - 49474 - ::1 - - 200 0 0 127
2018-07-23 08:01:51 ::1 POST /Service1.svc - 49474 - ::1 - - 200 0 0 51
2018-07-23 08:01:51 ::1 POST /Service1.svc - 49474 - ::1 - - 200 0 0 47
2018-07-23 08:01:51 ::1 POST /Service1.svc - 49474 - ::1 - - 200 0 0 38
2018-07-23 08:01:51 ::1 POST /Service1.svc - 49474 - ::1 - - 200 0 0 45
2018-07-23 08:01:51 ::1 POST /Service1.svc - 49474 - ::1 - - 200 0 0 25
2018-07-23 08:01:51 ::1 POST /Service1.svc - 49474 - ::1 - - 200 0 0 39
2018-07-23 08:01:55 ::1 POST /Service1.svc - 49474 - ::1 - - 200 0 0 14
2018-07-23 08:01:55 ::1 POST /Service1.svc - 49474 - ::1 - - 200 0 0 29
2018-07-23 08:01:55 ::1 POST /Service1.svc - 49474 - ::1 - - 200 0 0 48
2018-07-23 08:01:56 ::1 POST /Service1.svc - 49474 - ::1 - - 200 0 0 13
2018-07-23 08:01:56 ::1 POST /Service1.svc - 49474 - ::1 - - 200 0 0 79
2018-07-23 08:01:56 ::1 POST /Service1.svc - 49474 - ::1 - - 200 0 0 60
2018-07-23 08:01:58 ::1 POST /Service1.svc - 49474 - ::1 - - 200 0 0 25
2018-07-23 08:03:00 ::1 POST /Service1.svc - 49474 - ::1 - - 200 0 0 65
2018-07-23 08:03:00 ::1 POST /Service1.svc - 49474 - ::1 - - 200 0 0 54
2018-07-23 08:03:39 ::1 POST /Service1.svc - 49474 - ::1 - - 200 0 0 22
2018-07-23 08:03:39 ::1 POST /Service1.svc - 49474 - ::1 - - 200 0 0 45
2018-07-23 08:03:39 ::1 POST /Service1.svc - 49474 - ::1 - - 200 0 0 22
2018-07-23 08:03:39 ::1 POST /Service1.svc - 49474 - ::1 - - 200 0 0 46
2018-07-23 08:03:54 ::1 POST /Service1.svc - 49474 - ::1 - - 200 0 0 64
2018-07-23 08:03:54 ::1 POST /Service1.svc - 49474 - ::1 - - 200 0 0 88
2018-07-23 08:04:09 ::1 POST /Service1.svc - 49474 - ::1 - - 200 0 0 195
2018-07-23 08:04:20 ::1 POST /Service1.svc - 49474 - ::1 - - 200 0 0 83
2018-07-23 08:05:30 ::1 POST /Service1.svc - 49474 - ::1 - - 200 0 0 1279
2018-07-23 08:05:58 ::1 POST /Service1.svc - 49474 - ::1 - - 200 0 0 1066
2018-07-23 08:08:17 ::1 POST /Service1.svc - 49474 - ::1 - - 200 0 0 1040
2018-07-23 08:08:26 ::1 POST /Service1.svc - 49474 - ::1 - - 200 0 0 83
#Software: Microsoft Internet Information Services 10.0
#Version: 1.0
#Date: 2018-07-23 09:08:20
#Fields: date time s-ip cs-method cs-uri-stem cs-uri-query s-port cs-username c-ip cs(User-Agent) cs(Referer) sc-status sc-substatus sc-win32-status time-taken
2018-07-23 09:08:20 ::1 POST /Service1.svc - 49474 - ::1 - - 200 0 64 3567334
#Software: Microsoft Internet Information Services 10.0
#Version: 1.0
#Date: 2018-07-23 09:52:22
#Fields: date time s-ip cs-method cs-uri-stem cs-uri-query s-port cs-username c-ip cs(User-Agent) cs(Referer) sc-status sc-substatus sc-win32-status time-taken
2018-07-23 09:52:22 ::1 POST /Service1.svc - 49474 - ::1 - - 200 0 0 221
2018-07-23 09:52:22 ::1 POST /Service1.svc - 49474 - ::1 - - 200 0 0 78
2018-07-23 09:52:22 ::1 POST /Service1.svc - 49474 - ::1 - - 200 0 0 22
2018-07-23 09:52:22 ::1 POST /Service1.svc - 49474 - ::1 - - 200 0 0 144
2018-07-23 09:52:28 ::1 POST /Service1.svc - 49474 - ::1 - - 200 0 0 18
2018-07-23 09:52:28 ::1 POST /Service1.svc - 49474 - ::1 - - 200 0 0 19
2018-07-23 09:52:28 ::1 POST /Service1.svc - 49474 - ::1 - - 200 0 0 92
2018-07-23 09:52:28 ::1 POST /Service1.svc - 49474 - ::1 - - 200 0 0 58
2018-07-23 09:52:30 ::1 POST /Service1.svc - 49474 - ::1 - - 200 0 0 88
2018-07-23 09:52:30 ::1 POST /Service1.svc - 49474 - ::1 - - 200 0 0 46
2018-07-23 09:52:30 ::1 POST /Service1.svc - 49474 - ::1 - - 200 0 0 34
2018-07-23 09:52:30 ::1 POST /Service1.svc - 49474 - ::1 - - 200 0 0 90
2018-07-23 09:52:30 ::1 POST /Service1.svc - 49474 - ::1 - - 200 0 0 54
2018-07-23 09:52:30 ::1 POST /Service1.svc - 49474 - ::1 - - 200 0 0 27
2018-07-23 09:52:30 ::1 POST /Service1.svc - 49474 - ::1 - - 200 0 0 24
2018-07-23 09:52:30 ::1 POST /Service1.svc - 49474 - ::1 - - 200 0 0 33
2018-07-23 09:52:30 ::1 POST /Service1.svc - 49474 - ::1 - - 200 0 0 97
2018-07-23 09:52:30 ::1 POST /Service1.svc - 49474 - ::1 - - 200 0 0 43
2018-07-23 09:52:30 ::1 POST /Service1.svc - 49474 - ::1 - - 200 0 0 19
2018-07-23 09:52:30 ::1 POST /Service1.svc - 49474 - ::1 - - 200 0 0 58
2018-07-23 09:52:30 ::1 POST /Service1.svc - 49474 - ::1 - - 200 0 0 46
2018-07-23 09:52:42 ::1 POST /Service1.svc - 49474 - ::1 - - 200 0 0 32
2018-07-23 09:52:42 ::1 POST /Service1.svc - 49474 - ::1 - - 200 0 0 14
2018-07-23 09:52:42 ::1 POST /Service1.svc - 49474 - ::1 - - 200 0 0 25
2018-07-23 09:52:42 ::1 POST /Service1.svc - 49474 - ::1 - - 200 0 0 47
2018-07-23 09:52:42 ::1 POST /Service1.svc - 49474 - ::1 - - 200 0 0 48
2018-07-23 09:52:42 ::1 POST /Service1.svc - 49474 - ::1 - - 200 0 0 55
2018-07-23 09:52:42 ::1 POST /Service1.svc - 49474 - ::1 - - 200 0 0 67
2018-07-23 09:52:42 ::1 POST /Service1.svc - 49474 - ::1 - - 200 0 0 141
2018-07-23 09:52:42 ::1 POST /Service1.svc - 49474 - ::1 - - 200 0 0 55
2018-07-23 09:52:42 ::1 POST /Service1.svc - 49474 - ::1 - - 200 0 0 29
2018-07-23 09:52:46 ::1 POST /Service1.svc - 49474 - ::1 - - 200 0 0 30
2018-07-23 09:52:46 ::1 POST /Service1.svc - 49474 - ::1 - - 200 0 0 28
2018-07-23 09:52:46 ::1 POST /Service1.svc - 49474 - ::1 - - 200 0 0 24
2018-07-23 09:52:47 ::1 POST /Service1.svc - 49474 - ::1 - - 200 0 0 14
2018-07-23 09:52:47 ::1 POST /Service1.svc - 49474 - ::1 - - 200 0 0 37
2018-07-23 09:52:47 ::1 POST /Service1.svc - 49474 - ::1 - - 200 0 0 49
2018-07-23 09:52:49 ::1 POST /Service1.svc - 49474 - ::1 - - 200 0 0 18
2018-07-23 09:53:00 ::1 POST /Service1.svc - 49474 - ::1 - - 200 0 0 99
2018-07-23 09:53:00 ::1 POST /Service1.svc - 49474 - ::1 - - 200 0 0 39
2018-07-23 09:53:53 ::1 POST /Service1.svc - 49474 - ::1 - - 200 0 0 152
2018-07-23 09:54:21 ::1 POST /Service1.svc - 49474 - ::1 - - 200 0 0 192
2018-07-23 10:02:43 ::1 POST /Service1.svc - 49474 - ::1 - - 200 0 64 432603
2018-07-23 10:05:31 ::1 POST /Service1.svc - 49474 - ::1 - - 200 0 0 132
2018-07-23 10:05:31 ::1 POST /Service1.svc - 49474 - ::1 - - 200 0 0 73
2018-07-23 10:05:34 ::1 POST /Service1.svc - 49474 - ::1 - - 200 0 0 3453
2018-07-23 10:05:38 ::1 POST /Service1.svc - 49474 - ::1 - - 200 0 0 145
2018-07-23 10:05:38 ::1 POST /Service1.svc - 49474 - ::1 - - 200 0 0 88
2018-07-23 10:05:38 ::1 POST /Service1.svc - 49474 - ::1 - - 200 0 0 58
2018-07-23 10:05:38 ::1 POST /Service1.svc - 49474 - ::1 - - 200 0 0 27
2018-07-23 10:05:38 ::1 POST /Service1.svc - 49474 - ::1 - - 200 0 0 44
2018-07-23 10:05:38 ::1 POST /Service1.svc - 49474 - ::1 - - 200 0 0 47
2018-07-23 10:05:38 ::1 POST /Service1.svc - 49474 - ::1 - - 200 0 0 38
2018-07-23 10:05:38 ::1 POST /Service1.svc - 49474 - ::1 - - 200 0 0 31
#Software: Microsoft Internet Information Services 10.0
#Version: 1.0
#Date: 2018-07-23 10:48:04
#Fields: date time s-ip cs-method cs-uri-stem cs-uri-query s-port cs-username c-ip cs(User-Agent) cs(Referer) sc-status sc-substatus sc-win32-status time-taken
2018-07-23 10:48:04 ::1 POST /Service1.svc - 49474 - ::1 - - 415 0 0 9559
2018-07-23 10:48:04 ::1 POST /Service1.svc/mex - 49474 - ::1 - - 415 0 0 11
2018-07-23 10:48:08 ::1 GET /Service1.svc - 49474 - ::1 Mozilla/4.0+(compatible;+MSIE+6.0;+MS+Web+Services+Client+Protocol+4.0.30319.42000) - 200 0 0 4477
2018-07-23 10:48:08 ::1 GET /Service1.svc disco 49474 - ::1 Mozilla/4.0+(compatible;+MSIE+6.0;+MS+Web+Services+Client+Protocol+4.0.30319.42000) - 200 0 0 4
2018-07-23 10:48:08 ::1 GET /Service1.svc wsdl 49474 - ::1 Mozilla/4.0+(compatible;+MSIE+6.0;+MS+Web+Services+Client+Protocol+4.0.30319.42000) - 200 0 0 42
2018-07-23 10:48:08 ::1 GET /Service1.svc xsd=xsd0 49474 - ::1 Mozilla/4.0+(compatible;+MSIE+6.0;+MS+Web+Services+Client+Protocol+4.0.30319.42000) - 200 0 0 469
2018-07-23 10:48:08 ::1 GET /Service1.svc xsd=xsd2 49474 - ::1 Mozilla/4.0+(compatible;+MSIE+6.0;+MS+Web+Services+Client+Protocol+4.0.30319.42000) - 200 0 0 13
2018-07-23 10:48:08 ::1 GET /Service1.svc xsd=xsd3 49474 - ::1 Mozilla/4.0+(compatible;+MSIE+6.0;+MS+Web+Services+Client+Protocol+4.0.30319.42000) - 200 0 0 53
2018-07-23 10:48:08 ::1 GET /Service1.svc xsd=xsd1 49474 - ::1 Mozilla/4.0+(compatible;+MSIE+6.0;+MS+Web+Services+Client+Protocol+4.0.30319.42000) - 200 0 0 51
2018-07-23 10:48:28 ::1 GET /Service1.svc - 49474 - ::1 Mozilla/4.0+(compatible;+MSIE+6.0;+MS+Web+Services+Client+Protocol+4.0.30319.42000) - 200 0 0 7
2018-07-23 10:48:28 ::1 GET /Service1.svc/$metadata - 49474 - ::1 Mozilla/4.0+(compatible;+MSIE+6.0;+MS+Web+Services+Client+Protocol+4.0.30319.42000) - 400 0 0 64
2018-07-23 10:48:28 ::1 GET /Service1.svc disco 49474 - ::1 Mozilla/4.0+(compatible;+MSIE+6.0;+MS+Web+Services+Client+Protocol+4.0.30319.42000) - 200 0 0 41
2018-07-23 10:48:28 ::1 GET /Service1.svc wsdl 49474 - ::1 Mozilla/4.0+(compatible;+MSIE+6.0;+MS+Web+Services+Client+Protocol+4.0.30319.42000) - 200 0 0 15
2018-07-23 10:48:28 ::1 GET /Service1.svc xsd=xsd0 49474 - ::1 Mozilla/4.0+(compatible;+MSIE+6.0;+MS+Web+Services+Client+Protocol+4.0.30319.42000) - 200 0 0 9
2018-07-23 10:48:28 ::1 GET /Service1.svc xsd=xsd2 49474 - ::1 Mozilla/4.0+(compatible;+MSIE+6.0;+MS+Web+Services+Client+Protocol+4.0.30319.42000) - 200 0 0 13
2018-07-23 10:48:28 ::1 GET /Service1.svc xsd=xsd3 49474 - ::1 Mozilla/4.0+(compatible;+MSIE+6.0;+MS+Web+Services+Client+Protocol+4.0.30319.42000) - 200 0 0 21
2018-07-23 10:48:28 ::1 GET /Service1.svc xsd=xsd1 49474 - ::1 Mozilla/4.0+(compatible;+MSIE+6.0;+MS+Web+Services+Client+Protocol+4.0.30319.42000) - 200 0 0 22
2018-07-23 10:48:28 ::1 POST /Service1.svc - 49474 - ::1 - - 415 0 0 20
2018-07-23 10:48:28 ::1 POST /Service1.svc/mex - 49474 - ::1 - - 415 0 0 34
2018-07-23 10:49:03 ::1 GET /Service1.svc/$metadata - 49474 - ::1 Mozilla/4.0+(compatible;+MSIE+6.0;+MS+Web+Services+Client+Protocol+4.0.30319.42000) - 400 0 0 105
2018-07-23 10:49:03 ::1 GET /Service1.svc - 49474 - ::1 Mozilla/4.0+(compatible;+MSIE+6.0;+MS+Web+Services+Client+Protocol+4.0.30319.42000) - 200 0 0 130
2018-07-23 10:49:03 ::1 POST /Service1.svc/mex - 49474 - ::1 - - 415 0 0 115
2018-07-23 10:49:03 ::1 POST /Service1.svc - 49474 - ::1 - - 415 0 0 146
2018-07-23 10:49:03 ::1 GET /Service1.svc disco 49474 - ::1 Mozilla/4.0+(compatible;+MSIE+6.0;+MS+Web+Services+Client+Protocol+4.0.30319.42000) - 200 0 0 56
2018-07-23 10:49:03 ::1 GET /Service1.svc wsdl 49474 - ::1 Mozilla/4.0+(compatible;+MSIE+6.0;+MS+Web+Services+Client+Protocol+4.0.30319.42000) - 200 0 0 12
2018-07-23 10:49:03 ::1 GET /Service1.svc xsd=xsd0 49474 - ::1 Mozilla/4.0+(compatible;+MSIE+6.0;+MS+Web+Services+Client+Protocol+4.0.30319.42000) - 200 0 0 8
2018-07-23 10:49:03 ::1 GET /Service1.svc xsd=xsd2 49474 - ::1 Mozilla/4.0+(compatible;+MSIE+6.0;+MS+Web+Services+Client+Protocol+4.0.30319.42000) - 200 0 0 21
2018-07-23 10:49:03 ::1 GET /Service1.svc xsd=xsd3 49474 - ::1 Mozilla/4.0+(compatible;+MSIE+6.0;+MS+Web+Services+Client+Protocol+4.0.30319.42000) - 200 0 0 21
2018-07-23 10:49:03 ::1 GET /Service1.svc xsd=xsd1 49474 - ::1 Mozilla/4.0+(compatible;+MSIE+6.0;+MS+Web+Services+Client+Protocol+4.0.30319.42000) - 200 0 0 8
2018-07-23 10:50:47 ::1 POST /Service1.svc - 49474 - ::1 - - 200 0 0 1772
2018-07-23 10:50:47 ::1 POST /Service1.svc - 49474 - ::1 - - 200 0 0 258
2018-07-23 10:50:47 ::1 POST /Service1.svc - 49474 - ::1 - - 200 0 0 465
2018-07-23 10:50:48 ::1 POST /Service1.svc - 49474 - ::1 - - 200 0 0 87
2018-07-23 10:50:53 ::1 POST /Service1.svc - 49474 - ::1 - - 200 0 0 34
2018-07-23 10:50:53 ::1 POST /Service1.svc - 49474 - ::1 - - 200 0 0 110
2018-07-23 10:50:53 ::1 POST /Service1.svc - 49474 - ::1 - - 200 0 0 59
2018-07-23 10:50:53 ::1 POST /Service1.svc - 49474 - ::1 - - 200 0 0 37
2018-07-23 10:50:53 ::1 POST /Service1.svc - 49474 - ::1 - - 200 0 0 48
2018-07-23 10:50:54 ::1 POST /Service1.svc - 49474 - ::1 - - 200 0 0 706
2018-07-23 10:50:54 ::1 POST /Service1.svc - 49474 - ::1 - - 200 0 0 22
2018-07-23 10:50:54 ::1 POST /Service1.svc - 49474 - ::1 - - 200 0 0 50
2018-07-23 10:50:54 ::1 POST /Service1.svc - 49474 - ::1 - - 200 0 0 135
2018-07-23 10:50:54 ::1 POST /Service1.svc - 49474 - ::1 - - 200 0 0 127
2018-07-23 10:50:54 ::1 POST /Service1.svc - 49474 - ::1 - - 200 0 0 217
2018-07-23 10:50:56 ::1 POST /Service1.svc - 49474 - ::1 - - 200 0 0 565
2018-07-23 10:51:07 ::1 POST /Service1.svc - 49474 - ::1 - - 500 0 0 11028
2018-07-23 10:51:09 ::1 POST /Service1.svc - 49474 - ::1 - - 200 0 0 193
2018-07-23 10:51:09 ::1 POST /Service1.svc - 49474 - ::1 - - 200 0 0 204
2018-07-23 10:51:09 ::1 POST /Service1.svc - 49474 - ::1 - - 200 0 0 503
2018-07-23 10:51:09 ::1 POST /Service1.svc - 49474 - ::1 - - 200 0 0 275
2018-07-23 10:51:12 ::1 POST /Service1.svc - 49474 - ::1 - - 200 0 0 1063
2018-07-23 10:51:12 ::1 POST /Service1.svc - 49474 - ::1 - - 200 0 0 329
2018-07-23 10:51:12 ::1 POST /Service1.svc - 49474 - ::1 - - 200 0 0 275
2018-07-23 10:51:13 ::1 POST /Service1.svc - 49474 - ::1 - - 200 0 0 773
2018-07-23 10:51:13 ::1 POST /Service1.svc - 49474 - ::1 - - 200 0 0 729
2018-07-23 10:51:13 ::1 POST /Service1.svc - 49474 - ::1 - - 200 0 0 30
2018-07-23 10:51:13 ::1 POST /Service1.svc - 49474 - ::1 - - 200 0 0 170
2018-07-23 10:51:13 ::1 POST /Service1.svc - 49474 - ::1 - - 200 0 0 48
#Software: Microsoft Internet Information Services 10.0
#Version: 1.0
#Date: 2018-07-23 11:15:46
#Fields: date time s-ip cs-method cs-uri-stem cs-uri-query s-port cs-username c-ip cs(User-Agent) cs(Referer) sc-status sc-substatus sc-win32-status time-taken
2018-07-23 11:15:46 ::1 POST /Service1.svc - 49474 - ::1 - - 415 0 0 3589
2018-07-23 11:15:46 ::1 POST /Service1.svc/mex - 49474 - ::1 - - 415 0 0 49
2018-07-23 11:15:50 ::1 GET /Service1.svc - 49474 - ::1 Mozilla/4.0+(compatible;+MSIE+6.0;+MS+Web+Services+Client+Protocol+4.0.30319.42000) - 200 0 0 3760
2018-07-23 11:15:50 ::1 GET /Service1.svc disco 49474 - ::1 Mozilla/4.0+(compatible;+MSIE+6.0;+MS+Web+Services+Client+Protocol+4.0.30319.42000) - 200 0 0 36
2018-07-23 11:15:50 ::1 GET /Service1.svc wsdl 49474 - ::1 Mozilla/4.0+(compatible;+MSIE+6.0;+MS+Web+Services+Client+Protocol+4.0.30319.42000) - 200 0 0 27
2018-07-23 11:15:50 ::1 GET /Service1.svc xsd=xsd0 49474 - ::1 Mozilla/4.0+(compatible;+MSIE+6.0;+MS+Web+Services+Client+Protocol+4.0.30319.42000) - 200 0 0 449
2018-07-23 11:15:50 ::1 GET /Service1.svc xsd=xsd2 49474 - ::1 Mozilla/4.0+(compatible;+MSIE+6.0;+MS+Web+Services+Client+Protocol+4.0.30319.42000) - 200 0 0 12
2018-07-23 11:15:50 ::1 GET /Service1.svc xsd=xsd3 49474 - ::1 Mozilla/4.0+(compatible;+MSIE+6.0;+MS+Web+Services+Client+Protocol+4.0.30319.42000) - 200 0 0 14
2018-07-23 11:15:50 ::1 GET /Service1.svc xsd=xsd1 49474 - ::1 Mozilla/4.0+(compatible;+MSIE+6.0;+MS+Web+Services+Client+Protocol+4.0.30319.42000) - 200 0 0 33
2018-07-23 11:16:54 ::1 POST /Service1.svc - 49474 - ::1 - - 200 0 0 461
2018-07-23 11:16:54 ::1 POST /Service1.svc - 49474 - ::1 - - 200 0 0 31
2018-07-23 11:16:54 ::1 POST /Service1.svc - 49474 - ::1 - - 200 0 0 36
2018-07-23 11:16:54 ::1 POST /Service1.svc - 49474 - ::1 - - 200 0 0 107
2018-07-23 11:16:58 ::1 POST /Service1.svc - 49474 - ::1 - - 200 0 0 23
2018-07-23 11:16:58 ::1 POST /Service1.svc - 49474 - ::1 - - 200 0 0 26
2018-07-23 11:16:58 ::1 POST /Service1.svc - 49474 - ::1 - - 200 0 0 19
2018-07-23 11:16:58 ::1 POST /Service1.svc - 49474 - ::1 - - 200 0 0 40
2018-07-23 11:16:58 ::1 POST /Service1.svc - 49474 - ::1 - - 200 0 0 57
2018-07-23 11:16:58 ::1 POST /Service1.svc - 49474 - ::1 - - 200 0 0 93
2018-07-23 11:16:58 ::1 POST /Service1.svc - 49474 - ::1 - - 200 0 0 49
2018-07-23 11:16:58 ::1 POST /Service1.svc - 49474 - ::1 - - 200 0 0 63
2018-07-23 11:16:58 ::1 POST /Service1.svc - 49474 - ::1 - - 200 0 0 59
2018-07-23 11:16:58 ::1 POST /Service1.svc - 49474 - ::1 - - 200 0 0 19
2018-07-23 11:16:58 ::1 POST /Service1.svc - 49474 - ::1 - - 200 0 0 148
2018-07-23 11:16:58 ::1 POST /Service1.svc - 49474 - ::1 - - 200 0 0 33
2018-07-23 11:17:04 ::1 POST /Service1.svc - 49474 - ::1 - - 500 0 0 5082
2018-07-23 11:17:05 ::1 POST /Service1.svc - 49474 - ::1 - - 200 0 0 339
2018-07-23 11:17:05 ::1 POST /Service1.svc - 49474 - ::1 - - 200 0 0 25
2018-07-23 11:17:05 ::1 POST /Service1.svc - 49474 - ::1 - - 200 0 0 34
2018-07-23 11:17:05 ::1 POST /Service1.svc - 49474 - ::1 - - 200 0 0 63
2018-07-23 11:17:08 ::1 POST /Service1.svc - 49474 - ::1 - - 200 0 0 18
2018-07-23 11:17:08 ::1 POST /Service1.svc - 49474 - ::1 - - 200 0 0 21
2018-07-23 11:17:08 ::1 POST /Service1.svc - 49474 - ::1 - - 200 0 0 23
2018-07-23 11:17:08 ::1 POST /Service1.svc - 49474 - ::1 - - 200 0 0 57
2018-07-23 11:17:08 ::1 POST /Service1.svc - 49474 - ::1 - - 200 0 0 19
2018-07-23 11:17:08 ::1 POST /Service1.svc - 49474 - ::1 - - 200 0 0 45
2018-07-23 11:17:08 ::1 POST /Service1.svc - 49474 - ::1 - - 200 0 0 186
2018-07-23 11:17:08 ::1 POST /Service1.svc - 49474 - ::1 - - 200 0 0 36
2018-07-23 11:17:08 ::1 POST /Service1.svc - 49474 - ::1 - - 200 0 0 66
2018-07-23 11:17:08 ::1 POST /Service1.svc - 49474 - ::1 - - 200 0 0 179
2018-07-23 11:17:08 ::1 POST /Service1.svc - 49474 - ::1 - - 200 0 0 42
2018-07-23 11:17:08 ::1 POST /Service1.svc - 49474 - ::1 - - 200 0 0 79
2018-07-23 11:17:12 ::1 POST /Service1.svc - 49474 - ::1 - - 500 0 0 3823
2018-07-23 11:17:13 ::1 POST /Service1.svc - 49474 - ::1 - - 200 0 0 78
2018-07-23 11:17:30 ::1 POST /Service1.svc - 49474 - ::1 - - 200 0 0 16679
2018-07-23 11:17:30 ::1 POST /Service1.svc - 49474 - ::1 - - 200 0 0 59
2018-07-23 11:17:30 ::1 POST /Service1.svc - 49474 - ::1 - - 200 0 0 22
2018-07-23 11:17:31 ::1 POST /Service1.svc - 49474 - ::1 - - 200 0 0 205
2018-07-23 11:17:31 ::1 POST /Service1.svc - 49474 - ::1 - - 200 0 0 80
2018-07-23 11:17:31 ::1 POST /Service1.svc - 49474 - ::1 - - 200 0 0 76
2018-07-23 11:17:31 ::1 POST /Service1.svc - 49474 - ::1 - - 200 0 0 68
2018-07-23 11:17:34 ::1 POST /Service1.svc - 49474 - ::1 - - 200 0 0 48
2018-07-23 11:17:34 ::1 POST /Service1.svc - 49474 - ::1 - - 200 0 0 23
2018-07-23 11:17:34 ::1 POST /Service1.svc - 49474 - ::1 - - 200 0 0 19
2018-07-23 11:17:34 ::1 POST /Service1.svc - 49474 - ::1 - - 200 0 0 32
2018-07-23 11:17:36 ::1 POST /Service1.svc - 49474 - ::1 - - 200 0 0 11
2018-07-23 11:17:36 ::1 POST /Service1.svc - 49474 - ::1 - - 200 0 0 20
2018-07-23 11:17:36 ::1 POST /Service1.svc - 49474 - ::1 - - 200 0 0 48
2018-07-23 11:17:36 ::1 POST /Service1.svc - 49474 - ::1 - - 200 0 0 36
2018-07-23 11:17:36 ::1 POST /Service1.svc - 49474 - ::1 - - 200 0 0 52
2018-07-23 11:17:36 ::1 POST /Service1.svc - 49474 - ::1 - - 200 0 0 24
2018-07-23 11:17:36 ::1 POST /Service1.svc - 49474 - ::1 - - 200 0 0 23
2018-07-23 11:17:36 ::1 POST /Service1.svc - 49474 - ::1 - - 200 0 0 28
2018-07-23 11:17:36 ::1 POST /Service1.svc - 49474 - ::1 - - 200 0 0 92
2018-07-23 11:17:36 ::1 POST /Service1.svc - 49474 - ::1 - - 200 0 0 153
2018-07-23 11:17:36 ::1 POST /Service1.svc - 49474 - ::1 - - 200 0 0 152
2018-07-23 11:17:41 ::1 POST /Service1.svc - 49474 - ::1 - - 200 0 0 23
2018-07-23 11:17:41 ::1 POST /Service1.svc - 49474 - ::1 - - 200 0 0 23
2018-07-23 11:17:41 ::1 POST /Service1.svc - 49474 - ::1 - - 200 0 0 16
2018-07-23 11:17:41 ::1 POST /Service1.svc - 49474 - ::1 - - 200 0 0 42
2018-07-23 11:17:42 ::1 POST /Service1.svc - 49474 - ::1 - - 200 0 0 15
2018-07-23 11:17:42 ::1 POST /Service1.svc - 49474 - ::1 - - 200 0 0 40
2018-07-23 11:17:42 ::1 POST /Service1.svc - 49474 - ::1 - - 200 0 0 68
2018-07-23 11:17:42 ::1 POST /Service1.svc - 49474 - ::1 - - 200 0 0 64
2018-07-23 11:17:44 ::1 POST /Service1.svc - 49474 - ::1 - - 200 0 0 15
2018-07-23 11:17:44 ::1 POST /Service1.svc - 49474 - ::1 - - 200 0 0 20
2018-07-23 11:17:44 ::1 POST /Service1.svc - 49474 - ::1 - - 200 0 0 97
2018-07-23 11:17:44 ::1 POST /Service1.svc - 49474 - ::1 - - 200 0 0 52
2018-07-23 11:17:44 ::1 POST /Service1.svc - 49474 - ::1 - - 200 0 0 25
2018-07-23 11:17:44 ::1 POST /Service1.svc - 49474 - ::1 - - 200 0 0 97
2018-07-23 11:17:44 ::1 POST /Service1.svc - 49474 - ::1 - - 200 0 0 69
2018-07-23 11:17:44 ::1 POST /Service1.svc - 49474 - ::1 - - 200 0 0 58
2018-07-23 11:17:44 ::1 POST /Service1.svc - 49474 - ::1 - - 200 0 0 100
2018-07-23 11:17:44 ::1 POST /Service1.svc - 49474 - ::1 - - 200 0 0 57
2018-07-23 11:17:44 ::1 POST /Service1.svc - 49474 - ::1 - - 200 0 0 54
2018-07-23 11:17:44 ::1 POST /Service1.svc - 49474 - ::1 - - 200 0 0 73
#Software: Microsoft Internet Information Services 10.0
#Version: 1.0
#Date: 2018-07-23 11:21:44
#Fields: date time s-ip cs-method cs-uri-stem cs-uri-query s-port cs-username c-ip cs(User-Agent) cs(Referer) sc-status sc-substatus sc-win32-status time-taken
2018-07-23 11:21:44 ::1 POST /Service1.svc - 49474 - ::1 - - 415 0 0 6662
2018-07-23 11:21:44 ::1 POST /Service1.svc/mex - 49474 - ::1 - - 415 0 0 74
2018-07-23 11:21:52 ::1 GET /Service1.svc - 49474 - ::1 Mozilla/4.0+(compatible;+MSIE+6.0;+MS+Web+Services+Client+Protocol+4.0.30319.42000) - 200 0 0 8537
2018-07-23 11:21:52 ::1 GET /Service1.svc disco 49474 - ::1 Mozilla/4.0+(compatible;+MSIE+6.0;+MS+Web+Services+Client+Protocol+4.0.30319.42000) - 200 0 0 434
2018-07-23 11:21:52 ::1 GET /Service1.svc wsdl 49474 - ::1 Mozilla/4.0+(compatible;+MSIE+6.0;+MS+Web+Services+Client+Protocol+4.0.30319.42000) - 200 0 0 150
2018-07-23 11:21:54 ::1 GET /Service1.svc xsd=xsd0 49474 - ::1 Mozilla/4.0+(compatible;+MSIE+6.0;+MS+Web+Services+Client+Protocol+4.0.30319.42000) - 200 0 0 907
2018-07-23 11:21:54 ::1 GET /Service1.svc xsd=xsd2 49474 - ::1 Mozilla/4.0+(compatible;+MSIE+6.0;+MS+Web+Services+Client+Protocol+4.0.30319.42000) - 200 0 0 124
2018-07-23 11:21:54 ::1 GET /Service1.svc xsd=xsd3 49474 - ::1 Mozilla/4.0+(compatible;+MSIE+6.0;+MS+Web+Services+Client+Protocol+4.0.30319.42000) - 200 0 0 48
2018-07-23 11:21:54 ::1 GET /Service1.svc xsd=xsd1 49474 - ::1 Mozilla/4.0+(compatible;+MSIE+6.0;+MS+Web+Services+Client+Protocol+4.0.30319.42000) - 200 0 0 49
2018-07-23 11:22:17 ::1 POST /Service1.svc - 49474 - ::1 - - 200 0 0 267
2018-07-23 11:22:17 ::1 POST /Service1.svc - 49474 - ::1 - - 200 0 0 39
2018-07-23 11:22:17 ::1 POST /Service1.svc - 49474 - ::1 - - 200 0 0 64
2018-07-23 11:22:17 ::1 POST /Service1.svc - 49474 - ::1 - - 200 0 0 50
2018-07-23 11:22:22 ::1 POST /Service1.svc - 49474 - ::1 - - 200 0 0 17
2018-07-23 11:22:22 ::1 POST /Service1.svc - 49474 - ::1 - - 200 0 0 30
2018-07-23 11:22:22 ::1 POST /Service1.svc - 49474 - ::1 - - 200 0 0 43
2018-07-23 11:22:22 ::1 POST /Service1.svc - 49474 - ::1 - - 200 0 0 56
2018-07-23 11:22:22 ::1 POST /Service1.svc - 49474 - ::1 - - 200 0 0 214
2018-07-23 11:22:22 ::1 POST /Service1.svc - 49474 - ::1 - - 200 0 0 136
2018-07-23 11:22:22 ::1 POST /Service1.svc - 49474 - ::1 - - 200 0 0 29
2018-07-23 11:22:22 ::1 POST /Service1.svc - 49474 - ::1 - - 200 0 0 168
2018-07-23 11:22:23 ::1 POST /Service1.svc - 49474 - ::1 - - 200 0 0 277
2018-07-23 11:22:23 ::1 POST /Service1.svc - 49474 - ::1 - - 200 0 0 249
2018-07-23 11:22:23 ::1 POST /Service1.svc - 49474 - ::1 - - 200 0 0 225
2018-07-23 11:22:23 ::1 POST /Service1.svc - 49474 - ::1 - - 200 0 0 28
2018-07-23 11:22:26 ::1 POST /Service1.svc - 49474 - ::1 - - 500 0 0 2239
2018-07-23 11:22:27 ::1 POST /Service1.svc - 49474 - ::1 - - 200 0 0 52
2018-07-23 11:22:27 ::1 POST /Service1.svc - 49474 - ::1 - - 200 0 0 108
2018-07-23 11:22:27 ::1 POST /Service1.svc - 49474 - ::1 - - 200 0 0 123
2018-07-23 11:22:27 ::1 POST /Service1.svc - 49474 - ::1 - - 200 0 0 117
2018-07-23 11:22:44 ::1 POST /Service1.svc - 49474 - ::1 - - 200 0 0 71
2018-07-23 11:22:44 ::1 POST /Service1.svc - 49474 - ::1 - - 200 0 0 25
2018-07-23 11:22:44 ::1 POST /Service1.svc - 49474 - ::1 - - 200 0 0 40
2018-07-23 11:22:44 ::1 POST /Service1.svc - 49474 - ::1 - - 200 0 0 335
2018-07-23 11:22:44 ::1 POST /Service1.svc - 49474 - ::1 - - 200 0 0 102
2018-07-23 11:22:44 ::1 POST /Service1.svc - 49474 - ::1 - - 200 0 0 189
2018-07-23 11:22:44 ::1 POST /Service1.svc - 49474 - ::1 - - 200 0 0 122
2018-07-23 11:22:45 ::1 POST /Service1.svc - 49474 - ::1 - - 200 0 0 91
2018-07-23 11:22:45 ::1 POST /Service1.svc - 49474 - ::1 - - 200 0 0 275
2018-07-23 11:22:45 ::1 POST /Service1.svc - 49474 - ::1 - - 200 0 0 99
2018-07-23 11:22:45 ::1 POST /Service1.svc - 49474 - ::1 - - 200 0 0 83
2018-07-23 11:22:45 ::1 POST /Service1.svc - 49474 - ::1 - - 200 0 0 93
2018-07-23 11:22:45 ::1 POST /Service1.svc - 49474 - ::1 - - 200 0 0 43
2018-07-23 11:22:45 ::1 POST /Service1.svc - 49474 - ::1 - - 200 0 0 35
2018-07-23 11:22:45 ::1 POST /Service1.svc - 49474 - ::1 - - 200 0 0 75
2018-07-23 11:22:45 ::1 POST /Service1.svc - 49474 - ::1 - - 200 0 0 61
2018-07-23 11:22:45 ::1 POST /Service1.svc - 49474 - ::1 - - 200 0 0 32
2018-07-23 11:22:45 ::1 POST /Service1.svc - 49474 - ::1 - - 200 0 0 30
2018-07-23 11:22:46 ::1 POST /Service1.svc - 49474 - ::1 - - 200 0 0 67
2018-07-23 11:22:46 ::1 POST /Service1.svc - 49474 - ::1 - - 200 0 0 30
2018-07-23 11:22:46 ::1 POST /Service1.svc - 49474 - ::1 - - 200 0 0 68
2018-07-23 11:22:46 ::1 POST /Service1.svc - 49474 - ::1 - - 200 0 0 20
2018-07-23 11:22:46 ::1 POST /Service1.svc - 49474 - ::1 - - 200 0 0 22
2018-07-23 11:22:46 ::1 POST /Service1.svc - 49474 - ::1 - - 200 0 0 28
2018-07-23 11:22:46 ::1 POST /Service1.svc - 49474 - ::1 - - 200 0 0 64
2018-07-23 11:22:46 ::1 POST /Service1.svc - 49474 - ::1 - - 200 0 0 95
2018-07-23 11:22:46 ::1 POST /Service1.svc - 49474 - ::1 - - 200 0 0 47
2018-07-23 11:28:45 ::1 POST /Service1.svc - 49474 - ::1 - - 200 0 0 301
2018-07-23 11:28:46 ::1 POST /Service1.svc - 49474 - ::1 - - 200 0 0 986
2018-07-23 11:28:46 ::1 POST /Service1.svc - 49474 - ::1 - - 200 0 0 375
2018-07-23 11:28:46 ::1 POST /Service1.svc - 49474 - ::1 - - 200 0 0 474
2018-07-23 11:28:58 ::1 POST /Service1.svc - 49474 - ::1 - - 200 0 0 296
2018-07-23 11:28:58 ::1 POST /Service1.svc - 49474 - ::1 - - 200 0 0 124
2018-07-23 11:28:58 ::1 POST /Service1.svc - 49474 - ::1 - - 200 0 0 88
2018-07-23 11:28:58 ::1 POST /Service1.svc - 49474 - ::1 - - 200 0 0 514
2018-07-23 11:28:59 ::1 POST /Service1.svc - 49474 - ::1 - - 200 0 0 447
2018-07-23 11:28:59 ::1 POST /Service1.svc - 49474 - ::1 - - 200 0 0 879
2018-07-23 11:29:01 ::1 POST /Service1.svc - 49474 - ::1 - - 200 0 0 549
2018-07-23 11:29:01 ::1 POST /Service1.svc - 49474 - ::1 - - 200 0 0 288
2018-07-23 11:29:01 ::1 POST /Service1.svc - 49474 - ::1 - - 200 0 0 475
2018-07-23 11:29:02 ::1 POST /Service1.svc - 49474 - ::1 - - 200 0 0 582
2018-07-23 11:29:02 ::1 POST /Service1.svc - 49474 - ::1 - - 200 0 0 316
2018-07-23 11:29:02 ::1 POST /Service1.svc - 49474 - ::1 - - 200 0 0 57
2018-07-23 11:29:06 ::1 POST /Service1.svc - 49474 - ::1 - - 500 0 0 3304
2018-07-23 11:29:08 ::1 POST /Service1.svc - 49474 - ::1 - - 200 0 0 1218
2018-07-23 11:29:08 ::1 POST /Service1.svc - 49474 - ::1 - - 200 0 0 413
2018-07-23 11:29:08 ::1 POST /Service1.svc - 49474 - ::1 - - 200 0 0 330
2018-07-23 11:29:09 ::1 POST /Service1.svc - 49474 - ::1 - - 200 0 0 663
2018-07-23 11:29:20 ::1 POST /Service1.svc - 49474 - ::1 - - 200 0 0 704
2018-07-23 11:29:20 ::1 POST /Service1.svc - 49474 - ::1 - - 200 0 0 251
2018-07-23 11:29:21 ::1 POST /Service1.svc - 49474 - ::1 - - 200 0 0 1191
2018-07-23 11:29:21 ::1 POST /Service1.svc - 49474 - ::1 - - 200 0 0 38
2018-07-23 11:29:21 ::1 POST /Service1.svc - 49474 - ::1 - - 200 0 0 335
2018-07-23 11:29:40 ::1 POST /Service1.svc - 49474 - ::1 - - 200 0 0 110
2018-07-23 11:29:40 ::1 POST /Service1.svc - 49474 - ::1 - - 200 0 0 461
2018-07-23 11:29:40 ::1 POST /Service1.svc - 49474 - ::1 - - 200 0 0 355
2018-07-23 11:29:41 ::1 POST /Service1.svc - 49474 - ::1 - - 200 0 0 414
2018-07-23 11:29:41 ::1 POST /Service1.svc - 49474 - ::1 - - 200 0 0 162
2018-07-23 11:29:41 ::1 POST /Service1.svc - 49474 - ::1 - - 200 0 0 46
2018-07-23 11:29:41 ::1 POST /Service1.svc - 49474 - ::1 - - 200 0 0 56
2018-07-23 11:29:41 ::1 POST /Service1.svc - 49474 - ::1 - - 200 0 0 131
#Software: Microsoft Internet Information Services 10.0
#Version: 1.0
#Date: 2018-07-23 11:33:58
#Fields: date time s-ip cs-method cs-uri-stem cs-uri-query s-port cs-username c-ip cs(User-Agent) cs(Referer) sc-status sc-substatus sc-win32-status time-taken
2018-07-23 11:33:58 ::1 POST /Service1.svc - 49474 - ::1 - - 415 0 0 2910
2018-07-23 11:33:58 ::1 POST /Service1.svc/mex - 49474 - ::1 - - 415 0 0 58
2018-07-23 11:34:02 ::1 GET /Service1.svc - 49474 - ::1 Mozilla/4.0+(compatible;+MSIE+6.0;+MS+Web+Services+Client+Protocol+4.0.30319.42000) - 200 0 0 3752
2018-07-23 11:34:02 ::1 GET /Service1.svc disco 49474 - ::1 Mozilla/4.0+(compatible;+MSIE+6.0;+MS+Web+Services+Client+Protocol+4.0.30319.42000) - 200 0 0 15
2018-07-23 11:34:02 ::1 GET /Service1.svc wsdl 49474 - ::1 Mozilla/4.0+(compatible;+MSIE+6.0;+MS+Web+Services+Client+Protocol+4.0.30319.42000) - 200 0 0 25
2018-07-23 11:34:02 ::1 GET /Service1.svc xsd=xsd0 49474 - ::1 Mozilla/4.0+(compatible;+MSIE+6.0;+MS+Web+Services+Client+Protocol+4.0.30319.42000) - 200 0 0 405
2018-07-23 11:34:02 ::1 GET /Service1.svc xsd=xsd2 49474 - ::1 Mozilla/4.0+(compatible;+MSIE+6.0;+MS+Web+Services+Client+Protocol+4.0.30319.42000) - 200 0 0 25
2018-07-23 11:34:02 ::1 GET /Service1.svc xsd=xsd3 49474 - ::1 Mozilla/4.0+(compatible;+MSIE+6.0;+MS+Web+Services+Client+Protocol+4.0.30319.42000) - 200 0 0 17
2018-07-23 11:34:02 ::1 GET /Service1.svc xsd=xsd1 49474 - ::1 Mozilla/4.0+(compatible;+MSIE+6.0;+MS+Web+Services+Client+Protocol+4.0.30319.42000) - 200 0 0 62
2018-07-23 11:34:20 ::1 GET /Service1.svc - 49474 - ::1 Mozilla/4.0+(compatible;+MSIE+6.0;+MS+Web+Services+Client+Protocol+4.0.30319.42000) - 200 0 0 32
2018-07-23 11:34:20 ::1 GET /Service1.svc disco 49474 - ::1 Mozilla/4.0+(compatible;+MSIE+6.0;+MS+Web+Services+Client+Protocol+4.0.30319.42000) - 200 0 0 15
2018-07-23 11:34:20 ::1 GET /Service1.svc wsdl 49474 - ::1 Mozilla/4.0+(compatible;+MSIE+6.0;+MS+Web+Services+Client+Protocol+4.0.30319.42000) - 200 0 0 113
2018-07-23 11:34:20 ::1 GET /Service1.svc xsd=xsd0 49474 - ::1 Mozilla/4.0+(compatible;+MSIE+6.0;+MS+Web+Services+Client+Protocol+4.0.30319.42000) - 200 0 0 82
2018-07-23 11:34:20 ::1 POST /Service1.svc/mex - 49474 - ::1 - - 415 0 0 57
2018-07-23 11:34:20 ::1 POST /Service1.svc - 49474 - ::1 - - 415 0 0 63
2018-07-23 11:34:20 ::1 GET /Service1.svc/$metadata - 49474 - ::1 Mozilla/4.0+(compatible;+MSIE+6.0;+MS+Web+Services+Client+Protocol+4.0.30319.42000) - 400 0 0 332
2018-07-23 11:34:20 ::1 GET /Service1.svc xsd=xsd2 49474 - ::1 Mozilla/4.0+(compatible;+MSIE+6.0;+MS+Web+Services+Client+Protocol+4.0.30319.42000) - 200 0 0 60
2018-07-23 11:34:20 ::1 GET /Service1.svc xsd=xsd3 49474 - ::1 Mozilla/4.0+(compatible;+MSIE+6.0;+MS+Web+Services+Client+Protocol+4.0.30319.42000) - 200 0 0 10
2018-07-23 11:34:20 ::1 GET /Service1.svc xsd=xsd1 49474 - ::1 Mozilla/4.0+(compatible;+MSIE+6.0;+MS+Web+Services+Client+Protocol+4.0.30319.42000) - 200 0 0 25
2018-07-23 11:34:50 ::1 GET /Service1.svc/$metadata - 49474 - ::1 Mozilla/4.0+(compatible;+MSIE+6.0;+MS+Web+Services+Client+Protocol+4.0.30319.42000) - 400 0 0 73
2018-07-23 11:34:50 ::1 GET /Service1.svc - 49474 - ::1 Mozilla/4.0+(compatible;+MSIE+6.0;+MS+Web+Services+Client+Protocol+4.0.30319.42000) - 200 0 0 78
2018-07-23 11:34:50 ::1 POST /Service1.svc - 49474 - ::1 - - 415 0 0 83
2018-07-23 11:34:50 ::1 GET /Service1.svc disco 49474 - ::1 Mozilla/4.0+(compatible;+MSIE+6.0;+MS+Web+Services+Client+Protocol+4.0.30319.42000) - 200 0 0 42
2018-07-23 11:34:50 ::1 POST /Service1.svc/mex - 49474 - ::1 - - 415 0 0 91
2018-07-23 11:34:50 ::1 GET /Service1.svc wsdl 49474 - ::1 Mozilla/4.0+(compatible;+MSIE+6.0;+MS+Web+Services+Client+Protocol+4.0.30319.42000) - 200 0 0 13
2018-07-23 11:34:50 ::1 GET /Service1.svc xsd=xsd0 49474 - ::1 Mozilla/4.0+(compatible;+MSIE+6.0;+MS+Web+Services+Client+Protocol+4.0.30319.42000) - 200 0 0 13
2018-07-23 11:34:50 ::1 GET /Service1.svc xsd=xsd2 49474 - ::1 Mozilla/4.0+(compatible;+MSIE+6.0;+MS+Web+Services+Client+Protocol+4.0.30319.42000) - 200 0 0 19
2018-07-23 11:34:50 ::1 GET /Service1.svc xsd=xsd3 49474 - ::1 Mozilla/4.0+(compatible;+MSIE+6.0;+MS+Web+Services+Client+Protocol+4.0.30319.42000) - 200 0 0 17
2018-07-23 11:34:50 ::1 GET /Service1.svc xsd=xsd1 49474 - ::1 Mozilla/4.0+(compatible;+MSIE+6.0;+MS+Web+Services+Client+Protocol+4.0.30319.42000) - 200 0 0 11
2018-07-23 11:35:57 ::1 POST /Service1.svc - 49474 - ::1 - - 200 0 0 2458
2018-07-23 11:35:58 ::1 POST /Service1.svc - 49474 - ::1 - - 200 0 0 962
2018-07-23 11:35:58 ::1 POST /Service1.svc - 49474 - ::1 - - 200 0 0 59
2018-07-23 11:35:58 ::1 POST /Service1.svc - 49474 - ::1 - - 200 0 0 750
2018-07-23 11:36:04 ::1 POST /Service1.svc - 49474 - ::1 - - 200 0 0 72
2018-07-23 11:36:04 ::1 POST /Service1.svc - 49474 - ::1 - - 200 0 0 38
2018-07-23 11:36:04 ::1 POST /Service1.svc - 49474 - ::1 - - 200 0 0 128
2018-07-23 11:36:04 ::1 POST /Service1.svc - 49474 - ::1 - - 200 0 0 36
2018-07-23 11:36:30 ::1 POST /Service1.svc - 49474 - ::1 - - 200 0 0 428
2018-07-23 11:36:57 ::1 POST /Service1.svc - 49474 - ::1 - - 200 0 0 512
2018-07-23 11:37:02 ::1 POST /Service1.svc - 49474 - ::1 - - 200 0 0 247
2018-07-23 11:37:08 ::1 POST /Service1.svc - 49474 - ::1 - - 200 0 0 294
2018-07-23 11:37:35 ::1 POST /Service1.svc - 49474 - ::1 - - 200 0 0 1047
2018-07-23 11:37:39 ::1 POST /Service1.svc - 49474 - ::1 - - 200 0 0 146
2018-07-23 11:37:45 ::1 POST /Service1.svc - 49474 - ::1 - - 200 0 0 449
2018-07-23 11:38:12 ::1 POST /Service1.svc - 49474 - ::1 - - 200 0 0 821
2018-07-23 11:39:15 ::1 POST /Service1.svc - 49474 - ::1 - - 500 0 64 60297
2018-07-23 11:39:31 ::1 POST /Service1.svc - 49474 - ::1 - - 200 0 0 52
2018-07-23 11:39:31 ::1 POST /Service1.svc - 49474 - ::1 - - 200 0 0 33
2018-07-23 11:39:31 ::1 POST /Service1.svc - 49474 - ::1 - - 200 0 0 121
2018-07-23 11:39:31 ::1 POST /Service1.svc - 49474 - ::1 - - 200 0 0 28
2018-07-23 11:39:31 ::1 POST /Service1.svc - 49474 - ::1 - - 200 0 0 51
2018-07-23 11:39:35 ::1 POST /Service1.svc - 49474 - ::1 - - 200 0 0 183
2018-07-23 11:39:35 ::1 POST /Service1.svc - 49474 - ::1 - - 200 0 0 45
2018-07-23 11:39:35 ::1 POST /Service1.svc - 49474 - ::1 - - 200 0 0 33
2018-07-23 11:39:35 ::1 POST /Service1.svc - 49474 - ::1 - - 200 0 0 127
2018-07-23 11:39:35 ::1 POST /Service1.svc - 49474 - ::1 - - 200 0 0 102
2018-07-23 11:39:35 ::1 POST /Service1.svc - 49474 - ::1 - - 200 0 0 36
2018-07-23 11:39:35 ::1 POST /Service1.svc - 49474 - ::1 - - 200 0 0 51
2018-07-23 11:39:35 ::1 POST /Service1.svc - 49474 - ::1 - - 200 0 0 178
2018-07-23 11:39:35 ::1 POST /Service1.svc - 49474 - ::1 - - 200 0 0 37
2018-07-23 11:39:35 ::1 POST /Service1.svc - 49474 - ::1 - - 200 0 0 53
2018-07-23 11:41:01 ::1 POST /Service1.svc - 49474 - ::1 - - 200 0 0 43
2018-07-23 11:41:01 ::1 POST /Service1.svc - 49474 - ::1 - - 200 0 0 29
2018-07-23 11:41:01 ::1 POST /Service1.svc - 49474 - ::1 - - 200 0 0 23
2018-07-23 11:41:01 ::1 POST /Service1.svc - 49474 - ::1 - - 200 0 0 42
2018-07-23 11:41:01 ::1 POST /Service1.svc - 49474 - ::1 - - 200 0 0 115
2018-07-23 11:41:01 ::1 POST /Service1.svc - 49474 - ::1 - - 200 0 0 116
2018-07-23 11:41:01 ::1 POST /Service1.svc - 49474 - ::1 - - 200 0 0 72
2018-07-23 11:41:01 ::1 POST /Service1.svc - 49474 - ::1 - - 200 0 0 23
2018-07-23 11:41:04 ::1 POST /Service1.svc - 49474 - ::1 - - 500 0 0 2512
2018-07-23 11:42:02 ::1 POST /Service1.svc - 49474 - ::1 - - 200 0 0 51
2018-07-23 11:42:13 ::1 POST /Service1.svc - 49474 - ::1 - - 200 0 0 47
2018-07-23 11:43:56 ::1 POST /Service1.svc - 49474 - ::1 - - 200 0 0 22
2018-07-23 11:43:56 ::1 POST /Service1.svc - 49474 - ::1 - - 200 0 0 20
2018-07-23 11:43:56 ::1 POST /Service1.svc - 49474 - ::1 - - 200 0 0 18
2018-07-23 11:43:56 ::1 POST /Service1.svc - 49474 - ::1 - - 200 0 0 159
2018-07-23 11:43:56 ::1 POST /Service1.svc - 49474 - ::1 - - 200 0 0 86
2018-07-23 11:43:56 ::1 POST /Service1.svc - 49474 - ::1 - - 200 0 0 100
2018-07-23 11:43:57 ::1 POST /Service1.svc - 49474 - ::1 - - 200 0 0 809
2018-07-23 11:44:00 ::1 POST /Service1.svc - 49474 - ::1 - - 200 0 0 2267
2018-07-23 11:44:02 ::1 POST /Service1.svc - 49474 - ::1 - - 200 0 0 2330
2018-07-23 11:44:04 ::1 POST /Service1.svc - 49474 - ::1 - - 200 0 0 1957
2018-07-23 11:44:05 ::1 POST /Service1.svc - 49474 - ::1 - - 200 0 0 1040
2018-07-23 11:44:05 ::1 POST /Service1.svc - 49474 - ::1 - - 200 0 0 543
2018-07-23 11:44:05 ::1 POST /Service1.svc - 49474 - ::1 - - 200 0 0 216
2018-07-23 11:44:06 ::1 POST /Service1.svc - 49474 - ::1 - - 200 0 0 512
2018-07-23 11:44:06 ::1 POST /Service1.svc - 49474 - ::1 - - 200 0 0 129
2018-07-23 11:44:06 ::1 POST /Service1.svc - 49474 - ::1 - - 200 0 0 133
2018-07-23 11:44:06 ::1 POST /Service1.svc - 49474 - ::1 - - 200 0 0 42
2018-07-23 11:44:06 ::1 POST /Service1.svc - 49474 - ::1 - - 200 0 0 84
2018-07-23 11:44:06 ::1 POST /Service1.svc - 49474 - ::1 - - 200 0 0 82
2018-07-23 11:44:06 ::1 POST /Service1.svc - 49474 - ::1 - - 200 0 0 76
2018-07-23 11:44:06 ::1 POST /Service1.svc - 49474 - ::1 - - 200 0 0 36
2018-07-23 11:44:06 ::1 POST /Service1.svc - 49474 - ::1 - - 200 0 0 50
2018-07-23 11:44:06 ::1 POST /Service1.svc - 49474 - ::1 - - 200 0 0 80
2018-07-23 11:44:06 ::1 POST /Service1.svc - 49474 - ::1 - - 200 0 0 41
2018-07-23 11:44:06 ::1 POST /Service1.svc - 49474 - ::1 - - 200 0 0 89
2018-07-23 11:44:06 ::1 POST /Service1.svc - 49474 - ::1 - - 200 0 0 68
2018-07-23 11:44:08 ::1 POST /Service1.svc - 49474 - ::1 - - 200 0 0 350
2018-07-23 11:44:17 ::1 POST /Service1.svc - 49474 - ::1 - - 200 0 0 162
2018-07-23 11:44:17 ::1 POST /Service1.svc - 49474 - ::1 - - 200 0 0 158
2018-07-23 11:44:21 ::1 POST /Service1.svc - 49474 - ::1 - - 200 0 0 106
2018-07-23 11:50:20 ::1 POST /Service1.svc - 49474 - ::1 - - 200 0 0 83
2018-07-23 11:50:20 ::1 POST /Service1.svc - 49474 - ::1 - - 200 0 0 154
2018-07-23 11:50:20 ::1 POST /Service1.svc - 49474 - ::1 - - 200 0 0 37
2018-07-23 11:50:20 ::1 POST /Service1.svc - 49474 - ::1 - - 200 0 0 33
2018-07-23 11:50:20 ::1 POST /Service1.svc - 49474 - ::1 - - 200 0 0 38
2018-07-23 11:50:20 ::1 POST /Service1.svc - 49474 - ::1 - - 200 0 0 19
2018-07-23 11:50:20 ::1 POST /Service1.svc - 49474 - ::1 - - 200 0 0 68
2018-07-23 11:50:20 ::1 POST /Service1.svc - 49474 - ::1 - - 200 0 0 35
2018-07-23 11:50:23 ::1 POST /Service1.svc - 49474 - ::1 - - 500 0 0 2582
2018-07-23 11:50:42 ::1 POST /Service1.svc - 49474 - ::1 - - 200 0 0 35
2018-07-23 11:50:42 ::1 POST /Service1.svc - 49474 - ::1 - - 200 0 0 45
2018-07-23 11:50:42 ::1 POST /Service1.svc - 49474 - ::1 - - 200 0 0 77
2018-07-23 11:50:42 ::1 POST /Service1.svc - 49474 - ::1 - - 200 0 0 25
2018-07-23 11:50:42 ::1 POST /Service1.svc - 49474 - ::1 - - 200 0 0 36
2018-07-23 11:50:52 ::1 POST /Service1.svc - 49474 - ::1 - - 200 0 0 131
2018-07-23 11:51:23 ::1 POST /Service1.svc - 49474 - ::1 - - 200 0 0 42
2018-07-23 11:51:23 ::1 POST /Service1.svc - 49474 - ::1 - - 200 0 0 50
2018-07-23 11:51:23 ::1 POST /Service1.svc - 49474 - ::1 - - 200 0 0 24
2018-07-23 11:51:23 ::1 POST /Service1.svc - 49474 - ::1 - - 200 0 0 17
2018-07-23 11:51:23 ::1 POST /Service1.svc - 49474 - ::1 - - 200 0 0 19
2018-07-23 11:51:23 ::1 POST /Service1.svc - 49474 - ::1 - - 200 0 0 13
2018-07-23 11:51:23 ::1 POST /Service1.svc - 49474 - ::1 - - 200 0 0 17
2018-07-23 11:51:23 ::1 POST /Service1.svc - 49474 - ::1 - - 200 0 0 14
2018-07-23 11:51:25 ::1 POST /Service1.svc - 49474 - ::1 - - 500 0 0 2016
2018-07-23 11:52:01 ::1 POST /Service1.svc - 49474 - ::1 - - 200 0 0 60
2018-07-23 11:52:11 ::1 POST /Service1.svc - 49474 - ::1 - - 200 0 0 87
2018-07-23 11:52:20 ::1 POST /Service1.svc - 49474 - ::1 - - 200 0 0 98
2018-07-23 11:52:32 ::1 POST /Service1.svc - 49474 - ::1 - - 200 0 0 57
2018-07-23 11:52:53 ::1 POST /Service1.svc - 49474 - ::1 - - 200 0 0 75
2018-07-23 11:53:16 ::1 POST /Service1.svc - 49474 - ::1 - - 200 0 0 80
#Software: Microsoft Internet Information Services 10.0
#Version: 1.0
#Date: 2018-07-23 12:06:13
#Fields: date time s-ip cs-method cs-uri-stem cs-uri-query s-port cs-username c-ip cs(User-Agent) cs(Referer) sc-status sc-substatus sc-win32-status time-taken
2018-07-23 12:06:13 ::1 POST /Service1.svc - 49474 - ::1 - - 415 0 0 12222
2018-07-23 12:06:13 ::1 POST /Service1.svc/mex - 49474 - ::1 - - 415 0 0 20
2018-07-23 12:06:18 ::1 GET /Service1.svc - 49474 - ::1 Mozilla/4.0+(compatible;+MSIE+6.0;+MS+Web+Services+Client+Protocol+4.0.30319.42000) - 200 0 0 4555
2018-07-23 12:06:18 ::1 GET /Service1.svc disco 49474 - ::1 Mozilla/4.0+(compatible;+MSIE+6.0;+MS+Web+Services+Client+Protocol+4.0.30319.42000) - 200 0 0 6
2018-07-23 12:06:18 ::1 GET /Service1.svc wsdl 49474 - ::1 Mozilla/4.0+(compatible;+MSIE+6.0;+MS+Web+Services+Client+Protocol+4.0.30319.42000) - 200 0 0 70
2018-07-23 12:06:18 ::1 GET /Service1.svc xsd=xsd0 49474 - ::1 Mozilla/4.0+(compatible;+MSIE+6.0;+MS+Web+Services+Client+Protocol+4.0.30319.42000) - 200 0 0 513
2018-07-23 12:06:18 ::1 GET /Service1.svc xsd=xsd2 49474 - ::1 Mozilla/4.0+(compatible;+MSIE+6.0;+MS+Web+Services+Client+Protocol+4.0.30319.42000) - 200 0 0 20
2018-07-23 12:06:18 ::1 GET /Service1.svc xsd=xsd3 49474 - ::1 Mozilla/4.0+(compatible;+MSIE+6.0;+MS+Web+Services+Client+Protocol+4.0.30319.42000) - 200 0 0 17
2018-07-23 12:06:18 ::1 GET /Service1.svc xsd=xsd1 49474 - ::1 Mozilla/4.0+(compatible;+MSIE+6.0;+MS+Web+Services+Client+Protocol+4.0.30319.42000) - 200 0 0 18
2018-07-23 12:06:37 ::1 GET /Service1.svc/$metadata - 49474 - ::1 Mozilla/4.0+(compatible;+MSIE+6.0;+MS+Web+Services+Client+Protocol+4.0.30319.42000) - 400 0 0 147
2018-07-23 12:06:37 ::1 GET /Service1.svc - 49474 - ::1 Mozilla/4.0+(compatible;+MSIE+6.0;+MS+Web+Services+Client+Protocol+4.0.30319.42000) - 200 0 0 214
2018-07-23 12:06:37 ::1 GET /Service1.svc disco 49474 - ::1 Mozilla/4.0+(compatible;+MSIE+6.0;+MS+Web+Services+Client+Protocol+4.0.30319.42000) - 200 0 0 49
2018-07-23 12:06:37 ::1 GET /Service1.svc wsdl 49474 - ::1 Mozilla/4.0+(compatible;+MSIE+6.0;+MS+Web+Services+Client+Protocol+4.0.30319.42000) - 200 0 0 22
2018-07-23 12:06:37 ::1 GET /Service1.svc xsd=xsd0 49474 - ::1 Mozilla/4.0+(compatible;+MSIE+6.0;+MS+Web+Services+Client+Protocol+4.0.30319.42000) - 200 0 0 56
2018-07-23 12:06:37 ::1 GET /Service1.svc xsd=xsd2 49474 - ::1 Mozilla/4.0+(compatible;+MSIE+6.0;+MS+Web+Services+Client+Protocol+4.0.30319.42000) - 200 0 0 51
2018-07-23 12:06:37 ::1 GET /Service1.svc xsd=xsd3 49474 - ::1 Mozilla/4.0+(compatible;+MSIE+6.0;+MS+Web+Services+Client+Protocol+4.0.30319.42000) - 200 0 0 86
2018-07-23 12:06:37 ::1 GET /Service1.svc xsd=xsd1 49474 - ::1 Mozilla/4.0+(compatible;+MSIE+6.0;+MS+Web+Services+Client+Protocol+4.0.30319.42000) - 200 0 0 88
2018-07-23 12:06:39 ::1 POST /Service1.svc - 49474 - ::1 - - 415 0 0 55
2018-07-23 12:06:39 ::1 POST /Service1.svc/mex - 49474 - ::1 - - 415 0 0 46
2018-07-23 12:07:23 ::1 GET /Service1.svc/$metadata - 49474 - ::1 Mozilla/4.0+(compatible;+MSIE+6.0;+MS+Web+Services+Client+Protocol+4.0.30319.42000) - 400 0 0 65
2018-07-23 12:07:23 ::1 GET /Service1.svc - 49474 - ::1 Mozilla/4.0+(compatible;+MSIE+6.0;+MS+Web+Services+Client+Protocol+4.0.30319.42000) - 200 0 0 76
2018-07-23 12:07:23 ::1 POST /Service1.svc/mex - 49474 - ::1 - - 415 0 0 66
2018-07-23 12:07:23 ::1 POST /Service1.svc - 49474 - ::1 - - 415 0 0 63
2018-07-23 12:07:23 ::1 GET /Service1.svc disco 49474 - ::1 Mozilla/4.0+(compatible;+MSIE+6.0;+MS+Web+Services+Client+Protocol+4.0.30319.42000) - 200 0 0 45
2018-07-23 12:07:23 ::1 GET /Service1.svc wsdl 49474 - ::1 Mozilla/4.0+(compatible;+MSIE+6.0;+MS+Web+Services+Client+Protocol+4.0.30319.42000) - 200 0 0 33
2018-07-23 12:07:23 ::1 GET /Service1.svc xsd=xsd0 49474 - ::1 Mozilla/4.0+(compatible;+MSIE+6.0;+MS+Web+Services+Client+Protocol+4.0.30319.42000) - 200 0 0 19
2018-07-23 12:07:23 ::1 GET /Service1.svc xsd=xsd2 49474 - ::1 Mozilla/4.0+(compatible;+MSIE+6.0;+MS+Web+Services+Client+Protocol+4.0.30319.42000) - 200 0 0 18
2018-07-23 12:07:23 ::1 GET /Service1.svc xsd=xsd3 49474 - ::1 Mozilla/4.0+(compatible;+MSIE+6.0;+MS+Web+Services+Client+Protocol+4.0.30319.42000) - 200 0 0 16
2018-07-23 12:07:23 ::1 GET /Service1.svc xsd=xsd1 49474 - ::1 Mozilla/4.0+(compatible;+MSIE+6.0;+MS+Web+Services+Client+Protocol+4.0.30319.42000) - 200 0 0 7
2018-07-23 12:09:40 ::1 POST /Service1.svc - 49474 - ::1 - - 200 0 0 1250
2018-07-23 12:09:40 ::1 POST /Service1.svc - 49474 - ::1 - - 200 0 0 46
2018-07-23 12:09:40 ::1 POST /Service1.svc - 49474 - ::1 - - 200 0 0 16
2018-07-23 12:09:40 ::1 POST /Service1.svc - 49474 - ::1 - - 200 0 0 181
2018-07-23 12:09:45 ::1 POST /Service1.svc - 49474 - ::1 - - 200 0 0 43
2018-07-23 12:09:45 ::1 POST /Service1.svc - 49474 - ::1 - - 200 0 0 35
2018-07-23 12:09:45 ::1 POST /Service1.svc - 49474 - ::1 - - 200 0 0 22
2018-07-23 12:09:45 ::1 POST /Service1.svc - 49474 - ::1 - - 200 0 0 33
2018-07-23 12:09:49 ::1 POST /Service1.svc - 49474 - ::1 - - 200 0 0 178
2018-07-23 12:09:49 ::1 POST /Service1.svc - 49474 - ::1 - - 200 0 0 141
2018-07-23 12:09:49 ::1 POST /Service1.svc - 49474 - ::1 - - 200 0 0 46
2018-07-23 12:09:49 ::1 POST /Service1.svc - 49474 - ::1 - - 200 0 0 85
2018-07-23 12:09:49 ::1 POST /Service1.svc - 49474 - ::1 - - 200 0 0 33
2018-07-23 12:09:49 ::1 POST /Service1.svc - 49474 - ::1 - - 200 0 0 72
2018-07-23 12:09:49 ::1 POST /Service1.svc - 49474 - ::1 - - 200 0 0 142
2018-07-23 12:09:49 ::1 POST /Service1.svc - 49474 - ::1 - - 200 0 0 24
2018-07-23 12:09:59 ::1 POST /Service1.svc - 49474 - ::1 - - 500 0 0 9577
2018-07-23 12:10:03 ::1 POST /Service1.svc - 49474 - ::1 - - 200 0 0 18
2018-07-23 12:10:03 ::1 POST /Service1.svc - 49474 - ::1 - - 200 0 0 24
2018-07-23 12:10:03 ::1 POST /Service1.svc - 49474 - ::1 - - 200 0 0 48
2018-07-23 12:10:03 ::1 POST /Service1.svc - 49474 - ::1 - - 200 0 0 84
2018-07-23 12:10:03 ::1 POST /Service1.svc - 49474 - ::1 - - 200 0 0 597
2018-07-23 12:10:05 ::1 POST /Service1.svc - 49474 - ::1 - - 200 0 0 202
2018-07-23 12:10:05 ::1 POST /Service1.svc - 49474 - ::1 - - 200 0 0 526
2018-07-23 12:10:05 ::1 POST /Service1.svc - 49474 - ::1 - - 200 0 0 172
2018-07-23 12:10:05 ::1 POST /Service1.svc - 49474 - ::1 - - 200 0 0 87
2018-07-23 12:10:08 ::1 POST /Service1.svc - 49474 - ::1 - - 200 0 0 260
