#Software: Microsoft Internet Information Services 10.0
#Version: 1.0
#Date: 2018-04-16 05:58:40
#Fields: date time s-ip cs-method cs-uri-stem cs-uri-query s-port cs-username c-ip cs(User-Agent) cs(Referer) sc-status sc-substatus sc-win32-status time-taken
2018-04-16 05:58:40 ::1 POST /Service1.svc - 49474 - ::1 - - 415 0 0 53891
2018-04-16 05:58:40 ::1 POST /Service1.svc/mex - 49474 - ::1 - - 415 0 0 13
2018-04-16 05:58:45 ::1 GET /Service1.svc - 49474 - ::1 Mozilla/4.0+(compatible;+MSIE+6.0;+MS+Web+Services+Client+Protocol+4.0.30319.42000) - 200 0 0 4108
2018-04-16 05:58:45 ::1 GET /Service1.svc disco 49474 - ::1 Mozilla/4.0+(compatible;+MSIE+6.0;+MS+Web+Services+Client+Protocol+4.0.30319.42000) - 200 0 0 8
2018-04-16 05:58:45 ::1 GET /Service1.svc wsdl 49474 - ::1 Mozilla/4.0+(compatible;+MSIE+6.0;+MS+Web+Services+Client+Protocol+4.0.30319.42000) - 200 0 0 316
2018-04-16 05:58:48 ::1 GET /Service1.svc xsd=xsd0 49474 - ::1 Mozilla/4.0+(compatible;+MSIE+6.0;+MS+Web+Services+Client+Protocol+4.0.30319.42000) - 200 0 0 2835
2018-04-16 05:58:48 ::1 GET /Service1.svc xsd=xsd2 49474 - ::1 Mozilla/4.0+(compatible;+MSIE+6.0;+MS+Web+Services+Client+Protocol+4.0.30319.42000) - 200 0 0 8
2018-04-16 05:58:48 ::1 GET /Service1.svc xsd=xsd3 49474 - ::1 Mozilla/4.0+(compatible;+MSIE+6.0;+MS+Web+Services+Client+Protocol+4.0.30319.42000) - 200 0 0 16
2018-04-16 05:58:48 ::1 GET /Service1.svc xsd=xsd1 49474 - ::1 Mozilla/4.0+(compatible;+MSIE+6.0;+MS+Web+Services+Client+Protocol+4.0.30319.42000) - 200 0 0 60
2018-04-16 05:59:32 ::1 GET /Service1.svc - 49474 - ::1 Mozilla/4.0+(compatible;+MSIE+6.0;+MS+Web+Services+Client+Protocol+4.0.30319.42000) - 200 0 0 122
2018-04-16 05:59:32 ::1 GET /Service1.svc disco 49474 - ::1 Mozilla/4.0+(compatible;+MSIE+6.0;+MS+Web+Services+Client+Protocol+4.0.30319.42000) - 200 0 0 10
2018-04-16 05:59:32 ::1 GET /Service1.svc wsdl 49474 - ::1 Mozilla/4.0+(compatible;+MSIE+6.0;+MS+Web+Services+Client+Protocol+4.0.30319.42000) - 200 0 0 135
2018-04-16 05:59:32 ::1 GET /Service1.svc/$metadata - 49474 - ::1 Mozilla/4.0+(compatible;+MSIE+6.0;+MS+Web+Services+Client+Protocol+4.0.30319.42000) - 400 0 0 483
2018-04-16 05:59:32 ::1 GET /Service1.svc xsd=xsd0 49474 - ::1 Mozilla/4.0+(compatible;+MSIE+6.0;+MS+Web+Services+Client+Protocol+4.0.30319.42000) - 200 0 0 16
2018-04-16 05:59:32 ::1 GET /Service1.svc xsd=xsd2 49474 - ::1 Mozilla/4.0+(compatible;+MSIE+6.0;+MS+Web+Services+Client+Protocol+4.0.30319.42000) - 200 0 0 9
2018-04-16 05:59:32 ::1 GET /Service1.svc xsd=xsd3 49474 - ::1 Mozilla/4.0+(compatible;+MSIE+6.0;+MS+Web+Services+Client+Protocol+4.0.30319.42000) - 200 0 0 7
2018-04-16 05:59:32 ::1 GET /Service1.svc xsd=xsd1 49474 - ::1 Mozilla/4.0+(compatible;+MSIE+6.0;+MS+Web+Services+Client+Protocol+4.0.30319.42000) - 200 0 0 42
2018-04-16 05:59:37 ::1 POST /Service1.svc - 49474 - ::1 - - 415 0 0 57
2018-04-16 05:59:37 ::1 POST /Service1.svc/mex - 49474 - ::1 - - 415 0 0 66
2018-04-16 06:01:31 ::1 GET /Service1.svc - 49474 - ::1 Mozilla/4.0+(compatible;+MSIE+6.0;+MS+Web+Services+Client+Protocol+4.0.30319.42000) - 200 0 0 71
2018-04-16 06:01:31 ::1 GET /Service1.svc/$metadata - 49474 - ::1 Mozilla/4.0+(compatible;+MSIE+6.0;+MS+Web+Services+Client+Protocol+4.0.30319.42000) - 400 0 0 104
2018-04-16 06:01:31 ::1 GET /Service1.svc disco 49474 - ::1 Mozilla/4.0+(compatible;+MSIE+6.0;+MS+Web+Services+Client+Protocol+4.0.30319.42000) - 200 0 0 135
2018-04-16 06:01:31 ::1 POST /Service1.svc/mex - 49474 - ::1 - - 415 0 0 187
2018-04-16 06:01:31 ::1 POST /Service1.svc - 49474 - ::1 - - 415 0 0 200
2018-04-16 06:01:31 ::1 GET /Service1.svc wsdl 49474 - ::1 Mozilla/4.0+(compatible;+MSIE+6.0;+MS+Web+Services+Client+Protocol+4.0.30319.42000) - 200 0 0 75
2018-04-16 06:01:31 ::1 GET /Service1.svc xsd=xsd0 49474 - ::1 Mozilla/4.0+(compatible;+MSIE+6.0;+MS+Web+Services+Client+Protocol+4.0.30319.42000) - 200 0 0 17
2018-04-16 06:01:31 ::1 GET /Service1.svc xsd=xsd2 49474 - ::1 Mozilla/4.0+(compatible;+MSIE+6.0;+MS+Web+Services+Client+Protocol+4.0.30319.42000) - 200 0 0 12
2018-04-16 06:01:31 ::1 GET /Service1.svc xsd=xsd3 49474 - ::1 Mozilla/4.0+(compatible;+MSIE+6.0;+MS+Web+Services+Client+Protocol+4.0.30319.42000) - 200 0 0 6
2018-04-16 06:01:31 ::1 GET /Service1.svc xsd=xsd1 49474 - ::1 Mozilla/4.0+(compatible;+MSIE+6.0;+MS+Web+Services+Client+Protocol+4.0.30319.42000) - 200 0 0 5
2018-04-16 06:02:17 ::1 POST /Service1.svc - 49474 - ::1 - - 200 0 0 8103
2018-04-16 06:02:17 ::1 POST /Service1.svc - 49474 - ::1 - - 200 0 0 400
2018-04-16 06:02:19 ::1 POST /Service1.svc - 49474 - ::1 - - 200 0 0 166
2018-04-16 06:02:23 ::1 POST /Service1.svc - 49474 - ::1 - - 200 0 0 17
2018-04-16 06:02:23 ::1 POST /Service1.svc - 49474 - ::1 - - 200 0 0 27
2018-04-16 06:02:23 ::1 POST /Service1.svc - 49474 - ::1 - - 200 0 0 810
2018-04-16 06:02:24 ::1 POST /Service1.svc - 49474 - ::1 - - 200 0 0 159
2018-04-16 06:02:28 ::1 POST /Service1.svc - 49474 - ::1 - - 200 0 0 950
2018-04-16 06:02:28 ::1 POST /Service1.svc - 49474 - ::1 - - 200 0 0 79
2018-04-16 06:02:28 ::1 POST /Service1.svc - 49474 - ::1 - - 200 0 0 739
2018-04-16 06:02:30 ::1 POST /Service1.svc - 49474 - ::1 - - 200 0 0 35
2018-04-16 06:02:30 ::1 POST /Service1.svc - 49474 - ::1 - - 200 0 0 211
2018-04-16 06:02:47 ::1 POST /Service1.svc - 49474 - ::1 - - 200 0 0 366
2018-04-16 06:02:51 ::1 POST /Service1.svc - 49474 - ::1 - - 200 0 0 87
2018-04-16 06:03:00 ::1 POST /Service1.svc - 49474 - ::1 - - 200 0 0 305
2018-04-16 06:03:20 ::1 POST /Service1.svc - 49474 - ::1 - - 200 0 0 2374
#Software: Microsoft Internet Information Services 10.0
#Version: 1.0
#Date: 2018-04-16 07:10:59
#Fields: date time s-ip cs-method cs-uri-stem cs-uri-query s-port cs-username c-ip cs(User-Agent) cs(Referer) sc-status sc-substatus sc-win32-status time-taken
2018-04-16 07:10:59 ::1 POST /Service1.svc - 49474 - ::1 - - 200 0 0 912
2018-04-16 07:10:59 ::1 POST /Service1.svc - 49474 - ::1 - - 200 0 0 85
2018-04-16 07:10:59 ::1 POST /Service1.svc - 49474 - ::1 - - 200 0 0 28
2018-04-16 07:11:00 ::1 POST /Service1.svc - 49474 - ::1 - - 200 0 0 20
2018-04-16 07:11:00 ::1 POST /Service1.svc - 49474 - ::1 - - 200 0 0 34
2018-04-16 07:11:00 ::1 POST /Service1.svc - 49474 - ::1 - - 200 0 0 121
2018-04-16 07:11:00 ::1 POST /Service1.svc - 49474 - ::1 - - 200 0 0 70
2018-04-16 07:11:08 ::1 POST /Service1.svc - 49474 - ::1 - - 200 0 0 144
2018-04-16 07:11:08 ::1 POST /Service1.svc - 49474 - ::1 - - 200 0 0 81
2018-04-16 07:11:08 ::1 POST /Service1.svc - 49474 - ::1 - - 200 0 0 112
2018-04-16 07:11:08 ::1 POST /Service1.svc - 49474 - ::1 - - 200 0 0 46
2018-04-16 07:11:08 ::1 POST /Service1.svc - 49474 - ::1 - - 200 0 0 32
2018-04-16 07:11:30 ::1 POST /Service1.svc - 49474 - ::1 - - 200 0 0 112
#Software: Microsoft Internet Information Services 10.0
#Version: 1.0
#Date: 2018-04-16 07:35:34
#Fields: date time s-ip cs-method cs-uri-stem cs-uri-query s-port cs-username c-ip cs(User-Agent) cs(Referer) sc-status sc-substatus sc-win32-status time-taken
2018-04-16 07:35:34 ::1 POST /Service1.svc - 49474 - ::1 - - 200 0 0 89
2018-04-16 07:35:34 ::1 POST /Service1.svc - 49474 - ::1 - - 200 0 0 72
2018-04-16 07:35:35 ::1 POST /Service1.svc - 49474 - ::1 - - 200 0 0 601
2018-04-16 07:35:35 ::1 POST /Service1.svc - 49474 - ::1 - - 200 0 0 177
2018-04-16 07:35:35 ::1 POST /Service1.svc - 49474 - ::1 - - 200 0 0 37
2018-04-16 07:35:35 ::1 POST /Service1.svc - 49474 - ::1 - - 200 0 0 42
2018-04-16 07:35:35 ::1 POST /Service1.svc - 49474 - ::1 - - 200 0 0 546
2018-04-16 07:35:39 ::1 POST /Service1.svc - 49474 - ::1 - - 200 0 0 154
2018-04-16 07:35:39 ::1 POST /Service1.svc - 49474 - ::1 - - 200 0 0 153
2018-04-16 07:35:39 ::1 POST /Service1.svc - 49474 - ::1 - - 200 0 0 71
2018-04-16 07:35:40 ::1 POST /Service1.svc - 49474 - ::1 - - 200 0 0 375
2018-04-16 07:35:45 ::1 POST /Service1.svc - 49474 - ::1 - - 200 0 0 1062
2018-04-16 07:35:45 ::1 POST /Service1.svc - 49474 - ::1 - - 200 0 0 108
2018-04-16 07:35:46 ::1 POST /Service1.svc - 49474 - ::1 - - 200 0 0 877
2018-04-16 07:35:46 ::1 POST /Service1.svc - 49474 - ::1 - - 200 0 0 273
2018-04-16 07:40:22 ::1 POST /Service1.svc - 49474 - ::1 - - 200 0 0 41
2018-04-16 07:40:22 ::1 POST /Service1.svc - 49474 - ::1 - - 200 0 0 82
2018-04-16 07:40:22 ::1 POST /Service1.svc - 49474 - ::1 - - 200 0 0 36
2018-04-16 07:40:25 ::1 POST /Service1.svc - 49474 - ::1 - - 200 0 0 432
2018-04-16 07:40:25 ::1 POST /Service1.svc - 49474 - ::1 - - 200 0 0 177
2018-04-16 07:40:25 ::1 POST /Service1.svc - 49474 - ::1 - - 200 0 0 249
2018-04-16 07:40:25 ::1 POST /Service1.svc - 49474 - ::1 - - 200 0 0 333
2018-04-16 07:40:29 ::1 POST /Service1.svc - 49474 - ::1 - - 200 0 0 148
2018-04-16 07:40:29 ::1 POST /Service1.svc - 49474 - ::1 - - 200 0 0 41
2018-04-16 07:40:29 ::1 POST /Service1.svc - 49474 - ::1 - - 200 0 0 187
2018-04-16 07:40:29 ::1 POST /Service1.svc - 49474 - ::1 - - 200 0 0 323
2018-04-16 07:40:31 ::1 POST /Service1.svc - 49474 - ::1 - - 200 0 0 939
2018-04-16 07:44:45 ::1 POST /Service1.svc - 49474 - ::1 - - 200 0 0 48
2018-04-16 07:44:52 ::1 POST /Service1.svc - 49474 - ::1 - - 200 0 0 56
2018-04-16 07:44:52 ::1 POST /Service1.svc - 49474 - ::1 - - 200 0 0 21
2018-04-16 07:44:52 ::1 POST /Service1.svc - 49474 - ::1 - - 200 0 0 21
2018-04-16 07:44:52 ::1 POST /Service1.svc - 49474 - ::1 - - 200 0 0 140
2018-04-16 07:44:52 ::1 POST /Service1.svc - 49474 - ::1 - - 200 0 0 49
2018-04-16 07:44:52 ::1 POST /Service1.svc - 49474 - ::1 - - 200 0 0 68
2018-04-16 07:45:55 ::1 POST /Service1.svc - 49474 - ::1 - - 200 0 0 490
2018-04-16 07:47:11 ::1 POST /Service1.svc - 49474 - ::1 - - 200 0 0 410
2018-04-16 07:48:57 ::1 POST /Service1.svc - 49474 - ::1 - - 200 0 0 240
2018-04-16 07:52:29 ::1 POST /Service1.svc - 49474 - ::1 - - 200 0 0 220
2018-04-16 07:52:29 ::1 POST /Service1.svc - 49474 - ::1 - - 200 0 0 478
2018-04-16 07:52:29 ::1 POST /Service1.svc - 49474 - ::1 - - 200 0 0 198
2018-04-16 07:52:30 ::1 POST /Service1.svc - 49474 - ::1 - - 200 0 0 146
2018-04-16 07:52:30 ::1 POST /Service1.svc - 49474 - ::1 - - 200 0 0 81
2018-04-16 07:52:30 ::1 POST /Service1.svc - 49474 - ::1 - - 200 0 0 161
2018-04-16 07:52:30 ::1 POST /Service1.svc - 49474 - ::1 - - 200 0 0 172
2018-04-16 07:52:34 ::1 POST /Service1.svc - 49474 - ::1 - - 200 0 0 77
2018-04-16 07:52:34 ::1 POST /Service1.svc - 49474 - ::1 - - 200 0 0 24
2018-04-16 07:52:34 ::1 POST /Service1.svc - 49474 - ::1 - - 200 0 0 95
2018-04-16 07:52:34 ::1 POST /Service1.svc - 49474 - ::1 - - 200 0 0 65
2018-04-16 07:52:34 ::1 POST /Service1.svc - 49474 - ::1 - - 200 0 0 32
2018-04-16 07:52:54 ::1 POST /Service1.svc - 49474 - ::1 - - 200 0 0 89
2018-04-16 07:55:45 ::1 POST /Service1.svc - 49474 - ::1 - - 200 0 0 111
2018-04-16 07:55:45 ::1 POST /Service1.svc - 49474 - ::1 - - 200 0 0 57
2018-04-16 07:55:45 ::1 POST /Service1.svc - 49474 - ::1 - - 200 0 0 229
2018-04-16 07:55:50 ::1 POST /Service1.svc - 49474 - ::1 - - 200 0 0 24
2018-04-16 07:55:50 ::1 POST /Service1.svc - 49474 - ::1 - - 200 0 0 48
2018-04-16 07:55:50 ::1 POST /Service1.svc - 49474 - ::1 - - 200 0 0 23
2018-04-16 07:55:50 ::1 POST /Service1.svc - 49474 - ::1 - - 200 0 0 27
2018-04-16 07:55:54 ::1 POST /Service1.svc - 49474 - ::1 - - 200 0 0 27
2018-04-16 07:55:54 ::1 POST /Service1.svc - 49474 - ::1 - - 200 0 0 123
2018-04-16 07:56:41 ::1 POST /Service1.svc - 49474 - ::1 - - 200 0 0 199
2018-04-16 07:58:30 ::1 POST /Service1.svc - 49474 - ::1 - - 200 0 0 92
2018-04-16 07:58:30 ::1 POST /Service1.svc - 49474 - ::1 - - 200 0 0 156
2018-04-16 08:00:23 ::1 POST /Service1.svc - 49474 - ::1 - - 200 0 0 21
2018-04-16 08:00:23 ::1 POST /Service1.svc - 49474 - ::1 - - 200 0 0 16
2018-04-16 08:00:23 ::1 POST /Service1.svc - 49474 - ::1 - - 200 0 0 59
2018-04-16 08:00:23 ::1 POST /Service1.svc - 49474 - ::1 - - 200 0 0 52
2018-04-16 08:00:23 ::1 POST /Service1.svc - 49474 - ::1 - - 200 0 0 27
2018-04-16 08:00:23 ::1 POST /Service1.svc - 49474 - ::1 - - 200 0 0 60
2018-04-16 08:00:23 ::1 POST /Service1.svc - 49474 - ::1 - - 200 0 0 103
2018-04-16 08:00:26 ::1 POST /Service1.svc - 49474 - ::1 - - 200 0 0 150
2018-04-16 08:00:26 ::1 POST /Service1.svc - 49474 - ::1 - - 200 0 0 132
2018-04-16 08:00:26 ::1 POST /Service1.svc - 49474 - ::1 - - 200 0 0 348
2018-04-16 08:00:27 ::1 POST /Service1.svc - 49474 - ::1 - - 200 0 0 759
2018-04-16 08:00:27 ::1 POST /Service1.svc - 49474 - ::1 - - 200 0 0 74
2018-04-16 08:05:12 ::1 POST /Service1.svc - 49474 - ::1 - - 200 0 0 74
2018-04-16 08:05:12 ::1 POST /Service1.svc - 49474 - ::1 - - 200 0 0 95
2018-04-16 08:05:12 ::1 POST /Service1.svc - 49474 - ::1 - - 200 0 0 23
2018-04-16 08:05:12 ::1 POST /Service1.svc - 49474 - ::1 - - 200 0 0 92
2018-04-16 08:05:12 ::1 POST /Service1.svc - 49474 - ::1 - - 200 0 0 43
2018-04-16 08:05:12 ::1 POST /Service1.svc - 49474 - ::1 - - 200 0 0 57
2018-04-16 08:05:12 ::1 POST /Service1.svc - 49474 - ::1 - - 200 0 0 68
2018-04-16 08:05:14 ::1 POST /Service1.svc - 49474 - ::1 - - 200 0 0 89
2018-04-16 08:05:14 ::1 POST /Service1.svc - 49474 - ::1 - - 200 0 0 22
2018-04-16 08:05:14 ::1 POST /Service1.svc - 49474 - ::1 - - 200 0 0 46
2018-04-16 08:13:13 ::1 POST /Service1.svc - 49474 - ::1 - - 200 0 0 99
2018-04-16 08:13:13 ::1 POST /Service1.svc - 49474 - ::1 - - 200 0 0 77
2018-04-16 08:13:13 ::1 POST /Service1.svc - 49474 - ::1 - - 200 0 0 11
2018-04-16 08:13:13 ::1 POST /Service1.svc - 49474 - ::1 - - 200 0 0 36
2018-04-16 08:13:13 ::1 POST /Service1.svc - 49474 - ::1 - - 200 0 0 28
2018-04-16 08:13:13 ::1 POST /Service1.svc - 49474 - ::1 - - 200 0 0 27
2018-04-16 08:13:13 ::1 POST /Service1.svc - 49474 - ::1 - - 200 0 0 33
2018-04-16 08:13:18 ::1 POST /Service1.svc - 49474 - ::1 - - 200 0 0 25
2018-04-16 08:13:18 ::1 POST /Service1.svc - 49474 - ::1 - - 200 0 0 158
2018-04-16 08:13:18 ::1 POST /Service1.svc - 49474 - ::1 - - 200 0 0 45
2018-04-16 08:13:22 ::1 POST /Service1.svc - 49474 - ::1 - - 200 0 0 24
2018-04-16 08:13:22 ::1 POST /Service1.svc - 49474 - ::1 - - 200 0 0 44
2018-04-16 08:15:47 ::1 POST /Service1.svc - 49474 - ::1 - - 200 0 0 47
2018-04-16 08:15:47 ::1 POST /Service1.svc - 49474 - ::1 - - 200 0 0 80
2018-04-16 08:15:47 ::1 POST /Service1.svc - 49474 - ::1 - - 200 0 0 202
2018-04-16 08:15:47 ::1 POST /Service1.svc - 49474 - ::1 - - 200 0 0 81
2018-04-16 08:15:47 ::1 POST /Service1.svc - 49474 - ::1 - - 200 0 0 39
2018-04-16 08:15:47 ::1 POST /Service1.svc - 49474 - ::1 - - 200 0 0 38
2018-04-16 08:15:47 ::1 POST /Service1.svc - 49474 - ::1 - - 200 0 0 121
2018-04-16 08:15:52 ::1 POST /Service1.svc - 49474 - ::1 - - 200 0 0 43
2018-04-16 08:15:52 ::1 POST /Service1.svc - 49474 - ::1 - - 200 0 0 14
2018-04-16 08:15:52 ::1 POST /Service1.svc - 49474 - ::1 - - 200 0 0 33
2018-04-16 08:15:52 ::1 POST /Service1.svc - 49474 - ::1 - - 200 0 0 32
2018-04-16 08:15:52 ::1 POST /Service1.svc - 49474 - ::1 - - 200 0 0 78
2018-04-16 08:16:11 ::1 POST /Service1.svc - 49474 - ::1 - - 200 0 0 30
2018-04-16 08:22:38 ::1 POST /Service1.svc - 49474 - ::1 - - 200 0 0 125
2018-04-16 08:22:38 ::1 POST /Service1.svc - 49474 - ::1 - - 200 0 0 12
2018-04-16 08:22:38 ::1 POST /Service1.svc - 49474 - ::1 - - 200 0 0 36
2018-04-16 08:22:38 ::1 POST /Service1.svc - 49474 - ::1 - - 200 0 0 64
2018-04-16 08:22:38 ::1 POST /Service1.svc - 49474 - ::1 - - 200 0 0 18
2018-04-16 08:22:38 ::1 POST /Service1.svc - 49474 - ::1 - - 200 0 0 78
2018-04-16 08:22:38 ::1 POST /Service1.svc - 49474 - ::1 - - 200 0 0 66
2018-04-16 08:22:41 ::1 POST /Service1.svc - 49474 - ::1 - - 200 0 0 127
2018-04-16 08:22:41 ::1 POST /Service1.svc - 49474 - ::1 - - 200 0 0 197
2018-04-16 08:22:41 ::1 POST /Service1.svc - 49474 - ::1 - - 200 0 0 146
2018-04-16 08:22:41 ::1 POST /Service1.svc - 49474 - ::1 - - 200 0 0 91
2018-04-16 08:22:41 ::1 POST /Service1.svc - 49474 - ::1 - - 200 0 0 173
2018-04-16 08:22:55 ::1 POST /Service1.svc - 49474 - ::1 - - 200 0 0 34
2018-04-16 08:23:08 ::1 POST /Service1.svc - 49474 - ::1 - - 200 0 0 610
#Software: Microsoft Internet Information Services 10.0
#Version: 1.0
#Date: 2018-04-16 09:05:09
#Fields: date time s-ip cs-method cs-uri-stem cs-uri-query s-port cs-username c-ip cs(User-Agent) cs(Referer) sc-status sc-substatus sc-win32-status time-taken
2018-04-16 09:05:09 ::1 POST /Service1.svc - 49474 - ::1 - - 200 0 0 108
2018-04-16 09:05:09 ::1 POST /Service1.svc - 49474 - ::1 - - 200 0 0 80
2018-04-16 09:05:09 ::1 POST /Service1.svc - 49474 - ::1 - - 200 0 0 67
2018-04-16 09:05:10 ::1 POST /Service1.svc - 49474 - ::1 - - 200 0 0 90
2018-04-16 09:05:10 ::1 POST /Service1.svc - 49474 - ::1 - - 200 0 0 78
2018-04-16 09:05:10 ::1 POST /Service1.svc - 49474 - ::1 - - 200 0 0 16
2018-04-16 09:05:10 ::1 POST /Service1.svc - 49474 - ::1 - - 200 0 0 14
#Software: Microsoft Internet Information Services 10.0
#Version: 1.0
#Date: 2018-04-16 11:04:20
#Fields: date time s-ip cs-method cs-uri-stem cs-uri-query s-port cs-username c-ip cs(User-Agent) cs(Referer) sc-status sc-substatus sc-win32-status time-taken
2018-04-16 11:04:20 ::1 POST /Service1.svc - 49474 - ::1 - - 200 0 0 566
2018-04-16 11:04:20 ::1 POST /Service1.svc - 49474 - ::1 - - 200 0 0 85
2018-04-16 11:04:20 ::1 POST /Service1.svc - 49474 - ::1 - - 200 0 0 150
2018-04-16 11:04:22 ::1 POST /Service1.svc - 49474 - ::1 - - 200 0 0 56
2018-04-16 11:04:22 ::1 POST /Service1.svc - 49474 - ::1 - - 200 0 0 391
2018-04-16 11:04:22 ::1 POST /Service1.svc - 49474 - ::1 - - 200 0 0 162
2018-04-16 11:04:22 ::1 POST /Service1.svc - 49474 - ::1 - - 200 0 0 173
2018-04-16 11:04:25 ::1 POST /Service1.svc - 49474 - ::1 - - 200 0 0 286
2018-04-16 11:04:25 ::1 POST /Service1.svc - 49474 - ::1 - - 200 0 0 55
2018-04-16 11:04:25 ::1 POST /Service1.svc - 49474 - ::1 - - 200 0 0 367
2018-04-16 11:04:25 ::1 POST /Service1.svc - 49474 - ::1 - - 200 0 0 108
2018-04-16 11:04:26 ::1 POST /Service1.svc - 49474 - ::1 - - 200 0 0 258
2018-04-16 11:04:37 ::1 POST /Service1.svc - 49474 - ::1 - - 200 0 0 80
2018-04-16 11:04:41 ::1 POST /Service1.svc - 49474 - ::1 - - 200 0 0 77
2018-04-16 11:04:42 ::1 POST /Service1.svc - 49474 - ::1 - - 200 0 0 91
2018-04-16 11:05:09 ::1 POST /Service1.svc - 49474 - ::1 - - 200 0 0 26357
2018-04-16 11:05:14 ::1 POST /Service1.svc - 49474 - ::1 - - 200 0 0 102
2018-04-16 11:05:14 ::1 POST /Service1.svc - 49474 - ::1 - - 200 0 0 94
2018-04-16 11:05:14 ::1 POST /Service1.svc - 49474 - ::1 - - 200 0 0 47
2018-04-16 11:05:14 ::1 POST /Service1.svc - 49474 - ::1 - - 200 0 0 60
2018-04-16 11:05:14 ::1 POST /Service1.svc - 49474 - ::1 - - 200 0 0 58
2018-04-16 11:05:14 ::1 POST /Service1.svc - 49474 - ::1 - - 200 0 0 97
2018-04-16 11:05:14 ::1 POST /Service1.svc - 49474 - ::1 - - 200 0 0 60
2018-04-16 11:05:17 ::1 POST /Service1.svc - 49474 - ::1 - - 200 0 0 106
2018-04-16 11:05:17 ::1 POST /Service1.svc - 49474 - ::1 - - 200 0 0 27
2018-04-16 11:05:17 ::1 POST /Service1.svc - 49474 - ::1 - - 200 0 0 91
2018-04-16 11:05:17 ::1 POST /Service1.svc - 49474 - ::1 - - 200 0 0 69
2018-04-16 11:05:17 ::1 POST /Service1.svc - 49474 - ::1 - - 200 0 0 161
2018-04-16 11:05:29 ::1 POST /Service1.svc - 49474 - ::1 - - 200 0 0 49
2018-04-16 11:05:43 ::1 POST /Service1.svc - 49474 - ::1 - - 200 0 0 285
2018-04-16 11:08:02 ::1 POST /Service1.svc - 49474 - ::1 - - 200 0 0 35
2018-04-16 11:08:02 ::1 POST /Service1.svc - 49474 - ::1 - - 200 0 0 765
2018-04-16 11:08:04 ::1 POST /Service1.svc - 49474 - ::1 - - 200 0 0 161
2018-04-16 11:08:04 ::1 POST /Service1.svc - 49474 - ::1 - - 200 0 0 681
2018-04-16 11:08:04 ::1 POST /Service1.svc - 49474 - ::1 - - 200 0 0 52
2018-04-16 11:08:05 ::1 POST /Service1.svc - 49474 - ::1 - - 200 0 0 599
2018-04-16 11:08:05 ::1 POST /Service1.svc - 49474 - ::1 - - 200 0 0 398
2018-04-16 11:08:08 ::1 POST /Service1.svc - 49474 - ::1 - - 200 0 0 155
2018-04-16 11:08:08 ::1 POST /Service1.svc - 49474 - ::1 - - 200 0 0 25
2018-04-16 11:08:08 ::1 POST /Service1.svc - 49474 - ::1 - - 200 0 0 188
2018-04-16 11:08:08 ::1 POST /Service1.svc - 49474 - ::1 - - 200 0 0 146
2018-04-16 11:08:08 ::1 POST /Service1.svc - 49474 - ::1 - - 200 0 0 69
2018-04-16 11:08:24 ::1 POST /Service1.svc - 49474 - ::1 - - 200 0 0 186
2018-04-16 11:08:27 ::1 POST /Service1.svc - 49474 - ::1 - - 200 0 0 37
2018-04-16 11:14:24 ::1 POST /Service1.svc - 49474 - ::1 - - 200 0 0 78
2018-04-16 11:14:24 ::1 POST /Service1.svc - 49474 - ::1 - - 200 0 0 247
2018-04-16 11:14:24 ::1 POST /Service1.svc - 49474 - ::1 - - 200 0 0 18
2018-04-16 11:14:24 ::1 POST /Service1.svc - 49474 - ::1 - - 200 0 0 23
2018-04-16 11:14:24 ::1 POST /Service1.svc - 49474 - ::1 - - 200 0 0 97
2018-04-16 11:14:24 ::1 POST /Service1.svc - 49474 - ::1 - - 200 0 0 57
2018-04-16 11:14:24 ::1 POST /Service1.svc - 49474 - ::1 - - 200 0 0 29
2018-04-16 11:14:53 ::1 POST /Service1.svc - 49474 - ::1 - - 200 0 0 89
2018-04-16 11:14:53 ::1 POST /Service1.svc - 49474 - ::1 - - 200 0 0 16
2018-04-16 11:14:53 ::1 POST /Service1.svc - 49474 - ::1 - - 200 0 0 105
2018-04-16 11:14:53 ::1 POST /Service1.svc - 49474 - ::1 - - 200 0 0 15
2018-04-16 11:14:53 ::1 POST /Service1.svc - 49474 - ::1 - - 200 0 0 47
2018-04-16 11:17:10 ::1 POST /Service1.svc - 49474 - ::1 - - 200 0 0 63
2018-04-16 11:17:10 ::1 POST /Service1.svc - 49474 - ::1 - - 200 0 0 63
2018-04-16 11:17:10 ::1 POST /Service1.svc - 49474 - ::1 - - 200 0 0 15
2018-04-16 11:17:10 ::1 POST /Service1.svc - 49474 - ::1 - - 200 0 0 17
2018-04-16 11:17:10 ::1 POST /Service1.svc - 49474 - ::1 - - 200 0 0 54
2018-04-16 11:17:10 ::1 POST /Service1.svc - 49474 - ::1 - - 200 0 0 26
2018-04-16 11:17:10 ::1 POST /Service1.svc - 49474 - ::1 - - 200 0 0 28
2018-04-16 11:17:16 ::1 POST /Service1.svc - 49474 - ::1 - - 200 0 0 89
2018-04-16 11:17:16 ::1 POST /Service1.svc - 49474 - ::1 - - 200 0 0 325
2018-04-16 11:17:16 ::1 POST /Service1.svc - 49474 - ::1 - - 200 0 0 48
2018-04-16 11:17:16 ::1 POST /Service1.svc - 49474 - ::1 - - 200 0 0 127
2018-04-16 11:17:16 ::1 POST /Service1.svc - 49474 - ::1 - - 200 0 0 55
