#Software: Microsoft Internet Information Services 10.0
#Version: 1.0
#Date: 2018-05-03 07:38:22
#Fields: date time s-ip cs-method cs-uri-stem cs-uri-query s-port cs-username c-ip cs(User-Agent) cs(Referer) sc-status sc-substatus sc-win32-status time-taken
2018-05-03 07:38:22 ::1 POST /Service1.svc - 49474 - ::1 - - 415 0 0 30838
2018-05-03 07:38:22 ::1 POST /Service1.svc/mex - 49474 - ::1 - - 415 0 0 10
2018-05-03 07:38:29 ::1 GET /Service1.svc - 49474 - ::1 Mozilla/4.0+(compatible;+MSIE+6.0;+MS+Web+Services+Client+Protocol+4.0.30319.42000) - 200 0 0 6505
2018-05-03 07:38:29 ::1 GET /Service1.svc disco 49474 - ::1 Mozilla/4.0+(compatible;+MSIE+6.0;+MS+Web+Services+Client+Protocol+4.0.30319.42000) - 200 0 0 38
2018-05-03 07:38:29 ::1 GET /Service1.svc wsdl 49474 - ::1 Mozilla/4.0+(compatible;+MSIE+6.0;+MS+Web+Services+Client+Protocol+4.0.30319.42000) - 200 0 0 381
2018-05-03 07:38:34 ::1 GET /Service1.svc xsd=xsd0 49474 - ::1 Mozilla/4.0+(compatible;+MSIE+6.0;+MS+Web+Services+Client+Protocol+4.0.30319.42000) - 200 0 0 3669
2018-05-03 07:38:34 ::1 GET /Service1.svc xsd=xsd2 49474 - ::1 Mozilla/4.0+(compatible;+MSIE+6.0;+MS+Web+Services+Client+Protocol+4.0.30319.42000) - 200 0 0 17
2018-05-03 07:38:34 ::1 GET /Service1.svc xsd=xsd3 49474 - ::1 Mozilla/4.0+(compatible;+MSIE+6.0;+MS+Web+Services+Client+Protocol+4.0.30319.42000) - 200 0 0 17
2018-05-03 07:38:34 ::1 GET /Service1.svc xsd=xsd1 49474 - ::1 Mozilla/4.0+(compatible;+MSIE+6.0;+MS+Web+Services+Client+Protocol+4.0.30319.42000) - 200 0 0 15
2018-05-03 07:39:26 ::1 GET /Service1.svc - 49474 - ::1 Mozilla/4.0+(compatible;+MSIE+6.0;+MS+Web+Services+Client+Protocol+4.0.30319.42000) - 200 0 0 57
2018-05-03 07:39:26 ::1 GET /Service1.svc disco 49474 - ::1 Mozilla/4.0+(compatible;+MSIE+6.0;+MS+Web+Services+Client+Protocol+4.0.30319.42000) - 200 0 0 30
2018-05-03 07:39:26 ::1 GET /Service1.svc wsdl 49474 - ::1 Mozilla/4.0+(compatible;+MSIE+6.0;+MS+Web+Services+Client+Protocol+4.0.30319.42000) - 200 0 0 65
2018-05-03 07:39:26 ::1 GET /Service1.svc/$metadata - 49474 - ::1 Mozilla/4.0+(compatible;+MSIE+6.0;+MS+Web+Services+Client+Protocol+4.0.30319.42000) - 400 0 0 315
2018-05-03 07:39:26 ::1 GET /Service1.svc xsd=xsd0 49474 - ::1 Mozilla/4.0+(compatible;+MSIE+6.0;+MS+Web+Services+Client+Protocol+4.0.30319.42000) - 200 0 0 44
2018-05-03 07:39:26 ::1 GET /Service1.svc xsd=xsd2 49474 - ::1 Mozilla/4.0+(compatible;+MSIE+6.0;+MS+Web+Services+Client+Protocol+4.0.30319.42000) - 200 0 0 64
2018-05-03 07:39:26 ::1 GET /Service1.svc xsd=xsd3 49474 - ::1 Mozilla/4.0+(compatible;+MSIE+6.0;+MS+Web+Services+Client+Protocol+4.0.30319.42000) - 200 0 0 74
2018-05-03 07:39:26 ::1 GET /Service1.svc xsd=xsd1 49474 - ::1 Mozilla/4.0+(compatible;+MSIE+6.0;+MS+Web+Services+Client+Protocol+4.0.30319.42000) - 200 0 0 20
2018-05-03 07:39:29 ::1 POST /Service1.svc - 49474 - ::1 - - 415 0 0 76
2018-05-03 07:39:29 ::1 POST /Service1.svc/mex - 49474 - ::1 - - 415 0 0 78
2018-05-03 07:40:35 ::1 GET /Service1.svc/$metadata - 49474 - ::1 Mozilla/4.0+(compatible;+MSIE+6.0;+MS+Web+Services+Client+Protocol+4.0.30319.42000) - 400 0 0 24
2018-05-03 07:40:35 ::1 GET /Service1.svc - 49474 - ::1 Mozilla/4.0+(compatible;+MSIE+6.0;+MS+Web+Services+Client+Protocol+4.0.30319.42000) - 200 0 0 26
2018-05-03 07:40:35 ::1 GET /Service1.svc disco 49474 - ::1 Mozilla/4.0+(compatible;+MSIE+6.0;+MS+Web+Services+Client+Protocol+4.0.30319.42000) - 200 0 0 9
2018-05-03 07:40:35 ::1 GET /Service1.svc wsdl 49474 - ::1 Mozilla/4.0+(compatible;+MSIE+6.0;+MS+Web+Services+Client+Protocol+4.0.30319.42000) - 200 0 0 24
2018-05-03 07:40:35 ::1 GET /Service1.svc xsd=xsd0 49474 - ::1 Mozilla/4.0+(compatible;+MSIE+6.0;+MS+Web+Services+Client+Protocol+4.0.30319.42000) - 200 0 0 55
2018-05-03 07:40:35 ::1 POST /Service1.svc - 49474 - ::1 - - 415 0 0 136
2018-05-03 07:40:35 ::1 POST /Service1.svc/mex - 49474 - ::1 - - 415 0 0 197
2018-05-03 07:40:35 ::1 GET /Service1.svc xsd=xsd2 49474 - ::1 Mozilla/4.0+(compatible;+MSIE+6.0;+MS+Web+Services+Client+Protocol+4.0.30319.42000) - 200 0 0 175
2018-05-03 07:40:35 ::1 GET /Service1.svc xsd=xsd3 49474 - ::1 Mozilla/4.0+(compatible;+MSIE+6.0;+MS+Web+Services+Client+Protocol+4.0.30319.42000) - 200 0 0 32
2018-05-03 07:40:35 ::1 GET /Service1.svc xsd=xsd1 49474 - ::1 Mozilla/4.0+(compatible;+MSIE+6.0;+MS+Web+Services+Client+Protocol+4.0.30319.42000) - 200 0 0 15
2018-05-03 07:41:25 ::1 POST /Service1.svc - 49474 - ::1 - - 200 0 0 7200
2018-05-03 07:41:25 ::1 POST /Service1.svc - 49474 - ::1 - - 200 0 0 782
2018-05-03 07:41:27 ::1 POST /Service1.svc - 49474 - ::1 - - 200 0 0 739
2018-05-03 07:41:27 ::1 POST /Service1.svc - 49474 - ::1 - - 200 0 0 487
2018-05-03 07:41:27 ::1 POST /Service1.svc - 49474 - ::1 - - 200 0 0 266
2018-05-03 07:41:27 ::1 POST /Service1.svc - 49474 - ::1 - - 200 0 0 54
2018-05-03 07:41:27 ::1 POST /Service1.svc - 49474 - ::1 - - 200 0 0 127
2018-05-03 07:41:28 ::1 POST /Service1.svc - 49474 - ::1 - - 200 0 0 50
2018-05-03 07:41:28 ::1 POST /Service1.svc - 49474 - ::1 - - 200 0 0 154
2018-05-03 07:41:28 ::1 POST /Service1.svc - 49474 - ::1 - - 200 0 0 203
2018-05-03 07:41:28 ::1 POST /Service1.svc - 49474 - ::1 - - 200 0 0 119
2018-05-03 07:41:28 ::1 POST /Service1.svc - 49474 - ::1 - - 200 0 0 228
2018-05-03 07:41:40 ::1 POST /Service1.svc - 49474 - ::1 - - 200 0 0 38
2018-05-03 07:41:40 ::1 POST /Service1.svc - 49474 - ::1 - - 200 0 0 68
2018-05-03 07:41:40 ::1 POST /Service1.svc - 49474 - ::1 - - 200 0 0 24
2018-05-03 07:41:40 ::1 POST /Service1.svc - 49474 - ::1 - - 200 0 0 22
2018-05-03 07:41:40 ::1 POST /Service1.svc - 49474 - ::1 - - 200 0 0 89
2018-05-03 07:41:40 ::1 POST /Service1.svc - 49474 - ::1 - - 200 0 0 77
2018-05-03 07:41:40 ::1 POST /Service1.svc - 49474 - ::1 - - 200 0 0 36
2018-05-03 07:41:40 ::1 POST /Service1.svc - 49474 - ::1 - - 200 0 0 21
2018-05-03 07:41:40 ::1 POST /Service1.svc - 49474 - ::1 - - 200 0 0 23
2018-05-03 07:41:40 ::1 POST /Service1.svc - 49474 - ::1 - - 200 0 0 35
2018-05-03 07:41:40 ::1 POST /Service1.svc - 49474 - ::1 - - 200 0 0 102
2018-05-03 07:41:40 ::1 POST /Service1.svc - 49474 - ::1 - - 200 0 0 36
2018-05-03 07:41:42 ::1 POST /Service1.svc - 49474 - ::1 - - 200 0 0 579
2018-05-03 07:41:42 ::1 POST /Service1.svc - 49474 - ::1 - - 200 0 0 305
2018-05-03 07:41:42 ::1 POST /Service1.svc - 49474 - ::1 - - 200 0 0 202
2018-05-03 07:41:42 ::1 POST /Service1.svc - 49474 - ::1 - - 200 0 0 36
2018-05-03 07:41:42 ::1 POST /Service1.svc - 49474 - ::1 - - 200 0 0 93
2018-05-03 07:41:44 ::1 POST /Service1.svc - 49474 - ::1 - - 200 0 0 19
2018-05-03 07:41:44 ::1 POST /Service1.svc - 49474 - ::1 - - 200 0 0 67
2018-05-03 07:41:44 ::1 POST /Service1.svc - 49474 - ::1 - - 200 0 0 42
2018-05-03 07:41:44 ::1 POST /Service1.svc - 49474 - ::1 - - 200 0 0 203
2018-05-03 07:41:44 ::1 POST /Service1.svc - 49474 - ::1 - - 200 0 0 20
2018-05-03 07:41:44 ::1 POST /Service1.svc - 49474 - ::1 - - 200 0 0 161
2018-05-03 07:41:44 ::1 POST /Service1.svc - 49474 - ::1 - - 200 0 0 21
2018-05-03 07:41:44 ::1 POST /Service1.svc - 49474 - ::1 - - 200 0 0 71
2018-05-03 07:41:44 ::1 POST /Service1.svc - 49474 - ::1 - - 200 0 0 46
2018-05-03 07:41:44 ::1 POST /Service1.svc - 49474 - ::1 - - 200 0 0 116
2018-05-03 07:41:44 ::1 POST /Service1.svc - 49474 - ::1 - - 200 0 0 74
2018-05-03 07:41:44 ::1 POST /Service1.svc - 49474 - ::1 - - 200 0 0 46
2018-05-03 07:41:44 ::1 POST /Service1.svc - 49474 - ::1 - - 200 0 0 116
2018-05-03 07:41:45 ::1 POST /Service1.svc - 49474 - ::1 - - 200 0 0 56
2018-05-03 07:41:45 ::1 POST /Service1.svc - 49474 - ::1 - - 200 0 0 68
2018-05-03 07:41:45 ::1 POST /Service1.svc - 49474 - ::1 - - 200 0 0 381
2018-05-03 07:41:45 ::1 POST /Service1.svc - 49474 - ::1 - - 200 0 0 79
2018-05-03 07:41:45 ::1 POST /Service1.svc - 49474 - ::1 - - 200 0 0 83
2018-05-03 07:41:45 ::1 POST /Service1.svc - 49474 - ::1 - - 200 0 0 69
2018-05-03 07:41:45 ::1 POST /Service1.svc - 49474 - ::1 - - 200 0 0 61
2018-05-03 07:41:45 ::1 POST /Service1.svc - 49474 - ::1 - - 200 0 0 43
2018-05-03 07:41:45 ::1 POST /Service1.svc - 49474 - ::1 - - 200 0 0 67
2018-05-03 07:41:45 ::1 POST /Service1.svc - 49474 - ::1 - - 200 0 0 66
2018-05-03 07:41:47 ::1 POST /Service1.svc - 49474 - ::1 - - 200 0 0 275
2018-05-03 07:41:47 ::1 POST /Service1.svc - 49474 - ::1 - - 200 0 0 49
2018-05-03 07:41:47 ::1 POST /Service1.svc - 49474 - ::1 - - 200 0 0 479
2018-05-03 07:41:48 ::1 POST /Service1.svc - 49474 - ::1 - - 200 0 0 247
2018-05-03 07:41:48 ::1 POST /Service1.svc - 49474 - ::1 - - 200 0 0 580
2018-05-03 07:41:49 ::1 POST /Service1.svc - 49474 - ::1 - - 200 0 0 685
2018-05-03 07:42:23 ::1 POST /Service1.svc - 49474 - ::1 - - 200 0 0 35
2018-05-03 07:42:23 ::1 POST /Service1.svc - 49474 - ::1 - - 200 0 0 42
2018-05-03 07:42:23 ::1 POST /Service1.svc - 49474 - ::1 - - 200 0 0 45
2018-05-03 07:42:23 ::1 POST /Service1.svc - 49474 - ::1 - - 200 0 0 29
2018-05-03 07:42:23 ::1 POST /Service1.svc - 49474 - ::1 - - 200 0 0 25
2018-05-03 07:42:23 ::1 POST /Service1.svc - 49474 - ::1 - - 200 0 0 23
2018-05-03 07:42:23 ::1 POST /Service1.svc - 49474 - ::1 - - 200 0 0 50
2018-05-03 07:42:23 ::1 POST /Service1.svc - 49474 - ::1 - - 200 0 0 21
2018-05-03 07:42:23 ::1 POST /Service1.svc - 49474 - ::1 - - 200 0 0 199
2018-05-03 07:42:23 ::1 POST /Service1.svc - 49474 - ::1 - - 200 0 0 23
2018-05-03 07:42:23 ::1 POST /Service1.svc - 49474 - ::1 - - 200 0 0 57
2018-05-03 07:42:23 ::1 POST /Service1.svc - 49474 - ::1 - - 200 0 0 38
2018-05-03 07:42:23 ::1 POST /Service1.svc - 49474 - ::1 - - 200 0 0 70
2018-05-03 07:42:23 ::1 POST /Service1.svc - 49474 - ::1 - - 200 0 0 119
2018-05-03 07:42:24 ::1 POST /Service1.svc - 49474 - ::1 - - 200 0 0 109
2018-05-03 07:42:24 ::1 POST /Service1.svc - 49474 - ::1 - - 200 0 0 68
2018-05-03 07:42:24 ::1 POST /Service1.svc - 49474 - ::1 - - 200 0 0 73
2018-05-03 07:42:36 ::1 POST /Service1.svc - 49474 - ::1 - - 200 0 0 31
2018-05-03 07:42:36 ::1 POST /Service1.svc - 49474 - ::1 - - 200 0 0 80
2018-05-03 07:42:36 ::1 POST /Service1.svc - 49474 - ::1 - - 200 0 0 51
2018-05-03 07:42:36 ::1 POST /Service1.svc - 49474 - ::1 - - 200 0 0 42
2018-05-03 07:42:36 ::1 POST /Service1.svc - 49474 - ::1 - - 200 0 0 31
2018-05-03 07:42:36 ::1 POST /Service1.svc - 49474 - ::1 - - 200 0 0 39
2018-05-03 07:42:36 ::1 POST /Service1.svc - 49474 - ::1 - - 200 0 0 21
2018-05-03 07:42:36 ::1 POST /Service1.svc - 49474 - ::1 - - 200 0 0 19
2018-05-03 07:42:36 ::1 POST /Service1.svc - 49474 - ::1 - - 200 0 0 54
2018-05-03 07:42:36 ::1 POST /Service1.svc - 49474 - ::1 - - 200 0 0 25
2018-05-03 07:42:36 ::1 POST /Service1.svc - 49474 - ::1 - - 200 0 0 56
2018-05-03 07:42:36 ::1 POST /Service1.svc - 49474 - ::1 - - 200 0 0 49
2018-05-03 07:44:57 ::1 POST /Service1.svc - 49474 - ::1 - - 200 0 0 70
2018-05-03 07:44:57 ::1 POST /Service1.svc - 49474 - ::1 - - 200 0 0 25
2018-05-03 07:44:57 ::1 POST /Service1.svc - 49474 - ::1 - - 200 0 0 106
2018-05-03 07:44:57 ::1 POST /Service1.svc - 49474 - ::1 - - 200 0 0 108
2018-05-03 07:44:57 ::1 POST /Service1.svc - 49474 - ::1 - - 200 0 0 89
2018-05-03 07:44:57 ::1 POST /Service1.svc - 49474 - ::1 - - 200 0 0 73
2018-05-03 07:44:57 ::1 POST /Service1.svc - 49474 - ::1 - - 200 0 0 23
2018-05-03 07:44:57 ::1 POST /Service1.svc - 49474 - ::1 - - 200 0 0 62
2018-05-03 07:44:57 ::1 POST /Service1.svc - 49474 - ::1 - - 200 0 0 126
2018-05-03 07:44:57 ::1 POST /Service1.svc - 49474 - ::1 - - 200 0 0 35
2018-05-03 07:44:57 ::1 POST /Service1.svc - 49474 - ::1 - - 200 0 0 27
2018-05-03 07:44:57 ::1 POST /Service1.svc - 49474 - ::1 - - 200 0 0 23
2018-05-03 07:45:09 ::1 POST /Service1.svc - 49474 - ::1 - - 200 0 0 17
2018-05-03 07:45:09 ::1 POST /Service1.svc - 49474 - ::1 - - 200 0 0 29
2018-05-03 07:45:09 ::1 POST /Service1.svc - 49474 - ::1 - - 200 0 0 41
2018-05-03 07:45:09 ::1 POST /Service1.svc - 49474 - ::1 - - 200 0 0 37
2018-05-03 07:45:09 ::1 POST /Service1.svc - 49474 - ::1 - - 200 0 0 29
2018-05-03 07:45:09 ::1 POST /Service1.svc - 49474 - ::1 - - 200 0 0 40
2018-05-03 07:45:09 ::1 POST /Service1.svc - 49474 - ::1 - - 200 0 0 20
2018-05-03 07:45:09 ::1 POST /Service1.svc - 49474 - ::1 - - 200 0 0 17
2018-05-03 07:45:09 ::1 POST /Service1.svc - 49474 - ::1 - - 200 0 0 50
2018-05-03 07:45:09 ::1 POST /Service1.svc - 49474 - ::1 - - 200 0 0 403
2018-05-03 07:45:09 ::1 POST /Service1.svc - 49474 - ::1 - - 200 0 0 41
2018-05-03 07:45:09 ::1 POST /Service1.svc - 49474 - ::1 - - 200 0 0 32
2018-05-03 07:45:10 ::1 POST /Service1.svc - 49474 - ::1 - - 200 0 0 205
2018-05-03 07:45:10 ::1 POST /Service1.svc - 49474 - ::1 - - 200 0 0 58
2018-05-03 07:45:10 ::1 POST /Service1.svc - 49474 - ::1 - - 200 0 0 203
2018-05-03 07:45:10 ::1 POST /Service1.svc - 49474 - ::1 - - 200 0 0 77
2018-05-03 07:45:10 ::1 POST /Service1.svc - 49474 - ::1 - - 200 0 0 58
2018-05-03 07:45:12 ::1 POST /Service1.svc - 49474 - ::1 - - 200 0 0 73
2018-05-03 07:45:12 ::1 POST /Service1.svc - 49474 - ::1 - - 200 0 0 36
2018-05-03 07:45:12 ::1 POST /Service1.svc - 49474 - ::1 - - 200 0 0 17
2018-05-03 07:45:12 ::1 POST /Service1.svc - 49474 - ::1 - - 200 0 0 36
2018-05-03 07:45:12 ::1 POST /Service1.svc - 49474 - ::1 - - 200 0 0 62
2018-05-03 07:45:12 ::1 POST /Service1.svc - 49474 - ::1 - - 200 0 0 106
2018-05-03 07:45:12 ::1 POST /Service1.svc - 49474 - ::1 - - 200 0 0 40
2018-05-03 07:45:12 ::1 POST /Service1.svc - 49474 - ::1 - - 200 0 0 40
2018-05-03 07:45:12 ::1 POST /Service1.svc - 49474 - ::1 - - 200 0 0 23
2018-05-03 07:45:12 ::1 POST /Service1.svc - 49474 - ::1 - - 200 0 0 128
2018-05-03 07:45:12 ::1 POST /Service1.svc - 49474 - ::1 - - 200 0 0 53
2018-05-03 07:45:12 ::1 POST /Service1.svc - 49474 - ::1 - - 200 0 0 79
2018-05-03 07:45:12 ::1 POST /Service1.svc - 49474 - ::1 - - 200 0 0 118
2018-05-03 07:45:12 ::1 POST /Service1.svc - 49474 - ::1 - - 200 0 0 76
2018-05-03 07:45:12 ::1 POST /Service1.svc - 49474 - ::1 - - 200 0 0 39
2018-05-03 07:45:12 ::1 POST /Service1.svc - 49474 - ::1 - - 200 0 0 22
2018-05-03 07:45:12 ::1 POST /Service1.svc - 49474 - ::1 - - 200 0 0 102
2018-05-03 07:45:13 ::1 POST /Service1.svc - 49474 - ::1 - - 200 0 0 42
2018-05-03 07:45:13 ::1 POST /Service1.svc - 49474 - ::1 - - 200 0 0 60
2018-05-03 07:45:13 ::1 POST /Service1.svc - 49474 - ::1 - - 200 0 0 135
2018-05-03 07:45:13 ::1 POST /Service1.svc - 49474 - ::1 - - 200 0 0 43
2018-05-03 07:45:13 ::1 POST /Service1.svc - 49474 - ::1 - - 200 0 0 89
2018-05-03 07:45:13 ::1 POST /Service1.svc - 49474 - ::1 - - 200 0 0 75
2018-05-03 07:45:13 ::1 POST /Service1.svc - 49474 - ::1 - - 200 0 0 54
2018-05-03 07:45:13 ::1 POST /Service1.svc - 49474 - ::1 - - 200 0 0 41
2018-05-03 07:45:13 ::1 POST /Service1.svc - 49474 - ::1 - - 200 0 0 62
2018-05-03 07:45:13 ::1 POST /Service1.svc - 49474 - ::1 - - 200 0 0 84
2018-05-03 07:45:14 ::1 POST /Service1.svc - 49474 - ::1 - - 200 0 0 89
2018-05-03 07:45:14 ::1 POST /Service1.svc - 49474 - ::1 - - 200 0 0 122
2018-05-03 07:46:42 ::1 POST /Service1.svc - 49474 - ::1 - - 200 0 0 294
2018-05-03 07:46:42 ::1 POST /Service1.svc - 49474 - ::1 - - 200 0 0 38
2018-05-03 07:46:42 ::1 POST /Service1.svc - 49474 - ::1 - - 200 0 0 28
2018-05-03 07:46:42 ::1 POST /Service1.svc - 49474 - ::1 - - 200 0 0 23
2018-05-03 07:46:42 ::1 POST /Service1.svc - 49474 - ::1 - - 200 0 0 37
2018-05-03 07:46:44 ::1 POST /Service1.svc - 49474 - ::1 - - 200 0 0 109
2018-05-03 07:46:44 ::1 POST /Service1.svc - 49474 - ::1 - - 200 0 0 18
2018-05-03 07:46:44 ::1 POST /Service1.svc - 49474 - ::1 - - 200 0 0 87
2018-05-03 07:46:44 ::1 POST /Service1.svc - 49474 - ::1 - - 200 0 0 70
2018-05-03 07:46:44 ::1 POST /Service1.svc - 49474 - ::1 - - 200 0 0 24
2018-05-03 07:46:44 ::1 POST /Service1.svc - 49474 - ::1 - - 200 0 0 22
2018-05-03 07:46:44 ::1 POST /Service1.svc - 49474 - ::1 - - 200 0 0 21
2018-05-03 07:46:44 ::1 POST /Service1.svc - 49474 - ::1 - - 200 0 0 55
2018-05-03 07:46:44 ::1 POST /Service1.svc - 49474 - ::1 - - 200 0 0 147
2018-05-03 07:46:44 ::1 POST /Service1.svc - 49474 - ::1 - - 200 0 0 31
2018-05-03 07:46:44 ::1 POST /Service1.svc - 49474 - ::1 - - 200 0 0 22
2018-05-03 07:46:44 ::1 POST /Service1.svc - 49474 - ::1 - - 200 0 0 206
2018-05-03 07:46:44 ::1 POST /Service1.svc - 49474 - ::1 - - 200 0 0 103
2018-05-03 07:46:45 ::1 POST /Service1.svc - 49474 - ::1 - - 200 0 0 99
2018-05-03 07:46:45 ::1 POST /Service1.svc - 49474 - ::1 - - 200 0 0 65
2018-05-03 07:46:45 ::1 POST /Service1.svc - 49474 - ::1 - - 200 0 0 114
2018-05-03 07:46:45 ::1 POST /Service1.svc - 49474 - ::1 - - 200 0 0 82
2018-05-03 07:47:00 ::1 POST /Service1.svc - 49474 - ::1 - - 200 0 0 46
2018-05-03 07:47:00 ::1 POST /Service1.svc - 49474 - ::1 - - 200 0 0 35
2018-05-03 07:47:00 ::1 POST /Service1.svc - 49474 - ::1 - - 200 0 0 89
2018-05-03 07:47:00 ::1 POST /Service1.svc - 49474 - ::1 - - 200 0 0 41
2018-05-03 07:47:00 ::1 POST /Service1.svc - 49474 - ::1 - - 200 0 0 265
2018-05-03 07:49:47 ::1 POST /Service1.svc - 49474 - ::1 - - 200 0 0 36
2018-05-03 07:49:47 ::1 POST /Service1.svc - 49474 - ::1 - - 200 0 0 52
2018-05-03 07:49:47 ::1 POST /Service1.svc - 49474 - ::1 - - 200 0 0 23
2018-05-03 07:49:47 ::1 POST /Service1.svc - 49474 - ::1 - - 200 0 0 74
2018-05-03 07:49:47 ::1 POST /Service1.svc - 49474 - ::1 - - 200 0 0 24
2018-05-03 07:49:47 ::1 POST /Service1.svc - 49474 - ::1 - - 200 0 0 79
2018-05-03 07:49:47 ::1 POST /Service1.svc - 49474 - ::1 - - 200 0 0 99
2018-05-03 07:49:47 ::1 POST /Service1.svc - 49474 - ::1 - - 200 0 0 76
2018-05-03 07:49:47 ::1 POST /Service1.svc - 49474 - ::1 - - 200 0 0 52
2018-05-03 07:49:47 ::1 POST /Service1.svc - 49474 - ::1 - - 200 0 0 112
2018-05-03 07:49:47 ::1 POST /Service1.svc - 49474 - ::1 - - 200 0 0 43
2018-05-03 07:49:47 ::1 POST /Service1.svc - 49474 - ::1 - - 200 0 0 110
2018-05-03 07:52:03 ::1 POST /Service1.svc - 49474 - ::1 - - 200 0 0 15
2018-05-03 07:52:03 ::1 POST /Service1.svc - 49474 - ::1 - - 200 0 0 95
2018-05-03 07:52:03 ::1 POST /Service1.svc - 49474 - ::1 - - 200 0 0 22
2018-05-03 07:52:03 ::1 POST /Service1.svc - 49474 - ::1 - - 200 0 0 30
2018-05-03 07:52:03 ::1 POST /Service1.svc - 49474 - ::1 - - 200 0 0 40
2018-05-03 07:52:03 ::1 POST /Service1.svc - 49474 - ::1 - - 200 0 0 19
2018-05-03 07:52:03 ::1 POST /Service1.svc - 49474 - ::1 - - 200 0 0 51
2018-05-03 07:52:03 ::1 POST /Service1.svc - 49474 - ::1 - - 200 0 0 36
2018-05-03 07:52:03 ::1 POST /Service1.svc - 49474 - ::1 - - 200 0 0 72
2018-05-03 07:52:03 ::1 POST /Service1.svc - 49474 - ::1 - - 200 0 0 19
2018-05-03 07:52:03 ::1 POST /Service1.svc - 49474 - ::1 - - 200 0 0 21
2018-05-03 07:52:03 ::1 POST /Service1.svc - 49474 - ::1 - - 200 0 0 18
2018-05-03 07:52:03 ::1 POST /Service1.svc - 49474 - ::1 - - 200 0 0 150
2018-05-03 07:52:03 ::1 POST /Service1.svc - 49474 - ::1 - - 200 0 0 52
2018-05-03 07:52:03 ::1 POST /Service1.svc - 49474 - ::1 - - 200 0 0 98
2018-05-03 07:52:04 ::1 POST /Service1.svc - 49474 - ::1 - - 200 0 0 56
2018-05-03 07:52:04 ::1 POST /Service1.svc - 49474 - ::1 - - 200 0 0 59
2018-05-03 07:52:06 ::1 POST /Service1.svc - 49474 - ::1 - - 200 0 0 21
2018-05-03 07:52:06 ::1 POST /Service1.svc - 49474 - ::1 - - 200 0 0 33
2018-05-03 07:52:06 ::1 POST /Service1.svc - 49474 - ::1 - - 200 0 0 22
2018-05-03 07:52:06 ::1 POST /Service1.svc - 49474 - ::1 - - 200 0 0 32
2018-05-03 07:52:06 ::1 POST /Service1.svc - 49474 - ::1 - - 200 0 0 58
2018-05-03 07:52:06 ::1 POST /Service1.svc - 49474 - ::1 - - 200 0 0 22
2018-05-03 07:52:06 ::1 POST /Service1.svc - 49474 - ::1 - - 200 0 0 193
2018-05-03 07:52:06 ::1 POST /Service1.svc - 49474 - ::1 - - 200 0 0 189
2018-05-03 07:52:06 ::1 POST /Service1.svc - 49474 - ::1 - - 200 0 0 24
2018-05-03 07:52:06 ::1 POST /Service1.svc - 49474 - ::1 - - 200 0 0 14
2018-05-03 07:52:06 ::1 POST /Service1.svc - 49474 - ::1 - - 200 0 0 31
2018-05-03 07:52:06 ::1 POST /Service1.svc - 49474 - ::1 - - 200 0 0 112
2018-05-03 07:52:06 ::1 POST /Service1.svc - 49474 - ::1 - - 200 0 0 90
2018-05-03 07:52:06 ::1 POST /Service1.svc - 49474 - ::1 - - 200 0 0 27
2018-05-03 07:52:06 ::1 POST /Service1.svc - 49474 - ::1 - - 200 0 0 22
2018-05-03 07:52:06 ::1 POST /Service1.svc - 49474 - ::1 - - 200 0 0 66
2018-05-03 07:52:07 ::1 POST /Service1.svc - 49474 - ::1 - - 200 0 0 106
2018-05-03 07:52:07 ::1 POST /Service1.svc - 49474 - ::1 - - 200 0 0 168
2018-05-03 07:52:07 ::1 POST /Service1.svc - 49474 - ::1 - - 200 0 0 60
2018-05-03 07:52:07 ::1 POST /Service1.svc - 49474 - ::1 - - 200 0 0 42
2018-05-03 07:52:07 ::1 POST /Service1.svc - 49474 - ::1 - - 200 0 0 32
2018-05-03 07:52:07 ::1 POST /Service1.svc - 49474 - ::1 - - 200 0 0 54
2018-05-03 07:52:07 ::1 POST /Service1.svc - 49474 - ::1 - - 200 0 0 24
2018-05-03 07:52:07 ::1 POST /Service1.svc - 49474 - ::1 - - 200 0 0 91
2018-05-03 07:52:07 ::1 POST /Service1.svc - 49474 - ::1 - - 200 0 0 81
2018-05-03 07:52:07 ::1 POST /Service1.svc - 49474 - ::1 - - 200 0 0 46
2018-05-03 07:52:07 ::1 POST /Service1.svc - 49474 - ::1 - - 200 0 0 25
2018-05-03 07:52:07 ::1 POST /Service1.svc - 49474 - ::1 - - 200 0 0 91
2018-05-03 07:52:08 ::1 POST /Service1.svc - 49474 - ::1 - - 200 0 0 98
2018-05-03 07:52:47 ::1 POST /Service1.svc - 49474 - ::1 - - 200 0 0 143
2018-05-03 07:54:54 ::1 POST /Service1.svc - 49474 - ::1 - - 200 0 0 33
2018-05-03 07:54:54 ::1 POST /Service1.svc - 49474 - ::1 - - 200 0 0 24
2018-05-03 07:54:54 ::1 POST /Service1.svc - 49474 - ::1 - - 200 0 0 21
2018-05-03 07:54:54 ::1 POST /Service1.svc - 49474 - ::1 - - 200 0 0 21
2018-05-03 07:54:54 ::1 POST /Service1.svc - 49474 - ::1 - - 200 0 0 24
2018-05-03 07:54:54 ::1 POST /Service1.svc - 49474 - ::1 - - 200 0 0 127
2018-05-03 07:54:54 ::1 POST /Service1.svc - 49474 - ::1 - - 200 0 0 20
2018-05-03 07:54:54 ::1 POST /Service1.svc - 49474 - ::1 - - 200 0 0 22
2018-05-03 07:54:54 ::1 POST /Service1.svc - 49474 - ::1 - - 200 0 0 23
2018-05-03 07:54:54 ::1 POST /Service1.svc - 49474 - ::1 - - 200 0 0 24
2018-05-03 07:54:54 ::1 POST /Service1.svc - 49474 - ::1 - - 200 0 0 59
2018-05-03 07:54:54 ::1 POST /Service1.svc - 49474 - ::1 - - 200 0 0 103
2018-05-03 07:54:54 ::1 POST /Service1.svc - 49474 - ::1 - - 200 0 0 121
2018-05-03 07:54:54 ::1 POST /Service1.svc - 49474 - ::1 - - 200 0 0 51
2018-05-03 07:54:54 ::1 POST /Service1.svc - 49474 - ::1 - - 200 0 0 72
2018-05-03 07:54:54 ::1 POST /Service1.svc - 49474 - ::1 - - 200 0 0 52
2018-05-03 07:56:11 ::1 POST /Service1.svc - 49474 - ::1 - - 200 0 0 141
2018-05-03 07:56:11 ::1 POST /Service1.svc - 49474 - ::1 - - 200 0 0 22
2018-05-03 07:56:11 ::1 POST /Service1.svc - 49474 - ::1 - - 200 0 0 32
2018-05-03 07:56:11 ::1 POST /Service1.svc - 49474 - ::1 - - 200 0 0 23
2018-05-03 07:56:11 ::1 POST /Service1.svc - 49474 - ::1 - - 200 0 0 32
2018-05-03 07:56:11 ::1 POST /Service1.svc - 49474 - ::1 - - 200 0 0 41
2018-05-03 07:56:11 ::1 POST /Service1.svc - 49474 - ::1 - - 200 0 0 22
2018-05-03 07:56:11 ::1 POST /Service1.svc - 49474 - ::1 - - 200 0 0 95
2018-05-03 07:56:11 ::1 POST /Service1.svc - 49474 - ::1 - - 200 0 0 54
2018-05-03 07:56:11 ::1 POST /Service1.svc - 49474 - ::1 - - 200 0 0 86
2018-05-03 07:56:11 ::1 POST /Service1.svc - 49474 - ::1 - - 200 0 0 39
2018-05-03 07:56:11 ::1 POST /Service1.svc - 49474 - ::1 - - 200 0 0 79
2018-05-03 07:56:38 ::1 POST /Service1.svc - 49474 - ::1 - - 200 0 0 49
2018-05-03 07:56:38 ::1 POST /Service1.svc - 49474 - ::1 - - 200 0 0 14
2018-05-03 07:56:38 ::1 POST /Service1.svc - 49474 - ::1 - - 200 0 0 33
2018-05-03 07:56:38 ::1 POST /Service1.svc - 49474 - ::1 - - 200 0 0 42
2018-05-03 07:56:38 ::1 POST /Service1.svc - 49474 - ::1 - - 200 0 0 20
2018-05-03 07:56:38 ::1 POST /Service1.svc - 49474 - ::1 - - 200 0 0 55
2018-05-03 07:56:38 ::1 POST /Service1.svc - 49474 - ::1 - - 200 0 0 21
2018-05-03 07:56:38 ::1 POST /Service1.svc - 49474 - ::1 - - 200 0 0 15
2018-05-03 07:56:38 ::1 POST /Service1.svc - 49474 - ::1 - - 200 0 0 15
2018-05-03 07:56:38 ::1 POST /Service1.svc - 49474 - ::1 - - 200 0 0 13
2018-05-03 07:56:38 ::1 POST /Service1.svc - 49474 - ::1 - - 200 0 0 22
2018-05-03 07:56:38 ::1 POST /Service1.svc - 49474 - ::1 - - 200 0 0 66
2018-05-03 07:56:38 ::1 POST /Service1.svc - 49474 - ::1 - - 200 0 0 138
2018-05-03 07:56:38 ::1 POST /Service1.svc - 49474 - ::1 - - 200 0 0 125
2018-05-03 07:56:38 ::1 POST /Service1.svc - 49474 - ::1 - - 200 0 0 40
2018-05-03 07:56:38 ::1 POST /Service1.svc - 49474 - ::1 - - 200 0 0 63
2018-05-03 07:56:38 ::1 POST /Service1.svc - 49474 - ::1 - - 200 0 0 39
2018-05-03 07:56:40 ::1 POST /Service1.svc - 49474 - ::1 - - 200 0 0 35
2018-05-03 07:56:40 ::1 POST /Service1.svc - 49474 - ::1 - - 200 0 0 29
2018-05-03 07:56:40 ::1 POST /Service1.svc - 49474 - ::1 - - 200 0 0 68
2018-05-03 07:56:40 ::1 POST /Service1.svc - 49474 - ::1 - - 200 0 0 37
2018-05-03 07:56:40 ::1 POST /Service1.svc - 49474 - ::1 - - 200 0 0 71
2018-05-03 07:56:40 ::1 POST /Service1.svc - 49474 - ::1 - - 200 0 0 43
2018-05-03 07:56:40 ::1 POST /Service1.svc - 49474 - ::1 - - 200 0 0 40
2018-05-03 07:56:40 ::1 POST /Service1.svc - 49474 - ::1 - - 200 0 0 38
2018-05-03 07:56:40 ::1 POST /Service1.svc - 49474 - ::1 - - 200 0 0 222
2018-05-03 07:56:40 ::1 POST /Service1.svc - 49474 - ::1 - - 200 0 0 89
2018-05-03 07:56:40 ::1 POST /Service1.svc - 49474 - ::1 - - 200 0 0 75
2018-05-03 07:56:40 ::1 POST /Service1.svc - 49474 - ::1 - - 200 0 0 53
2018-05-03 07:56:40 ::1 POST /Service1.svc - 49474 - ::1 - - 200 0 0 200
2018-05-03 07:56:41 ::1 POST /Service1.svc - 49474 - ::1 - - 200 0 0 50
2018-05-03 07:56:41 ::1 POST /Service1.svc - 49474 - ::1 - - 200 0 0 55
2018-05-03 07:56:41 ::1 POST /Service1.svc - 49474 - ::1 - - 200 0 0 198
2018-05-03 07:56:41 ::1 POST /Service1.svc - 49474 - ::1 - - 200 0 0 112
2018-05-03 07:56:41 ::1 POST /Service1.svc - 49474 - ::1 - - 200 0 0 52
2018-05-03 07:56:41 ::1 POST /Service1.svc - 49474 - ::1 - - 200 0 0 39
2018-05-03 07:56:41 ::1 POST /Service1.svc - 49474 - ::1 - - 200 0 0 36
2018-05-03 07:56:41 ::1 POST /Service1.svc - 49474 - ::1 - - 200 0 0 17
2018-05-03 07:56:41 ::1 POST /Service1.svc - 49474 - ::1 - - 200 0 0 117
2018-05-03 07:56:41 ::1 POST /Service1.svc - 49474 - ::1 - - 200 0 0 63
2018-05-03 07:56:41 ::1 POST /Service1.svc - 49474 - ::1 - - 200 0 0 156
2018-05-03 07:56:48 ::1 POST /Service1.svc - 49474 - ::1 - - 200 0 0 68
2018-05-03 07:56:52 ::1 POST /Service1.svc - 49474 - ::1 - - 200 0 0 126
2018-05-03 07:56:52 ::1 POST /Service1.svc - 49474 - ::1 - - 200 0 0 24
2018-05-03 07:56:52 ::1 POST /Service1.svc - 49474 - ::1 - - 200 0 0 28
2018-05-03 07:56:52 ::1 POST /Service1.svc - 49474 - ::1 - - 200 0 0 108
2018-05-03 07:57:40 ::1 POST /Service1.svc - 49474 - ::1 - - 200 0 0 49
2018-05-03 07:57:40 ::1 POST /Service1.svc - 49474 - ::1 - - 200 0 0 20
2018-05-03 07:57:40 ::1 POST /Service1.svc - 49474 - ::1 - - 200 0 0 25
2018-05-03 07:57:40 ::1 POST /Service1.svc - 49474 - ::1 - - 200 0 0 63
2018-05-03 07:57:40 ::1 POST /Service1.svc - 49474 - ::1 - - 200 0 0 78
2018-05-03 07:57:40 ::1 POST /Service1.svc - 49474 - ::1 - - 200 0 0 17
2018-05-03 07:57:40 ::1 POST /Service1.svc - 49474 - ::1 - - 200 0 0 20
2018-05-03 07:57:40 ::1 POST /Service1.svc - 49474 - ::1 - - 200 0 0 18
2018-05-03 07:57:40 ::1 POST /Service1.svc - 49474 - ::1 - - 200 0 0 111
2018-05-03 07:57:40 ::1 POST /Service1.svc - 49474 - ::1 - - 200 0 0 148
2018-05-03 07:57:40 ::1 POST /Service1.svc - 49474 - ::1 - - 200 0 0 47
2018-05-03 07:57:40 ::1 POST /Service1.svc - 49474 - ::1 - - 200 0 0 198
2018-05-03 07:57:40 ::1 POST /Service1.svc - 49474 - ::1 - - 200 0 0 42
2018-05-03 07:57:41 ::1 POST /Service1.svc - 49474 - ::1 - - 200 0 0 67
2018-05-03 07:57:41 ::1 POST /Service1.svc - 49474 - ::1 - - 200 0 0 27
2018-05-03 07:57:41 ::1 POST /Service1.svc - 49474 - ::1 - - 200 0 0 38
2018-05-03 07:57:41 ::1 POST /Service1.svc - 49474 - ::1 - - 200 0 0 49
2018-05-03 07:57:42 ::1 POST /Service1.svc - 49474 - ::1 - - 200 0 0 12
2018-05-03 07:57:42 ::1 POST /Service1.svc - 49474 - ::1 - - 200 0 0 29
2018-05-03 07:57:42 ::1 POST /Service1.svc - 49474 - ::1 - - 200 0 0 43
2018-05-03 07:57:42 ::1 POST /Service1.svc - 49474 - ::1 - - 200 0 0 131
2018-05-03 07:57:42 ::1 POST /Service1.svc - 49474 - ::1 - - 200 0 0 79
2018-05-03 07:57:42 ::1 POST /Service1.svc - 49474 - ::1 - - 200 0 0 206
2018-05-03 07:57:42 ::1 POST /Service1.svc - 49474 - ::1 - - 200 0 0 52
2018-05-03 07:57:42 ::1 POST /Service1.svc - 49474 - ::1 - - 200 0 0 22
2018-05-03 07:57:42 ::1 POST /Service1.svc - 49474 - ::1 - - 200 0 0 34
2018-05-03 07:57:42 ::1 POST /Service1.svc - 49474 - ::1 - - 200 0 0 52
2018-05-03 07:57:42 ::1 POST /Service1.svc - 49474 - ::1 - - 200 0 0 24
2018-05-03 07:57:42 ::1 POST /Service1.svc - 49474 - ::1 - - 200 0 0 76
2018-05-03 07:57:42 ::1 POST /Service1.svc - 49474 - ::1 - - 200 0 0 47
2018-05-03 07:57:42 ::1 POST /Service1.svc - 49474 - ::1 - - 200 0 0 70
2018-05-03 07:57:42 ::1 POST /Service1.svc - 49474 - ::1 - - 200 0 0 24
2018-05-03 07:57:42 ::1 POST /Service1.svc - 49474 - ::1 - - 200 0 0 27
2018-05-03 07:57:43 ::1 POST /Service1.svc - 49474 - ::1 - - 200 0 0 58
2018-05-03 07:57:43 ::1 POST /Service1.svc - 49474 - ::1 - - 200 0 0 24
2018-05-03 07:57:43 ::1 POST /Service1.svc - 49474 - ::1 - - 200 0 0 79
2018-05-03 07:57:43 ::1 POST /Service1.svc - 49474 - ::1 - - 200 0 0 32
2018-05-03 07:57:43 ::1 POST /Service1.svc - 49474 - ::1 - - 200 0 0 24
2018-05-03 07:57:43 ::1 POST /Service1.svc - 49474 - ::1 - - 200 0 0 22
2018-05-03 07:57:43 ::1 POST /Service1.svc - 49474 - ::1 - - 200 0 0 38
2018-05-03 07:57:43 ::1 POST /Service1.svc - 49474 - ::1 - - 200 0 0 33
2018-05-03 07:57:49 ::1 POST /Service1.svc - 49474 - ::1 - - 200 0 0 34
2018-05-03 07:57:49 ::1 POST /Service1.svc - 49474 - ::1 - - 200 0 0 37
2018-05-03 07:57:49 ::1 POST /Service1.svc - 49474 - ::1 - - 200 0 0 19
2018-05-03 07:57:49 ::1 POST /Service1.svc - 49474 - ::1 - - 200 0 0 21
2018-05-03 07:57:49 ::1 POST /Service1.svc - 49474 - ::1 - - 200 0 0 49
2018-05-03 07:59:07 ::1 POST /Service1.svc - 49474 - ::1 - - 200 0 0 28
2018-05-03 07:59:07 ::1 POST /Service1.svc - 49474 - ::1 - - 200 0 0 14
2018-05-03 07:59:07 ::1 POST /Service1.svc - 49474 - ::1 - - 200 0 0 55
2018-05-03 07:59:07 ::1 POST /Service1.svc - 49474 - ::1 - - 200 0 0 102
2018-05-03 07:59:07 ::1 POST /Service1.svc - 49474 - ::1 - - 200 0 0 59
2018-05-03 07:59:07 ::1 POST /Service1.svc - 49474 - ::1 - - 200 0 0 25
2018-05-03 07:59:07 ::1 POST /Service1.svc - 49474 - ::1 - - 200 0 0 29
2018-05-03 07:59:07 ::1 POST /Service1.svc - 49474 - ::1 - - 200 0 0 34
2018-05-03 07:59:07 ::1 POST /Service1.svc - 49474 - ::1 - - 200 0 0 17
2018-05-03 07:59:07 ::1 POST /Service1.svc - 49474 - ::1 - - 200 0 0 15
2018-05-03 07:59:07 ::1 POST /Service1.svc - 49474 - ::1 - - 200 0 0 12
2018-05-03 07:59:07 ::1 POST /Service1.svc - 49474 - ::1 - - 200 0 0 64
2018-05-03 07:59:07 ::1 POST /Service1.svc - 49474 - ::1 - - 200 0 0 17
2018-05-03 07:59:07 ::1 POST /Service1.svc - 49474 - ::1 - - 200 0 0 51
2018-05-03 07:59:08 ::1 POST /Service1.svc - 49474 - ::1 - - 200 0 0 53
2018-05-03 07:59:08 ::1 POST /Service1.svc - 49474 - ::1 - - 200 0 0 18
2018-05-03 07:59:08 ::1 POST /Service1.svc - 49474 - ::1 - - 200 0 0 68
2018-05-03 07:59:10 ::1 POST /Service1.svc - 49474 - ::1 - - 200 0 0 55
2018-05-03 07:59:10 ::1 POST /Service1.svc - 49474 - ::1 - - 200 0 0 35
2018-05-03 07:59:10 ::1 POST /Service1.svc - 49474 - ::1 - - 200 0 0 19
2018-05-03 07:59:10 ::1 POST /Service1.svc - 49474 - ::1 - - 200 0 0 23
2018-05-03 07:59:10 ::1 POST /Service1.svc - 49474 - ::1 - - 200 0 0 23
2018-05-03 07:59:10 ::1 POST /Service1.svc - 49474 - ::1 - - 200 0 0 30
2018-05-03 07:59:10 ::1 POST /Service1.svc - 49474 - ::1 - - 200 0 0 101
2018-05-03 07:59:10 ::1 POST /Service1.svc - 49474 - ::1 - - 200 0 0 40
2018-05-03 07:59:10 ::1 POST /Service1.svc - 49474 - ::1 - - 200 0 0 54
2018-05-03 07:59:10 ::1 POST /Service1.svc - 49474 - ::1 - - 200 0 0 23
2018-05-03 07:59:10 ::1 POST /Service1.svc - 49474 - ::1 - - 200 0 0 71
2018-05-03 07:59:10 ::1 POST /Service1.svc - 49474 - ::1 - - 200 0 0 136
2018-05-03 07:59:10 ::1 POST /Service1.svc - 49474 - ::1 - - 200 0 0 70
2018-05-03 07:59:10 ::1 POST /Service1.svc - 49474 - ::1 - - 200 0 0 148
2018-05-03 07:59:10 ::1 POST /Service1.svc - 49474 - ::1 - - 200 0 0 32
2018-05-03 07:59:10 ::1 POST /Service1.svc - 49474 - ::1 - - 200 0 0 52
2018-05-03 07:59:10 ::1 POST /Service1.svc - 49474 - ::1 - - 200 0 0 83
2018-05-03 07:59:10 ::1 POST /Service1.svc - 49474 - ::1 - - 200 0 0 35
2018-05-03 07:59:11 ::1 POST /Service1.svc - 49474 - ::1 - - 200 0 0 39
2018-05-03 07:59:11 ::1 POST /Service1.svc - 49474 - ::1 - - 200 0 0 189
2018-05-03 07:59:11 ::1 POST /Service1.svc - 49474 - ::1 - - 200 0 0 76
2018-05-03 07:59:11 ::1 POST /Service1.svc - 49474 - ::1 - - 200 0 0 209
2018-05-03 07:59:11 ::1 POST /Service1.svc - 49474 - ::1 - - 200 0 0 23
2018-05-03 07:59:11 ::1 POST /Service1.svc - 49474 - ::1 - - 200 0 0 149
2018-05-03 07:59:15 ::1 POST /Service1.svc - 49474 - ::1 - - 200 0 0 22
2018-05-03 07:59:15 ::1 POST /Service1.svc - 49474 - ::1 - - 200 0 0 87
2018-05-03 07:59:15 ::1 POST /Service1.svc - 49474 - ::1 - - 200 0 0 45
2018-05-03 07:59:15 ::1 POST /Service1.svc - 49474 - ::1 - - 200 0 0 91
2018-05-03 07:59:15 ::1 POST /Service1.svc - 49474 - ::1 - - 200 0 0 127
#Software: Microsoft Internet Information Services 10.0
#Version: 1.0
#Date: 2018-05-03 08:31:03
#Fields: date time s-ip cs-method cs-uri-stem cs-uri-query s-port cs-username c-ip cs(User-Agent) cs(Referer) sc-status sc-substatus sc-win32-status time-taken
2018-05-03 08:31:03 ::1 POST /Service1.svc - 49474 - ::1 - - 200 0 0 306
2018-05-03 08:31:03 ::1 POST /Service1.svc - 49474 - ::1 - - 200 0 0 45
2018-05-03 08:31:03 ::1 POST /Service1.svc - 49474 - ::1 - - 200 0 0 94
2018-05-03 08:31:03 ::1 POST /Service1.svc - 49474 - ::1 - - 200 0 0 58
2018-05-03 08:31:03 ::1 POST /Service1.svc - 49474 - ::1 - - 200 0 0 44
2018-05-03 08:31:03 ::1 POST /Service1.svc - 49474 - ::1 - - 200 0 0 65
2018-05-03 08:31:03 ::1 POST /Service1.svc - 49474 - ::1 - - 200 0 0 106
2018-05-03 08:31:03 ::1 POST /Service1.svc - 49474 - ::1 - - 200 0 0 25
2018-05-03 08:31:03 ::1 POST /Service1.svc - 49474 - ::1 - - 200 0 0 32
2018-05-03 08:31:03 ::1 POST /Service1.svc - 49474 - ::1 - - 200 0 0 24
2018-05-03 08:31:03 ::1 POST /Service1.svc - 49474 - ::1 - - 200 0 0 34
2018-05-03 08:31:03 ::1 POST /Service1.svc - 49474 - ::1 - - 200 0 0 55
2018-05-03 08:31:03 ::1 POST /Service1.svc - 49474 - ::1 - - 200 0 0 22
2018-05-03 08:31:03 ::1 POST /Service1.svc - 49474 - ::1 - - 200 0 0 48
2018-05-03 08:31:04 ::1 POST /Service1.svc - 49474 - ::1 - - 200 0 0 178
2018-05-03 08:31:04 ::1 POST /Service1.svc - 49474 - ::1 - - 200 0 0 81
2018-05-03 08:31:04 ::1 POST /Service1.svc - 49474 - ::1 - - 200 0 0 29
2018-05-03 08:32:04 ::1 POST /Service1.svc - 49474 - ::1 - - 200 0 0 66
2018-05-03 08:32:04 ::1 POST /Service1.svc - 49474 - ::1 - - 200 0 0 47
2018-05-03 08:32:04 ::1 POST /Service1.svc - 49474 - ::1 - - 200 0 0 45
2018-05-03 08:32:04 ::1 POST /Service1.svc - 49474 - ::1 - - 200 0 0 46
2018-05-03 08:32:04 ::1 POST /Service1.svc - 49474 - ::1 - - 200 0 0 288
2018-05-03 08:32:05 ::1 POST /Service1.svc - 49474 - ::1 - - 200 0 0 544
2018-05-03 08:32:05 ::1 POST /Service1.svc - 49474 - ::1 - - 200 0 0 22
2018-05-03 08:32:05 ::1 POST /Service1.svc - 49474 - ::1 - - 200 0 0 23
2018-05-03 08:32:05 ::1 POST /Service1.svc - 49474 - ::1 - - 200 0 0 134
2018-05-03 08:32:05 ::1 POST /Service1.svc - 49474 - ::1 - - 200 0 0 60
2018-05-03 08:32:05 ::1 POST /Service1.svc - 49474 - ::1 - - 200 0 0 144
2018-05-03 08:32:05 ::1 POST /Service1.svc - 49474 - ::1 - - 200 0 0 53
2018-05-03 08:32:26 ::1 POST /Service1.svc - 49474 - ::1 - - 200 0 0 18
2018-05-03 08:32:26 ::1 POST /Service1.svc - 49474 - ::1 - - 200 0 0 20
2018-05-03 08:32:26 ::1 POST /Service1.svc - 49474 - ::1 - - 200 0 0 42
2018-05-03 08:32:26 ::1 POST /Service1.svc - 49474 - ::1 - - 200 0 0 57
2018-05-03 08:32:26 ::1 POST /Service1.svc - 49474 - ::1 - - 200 0 0 56
2018-05-03 08:32:26 ::1 POST /Service1.svc - 49474 - ::1 - - 200 0 0 33
2018-05-03 08:32:26 ::1 POST /Service1.svc - 49474 - ::1 - - 200 0 0 67
2018-05-03 08:32:26 ::1 POST /Service1.svc - 49474 - ::1 - - 200 0 0 58
2018-05-03 08:32:26 ::1 POST /Service1.svc - 49474 - ::1 - - 200 0 0 53
2018-05-03 08:32:26 ::1 POST /Service1.svc - 49474 - ::1 - - 200 0 0 132
2018-05-03 08:32:26 ::1 POST /Service1.svc - 49474 - ::1 - - 200 0 0 132
2018-05-03 08:32:26 ::1 POST /Service1.svc - 49474 - ::1 - - 200 0 0 38
2018-05-03 08:32:27 ::1 POST /Service1.svc - 49474 - ::1 - - 200 0 0 53
2018-05-03 08:32:27 ::1 POST /Service1.svc - 49474 - ::1 - - 200 0 0 53
2018-05-03 08:32:27 ::1 POST /Service1.svc - 49474 - ::1 - - 200 0 0 190
2018-05-03 08:32:27 ::1 POST /Service1.svc - 49474 - ::1 - - 200 0 0 72
2018-05-03 08:32:27 ::1 POST /Service1.svc - 49474 - ::1 - - 200 0 0 61
2018-05-03 08:32:31 ::1 POST /Service1.svc - 49474 - ::1 - - 200 0 0 13
2018-05-03 08:32:31 ::1 POST /Service1.svc - 49474 - ::1 - - 200 0 0 31
2018-05-03 08:32:31 ::1 POST /Service1.svc - 49474 - ::1 - - 200 0 0 46
2018-05-03 08:32:31 ::1 POST /Service1.svc - 49474 - ::1 - - 200 0 0 33
2018-05-03 08:32:31 ::1 POST /Service1.svc - 49474 - ::1 - - 200 0 0 29
2018-05-03 08:32:31 ::1 POST /Service1.svc - 49474 - ::1 - - 200 0 0 32
2018-05-03 08:32:31 ::1 POST /Service1.svc - 49474 - ::1 - - 200 0 0 23
2018-05-03 08:32:31 ::1 POST /Service1.svc - 49474 - ::1 - - 200 0 0 21
2018-05-03 08:32:31 ::1 POST /Service1.svc - 49474 - ::1 - - 200 0 0 22
2018-05-03 08:32:31 ::1 POST /Service1.svc - 49474 - ::1 - - 200 0 0 129
2018-05-03 08:32:31 ::1 POST /Service1.svc - 49474 - ::1 - - 200 0 0 35
2018-05-03 08:32:31 ::1 POST /Service1.svc - 49474 - ::1 - - 200 0 0 51
2018-05-03 08:32:31 ::1 POST /Service1.svc - 49474 - ::1 - - 200 0 0 83
2018-05-03 08:32:31 ::1 POST /Service1.svc - 49474 - ::1 - - 200 0 0 14
2018-05-03 08:32:31 ::1 POST /Service1.svc - 49474 - ::1 - - 200 0 0 12
2018-05-03 08:32:31 ::1 POST /Service1.svc - 49474 - ::1 - - 200 0 0 15
2018-05-03 08:32:31 ::1 POST /Service1.svc - 49474 - ::1 - - 200 0 0 51
2018-05-03 08:32:31 ::1 POST /Service1.svc - 49474 - ::1 - - 200 0 0 44
2018-05-03 08:32:31 ::1 POST /Service1.svc - 49474 - ::1 - - 200 0 0 28
2018-05-03 08:32:31 ::1 POST /Service1.svc - 49474 - ::1 - - 200 0 0 32
2018-05-03 08:32:31 ::1 POST /Service1.svc - 49474 - ::1 - - 200 0 0 16
2018-05-03 08:32:31 ::1 POST /Service1.svc - 49474 - ::1 - - 200 0 0 18
2018-05-03 08:32:31 ::1 POST /Service1.svc - 49474 - ::1 - - 200 0 0 14
2018-05-03 08:32:31 ::1 POST /Service1.svc - 49474 - ::1 - - 200 0 0 17
2018-05-03 08:32:39 ::1 POST /Service1.svc - 49474 - ::1 - - 200 0 0 47
2018-05-03 08:32:39 ::1 POST /Service1.svc - 49474 - ::1 - - 200 0 0 23
2018-05-03 08:32:39 ::1 POST /Service1.svc - 49474 - ::1 - - 200 0 0 95
2018-05-03 08:32:39 ::1 POST /Service1.svc - 49474 - ::1 - - 200 0 0 23
2018-05-03 08:32:39 ::1 POST /Service1.svc - 49474 - ::1 - - 200 0 0 94
#Software: Microsoft Internet Information Services 10.0
#Version: 1.0
#Date: 2018-05-03 11:17:01
#Fields: date time s-ip cs-method cs-uri-stem cs-uri-query s-port cs-username c-ip cs(User-Agent) cs(Referer) sc-status sc-substatus sc-win32-status time-taken
2018-05-03 11:17:01 ::1 POST /Service1.svc - 49474 - ::1 - - 500 0 0 17200
2018-05-03 11:17:01 ::1 POST /Service1.svc/mex - 49474 - ::1 - - 500 0 0 19
2018-05-03 11:17:04 ::1 GET /Service1.svc - 49474 - ::1 Mozilla/4.0+(compatible;+MSIE+6.0;+MS+Web+Services+Client+Protocol+4.0.30319.42000) - 500 0 0 1714
2018-05-03 11:17:05 ::1 POST /Service1.svc - 49474 - ::1 - - 500 0 0 81
2018-05-03 11:17:05 ::1 POST /Service1.svc/mex - 49474 - ::1 - - 500 0 0 156
2018-05-03 11:17:05 ::1 GET /Service1.svc - 49474 - ::1 Mozilla/4.0+(compatible;+MSIE+6.0;+MS+Web+Services+Client+Protocol+4.0.30319.42000) - 500 0 0 186
#Software: Microsoft Internet Information Services 10.0
#Version: 1.0
#Date: 2018-05-03 11:17:44
#Fields: date time s-ip cs-method cs-uri-stem cs-uri-query s-port cs-username c-ip cs(User-Agent) cs(Referer) sc-status sc-substatus sc-win32-status time-taken
2018-05-03 11:17:44 ::1 POST /Service1.svc - 49474 - ::1 - - 500 0 0 3991
2018-05-03 11:17:44 ::1 POST /Service1.svc/mex - 49474 - ::1 - - 500 0 0 23
2018-05-03 11:17:44 ::1 GET /Service1.svc - 49474 - ::1 Mozilla/4.0+(compatible;+MSIE+6.0;+MS+Web+Services+Client+Protocol+4.0.30319.42000) - 500 0 0 191
2018-05-03 11:17:44 ::1 POST /Service1.svc - 49474 - ::1 - - 500 0 0 112
2018-05-03 11:17:44 ::1 POST /Service1.svc/mex - 49474 - ::1 - - 500 0 0 31
2018-05-03 11:17:44 ::1 GET /Service1.svc - 49474 - ::1 Mozilla/4.0+(compatible;+MSIE+6.0;+MS+Web+Services+Client+Protocol+4.0.30319.42000) - 500 0 0 53
#Software: Microsoft Internet Information Services 10.0
#Version: 1.0
#Date: 2018-05-03 11:21:42
#Fields: date time s-ip cs-method cs-uri-stem cs-uri-query s-port cs-username c-ip cs(User-Agent) cs(Referer) sc-status sc-substatus sc-win32-status time-taken
2018-05-03 11:21:42 ::1 POST /Service1.svc - 49474 - ::1 - - 415 0 0 27434
2018-05-03 11:21:42 ::1 POST /Service1.svc/mex - 49474 - ::1 - - 415 0 0 21
2018-05-03 11:21:47 ::1 GET /Service1.svc - 49474 - ::1 Mozilla/4.0+(compatible;+MSIE+6.0;+MS+Web+Services+Client+Protocol+4.0.30319.42000) - 200 0 0 4192
2018-05-03 11:21:47 ::1 GET /Service1.svc disco 49474 - ::1 Mozilla/4.0+(compatible;+MSIE+6.0;+MS+Web+Services+Client+Protocol+4.0.30319.42000) - 200 0 0 10
2018-05-03 11:21:47 ::1 GET /Service1.svc wsdl 49474 - ::1 Mozilla/4.0+(compatible;+MSIE+6.0;+MS+Web+Services+Client+Protocol+4.0.30319.42000) - 200 0 0 180
2018-05-03 11:21:48 ::1 GET /Service1.svc xsd=xsd0 49474 - ::1 Mozilla/4.0+(compatible;+MSIE+6.0;+MS+Web+Services+Client+Protocol+4.0.30319.42000) - 200 0 0 958
2018-05-03 11:21:48 ::1 GET /Service1.svc xsd=xsd2 49474 - ::1 Mozilla/4.0+(compatible;+MSIE+6.0;+MS+Web+Services+Client+Protocol+4.0.30319.42000) - 200 0 0 6
2018-05-03 11:21:48 ::1 GET /Service1.svc xsd=xsd3 49474 - ::1 Mozilla/4.0+(compatible;+MSIE+6.0;+MS+Web+Services+Client+Protocol+4.0.30319.42000) - 200 0 0 5
2018-05-03 11:21:48 ::1 GET /Service1.svc xsd=xsd1 49474 - ::1 Mozilla/4.0+(compatible;+MSIE+6.0;+MS+Web+Services+Client+Protocol+4.0.30319.42000) - 200 0 0 11
2018-05-03 11:22:17 ::1 GET /Service1.svc - 49474 - ::1 Mozilla/4.0+(compatible;+MSIE+6.0;+MS+Web+Services+Client+Protocol+4.0.30319.42000) - 200 0 0 76
2018-05-03 11:22:17 ::1 GET /Service1.svc disco 49474 - ::1 Mozilla/4.0+(compatible;+MSIE+6.0;+MS+Web+Services+Client+Protocol+4.0.30319.42000) - 200 0 0 11
2018-05-03 11:22:17 ::1 GET /Service1.svc/$metadata - 49474 - ::1 Mozilla/4.0+(compatible;+MSIE+6.0;+MS+Web+Services+Client+Protocol+4.0.30319.42000) - 400 0 0 272
2018-05-03 11:22:17 ::1 GET /Service1.svc wsdl 49474 - ::1 Mozilla/4.0+(compatible;+MSIE+6.0;+MS+Web+Services+Client+Protocol+4.0.30319.42000) - 200 0 0 57
2018-05-03 11:22:17 ::1 GET /Service1.svc xsd=xsd0 49474 - ::1 Mozilla/4.0+(compatible;+MSIE+6.0;+MS+Web+Services+Client+Protocol+4.0.30319.42000) - 200 0 0 18
2018-05-03 11:22:17 ::1 GET /Service1.svc xsd=xsd2 49474 - ::1 Mozilla/4.0+(compatible;+MSIE+6.0;+MS+Web+Services+Client+Protocol+4.0.30319.42000) - 200 0 0 28
2018-05-03 11:22:17 ::1 GET /Service1.svc xsd=xsd3 49474 - ::1 Mozilla/4.0+(compatible;+MSIE+6.0;+MS+Web+Services+Client+Protocol+4.0.30319.42000) - 200 0 0 137
2018-05-03 11:22:17 ::1 GET /Service1.svc xsd=xsd1 49474 - ::1 Mozilla/4.0+(compatible;+MSIE+6.0;+MS+Web+Services+Client+Protocol+4.0.30319.42000) - 200 0 0 21
2018-05-03 11:22:20 ::1 POST /Service1.svc/mex - 49474 - ::1 - - 415 0 0 21
2018-05-03 11:22:20 ::1 POST /Service1.svc - 49474 - ::1 - - 415 0 0 26
2018-05-03 11:23:43 ::1 GET /Service1.svc - 49474 - ::1 Mozilla/4.0+(compatible;+MSIE+6.0;+MS+Web+Services+Client+Protocol+4.0.30319.42000) - 200 0 0 123
2018-05-03 11:23:43 ::1 GET /Service1.svc disco 49474 - ::1 Mozilla/4.0+(compatible;+MSIE+6.0;+MS+Web+Services+Client+Protocol+4.0.30319.42000) - 200 0 0 35
2018-05-03 11:23:43 ::1 POST /Service1.svc - 49474 - ::1 - - 415 0 0 92
2018-05-03 11:23:43 ::1 POST /Service1.svc/mex - 49474 - ::1 - - 415 0 0 65
2018-05-03 11:23:43 ::1 GET /Service1.svc/$metadata - 49474 - ::1 Mozilla/4.0+(compatible;+MSIE+6.0;+MS+Web+Services+Client+Protocol+4.0.30319.42000) - 400 0 0 213
2018-05-03 11:23:43 ::1 GET /Service1.svc wsdl 49474 - ::1 Mozilla/4.0+(compatible;+MSIE+6.0;+MS+Web+Services+Client+Protocol+4.0.30319.42000) - 200 0 0 46
2018-05-03 11:23:43 ::1 GET /Service1.svc xsd=xsd0 49474 - ::1 Mozilla/4.0+(compatible;+MSIE+6.0;+MS+Web+Services+Client+Protocol+4.0.30319.42000) - 200 0 0 10
2018-05-03 11:23:43 ::1 GET /Service1.svc xsd=xsd2 49474 - ::1 Mozilla/4.0+(compatible;+MSIE+6.0;+MS+Web+Services+Client+Protocol+4.0.30319.42000) - 200 0 0 16
2018-05-03 11:23:43 ::1 GET /Service1.svc xsd=xsd3 49474 - ::1 Mozilla/4.0+(compatible;+MSIE+6.0;+MS+Web+Services+Client+Protocol+4.0.30319.42000) - 200 0 0 13
2018-05-03 11:23:43 ::1 GET /Service1.svc xsd=xsd1 49474 - ::1 Mozilla/4.0+(compatible;+MSIE+6.0;+MS+Web+Services+Client+Protocol+4.0.30319.42000) - 200 0 0 13
2018-05-03 11:25:03 ::1 POST /Service1.svc - 49474 - ::1 - - 200 0 0 8901
2018-05-03 11:25:03 ::1 POST /Service1.svc - 49474 - ::1 - - 200 0 0 378
2018-05-03 11:25:03 ::1 POST /Service1.svc - 49474 - ::1 - - 200 0 0 241
2018-05-03 11:25:04 ::1 POST /Service1.svc - 49474 - ::1 - - 200 0 0 482
2018-05-03 11:25:04 ::1 POST /Service1.svc - 49474 - ::1 - - 200 0 0 125
2018-05-03 11:25:04 ::1 POST /Service1.svc - 49474 - ::1 - - 200 0 0 56
2018-05-03 11:25:04 ::1 POST /Service1.svc - 49474 - ::1 - - 200 0 0 30
2018-05-03 11:25:04 ::1 POST /Service1.svc - 49474 - ::1 - - 200 0 0 17
2018-05-03 11:25:04 ::1 POST /Service1.svc - 49474 - ::1 - - 200 0 0 192
2018-05-03 11:25:04 ::1 POST /Service1.svc - 49474 - ::1 - - 200 0 0 28
2018-05-03 11:25:04 ::1 POST /Service1.svc - 49474 - ::1 - - 200 0 0 41
2018-05-03 11:25:04 ::1 POST /Service1.svc - 49474 - ::1 - - 200 0 0 83
2018-05-03 11:25:34 ::1 POST /Service1.svc - 49474 - ::1 - - 200 0 0 13
2018-05-03 11:25:34 ::1 POST /Service1.svc - 49474 - ::1 - - 200 0 0 25
2018-05-03 11:25:34 ::1 POST /Service1.svc - 49474 - ::1 - - 200 0 0 45
2018-05-03 11:25:34 ::1 POST /Service1.svc - 49474 - ::1 - - 200 0 0 30
2018-05-03 11:25:34 ::1 POST /Service1.svc - 49474 - ::1 - - 200 0 0 20
2018-05-03 11:25:34 ::1 POST /Service1.svc - 49474 - ::1 - - 200 0 0 17
2018-05-03 11:25:34 ::1 POST /Service1.svc - 49474 - ::1 - - 200 0 0 31
2018-05-03 11:25:34 ::1 POST /Service1.svc - 49474 - ::1 - - 200 0 0 49
2018-05-03 11:25:34 ::1 POST /Service1.svc - 49474 - ::1 - - 200 0 0 105
2018-05-03 11:25:34 ::1 POST /Service1.svc - 49474 - ::1 - - 200 0 0 25
2018-05-03 11:25:34 ::1 POST /Service1.svc - 49474 - ::1 - - 200 0 0 24
2018-05-03 11:25:34 ::1 POST /Service1.svc - 49474 - ::1 - - 200 0 0 196
2018-05-03 11:25:36 ::1 POST /Service1.svc - 49474 - ::1 - - 200 0 0 372
2018-05-03 11:25:36 ::1 POST /Service1.svc - 49474 - ::1 - - 200 0 0 206
2018-05-03 11:25:36 ::1 POST /Service1.svc - 49474 - ::1 - - 200 0 0 111
2018-05-03 11:25:36 ::1 POST /Service1.svc - 49474 - ::1 - - 200 0 0 159
2018-05-03 11:25:37 ::1 POST /Service1.svc - 49474 - ::1 - - 200 0 0 20
2018-05-03 11:25:37 ::1 POST /Service1.svc - 49474 - ::1 - - 200 0 0 37
2018-05-03 11:25:37 ::1 POST /Service1.svc - 49474 - ::1 - - 200 0 0 18
2018-05-03 11:25:37 ::1 POST /Service1.svc - 49474 - ::1 - - 200 0 0 70
2018-05-03 11:25:37 ::1 POST /Service1.svc - 49474 - ::1 - - 200 0 0 66
2018-05-03 11:25:37 ::1 POST /Service1.svc - 49474 - ::1 - - 200 0 0 60
2018-05-03 11:25:37 ::1 POST /Service1.svc - 49474 - ::1 - - 200 0 0 23
2018-05-03 11:25:37 ::1 POST /Service1.svc - 49474 - ::1 - - 200 0 0 37
2018-05-03 11:25:37 ::1 POST /Service1.svc - 49474 - ::1 - - 200 0 0 87
2018-05-03 11:25:37 ::1 POST /Service1.svc - 49474 - ::1 - - 200 0 0 55
2018-05-03 11:25:37 ::1 POST /Service1.svc - 49474 - ::1 - - 200 0 0 55
2018-05-03 11:25:37 ::1 POST /Service1.svc - 49474 - ::1 - - 200 0 0 62
2018-05-03 11:25:37 ::1 POST /Service1.svc - 49474 - ::1 - - 200 0 0 216
2018-05-03 11:25:39 ::1 POST /Service1.svc - 49474 - ::1 - - 200 0 0 147
2018-05-03 11:25:39 ::1 POST /Service1.svc - 49474 - ::1 - - 200 0 0 135
2018-05-03 11:25:39 ::1 POST /Service1.svc - 49474 - ::1 - - 200 0 0 79
2018-05-03 11:25:39 ::1 POST /Service1.svc - 49474 - ::1 - - 200 0 0 36
2018-05-03 11:25:39 ::1 POST /Service1.svc - 49474 - ::1 - - 200 0 0 69
2018-05-03 11:25:39 ::1 POST /Service1.svc - 49474 - ::1 - - 200 0 0 150
2018-05-03 11:25:39 ::1 POST /Service1.svc - 49474 - ::1 - - 200 0 0 39
2018-05-03 11:25:39 ::1 POST /Service1.svc - 49474 - ::1 - - 200 0 0 47
2018-05-03 11:25:39 ::1 POST /Service1.svc - 49474 - ::1 - - 200 0 0 111
2018-05-03 11:25:39 ::1 POST /Service1.svc - 49474 - ::1 - - 200 0 0 43
2018-05-03 11:25:39 ::1 POST /Service1.svc - 49474 - ::1 - - 200 0 0 39
2018-05-03 11:25:40 ::1 POST /Service1.svc - 49474 - ::1 - - 200 0 0 373
2018-05-03 11:25:40 ::1 POST /Service1.svc - 49474 - ::1 - - 200 0 0 149
2018-05-03 11:25:40 ::1 POST /Service1.svc - 49474 - ::1 - - 200 0 0 44
2018-05-03 11:26:20 ::1 POST /Service1.svc - 49474 - ::1 - - 200 0 0 41
2018-05-03 11:26:20 ::1 POST /Service1.svc - 49474 - ::1 - - 200 0 0 132
2018-05-03 11:26:20 ::1 POST /Service1.svc - 49474 - ::1 - - 200 0 0 27
2018-05-03 11:26:20 ::1 POST /Service1.svc - 49474 - ::1 - - 200 0 0 33
2018-05-03 11:26:20 ::1 POST /Service1.svc - 49474 - ::1 - - 200 0 0 18
2018-05-03 11:26:20 ::1 POST /Service1.svc - 49474 - ::1 - - 200 0 0 18
2018-05-03 11:26:20 ::1 POST /Service1.svc - 49474 - ::1 - - 200 0 0 134
2018-05-03 11:26:20 ::1 POST /Service1.svc - 49474 - ::1 - - 200 0 0 38
2018-05-03 11:26:20 ::1 POST /Service1.svc - 49474 - ::1 - - 200 0 0 22
2018-05-03 11:26:20 ::1 POST /Service1.svc - 49474 - ::1 - - 200 0 0 26
2018-05-03 11:26:20 ::1 POST /Service1.svc - 49474 - ::1 - - 200 0 0 19
2018-05-03 11:26:20 ::1 POST /Service1.svc - 49474 - ::1 - - 200 0 0 132
2018-05-03 11:26:20 ::1 POST /Service1.svc - 49474 - ::1 - - 200 0 0 118
2018-05-03 11:26:20 ::1 POST /Service1.svc - 49474 - ::1 - - 200 0 0 65
2018-05-03 11:26:21 ::1 POST /Service1.svc - 49474 - ::1 - - 200 0 0 34
2018-05-03 11:26:21 ::1 POST /Service1.svc - 49474 - ::1 - - 200 0 0 116
2018-05-03 11:26:22 ::1 POST /Service1.svc - 49474 - ::1 - - 200 0 0 19
2018-05-03 11:26:22 ::1 POST /Service1.svc - 49474 - ::1 - - 200 0 0 75
2018-05-03 11:26:22 ::1 POST /Service1.svc - 49474 - ::1 - - 200 0 0 68
2018-05-03 11:26:22 ::1 POST /Service1.svc - 49474 - ::1 - - 200 0 0 90
2018-05-03 11:26:22 ::1 POST /Service1.svc - 49474 - ::1 - - 200 0 0 40
2018-05-03 11:26:22 ::1 POST /Service1.svc - 49474 - ::1 - - 200 0 0 37
2018-05-03 11:26:22 ::1 POST /Service1.svc - 49474 - ::1 - - 200 0 0 128
2018-05-03 11:26:22 ::1 POST /Service1.svc - 49474 - ::1 - - 200 0 0 40
2018-05-03 11:26:22 ::1 POST /Service1.svc - 49474 - ::1 - - 200 0 0 31
2018-05-03 11:26:22 ::1 POST /Service1.svc - 49474 - ::1 - - 200 0 0 79
2018-05-03 11:26:22 ::1 POST /Service1.svc - 49474 - ::1 - - 200 0 0 92
2018-05-03 11:26:22 ::1 POST /Service1.svc - 49474 - ::1 - - 200 0 0 70
#Software: Microsoft Internet Information Services 10.0
#Version: 1.0
#Date: 2018-05-03 12:00:49
#Fields: date time s-ip cs-method cs-uri-stem cs-uri-query s-port cs-username c-ip cs(User-Agent) cs(Referer) sc-status sc-substatus sc-win32-status time-taken
2018-05-03 12:00:49 ::1 POST /Service1.svc - 49474 - ::1 - - 200 0 0 5942
2018-05-03 12:00:50 ::1 POST /Service1.svc - 49474 - ::1 - - 200 0 0 569
2018-05-03 12:00:50 ::1 POST /Service1.svc - 49474 - ::1 - - 200 0 0 151
2018-05-03 12:00:50 ::1 POST /Service1.svc - 49474 - ::1 - - 200 0 0 145
2018-05-03 12:00:50 ::1 POST /Service1.svc - 49474 - ::1 - - 200 0 0 197
2018-05-03 12:00:50 ::1 POST /Service1.svc - 49474 - ::1 - - 200 0 0 71
2018-05-03 12:00:50 ::1 POST /Service1.svc - 49474 - ::1 - - 200 0 0 58
2018-05-03 12:00:50 ::1 POST /Service1.svc - 49474 - ::1 - - 200 0 0 81
2018-05-03 12:00:51 ::1 POST /Service1.svc - 49474 - ::1 - - 200 0 0 103
2018-05-03 12:00:51 ::1 POST /Service1.svc - 49474 - ::1 - - 200 0 0 21
2018-05-03 12:00:51 ::1 POST /Service1.svc - 49474 - ::1 - - 200 0 0 74
2018-05-03 12:00:51 ::1 POST /Service1.svc - 49474 - ::1 - - 200 0 0 84
2018-05-03 12:01:03 ::1 POST /Service1.svc - 49474 - ::1 - - 200 0 0 96
2018-05-03 12:01:03 ::1 POST /Service1.svc - 49474 - ::1 - - 200 0 0 21
2018-05-03 12:01:03 ::1 POST /Service1.svc - 49474 - ::1 - - 200 0 0 215
2018-05-03 12:01:03 ::1 POST /Service1.svc - 49474 - ::1 - - 200 0 0 75
2018-05-03 12:01:03 ::1 POST /Service1.svc - 49474 - ::1 - - 200 0 0 130
2018-05-03 12:01:03 ::1 POST /Service1.svc - 49474 - ::1 - - 200 0 0 66
2018-05-03 12:01:03 ::1 POST /Service1.svc - 49474 - ::1 - - 200 0 0 43
2018-05-03 12:01:03 ::1 POST /Service1.svc - 49474 - ::1 - - 200 0 0 83
2018-05-03 12:01:03 ::1 POST /Service1.svc - 49474 - ::1 - - 200 0 0 40
2018-05-03 12:01:03 ::1 POST /Service1.svc - 49474 - ::1 - - 200 0 0 52
2018-05-03 12:01:03 ::1 POST /Service1.svc - 49474 - ::1 - - 200 0 0 108
2018-05-03 12:01:03 ::1 POST /Service1.svc - 49474 - ::1 - - 200 0 0 46
2018-05-03 12:01:06 ::1 POST /Service1.svc - 49474 - ::1 - - 200 0 0 866
2018-05-03 12:01:06 ::1 POST /Service1.svc - 49474 - ::1 - - 200 0 0 214
2018-05-03 12:01:06 ::1 POST /Service1.svc - 49474 - ::1 - - 200 0 0 181
2018-05-03 12:01:06 ::1 POST /Service1.svc - 49474 - ::1 - - 200 0 0 15
2018-05-03 12:01:06 ::1 POST /Service1.svc - 49474 - ::1 - - 200 0 0 147
2018-05-03 12:01:16 ::1 POST /Service1.svc - 49474 - ::1 - - 200 0 0 42
2018-05-03 12:01:16 ::1 POST /Service1.svc - 49474 - ::1 - - 200 0 0 48
2018-05-03 12:01:16 ::1 POST /Service1.svc - 49474 - ::1 - - 200 0 0 41
2018-05-03 12:01:16 ::1 POST /Service1.svc - 49474 - ::1 - - 200 0 0 22
2018-05-03 12:01:16 ::1 POST /Service1.svc - 49474 - ::1 - - 200 0 0 19
2018-05-03 12:01:16 ::1 POST /Service1.svc - 49474 - ::1 - - 200 0 0 13
2018-05-03 12:01:16 ::1 POST /Service1.svc - 49474 - ::1 - - 200 0 0 19
2018-05-03 12:01:16 ::1 POST /Service1.svc - 49474 - ::1 - - 200 0 0 148
2018-05-03 12:01:16 ::1 POST /Service1.svc - 49474 - ::1 - - 200 0 0 82
2018-05-03 12:01:16 ::1 POST /Service1.svc - 49474 - ::1 - - 200 0 0 46
2018-05-03 12:01:16 ::1 POST /Service1.svc - 49474 - ::1 - - 200 0 0 65
2018-05-03 12:01:16 ::1 POST /Service1.svc - 49474 - ::1 - - 200 0 0 91
2018-05-03 12:01:16 ::1 POST /Service1.svc - 49474 - ::1 - - 200 0 0 47
2018-05-03 12:01:16 ::1 POST /Service1.svc - 49474 - ::1 - - 200 0 0 128
2018-05-03 12:01:16 ::1 POST /Service1.svc - 49474 - ::1 - - 200 0 0 34
2018-05-03 12:01:16 ::1 POST /Service1.svc - 49474 - ::1 - - 200 0 0 59
2018-05-03 12:01:16 ::1 POST /Service1.svc - 49474 - ::1 - - 200 0 0 28
2018-05-03 12:01:17 ::1 POST /Service1.svc - 49474 - ::1 - - 200 0 0 155
2018-05-03 12:01:17 ::1 POST /Service1.svc - 49474 - ::1 - - 200 0 0 85
2018-05-03 12:01:17 ::1 POST /Service1.svc - 49474 - ::1 - - 200 0 0 123
2018-05-03 12:01:17 ::1 POST /Service1.svc - 49474 - ::1 - - 200 0 0 35
2018-05-03 12:01:17 ::1 POST /Service1.svc - 49474 - ::1 - - 200 0 0 102
2018-05-03 12:01:17 ::1 POST /Service1.svc - 49474 - ::1 - - 200 0 0 108
2018-05-03 12:01:17 ::1 POST /Service1.svc - 49474 - ::1 - - 200 0 0 81
2018-05-03 12:01:18 ::1 POST /Service1.svc - 49474 - ::1 - - 200 0 0 105
2018-05-03 12:01:18 ::1 POST /Service1.svc - 49474 - ::1 - - 200 0 0 546
2018-05-03 12:01:18 ::1 POST /Service1.svc - 49474 - ::1 - - 200 0 0 142
2018-05-03 12:01:19 ::1 POST /Service1.svc - 49474 - ::1 - - 200 0 0 367
2018-05-03 12:01:19 ::1 POST /Service1.svc - 49474 - ::1 - - 200 0 0 46
2018-05-03 12:01:45 ::1 POST /Service1.svc - 49474 - ::1 - - 200 0 0 29
2018-05-03 12:01:45 ::1 POST /Service1.svc - 49474 - ::1 - - 200 0 0 167
2018-05-03 12:01:45 ::1 POST /Service1.svc - 49474 - ::1 - - 200 0 0 38
2018-05-03 12:01:45 ::1 POST /Service1.svc - 49474 - ::1 - - 200 0 0 78
2018-05-03 12:01:45 ::1 POST /Service1.svc - 49474 - ::1 - - 200 0 0 38
2018-05-03 12:01:45 ::1 POST /Service1.svc - 49474 - ::1 - - 200 0 0 76
2018-05-03 12:01:45 ::1 POST /Service1.svc - 49474 - ::1 - - 200 0 0 27
2018-05-03 12:01:45 ::1 POST /Service1.svc - 49474 - ::1 - - 200 0 0 86
2018-05-03 12:01:45 ::1 POST /Service1.svc - 49474 - ::1 - - 200 0 0 33
2018-05-03 12:01:45 ::1 POST /Service1.svc - 49474 - ::1 - - 200 0 0 18
2018-05-03 12:01:45 ::1 POST /Service1.svc - 49474 - ::1 - - 200 0 0 27
2018-05-03 12:01:45 ::1 POST /Service1.svc - 49474 - ::1 - - 200 0 0 99
2018-05-03 12:03:28 ::1 GET /Service1.svc - 49474 - ::1 Mozilla/4.0+(compatible;+MSIE+6.0;+MS+Web+Services+Client+Protocol+4.0.30319.42000) - 200 0 0 537
2018-05-03 12:03:28 ::1 GET /Service1.svc disco 49474 - ::1 Mozilla/4.0+(compatible;+MSIE+6.0;+MS+Web+Services+Client+Protocol+4.0.30319.42000) - 200 0 0 108
2018-05-03 12:03:29 ::1 GET /Service1.svc wsdl 49474 - ::1 Mozilla/4.0+(compatible;+MSIE+6.0;+MS+Web+Services+Client+Protocol+4.0.30319.42000) - 200 0 0 793
2018-05-03 12:03:29 ::1 GET /Service1.svc/$metadata - 49474 - ::1 Mozilla/4.0+(compatible;+MSIE+6.0;+MS+Web+Services+Client+Protocol+4.0.30319.42000) - 400 0 0 1745
2018-05-03 12:03:29 ::1 POST /Service1.svc/mex - 49474 - ::1 - - 415 0 0 124
2018-05-03 12:03:29 ::1 POST /Service1.svc - 49474 - ::1 - - 415 0 0 133
2018-05-03 12:03:29 ::1 GET /Service1.svc xsd=xsd0 49474 - ::1 Mozilla/4.0+(compatible;+MSIE+6.0;+MS+Web+Services+Client+Protocol+4.0.30319.42000) - 200 0 0 148
2018-05-03 12:03:29 ::1 GET /Service1.svc xsd=xsd2 49474 - ::1 Mozilla/4.0+(compatible;+MSIE+6.0;+MS+Web+Services+Client+Protocol+4.0.30319.42000) - 200 0 0 28
2018-05-03 12:03:29 ::1 GET /Service1.svc xsd=xsd3 49474 - ::1 Mozilla/4.0+(compatible;+MSIE+6.0;+MS+Web+Services+Client+Protocol+4.0.30319.42000) - 200 0 0 56
2018-05-03 12:03:29 ::1 GET /Service1.svc xsd=xsd1 49474 - ::1 Mozilla/4.0+(compatible;+MSIE+6.0;+MS+Web+Services+Client+Protocol+4.0.30319.42000) - 200 0 0 12
2018-05-03 12:04:42 ::1 POST /Service1.svc - 49474 - ::1 - - 200 0 0 282
2018-05-03 12:04:42 ::1 POST /Service1.svc - 49474 - ::1 - - 200 0 0 25
2018-05-03 12:04:42 ::1 POST /Service1.svc - 49474 - ::1 - - 200 0 0 46
2018-05-03 12:04:42 ::1 POST /Service1.svc - 49474 - ::1 - - 200 0 0 69
2018-05-03 12:04:42 ::1 POST /Service1.svc - 49474 - ::1 - - 200 0 0 200
2018-05-03 12:04:42 ::1 POST /Service1.svc - 49474 - ::1 - - 200 0 0 36
2018-05-03 12:04:42 ::1 POST /Service1.svc - 49474 - ::1 - - 200 0 0 135
2018-05-03 12:04:42 ::1 POST /Service1.svc - 49474 - ::1 - - 200 0 0 63
2018-05-03 12:04:42 ::1 POST /Service1.svc - 49474 - ::1 - - 200 0 0 23
2018-05-03 12:04:42 ::1 POST /Service1.svc - 49474 - ::1 - - 200 0 0 23
2018-05-03 12:04:43 ::1 POST /Service1.svc - 49474 - ::1 - - 200 0 0 253
2018-05-03 12:04:43 ::1 POST /Service1.svc - 49474 - ::1 - - 200 0 0 64
2018-05-03 12:15:45 ::1 POST /Service1.svc - 49474 - ::1 - - 200 0 0 215
2018-05-03 12:15:46 ::1 POST /Service1.svc - 49474 - ::1 - - 200 0 0 502
2018-05-03 12:15:46 ::1 POST /Service1.svc - 49474 - ::1 - - 200 0 0 149
2018-05-03 12:15:47 ::1 POST /Service1.svc - 49474 - ::1 - - 200 0 0 208
2018-05-03 12:15:47 ::1 POST /Service1.svc - 49474 - ::1 - - 200 0 0 240
2018-05-03 12:15:47 ::1 POST /Service1.svc - 49474 - ::1 - - 200 0 0 23
2018-05-03 12:15:47 ::1 POST /Service1.svc - 49474 - ::1 - - 200 0 0 29
2018-05-03 12:15:47 ::1 POST /Service1.svc - 49474 - ::1 - - 200 0 0 85
2018-05-03 12:15:47 ::1 POST /Service1.svc - 49474 - ::1 - - 200 0 0 116
2018-05-03 12:15:47 ::1 POST /Service1.svc - 49474 - ::1 - - 200 0 0 53
2018-05-03 12:15:47 ::1 POST /Service1.svc - 49474 - ::1 - - 200 0 0 26
2018-05-03 12:15:47 ::1 POST /Service1.svc - 49474 - ::1 - - 200 0 0 23
2018-05-03 12:15:55 ::1 POST /Service1.svc - 49474 - ::1 - - 200 0 0 270
2018-05-03 12:15:55 ::1 POST /Service1.svc - 49474 - ::1 - - 200 0 0 222
2018-05-03 12:15:55 ::1 POST /Service1.svc - 49474 - ::1 - - 200 0 0 482
2018-05-03 12:15:56 ::1 POST /Service1.svc - 49474 - ::1 - - 200 0 0 359
2018-05-03 12:15:56 ::1 POST /Service1.svc - 49474 - ::1 - - 200 0 0 253
2018-05-03 12:15:56 ::1 POST /Service1.svc - 49474 - ::1 - - 200 0 0 675
2018-05-03 12:15:57 ::1 POST /Service1.svc - 49474 - ::1 - - 200 0 0 268
2018-05-03 12:15:57 ::1 POST /Service1.svc - 49474 - ::1 - - 200 0 0 483
2018-05-03 12:15:57 ::1 POST /Service1.svc - 49474 - ::1 - - 200 0 0 330
2018-05-03 12:15:58 ::1 POST /Service1.svc - 49474 - ::1 - - 200 0 0 575
2018-05-03 12:15:58 ::1 POST /Service1.svc - 49474 - ::1 - - 200 0 0 474
2018-05-03 12:16:00 ::1 POST /Service1.svc - 49474 - ::1 - - 200 0 0 895
2018-05-03 12:16:01 ::1 POST /Service1.svc - 49474 - ::1 - - 200 0 0 909
2018-05-03 12:16:01 ::1 POST /Service1.svc - 49474 - ::1 - - 200 0 0 364
2018-05-03 12:16:02 ::1 POST /Service1.svc - 49474 - ::1 - - 200 0 0 883
2018-05-03 12:16:02 ::1 POST /Service1.svc - 49474 - ::1 - - 200 0 0 931
2018-05-03 12:16:03 ::1 POST /Service1.svc - 49474 - ::1 - - 200 0 0 122
2018-05-03 12:16:06 ::1 POST /Service1.svc - 49474 - ::1 - - 200 0 0 57
2018-05-03 12:16:06 ::1 POST /Service1.svc - 49474 - ::1 - - 200 0 0 34
2018-05-03 12:16:06 ::1 POST /Service1.svc - 49474 - ::1 - - 200 0 0 879
2018-05-03 12:16:07 ::1 POST /Service1.svc - 49474 - ::1 - - 200 0 0 241
2018-05-03 12:16:07 ::1 POST /Service1.svc - 49474 - ::1 - - 200 0 0 252
2018-05-03 12:16:08 ::1 POST /Service1.svc - 49474 - ::1 - - 200 0 0 939
2018-05-03 12:16:08 ::1 POST /Service1.svc - 49474 - ::1 - - 200 0 0 80
2018-05-03 12:16:08 ::1 POST /Service1.svc - 49474 - ::1 - - 200 0 0 496
2018-05-03 12:16:09 ::1 POST /Service1.svc - 49474 - ::1 - - 200 0 0 488
2018-05-03 12:16:09 ::1 POST /Service1.svc - 49474 - ::1 - - 200 0 0 280
2018-05-03 12:16:09 ::1 POST /Service1.svc - 49474 - ::1 - - 200 0 0 299
2018-05-03 12:16:11 ::1 POST /Service1.svc - 49474 - ::1 - - 200 0 0 963
2018-05-03 12:16:11 ::1 POST /Service1.svc - 49474 - ::1 - - 200 0 0 144
2018-05-03 12:16:12 ::1 POST /Service1.svc - 49474 - ::1 - - 200 0 0 827
2018-05-03 12:16:12 ::1 POST /Service1.svc - 49474 - ::1 - - 200 0 0 370
2018-05-03 12:16:12 ::1 POST /Service1.svc - 49474 - ::1 - - 200 0 0 441
2018-05-03 12:16:12 ::1 POST /Service1.svc - 49474 - ::1 - - 200 0 0 62
2018-05-03 12:16:13 ::1 POST /Service1.svc - 49474 - ::1 - - 200 0 0 500
2018-05-03 12:16:13 ::1 POST /Service1.svc - 49474 - ::1 - - 200 0 0 467
2018-05-03 12:16:13 ::1 POST /Service1.svc - 49474 - ::1 - - 200 0 0 21
2018-05-03 12:16:13 ::1 POST /Service1.svc - 49474 - ::1 - - 200 0 0 264
2018-05-03 12:16:15 ::1 POST /Service1.svc - 49474 - ::1 - - 200 0 0 628
2018-05-03 12:16:15 ::1 POST /Service1.svc - 49474 - ::1 - - 200 0 0 252
2018-05-03 12:16:15 ::1 POST /Service1.svc - 49474 - ::1 - - 200 0 0 56
2018-05-03 12:16:16 ::1 POST /Service1.svc - 49474 - ::1 - - 200 0 0 369
2018-05-03 12:16:16 ::1 POST /Service1.svc - 49474 - ::1 - - 200 0 0 435
2018-05-03 12:16:16 ::1 POST /Service1.svc - 49474 - ::1 - - 200 0 0 202
2018-05-03 12:16:17 ::1 POST /Service1.svc - 49474 - ::1 - - 200 0 0 457
2018-05-03 12:16:17 ::1 POST /Service1.svc - 49474 - ::1 - - 200 0 0 566
2018-05-03 12:16:22 ::1 POST /Service1.svc - 49474 - ::1 - - 200 0 0 223
2018-05-03 12:16:28 ::1 POST /Service1.svc - 49474 - ::1 - - 200 0 0 2191
2018-05-03 12:16:42 ::1 POST /Service1.svc - 49474 - ::1 - - 200 0 0 421
2018-05-03 12:16:45 ::1 POST /Service1.svc - 49474 - ::1 - - 200 0 0 815
2018-05-03 12:16:53 ::1 POST /Service1.svc - 49474 - ::1 - - 200 0 0 126
2018-05-03 12:16:53 ::1 POST /Service1.svc - 49474 - ::1 - - 200 0 0 77
2018-05-03 12:16:53 ::1 POST /Service1.svc - 49474 - ::1 - - 200 0 0 647
2018-05-03 12:16:56 ::1 POST /Service1.svc - 49474 - ::1 - - 200 0 0 637
2018-05-03 12:16:56 ::1 POST /Service1.svc - 49474 - ::1 - - 200 0 0 249
2018-05-03 12:16:57 ::1 POST /Service1.svc - 49474 - ::1 - - 200 0 0 953
2018-05-03 12:16:59 ::1 POST /Service1.svc - 49474 - ::1 - - 200 0 0 156
2018-05-03 12:17:08 ::1 POST /Service1.svc - 49474 - ::1 - - 200 0 0 317
2018-05-03 12:17:19 ::1 POST /Service1.svc - 49474 - ::1 - - 200 0 0 11424
2018-05-03 12:17:27 ::1 POST /Service1.svc - 49474 - ::1 - - 200 0 0 149
2018-05-03 12:17:27 ::1 POST /Service1.svc - 49474 - ::1 - - 200 0 0 514
2018-05-03 12:17:27 ::1 POST /Service1.svc - 49474 - ::1 - - 200 0 0 358
2018-05-03 12:17:29 ::1 POST /Service1.svc - 49474 - ::1 - - 200 0 0 582
2018-05-03 12:17:29 ::1 POST /Service1.svc - 49474 - ::1 - - 200 0 0 554
2018-05-03 12:17:30 ::1 POST /Service1.svc - 49474 - ::1 - - 200 0 0 677
2018-05-03 12:21:50 ::1 POST /Service1.svc - 49474 - ::1 - - 200 0 0 530
2018-05-03 12:21:50 ::1 POST /Service1.svc - 49474 - ::1 - - 200 0 0 107
2018-05-03 12:21:51 ::1 POST /Service1.svc - 49474 - ::1 - - 200 0 0 770
2018-05-03 12:21:52 ::1 POST /Service1.svc - 49474 - ::1 - - 200 0 0 1211
2018-05-03 12:21:52 ::1 POST /Service1.svc - 49474 - ::1 - - 200 0 0 926
2018-05-03 12:21:54 ::1 POST /Service1.svc - 49474 - ::1 - - 200 0 0 200
2018-05-03 12:21:54 ::1 POST /Service1.svc - 49474 - ::1 - - 200 0 0 57
2018-05-03 12:21:54 ::1 POST /Service1.svc - 49474 - ::1 - - 200 0 0 827
2018-05-03 12:21:55 ::1 POST /Service1.svc - 49474 - ::1 - - 200 0 0 439
2018-05-03 12:21:55 ::1 POST /Service1.svc - 49474 - ::1 - - 200 0 0 563
2018-05-03 12:21:55 ::1 POST /Service1.svc - 49474 - ::1 - - 200 0 0 282
2018-05-03 12:21:56 ::1 POST /Service1.svc - 49474 - ::1 - - 200 0 0 522
2018-05-03 12:22:03 ::1 POST /Service1.svc - 49474 - ::1 - - 200 0 0 448
2018-05-03 12:22:03 ::1 POST /Service1.svc - 49474 - ::1 - - 200 0 0 116
2018-05-03 12:22:03 ::1 POST /Service1.svc - 49474 - ::1 - - 200 0 0 565
2018-05-03 12:22:05 ::1 POST /Service1.svc - 49474 - ::1 - - 200 0 0 1161
2018-05-03 12:22:05 ::1 POST /Service1.svc - 49474 - ::1 - - 200 0 0 154
2018-05-03 12:22:05 ::1 POST /Service1.svc - 49474 - ::1 - - 200 0 0 620
2018-05-03 12:22:07 ::1 POST /Service1.svc - 49474 - ::1 - - 200 0 0 662
2018-05-03 12:22:07 ::1 POST /Service1.svc - 49474 - ::1 - - 200 0 0 449
2018-05-03 12:22:08 ::1 POST /Service1.svc - 49474 - ::1 - - 200 0 0 1109
2018-05-03 12:22:08 ::1 POST /Service1.svc - 49474 - ::1 - - 200 0 0 673
2018-05-03 12:22:08 ::1 POST /Service1.svc - 49474 - ::1 - - 200 0 0 140
2018-05-03 12:22:10 ::1 POST /Service1.svc - 49474 - ::1 - - 200 0 0 427
2018-05-03 12:22:11 ::1 POST /Service1.svc - 49474 - ::1 - - 200 0 0 623
2018-05-03 12:22:11 ::1 POST /Service1.svc - 49474 - ::1 - - 200 0 0 367
2018-05-03 12:22:11 ::1 POST /Service1.svc - 49474 - ::1 - - 200 0 0 394
2018-05-03 12:22:12 ::1 POST /Service1.svc - 49474 - ::1 - - 200 0 0 654
2018-05-03 12:22:12 ::1 POST /Service1.svc - 49474 - ::1 - - 200 0 0 262
2018-05-03 12:22:13 ::1 POST /Service1.svc - 49474 - ::1 - - 200 0 0 800
2018-05-03 12:22:20 ::1 POST /Service1.svc - 49474 - ::1 - - 200 0 0 18
2018-05-03 12:22:20 ::1 POST /Service1.svc - 49474 - ::1 - - 200 0 0 361
2018-05-03 12:22:20 ::1 POST /Service1.svc - 49474 - ::1 - - 200 0 0 344
2018-05-03 12:22:22 ::1 POST /Service1.svc - 49474 - ::1 - - 200 0 0 1011
2018-05-03 12:22:22 ::1 POST /Service1.svc - 49474 - ::1 - - 200 0 0 402
2018-05-03 12:22:22 ::1 POST /Service1.svc - 49474 - ::1 - - 200 0 0 520
2018-05-03 12:22:23 ::1 POST /Service1.svc - 49474 - ::1 - - 200 0 0 236
2018-05-03 12:22:23 ::1 POST /Service1.svc - 49474 - ::1 - - 200 0 0 252
2018-05-03 12:22:23 ::1 POST /Service1.svc - 49474 - ::1 - - 200 0 0 481
2018-05-03 12:22:24 ::1 POST /Service1.svc - 49474 - ::1 - - 200 0 0 575
2018-05-03 12:22:24 ::1 POST /Service1.svc - 49474 - ::1 - - 200 0 0 218
2018-05-03 12:22:24 ::1 POST /Service1.svc - 49474 - ::1 - - 200 0 0 647
2018-05-03 12:22:26 ::1 POST /Service1.svc - 49474 - ::1 - - 200 0 0 305
2018-05-03 12:22:26 ::1 POST /Service1.svc - 49474 - ::1 - - 200 0 0 559
2018-05-03 12:22:26 ::1 POST /Service1.svc - 49474 - ::1 - - 200 0 0 265
2018-05-03 12:22:28 ::1 POST /Service1.svc - 49474 - ::1 - - 200 0 0 1143
2018-05-03 12:22:28 ::1 POST /Service1.svc - 49474 - ::1 - - 200 0 0 231
2018-05-03 12:22:28 ::1 POST /Service1.svc - 49474 - ::1 - - 200 0 0 354
2018-05-03 12:22:28 ::1 POST /Service1.svc - 49474 - ::1 - - 200 0 0 45
2018-05-03 12:22:29 ::1 POST /Service1.svc - 49474 - ::1 - - 200 0 0 598
2018-05-03 12:22:29 ::1 POST /Service1.svc - 49474 - ::1 - - 200 0 0 321
2018-05-03 12:22:30 ::1 POST /Service1.svc - 49474 - ::1 - - 200 0 0 934
2018-05-03 12:22:30 ::1 POST /Service1.svc - 49474 - ::1 - - 200 0 0 244
2018-05-03 12:22:31 ::1 POST /Service1.svc - 49474 - ::1 - - 200 0 0 829
2018-05-03 12:22:33 ::1 POST /Service1.svc - 49474 - ::1 - - 200 0 0 282
2018-05-03 12:22:33 ::1 POST /Service1.svc - 49474 - ::1 - - 200 0 0 282
2018-05-03 12:22:33 ::1 POST /Service1.svc - 49474 - ::1 - - 200 0 0 638
2018-05-03 12:22:34 ::1 POST /Service1.svc - 49474 - ::1 - - 200 0 0 135
2018-05-03 12:22:34 ::1 POST /Service1.svc - 49474 - ::1 - - 200 0 0 790
2018-05-03 12:22:39 ::1 POST /Service1.svc - 49474 - ::1 - - 200 0 0 101
2018-05-03 12:22:48 ::1 POST /Service1.svc - 49474 - ::1 - - 200 0 0 284
2018-05-03 12:22:58 ::1 POST /Service1.svc - 49474 - ::1 - - 200 0 0 92
2018-05-03 12:22:58 ::1 POST /Service1.svc - 49474 - ::1 - - 200 0 0 294
2018-05-03 12:22:58 ::1 POST /Service1.svc - 49474 - ::1 - - 200 0 0 319
2018-05-03 12:23:00 ::1 POST /Service1.svc - 49474 - ::1 - - 200 0 0 31
2018-05-03 12:23:00 ::1 POST /Service1.svc - 49474 - ::1 - - 200 0 0 243
2018-05-03 12:23:00 ::1 POST /Service1.svc - 49474 - ::1 - - 200 0 0 247
2018-05-03 12:23:03 ::1 POST /Service1.svc - 49474 - ::1 - - 200 0 0 452
2018-05-03 12:23:10 ::1 POST /Service1.svc - 49474 - ::1 - - 200 0 0 333
2018-05-03 12:23:13 ::1 POST /Service1.svc - 49474 - ::1 - - 200 0 0 2802
2018-05-03 12:25:25 ::1 POST /Service1.svc - 49474 - ::1 - - 200 0 0 748
2018-05-03 12:25:25 ::1 POST /Service1.svc - 49474 - ::1 - - 200 0 0 70
2018-05-03 12:25:26 ::1 POST /Service1.svc - 49474 - ::1 - - 200 0 0 756
2018-05-03 12:25:26 ::1 POST /Service1.svc - 49474 - ::1 - - 200 0 0 510
2018-05-03 12:25:27 ::1 POST /Service1.svc - 49474 - ::1 - - 200 0 0 602
2018-05-03 12:25:27 ::1 POST /Service1.svc - 49474 - ::1 - - 200 0 0 972
2018-05-03 12:25:29 ::1 POST /Service1.svc - 49474 - ::1 - - 200 0 0 452
2018-05-03 12:25:29 ::1 POST /Service1.svc - 49474 - ::1 - - 200 0 0 822
2018-05-03 12:25:30 ::1 POST /Service1.svc - 49474 - ::1 - - 200 0 0 558
2018-05-03 12:25:30 ::1 POST /Service1.svc - 49474 - ::1 - - 200 0 0 423
2018-05-03 12:25:30 ::1 POST /Service1.svc - 49474 - ::1 - - 200 0 0 504
2018-05-03 12:25:31 ::1 POST /Service1.svc - 49474 - ::1 - - 200 0 0 187
2018-05-03 12:25:35 ::1 POST /Service1.svc - 49474 - ::1 - - 200 0 0 325
2018-05-03 12:25:35 ::1 POST /Service1.svc - 49474 - ::1 - - 200 0 0 104
2018-05-03 12:25:35 ::1 POST /Service1.svc - 49474 - ::1 - - 200 0 0 83
2018-05-03 12:25:35 ::1 POST /Service1.svc - 49474 - ::1 - - 200 0 0 31
2018-05-03 12:25:35 ::1 POST /Service1.svc - 49474 - ::1 - - 200 0 0 25
2018-05-03 12:25:35 ::1 POST /Service1.svc - 49474 - ::1 - - 200 0 0 42
2018-05-03 12:25:35 ::1 POST /Service1.svc - 49474 - ::1 - - 200 0 0 169
2018-05-03 12:25:35 ::1 POST /Service1.svc - 49474 - ::1 - - 200 0 0 49
2018-05-03 12:25:35 ::1 POST /Service1.svc - 49474 - ::1 - - 200 0 0 95
2018-05-03 12:25:35 ::1 POST /Service1.svc - 49474 - ::1 - - 200 0 0 92
2018-05-03 12:25:35 ::1 POST /Service1.svc - 49474 - ::1 - - 200 0 0 27
2018-05-03 12:25:35 ::1 POST /Service1.svc - 49474 - ::1 - - 200 0 0 25
2018-05-03 12:25:37 ::1 POST /Service1.svc - 49474 - ::1 - - 200 0 0 64
2018-05-03 12:25:37 ::1 POST /Service1.svc - 49474 - ::1 - - 200 0 0 57
2018-05-03 12:25:37 ::1 POST /Service1.svc - 49474 - ::1 - - 200 0 0 21
2018-05-03 12:25:37 ::1 POST /Service1.svc - 49474 - ::1 - - 200 0 0 159
2018-05-03 12:25:37 ::1 POST /Service1.svc - 49474 - ::1 - - 200 0 0 247
2018-05-03 12:25:37 ::1 POST /Service1.svc - 49474 - ::1 - - 200 0 0 60
2018-05-03 12:25:39 ::1 POST /Service1.svc - 49474 - ::1 - - 200 0 0 17
2018-05-03 12:25:39 ::1 POST /Service1.svc - 49474 - ::1 - - 200 0 0 21
2018-05-03 12:25:39 ::1 POST /Service1.svc - 49474 - ::1 - - 200 0 0 31
2018-05-03 12:25:39 ::1 POST /Service1.svc - 49474 - ::1 - - 200 0 0 56
2018-05-03 12:25:39 ::1 POST /Service1.svc - 49474 - ::1 - - 200 0 0 19
2018-05-03 12:25:39 ::1 POST /Service1.svc - 49474 - ::1 - - 200 0 0 12
2018-05-03 12:25:39 ::1 POST /Service1.svc - 49474 - ::1 - - 200 0 0 18
2018-05-03 12:25:39 ::1 POST /Service1.svc - 49474 - ::1 - - 200 0 0 71
2018-05-03 12:25:39 ::1 POST /Service1.svc - 49474 - ::1 - - 200 0 0 227
2018-05-03 12:25:39 ::1 POST /Service1.svc - 49474 - ::1 - - 200 0 0 77
2018-05-03 12:25:39 ::1 POST /Service1.svc - 49474 - ::1 - - 200 0 0 65
2018-05-03 12:25:39 ::1 POST /Service1.svc - 49474 - ::1 - - 200 0 0 66
2018-05-03 12:25:39 ::1 POST /Service1.svc - 49474 - ::1 - - 200 0 0 164
2018-05-03 12:25:39 ::1 POST /Service1.svc - 49474 - ::1 - - 200 0 0 45
2018-05-03 12:25:39 ::1 POST /Service1.svc - 49474 - ::1 - - 200 0 0 24
2018-05-03 12:25:40 ::1 POST /Service1.svc - 49474 - ::1 - - 200 0 0 134
2018-05-03 12:25:40 ::1 POST /Service1.svc - 49474 - ::1 - - 200 0 0 110
2018-05-03 12:25:40 ::1 POST /Service1.svc - 49474 - ::1 - - 200 0 0 44
2018-05-03 12:25:40 ::1 POST /Service1.svc - 49474 - ::1 - - 200 0 0 50
2018-05-03 12:25:40 ::1 POST /Service1.svc - 49474 - ::1 - - 200 0 0 68
2018-05-03 12:25:40 ::1 POST /Service1.svc - 49474 - ::1 - - 200 0 0 87
2018-05-03 12:25:40 ::1 POST /Service1.svc - 49474 - ::1 - - 200 0 0 19
2018-05-03 12:25:40 ::1 POST /Service1.svc - 49474 - ::1 - - 200 0 0 16
2018-05-03 12:25:40 ::1 POST /Service1.svc - 49474 - ::1 - - 200 0 0 16
2018-05-03 12:25:40 ::1 POST /Service1.svc - 49474 - ::1 - - 200 0 0 74
2018-05-03 12:25:41 ::1 POST /Service1.svc - 49474 - ::1 - - 200 0 0 138
2018-05-03 12:25:41 ::1 POST /Service1.svc - 49474 - ::1 - - 200 0 0 56
2018-05-03 12:25:41 ::1 POST /Service1.svc - 49474 - ::1 - - 200 0 0 19
2018-05-03 12:25:41 ::1 POST /Service1.svc - 49474 - ::1 - - 200 0 0 17
2018-05-03 12:25:44 ::1 POST /Service1.svc - 49474 - ::1 - - 200 0 0 36
2018-05-03 12:25:46 ::1 POST /Service1.svc - 49474 - ::1 - - 200 0 0 40
2018-05-03 12:25:59 ::1 POST /Service1.svc - 49474 - ::1 - - 200 0 0 12
2018-05-03 12:25:59 ::1 POST /Service1.svc - 49474 - ::1 - - 200 0 0 20
2018-05-03 12:25:59 ::1 POST /Service1.svc - 49474 - ::1 - - 200 0 0 31
2018-05-03 12:26:01 ::1 POST /Service1.svc - 49474 - ::1 - - 200 0 0 21
2018-05-03 12:26:01 ::1 POST /Service1.svc - 49474 - ::1 - - 200 0 0 192
2018-05-03 12:26:01 ::1 POST /Service1.svc - 49474 - ::1 - - 200 0 0 58
2018-05-03 12:26:02 ::1 POST /Service1.svc - 49474 - ::1 - - 200 0 0 96
2018-05-03 12:26:14 ::1 POST /Service1.svc - 49474 - ::1 - - 200 0 0 439
2018-05-03 12:26:15 ::1 POST /Service1.svc - 49474 - ::1 - - 200 0 0 1140
2018-05-03 12:26:17 ::1 POST /Service1.svc - 49474 - ::1 - - 200 0 0 223
2018-05-03 12:26:17 ::1 POST /Service1.svc - 49474 - ::1 - - 200 0 0 303
2018-05-03 12:26:17 ::1 POST /Service1.svc - 49474 - ::1 - - 200 0 0 575
2018-05-03 12:26:18 ::1 POST /Service1.svc - 49474 - ::1 - - 200 0 0 647
2018-05-03 12:26:18 ::1 POST /Service1.svc - 49474 - ::1 - - 200 0 0 413
2018-05-03 12:26:18 ::1 POST /Service1.svc - 49474 - ::1 - - 200 0 0 523
2018-05-03 12:26:20 ::1 POST /Service1.svc - 49474 - ::1 - - 200 0 0 720
2018-05-03 12:29:09 ::1 POST /Service1.svc - 49474 - ::1 - - 200 0 0 39
2018-05-03 12:29:09 ::1 POST /Service1.svc - 49474 - ::1 - - 200 0 0 93
2018-05-03 12:29:09 ::1 POST /Service1.svc - 49474 - ::1 - - 200 0 0 29
2018-05-03 12:29:09 ::1 POST /Service1.svc - 49474 - ::1 - - 200 0 0 77
2018-05-03 12:29:09 ::1 POST /Service1.svc - 49474 - ::1 - - 200 0 0 168
2018-05-03 12:29:09 ::1 POST /Service1.svc - 49474 - ::1 - - 200 0 0 294
2018-05-03 12:29:09 ::1 POST /Service1.svc - 49474 - ::1 - - 200 0 0 178
2018-05-03 12:29:10 ::1 POST /Service1.svc - 49474 - ::1 - - 200 0 0 141
2018-05-03 12:29:10 ::1 POST /Service1.svc - 49474 - ::1 - - 200 0 0 293
2018-05-03 12:29:10 ::1 POST /Service1.svc - 49474 - ::1 - - 200 0 0 38
2018-05-03 12:29:10 ::1 POST /Service1.svc - 49474 - ::1 - - 200 0 0 67
2018-05-03 12:29:11 ::1 POST /Service1.svc - 49474 - ::1 - - 200 0 0 884
2018-05-03 12:29:15 ::1 POST /Service1.svc - 49474 - ::1 - - 200 0 0 34
2018-05-03 12:29:15 ::1 POST /Service1.svc - 49474 - ::1 - - 200 0 0 87
2018-05-03 12:29:15 ::1 POST /Service1.svc - 49474 - ::1 - - 200 0 0 36
2018-05-03 12:29:15 ::1 POST /Service1.svc - 49474 - ::1 - - 200 0 0 93
2018-05-03 12:29:15 ::1 POST /Service1.svc - 49474 - ::1 - - 200 0 0 71
2018-05-03 12:29:15 ::1 POST /Service1.svc - 49474 - ::1 - - 200 0 0 22
2018-05-03 12:29:15 ::1 POST /Service1.svc - 49474 - ::1 - - 200 0 0 108
2018-05-03 12:29:15 ::1 POST /Service1.svc - 49474 - ::1 - - 200 0 0 113
2018-05-03 12:29:15 ::1 POST /Service1.svc - 49474 - ::1 - - 200 0 0 68
2018-05-03 12:29:15 ::1 POST /Service1.svc - 49474 - ::1 - - 200 0 0 45
2018-05-03 12:29:15 ::1 POST /Service1.svc - 49474 - ::1 - - 200 0 0 22
2018-05-03 12:29:15 ::1 POST /Service1.svc - 49474 - ::1 - - 200 0 0 106
2018-05-03 12:29:16 ::1 POST /Service1.svc - 49474 - ::1 - - 200 0 0 84
2018-05-03 12:29:16 ::1 POST /Service1.svc - 49474 - ::1 - - 200 0 0 121
2018-05-03 12:29:16 ::1 POST /Service1.svc - 49474 - ::1 - - 200 0 0 181
2018-05-03 12:29:16 ::1 POST /Service1.svc - 49474 - ::1 - - 200 0 0 28
2018-05-03 12:29:16 ::1 POST /Service1.svc - 49474 - ::1 - - 200 0 0 52
2018-05-03 12:29:16 ::1 POST /Service1.svc - 49474 - ::1 - - 200 0 0 145
2018-05-03 12:29:16 ::1 POST /Service1.svc - 49474 - ::1 - - 200 0 0 104
2018-05-03 12:29:18 ::1 POST /Service1.svc - 49474 - ::1 - - 200 0 0 23
2018-05-03 12:29:18 ::1 POST /Service1.svc - 49474 - ::1 - - 200 0 0 36
2018-05-03 12:29:18 ::1 POST /Service1.svc - 49474 - ::1 - - 200 0 0 30
2018-05-03 12:29:18 ::1 POST /Service1.svc - 49474 - ::1 - - 200 0 0 73
2018-05-03 12:29:18 ::1 POST /Service1.svc - 49474 - ::1 - - 200 0 0 35
2018-05-03 12:29:18 ::1 POST /Service1.svc - 49474 - ::1 - - 200 0 0 88
2018-05-03 12:29:18 ::1 POST /Service1.svc - 49474 - ::1 - - 200 0 0 47
2018-05-03 12:29:18 ::1 POST /Service1.svc - 49474 - ::1 - - 200 0 0 20
2018-05-03 12:29:18 ::1 POST /Service1.svc - 49474 - ::1 - - 200 0 0 22
2018-05-03 12:29:18 ::1 POST /Service1.svc - 49474 - ::1 - - 200 0 0 114
2018-05-03 12:29:18 ::1 POST /Service1.svc - 49474 - ::1 - - 200 0 0 121
2018-05-03 12:29:18 ::1 POST /Service1.svc - 49474 - ::1 - - 200 0 0 60
2018-05-03 12:29:18 ::1 POST /Service1.svc - 49474 - ::1 - - 200 0 0 112
2018-05-03 12:29:18 ::1 POST /Service1.svc - 49474 - ::1 - - 200 0 0 61
2018-05-03 12:29:18 ::1 POST /Service1.svc - 49474 - ::1 - - 200 0 0 20
2018-05-03 12:29:18 ::1 POST /Service1.svc - 49474 - ::1 - - 200 0 0 72
2018-05-03 12:29:18 ::1 POST /Service1.svc - 49474 - ::1 - - 200 0 0 77
2018-05-03 12:29:19 ::1 POST /Service1.svc - 49474 - ::1 - - 200 0 0 56
2018-05-03 12:29:19 ::1 POST /Service1.svc - 49474 - ::1 - - 200 0 0 15
2018-05-03 12:29:19 ::1 POST /Service1.svc - 49474 - ::1 - - 200 0 0 27
2018-05-03 12:29:19 ::1 POST /Service1.svc - 49474 - ::1 - - 200 0 0 103
2018-05-03 12:29:19 ::1 POST /Service1.svc - 49474 - ::1 - - 200 0 0 100
2018-05-03 12:29:19 ::1 POST /Service1.svc - 49474 - ::1 - - 200 0 0 17
2018-05-03 12:29:19 ::1 POST /Service1.svc - 49474 - ::1 - - 200 0 0 14
2018-05-03 12:29:19 ::1 POST /Service1.svc - 49474 - ::1 - - 200 0 0 263
2018-05-03 12:29:19 ::1 POST /Service1.svc - 49474 - ::1 - - 200 0 0 70
2018-05-03 12:29:19 ::1 POST /Service1.svc - 49474 - ::1 - - 200 0 0 73
2018-05-03 12:29:19 ::1 POST /Service1.svc - 49474 - ::1 - - 200 0 0 66
2018-05-03 12:29:20 ::1 POST /Service1.svc - 49474 - ::1 - - 200 0 0 87
2018-05-03 12:29:37 ::1 POST /Service1.svc - 49474 - ::1 - - 200 0 0 37
2018-05-03 12:29:38 ::1 POST /Service1.svc - 49474 - ::1 - - 200 0 0 104
2018-05-03 12:29:45 ::1 POST /Service1.svc - 49474 - ::1 - - 200 0 0 19
2018-05-03 12:29:45 ::1 POST /Service1.svc - 49474 - ::1 - - 200 0 0 10
2018-05-03 12:29:45 ::1 POST /Service1.svc - 49474 - ::1 - - 200 0 0 58
2018-05-03 12:29:49 ::1 POST /Service1.svc - 49474 - ::1 - - 200 0 0 13
2018-05-03 12:29:49 ::1 POST /Service1.svc - 49474 - ::1 - - 200 0 0 10
2018-05-03 12:29:49 ::1 POST /Service1.svc - 49474 - ::1 - - 200 0 0 17
2018-05-03 12:29:50 ::1 POST /Service1.svc - 49474 - ::1 - - 200 0 0 60
2018-05-03 12:32:57 ::1 POST /Service1.svc - 49474 - ::1 - - 200 0 0 101
2018-05-03 12:32:57 ::1 POST /Service1.svc - 49474 - ::1 - - 200 0 0 102
2018-05-03 12:32:57 ::1 POST /Service1.svc - 49474 - ::1 - - 200 0 0 61
2018-05-03 12:32:57 ::1 POST /Service1.svc - 49474 - ::1 - - 200 0 0 35
2018-05-03 12:32:57 ::1 POST /Service1.svc - 49474 - ::1 - - 200 0 0 58
2018-05-03 12:32:57 ::1 POST /Service1.svc - 49474 - ::1 - - 200 0 0 96
2018-05-03 12:32:57 ::1 POST /Service1.svc - 49474 - ::1 - - 200 0 0 83
2018-05-03 12:32:57 ::1 POST /Service1.svc - 49474 - ::1 - - 200 0 0 26
2018-05-03 12:32:58 ::1 POST /Service1.svc - 49474 - ::1 - - 200 0 0 141
2018-05-03 12:32:58 ::1 POST /Service1.svc - 49474 - ::1 - - 200 0 0 16
2018-05-03 12:32:58 ::1 POST /Service1.svc - 49474 - ::1 - - 200 0 0 18
2018-05-03 12:32:58 ::1 POST /Service1.svc - 49474 - ::1 - - 200 0 0 16
2018-05-03 12:33:02 ::1 POST /Service1.svc - 49474 - ::1 - - 200 0 0 515
2018-05-03 12:33:02 ::1 POST /Service1.svc - 49474 - ::1 - - 200 0 0 57
2018-05-03 12:33:02 ::1 POST /Service1.svc - 49474 - ::1 - - 200 0 0 120
2018-05-03 12:33:03 ::1 POST /Service1.svc - 49474 - ::1 - - 200 0 0 883
2018-05-03 12:33:03 ::1 POST /Service1.svc - 49474 - ::1 - - 200 0 0 295
2018-05-03 12:33:03 ::1 POST /Service1.svc - 49474 - ::1 - - 200 0 0 298
2018-05-03 12:33:03 ::1 POST /Service1.svc - 49474 - ::1 - - 200 0 0 311
2018-05-03 12:33:04 ::1 POST /Service1.svc - 49474 - ::1 - - 200 0 0 484
2018-05-03 12:33:04 ::1 POST /Service1.svc - 49474 - ::1 - - 200 0 0 39
2018-05-03 12:33:04 ::1 POST /Service1.svc - 49474 - ::1 - - 200 0 0 271
2018-05-03 12:33:05 ::1 POST /Service1.svc - 49474 - ::1 - - 200 0 0 750
2018-05-03 12:33:05 ::1 POST /Service1.svc - 49474 - ::1 - - 200 0 0 254
2018-05-03 12:33:06 ::1 POST /Service1.svc - 49474 - ::1 - - 200 0 0 840
2018-05-03 12:33:08 ::1 POST /Service1.svc - 49474 - ::1 - - 200 0 0 1069
2018-05-03 12:33:08 ::1 POST /Service1.svc - 49474 - ::1 - - 200 0 0 880
2018-05-03 12:33:09 ::1 POST /Service1.svc - 49474 - ::1 - - 200 0 0 293
2018-05-03 12:33:09 ::1 POST /Service1.svc - 49474 - ::1 - - 200 0 0 507
2018-05-03 12:33:09 ::1 POST /Service1.svc - 49474 - ::1 - - 200 0 0 193
2018-05-03 12:33:10 ::1 POST /Service1.svc - 49474 - ::1 - - 200 0 0 666
2018-05-03 12:33:12 ::1 POST /Service1.svc - 49474 - ::1 - - 200 0 0 49
2018-05-03 12:33:12 ::1 POST /Service1.svc - 49474 - ::1 - - 200 0 0 104
2018-05-03 12:33:12 ::1 POST /Service1.svc - 49474 - ::1 - - 200 0 0 598
2018-05-03 12:33:12 ::1 POST /Service1.svc - 49474 - ::1 - - 200 0 0 228
2018-05-03 12:33:13 ::1 POST /Service1.svc - 49474 - ::1 - - 200 0 0 297
2018-05-03 12:33:13 ::1 POST /Service1.svc - 49474 - ::1 - - 200 0 0 692
2018-05-03 12:33:13 ::1 POST /Service1.svc - 49474 - ::1 - - 200 0 0 159
2018-05-03 12:33:14 ::1 POST /Service1.svc - 49474 - ::1 - - 200 0 0 233
2018-05-03 12:33:14 ::1 POST /Service1.svc - 49474 - ::1 - - 200 0 0 739
2018-05-03 12:33:15 ::1 POST /Service1.svc - 49474 - ::1 - - 200 0 0 290
2018-05-03 12:33:15 ::1 POST /Service1.svc - 49474 - ::1 - - 200 0 0 840
2018-05-03 12:33:15 ::1 POST /Service1.svc - 49474 - ::1 - - 200 0 0 108
2018-05-03 12:33:17 ::1 POST /Service1.svc - 49474 - ::1 - - 200 0 0 532
2018-05-03 12:33:17 ::1 POST /Service1.svc - 49474 - ::1 - - 200 0 0 299
2018-05-03 12:33:19 ::1 POST /Service1.svc - 49474 - ::1 - - 200 0 0 1312
2018-05-03 12:33:19 ::1 POST /Service1.svc - 49474 - ::1 - - 200 0 0 66
2018-05-03 12:33:19 ::1 POST /Service1.svc - 49474 - ::1 - - 200 0 0 270
2018-05-03 12:33:20 ::1 POST /Service1.svc - 49474 - ::1 - - 200 0 0 846
2018-05-03 12:33:20 ::1 POST /Service1.svc - 49474 - ::1 - - 200 0 0 306
2018-05-03 12:33:21 ::1 POST /Service1.svc - 49474 - ::1 - - 200 0 0 708
2018-05-03 12:33:21 ::1 POST /Service1.svc - 49474 - ::1 - - 200 0 0 889
2018-05-03 12:33:23 ::1 POST /Service1.svc - 49474 - ::1 - - 200 0 0 718
2018-05-03 12:33:23 ::1 POST /Service1.svc - 49474 - ::1 - - 200 0 0 482
2018-05-03 12:33:24 ::1 POST /Service1.svc - 49474 - ::1 - - 200 0 0 934
2018-05-03 12:33:25 ::1 POST /Service1.svc - 49474 - ::1 - - 200 0 0 679
2018-05-03 12:33:25 ::1 POST /Service1.svc - 49474 - ::1 - - 200 0 0 283
2018-05-03 12:33:25 ::1 POST /Service1.svc - 49474 - ::1 - - 200 0 0 214
2018-05-03 12:33:26 ::1 POST /Service1.svc - 49474 - ::1 - - 200 0 0 663
2018-05-03 12:33:26 ::1 POST /Service1.svc - 49474 - ::1 - - 200 0 0 221
2018-05-03 12:33:50 ::1 POST /Service1.svc - 49474 - ::1 - - 200 0 0 296
2018-05-03 12:33:50 ::1 POST /Service1.svc - 49474 - ::1 - - 200 0 0 644
2018-05-03 12:33:51 ::1 POST /Service1.svc - 49474 - ::1 - - 200 0 0 445
2018-05-03 12:33:51 ::1 POST /Service1.svc - 49474 - ::1 - - 200 0 0 965
2018-05-03 12:33:53 ::1 POST /Service1.svc - 49474 - ::1 - - 200 0 0 753
2018-05-03 12:33:53 ::1 POST /Service1.svc - 49474 - ::1 - - 200 0 0 630
2018-05-03 12:33:54 ::1 POST /Service1.svc - 49474 - ::1 - - 200 0 0 816
2018-05-03 12:33:54 ::1 POST /Service1.svc - 49474 - ::1 - - 200 0 0 679
2018-05-03 12:33:56 ::1 POST /Service1.svc - 49474 - ::1 - - 200 0 0 976
2018-05-03 12:33:56 ::1 POST /Service1.svc - 49474 - ::1 - - 200 0 0 721
2018-05-03 12:33:57 ::1 POST /Service1.svc - 49474 - ::1 - - 200 0 0 331
2018-05-03 12:33:57 ::1 POST /Service1.svc - 49474 - ::1 - - 200 0 0 537
2018-05-03 12:33:58 ::1 POST /Service1.svc - 49474 - ::1 - - 200 0 0 367
2018-05-03 12:33:58 ::1 POST /Service1.svc - 49474 - ::1 - - 200 0 0 404
2018-05-03 12:33:59 ::1 POST /Service1.svc - 49474 - ::1 - - 200 0 0 767
2018-05-03 12:33:59 ::1 POST /Service1.svc - 49474 - ::1 - - 200 0 0 626
2018-05-03 12:34:00 ::1 POST /Service1.svc - 49474 - ::1 - - 200 0 0 484
2018-05-03 12:34:00 ::1 POST /Service1.svc - 49474 - ::1 - - 200 0 0 324
2018-05-03 12:34:00 ::1 POST /Service1.svc - 49474 - ::1 - - 200 0 0 199
2018-05-03 12:34:02 ::1 POST /Service1.svc - 49474 - ::1 - - 200 0 0 775
2018-05-03 12:34:02 ::1 POST /Service1.svc - 49474 - ::1 - - 200 0 0 367
2018-05-03 12:34:02 ::1 POST /Service1.svc - 49474 - ::1 - - 200 0 0 323
2018-05-03 12:34:03 ::1 POST /Service1.svc - 49474 - ::1 - - 200 0 0 787
2018-05-03 12:34:03 ::1 POST /Service1.svc - 49474 - ::1 - - 200 0 0 581
2018-05-03 12:34:04 ::1 POST /Service1.svc - 49474 - ::1 - - 200 0 0 562
2018-05-03 12:34:04 ::1 POST /Service1.svc - 49474 - ::1 - - 200 0 0 406
2018-05-03 12:34:06 ::1 POST /Service1.svc - 49474 - ::1 - - 200 0 0 883
2018-05-03 12:34:07 ::1 POST /Service1.svc - 49474 - ::1 - - 200 0 0 473
2018-05-03 12:34:07 ::1 POST /Service1.svc - 49474 - ::1 - - 200 0 0 347
2018-05-03 12:34:09 ::1 POST /Service1.svc - 49474 - ::1 - - 200 0 0 1176
2018-05-03 12:34:09 ::1 POST /Service1.svc - 49474 - ::1 - - 200 0 0 546
