#Software: Microsoft Internet Information Services 10.0
#Version: 1.0
#Date: 2018-06-21 08:09:22
#Fields: date time s-ip cs-method cs-uri-stem cs-uri-query s-port cs-username c-ip cs(User-Agent) cs(Referer) sc-status sc-substatus sc-win32-status time-taken
2018-06-21 08:09:22 ::1 POST /Service1.svc - 49474 - ::1 - - 415 0 0 20100
2018-06-21 08:09:22 ::1 POST /Service1.svc/mex - 49474 - ::1 - - 415 0 0 43
2018-06-21 08:09:28 ::1 GET /Service1.svc - 49474 - ::1 Mozilla/4.0+(compatible;+MSIE+6.0;+MS+Web+Services+Client+Protocol+4.0.30319.42000) - 200 0 0 5865
2018-06-21 08:09:28 ::1 GET /Service1.svc disco 49474 - ::1 Mozilla/4.0+(compatible;+MSIE+6.0;+MS+Web+Services+Client+Protocol+4.0.30319.42000) - 200 0 0 5
2018-06-21 08:09:28 ::1 GET /Service1.svc wsdl 49474 - ::1 Mozilla/4.0+(compatible;+MSIE+6.0;+MS+Web+Services+Client+Protocol+4.0.30319.42000) - 200 0 0 105
2018-06-21 08:09:29 ::1 GET /Service1.svc xsd=xsd0 49474 - ::1 Mozilla/4.0+(compatible;+MSIE+6.0;+MS+Web+Services+Client+Protocol+4.0.30319.42000) - 200 0 0 1040
2018-06-21 08:09:29 ::1 GET /Service1.svc xsd=xsd2 49474 - ::1 Mozilla/4.0+(compatible;+MSIE+6.0;+MS+Web+Services+Client+Protocol+4.0.30319.42000) - 200 0 0 6
2018-06-21 08:09:29 ::1 GET /Service1.svc xsd=xsd3 49474 - ::1 Mozilla/4.0+(compatible;+MSIE+6.0;+MS+Web+Services+Client+Protocol+4.0.30319.42000) - 200 0 0 11
2018-06-21 08:09:29 ::1 GET /Service1.svc xsd=xsd1 49474 - ::1 Mozilla/4.0+(compatible;+MSIE+6.0;+MS+Web+Services+Client+Protocol+4.0.30319.42000) - 200 0 0 28
2018-06-21 08:11:16 ::1 POST /Service1.svc - 49474 - ::1 - - 200 0 0 5161
2018-06-21 08:11:17 ::1 POST /Service1.svc - 49474 - ::1 - - 200 0 0 1001
2018-06-21 08:11:17 ::1 POST /Service1.svc - 49474 - ::1 - - 200 0 0 692
2018-06-21 08:11:19 ::1 POST /Service1.svc - 49474 - ::1 - - 200 0 0 754
2018-06-21 08:11:19 ::1 POST /Service1.svc - 49474 - ::1 - - 200 0 0 148
2018-06-21 08:11:19 ::1 POST /Service1.svc - 49474 - ::1 - - 200 0 0 45
2018-06-21 08:11:19 ::1 POST /Service1.svc - 49474 - ::1 - - 200 0 0 40
2018-06-21 08:11:19 ::1 POST /Service1.svc - 49474 - ::1 - - 200 0 0 168
2018-06-21 08:11:19 ::1 POST /Service1.svc - 49474 - ::1 - - 200 0 0 97
2018-06-21 08:11:19 ::1 POST /Service1.svc - 49474 - ::1 - - 200 0 0 135
2018-06-21 08:11:19 ::1 POST /Service1.svc - 49474 - ::1 - - 200 0 0 57
2018-06-21 08:11:19 ::1 POST /Service1.svc - 49474 - ::1 - - 200 0 0 14
2018-06-21 08:11:19 ::1 POST /Service1.svc - 49474 - ::1 - - 200 0 0 168
2018-06-21 08:11:19 ::1 POST /Service1.svc - 49474 - ::1 - - 200 0 0 30
2018-06-21 08:11:19 ::1 POST /Service1.svc - 49474 - ::1 - - 200 0 0 19
2018-06-21 08:11:19 ::1 POST /Service1.svc - 49474 - ::1 - - 200 0 0 18
2018-06-21 08:11:20 ::1 POST /Service1.svc - 49474 - ::1 - - 200 0 0 134
2018-06-21 08:11:32 ::1 POST /Service1.svc - 49474 - ::1 - - 200 0 0 18
2018-06-21 08:11:32 ::1 POST /Service1.svc - 49474 - ::1 - - 200 0 0 53
2018-06-21 08:11:32 ::1 POST /Service1.svc - 49474 - ::1 - - 200 0 0 120
2018-06-21 08:11:32 ::1 POST /Service1.svc - 49474 - ::1 - - 200 0 0 25
2018-06-21 08:11:32 ::1 POST /Service1.svc - 49474 - ::1 - - 200 0 0 71
2018-06-21 08:11:32 ::1 POST /Service1.svc - 49474 - ::1 - - 200 0 0 142
2018-06-21 08:11:32 ::1 POST /Service1.svc - 49474 - ::1 - - 200 0 0 41
2018-06-21 08:11:32 ::1 POST /Service1.svc - 49474 - ::1 - - 200 0 0 23
2018-06-21 08:11:32 ::1 POST /Service1.svc - 49474 - ::1 - - 200 0 0 20
2018-06-21 08:11:32 ::1 POST /Service1.svc - 49474 - ::1 - - 200 0 0 225
2018-06-21 08:11:32 ::1 POST /Service1.svc - 49474 - ::1 - - 200 0 0 213
2018-06-21 08:11:34 ::1 POST /Service1.svc - 49474 - ::1 - - 200 0 0 59
2018-06-21 08:11:34 ::1 POST /Service1.svc - 49474 - ::1 - - 200 0 0 206
2018-06-21 08:11:34 ::1 POST /Service1.svc - 49474 - ::1 - - 200 0 0 27
2018-06-21 08:11:34 ::1 POST /Service1.svc - 49474 - ::1 - - 200 0 0 14
2018-06-21 08:11:34 ::1 POST /Service1.svc - 49474 - ::1 - - 200 0 0 171
2018-06-21 08:11:34 ::1 POST /Service1.svc - 49474 - ::1 - - 200 0 0 43
2018-06-21 08:11:36 ::1 POST /Service1.svc - 49474 - ::1 - - 200 0 0 1119
2018-06-21 08:11:38 ::1 POST /Service1.svc - 49474 - ::1 - - 200 0 0 13
2018-06-21 08:11:38 ::1 POST /Service1.svc - 49474 - ::1 - - 200 0 0 49
2018-06-21 08:11:38 ::1 POST /Service1.svc - 49474 - ::1 - - 200 0 0 134
2018-06-21 08:11:38 ::1 POST /Service1.svc - 49474 - ::1 - - 200 0 0 34
2018-06-21 08:11:38 ::1 POST /Service1.svc - 49474 - ::1 - - 200 0 0 15
2018-06-21 08:11:38 ::1 POST /Service1.svc - 49474 - ::1 - - 200 0 0 85
2018-06-21 08:11:38 ::1 POST /Service1.svc - 49474 - ::1 - - 200 0 0 103
2018-06-21 08:11:38 ::1 POST /Service1.svc - 49474 - ::1 - - 200 0 0 22
2018-06-21 08:11:38 ::1 POST /Service1.svc - 49474 - ::1 - - 200 0 0 405
2018-06-21 08:11:38 ::1 POST /Service1.svc - 49474 - ::1 - - 200 0 0 29
2018-06-21 08:11:38 ::1 POST /Service1.svc - 49474 - ::1 - - 200 0 0 14
2018-06-21 08:11:38 ::1 POST /Service1.svc - 49474 - ::1 - - 200 0 0 23
2018-06-21 08:11:39 ::1 POST /Service1.svc - 49474 - ::1 - - 200 0 0 82
2018-06-21 08:11:39 ::1 POST /Service1.svc - 49474 - ::1 - - 200 0 0 105
2018-06-21 08:11:39 ::1 POST /Service1.svc - 49474 - ::1 - - 200 0 0 40
2018-06-21 08:11:39 ::1 POST /Service1.svc - 49474 - ::1 - - 200 0 0 68
2018-06-21 08:11:39 ::1 POST /Service1.svc - 49474 - ::1 - - 200 0 0 53
2018-06-21 08:11:39 ::1 POST /Service1.svc - 49474 - ::1 - - 200 0 0 165
2018-06-21 08:11:39 ::1 POST /Service1.svc - 49474 - ::1 - - 200 0 0 64
2018-06-21 08:11:39 ::1 POST /Service1.svc - 49474 - ::1 - - 200 0 0 102
2018-06-21 08:11:39 ::1 POST /Service1.svc - 49474 - ::1 - - 200 0 0 31
2018-06-21 08:11:39 ::1 POST /Service1.svc - 49474 - ::1 - - 200 0 0 21
2018-06-21 08:11:39 ::1 POST /Service1.svc - 49474 - ::1 - - 200 0 0 40
2018-06-21 08:11:39 ::1 POST /Service1.svc - 49474 - ::1 - - 200 0 0 80
2018-06-21 08:11:39 ::1 POST /Service1.svc - 49474 - ::1 - - 200 0 0 84
2018-06-21 08:11:39 ::1 POST /Service1.svc - 49474 - ::1 - - 200 0 0 66
2018-06-21 08:11:40 ::1 POST /Service1.svc - 49474 - ::1 - - 200 0 0 173
2018-06-21 08:11:40 ::1 POST /Service1.svc - 49474 - ::1 - - 200 0 0 45
2018-06-21 08:11:40 ::1 POST /Service1.svc - 49474 - ::1 - - 200 0 0 119
2018-06-21 08:11:40 ::1 POST /Service1.svc - 49474 - ::1 - - 200 0 0 71
2018-06-21 08:11:40 ::1 POST /Service1.svc - 49474 - ::1 - - 200 0 0 17
2018-06-21 08:11:40 ::1 POST /Service1.svc - 49474 - ::1 - - 200 0 0 13
2018-06-21 08:11:40 ::1 POST /Service1.svc - 49474 - ::1 - - 200 0 0 14
2018-06-21 08:11:40 ::1 POST /Service1.svc - 49474 - ::1 - - 200 0 0 510
2018-06-21 08:11:41 ::1 POST /Service1.svc - 49474 - ::1 - - 200 0 0 80
2018-06-21 08:11:41 ::1 POST /Service1.svc - 49474 - ::1 - - 200 0 0 188
2018-06-21 08:12:21 ::1 POST /Service1.svc - 49474 - ::1 - - 200 0 0 153
2018-06-21 08:12:27 ::1 POST /Service1.svc - 49474 - ::1 - - 200 0 0 5579
2018-06-21 08:12:29 ::1 POST /Service1.svc - 49474 - ::1 - - 200 0 0 39
2018-06-21 08:12:29 ::1 POST /Service1.svc - 49474 - ::1 - - 200 0 0 50
2018-06-21 08:12:29 ::1 POST /Service1.svc - 49474 - ::1 - - 200 0 0 44
2018-06-21 08:12:29 ::1 POST /Service1.svc - 49474 - ::1 - - 200 0 0 52
2018-06-21 08:12:29 ::1 POST /Service1.svc - 49474 - ::1 - - 200 0 0 88
2018-06-21 08:12:29 ::1 POST /Service1.svc - 49474 - ::1 - - 200 0 0 116
2018-06-21 08:12:29 ::1 POST /Service1.svc - 49474 - ::1 - - 200 0 0 55
2018-06-21 08:12:29 ::1 POST /Service1.svc - 49474 - ::1 - - 200 0 0 235
2018-06-21 08:12:29 ::1 POST /Service1.svc - 49474 - ::1 - - 200 0 0 26
2018-06-21 08:12:29 ::1 POST /Service1.svc - 49474 - ::1 - - 200 0 0 44
2018-06-21 08:12:29 ::1 POST /Service1.svc - 49474 - ::1 - - 200 0 0 42
2018-06-21 08:12:29 ::1 POST /Service1.svc - 49474 - ::1 - - 200 0 0 23
2018-06-21 08:12:29 ::1 POST /Service1.svc - 49474 - ::1 - - 200 0 0 94
2018-06-21 08:12:29 ::1 POST /Service1.svc - 49474 - ::1 - - 200 0 0 112
2018-06-21 08:12:30 ::1 POST /Service1.svc - 49474 - ::1 - - 200 0 0 112
2018-06-21 08:12:30 ::1 POST /Service1.svc - 49474 - ::1 - - 200 0 0 90
2018-06-21 08:12:30 ::1 POST /Service1.svc - 49474 - ::1 - - 200 0 0 103
2018-06-21 08:12:30 ::1 POST /Service1.svc - 49474 - ::1 - - 200 0 0 156
2018-06-21 08:13:03 ::1 POST /Service1.svc - 49474 - ::1 - - 200 0 0 15
2018-06-21 08:13:03 ::1 POST /Service1.svc - 49474 - ::1 - - 200 0 0 36
2018-06-21 08:13:03 ::1 POST /Service1.svc - 49474 - ::1 - - 200 0 0 23
2018-06-21 08:13:03 ::1 POST /Service1.svc - 49474 - ::1 - - 200 0 0 53
2018-06-21 08:13:03 ::1 POST /Service1.svc - 49474 - ::1 - - 200 0 0 17
2018-06-21 08:13:03 ::1 POST /Service1.svc - 49474 - ::1 - - 200 0 0 25
2018-06-21 08:13:03 ::1 POST /Service1.svc - 49474 - ::1 - - 200 0 0 57
2018-06-21 08:13:03 ::1 POST /Service1.svc - 49474 - ::1 - - 200 0 0 20
2018-06-21 08:13:03 ::1 POST /Service1.svc - 49474 - ::1 - - 200 0 0 19
2018-06-21 08:13:03 ::1 POST /Service1.svc - 49474 - ::1 - - 200 0 0 18
2018-06-21 08:13:03 ::1 POST /Service1.svc - 49474 - ::1 - - 200 0 0 112
2018-06-21 08:13:03 ::1 POST /Service1.svc - 49474 - ::1 - - 200 0 0 63
2018-06-21 08:13:03 ::1 POST /Service1.svc - 49474 - ::1 - - 200 0 0 16
2018-06-21 08:13:03 ::1 POST /Service1.svc - 49474 - ::1 - - 200 0 0 12
2018-06-21 08:13:03 ::1 POST /Service1.svc - 49474 - ::1 - - 200 0 0 12
2018-06-21 08:13:03 ::1 POST /Service1.svc - 49474 - ::1 - - 200 0 0 13
2018-06-21 08:13:03 ::1 POST /Service1.svc - 49474 - ::1 - - 200 0 0 175
2018-06-21 08:13:03 ::1 POST /Service1.svc - 49474 - ::1 - - 200 0 0 165
2018-06-21 08:13:03 ::1 POST /Service1.svc - 49474 - ::1 - - 200 0 0 82
2018-06-21 08:13:04 ::1 POST /Service1.svc - 49474 - ::1 - - 200 0 0 82
2018-06-21 08:13:04 ::1 POST /Service1.svc - 49474 - ::1 - - 200 0 0 26
2018-06-21 08:13:04 ::1 POST /Service1.svc - 49474 - ::1 - - 200 0 0 73
2018-06-21 08:13:04 ::1 POST /Service1.svc - 49474 - ::1 - - 200 0 0 44
2018-06-21 08:13:04 ::1 POST /Service1.svc - 49474 - ::1 - - 200 0 0 424
2018-06-21 08:13:04 ::1 POST /Service1.svc - 49474 - ::1 - - 200 0 0 61
2018-06-21 08:13:04 ::1 POST /Service1.svc - 49474 - ::1 - - 200 0 0 102
2018-06-21 08:13:04 ::1 POST /Service1.svc - 49474 - ::1 - - 200 0 0 43
2018-06-21 08:13:04 ::1 POST /Service1.svc - 49474 - ::1 - - 200 0 0 24
2018-06-21 08:13:04 ::1 POST /Service1.svc - 49474 - ::1 - - 200 0 0 72
2018-06-21 08:13:04 ::1 POST /Service1.svc - 49474 - ::1 - - 200 0 0 97
2018-06-21 08:13:06 ::1 POST /Service1.svc - 49474 - ::1 - - 200 0 0 23
2018-06-21 08:13:06 ::1 POST /Service1.svc - 49474 - ::1 - - 200 0 0 23
2018-06-21 08:13:06 ::1 POST /Service1.svc - 49474 - ::1 - - 200 0 0 59
2018-06-21 08:13:06 ::1 POST /Service1.svc - 49474 - ::1 - - 200 0 0 142
2018-06-21 08:13:06 ::1 POST /Service1.svc - 49474 - ::1 - - 200 0 0 35
2018-06-21 08:13:06 ::1 POST /Service1.svc - 49474 - ::1 - - 200 0 0 16
2018-06-21 08:13:09 ::1 POST /Service1.svc - 49474 - ::1 - - 200 0 0 89
2018-06-21 08:13:09 ::1 POST /Service1.svc - 49474 - ::1 - - 200 0 0 47
2018-06-21 08:13:09 ::1 POST /Service1.svc - 49474 - ::1 - - 200 0 0 27
2018-06-21 08:13:09 ::1 POST /Service1.svc - 49474 - ::1 - - 200 0 0 40
2018-06-21 08:13:09 ::1 POST /Service1.svc - 49474 - ::1 - - 200 0 0 81
2018-06-21 08:13:09 ::1 POST /Service1.svc - 49474 - ::1 - - 200 0 0 47
2018-06-21 08:13:09 ::1 POST /Service1.svc - 49474 - ::1 - - 200 0 0 34
2018-06-21 08:13:09 ::1 POST /Service1.svc - 49474 - ::1 - - 200 0 0 16
2018-06-21 08:13:09 ::1 POST /Service1.svc - 49474 - ::1 - - 200 0 0 14
2018-06-21 08:13:09 ::1 POST /Service1.svc - 49474 - ::1 - - 200 0 0 13
2018-06-21 08:13:09 ::1 POST /Service1.svc - 49474 - ::1 - - 200 0 0 170
2018-06-21 08:13:09 ::1 POST /Service1.svc - 49474 - ::1 - - 200 0 0 29
2018-06-21 08:13:09 ::1 POST /Service1.svc - 49474 - ::1 - - 200 0 0 20
2018-06-21 08:13:09 ::1 POST /Service1.svc - 49474 - ::1 - - 200 0 0 20
2018-06-21 08:13:09 ::1 POST /Service1.svc - 49474 - ::1 - - 200 0 0 94
2018-06-21 08:13:09 ::1 POST /Service1.svc - 49474 - ::1 - - 200 0 0 127
2018-06-21 08:13:09 ::1 POST /Service1.svc - 49474 - ::1 - - 200 0 0 14
2018-06-21 08:13:10 ::1 POST /Service1.svc - 49474 - ::1 - - 200 0 0 171
2018-06-21 08:13:18 ::1 POST /Service1.svc - 49474 - ::1 - - 200 0 0 83
2018-06-21 08:13:18 ::1 POST /Service1.svc - 49474 - ::1 - - 200 0 0 19
2018-06-21 08:13:18 ::1 POST /Service1.svc - 49474 - ::1 - - 200 0 0 18
2018-06-21 08:13:18 ::1 POST /Service1.svc - 49474 - ::1 - - 200 0 0 23
2018-06-21 08:13:18 ::1 POST /Service1.svc - 49474 - ::1 - - 200 0 0 21
2018-06-21 08:13:18 ::1 POST /Service1.svc - 49474 - ::1 - - 200 0 0 156
2018-06-21 08:13:18 ::1 POST /Service1.svc - 49474 - ::1 - - 200 0 0 33
2018-06-21 08:13:18 ::1 POST /Service1.svc - 49474 - ::1 - - 200 0 0 59
2018-06-21 08:13:18 ::1 POST /Service1.svc - 49474 - ::1 - - 200 0 0 62
2018-06-21 08:13:18 ::1 POST /Service1.svc - 49474 - ::1 - - 200 0 0 135
2018-06-21 08:13:18 ::1 POST /Service1.svc - 49474 - ::1 - - 200 0 0 62
2018-06-21 08:13:18 ::1 POST /Service1.svc - 49474 - ::1 - - 200 0 0 200
2018-06-21 08:13:18 ::1 POST /Service1.svc - 49474 - ::1 - - 200 0 0 50
2018-06-21 08:13:19 ::1 POST /Service1.svc - 49474 - ::1 - - 200 0 0 202
2018-06-21 08:13:19 ::1 POST /Service1.svc - 49474 - ::1 - - 200 0 0 216
2018-06-21 08:13:19 ::1 POST /Service1.svc - 49474 - ::1 - - 200 0 0 46
2018-06-21 08:13:19 ::1 POST /Service1.svc - 49474 - ::1 - - 200 0 0 25
2018-06-21 08:13:19 ::1 POST /Service1.svc - 49474 - ::1 - - 200 0 0 110
2018-06-21 08:13:19 ::1 POST /Service1.svc - 49474 - ::1 - - 200 0 0 114
2018-06-21 08:13:19 ::1 POST /Service1.svc - 49474 - ::1 - - 200 0 0 24
2018-06-21 08:13:19 ::1 POST /Service1.svc - 49474 - ::1 - - 200 0 0 46
2018-06-21 08:13:19 ::1 POST /Service1.svc - 49474 - ::1 - - 200 0 0 96
2018-06-21 08:13:19 ::1 POST /Service1.svc - 49474 - ::1 - - 200 0 0 63
2018-06-21 08:13:19 ::1 POST /Service1.svc - 49474 - ::1 - - 200 0 0 29
2018-06-21 08:13:19 ::1 POST /Service1.svc - 49474 - ::1 - - 200 0 0 24
2018-06-21 08:13:19 ::1 POST /Service1.svc - 49474 - ::1 - - 200 0 0 111
2018-06-21 08:13:19 ::1 POST /Service1.svc - 49474 - ::1 - - 200 0 0 77
2018-06-21 08:13:20 ::1 POST /Service1.svc - 49474 - ::1 - - 200 0 0 23
2018-06-21 08:13:20 ::1 POST /Service1.svc - 49474 - ::1 - - 200 0 0 30
2018-06-21 08:13:20 ::1 POST /Service1.svc - 49474 - ::1 - - 200 0 0 107
2018-06-21 08:13:20 ::1 POST /Service1.svc - 49474 - ::1 - - 200 0 0 110
2018-06-21 08:13:20 ::1 POST /Service1.svc - 49474 - ::1 - - 200 0 0 26
2018-06-21 08:13:20 ::1 POST /Service1.svc - 49474 - ::1 - - 200 0 0 96
2018-06-21 08:13:20 ::1 POST /Service1.svc - 49474 - ::1 - - 200 0 0 84
2018-06-21 08:13:20 ::1 POST /Service1.svc - 49474 - ::1 - - 200 0 0 98
2018-06-21 08:13:20 ::1 POST /Service1.svc - 49474 - ::1 - - 200 0 0 156
2018-06-21 08:13:58 ::1 POST /Service1.svc - 49474 - ::1 - - 200 0 0 46
2018-06-21 08:13:58 ::1 POST /Service1.svc - 49474 - ::1 - - 200 0 0 32
2018-06-21 08:13:58 ::1 POST /Service1.svc - 49474 - ::1 - - 200 0 0 129
2018-06-21 08:13:58 ::1 POST /Service1.svc - 49474 - ::1 - - 200 0 0 55
2018-06-21 08:13:58 ::1 POST /Service1.svc - 49474 - ::1 - - 200 0 0 39
2018-06-21 08:13:58 ::1 POST /Service1.svc - 49474 - ::1 - - 200 0 0 26
2018-06-21 08:13:58 ::1 POST /Service1.svc - 49474 - ::1 - - 200 0 0 84
2018-06-21 08:13:58 ::1 POST /Service1.svc - 49474 - ::1 - - 200 0 0 85
2018-06-21 08:13:58 ::1 POST /Service1.svc - 49474 - ::1 - - 200 0 0 25
2018-06-21 08:13:58 ::1 POST /Service1.svc - 49474 - ::1 - - 200 0 0 24
2018-06-21 08:13:58 ::1 POST /Service1.svc - 49474 - ::1 - - 200 0 0 25
2018-06-21 08:13:58 ::1 POST /Service1.svc - 49474 - ::1 - - 200 0 0 147
2018-06-21 08:13:58 ::1 POST /Service1.svc - 49474 - ::1 - - 200 0 0 57
2018-06-21 08:13:58 ::1 POST /Service1.svc - 49474 - ::1 - - 200 0 0 30
2018-06-21 08:13:58 ::1 POST /Service1.svc - 49474 - ::1 - - 200 0 0 22
2018-06-21 08:13:58 ::1 POST /Service1.svc - 49474 - ::1 - - 200 0 0 111
2018-06-21 08:13:58 ::1 POST /Service1.svc - 49474 - ::1 - - 200 0 0 62
2018-06-21 08:13:59 ::1 POST /Service1.svc - 49474 - ::1 - - 200 0 0 338
2018-06-21 08:14:04 ::1 POST /Service1.svc - 49474 - ::1 - - 200 0 0 13
2018-06-21 08:14:04 ::1 POST /Service1.svc - 49474 - ::1 - - 200 0 0 16
2018-06-21 08:14:04 ::1 POST /Service1.svc - 49474 - ::1 - - 200 0 0 76
2018-06-21 08:14:04 ::1 POST /Service1.svc - 49474 - ::1 - - 200 0 0 36
2018-06-21 08:14:04 ::1 POST /Service1.svc - 49474 - ::1 - - 200 0 0 21
2018-06-21 08:14:04 ::1 POST /Service1.svc - 49474 - ::1 - - 200 0 0 76
2018-06-21 08:14:04 ::1 POST /Service1.svc - 49474 - ::1 - - 200 0 0 55
2018-06-21 08:14:04 ::1 POST /Service1.svc - 49474 - ::1 - - 200 0 0 38
2018-06-21 08:14:04 ::1 POST /Service1.svc - 49474 - ::1 - - 200 0 0 48
2018-06-21 08:14:04 ::1 POST /Service1.svc - 49474 - ::1 - - 200 0 0 18
2018-06-21 08:14:04 ::1 POST /Service1.svc - 49474 - ::1 - - 200 0 0 22
2018-06-21 08:14:04 ::1 POST /Service1.svc - 49474 - ::1 - - 200 0 0 97
2018-06-21 08:14:04 ::1 POST /Service1.svc - 49474 - ::1 - - 200 0 0 91
2018-06-21 08:14:04 ::1 POST /Service1.svc - 49474 - ::1 - - 200 0 0 22
2018-06-21 08:14:04 ::1 POST /Service1.svc - 49474 - ::1 - - 200 0 0 190
2018-06-21 08:14:04 ::1 POST /Service1.svc - 49474 - ::1 - - 200 0 0 42
2018-06-21 08:14:04 ::1 POST /Service1.svc - 49474 - ::1 - - 200 0 0 27
2018-06-21 08:14:04 ::1 POST /Service1.svc - 49474 - ::1 - - 200 0 0 30
2018-06-21 08:14:06 ::1 POST /Service1.svc - 49474 - ::1 - - 200 0 0 148
2018-06-21 08:14:06 ::1 POST /Service1.svc - 49474 - ::1 - - 200 0 0 37
2018-06-21 08:14:06 ::1 POST /Service1.svc - 49474 - ::1 - - 200 0 0 25
2018-06-21 08:14:06 ::1 POST /Service1.svc - 49474 - ::1 - - 200 0 0 140
2018-06-21 08:14:06 ::1 POST /Service1.svc - 49474 - ::1 - - 200 0 0 120
2018-06-21 08:14:06 ::1 POST /Service1.svc - 49474 - ::1 - - 200 0 0 43
2018-06-21 08:14:06 ::1 POST /Service1.svc - 49474 - ::1 - - 200 0 0 88
2018-06-21 08:14:06 ::1 POST /Service1.svc - 49474 - ::1 - - 200 0 0 79
2018-06-21 08:14:06 ::1 POST /Service1.svc - 49474 - ::1 - - 200 0 0 22
2018-06-21 08:14:06 ::1 POST /Service1.svc - 49474 - ::1 - - 200 0 0 53
2018-06-21 08:14:06 ::1 POST /Service1.svc - 49474 - ::1 - - 200 0 0 52
2018-06-21 08:14:06 ::1 POST /Service1.svc - 49474 - ::1 - - 200 0 0 32
2018-06-21 08:14:06 ::1 POST /Service1.svc - 49474 - ::1 - - 200 0 0 107
2018-06-21 08:14:06 ::1 POST /Service1.svc - 49474 - ::1 - - 200 0 0 45
2018-06-21 08:14:06 ::1 POST /Service1.svc - 49474 - ::1 - - 200 0 0 16
2018-06-21 08:14:06 ::1 POST /Service1.svc - 49474 - ::1 - - 200 0 0 68
2018-06-21 08:14:07 ::1 POST /Service1.svc - 49474 - ::1 - - 200 0 0 83
2018-06-21 08:14:07 ::1 POST /Service1.svc - 49474 - ::1 - - 200 0 0 74
2018-06-21 08:16:04 ::1 POST /Service1.svc - 49474 - ::1 - - 200 0 0 54
2018-06-21 08:16:04 ::1 POST /Service1.svc - 49474 - ::1 - - 200 0 0 179
2018-06-21 08:16:04 ::1 POST /Service1.svc - 49474 - ::1 - - 200 0 0 45
2018-06-21 08:16:04 ::1 POST /Service1.svc - 49474 - ::1 - - 200 0 0 24
2018-06-21 08:16:04 ::1 POST /Service1.svc - 49474 - ::1 - - 200 0 0 84
2018-06-21 08:16:04 ::1 POST /Service1.svc - 49474 - ::1 - - 200 0 0 46
2018-06-21 08:16:04 ::1 POST /Service1.svc - 49474 - ::1 - - 200 0 0 63
2018-06-21 08:16:04 ::1 POST /Service1.svc - 49474 - ::1 - - 200 0 0 38
2018-06-21 08:16:04 ::1 POST /Service1.svc - 49474 - ::1 - - 200 0 0 14
2018-06-21 08:16:04 ::1 POST /Service1.svc - 49474 - ::1 - - 200 0 0 164
2018-06-21 08:16:04 ::1 POST /Service1.svc - 49474 - ::1 - - 200 0 0 42
2018-06-21 08:16:04 ::1 POST /Service1.svc - 49474 - ::1 - - 200 0 0 25
2018-06-21 08:16:04 ::1 POST /Service1.svc - 49474 - ::1 - - 200 0 0 49
2018-06-21 08:16:04 ::1 POST /Service1.svc - 49474 - ::1 - - 200 0 0 136
2018-06-21 08:16:04 ::1 POST /Service1.svc - 49474 - ::1 - - 200 0 0 27
2018-06-21 08:16:04 ::1 POST /Service1.svc - 49474 - ::1 - - 200 0 0 25
2018-06-21 08:16:05 ::1 POST /Service1.svc - 49474 - ::1 - - 200 0 0 29
2018-06-21 08:16:05 ::1 POST /Service1.svc - 49474 - ::1 - - 200 0 0 234
2018-06-21 08:16:11 ::1 POST /Service1.svc - 49474 - ::1 - - 200 0 0 93
2018-06-21 08:16:11 ::1 POST /Service1.svc - 49474 - ::1 - - 200 0 0 16
2018-06-21 08:16:11 ::1 POST /Service1.svc - 49474 - ::1 - - 200 0 0 76
2018-06-21 08:16:11 ::1 POST /Service1.svc - 49474 - ::1 - - 200 0 0 47
2018-06-21 08:16:11 ::1 POST /Service1.svc - 49474 - ::1 - - 200 0 0 21
2018-06-21 08:16:11 ::1 POST /Service1.svc - 49474 - ::1 - - 200 0 0 20
2018-06-21 08:16:11 ::1 POST /Service1.svc - 49474 - ::1 - - 200 0 0 28
2018-06-21 08:16:11 ::1 POST /Service1.svc - 49474 - ::1 - - 200 0 0 21
2018-06-21 08:16:11 ::1 POST /Service1.svc - 49474 - ::1 - - 200 0 0 32
2018-06-21 08:16:11 ::1 POST /Service1.svc - 49474 - ::1 - - 200 0 0 51
2018-06-21 08:16:11 ::1 POST /Service1.svc - 49474 - ::1 - - 200 0 0 46
2018-06-21 08:16:11 ::1 POST /Service1.svc - 49474 - ::1 - - 200 0 0 35
2018-06-21 08:16:11 ::1 POST /Service1.svc - 49474 - ::1 - - 200 0 0 20
2018-06-21 08:16:11 ::1 POST /Service1.svc - 49474 - ::1 - - 200 0 0 13
2018-06-21 08:16:11 ::1 POST /Service1.svc - 49474 - ::1 - - 200 0 0 48
2018-06-21 08:16:11 ::1 POST /Service1.svc - 49474 - ::1 - - 200 0 0 177
2018-06-21 08:16:11 ::1 POST /Service1.svc - 49474 - ::1 - - 200 0 0 48
