#Software: Microsoft Internet Information Services 10.0
#Version: 1.0
#Date: 2018-04-25 04:52:04
#Fields: date time s-ip cs-method cs-uri-stem cs-uri-query s-port cs-username c-ip cs(User-Agent) cs(Referer) sc-status sc-substatus sc-win32-status time-taken
2018-04-25 04:52:04 ::1 POST /Service1.svc - 49474 - ::1 - - 415 0 0 23430
2018-04-25 04:52:04 ::1 POST /Service1.svc/mex - 49474 - ::1 - - 415 0 0 7
2018-04-25 04:52:09 ::1 GET /Service1.svc - 49474 - ::1 Mozilla/4.0+(compatible;+MSIE+6.0;+MS+Web+Services+Client+Protocol+4.0.30319.42000) - 200 0 0 4384
2018-04-25 04:52:09 ::1 GET /Service1.svc disco 49474 - ::1 Mozilla/4.0+(compatible;+MSIE+6.0;+MS+Web+Services+Client+Protocol+4.0.30319.42000) - 200 0 0 18
2018-04-25 04:52:09 ::1 GET /Service1.svc wsdl 49474 - ::1 Mozilla/4.0+(compatible;+MSIE+6.0;+MS+Web+Services+Client+Protocol+4.0.30319.42000) - 200 0 0 122
2018-04-25 04:52:10 ::1 GET /Service1.svc xsd=xsd0 49474 - ::1 Mozilla/4.0+(compatible;+MSIE+6.0;+MS+Web+Services+Client+Protocol+4.0.30319.42000) - 200 0 0 1102
2018-04-25 04:52:10 ::1 GET /Service1.svc xsd=xsd2 49474 - ::1 Mozilla/4.0+(compatible;+MSIE+6.0;+MS+Web+Services+Client+Protocol+4.0.30319.42000) - 200 0 0 26
2018-04-25 04:52:10 ::1 GET /Service1.svc xsd=xsd3 49474 - ::1 Mozilla/4.0+(compatible;+MSIE+6.0;+MS+Web+Services+Client+Protocol+4.0.30319.42000) - 200 0 0 10
2018-04-25 04:52:10 ::1 GET /Service1.svc xsd=xsd1 49474 - ::1 Mozilla/4.0+(compatible;+MSIE+6.0;+MS+Web+Services+Client+Protocol+4.0.30319.42000) - 200 0 0 19
2018-04-25 04:55:16 ::1 POST /Service1.svc - 49474 - ::1 - - 200 0 0 2633
2018-04-25 04:55:16 ::1 POST /Service1.svc - 49474 - ::1 - - 200 0 0 242
2018-04-25 04:55:16 ::1 POST /Service1.svc - 49474 - ::1 - - 200 0 0 99
2018-04-25 04:55:16 ::1 POST /Service1.svc - 49474 - ::1 - - 200 0 0 212
2018-04-25 04:55:16 ::1 POST /Service1.svc - 49474 - ::1 - - 200 0 0 60
2018-04-25 04:55:17 ::1 POST /Service1.svc - 49474 - ::1 - - 200 0 0 144
2018-04-25 04:55:22 ::1 POST /Service1.svc - 49474 - ::1 - - 200 0 0 90
2018-04-25 04:55:22 ::1 POST /Service1.svc - 49474 - ::1 - - 200 0 0 21
2018-04-25 04:55:22 ::1 POST /Service1.svc - 49474 - ::1 - - 200 0 0 29
2018-04-25 04:55:22 ::1 POST /Service1.svc - 49474 - ::1 - - 200 0 0 74
2018-04-25 04:55:22 ::1 POST /Service1.svc - 49474 - ::1 - - 200 0 0 104
2018-04-25 04:55:22 ::1 POST /Service1.svc - 49474 - ::1 - - 200 0 0 24
2018-04-25 04:55:28 ::1 POST /Service1.svc - 49474 - ::1 - - 200 0 0 20
2018-04-25 04:55:34 ::1 POST /Service1.svc - 49474 - ::1 - - 200 0 0 26
2018-04-25 04:55:34 ::1 POST /Service1.svc - 49474 - ::1 - - 200 0 0 54
2018-04-25 04:55:34 ::1 POST /Service1.svc - 49474 - ::1 - - 200 0 0 22
2018-04-25 04:55:34 ::1 POST /Service1.svc - 49474 - ::1 - - 200 0 0 21
2018-04-25 04:55:34 ::1 POST /Service1.svc - 49474 - ::1 - - 200 0 0 59
2018-04-25 04:55:34 ::1 POST /Service1.svc - 49474 - ::1 - - 200 0 0 19
2018-04-25 04:55:34 ::1 POST /Service1.svc - 49474 - ::1 - - 200 0 0 118
2018-04-25 04:55:34 ::1 POST /Service1.svc - 49474 - ::1 - - 200 0 0 172
2018-04-25 04:55:34 ::1 POST /Service1.svc - 49474 - ::1 - - 200 0 0 27
2018-04-25 04:55:34 ::1 POST /Service1.svc - 49474 - ::1 - - 200 0 0 30
2018-04-25 04:55:36 ::1 POST /Service1.svc - 49474 - ::1 - - 200 0 0 220
2018-04-25 04:55:36 ::1 POST /Service1.svc - 49474 - ::1 - - 200 0 0 146
2018-04-25 04:55:37 ::1 POST /Service1.svc - 49474 - ::1 - - 200 0 0 13
2018-04-25 04:55:37 ::1 POST /Service1.svc - 49474 - ::1 - - 200 0 0 32
2018-04-25 04:56:53 ::1 POST /Service1.svc - 49474 - ::1 - - 200 0 0 30
2018-04-25 04:56:53 ::1 POST /Service1.svc - 49474 - ::1 - - 200 0 0 93
2018-04-25 04:56:53 ::1 POST /Service1.svc - 49474 - ::1 - - 200 0 0 28
2018-04-25 04:56:53 ::1 POST /Service1.svc - 49474 - ::1 - - 200 0 0 37
2018-04-25 04:56:53 ::1 POST /Service1.svc - 49474 - ::1 - - 200 0 0 71
2018-04-25 04:56:53 ::1 POST /Service1.svc - 49474 - ::1 - - 200 0 0 54
2018-04-25 04:56:58 ::1 POST /Service1.svc - 49474 - ::1 - - 200 0 0 26
2018-04-25 04:56:58 ::1 POST /Service1.svc - 49474 - ::1 - - 200 0 0 43
2018-04-25 04:56:58 ::1 POST /Service1.svc - 49474 - ::1 - - 200 0 0 18
2018-04-25 04:56:58 ::1 POST /Service1.svc - 49474 - ::1 - - 200 0 0 20
2018-04-25 04:56:58 ::1 POST /Service1.svc - 49474 - ::1 - - 200 0 0 19
2018-04-25 04:56:58 ::1 POST /Service1.svc - 49474 - ::1 - - 200 0 0 52
#Software: Microsoft Internet Information Services 10.0
#Version: 1.0
#Date: 2018-04-25 06:16:43
#Fields: date time s-ip cs-method cs-uri-stem cs-uri-query s-port cs-username c-ip cs(User-Agent) cs(Referer) sc-status sc-substatus sc-win32-status time-taken
2018-04-25 06:16:43 ::1 POST /Service1.svc - 49474 - ::1 - - 415 0 0 7935
2018-04-25 06:16:43 ::1 POST /Service1.svc/mex - 49474 - ::1 - - 415 0 0 6
2018-04-25 06:16:46 ::1 GET /Service1.svc - 49474 - ::1 Mozilla/4.0+(compatible;+MSIE+6.0;+MS+Web+Services+Client+Protocol+4.0.30319.42000) - 200 0 0 2736
2018-04-25 06:16:46 ::1 GET /Service1.svc disco 49474 - ::1 Mozilla/4.0+(compatible;+MSIE+6.0;+MS+Web+Services+Client+Protocol+4.0.30319.42000) - 200 0 0 16
2018-04-25 06:16:46 ::1 GET /Service1.svc wsdl 49474 - ::1 Mozilla/4.0+(compatible;+MSIE+6.0;+MS+Web+Services+Client+Protocol+4.0.30319.42000) - 200 0 0 64
2018-04-25 06:16:46 ::1 GET /Service1.svc xsd=xsd0 49474 - ::1 Mozilla/4.0+(compatible;+MSIE+6.0;+MS+Web+Services+Client+Protocol+4.0.30319.42000) - 200 0 0 458
2018-04-25 06:16:46 ::1 GET /Service1.svc xsd=xsd2 49474 - ::1 Mozilla/4.0+(compatible;+MSIE+6.0;+MS+Web+Services+Client+Protocol+4.0.30319.42000) - 200 0 0 10
2018-04-25 06:16:46 ::1 GET /Service1.svc xsd=xsd3 49474 - ::1 Mozilla/4.0+(compatible;+MSIE+6.0;+MS+Web+Services+Client+Protocol+4.0.30319.42000) - 200 0 0 12
2018-04-25 06:16:46 ::1 GET /Service1.svc xsd=xsd1 49474 - ::1 Mozilla/4.0+(compatible;+MSIE+6.0;+MS+Web+Services+Client+Protocol+4.0.30319.42000) - 200 0 0 32
2018-04-25 06:17:29 ::1 GET /Service1.svc - 49474 - ::1 Mozilla/4.0+(compatible;+MSIE+6.0;+MS+Web+Services+Client+Protocol+4.0.30319.42000) - 200 0 0 82
2018-04-25 06:17:29 ::1 GET /Service1.svc disco 49474 - ::1 Mozilla/4.0+(compatible;+MSIE+6.0;+MS+Web+Services+Client+Protocol+4.0.30319.42000) - 200 0 0 120
2018-04-25 06:17:29 ::1 GET /Service1.svc/$metadata - 49474 - ::1 Mozilla/4.0+(compatible;+MSIE+6.0;+MS+Web+Services+Client+Protocol+4.0.30319.42000) - 400 0 0 255
2018-04-25 06:17:29 ::1 GET /Service1.svc wsdl 49474 - ::1 Mozilla/4.0+(compatible;+MSIE+6.0;+MS+Web+Services+Client+Protocol+4.0.30319.42000) - 200 0 0 104
2018-04-25 06:17:29 ::1 GET /Service1.svc xsd=xsd0 49474 - ::1 Mozilla/4.0+(compatible;+MSIE+6.0;+MS+Web+Services+Client+Protocol+4.0.30319.42000) - 200 0 0 107
2018-04-25 06:17:29 ::1 GET /Service1.svc xsd=xsd2 49474 - ::1 Mozilla/4.0+(compatible;+MSIE+6.0;+MS+Web+Services+Client+Protocol+4.0.30319.42000) - 200 0 0 73
2018-04-25 06:17:29 ::1 GET /Service1.svc xsd=xsd3 49474 - ::1 Mozilla/4.0+(compatible;+MSIE+6.0;+MS+Web+Services+Client+Protocol+4.0.30319.42000) - 200 0 0 52
2018-04-25 06:17:29 ::1 GET /Service1.svc xsd=xsd1 49474 - ::1 Mozilla/4.0+(compatible;+MSIE+6.0;+MS+Web+Services+Client+Protocol+4.0.30319.42000) - 200 0 0 7
2018-04-25 06:17:31 ::1 POST /Service1.svc/mex - 49474 - ::1 - - 415 0 0 62
2018-04-25 06:17:31 ::1 POST /Service1.svc - 49474 - ::1 - - 415 0 0 127
2018-04-25 06:22:43 ::1 POST /Service1.svc - 49474 - ::1 - - 200 0 0 640
2018-04-25 06:22:43 ::1 POST /Service1.svc - 49474 - ::1 - - 200 0 0 26
2018-04-25 06:22:43 ::1 POST /Service1.svc - 49474 - ::1 - - 200 0 0 21
2018-04-25 06:22:43 ::1 POST /Service1.svc - 49474 - ::1 - - 200 0 0 88
2018-04-25 06:22:43 ::1 POST /Service1.svc - 49474 - ::1 - - 200 0 0 99
2018-04-25 06:22:43 ::1 POST /Service1.svc - 49474 - ::1 - - 200 0 0 33
2018-04-25 06:22:48 ::1 POST /Service1.svc - 49474 - ::1 - - 200 0 0 16
2018-04-25 06:22:48 ::1 POST /Service1.svc - 49474 - ::1 - - 200 0 0 18
2018-04-25 06:22:48 ::1 POST /Service1.svc - 49474 - ::1 - - 200 0 0 23
2018-04-25 06:22:48 ::1 POST /Service1.svc - 49474 - ::1 - - 200 0 0 26
2018-04-25 06:22:48 ::1 POST /Service1.svc - 49474 - ::1 - - 200 0 0 58
2018-04-25 06:22:48 ::1 POST /Service1.svc - 49474 - ::1 - - 200 0 0 20
2018-04-25 06:22:58 ::1 POST /Service1.svc - 49474 - ::1 - - 200 0 0 23
2018-04-25 06:23:00 ::1 POST /Service1.svc - 49474 - ::1 - - 200 0 0 24
2018-04-25 06:23:00 ::1 POST /Service1.svc - 49474 - ::1 - - 200 0 0 40
2018-04-25 06:23:00 ::1 POST /Service1.svc - 49474 - ::1 - - 200 0 0 45
2018-04-25 06:23:00 ::1 POST /Service1.svc - 49474 - ::1 - - 200 0 0 36
2018-04-25 06:23:00 ::1 POST /Service1.svc - 49474 - ::1 - - 200 0 0 51
2018-04-25 06:23:00 ::1 POST /Service1.svc - 49474 - ::1 - - 200 0 0 33
2018-04-25 06:23:00 ::1 POST /Service1.svc - 49474 - ::1 - - 200 0 0 73
2018-04-25 06:23:00 ::1 POST /Service1.svc - 49474 - ::1 - - 200 0 0 142
2018-04-25 06:23:00 ::1 POST /Service1.svc - 49474 - ::1 - - 200 0 0 71
2018-04-25 06:23:00 ::1 POST /Service1.svc - 49474 - ::1 - - 200 0 0 31
2018-04-25 06:23:00 ::1 POST /Service1.svc - 49474 - ::1 - - 200 0 0 104
2018-04-25 06:23:01 ::1 POST /Service1.svc - 49474 - ::1 - - 200 0 0 59
2018-04-25 06:23:01 ::1 POST /Service1.svc - 49474 - ::1 - - 200 0 0 30
2018-04-25 06:23:01 ::1 POST /Service1.svc - 49474 - ::1 - - 200 0 0 35
2018-04-25 06:23:08 ::1 POST /Service1.svc - 49474 - ::1 - - 200 0 0 83
2018-04-25 06:23:08 ::1 POST /Service1.svc - 49474 - ::1 - - 200 0 0 101
2018-04-25 06:23:17 ::1 POST /Service1.svc - 49474 - ::1 - - 200 0 0 124
2018-04-25 06:23:17 ::1 POST /Service1.svc - 49474 - ::1 - - 200 0 0 48
2018-04-25 06:23:38 ::1 POST /Service1.svc - 49474 - ::1 - - 200 0 0 77
2018-04-25 06:23:38 ::1 POST /Service1.svc - 49474 - ::1 - - 200 0 0 71
2018-04-25 06:23:41 ::1 POST /Service1.svc - 49474 - ::1 - - 200 0 0 73
2018-04-25 06:23:41 ::1 POST /Service1.svc - 49474 - ::1 - - 200 0 0 30
2018-04-25 06:23:45 ::1 POST /Service1.svc - 49474 - ::1 - - 200 0 0 12
2018-04-25 06:23:45 ::1 POST /Service1.svc - 49474 - ::1 - - 200 0 0 30
2018-04-25 06:23:49 ::1 POST /Service1.svc - 49474 - ::1 - - 200 0 0 32
2018-04-25 06:23:49 ::1 POST /Service1.svc - 49474 - ::1 - - 200 0 0 60
2018-04-25 06:23:57 ::1 POST /Service1.svc - 49474 - ::1 - - 200 0 0 35
2018-04-25 06:28:49 ::1 POST /Service1.svc - 49474 - ::1 - - 200 0 0 87
2018-04-25 06:28:49 ::1 POST /Service1.svc - 49474 - ::1 - - 200 0 0 82
2018-04-25 06:28:49 ::1 POST /Service1.svc - 49474 - ::1 - - 200 0 0 50
2018-04-25 06:28:49 ::1 POST /Service1.svc - 49474 - ::1 - - 200 0 0 65
2018-04-25 06:28:49 ::1 POST /Service1.svc - 49474 - ::1 - - 200 0 0 113
2018-04-25 06:28:49 ::1 POST /Service1.svc - 49474 - ::1 - - 200 0 0 66
2018-04-25 06:28:51 ::1 POST /Service1.svc - 49474 - ::1 - - 200 0 0 17
2018-04-25 06:28:51 ::1 POST /Service1.svc - 49474 - ::1 - - 200 0 0 19
2018-04-25 06:28:51 ::1 POST /Service1.svc - 49474 - ::1 - - 200 0 0 23
2018-04-25 06:28:51 ::1 POST /Service1.svc - 49474 - ::1 - - 200 0 0 74
2018-04-25 06:28:51 ::1 POST /Service1.svc - 49474 - ::1 - - 200 0 0 64
2018-04-25 06:28:51 ::1 POST /Service1.svc - 49474 - ::1 - - 200 0 0 61
2018-04-25 06:28:53 ::1 POST /Service1.svc - 49474 - ::1 - - 200 0 0 13
2018-04-25 06:28:53 ::1 POST /Service1.svc - 49474 - ::1 - - 200 0 0 13
2018-04-25 06:28:53 ::1 POST /Service1.svc - 49474 - ::1 - - 200 0 0 11
2018-04-25 06:28:53 ::1 POST /Service1.svc - 49474 - ::1 - - 200 0 0 13
2018-04-25 06:28:53 ::1 POST /Service1.svc - 49474 - ::1 - - 200 0 0 13
2018-04-25 06:28:53 ::1 POST /Service1.svc - 49474 - ::1 - - 200 0 0 16
2018-04-25 06:28:57 ::1 POST /Service1.svc - 49474 - ::1 - - 200 0 0 14
2018-04-25 06:29:00 ::1 POST /Service1.svc - 49474 - ::1 - - 200 0 0 67
2018-04-25 06:29:00 ::1 POST /Service1.svc - 49474 - ::1 - - 200 0 0 18
2018-04-25 06:29:00 ::1 POST /Service1.svc - 49474 - ::1 - - 200 0 0 19
2018-04-25 06:29:00 ::1 POST /Service1.svc - 49474 - ::1 - - 200 0 0 54
2018-04-25 06:29:00 ::1 POST /Service1.svc - 49474 - ::1 - - 200 0 0 22
2018-04-25 06:29:00 ::1 POST /Service1.svc - 49474 - ::1 - - 200 0 0 28
2018-04-25 06:29:00 ::1 POST /Service1.svc - 49474 - ::1 - - 200 0 0 81
2018-04-25 06:29:00 ::1 POST /Service1.svc - 49474 - ::1 - - 200 0 0 41
2018-04-25 06:29:00 ::1 POST /Service1.svc - 49474 - ::1 - - 200 0 0 141
2018-04-25 06:29:00 ::1 POST /Service1.svc - 49474 - ::1 - - 200 0 0 31
2018-04-25 06:29:00 ::1 POST /Service1.svc - 49474 - ::1 - - 200 0 0 39
2018-04-25 06:29:00 ::1 POST /Service1.svc - 49474 - ::1 - - 200 0 0 23
2018-04-25 06:29:00 ::1 POST /Service1.svc - 49474 - ::1 - - 200 0 0 15
2018-04-25 06:29:01 ::1 POST /Service1.svc - 49474 - ::1 - - 200 0 0 137
2018-04-25 06:29:12 ::1 POST /Service1.svc - 49474 - ::1 - - 200 0 0 21
2018-04-25 06:29:12 ::1 POST /Service1.svc - 49474 - ::1 - - 200 0 0 54
2018-04-25 06:29:34 ::1 POST /Service1.svc - 49474 - ::1 - - 200 0 0 36
2018-04-25 06:29:39 ::1 POST /Service1.svc - 49474 - ::1 - - 200 0 0 25
2018-04-25 06:29:39 ::1 POST /Service1.svc - 49474 - ::1 - - 200 0 0 65
2018-04-25 06:29:41 ::1 POST /Service1.svc - 49474 - ::1 - - 200 0 0 37
2018-04-25 06:29:41 ::1 POST /Service1.svc - 49474 - ::1 - - 200 0 0 70
2018-04-25 06:29:44 ::1 POST /Service1.svc - 49474 - ::1 - - 200 0 0 24
2018-04-25 06:29:44 ::1 POST /Service1.svc - 49474 - ::1 - - 200 0 0 84
2018-04-25 06:29:46 ::1 POST /Service1.svc - 49474 - ::1 - - 200 0 0 21
2018-04-25 06:29:46 ::1 POST /Service1.svc - 49474 - ::1 - - 200 0 0 21
2018-04-25 06:29:46 ::1 POST /Service1.svc - 49474 - ::1 - - 200 0 0 55
2018-04-25 06:29:46 ::1 POST /Service1.svc - 49474 - ::1 - - 200 0 0 25
2018-04-25 06:29:46 ::1 POST /Service1.svc - 49474 - ::1 - - 200 0 0 52
2018-04-25 06:29:46 ::1 POST /Service1.svc - 49474 - ::1 - - 200 0 0 26
2018-04-25 06:29:49 ::1 POST /Service1.svc - 49474 - ::1 - - 200 0 0 17
2018-04-25 06:29:49 ::1 POST /Service1.svc - 49474 - ::1 - - 200 0 0 32
2018-04-25 06:29:49 ::1 POST /Service1.svc - 49474 - ::1 - - 200 0 0 20
2018-04-25 06:29:49 ::1 POST /Service1.svc - 49474 - ::1 - - 200 0 0 51
2018-04-25 06:29:49 ::1 POST /Service1.svc - 49474 - ::1 - - 200 0 0 24
2018-04-25 06:29:49 ::1 POST /Service1.svc - 49474 - ::1 - - 200 0 0 64
2018-04-25 06:29:53 ::1 POST /Service1.svc - 49474 - ::1 - - 200 0 0 13
2018-04-25 06:29:53 ::1 POST /Service1.svc - 49474 - ::1 - - 200 0 0 17
2018-04-25 06:29:53 ::1 POST /Service1.svc - 49474 - ::1 - - 200 0 0 21
2018-04-25 06:29:53 ::1 POST /Service1.svc - 49474 - ::1 - - 200 0 0 15
2018-04-25 06:29:53 ::1 POST /Service1.svc - 49474 - ::1 - - 200 0 0 14
2018-04-25 06:29:53 ::1 POST /Service1.svc - 49474 - ::1 - - 200 0 0 19
2018-04-25 06:30:00 ::1 POST /Service1.svc - 49474 - ::1 - - 200 0 0 30
2018-04-25 06:30:01 ::1 POST /Service1.svc - 49474 - ::1 - - 200 0 0 14
2018-04-25 06:30:01 ::1 POST /Service1.svc - 49474 - ::1 - - 200 0 0 30
2018-04-25 06:30:01 ::1 POST /Service1.svc - 49474 - ::1 - - 200 0 0 71
2018-04-25 06:30:01 ::1 POST /Service1.svc - 49474 - ::1 - - 200 0 0 32
2018-04-25 06:30:01 ::1 POST /Service1.svc - 49474 - ::1 - - 200 0 0 47
2018-04-25 06:30:01 ::1 POST /Service1.svc - 49474 - ::1 - - 200 0 0 33
2018-04-25 06:30:01 ::1 POST /Service1.svc - 49474 - ::1 - - 200 0 0 94
2018-04-25 06:30:01 ::1 POST /Service1.svc - 49474 - ::1 - - 200 0 0 91
2018-04-25 06:30:01 ::1 POST /Service1.svc - 49474 - ::1 - - 200 0 0 117
2018-04-25 06:30:01 ::1 POST /Service1.svc - 49474 - ::1 - - 200 0 0 44
2018-04-25 06:30:01 ::1 POST /Service1.svc - 49474 - ::1 - - 200 0 0 99
2018-04-25 06:30:01 ::1 POST /Service1.svc - 49474 - ::1 - - 200 0 0 95
2018-04-25 06:30:02 ::1 POST /Service1.svc - 49474 - ::1 - - 200 0 0 12
2018-04-25 06:30:02 ::1 POST /Service1.svc - 49474 - ::1 - - 200 0 0 38
2018-04-25 06:31:06 ::1 POST /Service1.svc - 49474 - ::1 - - 200 0 0 41
2018-04-25 06:31:06 ::1 POST /Service1.svc - 49474 - ::1 - - 200 0 0 89
2018-04-25 06:31:06 ::1 POST /Service1.svc - 49474 - ::1 - - 200 0 0 23
2018-04-25 06:31:06 ::1 POST /Service1.svc - 49474 - ::1 - - 200 0 0 29
2018-04-25 06:31:06 ::1 POST /Service1.svc - 49474 - ::1 - - 200 0 0 24
2018-04-25 06:31:06 ::1 POST /Service1.svc - 49474 - ::1 - - 200 0 0 57
2018-04-25 06:31:10 ::1 POST /Service1.svc - 49474 - ::1 - - 200 0 0 17
2018-04-25 06:31:10 ::1 POST /Service1.svc - 49474 - ::1 - - 200 0 0 14
2018-04-25 06:31:10 ::1 POST /Service1.svc - 49474 - ::1 - - 200 0 0 21
2018-04-25 06:31:10 ::1 POST /Service1.svc - 49474 - ::1 - - 200 0 0 60
2018-04-25 06:31:10 ::1 POST /Service1.svc - 49474 - ::1 - - 200 0 0 52
2018-04-25 06:31:10 ::1 POST /Service1.svc - 49474 - ::1 - - 200 0 0 84
#Software: Microsoft Internet Information Services 10.0
#Version: 1.0
#Date: 2018-04-25 07:29:18
#Fields: date time s-ip cs-method cs-uri-stem cs-uri-query s-port cs-username c-ip cs(User-Agent) cs(Referer) sc-status sc-substatus sc-win32-status time-taken
2018-04-25 07:29:18 ::1 POST /Service1.svc - 49474 - ::1 - - 200 0 0 87
2018-04-25 07:29:18 ::1 POST /Service1.svc - 49474 - ::1 - - 200 0 0 39
2018-04-25 07:29:18 ::1 POST /Service1.svc - 49474 - ::1 - - 200 0 0 164
2018-04-25 07:29:18 ::1 POST /Service1.svc - 49474 - ::1 - - 200 0 0 68
2018-04-25 07:29:18 ::1 POST /Service1.svc - 49474 - ::1 - - 200 0 0 110
2018-04-25 07:29:19 ::1 POST /Service1.svc - 49474 - ::1 - - 200 0 0 303
2018-04-25 07:30:05 ::1 POST /Service1.svc - 49474 - ::1 - - 200 0 0 51
2018-04-25 07:30:05 ::1 POST /Service1.svc - 49474 - ::1 - - 200 0 0 19
2018-04-25 07:30:05 ::1 POST /Service1.svc - 49474 - ::1 - - 200 0 0 22
2018-04-25 07:30:05 ::1 POST /Service1.svc - 49474 - ::1 - - 200 0 0 19
2018-04-25 07:30:05 ::1 POST /Service1.svc - 49474 - ::1 - - 200 0 0 20
2018-04-25 07:30:05 ::1 POST /Service1.svc - 49474 - ::1 - - 200 0 0 23
2018-04-25 07:30:12 ::1 POST /Service1.svc - 49474 - ::1 - - 200 0 0 53
2018-04-25 07:30:13 ::1 POST /Service1.svc - 49474 - ::1 - - 200 0 0 18
2018-04-25 07:30:13 ::1 POST /Service1.svc - 49474 - ::1 - - 200 0 0 55
2018-04-25 07:30:13 ::1 POST /Service1.svc - 49474 - ::1 - - 200 0 0 125
2018-04-25 07:30:13 ::1 POST /Service1.svc - 49474 - ::1 - - 200 0 0 29
2018-04-25 07:30:13 ::1 POST /Service1.svc - 49474 - ::1 - - 200 0 0 29
2018-04-25 07:30:13 ::1 POST /Service1.svc - 49474 - ::1 - - 200 0 0 96
2018-04-25 07:30:13 ::1 POST /Service1.svc - 49474 - ::1 - - 200 0 0 31
2018-04-25 07:30:13 ::1 POST /Service1.svc - 49474 - ::1 - - 200 0 0 58
2018-04-25 07:30:13 ::1 POST /Service1.svc - 49474 - ::1 - - 200 0 0 59
2018-04-25 07:30:13 ::1 POST /Service1.svc - 49474 - ::1 - - 200 0 0 79
2018-04-25 07:30:13 ::1 POST /Service1.svc - 49474 - ::1 - - 200 0 0 79
2018-04-25 07:30:15 ::1 POST /Service1.svc - 49474 - ::1 - - 200 0 0 24
2018-04-25 07:30:15 ::1 POST /Service1.svc - 49474 - ::1 - - 200 0 0 38
2018-04-25 07:30:15 ::1 POST /Service1.svc - 49474 - ::1 - - 200 0 0 112
2018-04-25 07:30:23 ::1 POST /Service1.svc - 49474 - ::1 - - 200 0 0 182
2018-04-25 07:30:52 ::1 POST /Service1.svc - 49474 - ::1 - - 200 0 0 16
2018-04-25 07:30:52 ::1 POST /Service1.svc - 49474 - ::1 - - 200 0 0 16
2018-04-25 07:30:52 ::1 POST /Service1.svc - 49474 - ::1 - - 200 0 0 15
2018-04-25 07:30:52 ::1 POST /Service1.svc - 49474 - ::1 - - 200 0 0 18
2018-04-25 07:30:52 ::1 POST /Service1.svc - 49474 - ::1 - - 200 0 0 32
2018-04-25 07:30:52 ::1 POST /Service1.svc - 49474 - ::1 - - 200 0 0 126
2018-04-25 07:30:54 ::1 POST /Service1.svc - 49474 - ::1 - - 200 0 0 15
2018-04-25 07:30:54 ::1 POST /Service1.svc - 49474 - ::1 - - 200 0 0 33
2018-04-25 07:30:54 ::1 POST /Service1.svc - 49474 - ::1 - - 200 0 0 45
2018-04-25 07:30:54 ::1 POST /Service1.svc - 49474 - ::1 - - 200 0 0 25
2018-04-25 07:30:54 ::1 POST /Service1.svc - 49474 - ::1 - - 200 0 0 97
2018-04-25 07:30:54 ::1 POST /Service1.svc - 49474 - ::1 - - 200 0 0 18
2018-04-25 07:31:49 ::1 POST /Service1.svc - 49474 - ::1 - - 200 0 0 24
2018-04-25 07:31:49 ::1 POST /Service1.svc - 49474 - ::1 - - 200 0 0 39
2018-04-25 07:31:49 ::1 POST /Service1.svc - 49474 - ::1 - - 200 0 0 103
2018-04-25 07:31:49 ::1 POST /Service1.svc - 49474 - ::1 - - 200 0 0 27
2018-04-25 07:31:49 ::1 POST /Service1.svc - 49474 - ::1 - - 200 0 0 43
2018-04-25 07:31:49 ::1 POST /Service1.svc - 49474 - ::1 - - 200 0 0 86
2018-04-25 07:31:53 ::1 POST /Service1.svc - 49474 - ::1 - - 200 0 0 17
2018-04-25 07:31:53 ::1 POST /Service1.svc - 49474 - ::1 - - 200 0 0 22
2018-04-25 07:31:53 ::1 POST /Service1.svc - 49474 - ::1 - - 200 0 0 50
2018-04-25 07:31:53 ::1 POST /Service1.svc - 49474 - ::1 - - 200 0 0 18
2018-04-25 07:31:53 ::1 POST /Service1.svc - 49474 - ::1 - - 200 0 0 19
2018-04-25 07:31:53 ::1 POST /Service1.svc - 49474 - ::1 - - 200 0 0 71
2018-04-25 07:31:58 ::1 POST /Service1.svc - 49474 - ::1 - - 200 0 0 27
2018-04-25 07:32:00 ::1 POST /Service1.svc - 49474 - ::1 - - 200 0 0 59
2018-04-25 07:32:00 ::1 POST /Service1.svc - 49474 - ::1 - - 200 0 0 19
2018-04-25 07:32:00 ::1 POST /Service1.svc - 49474 - ::1 - - 200 0 0 27
2018-04-25 07:32:00 ::1 POST /Service1.svc - 49474 - ::1 - - 200 0 0 69
2018-04-25 07:32:00 ::1 POST /Service1.svc - 49474 - ::1 - - 200 0 0 22
2018-04-25 07:32:00 ::1 POST /Service1.svc - 49474 - ::1 - - 200 0 0 32
2018-04-25 07:32:00 ::1 POST /Service1.svc - 49474 - ::1 - - 200 0 0 26
2018-04-25 07:32:00 ::1 POST /Service1.svc - 49474 - ::1 - - 200 0 0 57
2018-04-25 07:32:00 ::1 POST /Service1.svc - 49474 - ::1 - - 200 0 0 81
2018-04-25 07:32:00 ::1 POST /Service1.svc - 49474 - ::1 - - 200 0 0 30
2018-04-25 07:32:00 ::1 POST /Service1.svc - 49474 - ::1 - - 200 0 0 108
2018-04-25 07:32:00 ::1 POST /Service1.svc - 49474 - ::1 - - 200 0 0 98
2018-04-25 07:32:00 ::1 POST /Service1.svc - 49474 - ::1 - - 200 0 0 30
2018-04-25 07:32:01 ::1 POST /Service1.svc - 49474 - ::1 - - 200 0 0 113
2018-04-25 07:32:18 ::1 POST /Service1.svc - 49474 - ::1 - - 200 0 0 19
2018-04-25 07:32:37 ::1 POST /Service1.svc - 49474 - ::1 - - 200 0 0 18
2018-04-25 07:32:37 ::1 POST /Service1.svc - 49474 - ::1 - - 200 0 0 22
2018-04-25 07:32:37 ::1 POST /Service1.svc - 49474 - ::1 - - 200 0 0 47
2018-04-25 07:32:37 ::1 POST /Service1.svc - 49474 - ::1 - - 200 0 0 82
2018-04-25 07:32:37 ::1 POST /Service1.svc - 49474 - ::1 - - 200 0 0 42
2018-04-25 07:32:37 ::1 POST /Service1.svc - 49474 - ::1 - - 200 0 0 35
2018-04-25 07:32:39 ::1 POST /Service1.svc - 49474 - ::1 - - 200 0 0 29
2018-04-25 07:32:39 ::1 POST /Service1.svc - 49474 - ::1 - - 200 0 0 90
2018-04-25 07:32:39 ::1 POST /Service1.svc - 49474 - ::1 - - 200 0 0 21
2018-04-25 07:32:39 ::1 POST /Service1.svc - 49474 - ::1 - - 200 0 0 22
2018-04-25 07:32:39 ::1 POST /Service1.svc - 49474 - ::1 - - 200 0 0 40
2018-04-25 07:32:39 ::1 POST /Service1.svc - 49474 - ::1 - - 200 0 0 104
2018-04-25 07:43:26 ::1 POST /Service1.svc - 49474 - ::1 - - 200 0 0 375
2018-04-25 07:43:26 ::1 POST /Service1.svc - 49474 - ::1 - - 200 0 0 126
2018-04-25 07:43:26 ::1 POST /Service1.svc - 49474 - ::1 - - 200 0 0 54
2018-04-25 07:43:26 ::1 POST /Service1.svc - 49474 - ::1 - - 200 0 0 32
2018-04-25 07:43:26 ::1 POST /Service1.svc - 49474 - ::1 - - 200 0 0 116
2018-04-25 07:43:26 ::1 POST /Service1.svc - 49474 - ::1 - - 200 0 0 24
2018-04-25 07:43:30 ::1 POST /Service1.svc - 49474 - ::1 - - 200 0 0 94
2018-04-25 07:43:30 ::1 POST /Service1.svc - 49474 - ::1 - - 200 0 0 105
2018-04-25 07:43:30 ::1 POST /Service1.svc - 49474 - ::1 - - 200 0 0 38
2018-04-25 07:43:30 ::1 POST /Service1.svc - 49474 - ::1 - - 200 0 0 46
2018-04-25 07:43:30 ::1 POST /Service1.svc - 49474 - ::1 - - 200 0 0 36
2018-04-25 07:43:30 ::1 POST /Service1.svc - 49474 - ::1 - - 200 0 0 253
2018-04-25 07:43:35 ::1 POST /Service1.svc - 49474 - ::1 - - 200 0 0 81
2018-04-25 07:43:36 ::1 POST /Service1.svc - 49474 - ::1 - - 200 0 0 155
2018-04-25 07:43:36 ::1 POST /Service1.svc - 49474 - ::1 - - 200 0 0 60
2018-04-25 07:43:36 ::1 POST /Service1.svc - 49474 - ::1 - - 200 0 0 91
2018-04-25 07:43:36 ::1 POST /Service1.svc - 49474 - ::1 - - 200 0 0 118
2018-04-25 07:43:36 ::1 POST /Service1.svc - 49474 - ::1 - - 200 0 0 148
2018-04-25 07:43:36 ::1 POST /Service1.svc - 49474 - ::1 - - 200 0 0 102
2018-04-25 07:43:37 ::1 POST /Service1.svc - 49474 - ::1 - - 200 0 0 410
2018-04-25 07:43:37 ::1 POST /Service1.svc - 49474 - ::1 - - 200 0 0 691
2018-04-25 07:43:37 ::1 POST /Service1.svc - 49474 - ::1 - - 200 0 0 175
2018-04-25 07:43:37 ::1 POST /Service1.svc - 49474 - ::1 - - 200 0 0 44
2018-04-25 07:43:38 ::1 POST /Service1.svc - 49474 - ::1 - - 200 0 0 269
2018-04-25 07:43:38 ::1 POST /Service1.svc - 49474 - ::1 - - 200 0 0 203
2018-04-25 07:43:38 ::1 POST /Service1.svc - 49474 - ::1 - - 200 0 0 46
2018-04-25 07:43:38 ::1 POST /Service1.svc - 49474 - ::1 - - 200 0 0 201
2018-04-25 07:43:48 ::1 POST /Service1.svc - 49474 - ::1 - - 200 0 0 24
2018-04-25 07:43:48 ::1 POST /Service1.svc - 49474 - ::1 - - 200 0 0 18
2018-04-25 07:43:48 ::1 POST /Service1.svc - 49474 - ::1 - - 200 0 0 27
2018-04-25 07:44:06 ::1 POST /Service1.svc - 49474 - ::1 - - 200 0 0 18
2018-04-25 07:44:06 ::1 POST /Service1.svc - 49474 - ::1 - - 200 0 0 59
2018-04-25 07:44:06 ::1 POST /Service1.svc - 49474 - ::1 - - 200 0 0 21
2018-04-25 07:44:15 ::1 POST /Service1.svc - 49474 - ::1 - - 200 0 0 18
2018-04-25 07:44:15 ::1 POST /Service1.svc - 49474 - ::1 - - 200 0 0 33
2018-04-25 07:44:15 ::1 POST /Service1.svc - 49474 - ::1 - - 200 0 0 22
2018-04-25 07:44:15 ::1 POST /Service1.svc - 49474 - ::1 - - 200 0 0 30
2018-04-25 07:44:15 ::1 POST /Service1.svc - 49474 - ::1 - - 200 0 0 79
2018-04-25 07:44:15 ::1 POST /Service1.svc - 49474 - ::1 - - 200 0 0 40
2018-04-25 07:44:21 ::1 POST /Service1.svc - 49474 - ::1 - - 200 0 0 9
2018-04-25 07:44:22 ::1 POST /Service1.svc - 49474 - ::1 - - 200 0 0 28
2018-04-25 07:44:22 ::1 POST /Service1.svc - 49474 - ::1 - - 200 0 0 37
2018-04-25 07:44:22 ::1 POST /Service1.svc - 49474 - ::1 - - 200 0 0 14
2018-04-25 07:44:22 ::1 POST /Service1.svc - 49474 - ::1 - - 200 0 0 27
2018-04-25 07:44:22 ::1 POST /Service1.svc - 49474 - ::1 - - 200 0 0 19
2018-04-25 07:44:22 ::1 POST /Service1.svc - 49474 - ::1 - - 200 0 0 32
2018-04-25 07:44:22 ::1 POST /Service1.svc - 49474 - ::1 - - 200 0 0 43
2018-04-25 07:44:22 ::1 POST /Service1.svc - 49474 - ::1 - - 200 0 0 52
2018-04-25 07:44:22 ::1 POST /Service1.svc - 49474 - ::1 - - 200 0 0 28
2018-04-25 07:44:22 ::1 POST /Service1.svc - 49474 - ::1 - - 200 0 0 112
2018-04-25 07:44:26 ::1 POST /Service1.svc - 49474 - ::1 - - 200 0 0 18
2018-04-25 07:44:26 ::1 POST /Service1.svc - 49474 - ::1 - - 200 0 0 23
2018-04-25 07:44:26 ::1 POST /Service1.svc - 49474 - ::1 - - 200 0 0 55
2018-04-25 07:44:26 ::1 POST /Service1.svc - 49474 - ::1 - - 200 0 0 23
2018-04-25 07:45:05 ::1 POST /Service1.svc - 49474 - ::1 - - 200 0 0 32
2018-04-25 07:45:05 ::1 POST /Service1.svc - 49474 - ::1 - - 200 0 0 71
2018-04-25 07:45:05 ::1 POST /Service1.svc - 49474 - ::1 - - 200 0 0 11
2018-04-25 07:47:30 ::1 POST /Service1.svc - 49474 - ::1 - - 200 0 0 46
2018-04-25 07:47:30 ::1 POST /Service1.svc - 49474 - ::1 - - 200 0 0 21
2018-04-25 07:47:30 ::1 POST /Service1.svc - 49474 - ::1 - - 200 0 0 72
2018-04-25 07:47:30 ::1 POST /Service1.svc - 49474 - ::1 - - 200 0 0 21
2018-04-25 07:47:30 ::1 POST /Service1.svc - 49474 - ::1 - - 200 0 0 17
2018-04-25 07:47:30 ::1 POST /Service1.svc - 49474 - ::1 - - 200 0 0 139
2018-04-25 07:47:30 ::1 POST /Service1.svc - 49474 - ::1 - - 200 0 0 176
2018-04-25 07:47:30 ::1 POST /Service1.svc - 49474 - ::1 - - 200 0 0 28
2018-04-25 07:47:30 ::1 POST /Service1.svc - 49474 - ::1 - - 200 0 0 42
2018-04-25 07:47:46 ::1 POST /Service1.svc - 49474 - ::1 - - 200 0 0 46
2018-04-25 07:47:46 ::1 POST /Service1.svc - 49474 - ::1 - - 200 0 0 50
2018-04-25 07:47:46 ::1 POST /Service1.svc - 49474 - ::1 - - 200 0 0 76
2018-04-25 07:47:46 ::1 POST /Service1.svc - 49474 - ::1 - - 200 0 0 15
2018-04-25 07:47:57 ::1 POST /Service1.svc - 49474 - ::1 - - 200 0 0 23
2018-04-25 07:48:06 ::1 POST /Service1.svc - 49474 - ::1 - - 200 0 0 96
2018-04-25 07:48:09 ::1 POST /Service1.svc - 49474 - ::1 - - 200 0 0 58
2018-04-25 07:48:13 ::1 POST /Service1.svc - 49474 - ::1 - - 200 0 0 82
2018-04-25 07:48:22 ::1 POST /Service1.svc - 49474 - ::1 - - 200 0 0 47
2018-04-25 07:48:26 ::1 POST /Service1.svc - 49474 - ::1 - - 200 0 0 29
2018-04-25 07:48:31 ::1 POST /Service1.svc - 49474 - ::1 - - 200 0 0 24
2018-04-25 07:48:34 ::1 POST /Service1.svc - 49474 - ::1 - - 200 0 0 39
2018-04-25 07:48:36 ::1 POST /Service1.svc - 49474 - ::1 - - 200 0 0 80
2018-04-25 07:48:36 ::1 POST /Service1.svc - 49474 - ::1 - - 200 0 0 605
2018-04-25 07:48:40 ::1 POST /Service1.svc - 49474 - ::1 - - 200 0 0 33
2018-04-25 07:48:40 ::1 POST /Service1.svc - 49474 - ::1 - - 200 0 0 35
2018-04-25 07:48:40 ::1 POST /Service1.svc - 49474 - ::1 - - 200 0 0 32
2018-04-25 07:48:40 ::1 POST /Service1.svc - 49474 - ::1 - - 200 0 0 103
2018-04-25 07:48:40 ::1 POST /Service1.svc - 49474 - ::1 - - 200 0 0 98
2018-04-25 07:48:40 ::1 POST /Service1.svc - 49474 - ::1 - - 200 0 0 154
2018-04-25 07:48:40 ::1 POST /Service1.svc - 49474 - ::1 - - 200 0 0 118
2018-04-25 07:48:40 ::1 POST /Service1.svc - 49474 - ::1 - - 200 0 0 26
2018-04-25 07:48:40 ::1 POST /Service1.svc - 49474 - ::1 - - 200 0 0 40
2018-04-25 07:48:43 ::1 POST /Service1.svc - 49474 - ::1 - - 200 0 0 120
2018-04-25 07:48:43 ::1 POST /Service1.svc - 49474 - ::1 - - 200 0 0 30
2018-04-25 07:48:43 ::1 POST /Service1.svc - 49474 - ::1 - - 200 0 0 64
2018-04-25 07:48:43 ::1 POST /Service1.svc - 49474 - ::1 - - 200 0 0 21
2018-04-25 07:49:11 ::1 POST /Service1.svc - 49474 - ::1 - - 200 0 0 51
2018-04-25 07:49:36 ::1 POST /Service1.svc - 49474 - ::1 - - 200 0 0 77
2018-04-25 07:49:36 ::1 POST /Service1.svc - 49474 - ::1 - - 200 0 0 53
2018-04-25 07:49:36 ::1 POST /Service1.svc - 49474 - ::1 - - 200 0 0 15
2018-04-25 07:49:40 ::1 POST /Service1.svc - 49474 - ::1 - - 200 0 0 51
2018-04-25 07:49:44 ::1 POST /Service1.svc - 49474 - ::1 - - 200 0 0 60
2018-04-25 07:49:46 ::1 POST /Service1.svc - 49474 - ::1 - - 200 0 0 27
2018-04-25 07:49:49 ::1 POST /Service1.svc - 49474 - ::1 - - 200 0 0 22
2018-04-25 07:49:51 ::1 POST /Service1.svc - 49474 - ::1 - - 200 0 0 21
2018-04-25 07:49:51 ::1 POST /Service1.svc - 49474 - ::1 - - 200 0 0 172
2018-04-25 07:50:03 ::1 POST /Service1.svc - 49474 - ::1 - - 200 0 0 13
2018-04-25 07:50:03 ::1 POST /Service1.svc - 49474 - ::1 - - 200 0 0 29
2018-04-25 07:50:03 ::1 POST /Service1.svc - 49474 - ::1 - - 200 0 0 18
2018-04-25 07:50:03 ::1 POST /Service1.svc - 49474 - ::1 - - 200 0 0 18
2018-04-25 07:50:03 ::1 POST /Service1.svc - 49474 - ::1 - - 200 0 0 23
2018-04-25 07:50:03 ::1 POST /Service1.svc - 49474 - ::1 - - 200 0 0 131
2018-04-25 07:50:03 ::1 POST /Service1.svc - 49474 - ::1 - - 200 0 0 28
2018-04-25 07:50:03 ::1 POST /Service1.svc - 49474 - ::1 - - 200 0 0 51
2018-04-25 07:50:03 ::1 POST /Service1.svc - 49474 - ::1 - - 200 0 0 115
2018-04-25 07:50:06 ::1 POST /Service1.svc - 49474 - ::1 - - 200 0 0 18
2018-04-25 07:50:06 ::1 POST /Service1.svc - 49474 - ::1 - - 200 0 0 23
2018-04-25 07:50:06 ::1 POST /Service1.svc - 49474 - ::1 - - 200 0 0 32
2018-04-25 07:50:06 ::1 POST /Service1.svc - 49474 - ::1 - - 200 0 0 57
2018-04-25 07:50:10 ::1 POST /Service1.svc - 49474 - ::1 - - 200 0 0 31
2018-04-25 07:50:16 ::1 POST /Service1.svc - 49474 - ::1 - - 200 0 0 28
2018-04-25 07:50:18 ::1 POST /Service1.svc - 49474 - ::1 - - 200 0 0 15
2018-04-25 07:50:18 ::1 POST /Service1.svc - 49474 - ::1 - - 200 0 0 230
2018-04-25 07:50:21 ::1 POST /Service1.svc - 49474 - ::1 - - 200 0 0 12
2018-04-25 07:50:21 ::1 POST /Service1.svc - 49474 - ::1 - - 200 0 0 36
2018-04-25 07:50:21 ::1 POST /Service1.svc - 49474 - ::1 - - 200 0 0 18
2018-04-25 07:50:21 ::1 POST /Service1.svc - 49474 - ::1 - - 200 0 0 50
2018-04-25 07:50:21 ::1 POST /Service1.svc - 49474 - ::1 - - 200 0 0 18
2018-04-25 07:50:21 ::1 POST /Service1.svc - 49474 - ::1 - - 200 0 0 83
2018-04-25 07:50:21 ::1 POST /Service1.svc - 49474 - ::1 - - 200 0 0 50
2018-04-25 07:50:21 ::1 POST /Service1.svc - 49474 - ::1 - - 200 0 0 33
2018-04-25 07:50:21 ::1 POST /Service1.svc - 49474 - ::1 - - 200 0 0 60
2018-04-25 07:50:25 ::1 POST /Service1.svc - 49474 - ::1 - - 200 0 0 32
2018-04-25 07:50:25 ::1 POST /Service1.svc - 49474 - ::1 - - 200 0 0 31
2018-04-25 07:50:25 ::1 POST /Service1.svc - 49474 - ::1 - - 200 0 0 27
2018-04-25 07:50:25 ::1 POST /Service1.svc - 49474 - ::1 - - 200 0 0 18
2018-04-25 07:50:40 ::1 POST /Service1.svc - 49474 - ::1 - - 200 0 0 19
2018-04-25 07:51:10 ::1 POST /Service1.svc - 49474 - ::1 - - 200 0 0 130
2018-04-25 07:51:10 ::1 POST /Service1.svc - 49474 - ::1 - - 200 0 0 23
2018-04-25 07:51:10 ::1 POST /Service1.svc - 49474 - ::1 - - 200 0 0 22
2018-04-25 07:51:10 ::1 POST /Service1.svc - 49474 - ::1 - - 200 0 0 26
2018-04-25 07:51:10 ::1 POST /Service1.svc - 49474 - ::1 - - 200 0 0 24
2018-04-25 07:51:10 ::1 POST /Service1.svc - 49474 - ::1 - - 200 0 0 24
2018-04-25 07:52:02 ::1 POST /Service1.svc - 49474 - ::1 - - 200 0 0 39
2018-04-25 07:52:02 ::1 POST /Service1.svc - 49474 - ::1 - - 200 0 0 40
2018-04-25 07:52:02 ::1 POST /Service1.svc - 49474 - ::1 - - 200 0 0 50
2018-04-25 07:52:02 ::1 POST /Service1.svc - 49474 - ::1 - - 200 0 0 34
2018-04-25 07:52:02 ::1 POST /Service1.svc - 49474 - ::1 - - 200 0 0 22
2018-04-25 07:52:02 ::1 POST /Service1.svc - 49474 - ::1 - - 200 0 0 237
2018-04-25 07:52:06 ::1 POST /Service1.svc - 49474 - ::1 - - 200 0 0 35
2018-04-25 07:52:06 ::1 POST /Service1.svc - 49474 - ::1 - - 200 0 0 23
2018-04-25 07:52:06 ::1 POST /Service1.svc - 49474 - ::1 - - 200 0 0 96
2018-04-25 07:52:06 ::1 POST /Service1.svc - 49474 - ::1 - - 200 0 0 88
2018-04-25 07:52:06 ::1 POST /Service1.svc - 49474 - ::1 - - 200 0 0 120
2018-04-25 07:52:06 ::1 POST /Service1.svc - 49474 - ::1 - - 200 0 0 335
2018-04-25 07:52:16 ::1 POST /Service1.svc - 49474 - ::1 - - 200 0 0 66
2018-04-25 07:52:16 ::1 POST /Service1.svc - 49474 - ::1 - - 200 0 0 45
2018-04-25 07:52:16 ::1 POST /Service1.svc - 49474 - ::1 - - 200 0 0 55
2018-04-25 07:52:16 ::1 POST /Service1.svc - 49474 - ::1 - - 200 0 0 180
2018-04-25 07:52:16 ::1 POST /Service1.svc - 49474 - ::1 - - 200 0 0 38
2018-04-25 07:52:16 ::1 POST /Service1.svc - 49474 - ::1 - - 200 0 0 32
2018-04-25 07:52:53 ::1 POST /Service1.svc - 49474 - ::1 - - 200 0 0 64
2018-04-25 07:52:53 ::1 POST /Service1.svc - 49474 - ::1 - - 200 0 0 62
2018-04-25 07:52:53 ::1 POST /Service1.svc - 49474 - ::1 - - 200 0 0 45
2018-04-25 07:52:53 ::1 POST /Service1.svc - 49474 - ::1 - - 200 0 0 59
2018-04-25 07:52:53 ::1 POST /Service1.svc - 49474 - ::1 - - 200 0 0 35
2018-04-25 07:52:53 ::1 POST /Service1.svc - 49474 - ::1 - - 200 0 0 46
2018-04-25 07:52:57 ::1 POST /Service1.svc - 49474 - ::1 - - 200 0 0 44
2018-04-25 07:52:57 ::1 POST /Service1.svc - 49474 - ::1 - - 200 0 0 110
2018-04-25 07:52:57 ::1 POST /Service1.svc - 49474 - ::1 - - 200 0 0 76
2018-04-25 07:52:57 ::1 POST /Service1.svc - 49474 - ::1 - - 200 0 0 78
2018-04-25 07:52:57 ::1 POST /Service1.svc - 49474 - ::1 - - 200 0 0 76
2018-04-25 07:52:57 ::1 POST /Service1.svc - 49474 - ::1 - - 200 0 0 50
2018-04-25 07:53:05 ::1 POST /Service1.svc - 49474 - ::1 - - 200 0 0 20
2018-04-25 07:53:06 ::1 POST /Service1.svc - 49474 - ::1 - - 200 0 0 41
2018-04-25 07:53:06 ::1 POST /Service1.svc - 49474 - ::1 - - 200 0 0 26
2018-04-25 07:53:06 ::1 POST /Service1.svc - 49474 - ::1 - - 200 0 0 18
2018-04-25 07:53:06 ::1 POST /Service1.svc - 49474 - ::1 - - 200 0 0 42
2018-04-25 07:53:06 ::1 POST /Service1.svc - 49474 - ::1 - - 200 0 0 78
2018-04-25 07:53:06 ::1 POST /Service1.svc - 49474 - ::1 - - 200 0 0 30
2018-04-25 07:53:06 ::1 POST /Service1.svc - 49474 - ::1 - - 200 0 0 91
2018-04-25 07:53:06 ::1 POST /Service1.svc - 49474 - ::1 - - 200 0 0 95
2018-04-25 07:53:06 ::1 POST /Service1.svc - 49474 - ::1 - - 200 0 0 101
2018-04-25 07:53:06 ::1 POST /Service1.svc - 49474 - ::1 - - 200 0 0 18
2018-04-25 07:53:06 ::1 POST /Service1.svc - 49474 - ::1 - - 200 0 0 34
2018-04-25 07:53:06 ::1 POST /Service1.svc - 49474 - ::1 - - 200 0 0 149
2018-04-25 07:53:08 ::1 POST /Service1.svc - 49474 - ::1 - - 200 0 0 32
2018-04-25 07:53:08 ::1 POST /Service1.svc - 49474 - ::1 - - 200 0 0 33
2018-04-25 07:53:11 ::1 POST /Service1.svc - 49474 - ::1 - - 200 0 0 31
2018-04-25 07:53:19 ::1 POST /Service1.svc - 49474 - ::1 - - 200 0 0 68
2018-04-25 07:53:24 ::1 POST /Service1.svc - 49474 - ::1 - - 200 0 0 54
2018-04-25 07:53:31 ::1 POST /Service1.svc - 49474 - ::1 - - 200 0 0 36
2018-04-25 07:53:35 ::1 POST /Service1.svc - 49474 - ::1 - - 200 0 0 17
2018-04-25 07:53:35 ::1 POST /Service1.svc - 49474 - ::1 - - 200 0 0 22
2018-04-25 07:53:35 ::1 POST /Service1.svc - 49474 - ::1 - - 200 0 0 31
2018-04-25 07:53:35 ::1 POST /Service1.svc - 49474 - ::1 - - 200 0 0 105
2018-04-25 07:53:35 ::1 POST /Service1.svc - 49474 - ::1 - - 200 0 0 22
2018-04-25 07:53:35 ::1 POST /Service1.svc - 49474 - ::1 - - 200 0 0 36
2018-04-25 07:53:37 ::1 POST /Service1.svc - 49474 - ::1 - - 200 0 0 61
2018-04-25 07:53:37 ::1 POST /Service1.svc - 49474 - ::1 - - 200 0 0 33
2018-04-25 07:53:37 ::1 POST /Service1.svc - 49474 - ::1 - - 200 0 0 76
2018-04-25 07:53:37 ::1 POST /Service1.svc - 49474 - ::1 - - 200 0 0 28
2018-04-25 07:53:37 ::1 POST /Service1.svc - 49474 - ::1 - - 200 0 0 14
2018-04-25 07:53:37 ::1 POST /Service1.svc - 49474 - ::1 - - 200 0 0 46
2018-04-25 07:53:37 ::1 POST /Service1.svc - 49474 - ::1 - - 200 0 0 13
2018-04-25 07:53:37 ::1 POST /Service1.svc - 49474 - ::1 - - 200 0 0 11
2018-04-25 07:53:37 ::1 POST /Service1.svc - 49474 - ::1 - - 200 0 0 85
2018-04-25 07:53:37 ::1 POST /Service1.svc - 49474 - ::1 - - 200 0 0 100
2018-04-25 07:53:37 ::1 POST /Service1.svc - 49474 - ::1 - - 200 0 0 32
2018-04-25 07:53:37 ::1 POST /Service1.svc - 49474 - ::1 - - 200 0 0 39
2018-04-25 07:53:37 ::1 POST /Service1.svc - 49474 - ::1 - - 200 0 0 63
2018-04-25 07:53:37 ::1 POST /Service1.svc - 49474 - ::1 - - 200 0 0 19
2018-04-25 07:53:37 ::1 POST /Service1.svc - 49474 - ::1 - - 200 0 0 43
2018-04-25 07:53:41 ::1 POST /Service1.svc - 49474 - ::1 - - 200 0 0 45
2018-04-25 07:53:41 ::1 POST /Service1.svc - 49474 - ::1 - - 200 0 0 21
2018-04-25 07:53:41 ::1 POST /Service1.svc - 49474 - ::1 - - 200 0 0 26
2018-04-25 07:53:41 ::1 POST /Service1.svc - 49474 - ::1 - - 200 0 0 37
2018-04-25 07:53:44 ::1 POST /Service1.svc - 49474 - ::1 - - 200 0 0 39
2018-04-25 07:53:51 ::1 POST /Service1.svc - 49474 - ::1 - - 200 0 0 75
2018-04-25 07:54:01 ::1 POST /Service1.svc - 49474 - ::1 - - 200 0 0 261
2018-04-25 07:54:21 ::1 POST /Service1.svc - 49474 - ::1 - - 200 0 0 41
2018-04-25 07:54:24 ::1 POST /Service1.svc - 49474 - ::1 - - 200 0 0 228
2018-04-25 07:54:26 ::1 POST /Service1.svc - 49474 - ::1 - - 200 0 0 49
2018-04-25 07:54:26 ::1 POST /Service1.svc - 49474 - ::1 - - 200 0 0 26
2018-04-25 07:54:26 ::1 POST /Service1.svc - 49474 - ::1 - - 200 0 0 25
2018-04-25 07:54:26 ::1 POST /Service1.svc - 49474 - ::1 - - 200 0 0 25
2018-04-25 07:54:26 ::1 POST /Service1.svc - 49474 - ::1 - - 200 0 0 50
2018-04-25 07:54:26 ::1 POST /Service1.svc - 49474 - ::1 - - 200 0 0 33
2018-04-25 07:54:33 ::1 POST /Service1.svc - 49474 - ::1 - - 200 0 0 32
2018-04-25 07:54:35 ::1 POST /Service1.svc - 49474 - ::1 - - 200 0 0 71
2018-04-25 07:54:35 ::1 POST /Service1.svc - 49474 - ::1 - - 200 0 0 14
2018-04-25 07:54:35 ::1 POST /Service1.svc - 49474 - ::1 - - 200 0 0 12
2018-04-25 07:54:35 ::1 POST /Service1.svc - 49474 - ::1 - - 200 0 0 32
2018-04-25 07:54:35 ::1 POST /Service1.svc - 49474 - ::1 - - 200 0 0 14
2018-04-25 07:54:35 ::1 POST /Service1.svc - 49474 - ::1 - - 200 0 0 38
2018-04-25 07:54:35 ::1 POST /Service1.svc - 49474 - ::1 - - 200 0 0 98
2018-04-25 07:54:35 ::1 POST /Service1.svc - 49474 - ::1 - - 200 0 0 32
2018-04-25 07:54:35 ::1 POST /Service1.svc - 49474 - ::1 - - 200 0 0 26
2018-04-25 07:54:35 ::1 POST /Service1.svc - 49474 - ::1 - - 200 0 0 26
2018-04-25 07:54:35 ::1 POST /Service1.svc - 49474 - ::1 - - 200 0 0 31
2018-04-25 07:54:35 ::1 POST /Service1.svc - 49474 - ::1 - - 200 0 0 109
2018-04-25 07:54:35 ::1 POST /Service1.svc - 49474 - ::1 - - 200 0 0 10
2018-04-25 07:54:35 ::1 POST /Service1.svc - 49474 - ::1 - - 200 0 0 22
2018-04-25 07:54:41 ::1 POST /Service1.svc - 49474 - ::1 - - 200 0 0 27
2018-04-25 07:54:47 ::1 POST /Service1.svc - 49474 - ::1 - - 200 0 0 20
2018-04-25 07:54:49 ::1 POST /Service1.svc - 49474 - ::1 - - 200 0 0 78
2018-04-25 07:54:51 ::1 POST /Service1.svc - 49474 - ::1 - - 200 0 0 16
2018-04-25 07:54:53 ::1 POST /Service1.svc - 49474 - ::1 - - 200 0 0 13
2018-04-25 07:54:53 ::1 POST /Service1.svc - 49474 - ::1 - - 200 0 0 35
2018-04-25 07:54:53 ::1 POST /Service1.svc - 49474 - ::1 - - 200 0 0 22
2018-04-25 07:54:53 ::1 POST /Service1.svc - 49474 - ::1 - - 200 0 0 25
2018-04-25 07:54:53 ::1 POST /Service1.svc - 49474 - ::1 - - 200 0 0 95
2018-04-25 07:54:53 ::1 POST /Service1.svc - 49474 - ::1 - - 200 0 0 37
2018-04-25 07:54:56 ::1 POST /Service1.svc - 49474 - ::1 - - 200 0 0 53
2018-04-25 07:54:56 ::1 POST /Service1.svc - 49474 - ::1 - - 200 0 0 25
2018-04-25 07:54:56 ::1 POST /Service1.svc - 49474 - ::1 - - 200 0 0 19
2018-04-25 07:54:56 ::1 POST /Service1.svc - 49474 - ::1 - - 200 0 0 25
2018-04-25 07:54:56 ::1 POST /Service1.svc - 49474 - ::1 - - 200 0 0 21
2018-04-25 07:54:56 ::1 POST /Service1.svc - 49474 - ::1 - - 200 0 0 31
2018-04-25 07:55:24 ::1 POST /Service1.svc - 49474 - ::1 - - 200 0 0 36
2018-04-25 07:55:24 ::1 POST /Service1.svc - 49474 - ::1 - - 200 0 0 11
2018-04-25 07:55:24 ::1 POST /Service1.svc - 49474 - ::1 - - 200 0 0 17
2018-04-25 07:55:24 ::1 POST /Service1.svc - 49474 - ::1 - - 200 0 0 30
2018-04-25 07:55:24 ::1 POST /Service1.svc - 49474 - ::1 - - 200 0 0 63
2018-04-25 07:55:24 ::1 POST /Service1.svc - 49474 - ::1 - - 200 0 0 27
2018-04-25 07:55:31 ::1 POST /Service1.svc - 49474 - ::1 - - 200 0 0 12
2018-04-25 07:55:31 ::1 POST /Service1.svc - 49474 - ::1 - - 200 0 0 14
2018-04-25 07:55:31 ::1 POST /Service1.svc - 49474 - ::1 - - 200 0 0 34
2018-04-25 07:55:31 ::1 POST /Service1.svc - 49474 - ::1 - - 200 0 0 48
2018-04-25 07:55:31 ::1 POST /Service1.svc - 49474 - ::1 - - 200 0 0 58
2018-04-25 07:55:31 ::1 POST /Service1.svc - 49474 - ::1 - - 200 0 0 31
2018-04-25 07:55:35 ::1 POST /Service1.svc - 49474 - ::1 - - 200 0 0 15
2018-04-25 07:55:37 ::1 POST /Service1.svc - 49474 - ::1 - - 200 0 0 61
2018-04-25 07:55:37 ::1 POST /Service1.svc - 49474 - ::1 - - 200 0 0 28
2018-04-25 07:55:37 ::1 POST /Service1.svc - 49474 - ::1 - - 200 0 0 21
2018-04-25 07:55:37 ::1 POST /Service1.svc - 49474 - ::1 - - 200 0 0 22
2018-04-25 07:55:37 ::1 POST /Service1.svc - 49474 - ::1 - - 200 0 0 40
2018-04-25 07:55:37 ::1 POST /Service1.svc - 49474 - ::1 - - 200 0 0 56
2018-04-25 07:55:37 ::1 POST /Service1.svc - 49474 - ::1 - - 200 0 0 79
2018-04-25 07:55:37 ::1 POST /Service1.svc - 49474 - ::1 - - 200 0 0 98
2018-04-25 07:55:37 ::1 POST /Service1.svc - 49474 - ::1 - - 200 0 0 25
2018-04-25 07:55:37 ::1 POST /Service1.svc - 49474 - ::1 - - 200 0 0 27
2018-04-25 07:55:37 ::1 POST /Service1.svc - 49474 - ::1 - - 200 0 0 127
2018-04-25 07:55:37 ::1 POST /Service1.svc - 49474 - ::1 - - 200 0 0 27
2018-04-25 07:55:53 ::1 POST /Service1.svc - 49474 - ::1 - - 200 0 0 58
2018-04-25 07:55:53 ::1 POST /Service1.svc - 49474 - ::1 - - 200 0 0 118
2018-04-25 07:56:02 ::1 POST /Service1.svc - 49474 - ::1 - - 200 0 0 156
2018-04-25 07:57:05 ::1 POST /Service1.svc - 49474 - ::1 - - 200 0 0 32
2018-04-25 07:57:05 ::1 POST /Service1.svc - 49474 - ::1 - - 200 0 0 23
2018-04-25 07:57:05 ::1 POST /Service1.svc - 49474 - ::1 - - 200 0 0 174
2018-04-25 07:57:05 ::1 POST /Service1.svc - 49474 - ::1 - - 200 0 0 24
2018-04-25 07:57:05 ::1 POST /Service1.svc - 49474 - ::1 - - 200 0 0 28
2018-04-25 07:57:05 ::1 POST /Service1.svc - 49474 - ::1 - - 200 0 0 62
2018-04-25 07:57:09 ::1 POST /Service1.svc - 49474 - ::1 - - 200 0 0 53
2018-04-25 07:57:09 ::1 POST /Service1.svc - 49474 - ::1 - - 200 0 0 99
2018-04-25 07:57:09 ::1 POST /Service1.svc - 49474 - ::1 - - 200 0 0 168
2018-04-25 07:57:09 ::1 POST /Service1.svc - 49474 - ::1 - - 200 0 0 122
2018-04-25 07:57:09 ::1 POST /Service1.svc - 49474 - ::1 - - 200 0 0 192
2018-04-25 07:57:09 ::1 POST /Service1.svc - 49474 - ::1 - - 200 0 0 105
2018-04-25 07:57:15 ::1 POST /Service1.svc - 49474 - ::1 - - 200 0 0 16
2018-04-25 07:57:17 ::1 POST /Service1.svc - 49474 - ::1 - - 200 0 0 41
2018-04-25 07:57:17 ::1 POST /Service1.svc - 49474 - ::1 - - 200 0 0 98
2018-04-25 07:57:17 ::1 POST /Service1.svc - 49474 - ::1 - - 200 0 0 39
2018-04-25 07:57:17 ::1 POST /Service1.svc - 49474 - ::1 - - 200 0 0 133
2018-04-25 07:57:17 ::1 POST /Service1.svc - 49474 - ::1 - - 200 0 0 40
2018-04-25 07:57:17 ::1 POST /Service1.svc - 49474 - ::1 - - 200 0 0 74
2018-04-25 07:57:17 ::1 POST /Service1.svc - 49474 - ::1 - - 200 0 0 88
2018-04-25 07:57:17 ::1 POST /Service1.svc - 49474 - ::1 - - 200 0 0 93
2018-04-25 07:57:17 ::1 POST /Service1.svc - 49474 - ::1 - - 200 0 0 27
2018-04-25 07:57:17 ::1 POST /Service1.svc - 49474 - ::1 - - 200 0 0 60
2018-04-25 07:57:17 ::1 POST /Service1.svc - 49474 - ::1 - - 200 0 0 52
2018-04-25 07:57:17 ::1 POST /Service1.svc - 49474 - ::1 - - 200 0 0 30
2018-04-25 07:57:26 ::1 POST /Service1.svc - 49474 - ::1 - - 200 0 0 15
2018-04-25 07:57:26 ::1 POST /Service1.svc - 49474 - ::1 - - 200 0 0 94
2018-04-25 07:57:34 ::1 POST /Service1.svc - 49474 - ::1 - - 200 0 0 57
2018-04-25 07:58:39 ::1 POST /Service1.svc - 49474 - ::1 - - 200 0 0 29
2018-04-25 07:58:39 ::1 POST /Service1.svc - 49474 - ::1 - - 200 0 0 39
2018-04-25 07:58:39 ::1 POST /Service1.svc - 49474 - ::1 - - 200 0 0 40
2018-04-25 07:58:39 ::1 POST /Service1.svc - 49474 - ::1 - - 200 0 0 27
2018-04-25 07:58:39 ::1 POST /Service1.svc - 49474 - ::1 - - 200 0 0 18
2018-04-25 07:58:39 ::1 POST /Service1.svc - 49474 - ::1 - - 200 0 0 19
2018-04-25 07:58:42 ::1 POST /Service1.svc - 49474 - ::1 - - 200 0 0 111
2018-04-25 07:58:42 ::1 POST /Service1.svc - 49474 - ::1 - - 200 0 0 86
2018-04-25 07:58:42 ::1 POST /Service1.svc - 49474 - ::1 - - 200 0 0 36
2018-04-25 07:58:42 ::1 POST /Service1.svc - 49474 - ::1 - - 200 0 0 73
2018-04-25 07:58:42 ::1 POST /Service1.svc - 49474 - ::1 - - 200 0 0 24
2018-04-25 07:58:42 ::1 POST /Service1.svc - 49474 - ::1 - - 200 0 0 126
2018-04-25 07:58:46 ::1 POST /Service1.svc - 49474 - ::1 - - 200 0 0 53
2018-04-25 07:58:47 ::1 POST /Service1.svc - 49474 - ::1 - - 200 0 0 81
2018-04-25 07:58:47 ::1 POST /Service1.svc - 49474 - ::1 - - 200 0 0 62
2018-04-25 07:58:47 ::1 POST /Service1.svc - 49474 - ::1 - - 200 0 0 93
2018-04-25 07:58:47 ::1 POST /Service1.svc - 49474 - ::1 - - 200 0 0 236
2018-04-25 07:58:47 ::1 POST /Service1.svc - 49474 - ::1 - - 200 0 0 125
2018-04-25 07:58:47 ::1 POST /Service1.svc - 49474 - ::1 - - 200 0 0 49
2018-04-25 07:58:47 ::1 POST /Service1.svc - 49474 - ::1 - - 200 0 0 144
2018-04-25 07:58:47 ::1 POST /Service1.svc - 49474 - ::1 - - 200 0 0 61
2018-04-25 07:58:49 ::1 POST /Service1.svc - 49474 - ::1 - - 200 0 0 279
2018-04-25 07:58:49 ::1 POST /Service1.svc - 49474 - ::1 - - 200 0 0 80
2018-04-25 07:58:49 ::1 POST /Service1.svc - 49474 - ::1 - - 200 0 0 178
2018-04-25 07:58:49 ::1 POST /Service1.svc - 49474 - ::1 - - 200 0 0 49
2018-04-25 07:58:49 ::1 POST /Service1.svc - 49474 - ::1 - - 200 0 0 89
2018-04-25 07:58:49 ::1 POST /Service1.svc - 49474 - ::1 - - 200 0 0 96
2018-04-25 07:58:54 ::1 POST /Service1.svc - 49474 - ::1 - - 200 0 0 33
2018-04-25 07:58:54 ::1 POST /Service1.svc - 49474 - ::1 - - 200 0 0 37
2018-04-25 07:58:54 ::1 POST /Service1.svc - 49474 - ::1 - - 200 0 0 84
2018-04-25 07:59:03 ::1 POST /Service1.svc - 49474 - ::1 - - 200 0 0 48
2018-04-25 07:59:03 ::1 POST /Service1.svc - 49474 - ::1 - - 200 0 0 54
2018-04-25 07:59:03 ::1 POST /Service1.svc - 49474 - ::1 - - 200 0 0 20
2018-04-25 07:59:07 ::1 POST /Service1.svc - 49474 - ::1 - - 200 0 0 17
2018-04-25 07:59:12 ::1 POST /Service1.svc - 49474 - ::1 - - 200 0 0 25
2018-04-25 07:59:15 ::1 POST /Service1.svc - 49474 - ::1 - - 200 0 0 64
2018-04-25 07:59:20 ::1 POST /Service1.svc - 49474 - ::1 - - 200 0 0 16
2018-04-25 07:59:20 ::1 POST /Service1.svc - 49474 - ::1 - - 200 0 0 19
2018-04-25 07:59:20 ::1 POST /Service1.svc - 49474 - ::1 - - 200 0 0 41
2018-04-25 07:59:20 ::1 POST /Service1.svc - 49474 - ::1 - - 200 0 0 64
2018-04-25 07:59:20 ::1 POST /Service1.svc - 49474 - ::1 - - 200 0 0 44
2018-04-25 07:59:20 ::1 POST /Service1.svc - 49474 - ::1 - - 200 0 0 34
2018-04-25 07:59:44 ::1 POST /Service1.svc - 49474 - ::1 - - 200 0 0 26
2018-04-25 07:59:46 ::1 POST /Service1.svc - 49474 - ::1 - - 200 0 0 17
2018-04-25 07:59:46 ::1 POST /Service1.svc - 49474 - ::1 - - 200 0 0 70
2018-04-25 07:59:46 ::1 POST /Service1.svc - 49474 - ::1 - - 200 0 0 63
2018-04-25 07:59:46 ::1 POST /Service1.svc - 49474 - ::1 - - 200 0 0 34
2018-04-25 07:59:46 ::1 POST /Service1.svc - 49474 - ::1 - - 200 0 0 38
2018-04-25 07:59:46 ::1 POST /Service1.svc - 49474 - ::1 - - 200 0 0 25
2018-04-25 07:59:54 ::1 POST /Service1.svc - 49474 - ::1 - - 200 0 0 60
2018-04-25 07:59:54 ::1 POST /Service1.svc - 49474 - ::1 - - 200 0 0 33
2018-04-25 08:00:13 ::1 POST /Service1.svc - 49474 - ::1 - - 200 0 0 61
2018-04-25 08:01:44 ::1 POST /Service1.svc - 49474 - ::1 - - 200 0 0 70
2018-04-25 08:01:44 ::1 POST /Service1.svc - 49474 - ::1 - - 200 0 0 45
2018-04-25 08:01:44 ::1 POST /Service1.svc - 49474 - ::1 - - 200 0 0 37
2018-04-25 08:01:44 ::1 POST /Service1.svc - 49474 - ::1 - - 200 0 0 88
2018-04-25 08:01:44 ::1 POST /Service1.svc - 49474 - ::1 - - 200 0 0 19
2018-04-25 08:01:44 ::1 POST /Service1.svc - 49474 - ::1 - - 200 0 0 26
2018-04-25 08:01:58 ::1 POST /Service1.svc - 49474 - ::1 - - 200 0 0 49
2018-04-25 08:01:58 ::1 POST /Service1.svc - 49474 - ::1 - - 200 0 0 97
2018-04-25 08:01:58 ::1 POST /Service1.svc - 49474 - ::1 - - 200 0 0 81
2018-04-25 08:01:58 ::1 POST /Service1.svc - 49474 - ::1 - - 200 0 0 115
2018-04-25 08:01:58 ::1 POST /Service1.svc - 49474 - ::1 - - 200 0 0 109
2018-04-25 08:01:58 ::1 POST /Service1.svc - 49474 - ::1 - - 200 0 0 111
2018-04-25 08:02:03 ::1 POST /Service1.svc - 49474 - ::1 - - 200 0 0 53
2018-04-25 08:02:05 ::1 POST /Service1.svc - 49474 - ::1 - - 200 0 0 40
2018-04-25 08:02:05 ::1 POST /Service1.svc - 49474 - ::1 - - 200 0 0 73
2018-04-25 08:02:05 ::1 POST /Service1.svc - 49474 - ::1 - - 200 0 0 87
2018-04-25 08:02:05 ::1 POST /Service1.svc - 49474 - ::1 - - 200 0 0 60
2018-04-25 08:02:05 ::1 POST /Service1.svc - 49474 - ::1 - - 200 0 0 240
2018-04-25 08:02:05 ::1 POST /Service1.svc - 49474 - ::1 - - 200 0 0 48
2018-04-25 08:02:05 ::1 POST /Service1.svc - 49474 - ::1 - - 200 0 0 165
2018-04-25 08:02:06 ::1 POST /Service1.svc - 49474 - ::1 - - 200 0 0 291
2018-04-25 08:02:06 ::1 POST /Service1.svc - 49474 - ::1 - - 200 0 0 926
2018-04-25 08:02:07 ::1 POST /Service1.svc - 49474 - ::1 - - 200 0 0 116
2018-04-25 08:02:07 ::1 POST /Service1.svc - 49474 - ::1 - - 200 0 0 579
2018-04-25 08:02:07 ::1 POST /Service1.svc - 49474 - ::1 - - 200 0 0 24
2018-04-25 08:02:23 ::1 POST /Service1.svc - 49474 - ::1 - - 200 0 0 52
2018-04-25 08:02:23 ::1 POST /Service1.svc - 49474 - ::1 - - 200 0 0 123
2018-04-25 08:02:37 ::1 POST /Service1.svc - 49474 - ::1 - - 200 0 0 28
2018-04-25 08:02:54 ::1 POST /Service1.svc - 49474 - ::1 - - 200 0 0 33
2018-04-25 08:02:54 ::1 POST /Service1.svc - 49474 - ::1 - - 200 0 0 45
2018-04-25 08:02:59 ::1 POST /Service1.svc - 49474 - ::1 - - 200 0 0 70
2018-04-25 08:02:59 ::1 POST /Service1.svc - 49474 - ::1 - - 200 0 0 18
2018-04-25 08:03:01 ::1 POST /Service1.svc - 49474 - ::1 - - 200 0 0 28
2018-04-25 08:03:01 ::1 POST /Service1.svc - 49474 - ::1 - - 200 0 0 56
2018-04-25 08:03:03 ::1 POST /Service1.svc - 49474 - ::1 - - 200 0 0 28
2018-04-25 08:03:03 ::1 POST /Service1.svc - 49474 - ::1 - - 200 0 0 21
2018-04-25 08:03:05 ::1 POST /Service1.svc - 49474 - ::1 - - 200 0 0 79
2018-04-25 08:03:05 ::1 POST /Service1.svc - 49474 - ::1 - - 200 0 0 49
2018-04-25 08:08:41 ::1 POST /Service1.svc - 49474 - ::1 - - 200 0 0 195
2018-04-25 08:08:41 ::1 POST /Service1.svc - 49474 - ::1 - - 200 0 0 33
2018-04-25 08:08:41 ::1 POST /Service1.svc - 49474 - ::1 - - 200 0 0 19
2018-04-25 08:08:41 ::1 POST /Service1.svc - 49474 - ::1 - - 200 0 0 20
2018-04-25 08:08:41 ::1 POST /Service1.svc - 49474 - ::1 - - 200 0 0 16
2018-04-25 08:08:41 ::1 POST /Service1.svc - 49474 - ::1 - - 200 0 0 77
2018-04-25 08:13:50 ::1 POST /Service1.svc - 49474 - ::1 - - 200 0 0 77
2018-04-25 08:13:50 ::1 POST /Service1.svc - 49474 - ::1 - - 200 0 0 49
2018-04-25 08:13:50 ::1 POST /Service1.svc - 49474 - ::1 - - 200 0 0 53
2018-04-25 08:13:50 ::1 POST /Service1.svc - 49474 - ::1 - - 200 0 0 251
2018-04-25 08:13:51 ::1 POST /Service1.svc - 49474 - ::1 - - 200 0 0 125
2018-04-25 08:13:51 ::1 POST /Service1.svc - 49474 - ::1 - - 200 0 0 27
2018-04-25 08:14:48 ::1 POST /Service1.svc - 49474 - ::1 - - 200 0 0 69
2018-04-25 08:14:48 ::1 POST /Service1.svc - 49474 - ::1 - - 200 0 0 31
2018-04-25 08:14:48 ::1 POST /Service1.svc - 49474 - ::1 - - 200 0 0 79
2018-04-25 08:14:48 ::1 POST /Service1.svc - 49474 - ::1 - - 200 0 0 25
2018-04-25 08:14:48 ::1 POST /Service1.svc - 49474 - ::1 - - 200 0 0 24
2018-04-25 08:14:48 ::1 POST /Service1.svc - 49474 - ::1 - - 200 0 0 23
2018-04-25 08:14:52 ::1 POST /Service1.svc - 49474 - ::1 - - 200 0 0 40
2018-04-25 08:14:55 ::1 POST /Service1.svc - 49474 - ::1 - - 200 0 0 40
2018-04-25 08:14:55 ::1 POST /Service1.svc - 49474 - ::1 - - 200 0 0 68
2018-04-25 08:14:55 ::1 POST /Service1.svc - 49474 - ::1 - - 200 0 0 24
2018-04-25 08:14:55 ::1 POST /Service1.svc - 49474 - ::1 - - 200 0 0 165
2018-04-25 08:14:55 ::1 POST /Service1.svc - 49474 - ::1 - - 200 0 0 67
2018-04-25 08:14:55 ::1 POST /Service1.svc - 49474 - ::1 - - 200 0 0 101
2018-04-25 08:14:55 ::1 POST /Service1.svc - 49474 - ::1 - - 200 0 0 101
2018-04-25 08:14:55 ::1 POST /Service1.svc - 49474 - ::1 - - 200 0 0 22
2018-04-25 08:14:55 ::1 POST /Service1.svc - 49474 - ::1 - - 200 0 0 26
2018-04-25 08:14:55 ::1 POST /Service1.svc - 49474 - ::1 - - 200 0 0 128
2018-04-25 08:14:55 ::1 POST /Service1.svc - 49474 - ::1 - - 200 0 0 124
2018-04-25 08:14:55 ::1 POST /Service1.svc - 49474 - ::1 - - 200 0 0 23
2018-04-25 08:14:56 ::1 POST /Service1.svc - 49474 - ::1 - - 200 0 0 75
2018-04-25 08:14:56 ::1 POST /Service1.svc - 49474 - ::1 - - 200 0 0 82
2018-04-25 08:14:56 ::1 POST /Service1.svc - 49474 - ::1 - - 200 0 0 21
#Software: Microsoft Internet Information Services 10.0
#Version: 1.0
#Date: 2018-04-25 08:37:45
#Fields: date time s-ip cs-method cs-uri-stem cs-uri-query s-port cs-username c-ip cs(User-Agent) cs(Referer) sc-status sc-substatus sc-win32-status time-taken
2018-04-25 08:37:45 ::1 POST /Service1.svc - 49474 - ::1 - - 200 0 0 52
2018-04-25 08:37:45 ::1 POST /Service1.svc - 49474 - ::1 - - 200 0 0 58
2018-04-25 08:37:45 ::1 POST /Service1.svc - 49474 - ::1 - - 200 0 0 48
2018-04-25 08:37:45 ::1 POST /Service1.svc - 49474 - ::1 - - 200 0 0 100
2018-04-25 08:37:45 ::1 POST /Service1.svc - 49474 - ::1 - - 200 0 0 24
2018-04-25 08:37:45 ::1 POST /Service1.svc - 49474 - ::1 - - 200 0 0 31
2018-04-25 08:37:47 ::1 POST /Service1.svc - 49474 - ::1 - - 200 0 0 20
2018-04-25 08:37:47 ::1 POST /Service1.svc - 49474 - ::1 - - 200 0 0 110
2018-04-25 08:37:47 ::1 POST /Service1.svc - 49474 - ::1 - - 200 0 0 39
2018-04-25 08:37:47 ::1 POST /Service1.svc - 49474 - ::1 - - 200 0 0 44
2018-04-25 08:37:47 ::1 POST /Service1.svc - 49474 - ::1 - - 200 0 0 50
2018-04-25 08:37:47 ::1 POST /Service1.svc - 49474 - ::1 - - 200 0 0 63
#Software: Microsoft Internet Information Services 10.0
#Version: 1.0
#Date: 2018-04-25 11:46:43
#Fields: date time s-ip cs-method cs-uri-stem cs-uri-query s-port cs-username c-ip cs(User-Agent) cs(Referer) sc-status sc-substatus sc-win32-status time-taken
2018-04-25 11:46:43 ::1 POST /Service1.svc - 49474 - ::1 - - 415 0 0 38685
2018-04-25 11:46:43 ::1 POST /Service1.svc/mex - 49474 - ::1 - - 415 0 0 62
2018-04-25 11:46:47 ::1 GET /Service1.svc - 49474 - ::1 Mozilla/4.0+(compatible;+MSIE+6.0;+MS+Web+Services+Client+Protocol+4.0.30319.42000) - 200 0 0 4003
2018-04-25 11:46:47 ::1 GET /Service1.svc disco 49474 - ::1 Mozilla/4.0+(compatible;+MSIE+6.0;+MS+Web+Services+Client+Protocol+4.0.30319.42000) - 200 0 0 23
2018-04-25 11:46:47 ::1 GET /Service1.svc wsdl 49474 - ::1 Mozilla/4.0+(compatible;+MSIE+6.0;+MS+Web+Services+Client+Protocol+4.0.30319.42000) - 200 0 0 120
2018-04-25 11:46:49 ::1 GET /Service1.svc xsd=xsd0 49474 - ::1 Mozilla/4.0+(compatible;+MSIE+6.0;+MS+Web+Services+Client+Protocol+4.0.30319.42000) - 200 0 0 1360
2018-04-25 11:46:49 ::1 GET /Service1.svc xsd=xsd2 49474 - ::1 Mozilla/4.0+(compatible;+MSIE+6.0;+MS+Web+Services+Client+Protocol+4.0.30319.42000) - 200 0 0 52
2018-04-25 11:46:49 ::1 GET /Service1.svc xsd=xsd3 49474 - ::1 Mozilla/4.0+(compatible;+MSIE+6.0;+MS+Web+Services+Client+Protocol+4.0.30319.42000) - 200 0 0 33
2018-04-25 11:46:49 ::1 GET /Service1.svc xsd=xsd1 49474 - ::1 Mozilla/4.0+(compatible;+MSIE+6.0;+MS+Web+Services+Client+Protocol+4.0.30319.42000) - 200 0 0 24
2018-04-25 11:47:14 ::1 GET /Service1.svc - 49474 - ::1 Mozilla/4.0+(compatible;+MSIE+6.0;+MS+Web+Services+Client+Protocol+4.0.30319.42000) - 200 0 0 9
2018-04-25 11:47:14 ::1 GET /Service1.svc disco 49474 - ::1 Mozilla/4.0+(compatible;+MSIE+6.0;+MS+Web+Services+Client+Protocol+4.0.30319.42000) - 200 0 0 42
2018-04-25 11:47:14 ::1 GET /Service1.svc/$metadata - 49474 - ::1 Mozilla/4.0+(compatible;+MSIE+6.0;+MS+Web+Services+Client+Protocol+4.0.30319.42000) - 400 0 0 598
2018-04-25 11:47:14 ::1 GET /Service1.svc wsdl 49474 - ::1 Mozilla/4.0+(compatible;+MSIE+6.0;+MS+Web+Services+Client+Protocol+4.0.30319.42000) - 200 0 0 189
2018-04-25 11:47:14 ::1 GET /Service1.svc xsd=xsd0 49474 - ::1 Mozilla/4.0+(compatible;+MSIE+6.0;+MS+Web+Services+Client+Protocol+4.0.30319.42000) - 200 0 0 245
2018-04-25 11:47:14 ::1 GET /Service1.svc xsd=xsd2 49474 - ::1 Mozilla/4.0+(compatible;+MSIE+6.0;+MS+Web+Services+Client+Protocol+4.0.30319.42000) - 200 0 0 22
2018-04-25 11:47:14 ::1 GET /Service1.svc xsd=xsd3 49474 - ::1 Mozilla/4.0+(compatible;+MSIE+6.0;+MS+Web+Services+Client+Protocol+4.0.30319.42000) - 200 0 0 38
2018-04-25 11:47:14 ::1 GET /Service1.svc xsd=xsd1 49474 - ::1 Mozilla/4.0+(compatible;+MSIE+6.0;+MS+Web+Services+Client+Protocol+4.0.30319.42000) - 200 0 0 18
2018-04-25 11:47:15 ::1 POST /Service1.svc/mex - 49474 - ::1 - - 415 0 0 41
2018-04-25 11:47:15 ::1 POST /Service1.svc - 49474 - ::1 - - 415 0 0 75
