#Software: Microsoft Internet Information Services 10.0
#Version: 1.0
#Date: 2018-08-02 04:58:34
#Fields: date time s-ip cs-method cs-uri-stem cs-uri-query s-port cs-username c-ip cs(User-Agent) cs(Referer) sc-status sc-substatus sc-win32-status time-taken
2018-08-02 04:58:34 ::1 POST /Service1.svc - 49474 - ::1 - - 415 0 0 21704
2018-08-02 04:58:34 ::1 POST /Service1.svc/mex - 49474 - ::1 - - 415 0 0 102
2018-08-02 04:58:41 ::1 GET /Service1.svc - 49474 - ::1 Mozilla/4.0+(compatible;+MSIE+6.0;+MS+Web+Services+Client+Protocol+4.0.30319.42000) - 200 0 0 6194
2018-08-02 04:58:41 ::1 GET /Service1.svc disco 49474 - ::1 Mozilla/4.0+(compatible;+MSIE+6.0;+MS+Web+Services+Client+Protocol+4.0.30319.42000) - 200 0 0 8
2018-08-02 04:58:41 ::1 GET /Service1.svc wsdl 49474 - ::1 Mozilla/4.0+(compatible;+MSIE+6.0;+MS+Web+Services+Client+Protocol+4.0.30319.42000) - 200 0 0 662
2018-08-02 04:58:48 ::1 GET /Service1.svc xsd=xsd0 49474 - ::1 Mozilla/4.0+(compatible;+MSIE+6.0;+MS+Web+Services+Client+Protocol+4.0.30319.42000) - 200 0 0 5162
2018-08-02 04:58:48 ::1 GET /Service1.svc xsd=xsd2 49474 - ::1 Mozilla/4.0+(compatible;+MSIE+6.0;+MS+Web+Services+Client+Protocol+4.0.30319.42000) - 200 0 0 39
2018-08-02 04:58:48 ::1 GET /Service1.svc xsd=xsd3 49474 - ::1 Mozilla/4.0+(compatible;+MSIE+6.0;+MS+Web+Services+Client+Protocol+4.0.30319.42000) - 200 0 0 8
2018-08-02 04:58:48 ::1 GET /Service1.svc xsd=xsd1 49474 - ::1 Mozilla/4.0+(compatible;+MSIE+6.0;+MS+Web+Services+Client+Protocol+4.0.30319.42000) - 200 0 0 43
#Software: Microsoft Internet Information Services 10.0
#Version: 1.0
#Date: 2018-08-02 05:51:02
#Fields: date time s-ip cs-method cs-uri-stem cs-uri-query s-port cs-username c-ip cs(User-Agent) cs(Referer) sc-status sc-substatus sc-win32-status time-taken
2018-08-02 05:51:02 ::1 GET /Service1.svc - 49474 - ::1 Mozilla/4.0+(compatible;+MSIE+6.0;+MS+Web+Services+Client+Protocol+4.0.30319.42000) - 200 0 0 5056
2018-08-02 05:51:02 ::1 GET /Service1.svc disco 49474 - ::1 Mozilla/4.0+(compatible;+MSIE+6.0;+MS+Web+Services+Client+Protocol+4.0.30319.42000) - 200 0 0 127
2018-08-02 05:51:03 ::1 GET /Service1.svc/$metadata - 49474 - ::1 Mozilla/4.0+(compatible;+MSIE+6.0;+MS+Web+Services+Client+Protocol+4.0.30319.42000) - 400 0 0 6145
2018-08-02 05:51:03 ::1 GET /Service1.svc wsdl 49474 - ::1 Mozilla/4.0+(compatible;+MSIE+6.0;+MS+Web+Services+Client+Protocol+4.0.30319.42000) - 200 0 0 956
2018-08-02 05:51:05 ::1 GET /Service1.svc xsd=xsd0 49474 - ::1 Mozilla/4.0+(compatible;+MSIE+6.0;+MS+Web+Services+Client+Protocol+4.0.30319.42000) - 200 0 0 203
2018-08-02 05:51:05 ::1 GET /Service1.svc xsd=xsd2 49474 - ::1 Mozilla/4.0+(compatible;+MSIE+6.0;+MS+Web+Services+Client+Protocol+4.0.30319.42000) - 200 0 0 198
2018-08-02 05:51:05 ::1 GET /Service1.svc xsd=xsd3 49474 - ::1 Mozilla/4.0+(compatible;+MSIE+6.0;+MS+Web+Services+Client+Protocol+4.0.30319.42000) - 200 0 0 129
2018-08-02 05:51:05 ::1 GET /Service1.svc xsd=xsd1 49474 - ::1 Mozilla/4.0+(compatible;+MSIE+6.0;+MS+Web+Services+Client+Protocol+4.0.30319.42000) - 200 0 0 9
2018-08-02 05:51:08 ::1 POST /Service1.svc - 49474 - ::1 - - 415 0 0 202
2018-08-02 05:51:08 ::1 POST /Service1.svc/mex - 49474 - ::1 - - 415 0 0 213
#Software: Microsoft Internet Information Services 10.0
#Version: 1.0
#Date: 2018-08-02 06:12:03
#Fields: date time s-ip cs-method cs-uri-stem cs-uri-query s-port cs-username c-ip cs(User-Agent) cs(Referer) sc-status sc-substatus sc-win32-status time-taken
2018-08-02 06:12:03 ::1 POST /Service1.svc - 49474 - ::1 - - 200 0 0 5950
2018-08-02 06:12:03 ::1 POST /Service1.svc - 49474 - ::1 - - 200 0 0 205
2018-08-02 06:12:04 ::1 POST /Service1.svc - 49474 - ::1 - - 200 0 0 432
2018-08-02 06:12:05 ::1 POST /Service1.svc - 49474 - ::1 - - 200 0 0 504
2018-08-02 06:12:10 ::1 POST /Service1.svc - 49474 - ::1 - - 200 0 0 87
2018-08-02 06:12:10 ::1 POST /Service1.svc - 49474 - ::1 - - 200 0 0 150
2018-08-02 06:12:10 ::1 POST /Service1.svc - 49474 - ::1 - - 200 0 0 22
2018-08-02 06:12:10 ::1 POST /Service1.svc - 49474 - ::1 - - 200 0 0 239
2018-08-02 06:12:12 ::1 POST /Service1.svc - 49474 - ::1 - - 200 0 0 311
2018-08-02 06:12:12 ::1 POST /Service1.svc - 49474 - ::1 - - 200 0 0 270
2018-08-02 06:12:12 ::1 POST /Service1.svc - 49474 - ::1 - - 200 0 0 179
2018-08-02 06:12:12 ::1 POST /Service1.svc - 49474 - ::1 - - 200 0 0 172
2018-08-02 06:12:12 ::1 POST /Service1.svc - 49474 - ::1 - - 200 0 0 217
2018-08-02 06:12:13 ::1 POST /Service1.svc - 49474 - ::1 - - 200 0 0 285
2018-08-02 06:12:13 ::1 POST /Service1.svc - 49474 - ::1 - - 200 0 0 45
2018-08-02 06:12:13 ::1 POST /Service1.svc - 49474 - ::1 - - 200 0 0 231
2018-08-02 06:12:13 ::1 POST /Service1.svc - 49474 - ::1 - - 200 0 0 248
2018-08-02 06:12:13 ::1 POST /Service1.svc - 49474 - ::1 - - 200 0 0 49
2018-08-02 06:12:13 ::1 POST /Service1.svc - 49474 - ::1 - - 200 0 0 220
2018-08-02 06:12:13 ::1 POST /Service1.svc - 49474 - ::1 - - 200 0 0 112
2018-08-02 06:12:14 ::1 POST /Service1.svc - 49474 - ::1 - - 200 0 0 120
2018-08-02 06:12:14 ::1 POST /Service1.svc - 49474 - ::1 - - 200 0 0 27
2018-08-02 06:12:14 ::1 POST /Service1.svc - 49474 - ::1 - - 200 0 0 21
2018-08-02 06:12:16 ::1 POST /Service1.svc - 49474 - ::1 - - 200 0 0 110
2018-08-02 06:12:16 ::1 POST /Service1.svc - 49474 - ::1 - - 200 0 0 13
2018-08-02 06:12:16 ::1 POST /Service1.svc - 49474 - ::1 - - 200 0 0 64
2018-08-02 06:12:16 ::1 POST /Service1.svc - 49474 - ::1 - - 200 0 0 66
2018-08-02 06:12:16 ::1 POST /Service1.svc - 49474 - ::1 - - 200 0 0 81
2018-08-02 06:12:16 ::1 POST /Service1.svc - 49474 - ::1 - - 200 0 0 39
2018-08-02 06:12:16 ::1 POST /Service1.svc - 49474 - ::1 - - 200 0 0 43
2018-08-02 06:12:16 ::1 POST /Service1.svc - 49474 - ::1 - - 200 0 0 291
2018-08-02 06:12:18 ::1 POST /Service1.svc - 49474 - ::1 - - 200 0 0 149
2018-08-02 06:12:18 ::1 POST /Service1.svc - 49474 - ::1 - - 200 0 0 215
2018-08-02 06:12:18 ::1 POST /Service1.svc - 49474 - ::1 - - 200 0 0 359
2018-08-02 06:12:18 ::1 POST /Service1.svc - 49474 - ::1 - - 200 0 0 167
2018-08-02 06:12:18 ::1 POST /Service1.svc - 49474 - ::1 - - 200 0 0 86
2018-08-02 06:12:26 ::1 POST /Service1.svc - 49474 - ::1 - - 200 0 0 147
2018-08-02 06:12:26 ::1 POST /Service1.svc - 49474 - ::1 - - 200 0 0 37
2018-08-02 06:12:26 ::1 POST /Service1.svc - 49474 - ::1 - - 200 0 0 17
2018-08-02 06:12:26 ::1 POST /Service1.svc - 49474 - ::1 - - 200 0 0 341
2018-08-02 06:12:26 ::1 POST /Service1.svc - 49474 - ::1 - - 200 0 0 135
2018-08-02 06:12:26 ::1 POST /Service1.svc - 49474 - ::1 - - 200 0 0 46
2018-08-02 06:12:26 ::1 POST /Service1.svc - 49474 - ::1 - - 200 0 0 84
2018-08-02 06:12:27 ::1 POST /Service1.svc - 49474 - ::1 - - 200 0 0 251
2018-08-02 06:12:27 ::1 POST /Service1.svc - 49474 - ::1 - - 200 0 0 155
2018-08-02 06:12:27 ::1 POST /Service1.svc - 49474 - ::1 - - 200 0 0 120
2018-08-02 06:13:39 ::1 POST /Service1.svc - 49474 - ::1 - - 200 0 0 253
2018-08-02 06:13:39 ::1 POST /Service1.svc - 49474 - ::1 - - 200 0 0 47
2018-08-02 06:13:39 ::1 POST /Service1.svc - 49474 - ::1 - - 200 0 0 143
2018-08-02 06:13:39 ::1 POST /Service1.svc - 49474 - ::1 - - 200 0 0 68
2018-08-02 06:13:39 ::1 POST /Service1.svc - 49474 - ::1 - - 200 0 0 129
2018-08-02 06:13:39 ::1 POST /Service1.svc - 49474 - ::1 - - 200 0 0 41
2018-08-02 06:13:39 ::1 POST /Service1.svc - 49474 - ::1 - - 200 0 0 32
2018-08-02 06:13:39 ::1 POST /Service1.svc - 49474 - ::1 - - 200 0 0 80
2018-08-02 06:13:39 ::1 POST /Service1.svc - 49474 - ::1 - - 200 0 0 206
2018-08-02 06:13:39 ::1 POST /Service1.svc - 49474 - ::1 - - 200 0 0 112
2018-08-02 06:13:40 ::1 POST /Service1.svc - 49474 - ::1 - - 200 0 0 179
2018-08-02 06:13:40 ::1 POST /Service1.svc - 49474 - ::1 - - 200 0 0 77
2018-08-02 06:13:40 ::1 POST /Service1.svc - 49474 - ::1 - - 200 0 0 145
2018-08-02 06:13:40 ::1 POST /Service1.svc - 49474 - ::1 - - 200 0 0 60
2018-08-02 06:13:40 ::1 POST /Service1.svc - 49474 - ::1 - - 200 0 0 239
2018-08-02 06:13:40 ::1 POST /Service1.svc - 49474 - ::1 - - 200 0 0 66
2018-08-02 06:13:40 ::1 POST /Service1.svc - 49474 - ::1 - - 200 0 0 53
2018-08-02 06:13:40 ::1 POST /Service1.svc - 49474 - ::1 - - 200 0 0 112
2018-08-02 06:13:40 ::1 POST /Service1.svc - 49474 - ::1 - - 200 0 0 60
2018-08-02 06:13:43 ::1 POST /Service1.svc - 49474 - ::1 - - 200 0 0 165
2018-08-02 06:13:43 ::1 POST /Service1.svc - 49474 - ::1 - - 200 0 0 21
2018-08-02 06:13:43 ::1 POST /Service1.svc - 49474 - ::1 - - 200 0 0 18
2018-08-02 06:13:43 ::1 POST /Service1.svc - 49474 - ::1 - - 200 0 0 118
2018-08-02 06:17:53 ::1 POST /Service1.svc - 49474 - ::1 - - 200 0 0 297
2018-08-02 06:17:55 ::1 POST /Service1.svc - 49474 - ::1 - - 200 0 0 1008
2018-08-02 06:17:55 ::1 POST /Service1.svc - 49474 - ::1 - - 200 0 0 300
2018-08-02 06:17:56 ::1 POST /Service1.svc - 49474 - ::1 - - 200 0 0 712
2018-08-02 06:18:07 ::1 POST /Service1.svc - 49474 - ::1 - - 200 0 0 168
2018-08-02 06:18:07 ::1 POST /Service1.svc - 49474 - ::1 - - 200 0 0 953
2018-08-02 06:18:08 ::1 POST /Service1.svc - 49474 - ::1 - - 200 0 0 585
2018-08-02 06:18:10 ::1 POST /Service1.svc - 49474 - ::1 - - 200 0 0 1189
2018-08-02 06:18:12 ::1 POST /Service1.svc - 49474 - ::1 - - 200 0 0 1097
2018-08-02 06:18:13 ::1 POST /Service1.svc - 49474 - ::1 - - 200 0 0 1533
2018-08-02 06:18:13 ::1 POST /Service1.svc - 49474 - ::1 - - 200 0 0 72
2018-08-02 06:18:14 ::1 POST /Service1.svc - 49474 - ::1 - - 200 0 0 906
2018-08-02 06:18:14 ::1 POST /Service1.svc - 49474 - ::1 - - 200 0 0 873
2018-08-02 06:18:16 ::1 POST /Service1.svc - 49474 - ::1 - - 200 0 0 1194
2018-08-02 06:18:16 ::1 POST /Service1.svc - 49474 - ::1 - - 200 0 0 69
2018-08-02 06:18:16 ::1 POST /Service1.svc - 49474 - ::1 - - 200 0 0 594
2018-08-02 06:18:18 ::1 POST /Service1.svc - 49474 - ::1 - - 200 0 0 1115
2018-08-02 06:18:19 ::1 POST /Service1.svc - 49474 - ::1 - - 200 0 0 1271
2018-08-02 06:18:19 ::1 POST /Service1.svc - 49474 - ::1 - - 200 0 0 600
2018-08-02 06:18:21 ::1 POST /Service1.svc - 49474 - ::1 - - 200 0 0 797
2018-08-02 06:18:22 ::1 POST /Service1.svc - 49474 - ::1 - - 200 0 0 1548
2018-08-02 06:18:22 ::1 POST /Service1.svc - 49474 - ::1 - - 200 0 0 363
2018-08-02 06:18:24 ::1 POST /Service1.svc - 49474 - ::1 - - 200 0 0 778
2018-08-02 06:18:27 ::1 POST /Service1.svc - 49474 - ::1 - - 200 0 0 16
2018-08-02 06:18:27 ::1 POST /Service1.svc - 49474 - ::1 - - 200 0 0 65
2018-08-02 06:18:27 ::1 POST /Service1.svc - 49474 - ::1 - - 200 0 0 190
2018-08-02 06:18:27 ::1 POST /Service1.svc - 49474 - ::1 - - 200 0 0 309
2018-08-02 06:18:28 ::1 POST /Service1.svc - 49474 - ::1 - - 200 0 0 912
2018-08-02 06:18:28 ::1 POST /Service1.svc - 49474 - ::1 - - 200 0 0 29
2018-08-02 06:18:28 ::1 POST /Service1.svc - 49474 - ::1 - - 200 0 0 310
2018-08-02 06:18:30 ::1 POST /Service1.svc - 49474 - ::1 - - 200 0 0 1262
2018-08-02 06:23:28 ::1 POST /Service1.svc - 49474 - ::1 - - 200 0 0 78
2018-08-02 06:23:28 ::1 POST /Service1.svc - 49474 - ::1 - - 200 0 0 20
2018-08-02 06:23:28 ::1 POST /Service1.svc - 49474 - ::1 - - 200 0 0 88
2018-08-02 06:23:28 ::1 POST /Service1.svc - 49474 - ::1 - - 200 0 0 39
2018-08-02 06:23:28 ::1 POST /Service1.svc - 49474 - ::1 - - 200 0 0 45
2018-08-02 06:28:03 ::1 POST /Service1.svc - 49474 - ::1 - - 200 0 0 76
2018-08-02 06:28:03 ::1 POST /Service1.svc - 49474 - ::1 - - 200 0 0 63
2018-08-02 06:28:03 ::1 POST /Service1.svc - 49474 - ::1 - - 200 0 0 130
2018-08-02 06:28:03 ::1 POST /Service1.svc - 49474 - ::1 - - 200 0 0 61
2018-08-02 06:30:23 ::1 POST /Service1.svc - 49474 - ::1 - - 200 0 0 39
2018-08-02 06:30:23 ::1 POST /Service1.svc - 49474 - ::1 - - 200 0 0 13
2018-08-02 06:30:23 ::1 POST /Service1.svc - 49474 - ::1 - - 200 0 0 16
2018-08-02 06:30:23 ::1 POST /Service1.svc - 49474 - ::1 - - 200 0 0 32
2018-08-02 06:30:24 ::1 POST /Service1.svc - 49474 - ::1 - - 200 0 0 117
2018-08-02 06:30:24 ::1 POST /Service1.svc - 49474 - ::1 - - 200 0 0 73
2018-08-02 06:30:24 ::1 POST /Service1.svc - 49474 - ::1 - - 200 0 0 137
2018-08-02 06:30:24 ::1 POST /Service1.svc - 49474 - ::1 - - 200 0 0 47
2018-08-02 06:30:24 ::1 POST /Service1.svc - 49474 - ::1 - - 200 0 0 21
2018-08-02 06:30:24 ::1 POST /Service1.svc - 49474 - ::1 - - 200 0 0 70
2018-08-02 06:30:24 ::1 POST /Service1.svc - 49474 - ::1 - - 200 0 0 85
2018-08-02 06:30:24 ::1 POST /Service1.svc - 49474 - ::1 - - 200 0 0 149
2018-08-02 06:30:24 ::1 POST /Service1.svc - 49474 - ::1 - - 200 0 0 57
2018-08-02 06:30:24 ::1 POST /Service1.svc - 49474 - ::1 - - 200 0 0 27
2018-08-02 06:30:24 ::1 POST /Service1.svc - 49474 - ::1 - - 200 0 0 20
2018-08-02 06:30:24 ::1 POST /Service1.svc - 49474 - ::1 - - 200 0 0 76
2018-08-02 06:30:24 ::1 POST /Service1.svc - 49474 - ::1 - - 200 0 0 45
2018-08-02 06:30:24 ::1 POST /Service1.svc - 49474 - ::1 - - 200 0 0 23
2018-08-02 06:30:25 ::1 POST /Service1.svc - 49474 - ::1 - - 200 0 0 29
2018-08-02 06:30:27 ::1 POST /Service1.svc - 49474 - ::1 - - 200 0 0 24
2018-08-02 06:30:27 ::1 POST /Service1.svc - 49474 - ::1 - - 200 0 0 33
2018-08-02 06:30:27 ::1 POST /Service1.svc - 49474 - ::1 - - 200 0 0 18
2018-08-02 06:30:27 ::1 POST /Service1.svc - 49474 - ::1 - - 200 0 0 26
2018-08-02 06:30:27 ::1 POST /Service1.svc - 49474 - ::1 - - 200 0 0 19
2018-08-02 06:30:27 ::1 POST /Service1.svc - 49474 - ::1 - - 200 0 0 12
2018-08-02 06:30:27 ::1 POST /Service1.svc - 49474 - ::1 - - 200 0 0 12
2018-08-02 06:30:27 ::1 POST /Service1.svc - 49474 - ::1 - - 200 0 0 32
2018-08-02 06:30:33 ::1 POST /Service1.svc - 49474 - ::1 - - 200 0 0 164
2018-08-02 06:30:33 ::1 POST /Service1.svc - 49474 - ::1 - - 200 0 0 73
2018-08-02 06:30:33 ::1 POST /Service1.svc - 49474 - ::1 - - 200 0 0 70
2018-08-02 06:30:50 ::1 POST /Service1.svc - 49474 - ::1 - - 200 0 0 55
2018-08-02 06:30:50 ::1 POST /Service1.svc - 49474 - ::1 - - 200 0 0 90
2018-08-02 06:30:54 ::1 POST /Service1.svc - 49474 - ::1 - - 200 0 0 206
2018-08-02 06:30:54 ::1 POST /Service1.svc - 49474 - ::1 - - 200 0 0 25
2018-08-02 06:30:54 ::1 POST /Service1.svc - 49474 - ::1 - - 200 0 0 17
2018-08-02 06:30:54 ::1 POST /Service1.svc - 49474 - ::1 - - 200 0 0 106
2018-08-02 06:30:54 ::1 POST /Service1.svc - 49474 - ::1 - - 200 0 0 44
2018-08-02 06:30:54 ::1 POST /Service1.svc - 49474 - ::1 - - 200 0 0 72
2018-08-02 06:30:54 ::1 POST /Service1.svc - 49474 - ::1 - - 200 0 0 124
2018-08-02 06:30:54 ::1 POST /Service1.svc - 49474 - ::1 - - 200 0 0 61
2018-08-02 06:30:54 ::1 POST /Service1.svc - 49474 - ::1 - - 200 0 0 94
2018-08-02 06:30:54 ::1 POST /Service1.svc - 49474 - ::1 - - 200 0 0 70
2018-08-02 06:31:11 ::1 POST /Service1.svc - 49474 - ::1 - - 200 0 0 836
2018-08-02 06:32:26 ::1 POST /Service1.svc - 49474 - ::1 - - 200 0 0 204
2018-08-02 06:32:26 ::1 POST /Service1.svc - 49474 - ::1 - - 200 0 0 95
2018-08-02 06:32:26 ::1 POST /Service1.svc - 49474 - ::1 - - 200 0 0 43
2018-08-02 06:32:26 ::1 POST /Service1.svc - 49474 - ::1 - - 200 0 0 86
2018-08-02 06:32:26 ::1 POST /Service1.svc - 49474 - ::1 - - 200 0 0 91
2018-08-02 06:32:26 ::1 POST /Service1.svc - 49474 - ::1 - - 200 0 0 127
2018-08-02 06:32:26 ::1 POST /Service1.svc - 49474 - ::1 - - 200 0 0 136
2018-08-02 06:32:26 ::1 POST /Service1.svc - 49474 - ::1 - - 200 0 0 26
2018-08-02 06:32:26 ::1 POST /Service1.svc - 49474 - ::1 - - 200 0 0 24
2018-08-02 06:32:26 ::1 POST /Service1.svc - 49474 - ::1 - - 200 0 0 18
2018-08-02 06:32:26 ::1 POST /Service1.svc - 49474 - ::1 - - 200 0 0 19
2018-08-02 06:32:26 ::1 POST /Service1.svc - 49474 - ::1 - - 200 0 0 23
2018-08-02 06:32:26 ::1 POST /Service1.svc - 49474 - ::1 - - 200 0 0 154
2018-08-02 06:32:26 ::1 POST /Service1.svc - 49474 - ::1 - - 200 0 0 27
2018-08-02 06:32:26 ::1 POST /Service1.svc - 49474 - ::1 - - 200 0 0 75
2018-08-02 06:37:55 ::1 POST /Service1.svc - 49474 - ::1 - - 200 0 0 87
2018-08-02 06:37:55 ::1 POST /Service1.svc - 49474 - ::1 - - 200 0 0 92
2018-08-02 06:37:57 ::1 POST /Service1.svc - 49474 - ::1 - - 200 0 0 1071
2018-08-02 06:37:57 ::1 POST /Service1.svc - 49474 - ::1 - - 200 0 0 296
2018-08-02 06:38:05 ::1 POST /Service1.svc - 49474 - ::1 - - 200 0 0 26
2018-08-02 06:38:05 ::1 POST /Service1.svc - 49474 - ::1 - - 200 0 0 35
2018-08-02 06:38:05 ::1 POST /Service1.svc - 49474 - ::1 - - 200 0 0 134
2018-08-02 06:38:05 ::1 POST /Service1.svc - 49474 - ::1 - - 200 0 0 78
2018-08-02 06:38:07 ::1 POST /Service1.svc - 49474 - ::1 - - 200 0 0 803
2018-08-02 06:38:07 ::1 POST /Service1.svc - 49474 - ::1 - - 200 0 0 281
2018-08-02 06:38:07 ::1 POST /Service1.svc - 49474 - ::1 - - 200 0 0 660
2018-08-02 06:38:09 ::1 POST /Service1.svc - 49474 - ::1 - - 200 0 0 976
2018-08-02 06:38:10 ::1 POST /Service1.svc - 49474 - ::1 - - 200 0 0 1173
2018-08-02 06:38:11 ::1 POST /Service1.svc - 49474 - ::1 - - 200 0 0 1383
2018-08-02 06:38:11 ::1 POST /Service1.svc - 49474 - ::1 - - 200 0 0 736
2018-08-02 06:38:12 ::1 POST /Service1.svc - 49474 - ::1 - - 200 0 0 542
2018-08-02 06:38:12 ::1 POST /Service1.svc - 49474 - ::1 - - 200 0 0 350
2018-08-02 06:38:12 ::1 POST /Service1.svc - 49474 - ::1 - - 200 0 0 79
2018-08-02 06:38:12 ::1 POST /Service1.svc - 49474 - ::1 - - 200 0 0 135
2018-08-02 06:38:12 ::1 POST /Service1.svc - 49474 - ::1 - - 200 0 0 56
2018-08-02 06:38:14 ::1 POST /Service1.svc - 49474 - ::1 - - 200 0 0 731
2018-08-02 06:38:14 ::1 POST /Service1.svc - 49474 - ::1 - - 200 0 0 979
2018-08-02 06:38:15 ::1 POST /Service1.svc - 49474 - ::1 - - 200 0 0 110
2018-08-02 06:38:17 ::1 POST /Service1.svc - 49474 - ::1 - - 200 0 0 734
2018-08-02 06:38:17 ::1 POST /Service1.svc - 49474 - ::1 - - 200 0 0 108
2018-08-02 06:38:17 ::1 POST /Service1.svc - 49474 - ::1 - - 200 0 0 64
2018-08-02 06:38:17 ::1 POST /Service1.svc - 49474 - ::1 - - 200 0 0 518
2018-08-02 06:38:19 ::1 POST /Service1.svc - 49474 - ::1 - - 200 0 0 877
2018-08-02 06:38:19 ::1 POST /Service1.svc - 49474 - ::1 - - 200 0 0 35
2018-08-02 06:38:19 ::1 POST /Service1.svc - 49474 - ::1 - - 200 0 0 746
2018-08-02 06:38:21 ::1 POST /Service1.svc - 49474 - ::1 - - 200 0 0 1195
2018-08-02 06:38:22 ::1 POST /Service1.svc - 49474 - ::1 - - 200 0 0 481
2018-08-02 06:38:23 ::1 POST /Service1.svc - 49474 - ::1 - - 200 0 0 1068
2018-08-02 06:38:23 ::1 POST /Service1.svc - 49474 - ::1 - - 200 0 0 756
2018-08-02 06:38:24 ::1 POST /Service1.svc - 49474 - ::1 - - 200 0 0 660
2018-08-02 06:38:24 ::1 POST /Service1.svc - 49474 - ::1 - - 200 0 0 639
2018-08-02 06:38:31 ::1 POST /Service1.svc - 49474 - ::1 - - 200 0 0 271
2018-08-02 06:38:31 ::1 POST /Service1.svc - 49474 - ::1 - - 200 0 0 600
2018-08-02 06:38:33 ::1 POST /Service1.svc - 49474 - ::1 - - 200 0 0 1351
2018-08-02 06:38:33 ::1 POST /Service1.svc - 49474 - ::1 - - 200 0 0 757
2018-08-02 06:38:35 ::1 POST /Service1.svc - 49474 - ::1 - - 200 0 0 1381
2018-08-02 06:38:37 ::1 POST /Service1.svc - 49474 - ::1 - - 200 0 0 1558
2018-08-02 06:38:37 ::1 POST /Service1.svc - 49474 - ::1 - - 200 0 0 652
2018-08-02 06:38:38 ::1 POST /Service1.svc - 49474 - ::1 - - 200 0 0 770
2018-08-02 06:38:38 ::1 POST /Service1.svc - 49474 - ::1 - - 200 0 0 434
2018-08-02 06:38:40 ::1 POST /Service1.svc - 49474 - ::1 - - 200 0 0 926
2018-08-02 06:38:44 ::1 POST /Service1.svc - 49474 - ::1 - - 200 0 0 913
2018-08-02 06:40:27 ::1 POST /Service1.svc - 49474 - ::1 - - 200 0 0 778
2018-08-02 06:40:27 ::1 POST /Service1.svc - 49474 - ::1 - - 200 0 0 713
2018-08-02 06:40:27 ::1 POST /Service1.svc - 49474 - ::1 - - 200 0 0 133
2018-08-02 06:40:29 ::1 POST /Service1.svc - 49474 - ::1 - - 200 0 0 1131
2018-08-02 06:40:30 ::1 POST /Service1.svc - 49474 - ::1 - - 200 0 0 952
2018-08-02 06:40:30 ::1 POST /Service1.svc - 49474 - ::1 - - 200 0 0 687
2018-08-02 06:40:32 ::1 POST /Service1.svc - 49474 - ::1 - - 200 0 0 1351
2018-08-02 06:40:34 ::1 POST /Service1.svc - 49474 - ::1 - - 200 0 0 1279
2018-08-02 06:40:34 ::1 POST /Service1.svc - 49474 - ::1 - - 200 0 0 762
2018-08-02 06:40:35 ::1 POST /Service1.svc - 49474 - ::1 - - 200 0 0 562
2018-08-02 06:40:35 ::1 POST /Service1.svc - 49474 - ::1 - - 200 0 0 843
2018-08-02 06:40:36 ::1 POST /Service1.svc - 49474 - ::1 - - 200 0 0 449
2018-08-02 06:40:36 ::1 POST /Service1.svc - 49474 - ::1 - - 200 0 0 774
2018-08-02 06:40:38 ::1 POST /Service1.svc - 49474 - ::1 - - 200 0 0 1233
2018-08-02 06:40:39 ::1 POST /Service1.svc - 49474 - ::1 - - 200 0 0 1051
2018-08-02 06:40:39 ::1 POST /Service1.svc - 49474 - ::1 - - 200 0 0 758
2018-08-02 06:40:41 ::1 POST /Service1.svc - 49474 - ::1 - - 200 0 0 1278
2018-08-02 06:40:43 ::1 POST /Service1.svc - 49474 - ::1 - - 200 0 0 1665
2018-08-02 06:40:43 ::1 POST /Service1.svc - 49474 - ::1 - - 200 0 0 405
2018-08-02 06:40:47 ::1 POST /Service1.svc - 49474 - ::1 - - 200 0 0 303
2018-08-02 06:40:47 ::1 POST /Service1.svc - 49474 - ::1 - - 200 0 0 91
2018-08-02 06:40:47 ::1 POST /Service1.svc - 49474 - ::1 - - 200 0 0 587
2018-08-02 06:40:48 ::1 POST /Service1.svc - 49474 - ::1 - - 200 0 0 830
2018-08-02 06:48:59 ::1 POST /Service1.svc - 49474 - ::1 - - 200 0 0 69
2018-08-02 06:48:59 ::1 POST /Service1.svc - 49474 - ::1 - - 200 0 0 19
2018-08-02 06:48:59 ::1 POST /Service1.svc - 49474 - ::1 - - 200 0 0 21
2018-08-02 06:48:59 ::1 POST /Service1.svc - 49474 - ::1 - - 200 0 0 154
2018-08-02 06:49:25 ::1 POST /Service1.svc - 49474 - ::1 - - 200 0 0 110
2018-08-02 06:49:25 ::1 POST /Service1.svc - 49474 - ::1 - - 200 0 0 82
2018-08-02 06:49:25 ::1 POST /Service1.svc - 49474 - ::1 - - 200 0 0 113
2018-08-02 06:49:25 ::1 POST /Service1.svc - 49474 - ::1 - - 200 0 0 95
2018-08-02 06:49:25 ::1 POST /Service1.svc - 49474 - ::1 - - 200 0 0 157
2018-08-02 06:49:27 ::1 POST /Service1.svc - 49474 - ::1 - - 200 0 0 787
2018-08-02 06:49:27 ::1 POST /Service1.svc - 49474 - ::1 - - 200 0 0 181
2018-08-02 06:49:27 ::1 POST /Service1.svc - 49474 - ::1 - - 200 0 0 673
2018-08-02 06:49:28 ::1 POST /Service1.svc - 49474 - ::1 - - 200 0 0 645
2018-08-02 06:49:28 ::1 POST /Service1.svc - 49474 - ::1 - - 200 0 0 248
2018-08-02 06:49:28 ::1 POST /Service1.svc - 49474 - ::1 - - 200 0 0 177
2018-08-02 06:49:28 ::1 POST /Service1.svc - 49474 - ::1 - - 200 0 0 65
2018-08-02 06:49:28 ::1 POST /Service1.svc - 49474 - ::1 - - 200 0 0 254
2018-08-02 06:49:30 ::1 POST /Service1.svc - 49474 - ::1 - - 200 0 0 365
2018-08-02 06:49:30 ::1 POST /Service1.svc - 49474 - ::1 - - 200 0 0 101
2018-08-02 06:49:30 ::1 POST /Service1.svc - 49474 - ::1 - - 200 0 0 144
2018-08-02 06:49:30 ::1 POST /Service1.svc - 49474 - ::1 - - 200 0 0 124
2018-08-02 06:49:30 ::1 POST /Service1.svc - 49474 - ::1 - - 200 0 0 30
2018-08-02 06:49:30 ::1 POST /Service1.svc - 49474 - ::1 - - 200 0 0 146
2018-08-02 06:49:33 ::1 POST /Service1.svc - 49474 - ::1 - - 200 0 0 283
2018-08-02 06:49:33 ::1 POST /Service1.svc - 49474 - ::1 - - 200 0 0 55
2018-08-02 06:49:33 ::1 POST /Service1.svc - 49474 - ::1 - - 200 0 0 133
2018-08-02 06:49:33 ::1 POST /Service1.svc - 49474 - ::1 - - 200 0 0 110
2018-08-02 06:49:33 ::1 POST /Service1.svc - 49474 - ::1 - - 200 0 0 452
2018-08-02 06:49:33 ::1 POST /Service1.svc - 49474 - ::1 - - 200 0 0 143
2018-08-02 06:49:34 ::1 POST /Service1.svc - 49474 - ::1 - - 200 0 0 259
2018-08-02 06:49:34 ::1 POST /Service1.svc - 49474 - ::1 - - 200 0 0 327
2018-08-02 06:49:35 ::1 POST /Service1.svc - 49474 - ::1 - - 200 0 0 289
2018-08-02 06:49:35 ::1 POST /Service1.svc - 49474 - ::1 - - 200 0 0 48
2018-08-02 06:49:35 ::1 POST /Service1.svc - 49474 - ::1 - - 200 0 0 809
2018-08-02 06:49:36 ::1 POST /Service1.svc - 49474 - ::1 - - 200 0 0 148
2018-08-02 06:49:36 ::1 POST /Service1.svc - 49474 - ::1 - - 200 0 0 280
2018-08-02 06:49:41 ::1 POST /Service1.svc - 49474 - ::1 - - 200 0 0 178
2018-08-02 06:49:41 ::1 POST /Service1.svc - 49474 - ::1 - - 200 0 0 142
2018-08-02 06:49:42 ::1 POST /Service1.svc - 49474 - ::1 - - 200 0 0 691
2018-08-02 06:49:43 ::1 POST /Service1.svc - 49474 - ::1 - - 200 0 0 1503
2018-08-02 06:49:45 ::1 POST /Service1.svc - 49474 - ::1 - - 200 0 0 1619
2018-08-02 06:49:46 ::1 POST /Service1.svc - 49474 - ::1 - - 200 0 0 1030
2018-08-02 06:49:46 ::1 POST /Service1.svc - 49474 - ::1 - - 200 0 0 354
2018-08-02 06:49:47 ::1 POST /Service1.svc - 49474 - ::1 - - 200 0 0 943
2018-08-02 06:49:47 ::1 POST /Service1.svc - 49474 - ::1 - - 200 0 0 467
2018-08-02 06:49:49 ::1 POST /Service1.svc - 49474 - ::1 - - 200 0 0 1318
2018-08-02 06:49:52 ::1 POST /Service1.svc - 49474 - ::1 - - 200 0 0 104
#Software: Microsoft Internet Information Services 10.0
#Version: 1.0
#Date: 2018-08-02 07:29:17
#Fields: date time s-ip cs-method cs-uri-stem cs-uri-query s-port cs-username c-ip cs(User-Agent) cs(Referer) sc-status sc-substatus sc-win32-status time-taken
2018-08-02 07:29:17 ::1 POST /Service1.svc - 49474 - ::1 - - 200 0 0 162
2018-08-02 07:29:17 ::1 POST /Service1.svc - 49474 - ::1 - - 200 0 0 45
2018-08-02 07:29:17 ::1 POST /Service1.svc - 49474 - ::1 - - 200 0 0 71
2018-08-02 07:29:17 ::1 POST /Service1.svc - 49474 - ::1 - - 200 0 0 37
2018-08-02 07:29:17 ::1 POST /Service1.svc - 49474 - ::1 - - 200 0 0 110
2018-08-02 07:29:18 ::1 POST /Service1.svc - 49474 - ::1 - - 200 0 0 101
2018-08-02 07:29:18 ::1 POST /Service1.svc - 49474 - ::1 - - 200 0 0 46
2018-08-02 07:29:18 ::1 POST /Service1.svc - 49474 - ::1 - - 200 0 0 67
2018-08-02 07:29:18 ::1 POST /Service1.svc - 49474 - ::1 - - 200 0 0 94
2018-08-02 07:29:18 ::1 POST /Service1.svc - 49474 - ::1 - - 200 0 0 38
2018-08-02 07:29:18 ::1 POST /Service1.svc - 49474 - ::1 - - 200 0 0 197
2018-08-02 07:29:18 ::1 POST /Service1.svc - 49474 - ::1 - - 200 0 0 174
2018-08-02 07:29:18 ::1 POST /Service1.svc - 49474 - ::1 - - 200 0 0 32
2018-08-02 07:29:18 ::1 POST /Service1.svc - 49474 - ::1 - - 200 0 0 26
2018-08-02 07:29:18 ::1 POST /Service1.svc - 49474 - ::1 - - 200 0 0 99
2018-08-02 07:29:20 ::1 POST /Service1.svc - 49474 - ::1 - - 200 0 0 15
2018-08-02 07:29:20 ::1 POST /Service1.svc - 49474 - ::1 - - 200 0 0 148
2018-08-02 07:29:20 ::1 POST /Service1.svc - 49474 - ::1 - - 200 0 0 55
2018-08-02 07:29:20 ::1 POST /Service1.svc - 49474 - ::1 - - 200 0 0 49
2018-08-02 07:32:26 ::1 POST /Service1.svc - 49474 - ::1 - - 200 0 0 788
2018-08-02 07:32:26 ::1 POST /Service1.svc - 49474 - ::1 - - 200 0 0 18
2018-08-02 07:32:26 ::1 POST /Service1.svc - 49474 - ::1 - - 200 0 0 28
2018-08-02 07:32:26 ::1 POST /Service1.svc - 49474 - ::1 - - 200 0 0 86
2018-08-02 07:37:32 ::1 POST /Service1.svc - 49474 - ::1 - - 200 0 0 80
2018-08-02 07:37:32 ::1 POST /Service1.svc - 49474 - ::1 - - 200 0 0 22
2018-08-02 07:37:32 ::1 POST /Service1.svc - 49474 - ::1 - - 200 0 0 31
2018-08-02 07:37:32 ::1 POST /Service1.svc - 49474 - ::1 - - 200 0 0 37
2018-08-02 07:37:32 ::1 POST /Service1.svc - 49474 - ::1 - - 200 0 0 55
2018-08-02 07:37:32 ::1 POST /Service1.svc - 49474 - ::1 - - 200 0 0 51
2018-08-02 07:37:32 ::1 POST /Service1.svc - 49474 - ::1 - - 200 0 0 53
2018-08-02 07:37:32 ::1 POST /Service1.svc - 49474 - ::1 - - 200 0 0 62
2018-08-02 07:37:32 ::1 POST /Service1.svc - 49474 - ::1 - - 200 0 0 26
2018-08-02 07:37:32 ::1 POST /Service1.svc - 49474 - ::1 - - 200 0 0 36
2018-08-02 07:37:32 ::1 POST /Service1.svc - 49474 - ::1 - - 200 0 0 66
2018-08-02 07:37:32 ::1 POST /Service1.svc - 49474 - ::1 - - 200 0 0 60
2018-08-02 07:37:32 ::1 POST /Service1.svc - 49474 - ::1 - - 200 0 0 93
2018-08-02 07:37:33 ::1 POST /Service1.svc - 49474 - ::1 - - 200 0 0 57
2018-08-02 07:37:33 ::1 POST /Service1.svc - 49474 - ::1 - - 200 0 0 34
2018-08-02 07:37:33 ::1 POST /Service1.svc - 49474 - ::1 - - 200 0 0 140
2018-08-02 07:37:33 ::1 POST /Service1.svc - 49474 - ::1 - - 200 0 0 72
2018-08-02 07:37:33 ::1 POST /Service1.svc - 49474 - ::1 - - 200 0 0 60
2018-08-02 07:37:33 ::1 POST /Service1.svc - 49474 - ::1 - - 200 0 0 106
2018-08-02 07:37:38 ::1 POST /Service1.svc - 49474 - ::1 - - 200 0 0 10
2018-08-02 07:37:38 ::1 POST /Service1.svc - 49474 - ::1 - - 200 0 0 14
2018-08-02 07:37:38 ::1 POST /Service1.svc - 49474 - ::1 - - 200 0 0 17
2018-08-02 07:37:38 ::1 POST /Service1.svc - 49474 - ::1 - - 200 0 0 48
2018-08-02 07:37:38 ::1 POST /Service1.svc - 49474 - ::1 - - 200 0 0 132
2018-08-02 07:37:38 ::1 POST /Service1.svc - 49474 - ::1 - - 200 0 0 12
2018-08-02 07:37:38 ::1 POST /Service1.svc - 49474 - ::1 - - 200 0 0 13
2018-08-02 07:37:38 ::1 POST /Service1.svc - 49474 - ::1 - - 200 0 0 35
2018-08-02 07:37:38 ::1 POST /Service1.svc - 49474 - ::1 - - 200 0 0 139
2018-08-02 07:37:39 ::1 POST /Service1.svc - 49474 - ::1 - - 200 0 0 88
2018-08-02 07:37:39 ::1 POST /Service1.svc - 49474 - ::1 - - 200 0 0 53
2018-08-02 07:37:39 ::1 POST /Service1.svc - 49474 - ::1 - - 200 0 0 25
2018-08-02 07:37:39 ::1 POST /Service1.svc - 49474 - ::1 - - 200 0 0 40
2018-08-02 07:37:44 ::1 POST /Service1.svc - 49474 - ::1 - - 200 0 0 23
2018-08-02 07:37:44 ::1 POST /Service1.svc - 49474 - ::1 - - 200 0 0 25
2018-08-02 07:37:44 ::1 POST /Service1.svc - 49474 - ::1 - - 200 0 0 47
2018-08-02 07:37:44 ::1 POST /Service1.svc - 49474 - ::1 - - 200 0 0 44
2018-08-02 07:37:44 ::1 POST /Service1.svc - 49474 - ::1 - - 200 0 0 87
2018-08-02 07:37:44 ::1 POST /Service1.svc - 49474 - ::1 - - 200 0 0 162
2018-08-02 07:37:44 ::1 POST /Service1.svc - 49474 - ::1 - - 200 0 0 118
2018-08-02 07:37:44 ::1 POST /Service1.svc - 49474 - ::1 - - 200 0 0 88
2018-08-02 07:37:44 ::1 POST /Service1.svc - 49474 - ::1 - - 200 0 0 39
2018-08-02 07:37:44 ::1 POST /Service1.svc - 49474 - ::1 - - 200 0 0 41
2018-08-02 07:37:52 ::1 POST /Service1.svc - 49474 - ::1 - - 200 0 0 27
#Software: Microsoft Internet Information Services 10.0
#Version: 1.0
#Date: 2018-08-02 07:54:47
#Fields: date time s-ip cs-method cs-uri-stem cs-uri-query s-port cs-username c-ip cs(User-Agent) cs(Referer) sc-status sc-substatus sc-win32-status time-taken
2018-08-02 07:54:47 ::1 POST /Service1.svc - 49474 - ::1 - - 200 0 0 94
2018-08-02 07:54:47 ::1 POST /Service1.svc - 49474 - ::1 - - 200 0 0 199
2018-08-02 07:54:47 ::1 POST /Service1.svc - 49474 - ::1 - - 200 0 0 23
2018-08-02 07:54:47 ::1 POST /Service1.svc - 49474 - ::1 - - 200 0 0 21
2018-08-02 07:54:47 ::1 POST /Service1.svc - 49474 - ::1 - - 200 0 0 70
2018-08-02 07:54:47 ::1 POST /Service1.svc - 49474 - ::1 - - 200 0 0 36
2018-08-02 07:54:47 ::1 POST /Service1.svc - 49474 - ::1 - - 200 0 0 55
2018-08-02 07:54:47 ::1 POST /Service1.svc - 49474 - ::1 - - 200 0 0 26
2018-08-02 07:54:47 ::1 POST /Service1.svc - 49474 - ::1 - - 200 0 0 64
2018-08-02 07:54:47 ::1 POST /Service1.svc - 49474 - ::1 - - 200 0 0 101
2018-08-02 07:54:47 ::1 POST /Service1.svc - 49474 - ::1 - - 200 0 0 32
2018-08-02 07:54:47 ::1 POST /Service1.svc - 49474 - ::1 - - 200 0 0 21
2018-08-02 07:54:47 ::1 POST /Service1.svc - 49474 - ::1 - - 200 0 0 65
2018-08-02 07:54:47 ::1 POST /Service1.svc - 49474 - ::1 - - 200 0 0 19
2018-08-02 07:54:48 ::1 POST /Service1.svc - 49474 - ::1 - - 200 0 0 182
2018-08-02 07:54:48 ::1 POST /Service1.svc - 49474 - ::1 - - 200 0 0 31
2018-08-02 07:54:48 ::1 POST /Service1.svc - 49474 - ::1 - - 200 0 0 82
2018-08-02 07:54:48 ::1 POST /Service1.svc - 49474 - ::1 - - 200 0 0 133
2018-08-02 07:54:48 ::1 POST /Service1.svc - 49474 - ::1 - - 200 0 0 106
2018-08-02 07:54:49 ::1 POST /Service1.svc - 49474 - ::1 - - 200 0 0 19
2018-08-02 07:54:49 ::1 POST /Service1.svc - 49474 - ::1 - - 200 0 0 64
2018-08-02 07:54:49 ::1 POST /Service1.svc - 49474 - ::1 - - 200 0 0 63
2018-08-02 07:54:49 ::1 POST /Service1.svc - 49474 - ::1 - - 200 0 0 47
#Software: Microsoft Internet Information Services 10.0
#Version: 1.0
#Date: 2018-08-02 08:20:45
#Fields: date time s-ip cs-method cs-uri-stem cs-uri-query s-port cs-username c-ip cs(User-Agent) cs(Referer) sc-status sc-substatus sc-win32-status time-taken
2018-08-02 08:20:45 ::1 POST /Service1.svc - 49474 - ::1 - - 200 0 0 246
2018-08-02 08:20:45 ::1 POST /Service1.svc - 49474 - ::1 - - 200 0 0 22
2018-08-02 08:20:45 ::1 POST /Service1.svc - 49474 - ::1 - - 200 0 0 24
2018-08-02 08:20:45 ::1 POST /Service1.svc - 49474 - ::1 - - 200 0 0 34
2018-08-02 08:20:50 ::1 POST /Service1.svc - 49474 - ::1 - - 200 0 0 18
2018-08-02 08:20:50 ::1 POST /Service1.svc - 49474 - ::1 - - 200 0 0 12
2018-08-02 08:20:50 ::1 POST /Service1.svc - 49474 - ::1 - - 200 0 0 36
2018-08-02 08:20:50 ::1 POST /Service1.svc - 49474 - ::1 - - 200 0 0 24
2018-08-02 08:20:50 ::1 POST /Service1.svc - 49474 - ::1 - - 200 0 0 65
2018-08-02 08:20:50 ::1 POST /Service1.svc - 49474 - ::1 - - 200 0 0 29
2018-08-02 08:20:51 ::1 POST /Service1.svc - 49474 - ::1 - - 200 0 0 25
2018-08-02 08:20:51 ::1 POST /Service1.svc - 49474 - ::1 - - 200 0 0 60
2018-08-02 08:20:51 ::1 POST /Service1.svc - 49474 - ::1 - - 200 0 0 99
2018-08-02 08:20:51 ::1 POST /Service1.svc - 49474 - ::1 - - 200 0 0 25
2018-08-02 08:20:51 ::1 POST /Service1.svc - 49474 - ::1 - - 200 0 0 30
2018-08-02 08:20:51 ::1 POST /Service1.svc - 49474 - ::1 - - 200 0 0 96
2018-08-02 08:20:51 ::1 POST /Service1.svc - 49474 - ::1 - - 200 0 0 59
2018-08-02 08:20:51 ::1 POST /Service1.svc - 49474 - ::1 - - 200 0 0 31
2018-08-02 08:20:51 ::1 POST /Service1.svc - 49474 - ::1 - - 200 0 0 42
2018-08-02 08:20:51 ::1 POST /Service1.svc - 49474 - ::1 - - 200 0 0 19
2018-08-02 08:20:51 ::1 POST /Service1.svc - 49474 - ::1 - - 200 0 0 35
2018-08-02 08:20:51 ::1 POST /Service1.svc - 49474 - ::1 - - 200 0 0 218
2018-08-02 08:20:51 ::1 POST /Service1.svc - 49474 - ::1 - - 200 0 0 15
2018-08-02 08:20:53 ::1 POST /Service1.svc - 49474 - ::1 - - 200 0 0 114
2018-08-02 08:20:53 ::1 POST /Service1.svc - 49474 - ::1 - - 200 0 0 52
2018-08-02 08:20:53 ::1 POST /Service1.svc - 49474 - ::1 - - 200 0 0 32
2018-08-02 08:20:53 ::1 POST /Service1.svc - 49474 - ::1 - - 200 0 0 37
2018-08-02 08:20:53 ::1 POST /Service1.svc - 49474 - ::1 - - 200 0 0 57
2018-08-02 08:20:53 ::1 POST /Service1.svc - 49474 - ::1 - - 200 0 0 181
2018-08-02 08:20:53 ::1 POST /Service1.svc - 49474 - ::1 - - 200 0 0 87
2018-08-02 08:20:53 ::1 POST /Service1.svc - 49474 - ::1 - - 200 0 0 83
2018-08-02 08:20:55 ::1 POST /Service1.svc - 49474 - ::1 - - 200 0 0 29
2018-08-02 08:20:55 ::1 POST /Service1.svc - 49474 - ::1 - - 200 0 0 56
2018-08-02 08:20:55 ::1 POST /Service1.svc - 49474 - ::1 - - 200 0 0 32
2018-08-02 08:21:49 ::1 POST /Service1.svc - 49474 - ::1 - - 200 0 0 48
2018-08-02 08:21:49 ::1 POST /Service1.svc - 49474 - ::1 - - 200 0 0 85
2018-08-02 08:21:49 ::1 POST /Service1.svc - 49474 - ::1 - - 200 0 0 74
2018-08-02 08:21:49 ::1 POST /Service1.svc - 49474 - ::1 - - 200 0 0 42
2018-08-02 08:21:52 ::1 POST /Service1.svc - 49474 - ::1 - - 200 0 0 99
2018-08-02 08:21:52 ::1 POST /Service1.svc - 49474 - ::1 - - 200 0 0 41
2018-08-02 08:21:52 ::1 POST /Service1.svc - 49474 - ::1 - - 200 0 0 284
2018-08-02 08:21:52 ::1 POST /Service1.svc - 49474 - ::1 - - 200 0 0 63
2018-08-02 08:21:53 ::1 POST /Service1.svc - 49474 - ::1 - - 200 0 0 649
2018-08-02 08:21:53 ::1 POST /Service1.svc - 49474 - ::1 - - 200 0 0 401
2018-08-02 08:21:53 ::1 POST /Service1.svc - 49474 - ::1 - - 200 0 0 64
2018-08-02 08:21:53 ::1 POST /Service1.svc - 49474 - ::1 - - 200 0 0 164
2018-08-02 08:21:53 ::1 POST /Service1.svc - 49474 - ::1 - - 200 0 0 60
2018-08-02 08:21:53 ::1 POST /Service1.svc - 49474 - ::1 - - 200 0 0 63
2018-08-02 08:21:53 ::1 POST /Service1.svc - 49474 - ::1 - - 200 0 0 97
2018-08-02 08:21:53 ::1 POST /Service1.svc - 49474 - ::1 - - 200 0 0 103
2018-08-02 08:21:55 ::1 POST /Service1.svc - 49474 - ::1 - - 200 0 0 96
2018-08-02 08:21:55 ::1 POST /Service1.svc - 49474 - ::1 - - 200 0 0 55
2018-08-02 08:21:55 ::1 POST /Service1.svc - 49474 - ::1 - - 200 0 0 59
2018-08-02 08:21:55 ::1 POST /Service1.svc - 49474 - ::1 - - 200 0 0 198
2018-08-02 08:21:55 ::1 POST /Service1.svc - 49474 - ::1 - - 200 0 0 125
2018-08-02 08:21:55 ::1 POST /Service1.svc - 49474 - ::1 - - 200 0 0 32
2018-08-02 08:21:55 ::1 POST /Service1.svc - 49474 - ::1 - - 200 0 0 16
2018-08-02 08:21:57 ::1 POST /Service1.svc - 49474 - ::1 - - 200 0 0 364
2018-08-02 08:21:57 ::1 POST /Service1.svc - 49474 - ::1 - - 200 0 0 324
2018-08-02 08:21:57 ::1 POST /Service1.svc - 49474 - ::1 - - 200 0 0 456
2018-08-02 08:21:57 ::1 POST /Service1.svc - 49474 - ::1 - - 200 0 0 116
2018-08-02 08:21:58 ::1 POST /Service1.svc - 49474 - ::1 - - 200 0 0 533
2018-08-02 08:21:58 ::1 POST /Service1.svc - 49474 - ::1 - - 200 0 0 122
2018-08-02 08:21:58 ::1 POST /Service1.svc - 49474 - ::1 - - 200 0 0 117
2018-08-02 08:21:58 ::1 POST /Service1.svc - 49474 - ::1 - - 200 0 0 58
2018-08-02 08:21:58 ::1 POST /Service1.svc - 49474 - ::1 - - 200 0 0 106
2018-08-02 08:21:58 ::1 POST /Service1.svc - 49474 - ::1 - - 200 0 0 64
2018-08-02 08:21:59 ::1 POST /Service1.svc - 49474 - ::1 - - 200 0 0 24
2018-08-02 08:21:59 ::1 POST /Service1.svc - 49474 - ::1 - - 200 0 0 219
2018-08-02 08:21:59 ::1 POST /Service1.svc - 49474 - ::1 - - 200 0 0 329
2018-08-02 08:22:10 ::1 POST /Service1.svc - 49474 - ::1 - - 200 0 0 473
2018-08-02 08:22:10 ::1 POST /Service1.svc - 49474 - ::1 - - 200 0 0 498
2018-08-02 08:22:11 ::1 POST /Service1.svc - 49474 - ::1 - - 200 0 0 927
2018-08-02 08:22:11 ::1 POST /Service1.svc - 49474 - ::1 - - 200 0 0 473
2018-08-02 08:22:11 ::1 POST /Service1.svc - 49474 - ::1 - - 200 0 0 74
2018-08-02 08:22:11 ::1 POST /Service1.svc - 49474 - ::1 - - 200 0 0 329
2018-08-02 08:22:13 ::1 POST /Service1.svc - 49474 - ::1 - - 200 0 0 459
2018-08-02 08:22:13 ::1 POST /Service1.svc - 49474 - ::1 - - 200 0 0 470
2018-08-02 08:22:13 ::1 POST /Service1.svc - 49474 - ::1 - - 200 0 0 175
2018-08-02 08:22:13 ::1 POST /Service1.svc - 49474 - ::1 - - 200 0 0 97
2018-08-02 08:25:37 ::1 POST /Service1.svc - 49474 - ::1 - - 200 0 0 39
2018-08-02 08:26:35 ::1 POST /Service1.svc - 49474 - ::1 - - 200 0 0 52
2018-08-02 08:26:35 ::1 POST /Service1.svc - 49474 - ::1 - - 200 0 0 87
2018-08-02 08:26:35 ::1 POST /Service1.svc - 49474 - ::1 - - 200 0 0 79
2018-08-02 08:26:35 ::1 POST /Service1.svc - 49474 - ::1 - - 200 0 0 58
2018-08-02 08:26:35 ::1 POST /Service1.svc - 49474 - ::1 - - 200 0 0 98
2018-08-02 08:26:35 ::1 POST /Service1.svc - 49474 - ::1 - - 200 0 0 33
2018-08-02 08:26:35 ::1 POST /Service1.svc - 49474 - ::1 - - 200 0 0 19
2018-08-02 08:26:35 ::1 POST /Service1.svc - 49474 - ::1 - - 200 0 0 24
2018-08-02 08:26:35 ::1 POST /Service1.svc - 49474 - ::1 - - 200 0 0 36
2018-08-02 08:26:35 ::1 POST /Service1.svc - 49474 - ::1 - - 200 0 0 29
2018-08-02 08:26:35 ::1 POST /Service1.svc - 49474 - ::1 - - 200 0 0 81
2018-08-02 08:26:35 ::1 POST /Service1.svc - 49474 - ::1 - - 200 0 0 120
2018-08-02 08:26:35 ::1 POST /Service1.svc - 49474 - ::1 - - 200 0 0 74
2018-08-02 08:26:35 ::1 POST /Service1.svc - 49474 - ::1 - - 200 0 0 25
2018-08-02 08:26:35 ::1 POST /Service1.svc - 49474 - ::1 - - 200 0 0 64
2018-08-02 08:26:36 ::1 POST /Service1.svc - 49474 - ::1 - - 200 0 0 93
2018-08-02 08:26:36 ::1 POST /Service1.svc - 49474 - ::1 - - 200 0 0 58
2018-08-02 08:26:36 ::1 POST /Service1.svc - 49474 - ::1 - - 200 0 0 27
2018-08-02 08:26:36 ::1 POST /Service1.svc - 49474 - ::1 - - 200 0 0 41
2018-08-02 08:26:37 ::1 POST /Service1.svc - 49474 - ::1 - - 200 0 0 40
2018-08-02 08:26:37 ::1 POST /Service1.svc - 49474 - ::1 - - 200 0 0 25
2018-08-02 08:26:37 ::1 POST /Service1.svc - 49474 - ::1 - - 200 0 0 20
2018-08-02 08:26:37 ::1 POST /Service1.svc - 49474 - ::1 - - 200 0 0 62
#Software: Microsoft Internet Information Services 10.0
#Version: 1.0
#Date: 2018-08-02 09:21:25
#Fields: date time s-ip cs-method cs-uri-stem cs-uri-query s-port cs-username c-ip cs(User-Agent) cs(Referer) sc-status sc-substatus sc-win32-status time-taken
2018-08-02 09:21:25 ::1 POST /Service1.svc - 49474 - ::1 - - 200 0 0 1239
2018-08-02 09:21:25 ::1 POST /Service1.svc - 49474 - ::1 - - 200 0 0 166
2018-08-02 09:21:26 ::1 POST /Service1.svc - 49474 - ::1 - - 200 0 0 175
2018-08-02 09:21:26 ::1 POST /Service1.svc - 49474 - ::1 - - 200 0 0 242
2018-08-02 09:23:12 ::1 POST /Service1.svc - 49474 - ::1 - - 200 0 0 56
2018-08-02 09:23:12 ::1 POST /Service1.svc - 49474 - ::1 - - 200 0 0 61
2018-08-02 09:23:12 ::1 POST /Service1.svc - 49474 - ::1 - - 200 0 0 66
2018-08-02 09:23:12 ::1 POST /Service1.svc - 49474 - ::1 - - 200 0 0 134
2018-08-02 09:23:14 ::1 POST /Service1.svc - 49474 - ::1 - - 200 0 0 51
2018-08-02 09:23:14 ::1 POST /Service1.svc - 49474 - ::1 - - 200 0 0 278
2018-08-02 09:23:14 ::1 POST /Service1.svc - 49474 - ::1 - - 200 0 0 401
2018-08-02 09:23:14 ::1 POST /Service1.svc - 49474 - ::1 - - 200 0 0 145
2018-08-02 09:23:14 ::1 POST /Service1.svc - 49474 - ::1 - - 200 0 0 19
2018-08-02 09:23:15 ::1 POST /Service1.svc - 49474 - ::1 - - 200 0 0 186
2018-08-02 09:23:15 ::1 POST /Service1.svc - 49474 - ::1 - - 200 0 0 116
2018-08-02 09:23:15 ::1 POST /Service1.svc - 49474 - ::1 - - 200 0 0 277
2018-08-02 09:23:15 ::1 POST /Service1.svc - 49474 - ::1 - - 200 0 0 175
2018-08-02 09:23:15 ::1 POST /Service1.svc - 49474 - ::1 - - 200 0 0 319
2018-08-02 09:23:16 ::1 POST /Service1.svc - 49474 - ::1 - - 200 0 0 192
2018-08-02 09:23:16 ::1 POST /Service1.svc - 49474 - ::1 - - 200 0 0 96
2018-08-02 09:23:16 ::1 POST /Service1.svc - 49474 - ::1 - - 200 0 0 102
2018-08-02 09:23:16 ::1 POST /Service1.svc - 49474 - ::1 - - 200 0 0 72
2018-08-02 09:23:16 ::1 POST /Service1.svc - 49474 - ::1 - - 200 0 0 191
2018-08-02 09:23:19 ::1 POST /Service1.svc - 49474 - ::1 - - 200 0 0 20
2018-08-02 09:23:19 ::1 POST /Service1.svc - 49474 - ::1 - - 200 0 0 18
2018-08-02 09:23:19 ::1 POST /Service1.svc - 49474 - ::1 - - 200 0 0 191
2018-08-02 09:23:19 ::1 POST /Service1.svc - 49474 - ::1 - - 200 0 0 70
2018-08-02 09:23:19 ::1 POST /Service1.svc - 49474 - ::1 - - 200 0 0 112
2018-08-02 09:23:19 ::1 POST /Service1.svc - 49474 - ::1 - - 200 0 0 63
2018-08-02 09:23:19 ::1 POST /Service1.svc - 49474 - ::1 - - 200 0 0 34
2018-08-02 09:23:19 ::1 POST /Service1.svc - 49474 - ::1 - - 200 0 0 157
2018-08-02 09:23:20 ::1 POST /Service1.svc - 49474 - ::1 - - 200 0 0 77
2018-08-02 09:23:20 ::1 POST /Service1.svc - 49474 - ::1 - - 200 0 0 81
2018-08-02 09:23:20 ::1 POST /Service1.svc - 49474 - ::1 - - 200 0 0 31
2018-08-02 09:23:20 ::1 POST /Service1.svc - 49474 - ::1 - - 200 0 0 22
2018-08-02 09:23:20 ::1 POST /Service1.svc - 49474 - ::1 - - 200 0 0 89
2018-08-02 09:23:27 ::1 POST /Service1.svc - 49474 - ::1 - - 200 0 0 24
2018-08-02 09:23:27 ::1 POST /Service1.svc - 49474 - ::1 - - 200 0 0 72
2018-08-02 09:23:27 ::1 POST /Service1.svc - 49474 - ::1 - - 200 0 0 457
2018-08-02 09:23:28 ::1 POST /Service1.svc - 49474 - ::1 - - 200 0 0 167
2018-08-02 09:23:28 ::1 POST /Service1.svc - 49474 - ::1 - - 200 0 0 214
2018-08-02 09:23:28 ::1 POST /Service1.svc - 49474 - ::1 - - 200 0 0 240
2018-08-02 09:23:28 ::1 POST /Service1.svc - 49474 - ::1 - - 200 0 0 59
2018-08-02 09:23:28 ::1 POST /Service1.svc - 49474 - ::1 - - 200 0 0 315
2018-08-02 09:23:29 ::1 POST /Service1.svc - 49474 - ::1 - - 200 0 0 195
2018-08-02 09:23:29 ::1 POST /Service1.svc - 49474 - ::1 - - 200 0 0 282
2018-08-02 09:23:32 ::1 POST /Service1.svc - 49474 - ::1 - - 200 0 0 34
#Software: Microsoft Internet Information Services 10.0
#Version: 1.0
#Date: 2018-08-02 10:12:29
#Fields: date time s-ip cs-method cs-uri-stem cs-uri-query s-port cs-username c-ip cs(User-Agent) cs(Referer) sc-status sc-substatus sc-win32-status time-taken
2018-08-02 10:12:29 ::1 POST /Service1.svc - 49474 - ::1 - - 200 0 0 1218
2018-08-02 10:12:29 ::1 POST /Service1.svc - 49474 - ::1 - - 200 0 0 124
2018-08-02 10:12:29 ::1 POST /Service1.svc - 49474 - ::1 - - 200 0 0 231
2018-08-02 10:12:32 ::1 POST /Service1.svc - 49474 - ::1 - - 200 0 0 1931
2018-08-02 10:12:38 ::1 POST /Service1.svc - 49474 - ::1 - - 200 0 0 803
2018-08-02 10:12:38 ::1 POST /Service1.svc - 49474 - ::1 - - 200 0 0 281
2018-08-02 10:12:38 ::1 POST /Service1.svc - 49474 - ::1 - - 200 0 0 339
2018-08-02 10:12:39 ::1 POST /Service1.svc - 49474 - ::1 - - 200 0 0 424
2018-08-02 10:12:40 ::1 POST /Service1.svc - 49474 - ::1 - - 200 0 0 1054
2018-08-02 10:12:40 ::1 POST /Service1.svc - 49474 - ::1 - - 200 0 0 322
2018-08-02 10:12:42 ::1 POST /Service1.svc - 49474 - ::1 - - 200 0 0 1313
2018-08-02 10:12:43 ::1 POST /Service1.svc - 49474 - ::1 - - 200 0 0 993
2018-08-02 10:12:45 ::1 POST /Service1.svc - 49474 - ::1 - - 200 0 0 1782
2018-08-02 10:12:45 ::1 POST /Service1.svc - 49474 - ::1 - - 200 0 0 261
2018-08-02 10:12:45 ::1 POST /Service1.svc - 49474 - ::1 - - 200 0 0 322
2018-08-02 10:12:45 ::1 POST /Service1.svc - 49474 - ::1 - - 200 0 0 213
2018-08-02 10:12:45 ::1 POST /Service1.svc - 49474 - ::1 - - 200 0 0 72
2018-08-02 10:12:47 ::1 POST /Service1.svc - 49474 - ::1 - - 200 0 0 1062
2018-08-02 10:12:47 ::1 POST /Service1.svc - 49474 - ::1 - - 200 0 0 423
2018-08-02 10:12:47 ::1 POST /Service1.svc - 49474 - ::1 - - 200 0 0 274
2018-08-02 10:12:47 ::1 POST /Service1.svc - 49474 - ::1 - - 200 0 0 92
2018-08-02 10:12:47 ::1 POST /Service1.svc - 49474 - ::1 - - 200 0 0 171
2018-08-02 10:12:48 ::1 POST /Service1.svc - 49474 - ::1 - - 200 0 0 434
2018-08-02 10:12:55 ::1 POST /Service1.svc - 49474 - ::1 - - 200 0 0 251
2018-08-02 10:12:55 ::1 POST /Service1.svc - 49474 - ::1 - - 200 0 0 66
2018-08-02 10:12:55 ::1 POST /Service1.svc - 49474 - ::1 - - 200 0 0 92
2018-08-02 10:12:55 ::1 POST /Service1.svc - 49474 - ::1 - - 200 0 0 547
2018-08-02 10:12:57 ::1 POST /Service1.svc - 49474 - ::1 - - 200 0 0 1226
2018-08-02 10:12:57 ::1 POST /Service1.svc - 49474 - ::1 - - 200 0 0 719
2018-08-02 10:12:59 ::1 POST /Service1.svc - 49474 - ::1 - - 200 0 0 1113
2018-08-02 10:12:59 ::1 POST /Service1.svc - 49474 - ::1 - - 200 0 0 853
2018-08-02 10:13:02 ::1 POST /Service1.svc - 49474 - ::1 - - 200 0 0 1368
2018-08-02 10:13:04 ::1 POST /Service1.svc - 49474 - ::1 - - 200 0 0 1790
2018-08-02 10:13:05 ::1 POST /Service1.svc - 49474 - ::1 - - 200 0 0 1504
2018-08-02 10:13:05 ::1 POST /Service1.svc - 49474 - ::1 - - 200 0 0 403
2018-08-02 10:13:05 ::1 POST /Service1.svc - 49474 - ::1 - - 200 0 0 318
2018-08-02 10:13:23 ::1 POST /Service1.svc - 49474 - ::1 - - 200 0 0 764
2018-08-02 10:13:23 ::1 POST /Service1.svc - 49474 - ::1 - - 200 0 0 903
2018-08-02 10:13:25 ::1 POST /Service1.svc - 49474 - ::1 - - 200 0 0 1115
2018-08-02 10:13:26 ::1 POST /Service1.svc - 49474 - ::1 - - 200 0 0 1389
2018-08-02 10:13:29 ::1 POST /Service1.svc - 49474 - ::1 - - 200 0 0 2382
2018-08-02 10:13:30 ::1 POST /Service1.svc - 49474 - ::1 - - 200 0 0 1128
2018-08-02 10:13:30 ::1 POST /Service1.svc - 49474 - ::1 - - 200 0 0 935
2018-08-02 10:13:32 ::1 POST /Service1.svc - 49474 - ::1 - - 200 0 0 1438
2018-08-02 10:13:34 ::1 POST /Service1.svc - 49474 - ::1 - - 200 0 0 1482
2018-08-02 10:13:34 ::1 POST /Service1.svc - 49474 - ::1 - - 200 0 0 301
2018-08-02 10:13:37 ::1 POST /Service1.svc - 49474 - ::1 - - 200 0 0 176
2018-08-02 10:24:35 ::1 POST /Service1.svc - 49474 - ::1 - - 200 0 0 177
2018-08-02 10:24:35 ::1 POST /Service1.svc - 49474 - ::1 - - 200 0 0 170
2018-08-02 10:24:35 ::1 POST /Service1.svc - 49474 - ::1 - - 200 0 0 24
2018-08-02 10:24:36 ::1 POST /Service1.svc - 49474 - ::1 - - 200 0 0 90
2018-08-02 10:24:40 ::1 POST /Service1.svc - 49474 - ::1 - - 200 0 0 105
2018-08-02 10:24:40 ::1 POST /Service1.svc - 49474 - ::1 - - 200 0 0 77
2018-08-02 10:24:40 ::1 POST /Service1.svc - 49474 - ::1 - - 200 0 0 318
2018-08-02 10:24:40 ::1 POST /Service1.svc - 49474 - ::1 - - 200 0 0 281
2018-08-02 10:24:42 ::1 POST /Service1.svc - 49474 - ::1 - - 200 0 0 261
2018-08-02 10:24:42 ::1 POST /Service1.svc - 49474 - ::1 - - 200 0 0 245
2018-08-02 10:24:42 ::1 POST /Service1.svc - 49474 - ::1 - - 200 0 0 51
2018-08-02 10:24:42 ::1 POST /Service1.svc - 49474 - ::1 - - 200 0 0 84
2018-08-02 10:24:42 ::1 POST /Service1.svc - 49474 - ::1 - - 200 0 0 134
2018-08-02 10:24:42 ::1 POST /Service1.svc - 49474 - ::1 - - 200 0 0 36
2018-08-02 10:24:42 ::1 POST /Service1.svc - 49474 - ::1 - - 200 0 0 45
2018-08-02 10:24:42 ::1 POST /Service1.svc - 49474 - ::1 - - 200 0 0 246
2018-08-02 10:24:42 ::1 POST /Service1.svc - 49474 - ::1 - - 200 0 0 44
2018-08-02 10:24:43 ::1 POST /Service1.svc - 49474 - ::1 - - 200 0 0 71
2018-08-02 10:24:43 ::1 POST /Service1.svc - 49474 - ::1 - - 200 0 0 64
2018-08-02 10:24:43 ::1 POST /Service1.svc - 49474 - ::1 - - 200 0 0 54
2018-08-02 10:24:43 ::1 POST /Service1.svc - 49474 - ::1 - - 200 0 0 53
2018-08-02 10:24:43 ::1 POST /Service1.svc - 49474 - ::1 - - 200 0 0 61
2018-08-02 10:24:43 ::1 POST /Service1.svc - 49474 - ::1 - - 200 0 0 20
2018-08-02 10:24:45 ::1 POST /Service1.svc - 49474 - ::1 - - 200 0 0 27
2018-08-02 10:24:45 ::1 POST /Service1.svc - 49474 - ::1 - - 200 0 0 84
2018-08-02 10:24:45 ::1 POST /Service1.svc - 49474 - ::1 - - 200 0 0 107
2018-08-02 10:24:45 ::1 POST /Service1.svc - 49474 - ::1 - - 200 0 0 259
2018-08-02 10:24:45 ::1 POST /Service1.svc - 49474 - ::1 - - 200 0 0 217
2018-08-02 10:24:45 ::1 POST /Service1.svc - 49474 - ::1 - - 200 0 0 74
2018-08-02 10:24:45 ::1 POST /Service1.svc - 49474 - ::1 - - 200 0 0 101
2018-08-02 10:24:46 ::1 POST /Service1.svc - 49474 - ::1 - - 200 0 0 195
2018-08-02 10:24:48 ::1 POST /Service1.svc - 49474 - ::1 - - 200 0 0 143
2018-08-02 10:24:48 ::1 POST /Service1.svc - 49474 - ::1 - - 200 0 0 48
2018-08-02 10:24:48 ::1 POST /Service1.svc - 49474 - ::1 - - 200 0 0 143
2018-08-02 10:24:48 ::1 POST /Service1.svc - 49474 - ::1 - - 200 0 0 143
2018-08-02 10:24:48 ::1 POST /Service1.svc - 49474 - ::1 - - 200 0 0 232
2018-08-02 10:24:53 ::1 POST /Service1.svc - 49474 - ::1 - - 200 0 0 83
2018-08-02 10:24:53 ::1 POST /Service1.svc - 49474 - ::1 - - 200 0 0 29
2018-08-02 10:24:53 ::1 POST /Service1.svc - 49474 - ::1 - - 200 0 0 20
2018-08-02 10:24:53 ::1 POST /Service1.svc - 49474 - ::1 - - 200 0 0 492
2018-08-02 10:24:53 ::1 POST /Service1.svc - 49474 - ::1 - - 200 0 0 31
2018-08-02 10:24:53 ::1 POST /Service1.svc - 49474 - ::1 - - 200 0 0 92
2018-08-02 10:24:54 ::1 POST /Service1.svc - 49474 - ::1 - - 200 0 0 67
2018-08-02 10:24:54 ::1 POST /Service1.svc - 49474 - ::1 - - 200 0 0 104
2018-08-02 10:24:54 ::1 POST /Service1.svc - 49474 - ::1 - - 200 0 0 76
2018-08-02 10:24:54 ::1 POST /Service1.svc - 49474 - ::1 - - 200 0 0 158
2018-08-02 10:25:00 ::1 POST /Service1.svc - 49474 - ::1 - - 200 0 0 205
#Software: Microsoft Internet Information Services 10.0
#Version: 1.0
#Date: 2018-08-02 11:03:58
#Fields: date time s-ip cs-method cs-uri-stem cs-uri-query s-port cs-username c-ip cs(User-Agent) cs(Referer) sc-status sc-substatus sc-win32-status time-taken
2018-08-02 11:03:58 ::1 POST /Service1.svc - 49474 - ::1 - - 200 0 0 361
2018-08-02 11:03:58 ::1 POST /Service1.svc - 49474 - ::1 - - 200 0 0 548
2018-08-02 11:03:59 ::1 POST /Service1.svc - 49474 - ::1 - - 200 0 0 800
2018-08-02 11:03:59 ::1 POST /Service1.svc - 49474 - ::1 - - 200 0 0 134
2018-08-02 11:04:10 ::1 POST /Service1.svc - 49474 - ::1 - - 200 0 0 32
2018-08-02 11:04:10 ::1 POST /Service1.svc - 49474 - ::1 - - 200 0 0 77
2018-08-02 11:04:10 ::1 POST /Service1.svc - 49474 - ::1 - - 200 0 0 90
2018-08-02 11:04:10 ::1 POST /Service1.svc - 49474 - ::1 - - 200 0 0 175
2018-08-02 11:04:12 ::1 POST /Service1.svc - 49474 - ::1 - - 200 0 0 324
2018-08-02 11:04:12 ::1 POST /Service1.svc - 49474 - ::1 - - 200 0 0 212
2018-08-02 11:04:12 ::1 POST /Service1.svc - 49474 - ::1 - - 200 0 0 161
2018-08-02 11:04:12 ::1 POST /Service1.svc - 49474 - ::1 - - 200 0 0 410
2018-08-02 11:04:14 ::1 POST /Service1.svc - 49474 - ::1 - - 200 0 0 1099
2018-08-02 11:04:14 ::1 POST /Service1.svc - 49474 - ::1 - - 200 0 0 728
2018-08-02 11:04:16 ::1 POST /Service1.svc - 49474 - ::1 - - 200 0 0 856
2018-08-02 11:04:17 ::1 POST /Service1.svc - 49474 - ::1 - - 200 0 0 1026
2018-08-02 11:04:18 ::1 POST /Service1.svc - 49474 - ::1 - - 200 0 0 1339
2018-08-02 11:04:18 ::1 POST /Service1.svc - 49474 - ::1 - - 200 0 0 845
2018-08-02 11:04:20 ::1 POST /Service1.svc - 49474 - ::1 - - 200 0 0 983
2018-08-02 11:04:21 ::1 POST /Service1.svc - 49474 - ::1 - - 200 0 0 1525
2018-08-02 11:04:23 ::1 POST /Service1.svc - 49474 - ::1 - - 200 0 0 1617
2018-08-02 11:04:24 ::1 POST /Service1.svc - 49474 - ::1 - - 200 0 0 1308
2018-08-02 11:04:26 ::1 POST /Service1.svc - 49474 - ::1 - - 200 0 0 1197
2018-08-02 11:04:35 ::1 POST /Service1.svc - 49474 - ::1 - - 200 0 0 908
2018-08-02 11:04:36 ::1 POST /Service1.svc - 49474 - ::1 - - 200 0 0 1350
2018-08-02 11:04:36 ::1 POST /Service1.svc - 49474 - ::1 - - 200 0 0 729
2018-08-02 11:04:38 ::1 POST /Service1.svc - 49474 - ::1 - - 200 0 0 1180
2018-08-02 11:04:40 ::1 POST /Service1.svc - 49474 - ::1 - - 200 0 0 938
2018-08-02 11:04:40 ::1 POST /Service1.svc - 49474 - ::1 - - 200 0 0 875
2018-08-02 11:04:41 ::1 POST /Service1.svc - 49474 - ::1 - - 200 0 0 607
2018-08-02 11:04:41 ::1 POST /Service1.svc - 49474 - ::1 - - 200 0 0 592
2018-08-02 11:04:43 ::1 POST /Service1.svc - 49474 - ::1 - - 200 0 0 564
2018-08-02 11:04:43 ::1 POST /Service1.svc - 49474 - ::1 - - 200 0 0 284
2018-08-02 11:04:44 ::1 POST /Service1.svc - 49474 - ::1 - - 200 0 0 704
2018-08-02 11:04:46 ::1 POST /Service1.svc - 49474 - ::1 - - 200 0 0 1093
2018-08-02 11:04:47 ::1 POST /Service1.svc - 49474 - ::1 - - 200 0 0 1201
#Software: Microsoft Internet Information Services 10.0
#Version: 1.0
#Date: 2018-08-02 11:44:09
#Fields: date time s-ip cs-method cs-uri-stem cs-uri-query s-port cs-username c-ip cs(User-Agent) cs(Referer) sc-status sc-substatus sc-win32-status time-taken
2018-08-02 11:44:09 ::1 POST /Service1.svc - 49474 - ::1 - - 200 0 0 221
2018-08-02 11:44:09 ::1 POST /Service1.svc - 49474 - ::1 - - 200 0 0 66
2018-08-02 11:44:09 ::1 POST /Service1.svc - 49474 - ::1 - - 200 0 0 186
2018-08-02 11:44:09 ::1 POST /Service1.svc - 49474 - ::1 - - 200 0 0 153
2018-08-02 11:44:09 ::1 POST /Service1.svc - 49474 - ::1 - - 200 0 0 70
2018-08-02 11:44:09 ::1 POST /Service1.svc - 49474 - ::1 - - 200 0 0 29
2018-08-02 11:44:09 ::1 POST /Service1.svc - 49474 - ::1 - - 200 0 0 61
2018-08-02 11:44:09 ::1 POST /Service1.svc - 49474 - ::1 - - 200 0 0 40
2018-08-02 11:44:09 ::1 POST /Service1.svc - 49474 - ::1 - - 200 0 0 49
2018-08-02 11:44:09 ::1 POST /Service1.svc - 49474 - ::1 - - 200 0 0 62
2018-08-02 11:44:10 ::1 POST /Service1.svc - 49474 - ::1 - - 200 0 0 111
2018-08-02 11:44:10 ::1 POST /Service1.svc - 49474 - ::1 - - 200 0 0 235
2018-08-02 11:44:10 ::1 POST /Service1.svc - 49474 - ::1 - - 200 0 0 202
2018-08-02 11:44:10 ::1 POST /Service1.svc - 49474 - ::1 - - 200 0 0 40
2018-08-02 11:44:10 ::1 POST /Service1.svc - 49474 - ::1 - - 200 0 0 126
#Software: Microsoft Internet Information Services 10.0
#Version: 1.0
#Date: 2018-08-02 12:09:10
#Fields: date time s-ip cs-method cs-uri-stem cs-uri-query s-port cs-username c-ip cs(User-Agent) cs(Referer) sc-status sc-substatus sc-win32-status time-taken
2018-08-02 12:09:10 ::1 POST /Service1.svc - 49474 - ::1 - - 200 0 0 1164
2018-08-02 12:09:11 ::1 POST /Service1.svc - 49474 - ::1 - - 200 0 0 1090
2018-08-02 12:09:11 ::1 POST /Service1.svc - 49474 - ::1 - - 200 0 0 408
2018-08-02 12:09:11 ::1 POST /Service1.svc - 49474 - ::1 - - 200 0 0 246
2018-08-02 12:09:16 ::1 POST /Service1.svc - 49474 - ::1 - - 200 0 0 442
2018-08-02 12:09:16 ::1 POST /Service1.svc - 49474 - ::1 - - 200 0 0 48
2018-08-02 12:09:16 ::1 POST /Service1.svc - 49474 - ::1 - - 200 0 0 145
2018-08-02 12:09:16 ::1 POST /Service1.svc - 49474 - ::1 - - 200 0 0 43
2018-08-02 12:09:17 ::1 POST /Service1.svc - 49474 - ::1 - - 200 0 0 1080
2018-08-02 12:09:17 ::1 POST /Service1.svc - 49474 - ::1 - - 200 0 0 666
2018-08-02 12:09:20 ::1 POST /Service1.svc - 49474 - ::1 - - 200 0 0 1786
2018-08-02 12:09:21 ::1 POST /Service1.svc - 49474 - ::1 - - 200 0 0 1283
2018-08-02 12:09:21 ::1 POST /Service1.svc - 49474 - ::1 - - 200 0 0 963
2018-08-02 12:09:24 ::1 POST /Service1.svc - 49474 - ::1 - - 200 0 0 1536
2018-08-02 12:09:24 ::1 POST /Service1.svc - 49474 - ::1 - - 200 0 0 662
2018-08-02 12:09:25 ::1 POST /Service1.svc - 49474 - ::1 - - 200 0 0 1090
2018-08-02 12:09:25 ::1 POST /Service1.svc - 49474 - ::1 - - 200 0 0 116
2018-08-02 12:09:25 ::1 POST /Service1.svc - 49474 - ::1 - - 200 0 0 758
2018-08-02 12:09:27 ::1 POST /Service1.svc - 49474 - ::1 - - 200 0 0 1148
2018-08-02 12:09:27 ::1 POST /Service1.svc - 49474 - ::1 - - 200 0 0 191
2018-08-02 12:09:27 ::1 POST /Service1.svc - 49474 - ::1 - - 200 0 0 483
2018-08-02 12:09:29 ::1 POST /Service1.svc - 49474 - ::1 - - 200 0 0 638
2018-08-02 12:09:29 ::1 POST /Service1.svc - 49474 - ::1 - - 200 0 0 707
2018-08-02 12:09:35 ::1 POST /Service1.svc - 49474 - ::1 - - 200 0 0 941
2018-08-02 12:09:35 ::1 POST /Service1.svc - 49474 - ::1 - - 200 0 0 712
2018-08-02 12:09:36 ::1 POST /Service1.svc - 49474 - ::1 - - 200 0 0 675
2018-08-02 12:09:36 ::1 POST /Service1.svc - 49474 - ::1 - - 200 0 0 905
2018-08-02 12:09:37 ::1 POST /Service1.svc - 49474 - ::1 - - 200 0 0 291
2018-08-02 12:09:37 ::1 POST /Service1.svc - 49474 - ::1 - - 200 0 0 616
2018-08-02 12:09:39 ::1 POST /Service1.svc - 49474 - ::1 - - 200 0 0 524
2018-08-02 12:09:39 ::1 POST /Service1.svc - 49474 - ::1 - - 200 0 0 804
2018-08-02 12:09:42 ::1 POST /Service1.svc - 49474 - ::1 - - 200 0 0 892
2018-08-02 12:09:42 ::1 POST /Service1.svc - 49474 - ::1 - - 200 0 0 547
2018-08-02 12:09:42 ::1 POST /Service1.svc - 49474 - ::1 - - 200 0 0 408
2018-08-02 12:09:44 ::1 POST /Service1.svc - 49474 - ::1 - - 200 0 0 1337
2018-08-02 12:09:45 ::1 POST /Service1.svc - 49474 - ::1 - - 200 0 0 1218
2018-08-02 12:09:51 ::1 POST /Service1.svc - 49474 - ::1 - - 200 0 0 1030
2018-08-02 12:09:51 ::1 POST /Service1.svc - 49474 - ::1 - - 200 0 0 451
2018-08-02 12:09:53 ::1 POST /Service1.svc - 49474 - ::1 - - 200 0 0 1493
2018-08-02 12:09:55 ::1 POST /Service1.svc - 49474 - ::1 - - 200 0 0 1904
2018-08-02 12:09:56 ::1 POST /Service1.svc - 49474 - ::1 - - 200 0 0 1339
2018-08-02 12:09:56 ::1 POST /Service1.svc - 49474 - ::1 - - 200 0 0 856
2018-08-02 12:09:58 ::1 POST /Service1.svc - 49474 - ::1 - - 200 0 0 1275
2018-08-02 12:09:58 ::1 POST /Service1.svc - 49474 - ::1 - - 200 0 0 977
2018-08-02 12:10:01 ::1 POST /Service1.svc - 49474 - ::1 - - 200 0 0 2005
2018-08-02 12:10:01 ::1 POST /Service1.svc - 49474 - ::1 - - 200 0 0 290
2018-08-02 12:10:46 ::1 POST /Service1.svc - 49474 - ::1 - - 200 0 0 1223
2018-08-02 12:10:48 ::1 POST /Service1.svc - 49474 - ::1 - - 200 0 0 1877
2018-08-02 12:12:25 ::1 POST /Service1.svc - 49474 - ::1 - - 200 0 0 2125
2018-08-02 12:12:25 ::1 POST /Service1.svc - 49474 - ::1 - - 200 0 0 409
2018-08-02 12:12:25 ::1 POST /Service1.svc - 49474 - ::1 - - 200 0 0 59
2018-08-02 12:12:25 ::1 POST /Service1.svc - 49474 - ::1 - - 200 0 0 54
2018-08-02 12:12:25 ::1 POST /Service1.svc - 49474 - ::1 - - 200 0 0 42
2018-08-02 12:12:25 ::1 POST /Service1.svc - 49474 - ::1 - - 200 0 0 69
2018-08-02 12:12:25 ::1 POST /Service1.svc - 49474 - ::1 - - 200 0 0 110
2018-08-02 12:12:25 ::1 POST /Service1.svc - 49474 - ::1 - - 200 0 0 94
2018-08-02 12:12:26 ::1 POST /Service1.svc - 49474 - ::1 - - 200 0 0 173
2018-08-02 12:12:26 ::1 POST /Service1.svc - 49474 - ::1 - - 200 0 0 33
2018-08-02 12:12:26 ::1 POST /Service1.svc - 49474 - ::1 - - 200 0 0 18
2018-08-02 12:12:26 ::1 POST /Service1.svc - 49474 - ::1 - - 200 0 0 29
2018-08-02 12:12:26 ::1 POST /Service1.svc - 49474 - ::1 - - 200 0 0 116
2018-08-02 12:12:26 ::1 POST /Service1.svc - 49474 - ::1 - - 200 0 0 61
2018-08-02 12:12:26 ::1 POST /Service1.svc - 49474 - ::1 - - 200 0 0 74
2018-08-02 12:16:11 ::1 POST /Service1.svc - 49474 - ::1 - - 200 0 0 64
2018-08-02 12:16:11 ::1 POST /Service1.svc - 49474 - ::1 - - 200 0 0 45
2018-08-02 12:16:11 ::1 POST /Service1.svc - 49474 - ::1 - - 200 0 0 66
2018-08-02 12:16:11 ::1 POST /Service1.svc - 49474 - ::1 - - 200 0 0 136
