#Software: Microsoft Internet Information Services 10.0
#Version: 1.0
#Date: 2018-04-14 07:37:11
#Fields: date time s-ip cs-method cs-uri-stem cs-uri-query s-port cs-username c-ip cs(User-Agent) cs(Referer) sc-status sc-substatus sc-win32-status time-taken
2018-04-14 07:37:11 ::1 POST /Service1.svc - 49474 - ::1 - - 415 0 0 14422
2018-04-14 07:37:11 ::1 POST /Service1.svc/mex - 49474 - ::1 - - 415 0 0 15
2018-04-14 07:37:14 ::1 GET /Service1.svc - 49474 - ::1 Mozilla/4.0+(compatible;+MSIE+6.0;+MS+Web+Services+Client+Protocol+4.0.30319.42000) - 200 0 0 2456
2018-04-14 07:37:14 ::1 GET /Service1.svc disco 49474 - ::1 Mozilla/4.0+(compatible;+MSIE+6.0;+MS+Web+Services+Client+Protocol+4.0.30319.42000) - 200 0 0 15
2018-04-14 07:37:14 ::1 GET /Service1.svc wsdl 49474 - ::1 Mozilla/4.0+(compatible;+MSIE+6.0;+MS+Web+Services+Client+Protocol+4.0.30319.42000) - 200 0 0 398
2018-04-14 07:37:16 ::1 GET /Service1.svc xsd=xsd0 49474 - ::1 Mozilla/4.0+(compatible;+MSIE+6.0;+MS+Web+Services+Client+Protocol+4.0.30319.42000) - 200 0 0 1054
2018-04-14 07:37:16 ::1 GET /Service1.svc xsd=xsd2 49474 - ::1 Mozilla/4.0+(compatible;+MSIE+6.0;+MS+Web+Services+Client+Protocol+4.0.30319.42000) - 200 0 0 11
2018-04-14 07:37:16 ::1 GET /Service1.svc xsd=xsd3 49474 - ::1 Mozilla/4.0+(compatible;+MSIE+6.0;+MS+Web+Services+Client+Protocol+4.0.30319.42000) - 200 0 0 78
2018-04-14 07:37:16 ::1 GET /Service1.svc xsd=xsd1 49474 - ::1 Mozilla/4.0+(compatible;+MSIE+6.0;+MS+Web+Services+Client+Protocol+4.0.30319.42000) - 200 0 0 23
2018-04-14 07:37:43 ::1 GET /Service1.svc - 49474 - ::1 Mozilla/4.0+(compatible;+MSIE+6.0;+MS+Web+Services+Client+Protocol+4.0.30319.42000) - 200 0 0 130
2018-04-14 07:37:43 ::1 GET /Service1.svc disco 49474 - ::1 Mozilla/4.0+(compatible;+MSIE+6.0;+MS+Web+Services+Client+Protocol+4.0.30319.42000) - 200 0 0 37
2018-04-14 07:37:43 ::1 GET /Service1.svc/$metadata - 49474 - ::1 Mozilla/4.0+(compatible;+MSIE+6.0;+MS+Web+Services+Client+Protocol+4.0.30319.42000) - 400 0 0 346
2018-04-14 07:37:43 ::1 GET /Service1.svc wsdl 49474 - ::1 Mozilla/4.0+(compatible;+MSIE+6.0;+MS+Web+Services+Client+Protocol+4.0.30319.42000) - 200 0 0 61
2018-04-14 07:37:43 ::1 GET /Service1.svc xsd=xsd0 49474 - ::1 Mozilla/4.0+(compatible;+MSIE+6.0;+MS+Web+Services+Client+Protocol+4.0.30319.42000) - 200 0 0 6
2018-04-14 07:37:43 ::1 GET /Service1.svc xsd=xsd2 49474 - ::1 Mozilla/4.0+(compatible;+MSIE+6.0;+MS+Web+Services+Client+Protocol+4.0.30319.42000) - 200 0 0 175
2018-04-14 07:37:43 ::1 GET /Service1.svc xsd=xsd3 49474 - ::1 Mozilla/4.0+(compatible;+MSIE+6.0;+MS+Web+Services+Client+Protocol+4.0.30319.42000) - 200 0 0 108
2018-04-14 07:37:43 ::1 GET /Service1.svc xsd=xsd1 49474 - ::1 Mozilla/4.0+(compatible;+MSIE+6.0;+MS+Web+Services+Client+Protocol+4.0.30319.42000) - 200 0 0 89
2018-04-14 07:37:45 ::1 POST /Service1.svc - 49474 - ::1 - - 415 0 0 50
2018-04-14 07:37:45 ::1 POST /Service1.svc/mex - 49474 - ::1 - - 415 0 0 51
#Software: Microsoft Internet Information Services 10.0
#Version: 1.0
#Date: 2018-04-14 07:48:02
#Fields: date time s-ip cs-method cs-uri-stem cs-uri-query s-port cs-username c-ip cs(User-Agent) cs(Referer) sc-status sc-substatus sc-win32-status time-taken
2018-04-14 07:48:02 ::1 POST /Service1.svc - 49474 - ::1 - - 415 0 0 5584
2018-04-14 07:48:02 ::1 POST /Service1.svc/mex - 49474 - ::1 - - 415 0 0 15
2018-04-14 07:48:05 ::1 GET /Service1.svc - 49474 - ::1 Mozilla/4.0+(compatible;+MSIE+6.0;+MS+Web+Services+Client+Protocol+4.0.30319.42000) - 200 0 0 2364
2018-04-14 07:48:05 ::1 GET /Service1.svc disco 49474 - ::1 Mozilla/4.0+(compatible;+MSIE+6.0;+MS+Web+Services+Client+Protocol+4.0.30319.42000) - 200 0 0 10
2018-04-14 07:48:05 ::1 GET /Service1.svc wsdl 49474 - ::1 Mozilla/4.0+(compatible;+MSIE+6.0;+MS+Web+Services+Client+Protocol+4.0.30319.42000) - 200 0 0 70
2018-04-14 07:48:05 ::1 GET /Service1.svc xsd=xsd0 49474 - ::1 Mozilla/4.0+(compatible;+MSIE+6.0;+MS+Web+Services+Client+Protocol+4.0.30319.42000) - 200 0 0 428
2018-04-14 07:48:05 ::1 GET /Service1.svc xsd=xsd2 49474 - ::1 Mozilla/4.0+(compatible;+MSIE+6.0;+MS+Web+Services+Client+Protocol+4.0.30319.42000) - 200 0 0 9
2018-04-14 07:48:05 ::1 GET /Service1.svc xsd=xsd3 49474 - ::1 Mozilla/4.0+(compatible;+MSIE+6.0;+MS+Web+Services+Client+Protocol+4.0.30319.42000) - 200 0 0 41
2018-04-14 07:48:05 ::1 GET /Service1.svc xsd=xsd1 49474 - ::1 Mozilla/4.0+(compatible;+MSIE+6.0;+MS+Web+Services+Client+Protocol+4.0.30319.42000) - 200 0 0 23
2018-04-14 07:48:43 ::1 GET /Service1.svc/$metadata - 49474 - ::1 Mozilla/4.0+(compatible;+MSIE+6.0;+MS+Web+Services+Client+Protocol+4.0.30319.42000) - 400 0 0 104
2018-04-14 07:48:43 ::1 GET /Service1.svc - 49474 - ::1 Mozilla/4.0+(compatible;+MSIE+6.0;+MS+Web+Services+Client+Protocol+4.0.30319.42000) - 200 0 0 105
2018-04-14 07:48:43 ::1 POST /Service1.svc/mex - 49474 - ::1 - - 415 0 0 40
2018-04-14 07:48:43 ::1 POST /Service1.svc - 49474 - ::1 - - 415 0 0 45
2018-04-14 07:48:43 ::1 GET /Service1.svc disco 49474 - ::1 Mozilla/4.0+(compatible;+MSIE+6.0;+MS+Web+Services+Client+Protocol+4.0.30319.42000) - 200 0 0 21
2018-04-14 07:48:43 ::1 GET /Service1.svc wsdl 49474 - ::1 Mozilla/4.0+(compatible;+MSIE+6.0;+MS+Web+Services+Client+Protocol+4.0.30319.42000) - 200 0 0 11
2018-04-14 07:48:43 ::1 GET /Service1.svc xsd=xsd0 49474 - ::1 Mozilla/4.0+(compatible;+MSIE+6.0;+MS+Web+Services+Client+Protocol+4.0.30319.42000) - 200 0 0 7
2018-04-14 07:48:43 ::1 GET /Service1.svc xsd=xsd2 49474 - ::1 Mozilla/4.0+(compatible;+MSIE+6.0;+MS+Web+Services+Client+Protocol+4.0.30319.42000) - 200 0 0 7
2018-04-14 07:48:43 ::1 GET /Service1.svc xsd=xsd3 49474 - ::1 Mozilla/4.0+(compatible;+MSIE+6.0;+MS+Web+Services+Client+Protocol+4.0.30319.42000) - 200 0 0 8
2018-04-14 07:48:43 ::1 GET /Service1.svc xsd=xsd1 49474 - ::1 Mozilla/4.0+(compatible;+MSIE+6.0;+MS+Web+Services+Client+Protocol+4.0.30319.42000) - 200 0 0 5
2018-04-14 07:49:39 ::1 POST /Service1.svc - 49474 - ::1 - - 200 0 0 3662
2018-04-14 07:49:56 ::1 POST /Service1.svc - 49474 - ::1 - - 200 0 0 210
2018-04-14 07:49:56 ::1 POST /Service1.svc - 49474 - ::1 - - 200 0 0 67
2018-04-14 07:49:56 ::1 POST /Service1.svc - 49474 - ::1 - - 200 0 0 23
2018-04-14 07:49:56 ::1 POST /Service1.svc - 49474 - ::1 - - 200 0 0 67
2018-04-14 07:49:56 ::1 POST /Service1.svc - 49474 - ::1 - - 200 0 0 298
2018-04-14 07:49:56 ::1 POST /Service1.svc - 49474 - ::1 - - 200 0 0 189
2018-04-14 07:49:56 ::1 POST /Service1.svc - 49474 - ::1 - - 200 0 0 106
2018-04-14 07:49:56 ::1 POST /Service1.svc - 49474 - ::1 - - 200 0 0 177
2018-04-14 07:49:57 ::1 POST /Service1.svc - 49474 - ::1 - - 200 0 0 26
2018-04-14 07:49:57 ::1 POST /Service1.svc - 49474 - ::1 - - 200 0 0 45
2018-04-14 07:49:57 ::1 POST /Service1.svc - 49474 - ::1 - - 200 0 0 44
2018-04-14 07:49:57 ::1 POST /Service1.svc - 49474 - ::1 - - 200 0 0 272
2018-04-14 07:50:02 ::1 POST /Service1.svc - 49474 - ::1 - - 200 0 0 53
2018-04-14 07:50:04 ::1 POST /Service1.svc - 49474 - ::1 - - 200 0 0 173
2018-04-14 07:50:04 ::1 POST /Service1.svc - 49474 - ::1 - - 200 0 0 46
2018-04-14 07:50:04 ::1 POST /Service1.svc - 49474 - ::1 - - 200 0 0 23
2018-04-14 07:50:04 ::1 POST /Service1.svc - 49474 - ::1 - - 200 0 0 17
2018-04-14 07:50:10 ::1 POST /Service1.svc - 49474 - ::1 - - 200 0 0 51
2018-04-14 07:50:16 ::1 POST /Service1.svc - 49474 - ::1 - - 200 0 0 58
2018-04-14 07:50:16 ::1 POST /Service1.svc - 49474 - ::1 - - 200 0 0 74
2018-04-14 07:50:16 ::1 POST /Service1.svc - 49474 - ::1 - - 200 0 0 15
2018-04-14 07:50:16 ::1 POST /Service1.svc - 49474 - ::1 - - 200 0 0 14
2018-04-14 07:50:16 ::1 POST /Service1.svc - 49474 - ::1 - - 200 0 0 25
2018-04-14 07:50:16 ::1 POST /Service1.svc - 49474 - ::1 - - 200 0 0 21
2018-04-14 07:50:16 ::1 POST /Service1.svc - 49474 - ::1 - - 200 0 0 76
2018-04-14 07:50:31 ::1 POST /Service1.svc - 49474 - ::1 - - 200 0 0 59
2018-04-14 07:50:31 ::1 POST /Service1.svc - 49474 - ::1 - - 200 0 0 31
2018-04-14 07:50:31 ::1 POST /Service1.svc - 49474 - ::1 - - 200 0 0 28
2018-04-14 07:50:31 ::1 POST /Service1.svc - 49474 - ::1 - - 200 0 0 52
2018-04-14 07:50:31 ::1 POST /Service1.svc - 49474 - ::1 - - 200 0 0 130
2018-04-14 07:51:45 ::1 POST /Service1.svc - 49474 - ::1 - - 200 0 0 112
2018-04-14 07:53:52 ::1 POST /Service1.svc - 49474 - ::1 - - 200 0 0 49
2018-04-14 08:05:19 ::1 POST /Service1.svc - 49474 - ::1 - - 200 0 0 116
2018-04-14 08:05:24 ::1 POST /Service1.svc - 49474 - ::1 - - 200 0 0 198
2018-04-14 08:05:24 ::1 POST /Service1.svc - 49474 - ::1 - - 200 0 0 52
2018-04-14 08:05:24 ::1 POST /Service1.svc - 49474 - ::1 - - 200 0 0 114
2018-04-14 08:05:24 ::1 POST /Service1.svc - 49474 - ::1 - - 200 0 0 24
2018-04-14 08:06:07 ::1 POST /Service1.svc - 49474 - ::1 - - 200 0 0 67
2018-04-14 08:06:13 ::1 POST /Service1.svc - 49474 - ::1 - - 200 0 0 265
2018-04-14 08:06:15 ::1 POST /Service1.svc - 49474 - ::1 - - 200 0 0 57
2018-04-14 08:06:21 ::1 POST /Service1.svc - 49474 - ::1 - - 200 0 0 178
2018-04-14 08:06:27 ::1 POST /Service1.svc - 49474 - ::1 - - 200 0 0 34
2018-04-14 08:06:30 ::1 POST /Service1.svc - 49474 - ::1 - - 200 0 0 50
2018-04-14 08:06:30 ::1 POST /Service1.svc - 49474 - ::1 - - 200 0 0 34
2018-04-14 08:06:30 ::1 POST /Service1.svc - 49474 - ::1 - - 200 0 0 30
2018-04-14 08:06:30 ::1 POST /Service1.svc - 49474 - ::1 - - 200 0 0 79
2018-04-14 08:06:30 ::1 POST /Service1.svc - 49474 - ::1 - - 200 0 0 29
2018-04-14 08:06:30 ::1 POST /Service1.svc - 49474 - ::1 - - 200 0 0 20
2018-04-14 08:06:30 ::1 POST /Service1.svc - 49474 - ::1 - - 200 0 0 36
2018-04-14 08:06:30 ::1 POST /Service1.svc - 49474 - ::1 - - 200 0 0 55
2018-04-14 08:06:30 ::1 POST /Service1.svc - 49474 - ::1 - - 200 0 0 43
2018-04-14 08:06:30 ::1 POST /Service1.svc - 49474 - ::1 - - 200 0 0 37
2018-04-14 08:06:30 ::1 POST /Service1.svc - 49474 - ::1 - - 200 0 0 110
2018-04-14 08:06:30 ::1 POST /Service1.svc - 49474 - ::1 - - 200 0 0 66
2018-04-14 08:06:30 ::1 POST /Service1.svc - 49474 - ::1 - - 200 0 0 86
2018-04-14 08:06:30 ::1 POST /Service1.svc - 49474 - ::1 - - 200 0 0 21
2018-04-14 08:06:30 ::1 POST /Service1.svc - 49474 - ::1 - - 200 0 0 26
2018-04-14 08:06:30 ::1 POST /Service1.svc - 49474 - ::1 - - 200 0 0 16
2018-04-14 08:06:30 ::1 POST /Service1.svc - 49474 - ::1 - - 200 0 0 72
2018-04-14 08:06:30 ::1 POST /Service1.svc - 49474 - ::1 - - 200 0 0 90
2018-04-14 08:06:30 ::1 POST /Service1.svc - 49474 - ::1 - - 200 0 0 29
2018-04-14 08:06:30 ::1 POST /Service1.svc - 49474 - ::1 - - 200 0 0 17
2018-04-14 08:06:31 ::1 POST /Service1.svc - 49474 - ::1 - - 200 0 0 60
2018-04-14 08:06:31 ::1 POST /Service1.svc - 49474 - ::1 - - 200 0 0 76
2018-04-14 08:06:31 ::1 POST /Service1.svc - 49474 - ::1 - - 200 0 0 65
2018-04-14 08:07:30 ::1 POST /Service1.svc - 49474 - ::1 - - 200 0 0 77
#Software: Microsoft Internet Information Services 10.0
#Version: 1.0
#Date: 2018-04-14 11:42:46
#Fields: date time s-ip cs-method cs-uri-stem cs-uri-query s-port cs-username c-ip cs(User-Agent) cs(Referer) sc-status sc-substatus sc-win32-status time-taken
2018-04-14 11:42:46 ::1 POST /Service1.svc - 49474 - ::1 - - 200 0 0 94
2018-04-14 11:42:46 ::1 POST /Service1.svc - 49474 - ::1 - - 200 0 0 57
2018-04-14 11:42:46 ::1 POST /Service1.svc - 49474 - ::1 - - 200 0 0 515
2018-04-14 11:42:48 ::1 POST /Service1.svc - 49474 - ::1 - - 200 0 0 146
2018-04-14 11:42:48 ::1 POST /Service1.svc - 49474 - ::1 - - 200 0 0 93
2018-04-14 11:42:48 ::1 POST /Service1.svc - 49474 - ::1 - - 200 0 0 25
2018-04-14 11:42:48 ::1 POST /Service1.svc - 49474 - ::1 - - 200 0 0 434
2018-04-14 11:42:52 ::1 POST /Service1.svc - 49474 - ::1 - - 200 0 0 162
2018-04-14 11:42:52 ::1 POST /Service1.svc - 49474 - ::1 - - 200 0 0 78
2018-04-14 11:42:52 ::1 POST /Service1.svc - 49474 - ::1 - - 200 0 0 83
2018-04-14 11:42:52 ::1 POST /Service1.svc - 49474 - ::1 - - 200 0 0 159
2018-04-14 11:42:52 ::1 POST /Service1.svc - 49474 - ::1 - - 200 0 0 117
2018-04-14 11:43:05 ::1 POST /Service1.svc - 49474 - ::1 - - 200 0 0 221
2018-04-14 11:43:05 ::1 POST /Service1.svc - 49474 - ::1 - - 200 0 0 25
2018-04-14 11:43:05 ::1 POST /Service1.svc - 49474 - ::1 - - 200 0 0 41
2018-04-14 11:43:05 ::1 POST /Service1.svc - 49474 - ::1 - - 200 0 0 175
2018-04-14 11:43:17 ::1 POST /Service1.svc - 49474 - ::1 - - 200 0 0 283
2018-04-14 11:43:21 ::1 POST /Service1.svc - 49474 - ::1 - - 200 0 0 48
2018-04-14 11:43:32 ::1 POST /Service1.svc - 49474 - ::1 - - 200 0 0 284
2018-04-14 11:55:42 ::1 POST /Service1.svc - 49474 - ::1 - - 200 0 0 63
2018-04-14 11:55:42 ::1 POST /Service1.svc - 49474 - ::1 - - 200 0 0 129
2018-04-14 11:55:42 ::1 POST /Service1.svc - 49474 - ::1 - - 200 0 0 54
2018-04-14 11:55:42 ::1 POST /Service1.svc - 49474 - ::1 - - 200 0 0 69
2018-04-14 11:55:42 ::1 POST /Service1.svc - 49474 - ::1 - - 200 0 0 207
2018-04-14 11:55:42 ::1 POST /Service1.svc - 49474 - ::1 - - 200 0 0 79
2018-04-14 11:55:43 ::1 POST /Service1.svc - 49474 - ::1 - - 200 0 0 276
2018-04-14 11:55:47 ::1 POST /Service1.svc - 49474 - ::1 - - 200 0 0 1350
2018-04-14 11:55:47 ::1 POST /Service1.svc - 49474 - ::1 - - 200 0 0 662
2018-04-14 11:55:49 ::1 POST /Service1.svc - 49474 - ::1 - - 200 0 0 868
2018-04-14 11:55:49 ::1 POST /Service1.svc - 49474 - ::1 - - 200 0 0 816
2018-04-14 11:55:51 ::1 POST /Service1.svc - 49474 - ::1 - - 200 0 0 759
2018-04-14 11:56:04 ::1 POST /Service1.svc - 49474 - ::1 - - 200 0 0 441
2018-04-14 11:56:09 ::1 POST /Service1.svc - 49474 - ::1 - - 200 0 0 541
2018-04-14 11:56:12 ::1 POST /Service1.svc - 49474 - ::1 - - 200 0 0 77
2018-04-14 11:56:30 ::1 POST /Service1.svc - 49474 - ::1 - - 200 0 0 18076
2018-04-14 11:56:43 ::1 POST /Service1.svc - 49474 - ::1 - - 200 0 0 231
#Software: Microsoft Internet Information Services 10.0
#Version: 1.0
#Date: 2018-04-14 12:05:20
#Fields: date time s-ip cs-method cs-uri-stem cs-uri-query s-port cs-username c-ip cs(User-Agent) cs(Referer) sc-status sc-substatus sc-win32-status time-taken
2018-04-14 12:05:20 ::1 POST /Service1.svc - 49474 - ::1 - - 415 0 0 5517
2018-04-14 12:05:20 ::1 POST /Service1.svc/mex - 49474 - ::1 - - 415 0 0 13
2018-04-14 12:05:22 ::1 GET /Service1.svc - 49474 - ::1 Mozilla/4.0+(compatible;+MSIE+6.0;+MS+Web+Services+Client+Protocol+4.0.30319.42000) - 200 0 0 2091
2018-04-14 12:05:22 ::1 GET /Service1.svc disco 49474 - ::1 Mozilla/4.0+(compatible;+MSIE+6.0;+MS+Web+Services+Client+Protocol+4.0.30319.42000) - 200 0 0 18
2018-04-14 12:05:22 ::1 GET /Service1.svc wsdl 49474 - ::1 Mozilla/4.0+(compatible;+MSIE+6.0;+MS+Web+Services+Client+Protocol+4.0.30319.42000) - 200 0 0 26
2018-04-14 12:05:22 ::1 GET /Service1.svc xsd=xsd0 49474 - ::1 Mozilla/4.0+(compatible;+MSIE+6.0;+MS+Web+Services+Client+Protocol+4.0.30319.42000) - 200 0 0 512
2018-04-14 12:05:22 ::1 GET /Service1.svc xsd=xsd2 49474 - ::1 Mozilla/4.0+(compatible;+MSIE+6.0;+MS+Web+Services+Client+Protocol+4.0.30319.42000) - 200 0 0 16
2018-04-14 12:05:22 ::1 GET /Service1.svc xsd=xsd3 49474 - ::1 Mozilla/4.0+(compatible;+MSIE+6.0;+MS+Web+Services+Client+Protocol+4.0.30319.42000) - 200 0 0 15
2018-04-14 12:05:22 ::1 GET /Service1.svc xsd=xsd1 49474 - ::1 Mozilla/4.0+(compatible;+MSIE+6.0;+MS+Web+Services+Client+Protocol+4.0.30319.42000) - 200 0 0 19
2018-04-14 12:05:53 ::1 GET /Service1.svc/$metadata - 49474 - ::1 Mozilla/4.0+(compatible;+MSIE+6.0;+MS+Web+Services+Client+Protocol+4.0.30319.42000) - 400 0 0 108
2018-04-14 12:05:53 ::1 GET /Service1.svc - 49474 - ::1 Mozilla/4.0+(compatible;+MSIE+6.0;+MS+Web+Services+Client+Protocol+4.0.30319.42000) - 200 0 0 163
2018-04-14 12:05:53 ::1 POST /Service1.svc/mex - 49474 - ::1 - - 415 0 0 44
2018-04-14 12:05:53 ::1 POST /Service1.svc - 49474 - ::1 - - 415 0 0 61
2018-04-14 12:05:53 ::1 GET /Service1.svc disco 49474 - ::1 Mozilla/4.0+(compatible;+MSIE+6.0;+MS+Web+Services+Client+Protocol+4.0.30319.42000) - 200 0 0 59
2018-04-14 12:05:53 ::1 GET /Service1.svc wsdl 49474 - ::1 Mozilla/4.0+(compatible;+MSIE+6.0;+MS+Web+Services+Client+Protocol+4.0.30319.42000) - 200 0 0 23
2018-04-14 12:05:53 ::1 GET /Service1.svc xsd=xsd0 49474 - ::1 Mozilla/4.0+(compatible;+MSIE+6.0;+MS+Web+Services+Client+Protocol+4.0.30319.42000) - 200 0 0 15
2018-04-14 12:05:53 ::1 GET /Service1.svc xsd=xsd2 49474 - ::1 Mozilla/4.0+(compatible;+MSIE+6.0;+MS+Web+Services+Client+Protocol+4.0.30319.42000) - 200 0 0 62
2018-04-14 12:05:53 ::1 GET /Service1.svc xsd=xsd3 49474 - ::1 Mozilla/4.0+(compatible;+MSIE+6.0;+MS+Web+Services+Client+Protocol+4.0.30319.42000) - 200 0 0 58
2018-04-14 12:05:53 ::1 GET /Service1.svc xsd=xsd1 49474 - ::1 Mozilla/4.0+(compatible;+MSIE+6.0;+MS+Web+Services+Client+Protocol+4.0.30319.42000) - 200 0 0 24
2018-04-14 12:06:28 ::1 POST /Service1.svc - 49474 - ::1 - - 200 0 0 956
2018-04-14 12:06:28 ::1 POST /Service1.svc - 49474 - ::1 - - 200 0 0 77
2018-04-14 12:06:28 ::1 POST /Service1.svc - 49474 - ::1 - - 200 0 0 62
2018-04-14 12:06:28 ::1 POST /Service1.svc - 49474 - ::1 - - 200 0 0 240
2018-04-14 12:06:28 ::1 POST /Service1.svc - 49474 - ::1 - - 200 0 0 78
2018-04-14 12:06:28 ::1 POST /Service1.svc - 49474 - ::1 - - 200 0 0 81
2018-04-14 12:06:29 ::1 POST /Service1.svc - 49474 - ::1 - - 200 0 0 254
2018-04-14 12:06:33 ::1 POST /Service1.svc - 49474 - ::1 - - 200 0 0 39
2018-04-14 12:06:33 ::1 POST /Service1.svc - 49474 - ::1 - - 200 0 0 56
2018-04-14 12:06:33 ::1 POST /Service1.svc - 49474 - ::1 - - 200 0 0 112
2018-04-14 12:06:33 ::1 POST /Service1.svc - 49474 - ::1 - - 200 0 0 91
2018-04-14 12:06:33 ::1 POST /Service1.svc - 49474 - ::1 - - 200 0 0 223
2018-04-14 12:06:50 ::1 POST /Service1.svc - 49474 - ::1 - - 200 0 0 95
2018-04-14 12:06:56 ::1 POST /Service1.svc - 49474 - ::1 - - 200 0 0 55
2018-04-14 12:06:57 ::1 POST /Service1.svc - 49474 - ::1 - - 200 0 0 52
2018-04-14 12:07:16 ::1 POST /Service1.svc - 49474 - ::1 - - 200 0 0 18500
2018-04-14 12:07:23 ::1 POST /Service1.svc - 49474 - ::1 - - 200 0 0 218
2018-04-14 12:07:30 ::1 POST /Service1.svc - 49474 - ::1 - - 200 0 0 7179
2018-04-14 12:07:35 ::1 POST /Service1.svc - 49474 - ::1 - - 200 0 0 26
2018-04-14 12:07:46 ::1 POST /Service1.svc - 49474 - ::1 - - 200 0 0 11074
2018-04-14 12:07:59 ::1 POST /Service1.svc - 49474 - ::1 - - 200 0 0 295
#Software: Microsoft Internet Information Services 10.0
#Version: 1.0
#Date: 2018-04-14 12:09:26
#Fields: date time s-ip cs-method cs-uri-stem cs-uri-query s-port cs-username c-ip cs(User-Agent) cs(Referer) sc-status sc-substatus sc-win32-status time-taken
2018-04-14 12:09:26 ::1 POST /Service1.svc - 49474 - ::1 - - 415 0 0 8418
2018-04-14 12:09:26 ::1 POST /Service1.svc/mex - 49474 - ::1 - - 415 0 0 669
2018-04-14 12:09:29 ::1 GET /Service1.svc - 49474 - ::1 Mozilla/4.0+(compatible;+MSIE+6.0;+MS+Web+Services+Client+Protocol+4.0.30319.42000) - 200 0 0 2922
2018-04-14 12:09:29 ::1 GET /Service1.svc disco 49474 - ::1 Mozilla/4.0+(compatible;+MSIE+6.0;+MS+Web+Services+Client+Protocol+4.0.30319.42000) - 200 0 0 53
2018-04-14 12:09:29 ::1 GET /Service1.svc wsdl 49474 - ::1 Mozilla/4.0+(compatible;+MSIE+6.0;+MS+Web+Services+Client+Protocol+4.0.30319.42000) - 200 0 0 40
2018-04-14 12:09:30 ::1 GET /Service1.svc xsd=xsd0 49474 - ::1 Mozilla/4.0+(compatible;+MSIE+6.0;+MS+Web+Services+Client+Protocol+4.0.30319.42000) - 200 0 0 933
2018-04-14 12:09:30 ::1 GET /Service1.svc xsd=xsd2 49474 - ::1 Mozilla/4.0+(compatible;+MSIE+6.0;+MS+Web+Services+Client+Protocol+4.0.30319.42000) - 200 0 0 47
2018-04-14 12:09:30 ::1 GET /Service1.svc xsd=xsd3 49474 - ::1 Mozilla/4.0+(compatible;+MSIE+6.0;+MS+Web+Services+Client+Protocol+4.0.30319.42000) - 200 0 0 62
2018-04-14 12:09:30 ::1 GET /Service1.svc xsd=xsd1 49474 - ::1 Mozilla/4.0+(compatible;+MSIE+6.0;+MS+Web+Services+Client+Protocol+4.0.30319.42000) - 200 0 0 35
2018-04-14 12:10:25 ::1 GET /Service1.svc - 49474 - ::1 Mozilla/4.0+(compatible;+MSIE+6.0;+MS+Web+Services+Client+Protocol+4.0.30319.42000) - 200 0 0 234
2018-04-14 12:10:25 ::1 POST /Service1.svc - 49474 - ::1 - - 415 0 0 160
2018-04-14 12:10:25 ::1 GET /Service1.svc/$metadata - 49474 - ::1 Mozilla/4.0+(compatible;+MSIE+6.0;+MS+Web+Services+Client+Protocol+4.0.30319.42000) - 400 0 0 390
2018-04-14 12:10:25 ::1 POST /Service1.svc/mex - 49474 - ::1 - - 415 0 0 213
2018-04-14 12:10:25 ::1 GET /Service1.svc disco 49474 - ::1 Mozilla/4.0+(compatible;+MSIE+6.0;+MS+Web+Services+Client+Protocol+4.0.30319.42000) - 200 0 0 257
2018-04-14 12:10:25 ::1 GET /Service1.svc wsdl 49474 - ::1 Mozilla/4.0+(compatible;+MSIE+6.0;+MS+Web+Services+Client+Protocol+4.0.30319.42000) - 200 0 0 14
2018-04-14 12:10:25 ::1 GET /Service1.svc xsd=xsd0 49474 - ::1 Mozilla/4.0+(compatible;+MSIE+6.0;+MS+Web+Services+Client+Protocol+4.0.30319.42000) - 200 0 0 173
2018-04-14 12:10:25 ::1 GET /Service1.svc xsd=xsd2 49474 - ::1 Mozilla/4.0+(compatible;+MSIE+6.0;+MS+Web+Services+Client+Protocol+4.0.30319.42000) - 200 0 0 88
2018-04-14 12:10:25 ::1 GET /Service1.svc xsd=xsd3 49474 - ::1 Mozilla/4.0+(compatible;+MSIE+6.0;+MS+Web+Services+Client+Protocol+4.0.30319.42000) - 200 0 0 89
2018-04-14 12:10:26 ::1 GET /Service1.svc xsd=xsd1 49474 - ::1 Mozilla/4.0+(compatible;+MSIE+6.0;+MS+Web+Services+Client+Protocol+4.0.30319.42000) - 200 0 0 180
2018-04-14 12:10:55 ::1 GET /Service1.svc/$metadata - 49474 - ::1 Mozilla/4.0+(compatible;+MSIE+6.0;+MS+Web+Services+Client+Protocol+4.0.30319.42000) - 400 0 0 91
2018-04-14 12:10:55 ::1 POST /Service1.svc - 49474 - ::1 - - 415 0 0 37
2018-04-14 12:10:55 ::1 GET /Service1.svc - 49474 - ::1 Mozilla/4.0+(compatible;+MSIE+6.0;+MS+Web+Services+Client+Protocol+4.0.30319.42000) - 200 0 0 108
2018-04-14 12:10:55 ::1 POST /Service1.svc/mex - 49474 - ::1 - - 415 0 0 41
2018-04-14 12:10:55 ::1 GET /Service1.svc disco 49474 - ::1 Mozilla/4.0+(compatible;+MSIE+6.0;+MS+Web+Services+Client+Protocol+4.0.30319.42000) - 200 0 0 11
2018-04-14 12:10:55 ::1 GET /Service1.svc wsdl 49474 - ::1 Mozilla/4.0+(compatible;+MSIE+6.0;+MS+Web+Services+Client+Protocol+4.0.30319.42000) - 200 0 0 29
2018-04-14 12:10:55 ::1 GET /Service1.svc xsd=xsd0 49474 - ::1 Mozilla/4.0+(compatible;+MSIE+6.0;+MS+Web+Services+Client+Protocol+4.0.30319.42000) - 200 0 0 37
2018-04-14 12:10:55 ::1 GET /Service1.svc xsd=xsd2 49474 - ::1 Mozilla/4.0+(compatible;+MSIE+6.0;+MS+Web+Services+Client+Protocol+4.0.30319.42000) - 200 0 0 10
2018-04-14 12:10:55 ::1 GET /Service1.svc xsd=xsd3 49474 - ::1 Mozilla/4.0+(compatible;+MSIE+6.0;+MS+Web+Services+Client+Protocol+4.0.30319.42000) - 200 0 0 9
2018-04-14 12:10:55 ::1 GET /Service1.svc xsd=xsd1 49474 - ::1 Mozilla/4.0+(compatible;+MSIE+6.0;+MS+Web+Services+Client+Protocol+4.0.30319.42000) - 200 0 0 4
2018-04-14 12:11:18 ::1 POST /Service1.svc - 49474 - ::1 - - 200 0 0 426
2018-04-14 12:11:18 ::1 POST /Service1.svc - 49474 - ::1 - - 200 0 0 72
2018-04-14 12:11:18 ::1 POST /Service1.svc - 49474 - ::1 - - 200 0 0 26
2018-04-14 12:11:18 ::1 POST /Service1.svc - 49474 - ::1 - - 200 0 0 32
2018-04-14 12:11:18 ::1 POST /Service1.svc - 49474 - ::1 - - 200 0 0 76
2018-04-14 12:11:18 ::1 POST /Service1.svc - 49474 - ::1 - - 200 0 0 20
2018-04-14 12:11:18 ::1 POST /Service1.svc - 49474 - ::1 - - 200 0 0 94
2018-04-14 12:11:21 ::1 POST /Service1.svc - 49474 - ::1 - - 200 0 0 61
2018-04-14 12:11:21 ::1 POST /Service1.svc - 49474 - ::1 - - 200 0 0 60
2018-04-14 12:11:21 ::1 POST /Service1.svc - 49474 - ::1 - - 200 0 0 226
2018-04-14 12:11:21 ::1 POST /Service1.svc - 49474 - ::1 - - 200 0 0 151
2018-04-14 12:11:21 ::1 POST /Service1.svc - 49474 - ::1 - - 200 0 0 480
2018-04-14 12:11:38 ::1 POST /Service1.svc - 49474 - ::1 - - 200 0 0 62
2018-04-14 12:11:49 ::1 POST /Service1.svc - 49474 - ::1 - - 200 0 0 32
2018-04-14 12:11:51 ::1 POST /Service1.svc - 49474 - ::1 - - 200 0 0 68
2018-04-14 12:11:51 ::1 POST /Service1.svc - 49474 - ::1 - - 200 0 0 507
2018-04-14 12:12:04 ::1 POST /Service1.svc - 49474 - ::1 - - 200 0 0 52
2018-04-14 12:20:52 ::1 POST /Service1.svc - 49474 - ::1 - - 200 0 0 107
2018-04-14 12:20:52 ::1 POST /Service1.svc - 49474 - ::1 - - 200 0 0 76
2018-04-14 12:20:52 ::1 POST /Service1.svc - 49474 - ::1 - - 200 0 0 23
2018-04-14 12:20:52 ::1 POST /Service1.svc - 49474 - ::1 - - 200 0 0 105
2018-04-14 12:20:52 ::1 POST /Service1.svc - 49474 - ::1 - - 200 0 0 158
2018-04-14 12:20:52 ::1 POST /Service1.svc - 49474 - ::1 - - 200 0 0 191
2018-04-14 12:20:53 ::1 POST /Service1.svc - 49474 - ::1 - - 200 0 0 223
2018-04-14 12:20:56 ::1 POST /Service1.svc - 49474 - ::1 - - 200 0 0 50
2018-04-14 12:20:56 ::1 POST /Service1.svc - 49474 - ::1 - - 200 0 0 125
2018-04-14 12:20:56 ::1 POST /Service1.svc - 49474 - ::1 - - 200 0 0 88
2018-04-14 12:20:56 ::1 POST /Service1.svc - 49474 - ::1 - - 200 0 0 81
2018-04-14 12:20:56 ::1 POST /Service1.svc - 49474 - ::1 - - 200 0 0 148
2018-04-14 12:21:07 ::1 POST /Service1.svc - 49474 - ::1 - - 200 0 0 32
2018-04-14 12:21:10 ::1 POST /Service1.svc - 49474 - ::1 - - 200 0 0 25
2018-04-14 12:21:12 ::1 POST /Service1.svc - 49474 - ::1 - - 200 0 0 32
2018-04-14 12:21:12 ::1 POST /Service1.svc - 49474 - ::1 - - 200 0 0 222
2018-04-14 12:21:27 ::1 POST /Service1.svc - 49474 - ::1 - - 200 0 0 67
2018-04-14 12:30:10 ::1 POST /Service1.svc - 49474 - ::1 - - 200 0 0 85
2018-04-14 12:30:10 ::1 POST /Service1.svc - 49474 - ::1 - - 200 0 0 90
2018-04-14 12:30:10 ::1 POST /Service1.svc - 49474 - ::1 - - 200 0 0 73
2018-04-14 12:30:10 ::1 POST /Service1.svc - 49474 - ::1 - - 200 0 0 362
2018-04-14 12:30:10 ::1 POST /Service1.svc - 49474 - ::1 - - 200 0 0 74
2018-04-14 12:30:10 ::1 POST /Service1.svc - 49474 - ::1 - - 200 0 0 42
2018-04-14 12:30:11 ::1 POST /Service1.svc - 49474 - ::1 - - 200 0 0 219
2018-04-14 12:30:14 ::1 POST /Service1.svc - 49474 - ::1 - - 200 0 0 168
2018-04-14 12:30:14 ::1 POST /Service1.svc - 49474 - ::1 - - 200 0 0 406
2018-04-14 12:30:14 ::1 POST /Service1.svc - 49474 - ::1 - - 200 0 0 157
2018-04-14 12:30:14 ::1 POST /Service1.svc - 49474 - ::1 - - 200 0 0 42
2018-04-14 12:30:14 ::1 POST /Service1.svc - 49474 - ::1 - - 200 0 0 146
2018-04-14 12:30:27 ::1 POST /Service1.svc - 49474 - ::1 - - 200 0 0 32
2018-04-14 12:30:34 ::1 POST /Service1.svc - 49474 - ::1 - - 200 0 0 17
2018-04-14 12:30:35 ::1 POST /Service1.svc - 49474 - ::1 - - 200 0 0 84
2018-04-14 12:30:35 ::1 POST /Service1.svc - 49474 - ::1 - - 200 0 0 221
2018-04-14 12:30:48 ::1 POST /Service1.svc - 49474 - ::1 - - 200 0 0 18
2018-04-14 12:31:00 ::1 POST /Service1.svc - 49474 - ::1 - - 200 0 0 171
#Software: Microsoft Internet Information Services 10.0
#Version: 1.0
#Date: 2018-04-14 13:06:57
#Fields: date time s-ip cs-method cs-uri-stem cs-uri-query s-port cs-username c-ip cs(User-Agent) cs(Referer) sc-status sc-substatus sc-win32-status time-taken
2018-04-14 13:06:57 ::1 POST /Service1.svc - 49474 - ::1 - - 200 0 0 403
2018-04-14 13:06:58 ::1 POST /Service1.svc - 49474 - ::1 - - 200 0 0 893
2018-04-14 13:06:58 ::1 POST /Service1.svc - 49474 - ::1 - - 200 0 0 332
2018-04-14 13:06:58 ::1 POST /Service1.svc - 49474 - ::1 - - 200 0 0 123
2018-04-14 13:06:58 ::1 POST /Service1.svc - 49474 - ::1 - - 200 0 0 41
2018-04-14 13:06:58 ::1 POST /Service1.svc - 49474 - ::1 - - 200 0 0 191
2018-04-14 13:06:58 ::1 POST /Service1.svc - 49474 - ::1 - - 200 0 0 106
2018-04-14 13:07:02 ::1 POST /Service1.svc - 49474 - ::1 - - 200 0 0 60
2018-04-14 13:07:02 ::1 POST /Service1.svc - 49474 - ::1 - - 200 0 0 117
2018-04-14 13:07:02 ::1 POST /Service1.svc - 49474 - ::1 - - 200 0 0 319
2018-04-14 13:07:02 ::1 POST /Service1.svc - 49474 - ::1 - - 200 0 0 175
2018-04-14 13:07:02 ::1 POST /Service1.svc - 49474 - ::1 - - 200 0 0 34
2018-04-14 13:10:08 ::1 GET /Service1.svc/$metadata - 49474 - ::1 Mozilla/4.0+(compatible;+MSIE+6.0;+MS+Web+Services+Client+Protocol+4.0.30319.42000) - 400 0 0 78
2018-04-14 13:10:08 ::1 GET /Service1.svc - 49474 - ::1 Mozilla/4.0+(compatible;+MSIE+6.0;+MS+Web+Services+Client+Protocol+4.0.30319.42000) - 200 0 0 145
2018-04-14 13:10:08 ::1 GET /Service1.svc disco 49474 - ::1 Mozilla/4.0+(compatible;+MSIE+6.0;+MS+Web+Services+Client+Protocol+4.0.30319.42000) - 200 0 0 141
2018-04-14 13:10:08 ::1 GET /Service1.svc wsdl 49474 - ::1 Mozilla/4.0+(compatible;+MSIE+6.0;+MS+Web+Services+Client+Protocol+4.0.30319.42000) - 200 0 0 148
2018-04-14 13:10:08 ::1 GET /Service1.svc xsd=xsd0 49474 - ::1 Mozilla/4.0+(compatible;+MSIE+6.0;+MS+Web+Services+Client+Protocol+4.0.30319.42000) - 200 0 0 127
2018-04-14 13:10:08 ::1 GET /Service1.svc xsd=xsd2 49474 - ::1 Mozilla/4.0+(compatible;+MSIE+6.0;+MS+Web+Services+Client+Protocol+4.0.30319.42000) - 200 0 0 63
2018-04-14 13:10:08 ::1 GET /Service1.svc xsd=xsd3 49474 - ::1 Mozilla/4.0+(compatible;+MSIE+6.0;+MS+Web+Services+Client+Protocol+4.0.30319.42000) - 200 0 0 84
2018-04-14 13:10:08 ::1 GET /Service1.svc xsd=xsd1 49474 - ::1 Mozilla/4.0+(compatible;+MSIE+6.0;+MS+Web+Services+Client+Protocol+4.0.30319.42000) - 200 0 0 195
2018-04-14 13:10:09 ::1 POST /Service1.svc/mex - 49474 - ::1 - - 415 0 0 134
2018-04-14 13:10:09 ::1 POST /Service1.svc - 49474 - ::1 - - 415 0 0 189
2018-04-14 13:11:25 ::1 POST /Service1.svc - 49474 - ::1 - - 200 0 0 31
2018-04-14 13:11:25 ::1 POST /Service1.svc - 49474 - ::1 - - 200 0 0 23
2018-04-14 13:11:25 ::1 POST /Service1.svc - 49474 - ::1 - - 200 0 0 26
2018-04-14 13:11:25 ::1 POST /Service1.svc - 49474 - ::1 - - 200 0 0 25
2018-04-14 13:11:25 ::1 POST /Service1.svc - 49474 - ::1 - - 200 0 0 94
2018-04-14 13:11:25 ::1 POST /Service1.svc - 49474 - ::1 - - 200 0 0 41
2018-04-14 13:11:25 ::1 POST /Service1.svc - 49474 - ::1 - - 200 0 0 56
2018-04-14 13:11:29 ::1 POST /Service1.svc - 49474 - ::1 - - 200 0 0 22
2018-04-14 13:11:29 ::1 POST /Service1.svc - 49474 - ::1 - - 200 0 0 16
2018-04-14 13:11:29 ::1 POST /Service1.svc - 49474 - ::1 - - 200 0 0 47
2018-04-14 13:11:29 ::1 POST /Service1.svc - 49474 - ::1 - - 200 0 0 44
2018-04-14 13:11:52 ::1 POST /Service1.svc - 49474 - ::1 - - 200 0 0 42
2018-04-14 13:11:57 ::1 POST /Service1.svc - 49474 - ::1 - - 200 0 0 21
2018-04-14 13:12:00 ::1 POST /Service1.svc - 49474 - ::1 - - 200 0 0 140
2018-04-14 13:12:00 ::1 POST /Service1.svc - 49474 - ::1 - - 200 0 0 235
2018-04-14 13:12:09 ::1 POST /Service1.svc - 49474 - ::1 - - 200 0 0 25
2018-04-14 13:12:09 ::1 POST /Service1.svc - 49474 - ::1 - - 200 0 0 58
2018-04-14 13:12:09 ::1 POST /Service1.svc - 49474 - ::1 - - 200 0 0 44
2018-04-14 13:12:09 ::1 POST /Service1.svc - 49474 - ::1 - - 200 0 0 13
2018-04-14 13:12:09 ::1 POST /Service1.svc - 49474 - ::1 - - 200 0 0 21
2018-04-14 13:12:09 ::1 POST /Service1.svc - 49474 - ::1 - - 200 0 0 83
2018-04-14 13:12:09 ::1 POST /Service1.svc - 49474 - ::1 - - 200 0 0 15
2018-04-14 13:12:13 ::1 POST /Service1.svc - 49474 - ::1 - - 200 0 0 85
2018-04-14 13:12:13 ::1 POST /Service1.svc - 49474 - ::1 - - 200 0 0 14
2018-04-14 13:12:13 ::1 POST /Service1.svc - 49474 - ::1 - - 200 0 0 19
2018-04-14 13:12:13 ::1 POST /Service1.svc - 49474 - ::1 - - 200 0 0 14
2018-04-14 13:12:28 ::1 POST /Service1.svc - 49474 - ::1 - - 200 0 0 121
2018-04-14 13:25:41 ::1 POST /Service1.svc - 49474 - ::1 - - 200 0 0 122
2018-04-14 13:25:41 ::1 POST /Service1.svc - 49474 - ::1 - - 200 0 0 268
2018-04-14 13:25:41 ::1 POST /Service1.svc - 49474 - ::1 - - 200 0 0 18
2018-04-14 13:25:42 ::1 POST /Service1.svc - 49474 - ::1 - - 200 0 0 27
2018-04-14 13:25:42 ::1 POST /Service1.svc - 49474 - ::1 - - 200 0 0 413
2018-04-14 13:25:42 ::1 POST /Service1.svc - 49474 - ::1 - - 200 0 0 164
2018-04-14 13:25:42 ::1 POST /Service1.svc - 49474 - ::1 - - 200 0 0 109
2018-04-14 13:25:53 ::1 POST /Service1.svc - 49474 - ::1 - - 200 0 0 201
2018-04-14 13:25:53 ::1 POST /Service1.svc - 49474 - ::1 - - 200 0 0 38
2018-04-14 13:25:53 ::1 POST /Service1.svc - 49474 - ::1 - - 200 0 0 198
2018-04-14 13:25:53 ::1 POST /Service1.svc - 49474 - ::1 - - 200 0 0 129
2018-04-14 13:25:53 ::1 POST /Service1.svc - 49474 - ::1 - - 200 0 0 103
2018-04-14 13:26:11 ::1 POST /Service1.svc - 49474 - ::1 - - 200 0 0 958
2018-04-14 13:26:17 ::1 POST /Service1.svc - 49474 - ::1 - - 200 0 0 670
2018-04-14 13:26:19 ::1 POST /Service1.svc - 49474 - ::1 - - 200 0 0 93
2018-04-14 13:26:19 ::1 POST /Service1.svc - 49474 - ::1 - - 200 0 0 228
2018-04-14 13:26:26 ::1 POST /Service1.svc - 49474 - ::1 - - 200 0 0 309
2018-04-14 13:26:26 ::1 POST /Service1.svc - 49474 - ::1 - - 200 0 0 46
2018-04-14 13:26:26 ::1 POST /Service1.svc - 49474 - ::1 - - 200 0 0 66
2018-04-14 13:26:26 ::1 POST /Service1.svc - 49474 - ::1 - - 200 0 0 246
2018-04-14 13:26:28 ::1 POST /Service1.svc - 49474 - ::1 - - 200 0 0 455
2018-04-14 13:26:28 ::1 POST /Service1.svc - 49474 - ::1 - - 200 0 0 147
2018-04-14 13:26:28 ::1 POST /Service1.svc - 49474 - ::1 - - 200 0 0 142
2018-04-14 13:26:31 ::1 POST /Service1.svc - 49474 - ::1 - - 200 0 0 284
2018-04-14 13:26:31 ::1 POST /Service1.svc - 49474 - ::1 - - 200 0 0 462
2018-04-14 13:26:32 ::1 POST /Service1.svc - 49474 - ::1 - - 200 0 0 601
2018-04-14 13:26:32 ::1 POST /Service1.svc - 49474 - ::1 - - 200 0 0 537
2018-04-14 13:26:33 ::1 POST /Service1.svc - 49474 - ::1 - - 200 0 0 857
2018-04-14 13:26:44 ::1 POST /Service1.svc - 49474 - ::1 - - 200 0 0 661
2018-04-14 13:26:51 ::1 POST /Service1.svc - 49474 - ::1 - - 200 0 0 32
2018-04-14 13:26:51 ::1 POST /Service1.svc - 49474 - ::1 - - 200 0 0 55
2018-04-14 13:27:03 ::1 POST /Service1.svc - 49474 - ::1 - - 200 0 0 68
2018-04-14 13:27:35 ::1 POST /Service1.svc - 49474 - ::1 - - 200 0 0 193
2018-04-14 13:29:04 ::1 POST /Service1.svc - 49474 - ::1 - - 200 0 0 143
2018-04-14 13:29:04 ::1 POST /Service1.svc - 49474 - ::1 - - 200 0 0 52
2018-04-14 13:29:04 ::1 POST /Service1.svc - 49474 - ::1 - - 200 0 0 784
2018-04-14 13:29:05 ::1 POST /Service1.svc - 49474 - ::1 - - 200 0 0 84
2018-04-14 13:29:05 ::1 POST /Service1.svc - 49474 - ::1 - - 200 0 0 84
2018-04-14 13:29:05 ::1 POST /Service1.svc - 49474 - ::1 - - 200 0 0 95
2018-04-14 13:29:06 ::1 POST /Service1.svc - 49474 - ::1 - - 200 0 0 902
2018-04-14 13:29:10 ::1 POST /Service1.svc - 49474 - ::1 - - 200 0 0 348
2018-04-14 13:29:10 ::1 POST /Service1.svc - 49474 - ::1 - - 200 0 0 394
2018-04-14 13:29:11 ::1 POST /Service1.svc - 49474 - ::1 - - 200 0 0 851
2018-04-14 13:29:11 ::1 POST /Service1.svc - 49474 - ::1 - - 200 0 0 276
2018-04-14 13:29:11 ::1 POST /Service1.svc - 49474 - ::1 - - 200 0 0 582
2018-04-14 13:29:26 ::1 POST /Service1.svc - 49474 - ::1 - - 200 0 0 51
2018-04-14 13:29:30 ::1 POST /Service1.svc - 49474 - ::1 - - 200 0 0 72
2018-04-14 13:29:32 ::1 POST /Service1.svc - 49474 - ::1 - - 200 0 0 74
2018-04-14 13:29:32 ::1 POST /Service1.svc - 49474 - ::1 - - 200 0 0 201
2018-04-14 13:29:40 ::1 POST /Service1.svc - 49474 - ::1 - - 200 0 0 84
2018-04-14 13:29:40 ::1 POST /Service1.svc - 49474 - ::1 - - 200 0 0 82
2018-04-14 13:29:40 ::1 POST /Service1.svc - 49474 - ::1 - - 200 0 0 52
2018-04-14 13:29:40 ::1 POST /Service1.svc - 49474 - ::1 - - 200 0 0 137
2018-04-14 13:29:40 ::1 POST /Service1.svc - 49474 - ::1 - - 200 0 0 17
2018-04-14 13:29:40 ::1 POST /Service1.svc - 49474 - ::1 - - 200 0 0 32
2018-04-14 13:29:40 ::1 POST /Service1.svc - 49474 - ::1 - - 200 0 0 270
2018-04-14 13:29:44 ::1 POST /Service1.svc - 49474 - ::1 - - 200 0 0 36
2018-04-14 13:29:44 ::1 POST /Service1.svc - 49474 - ::1 - - 200 0 0 34
2018-04-14 13:29:44 ::1 POST /Service1.svc - 49474 - ::1 - - 200 0 0 50
2018-04-14 13:29:44 ::1 POST /Service1.svc - 49474 - ::1 - - 200 0 0 49
2018-04-14 13:29:44 ::1 POST /Service1.svc - 49474 - ::1 - - 200 0 0 99
2018-04-14 13:29:53 ::1 POST /Service1.svc - 49474 - ::1 - - 200 0 0 100
2018-04-14 13:29:59 ::1 POST /Service1.svc - 49474 - ::1 - - 200 0 0 41
2018-04-14 13:30:21 ::1 POST /Service1.svc - 49474 - ::1 - - 200 0 0 158
2018-04-14 13:34:44 ::1 POST /Service1.svc - 49474 - ::1 - - 200 0 0 298
2018-04-14 13:34:44 ::1 POST /Service1.svc - 49474 - ::1 - - 200 0 0 52
2018-04-14 13:34:44 ::1 POST /Service1.svc - 49474 - ::1 - - 200 0 0 160
2018-04-14 13:34:44 ::1 POST /Service1.svc - 49474 - ::1 - - 200 0 0 213
2018-04-14 13:34:45 ::1 POST /Service1.svc - 49474 - ::1 - - 200 0 0 619
2018-04-14 13:34:45 ::1 POST /Service1.svc - 49474 - ::1 - - 200 0 0 675
2018-04-14 13:34:46 ::1 POST /Service1.svc - 49474 - ::1 - - 200 0 0 379
2018-04-14 13:34:50 ::1 POST /Service1.svc - 49474 - ::1 - - 200 0 0 234
2018-04-14 13:34:50 ::1 POST /Service1.svc - 49474 - ::1 - - 200 0 0 808
2018-04-14 13:34:51 ::1 POST /Service1.svc - 49474 - ::1 - - 200 0 0 152
2018-04-14 13:34:52 ::1 POST /Service1.svc - 49474 - ::1 - - 200 0 0 1218
2018-04-14 13:34:52 ::1 POST /Service1.svc - 49474 - ::1 - - 200 0 0 585
2018-04-14 13:35:06 ::1 POST /Service1.svc - 49474 - ::1 - - 200 0 0 355
2018-04-14 13:37:23 ::1 POST /Service1.svc - 49474 - ::1 - - 200 0 0 397
2018-04-14 13:37:23 ::1 POST /Service1.svc - 49474 - ::1 - - 200 0 0 76
2018-04-14 13:37:23 ::1 POST /Service1.svc - 49474 - ::1 - - 200 0 0 385
2018-04-14 13:37:24 ::1 POST /Service1.svc - 49474 - ::1 - - 200 0 0 796
2018-04-14 13:37:24 ::1 POST /Service1.svc - 49474 - ::1 - - 200 0 0 414
2018-04-14 13:37:24 ::1 POST /Service1.svc - 49474 - ::1 - - 200 0 0 545
2018-04-14 13:37:26 ::1 POST /Service1.svc - 49474 - ::1 - - 200 0 0 287
2018-04-14 13:37:30 ::1 POST /Service1.svc - 49474 - ::1 - - 200 0 0 32
2018-04-14 13:37:30 ::1 POST /Service1.svc - 49474 - ::1 - - 200 0 0 21
2018-04-14 13:37:30 ::1 POST /Service1.svc - 49474 - ::1 - - 200 0 0 63
2018-04-14 13:37:30 ::1 POST /Service1.svc - 49474 - ::1 - - 200 0 0 23
2018-04-14 13:37:30 ::1 POST /Service1.svc - 49474 - ::1 - - 200 0 0 49
2018-04-14 13:37:43 ::1 POST /Service1.svc - 49474 - ::1 - - 200 0 0 82
2018-04-14 13:38:04 ::1 POST /Service1.svc - 49474 - ::1 - - 200 0 0 116
#Software: Microsoft Internet Information Services 10.0
#Version: 1.0
#Date: 2018-04-14 14:30:50
#Fields: date time s-ip cs-method cs-uri-stem cs-uri-query s-port cs-username c-ip cs(User-Agent) cs(Referer) sc-status sc-substatus sc-win32-status time-taken
2018-04-14 14:30:50 ::1 POST /Service1.svc - 49474 - ::1 - - 200 0 0 154
2018-04-14 14:30:50 ::1 POST /Service1.svc - 49474 - ::1 - - 200 0 0 81
2018-04-14 14:30:50 ::1 POST /Service1.svc - 49474 - ::1 - - 200 0 0 17
2018-04-14 14:30:50 ::1 POST /Service1.svc - 49474 - ::1 - - 200 0 0 16
2018-04-14 14:30:50 ::1 POST /Service1.svc - 49474 - ::1 - - 200 0 0 15
2018-04-14 14:30:50 ::1 POST /Service1.svc - 49474 - ::1 - - 200 0 0 25
2018-04-14 14:31:02 ::1 POST /Service1.svc - 49474 - ::1 - - 200 0 0 12
2018-04-14 14:31:02 ::1 POST /Service1.svc - 49474 - ::1 - - 200 0 0 52
2018-04-14 14:31:18 ::1 POST /Service1.svc - 49474 - ::1 - - 200 0 0 54
2018-04-14 14:31:18 ::1 POST /Service1.svc - 49474 - ::1 - - 200 0 0 100
2018-04-14 14:31:18 ::1 POST /Service1.svc - 49474 - ::1 - - 200 0 0 39
2018-04-14 14:31:18 ::1 POST /Service1.svc - 49474 - ::1 - - 200 0 0 10
2018-04-14 14:31:18 ::1 POST /Service1.svc - 49474 - ::1 - - 200 0 0 51
2018-04-14 14:31:18 ::1 POST /Service1.svc - 49474 - ::1 - - 200 0 0 60
2018-04-14 14:31:18 ::1 POST /Service1.svc - 49474 - ::1 - - 200 0 0 27
2018-04-14 14:31:39 ::1 POST /Service1.svc - 49474 - ::1 - - 200 0 0 74
2018-04-14 14:31:39 ::1 POST /Service1.svc - 49474 - ::1 - - 200 0 0 280
2018-04-14 14:31:40 ::1 POST /Service1.svc - 49474 - ::1 - - 200 0 0 62
2018-04-14 14:31:40 ::1 POST /Service1.svc - 49474 - ::1 - - 200 0 0 98
2018-04-14 14:31:40 ::1 POST /Service1.svc - 49474 - ::1 - - 200 0 0 31
2018-04-14 14:31:40 ::1 POST /Service1.svc - 49474 - ::1 - - 200 0 0 44
2018-04-14 14:31:40 ::1 POST /Service1.svc - 49474 - ::1 - - 200 0 0 21
2018-04-14 14:31:40 ::1 POST /Service1.svc - 49474 - ::1 - - 200 0 0 162
2018-04-14 14:31:42 ::1 POST /Service1.svc - 49474 - ::1 - - 200 0 0 69
2018-04-14 14:31:42 ::1 POST /Service1.svc - 49474 - ::1 - - 200 0 0 22
2018-04-14 14:31:42 ::1 POST /Service1.svc - 49474 - ::1 - - 200 0 0 22
2018-04-14 14:31:42 ::1 POST /Service1.svc - 49474 - ::1 - - 200 0 0 37
2018-04-14 14:31:42 ::1 POST /Service1.svc - 49474 - ::1 - - 200 0 0 30
2018-04-14 14:31:42 ::1 POST /Service1.svc - 49474 - ::1 - - 200 0 0 43
2018-04-14 14:31:42 ::1 POST /Service1.svc - 49474 - ::1 - - 200 0 0 49
2018-04-14 14:31:46 ::1 POST /Service1.svc - 49474 - ::1 - - 200 0 0 23
2018-04-14 14:31:46 ::1 POST /Service1.svc - 49474 - ::1 - - 200 0 0 28
2018-04-14 14:31:46 ::1 POST /Service1.svc - 49474 - ::1 - - 200 0 0 116
2018-04-14 14:31:46 ::1 POST /Service1.svc - 49474 - ::1 - - 200 0 0 17
2018-04-14 14:33:51 ::1 POST /Service1.svc - 49474 - ::1 - - 200 0 0 213
2018-04-14 14:34:05 ::1 POST /Service1.svc - 49474 - ::1 - - 200 0 0 106
2018-04-14 14:34:05 ::1 POST /Service1.svc - 49474 - ::1 - - 200 0 0 118
2018-04-14 14:34:05 ::1 POST /Service1.svc - 49474 - ::1 - - 200 0 0 21
2018-04-14 14:34:05 ::1 POST /Service1.svc - 49474 - ::1 - - 200 0 0 57
2018-04-14 14:34:05 ::1 POST /Service1.svc - 49474 - ::1 - - 200 0 0 58
2018-04-14 14:34:05 ::1 POST /Service1.svc - 49474 - ::1 - - 200 0 0 68
2018-04-14 14:34:05 ::1 POST /Service1.svc - 49474 - ::1 - - 200 0 0 19
2018-04-14 14:34:05 ::1 POST /Service1.svc - 49474 - ::1 - - 200 0 0 23
2018-04-14 14:34:05 ::1 POST /Service1.svc - 49474 - ::1 - - 200 0 0 30
2018-04-14 14:34:05 ::1 POST /Service1.svc - 49474 - ::1 - - 200 0 0 55
2018-04-14 14:34:05 ::1 POST /Service1.svc - 49474 - ::1 - - 200 0 0 93
2018-04-14 14:34:05 ::1 POST /Service1.svc - 49474 - ::1 - - 200 0 0 47
2018-04-14 14:34:09 ::1 POST /Service1.svc - 49474 - ::1 - - 200 0 0 45
#Software: Microsoft Internet Information Services 10.0
#Version: 1.0
#Date: 2018-04-14 18:10:35
#Fields: date time s-ip cs-method cs-uri-stem cs-uri-query s-port cs-username c-ip cs(User-Agent) cs(Referer) sc-status sc-substatus sc-win32-status time-taken
2018-04-14 18:10:35 ::1 POST /Service1.svc - 49474 - ::1 - - 415 0 0 18396
2018-04-14 18:10:35 ::1 POST /Service1.svc/mex - 49474 - ::1 - - 415 0 0 50
2018-04-14 18:10:38 ::1 GET /Service1.svc - 49474 - ::1 Mozilla/4.0+(compatible;+MSIE+6.0;+MS+Web+Services+Client+Protocol+4.0.30319.42000) - 200 0 0 2336
2018-04-14 18:10:38 ::1 GET /Service1.svc disco 49474 - ::1 Mozilla/4.0+(compatible;+MSIE+6.0;+MS+Web+Services+Client+Protocol+4.0.30319.42000) - 200 0 0 5
2018-04-14 18:10:38 ::1 GET /Service1.svc wsdl 49474 - ::1 Mozilla/4.0+(compatible;+MSIE+6.0;+MS+Web+Services+Client+Protocol+4.0.30319.42000) - 200 0 0 82
2018-04-14 18:10:38 ::1 GET /Service1.svc xsd=xsd0 49474 - ::1 Mozilla/4.0+(compatible;+MSIE+6.0;+MS+Web+Services+Client+Protocol+4.0.30319.42000) - 200 0 0 798
2018-04-14 18:10:38 ::1 GET /Service1.svc xsd=xsd2 49474 - ::1 Mozilla/4.0+(compatible;+MSIE+6.0;+MS+Web+Services+Client+Protocol+4.0.30319.42000) - 200 0 0 12
2018-04-14 18:10:39 ::1 GET /Service1.svc xsd=xsd3 49474 - ::1 Mozilla/4.0+(compatible;+MSIE+6.0;+MS+Web+Services+Client+Protocol+4.0.30319.42000) - 200 0 0 140
2018-04-14 18:10:39 ::1 GET /Service1.svc xsd=xsd1 49474 - ::1 Mozilla/4.0+(compatible;+MSIE+6.0;+MS+Web+Services+Client+Protocol+4.0.30319.42000) - 200 0 0 47
2018-04-14 18:10:59 ::1 GET /Service1.svc - 49474 - ::1 Mozilla/4.0+(compatible;+MSIE+6.0;+MS+Web+Services+Client+Protocol+4.0.30319.42000) - 200 0 0 45
2018-04-14 18:10:59 ::1 GET /Service1.svc/$metadata - 49474 - ::1 Mozilla/4.0+(compatible;+MSIE+6.0;+MS+Web+Services+Client+Protocol+4.0.30319.42000) - 400 0 0 120
2018-04-14 18:10:59 ::1 GET /Service1.svc disco 49474 - ::1 Mozilla/4.0+(compatible;+MSIE+6.0;+MS+Web+Services+Client+Protocol+4.0.30319.42000) - 200 0 0 36
2018-04-14 18:10:59 ::1 GET /Service1.svc wsdl 49474 - ::1 Mozilla/4.0+(compatible;+MSIE+6.0;+MS+Web+Services+Client+Protocol+4.0.30319.42000) - 200 0 0 111
2018-04-14 18:10:59 ::1 GET /Service1.svc xsd=xsd0 49474 - ::1 Mozilla/4.0+(compatible;+MSIE+6.0;+MS+Web+Services+Client+Protocol+4.0.30319.42000) - 200 0 0 6
2018-04-14 18:10:59 ::1 GET /Service1.svc xsd=xsd2 49474 - ::1 Mozilla/4.0+(compatible;+MSIE+6.0;+MS+Web+Services+Client+Protocol+4.0.30319.42000) - 200 0 0 7
2018-04-14 18:10:59 ::1 GET /Service1.svc xsd=xsd3 49474 - ::1 Mozilla/4.0+(compatible;+MSIE+6.0;+MS+Web+Services+Client+Protocol+4.0.30319.42000) - 200 0 0 38
2018-04-14 18:10:59 ::1 GET /Service1.svc xsd=xsd1 49474 - ::1 Mozilla/4.0+(compatible;+MSIE+6.0;+MS+Web+Services+Client+Protocol+4.0.30319.42000) - 200 0 0 114
2018-04-14 18:11:01 ::1 POST /Service1.svc/mex - 49474 - ::1 - - 415 0 0 25
2018-04-14 18:11:01 ::1 POST /Service1.svc - 49474 - ::1 - - 415 0 0 68
2018-04-14 18:11:53 ::1 POST /Service1.svc - 49474 - ::1 - - 200 0 0 372
2018-04-14 18:11:53 ::1 POST /Service1.svc - 49474 - ::1 - - 200 0 0 63
2018-04-14 18:11:53 ::1 POST /Service1.svc - 49474 - ::1 - - 200 0 0 59
2018-04-14 18:11:53 ::1 POST /Service1.svc - 49474 - ::1 - - 200 0 0 16
2018-04-14 18:11:53 ::1 POST /Service1.svc - 49474 - ::1 - - 200 0 0 120
2018-04-14 18:11:54 ::1 POST /Service1.svc - 49474 - ::1 - - 200 0 0 83
2018-04-14 18:11:54 ::1 POST /Service1.svc - 49474 - ::1 - - 200 0 0 13
2018-04-14 18:11:57 ::1 POST /Service1.svc - 49474 - ::1 - - 200 0 0 149
2018-04-14 18:11:57 ::1 POST /Service1.svc - 49474 - ::1 - - 200 0 0 45
2018-04-14 18:11:57 ::1 POST /Service1.svc - 49474 - ::1 - - 200 0 0 110
2018-04-14 18:11:57 ::1 POST /Service1.svc - 49474 - ::1 - - 200 0 0 27
2018-04-14 18:12:12 ::1 POST /Service1.svc - 49474 - ::1 - - 200 0 0 27
2018-04-14 18:12:18 ::1 POST /Service1.svc - 49474 - ::1 - - 200 0 0 49
2018-04-14 18:14:21 ::1 GET /Service1.svc - 49474 - ::1 Mozilla/4.0+(compatible;+MSIE+6.0;+MS+Web+Services+Client+Protocol+4.0.30319.42000) - 200 0 0 160
2018-04-14 18:14:21 ::1 GET /Service1.svc/$metadata - 49474 - ::1 Mozilla/4.0+(compatible;+MSIE+6.0;+MS+Web+Services+Client+Protocol+4.0.30319.42000) - 400 0 0 287
2018-04-14 18:14:21 ::1 GET /Service1.svc disco 49474 - ::1 Mozilla/4.0+(compatible;+MSIE+6.0;+MS+Web+Services+Client+Protocol+4.0.30319.42000) - 200 0 0 163
2018-04-14 18:14:21 ::1 GET /Service1.svc wsdl 49474 - ::1 Mozilla/4.0+(compatible;+MSIE+6.0;+MS+Web+Services+Client+Protocol+4.0.30319.42000) - 200 0 0 51
2018-04-14 18:14:21 ::1 GET /Service1.svc xsd=xsd0 49474 - ::1 Mozilla/4.0+(compatible;+MSIE+6.0;+MS+Web+Services+Client+Protocol+4.0.30319.42000) - 200 0 0 101
2018-04-14 18:14:21 ::1 GET /Service1.svc xsd=xsd2 49474 - ::1 Mozilla/4.0+(compatible;+MSIE+6.0;+MS+Web+Services+Client+Protocol+4.0.30319.42000) - 200 0 0 106
2018-04-14 18:14:21 ::1 GET /Service1.svc xsd=xsd3 49474 - ::1 Mozilla/4.0+(compatible;+MSIE+6.0;+MS+Web+Services+Client+Protocol+4.0.30319.42000) - 200 0 0 53
2018-04-14 18:14:21 ::1 GET /Service1.svc xsd=xsd1 49474 - ::1 Mozilla/4.0+(compatible;+MSIE+6.0;+MS+Web+Services+Client+Protocol+4.0.30319.42000) - 200 0 0 119
2018-04-14 18:14:22 ::1 POST /Service1.svc/mex - 49474 - ::1 - - 415 0 0 65
2018-04-14 18:14:22 ::1 POST /Service1.svc - 49474 - ::1 - - 415 0 0 163
2018-04-14 18:15:23 ::1 POST /Service1.svc - 49474 - ::1 - - 200 0 0 18
2018-04-14 18:15:23 ::1 POST /Service1.svc - 49474 - ::1 - - 200 0 0 18
2018-04-14 18:15:23 ::1 POST /Service1.svc - 49474 - ::1 - - 200 0 0 18
2018-04-14 18:15:23 ::1 POST /Service1.svc - 49474 - ::1 - - 200 0 0 17
2018-04-14 18:15:23 ::1 POST /Service1.svc - 49474 - ::1 - - 200 0 0 80
2018-04-14 18:15:23 ::1 POST /Service1.svc - 49474 - ::1 - - 200 0 0 92
2018-04-14 18:15:23 ::1 POST /Service1.svc - 49474 - ::1 - - 200 0 0 26
2018-04-14 18:15:27 ::1 POST /Service1.svc - 49474 - ::1 - - 200 0 0 25
2018-04-14 18:15:27 ::1 POST /Service1.svc - 49474 - ::1 - - 200 0 0 61
2018-04-14 18:15:27 ::1 POST /Service1.svc - 49474 - ::1 - - 200 0 0 97
2018-04-14 18:15:27 ::1 POST /Service1.svc - 49474 - ::1 - - 200 0 0 24
2018-04-14 18:15:27 ::1 POST /Service1.svc - 49474 - ::1 - - 200 0 0 41
2018-04-14 18:15:45 ::1 POST /Service1.svc - 49474 - ::1 - - 200 0 0 72
2018-04-14 18:15:48 ::1 POST /Service1.svc - 49474 - ::1 - - 200 0 0 17
2018-04-14 18:15:51 ::1 POST /Service1.svc - 49474 - ::1 - - 200 0 0 26
2018-04-14 18:16:03 ::1 POST /Service1.svc - 49474 - ::1 - - 200 0 0 12546
2018-04-14 18:16:12 ::1 POST /Service1.svc - 49474 - ::1 - - 200 0 0 49
2018-04-14 18:16:12 ::1 POST /Service1.svc - 49474 - ::1 - - 200 0 0 47
2018-04-14 18:16:12 ::1 POST /Service1.svc - 49474 - ::1 - - 200 0 0 47
2018-04-14 18:16:12 ::1 POST /Service1.svc - 49474 - ::1 - - 200 0 0 29
2018-04-14 18:16:12 ::1 POST /Service1.svc - 49474 - ::1 - - 200 0 0 58
2018-04-14 18:16:12 ::1 POST /Service1.svc - 49474 - ::1 - - 200 0 0 21
2018-04-14 18:16:12 ::1 POST /Service1.svc - 49474 - ::1 - - 200 0 0 58
2018-04-14 18:16:17 ::1 POST /Service1.svc - 49474 - ::1 - - 200 0 0 44
2018-04-14 18:16:17 ::1 POST /Service1.svc - 49474 - ::1 - - 200 0 0 24
2018-04-14 18:16:17 ::1 POST /Service1.svc - 49474 - ::1 - - 200 0 0 31
2018-04-14 18:16:17 ::1 POST /Service1.svc - 49474 - ::1 - - 200 0 0 14
2018-04-14 18:16:17 ::1 POST /Service1.svc - 49474 - ::1 - - 200 0 0 15
2018-04-14 18:16:31 ::1 POST /Service1.svc - 49474 - ::1 - - 200 0 0 55
2018-04-14 18:17:09 ::1 POST /Service1.svc - 49474 - ::1 - - 200 0 0 29
2018-04-14 18:17:09 ::1 POST /Service1.svc - 49474 - ::1 - - 200 0 0 65
2018-04-14 18:17:09 ::1 POST /Service1.svc - 49474 - ::1 - - 200 0 0 14
2018-04-14 18:17:09 ::1 POST /Service1.svc - 49474 - ::1 - - 200 0 0 14
2018-04-14 18:17:09 ::1 POST /Service1.svc - 49474 - ::1 - - 200 0 0 10
2018-04-14 18:17:09 ::1 POST /Service1.svc - 49474 - ::1 - - 200 0 0 19
2018-04-14 18:17:09 ::1 POST /Service1.svc - 49474 - ::1 - - 200 0 0 48
2018-04-14 18:17:13 ::1 POST /Service1.svc - 49474 - ::1 - - 200 0 0 40
2018-04-14 18:17:13 ::1 POST /Service1.svc - 49474 - ::1 - - 200 0 0 40
2018-04-14 18:17:13 ::1 POST /Service1.svc - 49474 - ::1 - - 200 0 0 44
2018-04-14 18:17:13 ::1 POST /Service1.svc - 49474 - ::1 - - 200 0 0 29
2018-04-14 18:17:13 ::1 POST /Service1.svc - 49474 - ::1 - - 200 0 0 70
2018-04-14 18:17:30 ::1 POST /Service1.svc - 49474 - ::1 - - 200 0 0 40
2018-04-14 18:17:45 ::1 POST /Service1.svc - 49474 - ::1 - - 200 0 0 161
