#Software: Microsoft Internet Information Services 10.0
#Version: 1.0
#Date: 2018-04-11 05:05:23
#Fields: date time s-ip cs-method cs-uri-stem cs-uri-query s-port cs-username c-ip cs(User-Agent) cs(Referer) sc-status sc-substatus sc-win32-status time-taken
2018-04-11 05:05:23 ::1 POST /Service1.svc - 49474 - ::1 - - 415 0 0 13772
2018-04-11 05:05:23 ::1 POST /Service1.svc/mex - 49474 - ::1 - - 415 0 0 33
2018-04-11 05:05:27 ::1 GET /Service1.svc - 49474 - ::1 Mozilla/4.0+(compatible;+MSIE+6.0;+MS+Web+Services+Client+Protocol+4.0.30319.42000) - 200 0 0 3170
2018-04-11 05:05:27 ::1 GET /Service1.svc disco 49474 - ::1 Mozilla/4.0+(compatible;+MSIE+6.0;+MS+Web+Services+Client+Protocol+4.0.30319.42000) - 200 0 0 47
2018-04-11 05:05:27 ::1 GET /Service1.svc wsdl 49474 - ::1 Mozilla/4.0+(compatible;+MSIE+6.0;+MS+Web+Services+Client+Protocol+4.0.30319.42000) - 200 0 0 184
2018-04-11 05:05:29 ::1 GET /Service1.svc xsd=xsd0 49474 - ::1 Mozilla/4.0+(compatible;+MSIE+6.0;+MS+Web+Services+Client+Protocol+4.0.30319.42000) - 200 0 0 1474
2018-04-11 05:05:29 ::1 GET /Service1.svc xsd=xsd2 49474 - ::1 Mozilla/4.0+(compatible;+MSIE+6.0;+MS+Web+Services+Client+Protocol+4.0.30319.42000) - 200 0 0 7
2018-04-11 05:05:29 ::1 GET /Service1.svc xsd=xsd3 49474 - ::1 Mozilla/4.0+(compatible;+MSIE+6.0;+MS+Web+Services+Client+Protocol+4.0.30319.42000) - 200 0 0 4
2018-04-11 05:05:29 ::1 GET /Service1.svc xsd=xsd1 49474 - ::1 Mozilla/4.0+(compatible;+MSIE+6.0;+MS+Web+Services+Client+Protocol+4.0.30319.42000) - 200 0 0 13
2018-04-11 05:05:52 ::1 GET /Service1.svc - 49474 - ::1 Mozilla/4.0+(compatible;+MSIE+6.0;+MS+Web+Services+Client+Protocol+4.0.30319.42000) - 200 0 0 26
2018-04-11 05:05:52 ::1 GET /Service1.svc disco 49474 - ::1 Mozilla/4.0+(compatible;+MSIE+6.0;+MS+Web+Services+Client+Protocol+4.0.30319.42000) - 200 0 0 39
2018-04-11 05:05:52 ::1 GET /Service1.svc/$metadata - 49474 - ::1 Mozilla/4.0+(compatible;+MSIE+6.0;+MS+Web+Services+Client+Protocol+4.0.30319.42000) - 400 0 0 403
2018-04-11 05:05:52 ::1 GET /Service1.svc wsdl 49474 - ::1 Mozilla/4.0+(compatible;+MSIE+6.0;+MS+Web+Services+Client+Protocol+4.0.30319.42000) - 200 0 0 127
2018-04-11 05:05:52 ::1 GET /Service1.svc xsd=xsd0 49474 - ::1 Mozilla/4.0+(compatible;+MSIE+6.0;+MS+Web+Services+Client+Protocol+4.0.30319.42000) - 200 0 0 7
2018-04-11 05:05:52 ::1 GET /Service1.svc xsd=xsd2 49474 - ::1 Mozilla/4.0+(compatible;+MSIE+6.0;+MS+Web+Services+Client+Protocol+4.0.30319.42000) - 200 0 0 8
2018-04-11 05:05:52 ::1 GET /Service1.svc xsd=xsd3 49474 - ::1 Mozilla/4.0+(compatible;+MSIE+6.0;+MS+Web+Services+Client+Protocol+4.0.30319.42000) - 200 0 0 15
2018-04-11 05:05:52 ::1 GET /Service1.svc xsd=xsd1 49474 - ::1 Mozilla/4.0+(compatible;+MSIE+6.0;+MS+Web+Services+Client+Protocol+4.0.30319.42000) - 200 0 0 19
2018-04-11 05:05:55 ::1 POST /Service1.svc - 49474 - ::1 - - 415 0 0 55
2018-04-11 05:05:55 ::1 POST /Service1.svc/mex - 49474 - ::1 - - 415 0 0 82
2018-04-11 05:06:47 ::1 GET /Service1.svc/$metadata - 49474 - ::1 Mozilla/4.0+(compatible;+MSIE+6.0;+MS+Web+Services+Client+Protocol+4.0.30319.42000) - 400 0 0 144
2018-04-11 05:06:47 ::1 GET /Service1.svc - 49474 - ::1 Mozilla/4.0+(compatible;+MSIE+6.0;+MS+Web+Services+Client+Protocol+4.0.30319.42000) - 200 0 0 217
2018-04-11 05:06:47 ::1 POST /Service1.svc/mex - 49474 - ::1 - - 415 0 0 282
2018-04-11 05:06:47 ::1 POST /Service1.svc - 49474 - ::1 - - 415 0 0 249
2018-04-11 05:06:47 ::1 GET /Service1.svc disco 49474 - ::1 Mozilla/4.0+(compatible;+MSIE+6.0;+MS+Web+Services+Client+Protocol+4.0.30319.42000) - 200 0 0 155
2018-04-11 05:06:47 ::1 GET /Service1.svc wsdl 49474 - ::1 Mozilla/4.0+(compatible;+MSIE+6.0;+MS+Web+Services+Client+Protocol+4.0.30319.42000) - 200 0 0 85
2018-04-11 05:06:47 ::1 GET /Service1.svc xsd=xsd0 49474 - ::1 Mozilla/4.0+(compatible;+MSIE+6.0;+MS+Web+Services+Client+Protocol+4.0.30319.42000) - 200 0 0 21
2018-04-11 05:06:47 ::1 GET /Service1.svc xsd=xsd2 49474 - ::1 Mozilla/4.0+(compatible;+MSIE+6.0;+MS+Web+Services+Client+Protocol+4.0.30319.42000) - 200 0 0 10
2018-04-11 05:06:47 ::1 GET /Service1.svc xsd=xsd3 49474 - ::1 Mozilla/4.0+(compatible;+MSIE+6.0;+MS+Web+Services+Client+Protocol+4.0.30319.42000) - 200 0 0 8
2018-04-11 05:06:47 ::1 GET /Service1.svc xsd=xsd1 49474 - ::1 Mozilla/4.0+(compatible;+MSIE+6.0;+MS+Web+Services+Client+Protocol+4.0.30319.42000) - 200 0 0 5
2018-04-11 05:09:02 ::1 POST /Service1.svc - 49474 - ::1 - - 200 0 0 1339
2018-04-11 05:09:02 ::1 POST /Service1.svc - 49474 - ::1 - - 200 0 0 338
2018-04-11 05:09:02 ::1 POST /Service1.svc - 49474 - ::1 - - 200 0 0 170
2018-04-11 05:09:04 ::1 POST /Service1.svc - 49474 - ::1 - - 200 0 0 219
2018-04-11 05:09:04 ::1 POST /Service1.svc - 49474 - ::1 - - 200 0 0 76
2018-04-11 05:09:04 ::1 POST /Service1.svc - 49474 - ::1 - - 200 0 0 503
2018-04-11 05:09:04 ::1 POST /Service1.svc - 49474 - ::1 - - 200 0 0 88
2018-04-11 05:09:08 ::1 POST /Service1.svc - 49474 - ::1 - - 200 0 0 188
2018-04-11 05:09:08 ::1 POST /Service1.svc - 49474 - ::1 - - 200 0 0 37
2018-04-11 05:09:08 ::1 POST /Service1.svc - 49474 - ::1 - - 200 0 0 147
2018-04-11 05:09:08 ::1 POST /Service1.svc - 49474 - ::1 - - 200 0 0 42
2018-04-11 05:09:22 ::1 POST /Service1.svc - 49474 - ::1 - - 200 0 0 95
2018-04-11 05:09:28 ::1 POST /Service1.svc - 49474 - ::1 - - 200 0 0 31
2018-04-11 05:09:30 ::1 POST /Service1.svc - 49474 - ::1 - - 200 0 0 34
2018-04-11 05:09:37 ::1 POST /Service1.svc - 49474 - ::1 - - 200 0 0 50
2018-04-11 05:09:51 ::1 POST /Service1.svc - 49474 - ::1 - - 200 0 0 78
2018-04-11 05:10:08 ::1 POST /Service1.svc - 49474 - ::1 - - 200 0 0 23
2018-04-11 05:10:08 ::1 POST /Service1.svc - 49474 - ::1 - - 200 0 0 19
2018-04-11 05:10:08 ::1 POST /Service1.svc - 49474 - ::1 - - 200 0 0 20
2018-04-11 05:10:08 ::1 POST /Service1.svc - 49474 - ::1 - - 200 0 0 61
2018-04-11 05:10:08 ::1 POST /Service1.svc - 49474 - ::1 - - 200 0 0 17
2018-04-11 05:10:08 ::1 POST /Service1.svc - 49474 - ::1 - - 200 0 0 34
2018-04-11 05:10:08 ::1 POST /Service1.svc - 49474 - ::1 - - 200 0 0 52
2018-04-11 05:11:40 ::1 POST /Service1.svc - 49474 - ::1 - - 200 0 0 25
2018-04-11 05:11:40 ::1 POST /Service1.svc - 49474 - ::1 - - 200 0 0 101
2018-04-11 05:11:40 ::1 POST /Service1.svc - 49474 - ::1 - - 200 0 0 16
2018-04-11 05:11:40 ::1 POST /Service1.svc - 49474 - ::1 - - 200 0 0 18
2018-04-11 05:11:40 ::1 POST /Service1.svc - 49474 - ::1 - - 200 0 0 78
2018-04-11 05:11:40 ::1 POST /Service1.svc - 49474 - ::1 - - 200 0 0 75
2018-04-11 05:11:40 ::1 POST /Service1.svc - 49474 - ::1 - - 200 0 0 20
2018-04-11 05:11:44 ::1 POST /Service1.svc - 49474 - ::1 - - 200 0 0 26
2018-04-11 05:11:44 ::1 POST /Service1.svc - 49474 - ::1 - - 200 0 0 43
2018-04-11 05:11:44 ::1 POST /Service1.svc - 49474 - ::1 - - 200 0 0 45
2018-04-11 05:11:44 ::1 POST /Service1.svc - 49474 - ::1 - - 200 0 0 28
2018-04-11 05:12:00 ::1 POST /Service1.svc - 49474 - ::1 - - 200 0 0 61
2018-04-11 05:12:06 ::1 POST /Service1.svc - 49474 - ::1 - - 200 0 0 55
2018-04-11 05:12:09 ::1 POST /Service1.svc - 49474 - ::1 - - 200 0 0 38
2018-04-11 05:12:20 ::1 POST /Service1.svc - 49474 - ::1 - - 200 0 0 61
2018-04-11 05:17:42 ::1 POST /Service1.svc - 49474 - ::1 - - 200 0 0 154
2018-04-11 05:17:42 ::1 POST /Service1.svc - 49474 - ::1 - - 200 0 0 202
2018-04-11 05:17:42 ::1 POST /Service1.svc - 49474 - ::1 - - 200 0 0 432
2018-04-11 05:17:43 ::1 POST /Service1.svc - 49474 - ::1 - - 200 0 0 313
2018-04-11 05:17:43 ::1 POST /Service1.svc - 49474 - ::1 - - 200 0 0 139
2018-04-11 05:17:43 ::1 POST /Service1.svc - 49474 - ::1 - - 200 0 0 22
2018-04-11 05:17:43 ::1 POST /Service1.svc - 49474 - ::1 - - 200 0 0 197
2018-04-11 05:18:08 ::1 POST /Service1.svc - 49474 - ::1 - - 200 0 0 17
2018-04-11 05:18:08 ::1 POST /Service1.svc - 49474 - ::1 - - 200 0 0 23
2018-04-11 05:18:08 ::1 POST /Service1.svc - 49474 - ::1 - - 200 0 0 23
2018-04-11 05:18:08 ::1 POST /Service1.svc - 49474 - ::1 - - 200 0 0 9
2018-04-11 05:18:08 ::1 POST /Service1.svc - 49474 - ::1 - - 200 0 0 12
2018-04-11 05:18:08 ::1 POST /Service1.svc - 49474 - ::1 - - 200 0 0 17
2018-04-11 05:18:08 ::1 POST /Service1.svc - 49474 - ::1 - - 200 0 0 15
2018-04-11 05:18:26 ::1 POST /Service1.svc - 49474 - ::1 - - 200 0 0 94
2018-04-11 05:18:26 ::1 POST /Service1.svc - 49474 - ::1 - - 200 0 0 26
2018-04-11 05:18:26 ::1 POST /Service1.svc - 49474 - ::1 - - 200 0 0 95
2018-04-11 05:18:26 ::1 POST /Service1.svc - 49474 - ::1 - - 200 0 0 31
2018-04-11 05:18:54 ::1 POST /Service1.svc - 49474 - ::1 - - 200 0 0 29
2018-04-11 05:19:01 ::1 POST /Service1.svc - 49474 - ::1 - - 200 0 0 82
2018-04-11 05:19:11 ::1 POST /Service1.svc - 49474 - ::1 - - 200 0 0 34
2018-04-11 05:19:29 ::1 POST /Service1.svc - 49474 - ::1 - - 200 0 0 73
2018-04-11 05:19:29 ::1 POST /Service1.svc - 49474 - ::1 - - 200 0 0 83
2018-04-11 05:19:29 ::1 POST /Service1.svc - 49474 - ::1 - - 200 0 0 27
2018-04-11 05:19:29 ::1 POST /Service1.svc - 49474 - ::1 - - 200 0 0 9
2018-04-11 05:19:29 ::1 POST /Service1.svc - 49474 - ::1 - - 200 0 0 16
2018-04-11 05:19:29 ::1 POST /Service1.svc - 49474 - ::1 - - 200 0 0 41
2018-04-11 05:19:29 ::1 POST /Service1.svc - 49474 - ::1 - - 200 0 0 131
2018-04-11 05:20:02 ::1 POST /Service1.svc - 49474 - ::1 - - 200 0 0 24
2018-04-11 05:20:02 ::1 POST /Service1.svc - 49474 - ::1 - - 200 0 0 71
2018-04-11 05:20:02 ::1 POST /Service1.svc - 49474 - ::1 - - 200 0 0 84
2018-04-11 05:20:02 ::1 POST /Service1.svc - 49474 - ::1 - - 200 0 0 26
2018-04-11 05:20:05 ::1 POST /Service1.svc - 49474 - ::1 - - 200 0 0 215
2018-04-11 05:20:05 ::1 POST /Service1.svc - 49474 - ::1 - - 200 0 0 163
2018-04-11 05:20:05 ::1 POST /Service1.svc - 49474 - ::1 - - 200 0 0 29
2018-04-11 05:21:42 ::1 POST /Service1.svc - 49474 - ::1 - - 200 0 0 111
2018-04-11 05:22:11 ::1 POST /Service1.svc - 49474 - ::1 - - 200 0 0 40
2018-04-11 05:22:21 ::1 POST /Service1.svc - 49474 - ::1 - - 200 0 0 47
2018-04-11 05:22:26 ::1 POST /Service1.svc - 49474 - ::1 - - 200 0 0 46
2018-04-11 05:22:34 ::1 POST /Service1.svc - 49474 - ::1 - - 200 0 0 23
2018-04-11 05:23:15 ::1 POST /Service1.svc - 49474 - ::1 - - 200 0 0 55
2018-04-11 05:23:21 ::1 POST /Service1.svc - 49474 - ::1 - - 200 0 0 282
2018-04-11 05:24:11 ::1 POST /Service1.svc - 49474 - ::1 - - 200 0 0 70
2018-04-11 05:39:37 ::1 POST /Service1.svc - 49474 - ::1 - - 200 0 0 45
2018-04-11 05:39:37 ::1 POST /Service1.svc - 49474 - ::1 - - 200 0 0 94
2018-04-11 05:39:37 ::1 POST /Service1.svc - 49474 - ::1 - - 200 0 0 29
2018-04-11 05:39:39 ::1 POST /Service1.svc - 49474 - ::1 - - 200 0 0 15
2018-04-11 05:39:39 ::1 POST /Service1.svc - 49474 - ::1 - - 200 0 0 23
2018-04-11 05:39:39 ::1 POST /Service1.svc - 49474 - ::1 - - 200 0 0 31
2018-04-11 05:39:39 ::1 POST /Service1.svc - 49474 - ::1 - - 200 0 0 11
2018-04-11 05:39:47 ::1 POST /Service1.svc - 49474 - ::1 - - 200 0 0 36
2018-04-11 05:39:47 ::1 POST /Service1.svc - 49474 - ::1 - - 200 0 0 37
2018-04-11 05:39:47 ::1 POST /Service1.svc - 49474 - ::1 - - 200 0 0 82
2018-04-11 05:39:47 ::1 POST /Service1.svc - 49474 - ::1 - - 200 0 0 16
2018-04-11 05:39:51 ::1 POST /Service1.svc - 49474 - ::1 - - 200 0 0 19
2018-04-11 05:40:36 ::1 POST /Service1.svc - 49474 - ::1 - - 200 0 0 42
2018-04-11 05:48:29 ::1 POST /Service1.svc - 49474 - ::1 - - 200 0 0 108
2018-04-11 05:48:29 ::1 POST /Service1.svc - 49474 - ::1 - - 200 0 0 46
2018-04-11 05:48:29 ::1 POST /Service1.svc - 49474 - ::1 - - 200 0 0 147
2018-04-11 05:48:29 ::1 POST /Service1.svc - 49474 - ::1 - - 200 0 0 158
2018-04-11 05:48:29 ::1 POST /Service1.svc - 49474 - ::1 - - 200 0 0 35
2018-04-11 05:48:29 ::1 POST /Service1.svc - 49474 - ::1 - - 200 0 0 196
2018-04-11 05:48:29 ::1 POST /Service1.svc - 49474 - ::1 - - 200 0 0 35
2018-04-11 05:48:33 ::1 POST /Service1.svc - 49474 - ::1 - - 200 0 0 23
2018-04-11 05:48:33 ::1 POST /Service1.svc - 49474 - ::1 - - 200 0 0 21
2018-04-11 05:48:33 ::1 POST /Service1.svc - 49474 - ::1 - - 200 0 0 120
2018-04-11 05:48:33 ::1 POST /Service1.svc - 49474 - ::1 - - 200 0 0 15
2018-04-11 05:48:42 ::1 POST /Service1.svc - 49474 - ::1 - - 200 0 0 33
2018-04-11 05:48:47 ::1 POST /Service1.svc - 49474 - ::1 - - 200 0 0 32
2018-04-11 05:48:50 ::1 POST /Service1.svc - 49474 - ::1 - - 200 0 0 57
2018-04-11 05:48:57 ::1 POST /Service1.svc - 49474 - ::1 - - 200 0 0 69
2018-04-11 06:03:51 ::1 POST /Service1.svc - 49474 - ::1 - - 200 0 0 153
2018-04-11 06:03:51 ::1 POST /Service1.svc - 49474 - ::1 - - 200 0 0 55
2018-04-11 06:03:51 ::1 POST /Service1.svc - 49474 - ::1 - - 200 0 0 188
2018-04-11 06:03:53 ::1 POST /Service1.svc - 49474 - ::1 - - 200 0 0 184
2018-04-11 06:03:53 ::1 POST /Service1.svc - 49474 - ::1 - - 200 0 0 92
2018-04-11 06:03:53 ::1 POST /Service1.svc - 49474 - ::1 - - 200 0 0 283
2018-04-11 06:03:53 ::1 POST /Service1.svc - 49474 - ::1 - - 200 0 0 202
2018-04-11 06:04:33 ::1 POST /Service1.svc - 49474 - ::1 - - 200 0 0 177
2018-04-11 06:04:33 ::1 POST /Service1.svc - 49474 - ::1 - - 200 0 0 52
2018-04-11 06:04:33 ::1 POST /Service1.svc - 49474 - ::1 - - 200 0 0 42
2018-04-11 06:04:33 ::1 POST /Service1.svc - 49474 - ::1 - - 200 0 0 53
2018-04-11 06:04:33 ::1 POST /Service1.svc - 49474 - ::1 - - 200 0 0 219
2018-04-11 06:04:33 ::1 POST /Service1.svc - 49474 - ::1 - - 200 0 0 186
2018-04-11 06:04:34 ::1 POST /Service1.svc - 49474 - ::1 - - 200 0 0 139
2018-04-11 06:06:50 ::1 POST /Service1.svc - 49474 - ::1 - - 200 0 0 190
2018-04-11 06:06:50 ::1 POST /Service1.svc - 49474 - ::1 - - 200 0 0 64
2018-04-11 06:06:50 ::1 POST /Service1.svc - 49474 - ::1 - - 200 0 0 116
2018-04-11 06:06:50 ::1 POST /Service1.svc - 49474 - ::1 - - 200 0 0 55
2018-04-11 06:06:50 ::1 POST /Service1.svc - 49474 - ::1 - - 200 0 0 65
2018-04-11 06:06:50 ::1 POST /Service1.svc - 49474 - ::1 - - 200 0 0 139
2018-04-11 06:06:50 ::1 POST /Service1.svc - 49474 - ::1 - - 200 0 0 98
2018-04-11 06:09:59 ::1 POST /Service1.svc - 49474 - ::1 - - 200 0 0 162
2018-04-11 06:09:59 ::1 POST /Service1.svc - 49474 - ::1 - - 200 0 0 67
2018-04-11 06:09:59 ::1 POST /Service1.svc - 49474 - ::1 - - 200 0 0 107
2018-04-11 06:09:59 ::1 POST /Service1.svc - 49474 - ::1 - - 200 0 0 77
2018-04-11 06:09:59 ::1 POST /Service1.svc - 49474 - ::1 - - 200 0 0 131
2018-04-11 06:09:59 ::1 POST /Service1.svc - 49474 - ::1 - - 200 0 0 25
2018-04-11 06:10:00 ::1 POST /Service1.svc - 49474 - ::1 - - 200 0 0 227
2018-04-11 06:15:37 ::1 POST /Service1.svc - 49474 - ::1 - - 200 0 0 229
2018-04-11 06:15:37 ::1 POST /Service1.svc - 49474 - ::1 - - 200 0 0 43
2018-04-11 06:15:37 ::1 POST /Service1.svc - 49474 - ::1 - - 200 0 0 24
2018-04-11 06:15:37 ::1 POST /Service1.svc - 49474 - ::1 - - 200 0 0 123
2018-04-11 06:15:37 ::1 POST /Service1.svc - 49474 - ::1 - - 200 0 0 152
2018-04-11 06:15:37 ::1 POST /Service1.svc - 49474 - ::1 - - 200 0 0 63
2018-04-11 06:15:37 ::1 POST /Service1.svc - 49474 - ::1 - - 200 0 0 66
2018-04-11 06:22:42 ::1 POST /Service1.svc - 49474 - ::1 - - 200 0 0 686
2018-04-11 06:22:42 ::1 POST /Service1.svc - 49474 - ::1 - - 200 0 0 178
2018-04-11 06:22:42 ::1 POST /Service1.svc - 49474 - ::1 - - 200 0 0 119
2018-04-11 06:22:42 ::1 POST /Service1.svc - 49474 - ::1 - - 200 0 0 140
2018-04-11 06:22:42 ::1 POST /Service1.svc - 49474 - ::1 - - 200 0 0 64
2018-04-11 06:22:42 ::1 POST /Service1.svc - 49474 - ::1 - - 200 0 0 241
2018-04-11 06:22:43 ::1 POST /Service1.svc - 49474 - ::1 - - 200 0 0 213
2018-04-11 06:35:30 ::1 POST /Service1.svc - 49474 - ::1 - - 200 0 0 36
2018-04-11 06:35:30 ::1 POST /Service1.svc - 49474 - ::1 - - 200 0 0 25
2018-04-11 06:35:30 ::1 POST /Service1.svc - 49474 - ::1 - - 200 0 0 20
2018-04-11 06:35:30 ::1 POST /Service1.svc - 49474 - ::1 - - 200 0 0 73
2018-04-11 06:35:30 ::1 POST /Service1.svc - 49474 - ::1 - - 200 0 0 110
2018-04-11 06:35:30 ::1 POST /Service1.svc - 49474 - ::1 - - 200 0 0 134
2018-04-11 06:35:30 ::1 POST /Service1.svc - 49474 - ::1 - - 200 0 0 150
2018-04-11 06:35:40 ::1 POST /Service1.svc - 49474 - ::1 - - 200 0 0 149
2018-04-11 06:35:40 ::1 POST /Service1.svc - 49474 - ::1 - - 200 0 0 37
2018-04-11 06:35:40 ::1 POST /Service1.svc - 49474 - ::1 - - 200 0 0 86
2018-04-11 06:35:40 ::1 POST /Service1.svc - 49474 - ::1 - - 200 0 0 27
2018-04-11 06:35:59 ::1 POST /Service1.svc - 49474 - ::1 - - 200 0 0 181
#Software: Microsoft Internet Information Services 10.0
#Version: 1.0
#Date: 2018-04-11 10:16:16
#Fields: date time s-ip cs-method cs-uri-stem cs-uri-query s-port cs-username c-ip cs(User-Agent) cs(Referer) sc-status sc-substatus sc-win32-status time-taken
2018-04-11 10:16:16 ::1 POST /Service1.svc - 49474 - ::1 - - 200 0 0 6806
2018-04-11 10:16:16 ::1 POST /Service1.svc - 49474 - ::1 - - 200 0 0 107
2018-04-11 10:16:16 ::1 POST /Service1.svc - 49474 - ::1 - - 200 0 0 84
2018-04-11 10:16:18 ::1 POST /Service1.svc - 49474 - ::1 - - 200 0 0 11
2018-04-11 10:16:18 ::1 POST /Service1.svc - 49474 - ::1 - - 200 0 0 48
2018-04-11 10:16:18 ::1 POST /Service1.svc - 49474 - ::1 - - 200 0 0 80
2018-04-11 10:16:18 ::1 POST /Service1.svc - 49474 - ::1 - - 200 0 0 55
2018-04-11 10:16:24 ::1 POST /Service1.svc - 49474 - ::1 - - 200 0 0 795
2018-04-11 10:16:32 ::1 POST /Service1.svc - 49474 - ::1 - - 200 0 0 159
2018-04-11 10:16:32 ::1 POST /Service1.svc - 49474 - ::1 - - 200 0 0 32
2018-04-11 10:16:32 ::1 POST /Service1.svc - 49474 - ::1 - - 200 0 0 179
2018-04-11 10:16:32 ::1 POST /Service1.svc - 49474 - ::1 - - 200 0 0 28
2018-04-11 10:16:41 ::1 POST /Service1.svc - 49474 - ::1 - - 200 0 0 116
2018-04-11 10:17:56 ::1 POST /Service1.svc - 49474 - ::1 - - 200 0 0 158
2018-04-11 10:17:56 ::1 POST /Service1.svc - 49474 - ::1 - - 200 0 0 65
2018-04-11 10:17:56 ::1 POST /Service1.svc - 49474 - ::1 - - 200 0 0 108
2018-04-11 10:17:57 ::1 POST /Service1.svc - 49474 - ::1 - - 200 0 0 591
2018-04-11 10:17:57 ::1 POST /Service1.svc - 49474 - ::1 - - 200 0 0 50
2018-04-11 10:17:57 ::1 POST /Service1.svc - 49474 - ::1 - - 200 0 0 173
2018-04-11 10:17:57 ::1 POST /Service1.svc - 49474 - ::1 - - 200 0 0 13
2018-04-11 10:18:03 ::1 POST /Service1.svc - 49474 - ::1 - - 200 0 0 148
2018-04-11 10:18:03 ::1 POST /Service1.svc - 49474 - ::1 - - 200 0 0 45
2018-04-11 10:18:03 ::1 POST /Service1.svc - 49474 - ::1 - - 200 0 0 34
2018-04-11 10:18:03 ::1 POST /Service1.svc - 49474 - ::1 - - 200 0 0 110
2018-04-11 10:18:12 ::1 POST /Service1.svc - 49474 - ::1 - - 200 0 0 106
2018-04-11 10:18:16 ::1 POST /Service1.svc - 49474 - ::1 - - 200 0 0 39
2018-04-11 10:18:19 ::1 POST /Service1.svc - 49474 - ::1 - - 200 0 0 607
#Software: Microsoft Internet Information Services 10.0
#Version: 1.0
#Date: 2018-04-11 10:44:34
#Fields: date time s-ip cs-method cs-uri-stem cs-uri-query s-port cs-username c-ip cs(User-Agent) cs(Referer) sc-status sc-substatus sc-win32-status time-taken
2018-04-11 10:44:34 ::1 POST /Service1.svc - 49474 - ::1 - - 200 0 0 250
2018-04-11 10:44:34 ::1 POST /Service1.svc - 49474 - ::1 - - 200 0 0 91
2018-04-11 10:44:34 ::1 POST /Service1.svc - 49474 - ::1 - - 200 0 0 63
2018-04-11 10:44:34 ::1 POST /Service1.svc - 49474 - ::1 - - 200 0 0 83
2018-04-11 10:44:34 ::1 POST /Service1.svc - 49474 - ::1 - - 200 0 0 32
2018-04-11 10:44:35 ::1 POST /Service1.svc - 49474 - ::1 - - 200 0 0 16
2018-04-11 10:44:35 ::1 POST /Service1.svc - 49474 - ::1 - - 200 0 0 178
2018-04-11 10:44:38 ::1 POST /Service1.svc - 49474 - ::1 - - 200 0 0 41
2018-04-11 10:44:38 ::1 POST /Service1.svc - 49474 - ::1 - - 200 0 0 34
2018-04-11 10:44:38 ::1 POST /Service1.svc - 49474 - ::1 - - 200 0 0 154
2018-04-11 10:44:38 ::1 POST /Service1.svc - 49474 - ::1 - - 200 0 0 68
2018-04-11 10:44:57 ::1 POST /Service1.svc - 49474 - ::1 - - 200 0 0 66
2018-04-11 10:45:05 ::1 POST /Service1.svc - 49474 - ::1 - - 200 0 0 123
2018-04-11 10:45:11 ::1 POST /Service1.svc - 49474 - ::1 - - 200 0 0 82
2018-04-11 10:45:32 ::1 POST /Service1.svc - 49474 - ::1 - - 200 0 0 16
#Software: Microsoft Internet Information Services 10.0
#Version: 1.0
#Date: 2018-04-11 11:20:45
#Fields: date time s-ip cs-method cs-uri-stem cs-uri-query s-port cs-username c-ip cs(User-Agent) cs(Referer) sc-status sc-substatus sc-win32-status time-taken
2018-04-11 11:20:45 ::1 POST /Service1.svc - 49474 - ::1 - - 200 0 0 398
2018-04-11 11:20:45 ::1 POST /Service1.svc - 49474 - ::1 - - 200 0 0 92
2018-04-11 11:20:45 ::1 POST /Service1.svc - 49474 - ::1 - - 200 0 0 79
2018-04-11 11:20:45 ::1 POST /Service1.svc - 49474 - ::1 - - 200 0 0 35
2018-04-11 11:20:45 ::1 POST /Service1.svc - 49474 - ::1 - - 200 0 0 58
2018-04-11 11:20:46 ::1 POST /Service1.svc - 49474 - ::1 - - 200 0 0 96
2018-04-11 11:20:46 ::1 POST /Service1.svc - 49474 - ::1 - - 200 0 0 76
2018-04-11 11:21:18 ::1 POST /Service1.svc - 49474 - ::1 - - 200 0 0 70
2018-04-11 11:21:18 ::1 POST /Service1.svc - 49474 - ::1 - - 200 0 0 14
2018-04-11 11:21:18 ::1 POST /Service1.svc - 49474 - ::1 - - 200 0 0 78
2018-04-11 11:21:18 ::1 POST /Service1.svc - 49474 - ::1 - - 200 0 0 35
2018-04-11 11:24:45 ::1 GET /Service1.svc - 49474 - ::1 Mozilla/4.0+(compatible;+MSIE+6.0;+MS+Web+Services+Client+Protocol+4.0.30319.42000) - 200 0 0 955
2018-04-11 11:24:45 ::1 GET /Service1.svc disco 49474 - ::1 Mozilla/4.0+(compatible;+MSIE+6.0;+MS+Web+Services+Client+Protocol+4.0.30319.42000) - 200 0 0 122
2018-04-11 11:24:45 ::1 GET /Service1.svc wsdl 49474 - ::1 Mozilla/4.0+(compatible;+MSIE+6.0;+MS+Web+Services+Client+Protocol+4.0.30319.42000) - 200 0 0 397
2018-04-11 11:24:46 ::1 GET /Service1.svc/$metadata - 49474 - ::1 Mozilla/4.0+(compatible;+MSIE+6.0;+MS+Web+Services+Client+Protocol+4.0.30319.42000) - 400 0 0 2383
2018-04-11 11:24:46 ::1 GET /Service1.svc xsd=xsd0 49474 - ::1 Mozilla/4.0+(compatible;+MSIE+6.0;+MS+Web+Services+Client+Protocol+4.0.30319.42000) - 200 0 0 369
2018-04-11 11:24:46 ::1 GET /Service1.svc xsd=xsd2 49474 - ::1 Mozilla/4.0+(compatible;+MSIE+6.0;+MS+Web+Services+Client+Protocol+4.0.30319.42000) - 200 0 0 7
2018-04-11 11:24:46 ::1 GET /Service1.svc xsd=xsd3 49474 - ::1 Mozilla/4.0+(compatible;+MSIE+6.0;+MS+Web+Services+Client+Protocol+4.0.30319.42000) - 200 0 0 11
2018-04-11 11:24:46 ::1 GET /Service1.svc xsd=xsd1 49474 - ::1 Mozilla/4.0+(compatible;+MSIE+6.0;+MS+Web+Services+Client+Protocol+4.0.30319.42000) - 200 0 0 14
2018-04-11 11:24:51 ::1 POST /Service1.svc/mex - 49474 - ::1 - - 415 0 0 284
2018-04-11 11:24:51 ::1 POST /Service1.svc - 49474 - ::1 - - 415 0 0 352
#Software: Microsoft Internet Information Services 10.0
#Version: 1.0
#Date: 2018-04-11 11:42:10
#Fields: date time s-ip cs-method cs-uri-stem cs-uri-query s-port cs-username c-ip cs(User-Agent) cs(Referer) sc-status sc-substatus sc-win32-status time-taken
2018-04-11 11:42:10 ::1 POST /Service1.svc - 49474 - ::1 - - 200 0 0 256
2018-04-11 11:42:10 ::1 POST /Service1.svc - 49474 - ::1 - - 200 0 0 17
2018-04-11 11:42:10 ::1 POST /Service1.svc - 49474 - ::1 - - 200 0 0 26
2018-04-11 11:42:11 ::1 POST /Service1.svc - 49474 - ::1 - - 200 0 0 62
2018-04-11 11:42:11 ::1 POST /Service1.svc - 49474 - ::1 - - 200 0 0 50
2018-04-11 11:42:11 ::1 POST /Service1.svc - 49474 - ::1 - - 200 0 0 23
2018-04-11 11:42:11 ::1 POST /Service1.svc - 49474 - ::1 - - 200 0 0 17
2018-04-11 11:42:26 ::1 POST /Service1.svc - 49474 - ::1 - - 200 0 0 109
2018-04-11 11:42:26 ::1 POST /Service1.svc - 49474 - ::1 - - 200 0 0 44
2018-04-11 11:42:26 ::1 POST /Service1.svc - 49474 - ::1 - - 200 0 0 146
2018-04-11 11:42:26 ::1 POST /Service1.svc - 49474 - ::1 - - 200 0 0 75
2018-04-11 11:43:03 ::1 POST /Service1.svc - 49474 - ::1 - - 200 0 0 57
2018-04-11 11:43:09 ::1 POST /Service1.svc - 49474 - ::1 - - 200 0 0 171
2018-04-11 11:43:12 ::1 POST /Service1.svc - 49474 - ::1 - - 200 0 0 220
#Software: Microsoft Internet Information Services 10.0
#Version: 1.0
#Date: 2018-04-11 12:03:22
#Fields: date time s-ip cs-method cs-uri-stem cs-uri-query s-port cs-username c-ip cs(User-Agent) cs(Referer) sc-status sc-substatus sc-win32-status time-taken
2018-04-11 12:03:22 ::1 POST /Service1.svc - 49474 - ::1 - - 200 0 0 1017
2018-04-11 12:03:22 ::1 POST /Service1.svc - 49474 - ::1 - - 200 0 0 452
2018-04-11 12:03:23 ::1 POST /Service1.svc - 49474 - ::1 - - 200 0 0 222
2018-04-11 12:03:23 ::1 POST /Service1.svc - 49474 - ::1 - - 200 0 0 187
2018-04-11 12:03:23 ::1 POST /Service1.svc - 49474 - ::1 - - 200 0 0 208
2018-04-11 12:03:24 ::1 POST /Service1.svc - 49474 - ::1 - - 200 0 0 29
2018-04-11 12:03:24 ::1 POST /Service1.svc - 49474 - ::1 - - 200 0 0 59
2018-04-11 12:03:29 ::1 POST /Service1.svc - 49474 - ::1 - - 200 0 0 119
2018-04-11 12:03:29 ::1 POST /Service1.svc - 49474 - ::1 - - 200 0 0 57
2018-04-11 12:03:29 ::1 POST /Service1.svc - 49474 - ::1 - - 200 0 0 268
2018-04-11 12:03:31 ::1 POST /Service1.svc - 49474 - ::1 - - 200 0 0 741
2018-04-11 12:03:48 ::1 POST /Service1.svc - 49474 - ::1 - - 200 0 0 63
2018-04-11 12:03:54 ::1 POST /Service1.svc - 49474 - ::1 - - 200 0 0 82
2018-04-11 12:03:57 ::1 POST /Service1.svc - 49474 - ::1 - - 200 0 0 273
2018-04-11 12:04:03 ::1 POST /Service1.svc - 49474 - ::1 - - 200 0 0 5901
2018-04-11 12:07:34 ::1 POST /Service1.svc - 49474 - ::1 - - 200 0 0 485
2018-04-11 12:07:34 ::1 POST /Service1.svc - 49474 - ::1 - - 200 0 0 41
2018-04-11 12:07:34 ::1 POST /Service1.svc - 49474 - ::1 - - 200 0 0 50
2018-04-11 12:07:34 ::1 POST /Service1.svc - 49474 - ::1 - - 200 0 0 97
2018-04-11 12:07:34 ::1 POST /Service1.svc - 49474 - ::1 - - 200 0 0 88
2018-04-11 12:07:34 ::1 POST /Service1.svc - 49474 - ::1 - - 200 0 0 93
2018-04-11 12:07:34 ::1 POST /Service1.svc - 49474 - ::1 - - 200 0 0 222
2018-04-11 12:07:38 ::1 POST /Service1.svc - 49474 - ::1 - - 200 0 0 77
2018-04-11 12:07:38 ::1 POST /Service1.svc - 49474 - ::1 - - 200 0 0 81
2018-04-11 12:07:38 ::1 POST /Service1.svc - 49474 - ::1 - - 200 0 0 75
2018-04-11 12:07:38 ::1 POST /Service1.svc - 49474 - ::1 - - 200 0 0 56
2018-04-11 12:08:02 ::1 POST /Service1.svc - 49474 - ::1 - - 200 0 0 239
2018-04-11 12:08:07 ::1 POST /Service1.svc - 49474 - ::1 - - 200 0 0 152
2018-04-11 12:08:10 ::1 POST /Service1.svc - 49474 - ::1 - - 200 0 0 226
2018-04-11 12:08:13 ::1 POST /Service1.svc - 49474 - ::1 - - 200 0 0 113
2018-04-11 12:08:58 ::1 POST /Service1.svc - 49474 - ::1 - - 200 0 0 265
2018-04-11 12:10:25 ::1 POST /Service1.svc - 49474 - ::1 - - 200 0 0 268
#Software: Microsoft Internet Information Services 10.0
#Version: 1.0
#Date: 2018-04-11 12:30:56
#Fields: date time s-ip cs-method cs-uri-stem cs-uri-query s-port cs-username c-ip cs(User-Agent) cs(Referer) sc-status sc-substatus sc-win32-status time-taken
2018-04-11 12:30:56 ::1 POST /Service1.svc - 49474 - ::1 - - 200 0 0 226
2018-04-11 12:30:57 ::1 POST /Service1.svc - 49474 - ::1 - - 200 0 0 771
2018-04-11 12:30:57 ::1 POST /Service1.svc - 49474 - ::1 - - 200 0 0 289
2018-04-11 12:30:57 ::1 POST /Service1.svc - 49474 - ::1 - - 200 0 0 247
2018-04-11 12:30:57 ::1 POST /Service1.svc - 49474 - ::1 - - 200 0 0 44
2018-04-11 12:30:57 ::1 POST /Service1.svc - 49474 - ::1 - - 200 0 0 29
2018-04-11 12:30:57 ::1 POST /Service1.svc - 49474 - ::1 - - 200 0 0 17
2018-04-11 12:31:04 ::1 POST /Service1.svc - 49474 - ::1 - - 200 0 0 123
2018-04-11 12:31:04 ::1 POST /Service1.svc - 49474 - ::1 - - 200 0 0 75
2018-04-11 12:31:04 ::1 POST /Service1.svc - 49474 - ::1 - - 200 0 0 132
2018-04-11 12:31:04 ::1 POST /Service1.svc - 49474 - ::1 - - 200 0 0 183
2018-04-11 12:31:29 ::1 POST /Service1.svc - 49474 - ::1 - - 200 0 0 28
2018-04-11 12:31:36 ::1 POST /Service1.svc - 49474 - ::1 - - 200 0 0 26
2018-04-11 12:31:38 ::1 POST /Service1.svc - 49474 - ::1 - - 200 0 0 91
2018-04-11 12:31:38 ::1 POST /Service1.svc - 49474 - ::1 - - 200 0 0 370
2018-04-11 12:40:24 ::1 POST /Service1.svc - 49474 - ::1 - - 200 0 0 330
2018-04-11 12:40:28 ::1 POST /Service1.svc - 49474 - ::1 - - 200 0 0 102
2018-04-11 12:40:28 ::1 POST /Service1.svc - 49474 - ::1 - - 200 0 0 149
2018-04-11 12:40:28 ::1 POST /Service1.svc - 49474 - ::1 - - 200 0 0 286
2018-04-11 12:40:33 ::1 POST /Service1.svc - 49474 - ::1 - - 200 0 0 421
2018-04-11 12:40:34 ::1 POST /Service1.svc - 49474 - ::1 - - 200 0 0 36
2018-04-11 12:40:34 ::1 POST /Service1.svc - 49474 - ::1 - - 200 0 0 80
2018-04-11 12:40:34 ::1 POST /Service1.svc - 49474 - ::1 - - 200 0 0 61
2018-04-11 12:40:37 ::1 POST /Service1.svc - 49474 - ::1 - - 200 0 0 49
2018-04-11 12:40:49 ::1 POST /Service1.svc - 49474 - ::1 - - 200 0 0 40
2018-04-11 12:40:49 ::1 POST /Service1.svc - 49474 - ::1 - - 200 0 0 69
2018-04-11 12:40:49 ::1 POST /Service1.svc - 49474 - ::1 - - 200 0 0 16
2018-04-11 12:40:49 ::1 POST /Service1.svc - 49474 - ::1 - - 200 0 0 23
2018-04-11 12:40:49 ::1 POST /Service1.svc - 49474 - ::1 - - 200 0 0 67
2018-04-11 12:40:49 ::1 POST /Service1.svc - 49474 - ::1 - - 200 0 0 34
2018-04-11 12:40:49 ::1 POST /Service1.svc - 49474 - ::1 - - 200 0 0 55
2018-04-11 12:40:53 ::1 POST /Service1.svc - 49474 - ::1 - - 200 0 0 30
2018-04-11 12:40:53 ::1 POST /Service1.svc - 49474 - ::1 - - 200 0 0 41
2018-04-11 12:40:53 ::1 POST /Service1.svc - 49474 - ::1 - - 200 0 0 29
2018-04-11 12:40:53 ::1 POST /Service1.svc - 49474 - ::1 - - 200 0 0 14
