#Software: Microsoft Internet Information Services 10.0
#Version: 1.0
#Date: 2018-07-16 09:58:14
#Fields: date time s-ip cs-method cs-uri-stem cs-uri-query s-port cs-username c-ip cs(User-Agent) cs(Referer) sc-status sc-substatus sc-win32-status time-taken
2018-07-16 09:58:14 ::1 POST /Service1.svc - 49474 - ::1 - - 415 0 0 36789
2018-07-16 09:58:14 ::1 POST /Service1.svc/mex - 49474 - ::1 - - 415 0 0 38
2018-07-16 09:58:22 ::1 GET /Service1.svc - 49474 - ::1 Mozilla/4.0+(compatible;+MSIE+6.0;+MS+Web+Services+Client+Protocol+4.0.30319.42000) - 200 0 0 6766
2018-07-16 09:58:22 ::1 GET /Service1.svc disco 49474 - ::1 Mozilla/4.0+(compatible;+MSIE+6.0;+MS+Web+Services+Client+Protocol+4.0.30319.42000) - 200 0 0 58
2018-07-16 09:58:22 ::1 GET /Service1.svc wsdl 49474 - ::1 Mozilla/4.0+(compatible;+MSIE+6.0;+MS+Web+Services+Client+Protocol+4.0.30319.42000) - 200 0 0 124
2018-07-16 09:58:24 ::1 GET /Service1.svc xsd=xsd0 49474 - ::1 Mozilla/4.0+(compatible;+MSIE+6.0;+MS+Web+Services+Client+Protocol+4.0.30319.42000) - 200 0 0 1557
2018-07-16 09:58:24 ::1 GET /Service1.svc xsd=xsd2 49474 - ::1 Mozilla/4.0+(compatible;+MSIE+6.0;+MS+Web+Services+Client+Protocol+4.0.30319.42000) - 200 0 0 10
2018-07-16 09:58:24 ::1 GET /Service1.svc xsd=xsd3 49474 - ::1 Mozilla/4.0+(compatible;+MSIE+6.0;+MS+Web+Services+Client+Protocol+4.0.30319.42000) - 200 0 0 6
2018-07-16 09:58:24 ::1 GET /Service1.svc xsd=xsd1 49474 - ::1 Mozilla/4.0+(compatible;+MSIE+6.0;+MS+Web+Services+Client+Protocol+4.0.30319.42000) - 200 0 0 16
2018-07-16 09:59:04 ::1 GET /Service1.svc - 49474 - ::1 Mozilla/4.0+(compatible;+MSIE+6.0;+MS+Web+Services+Client+Protocol+4.0.30319.42000) - 200 0 0 133
2018-07-16 09:59:04 ::1 GET /Service1.svc disco 49474 - ::1 Mozilla/4.0+(compatible;+MSIE+6.0;+MS+Web+Services+Client+Protocol+4.0.30319.42000) - 200 0 0 108
2018-07-16 09:59:04 ::1 GET /Service1.svc wsdl 49474 - ::1 Mozilla/4.0+(compatible;+MSIE+6.0;+MS+Web+Services+Client+Protocol+4.0.30319.42000) - 200 0 0 87
2018-07-16 09:59:04 ::1 GET /Service1.svc/$metadata - 49474 - ::1 Mozilla/4.0+(compatible;+MSIE+6.0;+MS+Web+Services+Client+Protocol+4.0.30319.42000) - 400 0 0 700
2018-07-16 09:59:06 ::1 GET /Service1.svc xsd=xsd0 49474 - ::1 Mozilla/4.0+(compatible;+MSIE+6.0;+MS+Web+Services+Client+Protocol+4.0.30319.42000) - 200 0 0 13
2018-07-16 09:59:06 ::1 GET /Service1.svc xsd=xsd2 49474 - ::1 Mozilla/4.0+(compatible;+MSIE+6.0;+MS+Web+Services+Client+Protocol+4.0.30319.42000) - 200 0 0 8
2018-07-16 09:59:06 ::1 GET /Service1.svc xsd=xsd3 49474 - ::1 Mozilla/4.0+(compatible;+MSIE+6.0;+MS+Web+Services+Client+Protocol+4.0.30319.42000) - 200 0 0 68
2018-07-16 09:59:06 ::1 GET /Service1.svc xsd=xsd1 49474 - ::1 Mozilla/4.0+(compatible;+MSIE+6.0;+MS+Web+Services+Client+Protocol+4.0.30319.42000) - 200 0 0 47
2018-07-16 09:59:13 ::1 POST /Service1.svc - 49474 - ::1 - - 415 0 0 20
2018-07-16 09:59:13 ::1 POST /Service1.svc/mex - 49474 - ::1 - - 415 0 0 28
#Software: Microsoft Internet Information Services 10.0
#Version: 1.0
#Date: 2018-07-16 10:57:43
#Fields: date time s-ip cs-method cs-uri-stem cs-uri-query s-port cs-username c-ip cs(User-Agent) cs(Referer) sc-status sc-substatus sc-win32-status time-taken
2018-07-16 10:57:43 ::1 GET /Service1.svc - 49474 - ::1 Mozilla/4.0+(compatible;+MSIE+6.0;+MS+Web+Services+Client+Protocol+4.0.30319.42000) - 200 0 0 216
2018-07-16 10:57:43 ::1 POST /Service1.svc - 49474 - ::1 - - 415 0 0 142
2018-07-16 10:57:43 ::1 POST /Service1.svc/mex - 49474 - ::1 - - 415 0 0 133
2018-07-16 10:57:43 ::1 GET /Service1.svc disco 49474 - ::1 Mozilla/4.0+(compatible;+MSIE+6.0;+MS+Web+Services+Client+Protocol+4.0.30319.42000) - 200 0 0 43
2018-07-16 10:57:43 ::1 GET /Service1.svc/$metadata - 49474 - ::1 Mozilla/4.0+(compatible;+MSIE+6.0;+MS+Web+Services+Client+Protocol+4.0.30319.42000) - 400 0 0 259
2018-07-16 10:57:43 ::1 GET /Service1.svc wsdl 49474 - ::1 Mozilla/4.0+(compatible;+MSIE+6.0;+MS+Web+Services+Client+Protocol+4.0.30319.42000) - 200 0 0 66
2018-07-16 10:57:43 ::1 GET /Service1.svc xsd=xsd0 49474 - ::1 Mozilla/4.0+(compatible;+MSIE+6.0;+MS+Web+Services+Client+Protocol+4.0.30319.42000) - 200 0 0 16
2018-07-16 10:57:43 ::1 GET /Service1.svc xsd=xsd2 49474 - ::1 Mozilla/4.0+(compatible;+MSIE+6.0;+MS+Web+Services+Client+Protocol+4.0.30319.42000) - 200 0 0 71
2018-07-16 10:57:43 ::1 GET /Service1.svc xsd=xsd3 49474 - ::1 Mozilla/4.0+(compatible;+MSIE+6.0;+MS+Web+Services+Client+Protocol+4.0.30319.42000) - 200 0 0 45
2018-07-16 10:57:43 ::1 GET /Service1.svc xsd=xsd1 49474 - ::1 Mozilla/4.0+(compatible;+MSIE+6.0;+MS+Web+Services+Client+Protocol+4.0.30319.42000) - 200 0 0 78
2018-07-16 11:07:37 ::1 GET /Service1.svc - 49474 - ::1 Mozilla/4.0+(compatible;+MSIE+6.0;+MS+Web+Services+Client+Protocol+4.0.30319.42000) - 200 0 0 186
2018-07-16 11:07:37 ::1 POST /Service1.svc - 49474 - ::1 - - 415 0 0 175
2018-07-16 11:07:37 ::1 POST /Service1.svc/mex - 49474 - ::1 - - 415 0 0 183
2018-07-16 11:07:37 ::1 GET /Service1.svc/$metadata - 49474 - ::1 Mozilla/4.0+(compatible;+MSIE+6.0;+MS+Web+Services+Client+Protocol+4.0.30319.42000) - 400 0 0 241
2018-07-16 11:07:37 ::1 GET /Service1.svc disco 49474 - ::1 Mozilla/4.0+(compatible;+MSIE+6.0;+MS+Web+Services+Client+Protocol+4.0.30319.42000) - 200 0 0 72
2018-07-16 11:07:37 ::1 GET /Service1.svc wsdl 49474 - ::1 Mozilla/4.0+(compatible;+MSIE+6.0;+MS+Web+Services+Client+Protocol+4.0.30319.42000) - 200 0 0 9
2018-07-16 11:07:37 ::1 GET /Service1.svc xsd=xsd0 49474 - ::1 Mozilla/4.0+(compatible;+MSIE+6.0;+MS+Web+Services+Client+Protocol+4.0.30319.42000) - 200 0 0 17
2018-07-16 11:07:37 ::1 GET /Service1.svc xsd=xsd2 49474 - ::1 Mozilla/4.0+(compatible;+MSIE+6.0;+MS+Web+Services+Client+Protocol+4.0.30319.42000) - 200 0 0 6
2018-07-16 11:07:37 ::1 GET /Service1.svc xsd=xsd3 49474 - ::1 Mozilla/4.0+(compatible;+MSIE+6.0;+MS+Web+Services+Client+Protocol+4.0.30319.42000) - 200 0 0 11
2018-07-16 11:07:37 ::1 GET /Service1.svc xsd=xsd1 49474 - ::1 Mozilla/4.0+(compatible;+MSIE+6.0;+MS+Web+Services+Client+Protocol+4.0.30319.42000) - 200 0 0 6
#Software: Microsoft Internet Information Services 10.0
#Version: 1.0
#Date: 2018-07-16 12:07:23
#Fields: date time s-ip cs-method cs-uri-stem cs-uri-query s-port cs-username c-ip cs(User-Agent) cs(Referer) sc-status sc-substatus sc-win32-status time-taken
2018-07-16 12:07:23 ::1 POST /Service1.svc - 49474 - ::1 - - 200 0 0 19868
2018-07-16 12:07:23 ::1 POST /Service1.svc - 49474 - ::1 - - 200 0 0 226
2018-07-16 12:07:23 ::1 POST /Service1.svc - 49474 - ::1 - - 200 0 0 199
2018-07-16 12:07:44 ::1 POST /Service1.svc - 49474 - ::1 - - 200 0 0 14648
2018-07-16 12:07:44 ::1 POST /Service1.svc - 49474 - ::1 - - 200 0 0 63
2018-07-16 12:07:44 ::1 POST /Service1.svc - 49474 - ::1 - - 200 0 0 85
2018-07-16 12:07:46 ::1 POST /Service1.svc - 49474 - ::1 - - 200 0 0 88
2018-07-16 12:07:46 ::1 POST /Service1.svc - 49474 - ::1 - - 200 0 0 76
2018-07-16 12:07:46 ::1 POST /Service1.svc - 49474 - ::1 - - 200 0 0 93
2018-07-16 12:08:11 ::1 POST /Service1.svc - 49474 - ::1 - - 200 0 0 14705
2018-07-16 12:08:11 ::1 POST /Service1.svc - 49474 - ::1 - - 200 0 0 126
2018-07-16 12:08:11 ::1 POST /Service1.svc - 49474 - ::1 - - 200 0 0 37
2018-07-16 12:08:18 ::1 POST /Service1.svc - 49474 - ::1 - - 200 0 0 128
2018-07-16 12:08:18 ::1 POST /Service1.svc - 49474 - ::1 - - 200 0 0 123
2018-07-16 12:08:18 ::1 POST /Service1.svc - 49474 - ::1 - - 200 0 0 61
2018-07-16 12:08:20 ::1 POST /Service1.svc - 49474 - ::1 - - 200 0 0 93
2018-07-16 12:08:20 ::1 POST /Service1.svc - 49474 - ::1 - - 200 0 0 58
2018-07-16 12:08:20 ::1 POST /Service1.svc - 49474 - ::1 - - 200 0 0 135
2018-07-16 12:08:21 ::1 POST /Service1.svc - 49474 - ::1 - - 200 0 0 88
2018-07-16 12:08:21 ::1 POST /Service1.svc - 49474 - ::1 - - 200 0 0 126
2018-07-16 12:08:21 ::1 POST /Service1.svc - 49474 - ::1 - - 200 0 0 353
2018-07-16 12:08:23 ::1 POST /Service1.svc - 49474 - ::1 - - 200 0 0 40
2018-07-16 12:08:23 ::1 POST /Service1.svc - 49474 - ::1 - - 200 0 0 78
2018-07-16 12:08:23 ::1 POST /Service1.svc - 49474 - ::1 - - 200 0 0 152
2018-07-16 12:08:25 ::1 POST /Service1.svc - 49474 - ::1 - - 200 0 0 63
2018-07-16 12:08:25 ::1 POST /Service1.svc - 49474 - ::1 - - 200 0 0 44
2018-07-16 12:08:25 ::1 POST /Service1.svc - 49474 - ::1 - - 200 0 0 97
2018-07-16 12:09:46 ::1 POST /Service1.svc - 49474 - ::1 - - 200 0 0 15481
2018-07-16 12:09:46 ::1 POST /Service1.svc - 49474 - ::1 - - 200 0 0 101
2018-07-16 12:09:46 ::1 POST /Service1.svc - 49474 - ::1 - - 200 0 0 228
2018-07-16 12:09:50 ::1 POST /Service1.svc - 49474 - ::1 - - 200 0 0 162
2018-07-16 12:09:50 ::1 POST /Service1.svc - 49474 - ::1 - - 200 0 0 84
2018-07-16 12:09:50 ::1 POST /Service1.svc - 49474 - ::1 - - 200 0 0 520
2018-07-16 12:09:53 ::1 POST /Service1.svc - 49474 - ::1 - - 200 0 0 89
2018-07-16 12:09:53 ::1 POST /Service1.svc - 49474 - ::1 - - 200 0 0 119
2018-07-16 12:09:53 ::1 POST /Service1.svc - 49474 - ::1 - - 200 0 0 156
2018-07-16 12:09:53 ::1 POST /Service1.svc - 49474 - ::1 - - 200 0 0 188
2018-07-16 12:09:53 ::1 POST /Service1.svc - 49474 - ::1 - - 200 0 0 244
2018-07-16 12:09:54 ::1 POST /Service1.svc - 49474 - ::1 - - 200 0 0 287
2018-07-16 12:09:54 ::1 POST /Service1.svc - 49474 - ::1 - - 200 0 0 557
2018-07-16 12:10:43 ::1 POST /Service1.svc - 49474 - ::1 - - 200 0 0 14685
2018-07-16 12:10:43 ::1 POST /Service1.svc - 49474 - ::1 - - 200 0 0 41
2018-07-16 12:10:43 ::1 POST /Service1.svc - 49474 - ::1 - - 200 0 0 163
2018-07-16 12:10:46 ::1 POST /Service1.svc - 49474 - ::1 - - 200 0 0 34
2018-07-16 12:10:46 ::1 POST /Service1.svc - 49474 - ::1 - - 200 0 0 101
2018-07-16 12:10:46 ::1 POST /Service1.svc - 49474 - ::1 - - 200 0 0 133
#Software: Microsoft Internet Information Services 10.0
#Version: 1.0
#Date: 2018-07-16 12:11:49
#Fields: date time s-ip cs-method cs-uri-stem cs-uri-query s-port cs-username c-ip cs(User-Agent) cs(Referer) sc-status sc-substatus sc-win32-status time-taken
2018-07-16 12:11:49 ::1 POST /Service1.svc - 49474 - ::1 - - 415 0 0 14783
2018-07-16 12:11:49 ::1 POST /Service1.svc/mex - 49474 - ::1 - - 415 0 0 9
2018-07-16 12:11:54 ::1 GET /Service1.svc - 49474 - ::1 Mozilla/4.0+(compatible;+MSIE+6.0;+MS+Web+Services+Client+Protocol+4.0.30319.42000) - 200 0 0 4445
2018-07-16 12:11:54 ::1 GET /Service1.svc disco 49474 - ::1 Mozilla/4.0+(compatible;+MSIE+6.0;+MS+Web+Services+Client+Protocol+4.0.30319.42000) - 200 0 0 5
2018-07-16 12:11:54 ::1 GET /Service1.svc wsdl 49474 - ::1 Mozilla/4.0+(compatible;+MSIE+6.0;+MS+Web+Services+Client+Protocol+4.0.30319.42000) - 200 0 0 240
2018-07-16 12:11:57 ::1 GET /Service1.svc xsd=xsd0 49474 - ::1 Mozilla/4.0+(compatible;+MSIE+6.0;+MS+Web+Services+Client+Protocol+4.0.30319.42000) - 200 0 0 2249
2018-07-16 12:11:57 ::1 GET /Service1.svc xsd=xsd2 49474 - ::1 Mozilla/4.0+(compatible;+MSIE+6.0;+MS+Web+Services+Client+Protocol+4.0.30319.42000) - 200 0 0 7
2018-07-16 12:11:57 ::1 GET /Service1.svc xsd=xsd3 49474 - ::1 Mozilla/4.0+(compatible;+MSIE+6.0;+MS+Web+Services+Client+Protocol+4.0.30319.42000) - 200 0 0 15
2018-07-16 12:11:57 ::1 GET /Service1.svc xsd=xsd1 49474 - ::1 Mozilla/4.0+(compatible;+MSIE+6.0;+MS+Web+Services+Client+Protocol+4.0.30319.42000) - 200 0 0 16
2018-07-16 12:13:43 ::1 GET /Service1.svc - 49474 - ::1 Mozilla/4.0+(compatible;+MSIE+6.0;+MS+Web+Services+Client+Protocol+4.0.30319.42000) - 200 0 0 69
2018-07-16 12:13:43 ::1 GET /Service1.svc/$metadata - 49474 - ::1 Mozilla/4.0+(compatible;+MSIE+6.0;+MS+Web+Services+Client+Protocol+4.0.30319.42000) - 400 0 0 175
2018-07-16 12:13:43 ::1 GET /Service1.svc disco 49474 - ::1 Mozilla/4.0+(compatible;+MSIE+6.0;+MS+Web+Services+Client+Protocol+4.0.30319.42000) - 200 0 0 65
2018-07-16 12:13:43 ::1 GET /Service1.svc wsdl 49474 - ::1 Mozilla/4.0+(compatible;+MSIE+6.0;+MS+Web+Services+Client+Protocol+4.0.30319.42000) - 200 0 0 8
2018-07-16 12:13:43 ::1 GET /Service1.svc xsd=xsd0 49474 - ::1 Mozilla/4.0+(compatible;+MSIE+6.0;+MS+Web+Services+Client+Protocol+4.0.30319.42000) - 200 0 0 11
2018-07-16 12:13:43 ::1 GET /Service1.svc xsd=xsd2 49474 - ::1 Mozilla/4.0+(compatible;+MSIE+6.0;+MS+Web+Services+Client+Protocol+4.0.30319.42000) - 200 0 0 9
2018-07-16 12:13:43 ::1 GET /Service1.svc xsd=xsd3 49474 - ::1 Mozilla/4.0+(compatible;+MSIE+6.0;+MS+Web+Services+Client+Protocol+4.0.30319.42000) - 200 0 0 6
2018-07-16 12:13:43 ::1 GET /Service1.svc xsd=xsd1 49474 - ::1 Mozilla/4.0+(compatible;+MSIE+6.0;+MS+Web+Services+Client+Protocol+4.0.30319.42000) - 200 0 0 5
2018-07-16 12:13:43 ::1 POST /Service1.svc - 49474 - ::1 - - 415 0 0 13
2018-07-16 12:13:43 ::1 POST /Service1.svc/mex - 49474 - ::1 - - 415 0 0 19
2018-07-16 12:15:24 ::1 GET /Service1.svc - 49474 - ::1 Mozilla/4.0+(compatible;+MSIE+6.0;+MS+Web+Services+Client+Protocol+4.0.30319.42000) - 200 0 0 102
2018-07-16 12:15:24 ::1 GET /Service1.svc/$metadata - 49474 - ::1 Mozilla/4.0+(compatible;+MSIE+6.0;+MS+Web+Services+Client+Protocol+4.0.30319.42000) - 400 0 0 102
2018-07-16 12:15:24 ::1 POST /Service1.svc/mex - 49474 - ::1 - - 415 0 0 51
2018-07-16 12:15:24 ::1 POST /Service1.svc - 49474 - ::1 - - 415 0 0 60
2018-07-16 12:15:24 ::1 GET /Service1.svc disco 49474 - ::1 Mozilla/4.0+(compatible;+MSIE+6.0;+MS+Web+Services+Client+Protocol+4.0.30319.42000) - 200 0 0 66
2018-07-16 12:15:24 ::1 GET /Service1.svc wsdl 49474 - ::1 Mozilla/4.0+(compatible;+MSIE+6.0;+MS+Web+Services+Client+Protocol+4.0.30319.42000) - 200 0 0 27
2018-07-16 12:15:24 ::1 GET /Service1.svc xsd=xsd0 49474 - ::1 Mozilla/4.0+(compatible;+MSIE+6.0;+MS+Web+Services+Client+Protocol+4.0.30319.42000) - 200 0 0 15
2018-07-16 12:15:24 ::1 GET /Service1.svc xsd=xsd2 49474 - ::1 Mozilla/4.0+(compatible;+MSIE+6.0;+MS+Web+Services+Client+Protocol+4.0.30319.42000) - 200 0 0 120
2018-07-16 12:15:24 ::1 GET /Service1.svc xsd=xsd3 49474 - ::1 Mozilla/4.0+(compatible;+MSIE+6.0;+MS+Web+Services+Client+Protocol+4.0.30319.42000) - 200 0 0 9
2018-07-16 12:15:24 ::1 GET /Service1.svc xsd=xsd1 49474 - ::1 Mozilla/4.0+(compatible;+MSIE+6.0;+MS+Web+Services+Client+Protocol+4.0.30319.42000) - 200 0 0 23
2018-07-16 12:17:18 ::1 POST /Service1.svc - 49474 - ::1 - - 200 0 0 16627
2018-07-16 12:17:18 ::1 POST /Service1.svc - 49474 - ::1 - - 200 0 0 148
2018-07-16 12:17:18 ::1 POST /Service1.svc - 49474 - ::1 - - 200 0 0 195
#Software: Microsoft Internet Information Services 10.0
#Version: 1.0
#Date: 2018-07-16 12:22:21
#Fields: date time s-ip cs-method cs-uri-stem cs-uri-query s-port cs-username c-ip cs(User-Agent) cs(Referer) sc-status sc-substatus sc-win32-status time-taken
2018-07-16 12:22:21 ::1 POST /Service1.svc - 49474 - ::1 - - 415 0 0 16351
2018-07-16 12:22:21 ::1 POST /Service1.svc/mex - 49474 - ::1 - - 415 0 0 13
2018-07-16 12:22:26 ::1 GET /Service1.svc - 49474 - ::1 Mozilla/4.0+(compatible;+MSIE+6.0;+MS+Web+Services+Client+Protocol+4.0.30319.42000) - 200 0 0 5128
2018-07-16 12:22:26 ::1 GET /Service1.svc disco 49474 - ::1 Mozilla/4.0+(compatible;+MSIE+6.0;+MS+Web+Services+Client+Protocol+4.0.30319.42000) - 200 0 0 23
2018-07-16 12:22:26 ::1 GET /Service1.svc wsdl 49474 - ::1 Mozilla/4.0+(compatible;+MSIE+6.0;+MS+Web+Services+Client+Protocol+4.0.30319.42000) - 200 0 0 73
2018-07-16 12:22:27 ::1 GET /Service1.svc xsd=xsd0 49474 - ::1 Mozilla/4.0+(compatible;+MSIE+6.0;+MS+Web+Services+Client+Protocol+4.0.30319.42000) - 200 0 0 572
2018-07-16 12:22:27 ::1 GET /Service1.svc xsd=xsd2 49474 - ::1 Mozilla/4.0+(compatible;+MSIE+6.0;+MS+Web+Services+Client+Protocol+4.0.30319.42000) - 200 0 0 10
2018-07-16 12:22:27 ::1 GET /Service1.svc xsd=xsd3 49474 - ::1 Mozilla/4.0+(compatible;+MSIE+6.0;+MS+Web+Services+Client+Protocol+4.0.30319.42000) - 200 0 0 54
2018-07-16 12:22:27 ::1 GET /Service1.svc xsd=xsd1 49474 - ::1 Mozilla/4.0+(compatible;+MSIE+6.0;+MS+Web+Services+Client+Protocol+4.0.30319.42000) - 200 0 0 233
2018-07-16 12:29:51 ::1 GET /Service1.svc/$metadata - 49474 - ::1 Mozilla/4.0+(compatible;+MSIE+6.0;+MS+Web+Services+Client+Protocol+4.0.30319.42000) - 400 0 0 95
2018-07-16 12:29:51 ::1 GET /Service1.svc - 49474 - ::1 Mozilla/4.0+(compatible;+MSIE+6.0;+MS+Web+Services+Client+Protocol+4.0.30319.42000) - 200 0 0 102
2018-07-16 12:29:51 ::1 POST /Service1.svc - 49474 - ::1 - - 415 0 0 106
2018-07-16 12:29:51 ::1 GET /Service1.svc disco 49474 - ::1 Mozilla/4.0+(compatible;+MSIE+6.0;+MS+Web+Services+Client+Protocol+4.0.30319.42000) - 200 0 0 92
2018-07-16 12:29:51 ::1 POST /Service1.svc/mex - 49474 - ::1 - - 415 0 0 136
2018-07-16 12:29:51 ::1 GET /Service1.svc wsdl 49474 - ::1 Mozilla/4.0+(compatible;+MSIE+6.0;+MS+Web+Services+Client+Protocol+4.0.30319.42000) - 200 0 0 31
2018-07-16 12:29:51 ::1 GET /Service1.svc xsd=xsd0 49474 - ::1 Mozilla/4.0+(compatible;+MSIE+6.0;+MS+Web+Services+Client+Protocol+4.0.30319.42000) - 200 0 0 20
2018-07-16 12:29:51 ::1 GET /Service1.svc xsd=xsd2 49474 - ::1 Mozilla/4.0+(compatible;+MSIE+6.0;+MS+Web+Services+Client+Protocol+4.0.30319.42000) - 200 0 0 10
2018-07-16 12:29:51 ::1 GET /Service1.svc xsd=xsd3 49474 - ::1 Mozilla/4.0+(compatible;+MSIE+6.0;+MS+Web+Services+Client+Protocol+4.0.30319.42000) - 200 0 0 15
2018-07-16 12:29:51 ::1 GET /Service1.svc xsd=xsd1 49474 - ::1 Mozilla/4.0+(compatible;+MSIE+6.0;+MS+Web+Services+Client+Protocol+4.0.30319.42000) - 200 0 0 24
2018-07-16 12:31:59 ::1 POST /Service1.svc - 49474 - ::1 - - 200 0 0 3635
2018-07-16 12:32:01 ::1 POST /Service1.svc - 49474 - ::1 - - 200 0 0 978
2018-07-16 12:32:02 ::1 POST /Service1.svc - 49474 - ::1 - - 200 0 0 1366
2018-07-16 12:32:04 ::1 POST /Service1.svc - 49474 - ::1 - - 200 0 0 1481
2018-07-16 12:32:11 ::1 POST /Service1.svc - 49474 - ::1 - - 200 0 0 142
2018-07-16 12:32:11 ::1 POST /Service1.svc - 49474 - ::1 - - 200 0 0 47
2018-07-16 12:32:11 ::1 POST /Service1.svc - 49474 - ::1 - - 200 0 0 72
2018-07-16 12:32:11 ::1 POST /Service1.svc - 49474 - ::1 - - 200 0 0 117
2018-07-16 12:32:13 ::1 POST /Service1.svc - 49474 - ::1 - - 200 0 0 65
2018-07-16 12:32:13 ::1 POST /Service1.svc - 49474 - ::1 - - 200 0 0 162
2018-07-16 12:32:13 ::1 POST /Service1.svc - 49474 - ::1 - - 200 0 0 82
2018-07-16 12:32:13 ::1 POST /Service1.svc - 49474 - ::1 - - 200 0 0 637
2018-07-16 12:32:14 ::1 POST /Service1.svc - 49474 - ::1 - - 200 0 0 277
2018-07-16 12:32:14 ::1 POST /Service1.svc - 49474 - ::1 - - 200 0 0 65
2018-07-16 12:32:14 ::1 POST /Service1.svc - 49474 - ::1 - - 200 0 0 435
2018-07-16 12:32:14 ::1 POST /Service1.svc - 49474 - ::1 - - 200 0 0 431
2018-07-16 12:32:16 ::1 POST /Service1.svc - 49474 - ::1 - - 200 0 0 371
2018-07-16 12:32:21 ::1 POST /Service1.svc - 49474 - ::1 - - 200 0 0 1779
2018-07-16 12:32:21 ::1 POST /Service1.svc - 49474 - ::1 - - 200 0 0 477
2018-07-16 12:32:35 ::1 POST /Service1.svc - 49474 - ::1 - - 200 0 0 69
2018-07-16 12:32:35 ::1 POST /Service1.svc - 49474 - ::1 - - 200 0 0 136
2018-07-16 12:32:35 ::1 POST /Service1.svc - 49474 - ::1 - - 200 0 0 58
2018-07-16 12:32:35 ::1 POST /Service1.svc - 49474 - ::1 - - 200 0 0 141
2018-07-16 12:32:38 ::1 POST /Service1.svc - 49474 - ::1 - - 200 0 0 144
2018-07-16 12:32:38 ::1 POST /Service1.svc - 49474 - ::1 - - 200 0 0 965
2018-07-16 12:32:40 ::1 POST /Service1.svc - 49474 - ::1 - - 200 0 0 641
2018-07-16 12:32:40 ::1 POST /Service1.svc - 49474 - ::1 - - 200 0 0 955
2018-07-16 12:32:41 ::1 POST /Service1.svc - 49474 - ::1 - - 200 0 0 327
2018-07-16 12:32:41 ::1 POST /Service1.svc - 49474 - ::1 - - 200 0 0 347
2018-07-16 12:32:41 ::1 POST /Service1.svc - 49474 - ::1 - - 200 0 0 97
2018-07-16 12:32:42 ::1 POST /Service1.svc - 49474 - ::1 - - 200 0 0 916
2018-07-16 12:32:43 ::1 POST /Service1.svc - 49474 - ::1 - - 200 0 0 1012
2018-07-16 12:32:47 ::1 POST /Service1.svc - 49474 - ::1 - - 200 0 0 190
2018-07-16 12:32:47 ::1 POST /Service1.svc - 49474 - ::1 - - 200 0 0 48
2018-07-16 12:33:41 ::1 POST /Service1.svc - 49474 - ::1 - - 200 0 0 37
2018-07-16 12:33:41 ::1 POST /Service1.svc - 49474 - ::1 - - 200 0 0 116
2018-07-16 12:33:41 ::1 POST /Service1.svc - 49474 - ::1 - - 200 0 0 41
2018-07-16 12:33:41 ::1 POST /Service1.svc - 49474 - ::1 - - 200 0 0 70
2018-07-16 12:33:43 ::1 POST /Service1.svc - 49474 - ::1 - - 200 0 0 24
2018-07-16 12:33:43 ::1 POST /Service1.svc - 49474 - ::1 - - 200 0 0 22
2018-07-16 12:33:43 ::1 POST /Service1.svc - 49474 - ::1 - - 200 0 0 29
2018-07-16 12:33:43 ::1 POST /Service1.svc - 49474 - ::1 - - 200 0 0 86
2018-07-16 12:40:29 ::1 POST /Service1.svc - 49474 - ::1 - - 200 0 0 121
2018-07-16 12:40:29 ::1 POST /Service1.svc - 49474 - ::1 - - 200 0 0 200
2018-07-16 12:40:29 ::1 POST /Service1.svc - 49474 - ::1 - - 200 0 0 117
2018-07-16 12:40:29 ::1 POST /Service1.svc - 49474 - ::1 - - 200 0 0 37
2018-07-16 12:40:34 ::1 POST /Service1.svc - 49474 - ::1 - - 200 0 0 127
2018-07-16 12:40:34 ::1 POST /Service1.svc - 49474 - ::1 - - 200 0 0 52
2018-07-16 12:40:34 ::1 POST /Service1.svc - 49474 - ::1 - - 200 0 0 63
2018-07-16 12:40:34 ::1 POST /Service1.svc - 49474 - ::1 - - 200 0 0 29
2018-07-16 12:40:37 ::1 POST /Service1.svc - 49474 - ::1 - - 200 0 0 12
2018-07-16 12:40:37 ::1 POST /Service1.svc - 49474 - ::1 - - 200 0 0 48
2018-07-16 12:40:37 ::1 POST /Service1.svc - 49474 - ::1 - - 200 0 0 62
2018-07-16 12:40:37 ::1 POST /Service1.svc - 49474 - ::1 - - 200 0 0 67
2018-07-16 12:40:37 ::1 POST /Service1.svc - 49474 - ::1 - - 200 0 0 26
2018-07-16 12:40:37 ::1 POST /Service1.svc - 49474 - ::1 - - 200 0 0 35
2018-07-16 12:40:37 ::1 POST /Service1.svc - 49474 - ::1 - - 200 0 0 75
2018-07-16 12:40:37 ::1 POST /Service1.svc - 49474 - ::1 - - 200 0 0 22
2018-07-16 12:40:37 ::1 POST /Service1.svc - 49474 - ::1 - - 200 0 0 174
2018-07-16 12:40:37 ::1 POST /Service1.svc - 49474 - ::1 - - 200 0 0 167
2018-07-16 12:40:40 ::1 POST /Service1.svc - 49474 - ::1 - - 200 0 0 30
2018-07-16 12:40:54 ::1 POST /Service1.svc - 49474 - ::1 - - 200 0 0 59
2018-07-16 12:40:54 ::1 POST /Service1.svc - 49474 - ::1 - - 200 0 0 55
2018-07-16 12:40:54 ::1 POST /Service1.svc - 49474 - ::1 - - 200 0 0 37
2018-07-16 12:40:54 ::1 POST /Service1.svc - 49474 - ::1 - - 200 0 0 66
2018-07-16 12:40:55 ::1 POST /Service1.svc - 49474 - ::1 - - 200 0 0 117
2018-07-16 12:40:55 ::1 POST /Service1.svc - 49474 - ::1 - - 200 0 0 191
2018-07-16 12:40:55 ::1 POST /Service1.svc - 49474 - ::1 - - 200 0 0 131
2018-07-16 12:40:55 ::1 POST /Service1.svc - 49474 - ::1 - - 200 0 0 42
2018-07-16 12:47:06 ::1 POST /Service1.svc - 49474 - ::1 - - 200 0 0 32
2018-07-16 12:47:06 ::1 POST /Service1.svc - 49474 - ::1 - - 200 0 0 138
2018-07-16 12:47:06 ::1 POST /Service1.svc - 49474 - ::1 - - 200 0 0 397
2018-07-16 12:47:06 ::1 POST /Service1.svc - 49474 - ::1 - - 200 0 0 204
2018-07-16 12:47:12 ::1 POST /Service1.svc - 49474 - ::1 - - 200 0 0 19
2018-07-16 12:47:12 ::1 POST /Service1.svc - 49474 - ::1 - - 200 0 0 40
2018-07-16 12:47:12 ::1 POST /Service1.svc - 49474 - ::1 - - 200 0 0 27
2018-07-16 12:47:12 ::1 POST /Service1.svc - 49474 - ::1 - - 200 0 0 47
2018-07-16 12:47:22 ::1 POST /Service1.svc - 49474 - ::1 - - 200 0 0 20
2018-07-16 12:47:22 ::1 POST /Service1.svc - 49474 - ::1 - - 200 0 0 19
2018-07-16 12:47:22 ::1 POST /Service1.svc - 49474 - ::1 - - 200 0 0 27
2018-07-16 12:47:22 ::1 POST /Service1.svc - 49474 - ::1 - - 200 0 0 185
2018-07-16 12:47:22 ::1 POST /Service1.svc - 49474 - ::1 - - 200 0 0 15
2018-07-16 12:47:22 ::1 POST /Service1.svc - 49474 - ::1 - - 200 0 0 21
2018-07-16 12:47:22 ::1 POST /Service1.svc - 49474 - ::1 - - 200 0 0 26
2018-07-16 12:47:22 ::1 POST /Service1.svc - 49474 - ::1 - - 200 0 0 190
2018-07-16 12:47:22 ::1 POST /Service1.svc - 49474 - ::1 - - 200 0 0 86
2018-07-16 12:47:22 ::1 POST /Service1.svc - 49474 - ::1 - - 200 0 0 85
2018-07-16 12:47:23 ::1 POST /Service1.svc - 49474 - ::1 - - 200 0 0 557
2018-07-16 12:47:26 ::1 POST /Service1.svc - 49474 - ::1 - - 200 0 0 46
2018-07-16 12:48:11 ::1 POST /Service1.svc - 49474 - ::1 - - 200 0 0 765
