#Software: Microsoft Internet Information Services 10.0
#Version: 1.0
#Date: 2018-08-20 05:18:45
#Fields: date time s-ip cs-method cs-uri-stem cs-uri-query s-port cs-username c-ip cs(User-Agent) cs(Referer) sc-status sc-substatus sc-win32-status time-taken
2018-08-20 05:18:45 ::1 POST /Service1.svc - 49474 - ::1 - - 415 0 0 32033
2018-08-20 05:18:45 ::1 POST /Service1.svc/mex - 49474 - ::1 - - 415 0 0 11
2018-08-20 05:18:52 ::1 GET /Service1.svc - 49474 - ::1 Mozilla/4.0+(compatible;+MSIE+6.0;+MS+Web+Services+Client+Protocol+4.0.30319.42000) - 200 0 0 6102
2018-08-20 05:18:52 ::1 GET /Service1.svc disco 49474 - ::1 Mozilla/4.0+(compatible;+MSIE+6.0;+MS+Web+Services+Client+Protocol+4.0.30319.42000) - 200 0 0 94
2018-08-20 05:18:52 ::1 GET /Service1.svc wsdl 49474 - ::1 Mozilla/4.0+(compatible;+MSIE+6.0;+MS+Web+Services+Client+Protocol+4.0.30319.42000) - 200 0 0 173
2018-08-20 05:18:56 ::1 GET /Service1.svc xsd=xsd0 49474 - ::1 Mozilla/4.0+(compatible;+MSIE+6.0;+MS+Web+Services+Client+Protocol+4.0.30319.42000) - 200 0 0 3547
2018-08-20 05:18:56 ::1 GET /Service1.svc xsd=xsd2 49474 - ::1 Mozilla/4.0+(compatible;+MSIE+6.0;+MS+Web+Services+Client+Protocol+4.0.30319.42000) - 200 0 0 13
2018-08-20 05:18:56 ::1 GET /Service1.svc xsd=xsd3 49474 - ::1 Mozilla/4.0+(compatible;+MSIE+6.0;+MS+Web+Services+Client+Protocol+4.0.30319.42000) - 200 0 0 80
2018-08-20 05:18:56 ::1 GET /Service1.svc xsd=xsd1 49474 - ::1 Mozilla/4.0+(compatible;+MSIE+6.0;+MS+Web+Services+Client+Protocol+4.0.30319.42000) - 200 0 0 22
2018-08-20 05:20:24 ::1 GET /Service1.svc - 49474 - ::1 Mozilla/4.0+(compatible;+MSIE+6.0;+MS+Web+Services+Client+Protocol+4.0.30319.42000) - 200 0 0 110
2018-08-20 05:20:24 ::1 GET /Service1.svc/$metadata - 49474 - ::1 Mozilla/4.0+(compatible;+MSIE+6.0;+MS+Web+Services+Client+Protocol+4.0.30319.42000) - 400 0 0 594
2018-08-20 05:20:24 ::1 GET /Service1.svc disco 49474 - ::1 Mozilla/4.0+(compatible;+MSIE+6.0;+MS+Web+Services+Client+Protocol+4.0.30319.42000) - 200 0 0 117
2018-08-20 05:20:24 ::1 GET /Service1.svc wsdl 49474 - ::1 Mozilla/4.0+(compatible;+MSIE+6.0;+MS+Web+Services+Client+Protocol+4.0.30319.42000) - 200 0 0 36
2018-08-20 05:20:25 ::1 GET /Service1.svc xsd=xsd0 49474 - ::1 Mozilla/4.0+(compatible;+MSIE+6.0;+MS+Web+Services+Client+Protocol+4.0.30319.42000) - 200 0 0 8
2018-08-20 05:20:25 ::1 GET /Service1.svc xsd=xsd2 49474 - ::1 Mozilla/4.0+(compatible;+MSIE+6.0;+MS+Web+Services+Client+Protocol+4.0.30319.42000) - 200 0 0 14
2018-08-20 05:20:25 ::1 GET /Service1.svc xsd=xsd3 49474 - ::1 Mozilla/4.0+(compatible;+MSIE+6.0;+MS+Web+Services+Client+Protocol+4.0.30319.42000) - 200 0 0 34
2018-08-20 05:20:25 ::1 GET /Service1.svc xsd=xsd1 49474 - ::1 Mozilla/4.0+(compatible;+MSIE+6.0;+MS+Web+Services+Client+Protocol+4.0.30319.42000) - 200 0 0 106
2018-08-20 05:20:33 ::1 POST /Service1.svc - 49474 - ::1 - - 415 0 0 38
2018-08-20 05:20:33 ::1 POST /Service1.svc/mex - 49474 - ::1 - - 415 0 0 48
2018-08-20 05:25:46 ::1 POST /Service1.svc - 49474 - ::1 - - 200 0 0 17858
2018-08-20 05:25:48 ::1 POST /Service1.svc - 49474 - ::1 - - 200 0 0 962
2018-08-20 05:25:48 ::1 POST /Service1.svc - 49474 - ::1 - - 200 0 0 961
2018-08-20 05:25:50 ::1 POST /Service1.svc - 49474 - ::1 - - 200 0 0 879
2018-08-20 05:29:16 ::1 POST /Service1.svc - 49474 - ::1 - - 200 0 0 301
2018-08-20 05:29:16 ::1 POST /Service1.svc - 49474 - ::1 - - 200 0 0 51
2018-08-20 05:29:16 ::1 POST /Service1.svc - 49474 - ::1 - - 200 0 0 78
2018-08-20 05:29:16 ::1 POST /Service1.svc - 49474 - ::1 - - 200 0 0 99
2018-08-20 05:29:19 ::1 POST /Service1.svc - 49474 - ::1 - - 200 0 0 1444
2018-08-20 05:29:27 ::1 POST /Service1.svc - 49474 - ::1 - - 200 0 0 1195
2018-08-20 05:29:27 ::1 POST /Service1.svc - 49474 - ::1 - - 200 0 0 323
2018-08-20 05:29:27 ::1 POST /Service1.svc - 49474 - ::1 - - 200 0 0 49
2018-08-20 05:29:27 ::1 POST /Service1.svc - 49474 - ::1 - - 200 0 0 325
2018-08-20 05:29:29 ::1 POST /Service1.svc - 49474 - ::1 - - 200 0 0 748
2018-08-20 05:29:29 ::1 POST /Service1.svc - 49474 - ::1 - - 200 0 0 252
2018-08-20 05:29:29 ::1 POST /Service1.svc - 49474 - ::1 - - 200 0 0 38
2018-08-20 05:29:29 ::1 POST /Service1.svc - 49474 - ::1 - - 200 0 0 219
2018-08-20 05:29:30 ::1 POST /Service1.svc - 49474 - ::1 - - 200 0 0 1169
2018-08-20 05:29:33 ::1 POST /Service1.svc - 49474 - ::1 - - 200 0 0 111
2018-08-20 05:29:33 ::1 POST /Service1.svc - 49474 - ::1 - - 200 0 0 13
2018-08-20 05:29:33 ::1 POST /Service1.svc - 49474 - ::1 - - 200 0 0 32
2018-08-20 05:29:33 ::1 POST /Service1.svc - 49474 - ::1 - - 200 0 0 105
2018-08-20 05:29:33 ::1 POST /Service1.svc - 49474 - ::1 - - 200 0 0 65
2018-08-20 05:29:33 ::1 POST /Service1.svc - 49474 - ::1 - - 200 0 0 25
2018-08-20 05:29:33 ::1 POST /Service1.svc - 49474 - ::1 - - 200 0 0 75
2018-08-20 05:29:33 ::1 POST /Service1.svc - 49474 - ::1 - - 200 0 0 449
2018-08-20 05:29:37 ::1 POST /Service1.svc - 49474 - ::1 - - 200 0 0 46
2018-08-20 05:29:37 ::1 POST /Service1.svc - 49474 - ::1 - - 200 0 0 63
2018-08-20 05:29:37 ::1 POST /Service1.svc - 49474 - ::1 - - 200 0 0 473
2018-08-20 05:29:38 ::1 POST /Service1.svc - 49474 - ::1 - - 200 0 0 700
2018-08-20 05:29:38 ::1 POST /Service1.svc - 49474 - ::1 - - 200 0 0 494
2018-08-20 05:29:38 ::1 POST /Service1.svc - 49474 - ::1 - - 200 0 0 150
2018-08-20 05:29:38 ::1 POST /Service1.svc - 49474 - ::1 - - 200 0 0 28
2018-08-20 05:29:38 ::1 POST /Service1.svc - 49474 - ::1 - - 200 0 0 65
2018-08-20 05:29:39 ::1 POST /Service1.svc - 49474 - ::1 - - 200 0 0 322
2018-08-20 05:29:39 ::1 POST /Service1.svc - 49474 - ::1 - - 200 0 0 405
2018-08-20 05:29:39 ::1 POST /Service1.svc - 49474 - ::1 - - 200 0 0 520
2018-08-20 05:29:40 ::1 POST /Service1.svc - 49474 - ::1 - - 200 0 0 65
2018-08-20 05:29:40 ::1 POST /Service1.svc - 49474 - ::1 - - 200 0 0 270
2018-08-20 05:29:40 ::1 POST /Service1.svc - 49474 - ::1 - - 200 0 0 353
2018-08-20 05:29:43 ::1 POST /Service1.svc - 49474 - ::1 - - 200 0 0 71
2018-08-20 05:29:43 ::1 POST /Service1.svc - 49474 - ::1 - - 200 0 0 38
2018-08-20 05:29:43 ::1 POST /Service1.svc - 49474 - ::1 - - 200 0 0 21
2018-08-20 05:29:43 ::1 POST /Service1.svc - 49474 - ::1 - - 200 0 0 26
2018-08-20 05:29:43 ::1 POST /Service1.svc - 49474 - ::1 - - 200 0 0 74
2018-08-20 05:29:43 ::1 POST /Service1.svc - 49474 - ::1 - - 200 0 0 19
2018-08-20 05:29:43 ::1 POST /Service1.svc - 49474 - ::1 - - 200 0 0 32
2018-08-20 05:29:43 ::1 POST /Service1.svc - 49474 - ::1 - - 200 0 0 92
2018-08-20 05:29:43 ::1 POST /Service1.svc - 49474 - ::1 - - 200 0 0 317
2018-08-20 05:29:43 ::1 POST /Service1.svc - 49474 - ::1 - - 200 0 0 95
2018-08-20 05:29:46 ::1 POST /Service1.svc - 49474 - ::1 - - 200 0 0 234
2018-08-20 05:29:46 ::1 POST /Service1.svc - 49474 - ::1 - - 200 0 0 56
2018-08-20 05:29:46 ::1 POST /Service1.svc - 49474 - ::1 - - 200 0 0 47
2018-08-20 05:29:46 ::1 POST /Service1.svc - 49474 - ::1 - - 200 0 0 178
2018-08-20 05:29:46 ::1 POST /Service1.svc - 49474 - ::1 - - 200 0 0 263
2018-08-20 05:29:51 ::1 POST /Service1.svc - 49474 - ::1 - - 200 0 0 275
2018-08-20 05:29:51 ::1 POST /Service1.svc - 49474 - ::1 - - 200 0 0 74
2018-08-20 05:29:51 ::1 POST /Service1.svc - 49474 - ::1 - - 200 0 0 35
2018-08-20 05:29:51 ::1 POST /Service1.svc - 49474 - ::1 - - 200 0 0 237
