#Software: Microsoft Internet Information Services 10.0
#Version: 1.0
#Date: 2018-05-14 06:52:07
#Fields: date time s-ip cs-method cs-uri-stem cs-uri-query s-port cs-username c-ip cs(User-Agent) cs(Referer) sc-status sc-substatus sc-win32-status time-taken
2018-05-14 06:52:07 ::1 POST /Service1.svc - 49474 - ::1 - - 415 0 0 20285
2018-05-14 06:52:07 ::1 POST /Service1.svc/mex - 49474 - ::1 - - 415 0 0 14
2018-05-14 06:52:13 ::1 GET /Service1.svc - 49474 - ::1 Mozilla/4.0+(compatible;+MSIE+6.0;+MS+Web+Services+Client+Protocol+4.0.30319.42000) - 200 0 0 5554
2018-05-14 06:52:13 ::1 GET /Service1.svc disco 49474 - ::1 Mozilla/4.0+(compatible;+MSIE+6.0;+MS+Web+Services+Client+Protocol+4.0.30319.42000) - 200 0 0 30
2018-05-14 06:52:13 ::1 GET /Service1.svc wsdl 49474 - ::1 Mozilla/4.0+(compatible;+MSIE+6.0;+MS+Web+Services+Client+Protocol+4.0.30319.42000) - 200 0 0 220
2018-05-14 06:52:15 ::1 GET /Service1.svc xsd=xsd0 49474 - ::1 Mozilla/4.0+(compatible;+MSIE+6.0;+MS+Web+Services+Client+Protocol+4.0.30319.42000) - 200 0 0 1072
2018-05-14 06:52:15 ::1 GET /Service1.svc xsd=xsd2 49474 - ::1 Mozilla/4.0+(compatible;+MSIE+6.0;+MS+Web+Services+Client+Protocol+4.0.30319.42000) - 200 0 0 6
2018-05-14 06:52:15 ::1 GET /Service1.svc xsd=xsd3 49474 - ::1 Mozilla/4.0+(compatible;+MSIE+6.0;+MS+Web+Services+Client+Protocol+4.0.30319.42000) - 200 0 0 8
2018-05-14 06:52:15 ::1 GET /Service1.svc xsd=xsd1 49474 - ::1 Mozilla/4.0+(compatible;+MSIE+6.0;+MS+Web+Services+Client+Protocol+4.0.30319.42000) - 200 0 0 12
#Software: Microsoft Internet Information Services 10.0
#Version: 1.0
#Date: 2018-05-14 07:02:26
#Fields: date time s-ip cs-method cs-uri-stem cs-uri-query s-port cs-username c-ip cs(User-Agent) cs(Referer) sc-status sc-substatus sc-win32-status time-taken
2018-05-14 07:02:26 ::1 POST /Service1.svc - 49474 - ::1 - - 415 0 0 7114
2018-05-14 07:02:26 ::1 POST /Service1.svc/mex - 49474 - ::1 - - 415 0 0 8
2018-05-14 07:02:29 ::1 GET /Service1.svc - 49474 - ::1 Mozilla/4.0+(compatible;+MSIE+6.0;+MS+Web+Services+Client+Protocol+4.0.30319.42000) - 200 0 0 3203
2018-05-14 07:02:29 ::1 GET /Service1.svc disco 49474 - ::1 Mozilla/4.0+(compatible;+MSIE+6.0;+MS+Web+Services+Client+Protocol+4.0.30319.42000) - 200 0 0 20
2018-05-14 07:02:29 ::1 GET /Service1.svc wsdl 49474 - ::1 Mozilla/4.0+(compatible;+MSIE+6.0;+MS+Web+Services+Client+Protocol+4.0.30319.42000) - 200 0 0 129
2018-05-14 07:02:29 ::1 GET /Service1.svc xsd=xsd0 49474 - ::1 Mozilla/4.0+(compatible;+MSIE+6.0;+MS+Web+Services+Client+Protocol+4.0.30319.42000) - 200 0 0 492
2018-05-14 07:02:29 ::1 GET /Service1.svc xsd=xsd2 49474 - ::1 Mozilla/4.0+(compatible;+MSIE+6.0;+MS+Web+Services+Client+Protocol+4.0.30319.42000) - 200 0 0 6
2018-05-14 07:02:29 ::1 GET /Service1.svc xsd=xsd3 49474 - ::1 Mozilla/4.0+(compatible;+MSIE+6.0;+MS+Web+Services+Client+Protocol+4.0.30319.42000) - 200 0 0 6
2018-05-14 07:02:30 ::1 GET /Service1.svc xsd=xsd1 49474 - ::1 Mozilla/4.0+(compatible;+MSIE+6.0;+MS+Web+Services+Client+Protocol+4.0.30319.42000) - 200 0 0 13
2018-05-14 07:05:13 ::1 POST /Service1.svc - 49474 - ::1 - - 200 0 0 9066
2018-05-14 07:05:13 ::1 POST /Service1.svc - 49474 - ::1 - - 200 0 0 488
2018-05-14 07:05:15 ::1 POST /Service1.svc - 49474 - ::1 - - 200 0 0 921
2018-05-14 07:05:15 ::1 POST /Service1.svc - 49474 - ::1 - - 200 0 0 709
2018-05-14 07:05:15 ::1 POST /Service1.svc - 49474 - ::1 - - 200 0 0 17
2018-05-14 07:05:15 ::1 POST /Service1.svc - 49474 - ::1 - - 200 0 0 22
2018-05-14 07:05:15 ::1 POST /Service1.svc - 49474 - ::1 - - 200 0 0 94
2018-05-14 07:05:16 ::1 POST /Service1.svc - 49474 - ::1 - - 200 0 0 102
2018-05-14 07:05:16 ::1 POST /Service1.svc - 49474 - ::1 - - 200 0 0 30
2018-05-14 07:05:16 ::1 POST /Service1.svc - 49474 - ::1 - - 200 0 0 17
2018-05-14 07:05:16 ::1 POST /Service1.svc - 49474 - ::1 - - 200 0 0 64
2018-05-14 07:05:16 ::1 POST /Service1.svc - 49474 - ::1 - - 200 0 0 99
2018-05-14 07:15:35 ::1 POST /Service1.svc - 49474 - ::1 - - 200 0 0 295
2018-05-14 07:15:35 ::1 POST /Service1.svc - 49474 - ::1 - - 200 0 0 30
2018-05-14 07:15:35 ::1 POST /Service1.svc - 49474 - ::1 - - 200 0 0 14
2018-05-14 07:15:35 ::1 POST /Service1.svc - 49474 - ::1 - - 200 0 0 20
2018-05-14 07:15:35 ::1 POST /Service1.svc - 49474 - ::1 - - 200 0 0 33
2018-05-14 07:15:35 ::1 POST /Service1.svc - 49474 - ::1 - - 200 0 0 60
2018-05-14 07:15:35 ::1 POST /Service1.svc - 49474 - ::1 - - 200 0 0 67
2018-05-14 07:15:35 ::1 POST /Service1.svc - 49474 - ::1 - - 200 0 0 15
2018-05-14 07:15:35 ::1 POST /Service1.svc - 49474 - ::1 - - 200 0 0 226
2018-05-14 07:15:35 ::1 POST /Service1.svc - 49474 - ::1 - - 200 0 0 20
2018-05-14 07:15:35 ::1 POST /Service1.svc - 49474 - ::1 - - 200 0 0 20
2018-05-14 07:15:35 ::1 POST /Service1.svc - 49474 - ::1 - - 200 0 0 69
2018-05-14 07:15:36 ::1 POST /Service1.svc - 49474 - ::1 - - 200 0 0 290
2018-05-14 07:15:36 ::1 POST /Service1.svc - 49474 - ::1 - - 200 0 0 400
2018-05-14 07:15:36 ::1 POST /Service1.svc - 49474 - ::1 - - 200 0 0 85
2018-05-14 07:15:36 ::1 POST /Service1.svc - 49474 - ::1 - - 200 0 0 71
2018-05-14 07:15:36 ::1 POST /Service1.svc - 49474 - ::1 - - 200 0 0 56
2018-05-14 07:15:36 ::1 POST /Service1.svc - 49474 - ::1 - - 200 0 0 29
2018-05-14 07:15:36 ::1 POST /Service1.svc - 49474 - ::1 - - 200 0 0 63
2018-05-14 07:15:36 ::1 POST /Service1.svc - 49474 - ::1 - - 200 0 0 23
2018-05-14 07:15:36 ::1 POST /Service1.svc - 49474 - ::1 - - 200 0 0 24
2018-05-14 07:15:36 ::1 POST /Service1.svc - 49474 - ::1 - - 200 0 0 68
2018-05-14 07:15:36 ::1 POST /Service1.svc - 49474 - ::1 - - 200 0 0 25
2018-05-14 07:15:49 ::1 POST /Service1.svc - 49474 - ::1 - - 200 0 0 25
2018-05-14 07:15:49 ::1 POST /Service1.svc - 49474 - ::1 - - 200 0 0 59
2018-05-14 07:15:49 ::1 POST /Service1.svc - 49474 - ::1 - - 200 0 0 12
2018-05-14 07:15:49 ::1 POST /Service1.svc - 49474 - ::1 - - 200 0 0 23
2018-05-14 07:15:49 ::1 POST /Service1.svc - 49474 - ::1 - - 200 0 0 21
2018-05-14 07:15:49 ::1 POST /Service1.svc - 49474 - ::1 - - 200 0 0 20
2018-05-14 07:15:49 ::1 POST /Service1.svc - 49474 - ::1 - - 200 0 0 59
2018-05-14 07:15:49 ::1 POST /Service1.svc - 49474 - ::1 - - 200 0 0 23
2018-05-14 07:15:49 ::1 POST /Service1.svc - 49474 - ::1 - - 200 0 0 118
2018-05-14 07:15:49 ::1 POST /Service1.svc - 49474 - ::1 - - 200 0 0 13
2018-05-14 07:15:49 ::1 POST /Service1.svc - 49474 - ::1 - - 200 0 0 15
2018-05-14 07:15:49 ::1 POST /Service1.svc - 49474 - ::1 - - 200 0 0 33
2018-05-14 07:15:50 ::1 POST /Service1.svc - 49474 - ::1 - - 200 0 0 362
2018-05-14 07:15:50 ::1 POST /Service1.svc - 49474 - ::1 - - 200 0 0 24
2018-05-14 07:15:50 ::1 POST /Service1.svc - 49474 - ::1 - - 200 0 0 25
2018-05-14 07:15:50 ::1 POST /Service1.svc - 49474 - ::1 - - 200 0 0 21
2018-05-14 07:15:50 ::1 POST /Service1.svc - 49474 - ::1 - - 200 0 0 429
2018-05-14 07:15:51 ::1 POST /Service1.svc - 49474 - ::1 - - 200 0 0 164
2018-05-14 07:15:51 ::1 POST /Service1.svc - 49474 - ::1 - - 200 0 0 16
2018-05-14 07:15:51 ::1 POST /Service1.svc - 49474 - ::1 - - 200 0 0 32
2018-05-14 07:18:30 ::1 POST /Service1.svc - 49474 - ::1 - - 200 0 0 48
2018-05-14 07:18:30 ::1 POST /Service1.svc - 49474 - ::1 - - 200 0 0 36
2018-05-14 07:18:30 ::1 POST /Service1.svc - 49474 - ::1 - - 200 0 0 36
2018-05-14 07:18:30 ::1 POST /Service1.svc - 49474 - ::1 - - 200 0 0 56
2018-05-14 07:18:30 ::1 POST /Service1.svc - 49474 - ::1 - - 200 0 0 65
2018-05-14 07:18:30 ::1 POST /Service1.svc - 49474 - ::1 - - 200 0 0 55
2018-05-14 07:18:30 ::1 POST /Service1.svc - 49474 - ::1 - - 200 0 0 141
2018-05-14 07:18:30 ::1 POST /Service1.svc - 49474 - ::1 - - 200 0 0 68
2018-05-14 07:18:30 ::1 POST /Service1.svc - 49474 - ::1 - - 200 0 0 67
2018-05-14 07:18:30 ::1 POST /Service1.svc - 49474 - ::1 - - 200 0 0 62
2018-05-14 07:18:30 ::1 POST /Service1.svc - 49474 - ::1 - - 200 0 0 33
2018-05-14 07:19:07 ::1 POST /Service1.svc - 49474 - ::1 - - 200 0 0 76
2018-05-14 07:19:07 ::1 POST /Service1.svc - 49474 - ::1 - - 200 0 0 112
2018-05-14 07:19:07 ::1 POST /Service1.svc - 49474 - ::1 - - 200 0 0 19
2018-05-14 07:19:07 ::1 POST /Service1.svc - 49474 - ::1 - - 200 0 0 140
2018-05-14 07:19:07 ::1 POST /Service1.svc - 49474 - ::1 - - 200 0 0 122
2018-05-14 07:19:07 ::1 POST /Service1.svc - 49474 - ::1 - - 200 0 0 45
2018-05-14 07:19:07 ::1 POST /Service1.svc - 49474 - ::1 - - 200 0 0 47
2018-05-14 07:19:07 ::1 POST /Service1.svc - 49474 - ::1 - - 200 0 0 79
2018-05-14 07:19:07 ::1 POST /Service1.svc - 49474 - ::1 - - 200 0 0 33
2018-05-14 07:19:07 ::1 POST /Service1.svc - 49474 - ::1 - - 200 0 0 52
2018-05-14 07:19:08 ::1 POST /Service1.svc - 49474 - ::1 - - 200 0 0 258
2018-05-14 07:19:08 ::1 POST /Service1.svc - 49474 - ::1 - - 200 0 0 39
2018-05-14 07:19:19 ::1 POST /Service1.svc - 49474 - ::1 - - 200 0 0 48
2018-05-14 07:19:19 ::1 POST /Service1.svc - 49474 - ::1 - - 200 0 0 27
2018-05-14 07:19:19 ::1 POST /Service1.svc - 49474 - ::1 - - 200 0 0 57
2018-05-14 07:19:19 ::1 POST /Service1.svc - 49474 - ::1 - - 200 0 0 36
2018-05-14 07:19:19 ::1 POST /Service1.svc - 49474 - ::1 - - 200 0 0 31
2018-05-14 07:19:19 ::1 POST /Service1.svc - 49474 - ::1 - - 200 0 0 131
2018-05-14 07:19:19 ::1 POST /Service1.svc - 49474 - ::1 - - 200 0 0 107
2018-05-14 07:19:19 ::1 POST /Service1.svc - 49474 - ::1 - - 200 0 0 98
2018-05-14 07:19:19 ::1 POST /Service1.svc - 49474 - ::1 - - 200 0 0 39
2018-05-14 07:19:19 ::1 POST /Service1.svc - 49474 - ::1 - - 200 0 0 19
2018-05-14 07:19:19 ::1 POST /Service1.svc - 49474 - ::1 - - 200 0 0 92
2018-05-14 07:19:19 ::1 POST /Service1.svc - 49474 - ::1 - - 200 0 0 47
2018-05-14 07:19:20 ::1 POST /Service1.svc - 49474 - ::1 - - 200 0 0 147
2018-05-14 07:19:20 ::1 POST /Service1.svc - 49474 - ::1 - - 200 0 0 49
2018-05-14 07:19:20 ::1 POST /Service1.svc - 49474 - ::1 - - 200 0 0 85
2018-05-14 07:19:20 ::1 POST /Service1.svc - 49474 - ::1 - - 200 0 0 50
2018-05-14 07:19:20 ::1 POST /Service1.svc - 49474 - ::1 - - 200 0 0 26
2018-05-14 07:19:20 ::1 POST /Service1.svc - 49474 - ::1 - - 200 0 0 29
2018-05-14 07:19:20 ::1 POST /Service1.svc - 49474 - ::1 - - 200 0 0 170
2018-05-14 07:19:20 ::1 POST /Service1.svc - 49474 - ::1 - - 200 0 0 69
2018-05-14 07:19:20 ::1 POST /Service1.svc - 49474 - ::1 - - 200 0 0 76
2018-05-14 07:19:20 ::1 POST /Service1.svc - 49474 - ::1 - - 200 0 0 147
2018-05-14 07:19:20 ::1 POST /Service1.svc - 49474 - ::1 - - 200 0 0 74
2018-05-14 07:19:23 ::1 POST /Service1.svc - 49474 - ::1 - - 200 0 0 37
2018-05-14 07:19:23 ::1 POST /Service1.svc - 49474 - ::1 - - 200 0 0 104
2018-05-14 07:19:23 ::1 POST /Service1.svc - 49474 - ::1 - - 200 0 0 83
2018-05-14 07:19:23 ::1 POST /Service1.svc - 49474 - ::1 - - 200 0 0 58
2018-05-14 07:19:23 ::1 POST /Service1.svc - 49474 - ::1 - - 200 0 0 14
2018-05-14 07:19:23 ::1 POST /Service1.svc - 49474 - ::1 - - 200 0 0 182
2018-05-14 07:19:23 ::1 POST /Service1.svc - 49474 - ::1 - - 200 0 0 72
2018-05-14 07:19:23 ::1 POST /Service1.svc - 49474 - ::1 - - 200 0 0 223
2018-05-14 07:19:23 ::1 POST /Service1.svc - 49474 - ::1 - - 200 0 0 63
2018-05-14 07:19:23 ::1 POST /Service1.svc - 49474 - ::1 - - 200 0 0 39
2018-05-14 07:19:23 ::1 POST /Service1.svc - 49474 - ::1 - - 200 0 0 108
2018-05-14 07:19:23 ::1 POST /Service1.svc - 49474 - ::1 - - 200 0 0 39
2018-05-14 07:19:24 ::1 POST /Service1.svc - 49474 - ::1 - - 200 0 0 104
2018-05-14 07:19:24 ::1 POST /Service1.svc - 49474 - ::1 - - 200 0 0 76
2018-05-14 07:19:24 ::1 POST /Service1.svc - 49474 - ::1 - - 200 0 0 146
2018-05-14 07:19:24 ::1 POST /Service1.svc - 49474 - ::1 - - 200 0 0 25
2018-05-14 07:19:24 ::1 POST /Service1.svc - 49474 - ::1 - - 200 0 0 318
2018-05-14 07:19:24 ::1 POST /Service1.svc - 49474 - ::1 - - 200 0 0 57
2018-05-14 07:19:25 ::1 POST /Service1.svc - 49474 - ::1 - - 200 0 0 18
2018-05-14 07:19:25 ::1 POST /Service1.svc - 49474 - ::1 - - 200 0 0 106
2018-05-14 07:21:33 ::1 POST /Service1.svc - 49474 - ::1 - - 200 0 0 277
2018-05-14 07:21:33 ::1 POST /Service1.svc - 49474 - ::1 - - 200 0 0 163
2018-05-14 07:21:33 ::1 POST /Service1.svc - 49474 - ::1 - - 200 0 0 97
2018-05-14 07:21:33 ::1 POST /Service1.svc - 49474 - ::1 - - 200 0 0 104
2018-05-14 07:21:33 ::1 POST /Service1.svc - 49474 - ::1 - - 200 0 0 35
2018-05-14 07:21:33 ::1 POST /Service1.svc - 49474 - ::1 - - 200 0 0 85
2018-05-14 07:21:34 ::1 POST /Service1.svc - 49474 - ::1 - - 200 0 0 305
2018-05-14 07:21:34 ::1 POST /Service1.svc - 49474 - ::1 - - 200 0 0 53
2018-05-14 07:21:34 ::1 POST /Service1.svc - 49474 - ::1 - - 200 0 0 196
2018-05-14 07:21:34 ::1 POST /Service1.svc - 49474 - ::1 - - 200 0 0 25
2018-05-14 07:21:34 ::1 POST /Service1.svc - 49474 - ::1 - - 200 0 0 34
2018-05-14 07:21:34 ::1 POST /Service1.svc - 49474 - ::1 - - 200 0 0 63
2018-05-14 07:21:42 ::1 POST /Service1.svc - 49474 - ::1 - - 200 0 0 28
2018-05-14 07:21:42 ::1 POST /Service1.svc - 49474 - ::1 - - 200 0 0 16
2018-05-14 07:21:42 ::1 POST /Service1.svc - 49474 - ::1 - - 200 0 0 29
2018-05-14 07:21:42 ::1 POST /Service1.svc - 49474 - ::1 - - 200 0 0 44
2018-05-14 07:21:42 ::1 POST /Service1.svc - 49474 - ::1 - - 200 0 0 17
2018-05-14 07:21:42 ::1 POST /Service1.svc - 49474 - ::1 - - 200 0 0 20
2018-05-14 07:21:42 ::1 POST /Service1.svc - 49474 - ::1 - - 200 0 0 29
2018-05-14 07:21:42 ::1 POST /Service1.svc - 49474 - ::1 - - 200 0 0 19
2018-05-14 07:21:42 ::1 POST /Service1.svc - 49474 - ::1 - - 200 0 0 23
2018-05-14 07:21:42 ::1 POST /Service1.svc - 49474 - ::1 - - 200 0 0 23
2018-05-14 07:21:42 ::1 POST /Service1.svc - 49474 - ::1 - - 200 0 0 24
2018-05-14 07:21:42 ::1 POST /Service1.svc - 49474 - ::1 - - 200 0 0 61
2018-05-14 07:21:42 ::1 POST /Service1.svc - 49474 - ::1 - - 200 0 0 108
2018-05-14 07:21:42 ::1 POST /Service1.svc - 49474 - ::1 - - 200 0 0 196
2018-05-14 07:21:42 ::1 POST /Service1.svc - 49474 - ::1 - - 200 0 0 37
2018-05-14 07:21:42 ::1 POST /Service1.svc - 49474 - ::1 - - 200 0 0 25
2018-05-14 07:21:43 ::1 POST /Service1.svc - 49474 - ::1 - - 200 0 0 96
2018-05-14 07:21:43 ::1 POST /Service1.svc - 49474 - ::1 - - 200 0 0 141
2018-05-14 07:21:43 ::1 POST /Service1.svc - 49474 - ::1 - - 200 0 0 206
2018-05-14 07:21:43 ::1 POST /Service1.svc - 49474 - ::1 - - 200 0 0 45
2018-05-14 07:21:43 ::1 POST /Service1.svc - 49474 - ::1 - - 200 0 0 56
2018-05-14 07:21:43 ::1 POST /Service1.svc - 49474 - ::1 - - 200 0 0 120
2018-05-14 07:21:43 ::1 POST /Service1.svc - 49474 - ::1 - - 200 0 0 57
2018-05-14 07:21:45 ::1 POST /Service1.svc - 49474 - ::1 - - 200 0 0 45
2018-05-14 07:21:45 ::1 POST /Service1.svc - 49474 - ::1 - - 200 0 0 116
2018-05-14 07:21:45 ::1 POST /Service1.svc - 49474 - ::1 - - 200 0 0 26
2018-05-14 07:21:45 ::1 POST /Service1.svc - 49474 - ::1 - - 200 0 0 50
2018-05-14 07:21:45 ::1 POST /Service1.svc - 49474 - ::1 - - 200 0 0 16
2018-05-14 07:21:45 ::1 POST /Service1.svc - 49474 - ::1 - - 200 0 0 13
2018-05-14 07:21:45 ::1 POST /Service1.svc - 49474 - ::1 - - 200 0 0 17
2018-05-14 07:21:45 ::1 POST /Service1.svc - 49474 - ::1 - - 200 0 0 395
2018-05-14 07:21:45 ::1 POST /Service1.svc - 49474 - ::1 - - 200 0 0 97
2018-05-14 07:21:45 ::1 POST /Service1.svc - 49474 - ::1 - - 200 0 0 17
2018-05-14 07:21:45 ::1 POST /Service1.svc - 49474 - ::1 - - 200 0 0 17
2018-05-14 07:21:45 ::1 POST /Service1.svc - 49474 - ::1 - - 200 0 0 164
2018-05-14 07:21:47 ::1 POST /Service1.svc - 49474 - ::1 - - 200 0 0 133
2018-05-14 07:21:47 ::1 POST /Service1.svc - 49474 - ::1 - - 200 0 0 83
2018-05-14 07:21:47 ::1 POST /Service1.svc - 49474 - ::1 - - 200 0 0 124
2018-05-14 07:21:47 ::1 POST /Service1.svc - 49474 - ::1 - - 200 0 0 64
2018-05-14 07:21:47 ::1 POST /Service1.svc - 49474 - ::1 - - 200 0 0 118
2018-05-14 07:21:47 ::1 POST /Service1.svc - 49474 - ::1 - - 200 0 0 65
2018-05-14 07:21:47 ::1 POST /Service1.svc - 49474 - ::1 - - 200 0 0 41
2018-05-14 07:21:48 ::1 POST /Service1.svc - 49474 - ::1 - - 200 0 0 176
2018-05-14 07:22:05 ::1 POST /Service1.svc - 49474 - ::1 - - 200 0 0 135
2018-05-14 07:22:05 ::1 POST /Service1.svc - 49474 - ::1 - - 200 0 0 37
2018-05-14 07:22:05 ::1 POST /Service1.svc - 49474 - ::1 - - 200 0 0 135
2018-05-14 07:22:05 ::1 POST /Service1.svc - 49474 - ::1 - - 200 0 0 30
2018-05-14 07:22:05 ::1 POST /Service1.svc - 49474 - ::1 - - 200 0 0 17
2018-05-14 07:22:05 ::1 POST /Service1.svc - 49474 - ::1 - - 200 0 0 25
2018-05-14 07:22:05 ::1 POST /Service1.svc - 49474 - ::1 - - 200 0 0 67
2018-05-14 07:22:05 ::1 POST /Service1.svc - 49474 - ::1 - - 200 0 0 166
2018-05-14 07:22:05 ::1 POST /Service1.svc - 49474 - ::1 - - 200 0 0 79
2018-05-14 07:22:05 ::1 POST /Service1.svc - 49474 - ::1 - - 200 0 0 54
2018-05-14 07:22:05 ::1 POST /Service1.svc - 49474 - ::1 - - 200 0 0 178
2018-05-14 07:22:21 ::1 POST /Service1.svc - 49474 - ::1 - - 200 0 0 313
2018-05-14 07:22:21 ::1 POST /Service1.svc - 49474 - ::1 - - 200 0 0 606
2018-05-14 07:22:21 ::1 POST /Service1.svc - 49474 - ::1 - - 200 0 0 58
2018-05-14 07:22:21 ::1 POST /Service1.svc - 49474 - ::1 - - 200 0 0 104
2018-05-14 07:22:21 ::1 POST /Service1.svc - 49474 - ::1 - - 200 0 0 47
2018-05-14 07:22:22 ::1 POST /Service1.svc - 49474 - ::1 - - 200 0 0 30
2018-05-14 07:22:22 ::1 POST /Service1.svc - 49474 - ::1 - - 200 0 0 148
2018-05-14 07:22:22 ::1 POST /Service1.svc - 49474 - ::1 - - 200 0 0 102
2018-05-14 07:22:22 ::1 POST /Service1.svc - 49474 - ::1 - - 200 0 0 89
2018-05-14 07:22:22 ::1 POST /Service1.svc - 49474 - ::1 - - 200 0 0 82
2018-05-14 07:22:22 ::1 POST /Service1.svc - 49474 - ::1 - - 200 0 0 65
2018-05-14 07:22:22 ::1 POST /Service1.svc - 49474 - ::1 - - 200 0 0 57
2018-05-14 07:22:26 ::1 POST /Service1.svc - 49474 - ::1 - - 200 0 0 17
2018-05-14 07:22:26 ::1 POST /Service1.svc - 49474 - ::1 - - 200 0 0 19
2018-05-14 07:22:26 ::1 POST /Service1.svc - 49474 - ::1 - - 200 0 0 51
2018-05-14 07:22:26 ::1 POST /Service1.svc - 49474 - ::1 - - 200 0 0 22
2018-05-14 07:22:26 ::1 POST /Service1.svc - 49474 - ::1 - - 200 0 0 14
2018-05-14 07:22:26 ::1 POST /Service1.svc - 49474 - ::1 - - 200 0 0 26
2018-05-14 07:22:26 ::1 POST /Service1.svc - 49474 - ::1 - - 200 0 0 45
2018-05-14 07:22:26 ::1 POST /Service1.svc - 49474 - ::1 - - 200 0 0 18
2018-05-14 07:22:26 ::1 POST /Service1.svc - 49474 - ::1 - - 200 0 0 20
2018-05-14 07:22:26 ::1 POST /Service1.svc - 49474 - ::1 - - 200 0 0 13
2018-05-14 07:22:26 ::1 POST /Service1.svc - 49474 - ::1 - - 200 0 0 25
2018-05-14 07:22:26 ::1 POST /Service1.svc - 49474 - ::1 - - 200 0 0 183
2018-05-14 07:22:26 ::1 POST /Service1.svc - 49474 - ::1 - - 200 0 0 149
2018-05-14 07:22:26 ::1 POST /Service1.svc - 49474 - ::1 - - 200 0 0 52
2018-05-14 07:22:27 ::1 POST /Service1.svc - 49474 - ::1 - - 200 0 0 116
2018-05-14 07:22:27 ::1 POST /Service1.svc - 49474 - ::1 - - 200 0 0 38
2018-05-14 07:22:27 ::1 POST /Service1.svc - 49474 - ::1 - - 200 0 0 51
2018-05-14 07:22:27 ::1 POST /Service1.svc - 49474 - ::1 - - 200 0 0 137
2018-05-14 07:22:27 ::1 POST /Service1.svc - 49474 - ::1 - - 200 0 0 55
2018-05-14 07:22:27 ::1 POST /Service1.svc - 49474 - ::1 - - 200 0 0 126
2018-05-14 07:22:27 ::1 POST /Service1.svc - 49474 - ::1 - - 200 0 0 118
2018-05-14 07:22:27 ::1 POST /Service1.svc - 49474 - ::1 - - 200 0 0 38
2018-05-14 07:22:27 ::1 POST /Service1.svc - 49474 - ::1 - - 200 0 0 81
2018-05-14 07:22:29 ::1 POST /Service1.svc - 49474 - ::1 - - 200 0 0 61
2018-05-14 07:22:29 ::1 POST /Service1.svc - 49474 - ::1 - - 200 0 0 18
2018-05-14 07:22:29 ::1 POST /Service1.svc - 49474 - ::1 - - 200 0 0 17
2018-05-14 07:22:29 ::1 POST /Service1.svc - 49474 - ::1 - - 200 0 0 17
2018-05-14 07:22:29 ::1 POST /Service1.svc - 49474 - ::1 - - 200 0 0 18
2018-05-14 07:22:29 ::1 POST /Service1.svc - 49474 - ::1 - - 200 0 0 180
2018-05-14 07:22:29 ::1 POST /Service1.svc - 49474 - ::1 - - 200 0 0 24
2018-05-14 07:22:29 ::1 POST /Service1.svc - 49474 - ::1 - - 200 0 0 22
2018-05-14 07:22:29 ::1 POST /Service1.svc - 49474 - ::1 - - 200 0 0 38
2018-05-14 07:22:29 ::1 POST /Service1.svc - 49474 - ::1 - - 200 0 0 99
2018-05-14 07:22:29 ::1 POST /Service1.svc - 49474 - ::1 - - 200 0 0 55
2018-05-14 07:22:29 ::1 POST /Service1.svc - 49474 - ::1 - - 200 0 0 36
2018-05-14 07:22:29 ::1 POST /Service1.svc - 49474 - ::1 - - 200 0 0 107
2018-05-14 07:22:29 ::1 POST /Service1.svc - 49474 - ::1 - - 200 0 0 67
2018-05-14 07:22:30 ::1 POST /Service1.svc - 49474 - ::1 - - 200 0 0 197
2018-05-14 07:22:30 ::1 POST /Service1.svc - 49474 - ::1 - - 200 0 0 75
2018-05-14 07:22:30 ::1 POST /Service1.svc - 49474 - ::1 - - 200 0 0 129
2018-05-14 07:22:30 ::1 POST /Service1.svc - 49474 - ::1 - - 200 0 0 187
2018-05-14 07:22:30 ::1 POST /Service1.svc - 49474 - ::1 - - 200 0 0 32
2018-05-14 07:22:30 ::1 POST /Service1.svc - 49474 - ::1 - - 200 0 0 80
2018-05-14 07:23:23 ::1 POST /Service1.svc - 49474 - ::1 - - 200 0 0 23
2018-05-14 07:23:23 ::1 POST /Service1.svc - 49474 - ::1 - - 200 0 0 35
2018-05-14 07:23:23 ::1 POST /Service1.svc - 49474 - ::1 - - 200 0 0 72
2018-05-14 07:23:23 ::1 POST /Service1.svc - 49474 - ::1 - - 200 0 0 156
2018-05-14 07:23:23 ::1 POST /Service1.svc - 49474 - ::1 - - 200 0 0 43
2018-05-14 07:23:23 ::1 POST /Service1.svc - 49474 - ::1 - - 200 0 0 46
2018-05-14 07:23:23 ::1 POST /Service1.svc - 49474 - ::1 - - 200 0 0 108
2018-05-14 07:23:23 ::1 POST /Service1.svc - 49474 - ::1 - - 200 0 0 134
2018-05-14 07:23:23 ::1 POST /Service1.svc - 49474 - ::1 - - 200 0 0 78
2018-05-14 07:23:23 ::1 POST /Service1.svc - 49474 - ::1 - - 200 0 0 81
2018-05-14 07:23:23 ::1 POST /Service1.svc - 49474 - ::1 - - 200 0 0 99
2018-05-14 07:24:53 ::1 POST /Service1.svc - 49474 - ::1 - - 200 0 0 26
2018-05-14 07:24:53 ::1 POST /Service1.svc - 49474 - ::1 - - 200 0 0 30
2018-05-14 07:24:53 ::1 POST /Service1.svc - 49474 - ::1 - - 200 0 0 59
2018-05-14 07:24:53 ::1 POST /Service1.svc - 49474 - ::1 - - 200 0 0 127
2018-05-14 07:24:53 ::1 POST /Service1.svc - 49474 - ::1 - - 200 0 0 115
2018-05-14 07:24:53 ::1 POST /Service1.svc - 49474 - ::1 - - 200 0 0 68
2018-05-14 07:24:53 ::1 POST /Service1.svc - 49474 - ::1 - - 200 0 0 33
2018-05-14 07:24:53 ::1 POST /Service1.svc - 49474 - ::1 - - 200 0 0 60
2018-05-14 07:24:53 ::1 POST /Service1.svc - 49474 - ::1 - - 200 0 0 213
2018-05-14 07:24:54 ::1 POST /Service1.svc - 49474 - ::1 - - 200 0 0 196
2018-05-14 07:24:54 ::1 POST /Service1.svc - 49474 - ::1 - - 200 0 0 45
2018-05-14 07:24:54 ::1 POST /Service1.svc - 49474 - ::1 - - 200 0 0 61
2018-05-14 07:25:00 ::1 POST /Service1.svc - 49474 - ::1 - - 200 0 0 352
2018-05-14 07:25:00 ::1 POST /Service1.svc - 49474 - ::1 - - 200 0 0 274
2018-05-14 07:25:00 ::1 POST /Service1.svc - 49474 - ::1 - - 200 0 0 334
2018-05-14 07:25:00 ::1 POST /Service1.svc - 49474 - ::1 - - 200 0 0 41
2018-05-14 07:25:00 ::1 POST /Service1.svc - 49474 - ::1 - - 200 0 0 283
2018-05-14 07:25:01 ::1 POST /Service1.svc - 49474 - ::1 - - 200 0 0 299
2018-05-14 07:25:01 ::1 POST /Service1.svc - 49474 - ::1 - - 200 0 0 64
2018-05-14 07:25:01 ::1 POST /Service1.svc - 49474 - ::1 - - 200 0 0 32
2018-05-14 07:25:01 ::1 POST /Service1.svc - 49474 - ::1 - - 200 0 0 145
2018-05-14 07:25:01 ::1 POST /Service1.svc - 49474 - ::1 - - 200 0 0 40
2018-05-14 07:25:01 ::1 POST /Service1.svc - 49474 - ::1 - - 200 0 0 52
2018-05-14 07:25:01 ::1 POST /Service1.svc - 49474 - ::1 - - 200 0 0 90
2018-05-14 07:25:02 ::1 POST /Service1.svc - 49474 - ::1 - - 200 0 0 103
2018-05-14 07:25:02 ::1 POST /Service1.svc - 49474 - ::1 - - 200 0 0 280
2018-05-14 07:25:02 ::1 POST /Service1.svc - 49474 - ::1 - - 200 0 0 543
2018-05-14 07:25:04 ::1 POST /Service1.svc - 49474 - ::1 - - 200 0 0 308
2018-05-14 07:25:04 ::1 POST /Service1.svc - 49474 - ::1 - - 200 0 0 20
2018-05-14 07:25:04 ::1 POST /Service1.svc - 49474 - ::1 - - 200 0 0 76
2018-05-14 07:25:04 ::1 POST /Service1.svc - 49474 - ::1 - - 200 0 0 143
2018-05-14 07:25:04 ::1 POST /Service1.svc - 49474 - ::1 - - 200 0 0 26
2018-05-14 07:25:04 ::1 POST /Service1.svc - 49474 - ::1 - - 200 0 0 77
2018-05-14 07:25:04 ::1 POST /Service1.svc - 49474 - ::1 - - 200 0 0 164
2018-05-14 07:25:04 ::1 POST /Service1.svc - 49474 - ::1 - - 200 0 0 55
2018-05-14 07:25:06 ::1 POST /Service1.svc - 49474 - ::1 - - 200 0 0 55
2018-05-14 07:25:06 ::1 POST /Service1.svc - 49474 - ::1 - - 200 0 0 38
2018-05-14 07:25:06 ::1 POST /Service1.svc - 49474 - ::1 - - 200 0 0 85
2018-05-14 07:25:06 ::1 POST /Service1.svc - 49474 - ::1 - - 200 0 0 397
2018-05-14 07:25:06 ::1 POST /Service1.svc - 49474 - ::1 - - 200 0 0 360
2018-05-14 07:25:08 ::1 POST /Service1.svc - 49474 - ::1 - - 200 0 0 458
2018-05-14 07:25:08 ::1 POST /Service1.svc - 49474 - ::1 - - 200 0 0 395
2018-05-14 07:25:08 ::1 POST /Service1.svc - 49474 - ::1 - - 200 0 0 288
2018-05-14 07:25:08 ::1 POST /Service1.svc - 49474 - ::1 - - 200 0 0 40
2018-05-14 07:25:08 ::1 POST /Service1.svc - 49474 - ::1 - - 200 0 0 203
2018-05-14 07:25:09 ::1 POST /Service1.svc - 49474 - ::1 - - 200 0 0 109
2018-05-14 07:25:09 ::1 POST /Service1.svc - 49474 - ::1 - - 200 0 0 134
2018-05-14 07:25:09 ::1 POST /Service1.svc - 49474 - ::1 - - 200 0 0 49
2018-05-14 07:25:09 ::1 POST /Service1.svc - 49474 - ::1 - - 200 0 0 205
2018-05-14 07:25:09 ::1 POST /Service1.svc - 49474 - ::1 - - 200 0 0 35
2018-05-14 07:25:10 ::1 POST /Service1.svc - 49474 - ::1 - - 200 0 0 95
2018-05-14 07:25:10 ::1 POST /Service1.svc - 49474 - ::1 - - 200 0 0 151
2018-05-14 07:25:10 ::1 POST /Service1.svc - 49474 - ::1 - - 200 0 0 248
2018-05-14 07:25:12 ::1 POST /Service1.svc - 49474 - ::1 - - 200 0 0 15
2018-05-14 07:25:12 ::1 POST /Service1.svc - 49474 - ::1 - - 200 0 0 44
2018-05-14 07:28:52 ::1 POST /Service1.svc - 49474 - ::1 - - 200 0 0 21
2018-05-14 07:28:52 ::1 POST /Service1.svc - 49474 - ::1 - - 200 0 0 15
2018-05-14 07:28:52 ::1 POST /Service1.svc - 49474 - ::1 - - 200 0 0 17
2018-05-14 07:28:52 ::1 POST /Service1.svc - 49474 - ::1 - - 200 0 0 26
2018-05-14 07:28:52 ::1 POST /Service1.svc - 49474 - ::1 - - 200 0 0 156
2018-05-14 07:28:52 ::1 POST /Service1.svc - 49474 - ::1 - - 200 0 0 25
2018-05-14 07:28:52 ::1 POST /Service1.svc - 49474 - ::1 - - 200 0 0 21
2018-05-14 07:28:52 ::1 POST /Service1.svc - 49474 - ::1 - - 200 0 0 30
2018-05-14 07:28:52 ::1 POST /Service1.svc - 49474 - ::1 - - 200 0 0 131
2018-05-14 07:28:52 ::1 POST /Service1.svc - 49474 - ::1 - - 200 0 0 113
2018-05-14 07:28:52 ::1 POST /Service1.svc - 49474 - ::1 - - 200 0 0 82
2018-05-14 07:28:52 ::1 POST /Service1.svc - 49474 - ::1 - - 200 0 0 59
2018-05-14 07:28:52 ::1 POST /Service1.svc - 49474 - ::1 - - 200 0 0 122
2018-05-14 07:28:53 ::1 POST /Service1.svc - 49474 - ::1 - - 200 0 0 172
2018-05-14 07:28:53 ::1 POST /Service1.svc - 49474 - ::1 - - 200 0 0 128
2018-05-14 07:28:53 ::1 POST /Service1.svc - 49474 - ::1 - - 200 0 0 77
2018-05-14 07:28:53 ::1 POST /Service1.svc - 49474 - ::1 - - 200 0 0 368
2018-05-14 07:28:54 ::1 POST /Service1.svc - 49474 - ::1 - - 200 0 0 481
2018-05-14 07:28:54 ::1 POST /Service1.svc - 49474 - ::1 - - 200 0 0 743
2018-05-14 07:28:54 ::1 POST /Service1.svc - 49474 - ::1 - - 200 0 0 64
2018-05-14 07:28:55 ::1 POST /Service1.svc - 49474 - ::1 - - 200 0 0 608
2018-05-14 07:28:55 ::1 POST /Service1.svc - 49474 - ::1 - - 200 0 0 739
2018-05-14 07:28:55 ::1 POST /Service1.svc - 49474 - ::1 - - 200 0 0 175
2018-05-14 07:29:02 ::1 POST /Service1.svc - 49474 - ::1 - - 200 0 0 17
2018-05-14 07:29:02 ::1 POST /Service1.svc - 49474 - ::1 - - 200 0 0 16
2018-05-14 07:29:02 ::1 POST /Service1.svc - 49474 - ::1 - - 200 0 0 81
2018-05-14 07:29:02 ::1 POST /Service1.svc - 49474 - ::1 - - 200 0 0 44
2018-05-14 07:29:02 ::1 POST /Service1.svc - 49474 - ::1 - - 200 0 0 22
2018-05-14 07:29:02 ::1 POST /Service1.svc - 49474 - ::1 - - 200 0 0 16
2018-05-14 07:29:02 ::1 POST /Service1.svc - 49474 - ::1 - - 200 0 0 23
2018-05-14 07:29:02 ::1 POST /Service1.svc - 49474 - ::1 - - 200 0 0 14
2018-05-14 07:29:02 ::1 POST /Service1.svc - 49474 - ::1 - - 200 0 0 19
2018-05-14 07:29:02 ::1 POST /Service1.svc - 49474 - ::1 - - 200 0 0 56
2018-05-14 07:29:02 ::1 POST /Service1.svc - 49474 - ::1 - - 200 0 0 75
2018-05-14 07:29:02 ::1 POST /Service1.svc - 49474 - ::1 - - 200 0 0 186
2018-05-14 07:29:02 ::1 POST /Service1.svc - 49474 - ::1 - - 200 0 0 183
2018-05-14 07:29:02 ::1 POST /Service1.svc - 49474 - ::1 - - 200 0 0 56
2018-05-14 07:29:03 ::1 POST /Service1.svc - 49474 - ::1 - - 200 0 0 125
2018-05-14 07:29:06 ::1 POST /Service1.svc - 49474 - ::1 - - 200 0 0 84
2018-05-14 07:29:06 ::1 POST /Service1.svc - 49474 - ::1 - - 200 0 0 15
2018-05-14 07:29:06 ::1 POST /Service1.svc - 49474 - ::1 - - 200 0 0 143
2018-05-14 07:29:06 ::1 POST /Service1.svc - 49474 - ::1 - - 200 0 0 23
2018-05-14 07:29:15 ::1 POST /Service1.svc - 49474 - ::1 - - 200 0 0 47
2018-05-14 07:29:19 ::1 POST /Service1.svc - 49474 - ::1 - - 200 0 0 65
2018-05-14 07:29:22 ::1 POST /Service1.svc - 49474 - ::1 - - 200 0 0 54
2018-05-14 07:29:25 ::1 POST /Service1.svc - 49474 - ::1 - - 200 0 0 41
2018-05-14 07:29:27 ::1 POST /Service1.svc - 49474 - ::1 - - 200 0 0 42
2018-05-14 07:29:31 ::1 POST /Service1.svc - 49474 - ::1 - - 200 0 0 35
#Software: Microsoft Internet Information Services 10.0
#Version: 1.0
#Date: 2018-05-14 08:08:19
#Fields: date time s-ip cs-method cs-uri-stem cs-uri-query s-port cs-username c-ip cs(User-Agent) cs(Referer) sc-status sc-substatus sc-win32-status time-taken
2018-05-14 08:08:19 ::1 POST /Service1.svc - 49474 - ::1 - - 200 0 0 243
2018-05-14 08:08:19 ::1 POST /Service1.svc - 49474 - ::1 - - 200 0 0 87
2018-05-14 08:08:19 ::1 POST /Service1.svc - 49474 - ::1 - - 200 0 0 32
2018-05-14 08:08:19 ::1 POST /Service1.svc - 49474 - ::1 - - 200 0 0 159
2018-05-14 08:08:19 ::1 POST /Service1.svc - 49474 - ::1 - - 200 0 0 45
2018-05-14 08:08:19 ::1 POST /Service1.svc - 49474 - ::1 - - 200 0 0 65
2018-05-14 08:08:20 ::1 POST /Service1.svc - 49474 - ::1 - - 200 0 0 129
2018-05-14 08:08:20 ::1 POST /Service1.svc - 49474 - ::1 - - 200 0 0 35
2018-05-14 08:08:20 ::1 POST /Service1.svc - 49474 - ::1 - - 200 0 0 145
2018-05-14 08:08:20 ::1 POST /Service1.svc - 49474 - ::1 - - 200 0 0 46
2018-05-14 08:08:20 ::1 POST /Service1.svc - 49474 - ::1 - - 200 0 0 113
2018-05-14 08:08:20 ::1 POST /Service1.svc - 49474 - ::1 - - 200 0 0 30
2018-05-14 08:12:17 ::1 POST /Service1.svc - 49474 - ::1 - - 200 0 0 215
2018-05-14 08:12:17 ::1 POST /Service1.svc - 49474 - ::1 - - 200 0 0 17
2018-05-14 08:12:17 ::1 POST /Service1.svc - 49474 - ::1 - - 200 0 0 73
2018-05-14 08:12:17 ::1 POST /Service1.svc - 49474 - ::1 - - 200 0 0 164
2018-05-14 08:12:17 ::1 POST /Service1.svc - 49474 - ::1 - - 200 0 0 117
2018-05-14 08:12:17 ::1 POST /Service1.svc - 49474 - ::1 - - 200 0 0 57
2018-05-14 08:12:17 ::1 POST /Service1.svc - 49474 - ::1 - - 200 0 0 204
2018-05-14 08:12:17 ::1 POST /Service1.svc - 49474 - ::1 - - 200 0 0 71
2018-05-14 08:12:17 ::1 POST /Service1.svc - 49474 - ::1 - - 200 0 0 75
2018-05-14 08:12:17 ::1 POST /Service1.svc - 49474 - ::1 - - 200 0 0 73
2018-05-14 08:12:17 ::1 POST /Service1.svc - 49474 - ::1 - - 200 0 0 32
2018-05-14 08:12:18 ::1 POST /Service1.svc - 49474 - ::1 - - 200 0 0 81
#Software: Microsoft Internet Information Services 10.0
#Version: 1.0
#Date: 2018-05-14 09:00:35
#Fields: date time s-ip cs-method cs-uri-stem cs-uri-query s-port cs-username c-ip cs(User-Agent) cs(Referer) sc-status sc-substatus sc-win32-status time-taken
2018-05-14 09:00:35 ::1 GET /Service1.svc/$metadata - 49474 - ::1 Mozilla/4.0+(compatible;+MSIE+6.0;+MS+Web+Services+Client+Protocol+4.0.30319.42000) - 400 0 0 16130
2018-05-14 09:00:35 ::1 POST /Service1.svc - 49474 - ::1 - - 415 0 0 13430
2018-05-14 09:00:35 ::1 POST /Service1.svc/mex - 49474 - ::1 - - 415 0 0 13613
2018-05-14 09:00:39 ::1 GET /Service1.svc - 49474 - ::1 Mozilla/4.0+(compatible;+MSIE+6.0;+MS+Web+Services+Client+Protocol+4.0.30319.42000) - 200 0 0 19961
2018-05-14 09:00:39 ::1 GET /Service1.svc disco 49474 - ::1 Mozilla/4.0+(compatible;+MSIE+6.0;+MS+Web+Services+Client+Protocol+4.0.30319.42000) - 200 0 0 58
2018-05-14 09:00:39 ::1 GET /Service1.svc wsdl 49474 - ::1 Mozilla/4.0+(compatible;+MSIE+6.0;+MS+Web+Services+Client+Protocol+4.0.30319.42000) - 200 0 0 275
2018-05-14 09:00:42 ::1 GET /Service1.svc xsd=xsd0 49474 - ::1 Mozilla/4.0+(compatible;+MSIE+6.0;+MS+Web+Services+Client+Protocol+4.0.30319.42000) - 200 0 0 1636
2018-05-14 09:00:42 ::1 GET /Service1.svc xsd=xsd2 49474 - ::1 Mozilla/4.0+(compatible;+MSIE+6.0;+MS+Web+Services+Client+Protocol+4.0.30319.42000) - 200 0 0 35
2018-05-14 09:00:42 ::1 GET /Service1.svc xsd=xsd3 49474 - ::1 Mozilla/4.0+(compatible;+MSIE+6.0;+MS+Web+Services+Client+Protocol+4.0.30319.42000) - 200 0 0 43
2018-05-14 09:00:42 ::1 GET /Service1.svc xsd=xsd1 49474 - ::1 Mozilla/4.0+(compatible;+MSIE+6.0;+MS+Web+Services+Client+Protocol+4.0.30319.42000) - 200 0 0 26
#Software: Microsoft Internet Information Services 10.0
#Version: 1.0
#Date: 2018-05-14 11:13:13
#Fields: date time s-ip cs-method cs-uri-stem cs-uri-query s-port cs-username c-ip cs(User-Agent) cs(Referer) sc-status sc-substatus sc-win32-status time-taken
2018-05-14 11:13:12 ::1 POST /Service1.svc - 49474 - ::1 - - 200 0 0 11801
2018-05-14 11:13:14 ::1 POST /Service1.svc - 49474 - ::1 - - 200 0 0 968
2018-05-14 11:13:15 ::1 POST /Service1.svc - 49474 - ::1 - - 200 0 0 1073
2018-05-14 11:13:15 ::1 POST /Service1.svc - 49474 - ::1 - - 200 0 0 877
2018-05-14 11:13:16 ::1 POST /Service1.svc - 49474 - ::1 - - 200 0 0 164
2018-05-14 11:13:16 ::1 POST /Service1.svc - 49474 - ::1 - - 200 0 0 52
2018-05-14 11:13:16 ::1 POST /Service1.svc - 49474 - ::1 - - 200 0 0 109
2018-05-14 11:13:16 ::1 POST /Service1.svc - 49474 - ::1 - - 200 0 0 153
2018-05-14 11:13:16 ::1 POST /Service1.svc - 49474 - ::1 - - 200 0 0 50
2018-05-14 11:13:16 ::1 POST /Service1.svc - 49474 - ::1 - - 200 0 0 91
2018-05-14 11:13:16 ::1 POST /Service1.svc - 49474 - ::1 - - 200 0 0 91
2018-05-14 11:13:16 ::1 POST /Service1.svc - 49474 - ::1 - - 200 0 0 214
2018-05-14 11:13:48 ::1 POST /Service1.svc - 49474 - ::1 - - 200 0 0 51
2018-05-14 11:13:48 ::1 POST /Service1.svc - 49474 - ::1 - - 200 0 0 119
2018-05-14 11:13:48 ::1 POST /Service1.svc - 49474 - ::1 - - 200 0 0 79
2018-05-14 11:13:48 ::1 POST /Service1.svc - 49474 - ::1 - - 200 0 0 59
2018-05-14 11:13:48 ::1 POST /Service1.svc - 49474 - ::1 - - 200 0 0 123
2018-05-14 11:13:48 ::1 POST /Service1.svc - 49474 - ::1 - - 200 0 0 23
2018-05-14 11:13:48 ::1 POST /Service1.svc - 49474 - ::1 - - 200 0 0 152
2018-05-14 11:13:48 ::1 POST /Service1.svc - 49474 - ::1 - - 200 0 0 127
2018-05-14 11:13:48 ::1 POST /Service1.svc - 49474 - ::1 - - 200 0 0 60
2018-05-14 11:13:48 ::1 POST /Service1.svc - 49474 - ::1 - - 200 0 0 73
2018-05-14 11:13:48 ::1 POST /Service1.svc - 49474 - ::1 - - 200 0 0 56
2018-05-14 11:13:49 ::1 POST /Service1.svc - 49474 - ::1 - - 200 0 0 87
2018-05-14 11:19:33 ::1 POST /Service1.svc - 49474 - ::1 - - 200 0 0 1025
2018-05-14 11:19:33 ::1 POST /Service1.svc - 49474 - ::1 - - 200 0 0 165
2018-05-14 11:19:33 ::1 POST /Service1.svc - 49474 - ::1 - - 200 0 0 36
2018-05-14 11:19:33 ::1 POST /Service1.svc - 49474 - ::1 - - 200 0 0 104
2018-05-14 11:19:33 ::1 POST /Service1.svc - 49474 - ::1 - - 200 0 0 74
2018-05-14 11:19:33 ::1 POST /Service1.svc - 49474 - ::1 - - 200 0 0 191
2018-05-14 11:19:33 ::1 POST /Service1.svc - 49474 - ::1 - - 200 0 0 114
2018-05-14 11:19:34 ::1 POST /Service1.svc - 49474 - ::1 - - 200 0 0 121
2018-05-14 11:19:34 ::1 POST /Service1.svc - 49474 - ::1 - - 200 0 0 92
2018-05-14 11:19:34 ::1 POST /Service1.svc - 49474 - ::1 - - 200 0 0 17
2018-05-14 11:19:34 ::1 POST /Service1.svc - 49474 - ::1 - - 200 0 0 60
2018-05-14 11:19:34 ::1 POST /Service1.svc - 49474 - ::1 - - 200 0 0 106
2018-05-14 11:19:43 ::1 POST /Service1.svc - 49474 - ::1 - - 200 0 0 44
2018-05-14 11:19:43 ::1 POST /Service1.svc - 49474 - ::1 - - 200 0 0 296
2018-05-14 11:19:43 ::1 POST /Service1.svc - 49474 - ::1 - - 200 0 0 533
2018-05-14 11:19:43 ::1 POST /Service1.svc - 49474 - ::1 - - 200 0 0 60
2018-05-14 11:19:43 ::1 POST /Service1.svc - 49474 - ::1 - - 200 0 0 62
2018-05-14 11:19:44 ::1 POST /Service1.svc - 49474 - ::1 - - 200 0 0 240
2018-05-14 11:19:44 ::1 POST /Service1.svc - 49474 - ::1 - - 200 0 0 488
2018-05-14 11:19:44 ::1 POST /Service1.svc - 49474 - ::1 - - 200 0 0 269
2018-05-14 11:19:46 ::1 POST /Service1.svc - 49474 - ::1 - - 200 0 0 637
2018-05-14 11:19:46 ::1 POST /Service1.svc - 49474 - ::1 - - 200 0 0 547
2018-05-14 11:19:46 ::1 POST /Service1.svc - 49474 - ::1 - - 200 0 0 341
2018-05-14 11:19:47 ::1 POST /Service1.svc - 49474 - ::1 - - 200 0 0 550
2018-05-14 11:19:54 ::1 POST /Service1.svc - 49474 - ::1 - - 200 0 0 37
2018-05-14 11:19:54 ::1 POST /Service1.svc - 49474 - ::1 - - 200 0 0 36
2018-05-14 11:19:54 ::1 POST /Service1.svc - 49474 - ::1 - - 200 0 0 186
2018-05-14 11:19:54 ::1 POST /Service1.svc - 49474 - ::1 - - 200 0 0 351
2018-05-14 11:19:54 ::1 POST /Service1.svc - 49474 - ::1 - - 200 0 0 97
2018-05-14 11:19:56 ::1 POST /Service1.svc - 49474 - ::1 - - 200 0 0 602
2018-05-14 11:19:56 ::1 POST /Service1.svc - 49474 - ::1 - - 200 0 0 351
2018-05-14 11:19:56 ::1 POST /Service1.svc - 49474 - ::1 - - 200 0 0 523
2018-05-14 11:19:57 ::1 POST /Service1.svc - 49474 - ::1 - - 200 0 0 683
2018-05-14 11:19:57 ::1 POST /Service1.svc - 49474 - ::1 - - 200 0 0 229
2018-05-14 11:19:58 ::1 POST /Service1.svc - 49474 - ::1 - - 200 0 0 795
2018-05-14 11:19:58 ::1 POST /Service1.svc - 49474 - ::1 - - 200 0 0 623
2018-05-14 11:20:00 ::1 POST /Service1.svc - 49474 - ::1 - - 200 0 0 1109
2018-05-14 11:20:00 ::1 POST /Service1.svc - 49474 - ::1 - - 200 0 0 325
2018-05-14 11:20:00 ::1 POST /Service1.svc - 49474 - ::1 - - 200 0 0 603
2018-05-14 11:20:02 ::1 POST /Service1.svc - 49474 - ::1 - - 200 0 0 1112
2018-05-14 11:20:02 ::1 POST /Service1.svc - 49474 - ::1 - - 200 0 0 744
2018-05-14 11:20:02 ::1 POST /Service1.svc - 49474 - ::1 - - 200 0 0 107
2018-05-14 11:20:02 ::1 POST /Service1.svc - 49474 - ::1 - - 200 0 0 62
2018-05-14 11:20:04 ::1 POST /Service1.svc - 49474 - ::1 - - 200 0 0 844
2018-05-14 11:20:05 ::1 POST /Service1.svc - 49474 - ::1 - - 200 0 0 1149
2018-05-14 11:20:05 ::1 POST /Service1.svc - 49474 - ::1 - - 200 0 0 601
2018-05-14 11:20:06 ::1 POST /Service1.svc - 49474 - ::1 - - 200 0 0 426
2018-05-14 11:20:06 ::1 POST /Service1.svc - 49474 - ::1 - - 200 0 0 278
2018-05-14 11:20:07 ::1 POST /Service1.svc - 49474 - ::1 - - 200 0 0 473
2018-05-14 11:20:07 ::1 POST /Service1.svc - 49474 - ::1 - - 200 0 0 247
2018-05-14 11:20:07 ::1 POST /Service1.svc - 49474 - ::1 - - 200 0 0 714
2018-05-14 11:20:09 ::1 POST /Service1.svc - 49474 - ::1 - - 200 0 0 596
2018-05-14 11:20:09 ::1 POST /Service1.svc - 49474 - ::1 - - 200 0 0 174
2018-05-14 11:20:09 ::1 POST /Service1.svc - 49474 - ::1 - - 200 0 0 396
2018-05-14 11:20:09 ::1 POST /Service1.svc - 49474 - ::1 - - 200 0 0 192
2018-05-14 11:20:09 ::1 POST /Service1.svc - 49474 - ::1 - - 200 0 0 56
2018-05-14 11:20:10 ::1 POST /Service1.svc - 49474 - ::1 - - 200 0 0 858
2018-05-14 11:20:10 ::1 POST /Service1.svc - 49474 - ::1 - - 200 0 0 86
2018-05-14 11:20:10 ::1 POST /Service1.svc - 49474 - ::1 - - 200 0 0 407
2018-05-14 11:20:10 ::1 POST /Service1.svc - 49474 - ::1 - - 200 0 0 360
2018-05-14 11:20:21 ::1 POST /Service1.svc - 49474 - ::1 - - 200 0 0 78
2018-05-14 11:20:21 ::1 POST /Service1.svc - 49474 - ::1 - - 200 0 0 44
2018-05-14 11:20:21 ::1 POST /Service1.svc - 49474 - ::1 - - 200 0 0 209
2018-05-14 11:20:21 ::1 POST /Service1.svc - 49474 - ::1 - - 200 0 0 427
2018-05-14 11:20:23 ::1 POST /Service1.svc - 49474 - ::1 - - 200 0 0 1072
2018-05-14 11:20:25 ::1 POST /Service1.svc - 49474 - ::1 - - 200 0 0 1871
2018-05-14 11:20:25 ::1 POST /Service1.svc - 49474 - ::1 - - 200 0 0 611
2018-05-14 11:20:26 ::1 POST /Service1.svc - 49474 - ::1 - - 200 0 0 774
2018-05-14 11:20:26 ::1 POST /Service1.svc - 49474 - ::1 - - 200 0 0 491
2018-05-14 11:20:26 ::1 POST /Service1.svc - 49474 - ::1 - - 200 0 0 140
2018-05-14 11:20:27 ::1 POST /Service1.svc - 49474 - ::1 - - 200 0 0 522
2018-05-14 11:20:27 ::1 POST /Service1.svc - 49474 - ::1 - - 200 0 0 264
2018-05-14 11:20:33 ::1 POST /Service1.svc - 49474 - ::1 - - 200 0 0 119
2018-05-14 11:20:33 ::1 POST /Service1.svc - 49474 - ::1 - - 200 0 0 36
2018-05-14 11:20:33 ::1 POST /Service1.svc - 49474 - ::1 - - 200 0 0 278
2018-05-14 11:20:33 ::1 POST /Service1.svc - 49474 - ::1 - - 200 0 0 539
2018-05-14 11:20:35 ::1 POST /Service1.svc - 49474 - ::1 - - 200 0 0 293
2018-05-14 11:20:35 ::1 POST /Service1.svc - 49474 - ::1 - - 200 0 0 910
2018-05-14 11:20:36 ::1 POST /Service1.svc - 49474 - ::1 - - 200 0 0 179
2018-05-14 11:20:36 ::1 POST /Service1.svc - 49474 - ::1 - - 200 0 0 958
2018-05-14 11:20:38 ::1 POST /Service1.svc - 49474 - ::1 - - 200 0 0 971
2018-05-14 11:20:39 ::1 POST /Service1.svc - 49474 - ::1 - - 200 0 0 1617
2018-05-14 11:20:39 ::1 POST /Service1.svc - 49474 - ::1 - - 200 0 0 525
2018-05-14 11:20:41 ::1 POST /Service1.svc - 49474 - ::1 - - 200 0 0 977
2018-05-14 11:20:42 ::1 POST /Service1.svc - 49474 - ::1 - - 200 0 0 1078
2018-05-14 11:20:42 ::1 POST /Service1.svc - 49474 - ::1 - - 200 0 0 389
2018-05-14 11:20:42 ::1 POST /Service1.svc - 49474 - ::1 - - 200 0 0 379
2018-05-14 11:20:43 ::1 POST /Service1.svc - 49474 - ::1 - - 200 0 0 402
2018-05-14 11:20:43 ::1 POST /Service1.svc - 49474 - ::1 - - 200 0 0 665
2018-05-14 11:20:45 ::1 POST /Service1.svc - 49474 - ::1 - - 200 0 0 916
2018-05-14 11:20:45 ::1 POST /Service1.svc - 49474 - ::1 - - 200 0 0 579
2018-05-14 11:20:46 ::1 POST /Service1.svc - 49474 - ::1 - - 200 0 0 749
2018-05-14 11:20:46 ::1 POST /Service1.svc - 49474 - ::1 - - 200 0 0 339
2018-05-14 11:20:47 ::1 POST /Service1.svc - 49474 - ::1 - - 200 0 0 1098
2018-05-14 11:20:47 ::1 POST /Service1.svc - 49474 - ::1 - - 200 0 0 968
2018-05-14 11:20:49 ::1 POST /Service1.svc - 49474 - ::1 - - 200 0 0 1214
2018-05-14 11:21:11 ::1 POST /Service1.svc - 49474 - ::1 - - 200 0 0 52
2018-05-14 11:21:11 ::1 POST /Service1.svc - 49474 - ::1 - - 200 0 0 197
2018-05-14 11:21:11 ::1 POST /Service1.svc - 49474 - ::1 - - 200 0 0 123
2018-05-14 11:21:11 ::1 POST /Service1.svc - 49474 - ::1 - - 200 0 0 477
2018-05-14 11:21:12 ::1 POST /Service1.svc - 49474 - ::1 - - 200 0 0 294
2018-05-14 11:21:12 ::1 POST /Service1.svc - 49474 - ::1 - - 200 0 0 845
2018-05-14 11:21:14 ::1 POST /Service1.svc - 49474 - ::1 - - 200 0 0 960
2018-05-14 11:21:14 ::1 POST /Service1.svc - 49474 - ::1 - - 200 0 0 648
2018-05-14 11:21:15 ::1 POST /Service1.svc - 49474 - ::1 - - 200 0 0 593
2018-05-14 11:21:15 ::1 POST /Service1.svc - 49474 - ::1 - - 200 0 0 631
2018-05-14 11:21:17 ::1 POST /Service1.svc - 49474 - ::1 - - 200 0 0 664
2018-05-14 11:21:17 ::1 POST /Service1.svc - 49474 - ::1 - - 200 0 0 585
