#Software: Microsoft Internet Information Services 10.0
#Version: 1.0
#Date: 2018-03-27 07:13:03
#Fields: date time s-ip cs-method cs-uri-stem cs-uri-query s-port cs-username c-ip cs(User-Agent) cs(Referer) sc-status sc-substatus sc-win32-status time-taken
2018-03-27 07:13:03 ::1 POST /Service1.svc - 49474 - ::1 - - 415 0 0 13568
2018-03-27 07:13:03 ::1 POST /Service1.svc/mex - 49474 - ::1 - - 415 0 0 17
2018-03-27 07:13:06 ::1 GET /Service1.svc - 49474 - ::1 Mozilla/4.0+(compatible;+MSIE+6.0;+MS+Web+Services+Client+Protocol+4.0.30319.42000) - 200 0 0 2321
2018-03-27 07:13:06 ::1 GET /Service1.svc disco 49474 - ::1 Mozilla/4.0+(compatible;+MSIE+6.0;+MS+Web+Services+Client+Protocol+4.0.30319.42000) - 200 0 0 35
2018-03-27 07:13:06 ::1 GET /Service1.svc wsdl 49474 - ::1 Mozilla/4.0+(compatible;+MSIE+6.0;+MS+Web+Services+Client+Protocol+4.0.30319.42000) - 200 0 0 165
2018-03-27 07:13:07 ::1 GET /Service1.svc xsd=xsd0 49474 - ::1 Mozilla/4.0+(compatible;+MSIE+6.0;+MS+Web+Services+Client+Protocol+4.0.30319.42000) - 200 0 0 918
2018-03-27 07:13:07 ::1 GET /Service1.svc xsd=xsd2 49474 - ::1 Mozilla/4.0+(compatible;+MSIE+6.0;+MS+Web+Services+Client+Protocol+4.0.30319.42000) - 200 0 0 7
2018-03-27 07:13:07 ::1 GET /Service1.svc xsd=xsd3 49474 - ::1 Mozilla/4.0+(compatible;+MSIE+6.0;+MS+Web+Services+Client+Protocol+4.0.30319.42000) - 200 0 0 14
2018-03-27 07:13:07 ::1 GET /Service1.svc xsd=xsd1 49474 - ::1 Mozilla/4.0+(compatible;+MSIE+6.0;+MS+Web+Services+Client+Protocol+4.0.30319.42000) - 200 0 0 14
#Software: Microsoft Internet Information Services 10.0
#Version: 1.0
#Date: 2018-03-27 07:22:40
#Fields: date time s-ip cs-method cs-uri-stem cs-uri-query s-port cs-username c-ip cs(User-Agent) cs(Referer) sc-status sc-substatus sc-win32-status time-taken
2018-03-27 07:22:40 ::1 POST /Service1.svc - 49474 - ::1 - - 415 0 0 8306
2018-03-27 07:22:40 ::1 POST /Service1.svc/mex - 49474 - ::1 - - 415 0 0 21
2018-03-27 07:22:42 ::1 GET /Service1.svc - 49474 - ::1 Mozilla/4.0+(compatible;+MSIE+6.0;+MS+Web+Services+Client+Protocol+4.0.30319.42000) - 200 0 0 2096
2018-03-27 07:22:42 ::1 GET /Service1.svc disco 49474 - ::1 Mozilla/4.0+(compatible;+MSIE+6.0;+MS+Web+Services+Client+Protocol+4.0.30319.42000) - 200 0 0 12
2018-03-27 07:22:42 ::1 GET /Service1.svc wsdl 49474 - ::1 Mozilla/4.0+(compatible;+MSIE+6.0;+MS+Web+Services+Client+Protocol+4.0.30319.42000) - 200 0 0 115
2018-03-27 07:22:44 ::1 GET /Service1.svc xsd=xsd0 49474 - ::1 Mozilla/4.0+(compatible;+MSIE+6.0;+MS+Web+Services+Client+Protocol+4.0.30319.42000) - 200 0 0 812
2018-03-27 07:22:44 ::1 GET /Service1.svc xsd=xsd2 49474 - ::1 Mozilla/4.0+(compatible;+MSIE+6.0;+MS+Web+Services+Client+Protocol+4.0.30319.42000) - 200 0 0 9
2018-03-27 07:22:44 ::1 GET /Service1.svc xsd=xsd3 49474 - ::1 Mozilla/4.0+(compatible;+MSIE+6.0;+MS+Web+Services+Client+Protocol+4.0.30319.42000) - 200 0 0 15
2018-03-27 07:22:44 ::1 GET /Service1.svc xsd=xsd1 49474 - ::1 Mozilla/4.0+(compatible;+MSIE+6.0;+MS+Web+Services+Client+Protocol+4.0.30319.42000) - 200 0 0 14
#Software: Microsoft Internet Information Services 10.0
#Version: 1.0
#Date: 2018-03-27 07:31:09
#Fields: date time s-ip cs-method cs-uri-stem cs-uri-query s-port cs-username c-ip cs(User-Agent) cs(Referer) sc-status sc-substatus sc-win32-status time-taken
2018-03-27 07:31:09 ::1 POST /Service1.svc - 49474 - ::1 - - 415 0 0 16389
2018-03-27 07:31:09 ::1 POST /Service1.svc/mex - 49474 - ::1 - - 415 0 0 31
2018-03-27 07:31:12 ::1 GET /Service1.svc - 49474 - ::1 Mozilla/4.0+(compatible;+MSIE+6.0;+MS+Web+Services+Client+Protocol+4.0.30319.42000) - 200 0 0 3133
2018-03-27 07:31:12 ::1 GET /Service1.svc disco 49474 - ::1 Mozilla/4.0+(compatible;+MSIE+6.0;+MS+Web+Services+Client+Protocol+4.0.30319.42000) - 200 0 0 32
2018-03-27 07:31:12 ::1 GET /Service1.svc wsdl 49474 - ::1 Mozilla/4.0+(compatible;+MSIE+6.0;+MS+Web+Services+Client+Protocol+4.0.30319.42000) - 200 0 0 263
2018-03-27 07:31:15 ::1 GET /Service1.svc xsd=xsd0 49474 - ::1 Mozilla/4.0+(compatible;+MSIE+6.0;+MS+Web+Services+Client+Protocol+4.0.30319.42000) - 200 0 0 1949
2018-03-27 07:31:15 ::1 GET /Service1.svc xsd=xsd2 49474 - ::1 Mozilla/4.0+(compatible;+MSIE+6.0;+MS+Web+Services+Client+Protocol+4.0.30319.42000) - 200 0 0 46
2018-03-27 07:31:15 ::1 GET /Service1.svc xsd=xsd3 49474 - ::1 Mozilla/4.0+(compatible;+MSIE+6.0;+MS+Web+Services+Client+Protocol+4.0.30319.42000) - 200 0 0 5
2018-03-27 07:31:15 ::1 GET /Service1.svc xsd=xsd1 49474 - ::1 Mozilla/4.0+(compatible;+MSIE+6.0;+MS+Web+Services+Client+Protocol+4.0.30319.42000) - 200 0 0 33
2018-03-27 07:31:30 ::1 GET /Service1.svc - 49474 - ::1 Mozilla/4.0+(compatible;+MSIE+6.0;+MS+Web+Services+Client+Protocol+4.0.30319.42000) - 200 0 0 88
2018-03-27 07:31:30 ::1 GET /Service1.svc disco 49474 - ::1 Mozilla/4.0+(compatible;+MSIE+6.0;+MS+Web+Services+Client+Protocol+4.0.30319.42000) - 200 0 0 116
2018-03-27 07:31:30 ::1 GET /Service1.svc/$metadata - 49474 - ::1 Mozilla/4.0+(compatible;+MSIE+6.0;+MS+Web+Services+Client+Protocol+4.0.30319.42000) - 400 0 0 329
2018-03-27 07:31:30 ::1 GET /Service1.svc wsdl 49474 - ::1 Mozilla/4.0+(compatible;+MSIE+6.0;+MS+Web+Services+Client+Protocol+4.0.30319.42000) - 200 0 0 179
2018-03-27 07:31:30 ::1 GET /Service1.svc xsd=xsd0 49474 - ::1 Mozilla/4.0+(compatible;+MSIE+6.0;+MS+Web+Services+Client+Protocol+4.0.30319.42000) - 200 0 0 146
2018-03-27 07:31:30 ::1 GET /Service1.svc xsd=xsd2 49474 - ::1 Mozilla/4.0+(compatible;+MSIE+6.0;+MS+Web+Services+Client+Protocol+4.0.30319.42000) - 200 0 0 26
2018-03-27 07:31:30 ::1 GET /Service1.svc xsd=xsd3 49474 - ::1 Mozilla/4.0+(compatible;+MSIE+6.0;+MS+Web+Services+Client+Protocol+4.0.30319.42000) - 200 0 0 6
2018-03-27 07:31:30 ::1 GET /Service1.svc xsd=xsd1 49474 - ::1 Mozilla/4.0+(compatible;+MSIE+6.0;+MS+Web+Services+Client+Protocol+4.0.30319.42000) - 200 0 0 7
2018-03-27 07:31:32 ::1 POST /Service1.svc - 49474 - ::1 - - 415 0 0 24
2018-03-27 07:31:32 ::1 POST /Service1.svc/mex - 49474 - ::1 - - 415 0 0 31
2018-03-27 07:33:07 ::1 POST /Service1.svc - 49474 - ::1 - - 200 0 0 20159
2018-03-27 07:33:13 ::1 POST /Service1.svc - 49474 - ::1 - - 200 0 0 668
2018-03-27 07:33:19 ::1 POST /Service1.svc - 49474 - ::1 - - 200 0 0 68
2018-03-27 07:33:21 ::1 POST /Service1.svc - 49474 - ::1 - - 200 0 0 73
2018-03-27 07:33:23 ::1 POST /Service1.svc - 49474 - ::1 - - 200 0 0 40
2018-03-27 07:33:31 ::1 POST /Service1.svc - 49474 - ::1 - - 200 0 0 153
2018-03-27 07:33:32 ::1 POST /Service1.svc - 49474 - ::1 - - 200 0 0 88
2018-03-27 07:33:32 ::1 POST /Service1.svc - 49474 - ::1 - - 200 0 0 21
2018-03-27 07:33:34 ::1 POST /Service1.svc - 49474 - ::1 - - 200 0 0 63
2018-03-27 07:33:39 ::1 POST /Service1.svc - 49474 - ::1 - - 200 0 0 106
2018-03-27 07:33:39 ::1 POST /Service1.svc - 49474 - ::1 - - 200 0 0 76
2018-03-27 07:35:21 ::1 POST /Service1.svc - 49474 - ::1 - - 200 0 0 225
2018-03-27 07:35:30 ::1 POST /Service1.svc - 49474 - ::1 - - 200 0 0 52
2018-03-27 07:35:30 ::1 POST /Service1.svc - 49474 - ::1 - - 200 0 0 38
2018-03-27 07:35:56 ::1 POST /Service1.svc - 49474 - ::1 - - 200 0 0 85
2018-03-27 07:36:03 ::1 POST /Service1.svc - 49474 - ::1 - - 200 0 0 98
2018-03-27 07:36:06 ::1 POST /Service1.svc - 49474 - ::1 - - 200 0 0 66
2018-03-27 07:36:54 ::1 POST /Service1.svc - 49474 - ::1 - - 200 0 0 26134
2018-03-27 07:37:02 ::1 POST /Service1.svc - 49474 - ::1 - - 200 0 0 212
2018-03-27 07:37:40 ::1 POST /Service1.svc - 49474 - ::1 - - 200 0 0 2247
2018-03-27 07:38:06 ::1 POST /Service1.svc - 49474 - ::1 - - 200 0 0 21383
2018-03-27 07:38:33 ::1 POST /Service1.svc - 49474 - ::1 - - 200 0 0 19001
2018-03-27 07:38:38 ::1 POST /Service1.svc - 49474 - ::1 - - 200 0 0 81
2018-03-27 07:48:11 ::1 POST /Service1.svc - 49474 - ::1 - - 200 0 0 236
2018-03-27 07:48:14 ::1 POST /Service1.svc - 49474 - ::1 - - 200 0 0 225
2018-03-27 07:48:28 ::1 POST /Service1.svc - 49474 - ::1 - - 200 0 0 89
2018-03-27 07:59:23 ::1 POST /Service1.svc - 49474 - ::1 - - 200 0 0 142
2018-03-27 07:59:26 ::1 POST /Service1.svc - 49474 - ::1 - - 200 0 0 138
2018-03-27 07:59:35 ::1 POST /Service1.svc - 49474 - ::1 - - 200 0 0 142
2018-03-27 08:03:18 ::1 POST /Service1.svc - 49474 - ::1 - - 200 0 0 23
2018-03-27 08:03:20 ::1 POST /Service1.svc - 49474 - ::1 - - 200 0 0 29
2018-03-27 08:03:27 ::1 POST /Service1.svc - 49474 - ::1 - - 200 0 0 54
#Software: Microsoft Internet Information Services 10.0
#Version: 1.0
#Date: 2018-03-27 08:44:26
#Fields: date time s-ip cs-method cs-uri-stem cs-uri-query s-port cs-username c-ip cs(User-Agent) cs(Referer) sc-status sc-substatus sc-win32-status time-taken
2018-03-27 08:44:26 ::1 POST /Service1.svc - 49474 - ::1 - - 200 0 0 261
2018-03-27 08:44:30 ::1 POST /Service1.svc - 49474 - ::1 - - 200 0 0 444
2018-03-27 08:50:48 ::1 POST /Service1.svc - 49474 - ::1 - - 200 0 0 84
2018-03-27 08:50:51 ::1 POST /Service1.svc - 49474 - ::1 - - 200 0 0 767
2018-03-27 08:51:02 ::1 POST /Service1.svc - 49474 - ::1 - - 200 0 0 35
2018-03-27 08:52:16 ::1 POST /Service1.svc - 49474 - ::1 - - 200 0 0 88
2018-03-27 08:52:19 ::1 POST /Service1.svc - 49474 - ::1 - - 200 0 0 311
2018-03-27 08:52:29 ::1 POST /Service1.svc - 49474 - ::1 - - 200 0 0 296
2018-03-27 08:52:29 ::1 POST /Service1.svc - 49474 - ::1 - - 200 0 0 89
2018-03-27 08:52:29 ::1 POST /Service1.svc - 49474 - ::1 - - 200 0 0 370
2018-03-27 08:52:31 ::1 POST /Service1.svc - 49474 - ::1 - - 200 0 0 157
2018-03-27 08:52:31 ::1 POST /Service1.svc - 49474 - ::1 - - 200 0 0 70
2018-03-27 08:52:31 ::1 POST /Service1.svc - 49474 - ::1 - - 200 0 0 212
2018-03-27 08:52:34 ::1 POST /Service1.svc - 49474 - ::1 - - 200 0 0 233
2018-03-27 08:53:22 ::1 POST /Service1.svc - 49474 - ::1 - - 200 0 0 45
2018-03-27 08:57:49 ::1 POST /Service1.svc - 49474 - ::1 - - 200 0 0 88
2018-03-27 08:57:56 ::1 POST /Service1.svc - 49474 - ::1 - - 200 0 0 133
2018-03-27 08:58:15 ::1 POST /Service1.svc - 49474 - ::1 - - 200 0 0 84
2018-03-27 08:58:15 ::1 POST /Service1.svc - 49474 - ::1 - - 200 0 0 67
2018-03-27 08:58:15 ::1 POST /Service1.svc - 49474 - ::1 - - 200 0 0 59
2018-03-27 08:58:17 ::1 POST /Service1.svc - 49474 - ::1 - - 200 0 0 48
2018-03-27 08:58:17 ::1 POST /Service1.svc - 49474 - ::1 - - 200 0 0 15
2018-03-27 08:58:17 ::1 POST /Service1.svc - 49474 - ::1 - - 200 0 0 73
2018-03-27 08:58:19 ::1 POST /Service1.svc - 49474 - ::1 - - 200 0 0 22
2018-03-27 08:59:27 ::1 POST /Service1.svc - 49474 - ::1 - - 200 0 0 2465
2018-03-27 08:59:29 ::1 POST /Service1.svc - 49474 - ::1 - - 200 0 0 16
2018-03-27 08:59:42 ::1 POST /Service1.svc - 49474 - ::1 - - 200 0 0 54
2018-03-27 08:59:44 ::1 POST /Service1.svc - 49474 - ::1 - - 200 0 0 309
2018-03-27 08:59:44 ::1 POST /Service1.svc - 49474 - ::1 - - 200 0 0 213
2018-03-27 08:59:51 ::1 POST /Service1.svc - 49474 - ::1 - - 200 0 0 96
2018-03-27 09:01:51 ::1 POST /Service1.svc - 49474 - ::1 - - 200 0 0 58
2018-03-27 09:01:54 ::1 POST /Service1.svc - 49474 - ::1 - - 200 0 0 209
2018-03-27 09:01:54 ::1 POST /Service1.svc - 49474 - ::1 - - 200 0 0 134
2018-03-27 09:02:08 ::1 POST /Service1.svc - 49474 - ::1 - - 200 0 0 152
2018-03-27 09:03:52 ::1 POST /Service1.svc - 49474 - ::1 - - 200 0 0 868
2018-03-27 09:03:55 ::1 POST /Service1.svc - 49474 - ::1 - - 200 0 0 24
2018-03-27 09:03:55 ::1 POST /Service1.svc - 49474 - ::1 - - 200 0 0 177
2018-03-27 09:03:56 ::1 POST /Service1.svc - 49474 - ::1 - - 200 0 0 840
2018-03-27 09:04:07 ::1 POST /Service1.svc - 49474 - ::1 - - 200 0 0 140
2018-03-27 09:06:39 ::1 POST /Service1.svc - 49474 - ::1 - - 200 0 0 133
2018-03-27 09:06:45 ::1 POST /Service1.svc - 49474 - ::1 - - 200 0 0 201
2018-03-27 09:06:47 ::1 POST /Service1.svc - 49474 - ::1 - - 200 0 0 202
2018-03-27 09:06:47 ::1 POST /Service1.svc - 49474 - ::1 - - 200 0 0 48
2018-03-27 09:06:47 ::1 POST /Service1.svc - 49474 - ::1 - - 200 0 0 53
2018-03-27 09:09:54 ::1 POST /Service1.svc - 49474 - ::1 - - 200 0 0 89
2018-03-27 09:09:58 ::1 POST /Service1.svc - 49474 - ::1 - - 200 0 0 445
2018-03-27 09:09:58 ::1 POST /Service1.svc - 49474 - ::1 - - 200 0 0 233
2018-03-27 09:09:58 ::1 POST /Service1.svc - 49474 - ::1 - - 200 0 0 420
2018-03-27 09:10:09 ::1 POST /Service1.svc - 49474 - ::1 - - 200 0 0 86
#Software: Microsoft Internet Information Services 10.0
#Version: 1.0
#Date: 2018-03-27 09:46:51
#Fields: date time s-ip cs-method cs-uri-stem cs-uri-query s-port cs-username c-ip cs(User-Agent) cs(Referer) sc-status sc-substatus sc-win32-status time-taken
2018-03-27 09:46:51 ::1 POST /Service1.svc - 49474 - ::1 - - 415 0 0 17250
2018-03-27 09:46:51 ::1 POST /Service1.svc/mex - 49474 - ::1 - - 415 0 0 13
2018-03-27 09:46:54 ::1 GET /Service1.svc - 49474 - ::1 Mozilla/4.0+(compatible;+MSIE+6.0;+MS+Web+Services+Client+Protocol+4.0.30319.42000) - 200 0 0 2546
2018-03-27 09:46:54 ::1 GET /Service1.svc disco 49474 - ::1 Mozilla/4.0+(compatible;+MSIE+6.0;+MS+Web+Services+Client+Protocol+4.0.30319.42000) - 200 0 0 8
2018-03-27 09:46:54 ::1 GET /Service1.svc wsdl 49474 - ::1 Mozilla/4.0+(compatible;+MSIE+6.0;+MS+Web+Services+Client+Protocol+4.0.30319.42000) - 200 0 0 86
2018-03-27 09:46:55 ::1 GET /Service1.svc xsd=xsd0 49474 - ::1 Mozilla/4.0+(compatible;+MSIE+6.0;+MS+Web+Services+Client+Protocol+4.0.30319.42000) - 200 0 0 994
2018-03-27 09:46:55 ::1 GET /Service1.svc xsd=xsd2 49474 - ::1 Mozilla/4.0+(compatible;+MSIE+6.0;+MS+Web+Services+Client+Protocol+4.0.30319.42000) - 200 0 0 8
2018-03-27 09:46:55 ::1 GET /Service1.svc xsd=xsd3 49474 - ::1 Mozilla/4.0+(compatible;+MSIE+6.0;+MS+Web+Services+Client+Protocol+4.0.30319.42000) - 200 0 0 20
2018-03-27 09:46:55 ::1 GET /Service1.svc xsd=xsd1 49474 - ::1 Mozilla/4.0+(compatible;+MSIE+6.0;+MS+Web+Services+Client+Protocol+4.0.30319.42000) - 200 0 0 11
#Software: Microsoft Internet Information Services 10.0
#Version: 1.0
#Date: 2018-03-27 10:35:50
#Fields: date time s-ip cs-method cs-uri-stem cs-uri-query s-port cs-username c-ip cs(User-Agent) cs(Referer) sc-status sc-substatus sc-win32-status time-taken
2018-03-27 10:35:50 ::1 POST /Service1.svc - 49474 - ::1 - - 200 0 0 13760
2018-03-27 10:35:59 ::1 POST /Service1.svc - 49474 - ::1 - - 200 0 0 3873
2018-03-27 10:36:10 ::1 POST /Service1.svc - 49474 - ::1 - - 200 0 0 4146
2018-03-27 10:36:25 ::1 POST /Service1.svc - 49474 - ::1 - - 200 0 0 11072
2018-03-27 10:36:40 ::1 POST /Service1.svc - 49474 - ::1 - - 200 0 0 9008
2018-03-27 10:36:52 ::1 POST /Service1.svc - 49474 - ::1 - - 200 0 0 6867
2018-03-27 10:37:04 ::1 POST /Service1.svc - 49474 - ::1 - - 200 0 0 5478
2018-03-27 10:37:22 ::1 POST /Service1.svc - 49474 - ::1 - - 200 0 0 10267
2018-03-27 10:37:46 ::1 POST /Service1.svc - 49474 - ::1 - - 200 0 0 16997
2018-03-27 10:37:53 ::1 POST /Service1.svc - 49474 - ::1 - - 200 0 0 383
2018-03-27 10:38:00 ::1 POST /Service1.svc - 49474 - ::1 - - 200 0 0 98
2018-03-27 10:51:14 ::1 POST /Service1.svc - 49474 - ::1 - - 200 0 0 272
2018-03-27 10:51:31 ::1 POST /Service1.svc - 49474 - ::1 - - 200 0 0 950
2018-03-27 10:51:32 ::1 POST /Service1.svc - 49474 - ::1 - - 200 0 0 128
2018-03-27 10:51:33 ::1 POST /Service1.svc - 49474 - ::1 - - 200 0 0 21
2018-03-27 10:51:41 ::1 POST /Service1.svc - 49474 - ::1 - - 200 0 0 86
2018-03-27 10:51:41 ::1 POST /Service1.svc - 49474 - ::1 - - 200 0 0 62
2018-03-27 10:51:42 ::1 POST /Service1.svc - 49474 - ::1 - - 200 0 0 108
2018-03-27 10:52:06 ::1 POST /Service1.svc - 49474 - ::1 - - 200 0 0 56
2018-03-27 10:52:21 ::1 POST /Service1.svc - 49474 - ::1 - - 200 0 0 40
2018-03-27 10:53:11 ::1 POST /Service1.svc - 49474 - ::1 - - 200 0 0 196
2018-03-27 10:53:44 ::1 POST /Service1.svc - 49474 - ::1 - - 200 0 0 137
2018-03-27 10:54:34 ::1 POST /Service1.svc - 49474 - ::1 - - 200 0 0 13
2018-03-27 10:54:35 ::1 POST /Service1.svc - 49474 - ::1 - - 200 0 0 71
2018-03-27 10:55:52 ::1 POST /Service1.svc - 49474 - ::1 - - 200 0 0 230
2018-03-27 10:57:07 ::1 POST /Service1.svc - 49474 - ::1 - - 200 0 0 299
2018-03-27 10:57:07 ::1 POST /Service1.svc - 49474 - ::1 - - 200 0 0 14
2018-03-27 10:57:08 ::1 POST /Service1.svc - 49474 - ::1 - - 200 0 0 48
2018-03-27 10:57:10 ::1 POST /Service1.svc - 49474 - ::1 - - 200 0 0 92
2018-03-27 10:57:11 ::1 POST /Service1.svc - 49474 - ::1 - - 200 0 0 15
2018-03-27 10:57:13 ::1 POST /Service1.svc - 49474 - ::1 - - 200 0 0 30
2018-03-27 10:57:13 ::1 POST /Service1.svc - 49474 - ::1 - - 200 0 0 101
2018-03-27 10:57:13 ::1 POST /Service1.svc - 49474 - ::1 - - 200 0 0 82
2018-03-27 10:57:18 ::1 POST /Service1.svc - 49474 - ::1 - - 200 0 0 120
#Software: Microsoft Internet Information Services 10.0
#Version: 1.0
#Date: 2018-03-27 11:22:59
#Fields: date time s-ip cs-method cs-uri-stem cs-uri-query s-port cs-username c-ip cs(User-Agent) cs(Referer) sc-status sc-substatus sc-win32-status time-taken
2018-03-27 11:22:59 ::1 POST /Service1.svc - 49474 - ::1 - - 200 0 0 132
2018-03-27 11:23:20 ::1 POST /Service1.svc - 49474 - ::1 - - 200 0 0 94
2018-03-27 11:23:33 ::1 POST /Service1.svc - 49474 - ::1 - - 200 0 0 165
2018-03-27 11:23:50 ::1 POST /Service1.svc - 49474 - ::1 - - 200 0 0 62
#Software: Microsoft Internet Information Services 10.0
#Version: 1.0
#Date: 2018-03-27 11:47:19
#Fields: date time s-ip cs-method cs-uri-stem cs-uri-query s-port cs-username c-ip cs(User-Agent) cs(Referer) sc-status sc-substatus sc-win32-status time-taken
2018-03-27 11:47:19 ::1 POST /Service1.svc - 49474 - ::1 - - 200 0 0 82
2018-03-27 11:47:32 ::1 POST /Service1.svc - 49474 - ::1 - - 200 0 0 73
2018-03-27 11:55:01 ::1 POST /Service1.svc - 49474 - ::1 - - 200 0 0 128
2018-03-27 11:59:05 ::1 POST /Service1.svc - 49474 - ::1 - - 200 0 0 198
2018-03-27 11:59:19 ::1 POST /Service1.svc - 49474 - ::1 - - 200 0 0 51
2018-03-27 11:59:21 ::1 POST /Service1.svc - 49474 - ::1 - - 200 0 0 41
2018-03-27 11:59:27 ::1 POST /Service1.svc - 49474 - ::1 - - 200 0 0 23
2018-03-27 11:59:27 ::1 POST /Service1.svc - 49474 - ::1 - - 200 0 0 22
2018-03-27 11:59:27 ::1 POST /Service1.svc - 49474 - ::1 - - 200 0 0 362
2018-03-27 11:59:27 ::1 POST /Service1.svc - 49474 - ::1 - - 200 0 0 118
2018-03-27 11:59:27 ::1 POST /Service1.svc - 49474 - ::1 - - 200 0 0 32
2018-03-27 11:59:27 ::1 POST /Service1.svc - 49474 - ::1 - - 200 0 0 56
2018-03-27 11:59:27 ::1 POST /Service1.svc - 49474 - ::1 - - 200 0 0 121
2018-03-27 11:59:27 ::1 POST /Service1.svc - 49474 - ::1 - - 200 0 0 19
2018-03-27 11:59:27 ::1 POST /Service1.svc - 49474 - ::1 - - 200 0 0 48
2018-03-27 11:59:27 ::1 POST /Service1.svc - 49474 - ::1 - - 200 0 0 11
2018-03-27 11:59:27 ::1 POST /Service1.svc - 49474 - ::1 - - 200 0 0 62
2018-03-27 11:59:27 ::1 POST /Service1.svc - 49474 - ::1 - - 200 0 0 66
2018-03-27 11:59:28 ::1 POST /Service1.svc - 49474 - ::1 - - 200 0 0 119
2018-03-27 11:59:28 ::1 POST /Service1.svc - 49474 - ::1 - - 200 0 0 21
2018-03-27 11:59:28 ::1 POST /Service1.svc - 49474 - ::1 - - 200 0 0 49
2018-03-27 11:59:28 ::1 POST /Service1.svc - 49474 - ::1 - - 200 0 0 19
2018-03-27 11:59:28 ::1 POST /Service1.svc - 49474 - ::1 - - 200 0 0 33
2018-03-27 11:59:28 ::1 POST /Service1.svc - 49474 - ::1 - - 200 0 0 39
2018-03-27 11:59:28 ::1 POST /Service1.svc - 49474 - ::1 - - 200 0 0 76
2018-03-27 11:59:28 ::1 POST /Service1.svc - 49474 - ::1 - - 200 0 0 16
2018-03-27 11:59:28 ::1 POST /Service1.svc - 49474 - ::1 - - 200 0 0 25
2018-03-27 11:59:28 ::1 POST /Service1.svc - 49474 - ::1 - - 200 0 0 44
2018-03-27 11:59:28 ::1 POST /Service1.svc - 49474 - ::1 - - 200 0 0 106
2018-03-27 11:59:39 ::1 POST /Service1.svc - 49474 - ::1 - - 200 0 0 77
2018-03-27 11:59:54 ::1 POST /Service1.svc - 49474 - ::1 - - 200 0 0 53
2018-03-27 11:59:54 ::1 POST /Service1.svc - 49474 - ::1 - - 200 0 0 34
2018-03-27 11:59:54 ::1 POST /Service1.svc - 49474 - ::1 - - 200 0 0 54
2018-03-27 11:59:54 ::1 POST /Service1.svc - 49474 - ::1 - - 200 0 0 43
2018-03-27 11:59:54 ::1 POST /Service1.svc - 49474 - ::1 - - 200 0 0 21
2018-03-27 11:59:54 ::1 POST /Service1.svc - 49474 - ::1 - - 200 0 0 44
2018-03-27 11:59:54 ::1 POST /Service1.svc - 49474 - ::1 - - 200 0 0 37
2018-03-27 11:59:54 ::1 POST /Service1.svc - 49474 - ::1 - - 200 0 0 28
2018-03-27 11:59:54 ::1 POST /Service1.svc - 49474 - ::1 - - 200 0 0 24
2018-03-27 11:59:54 ::1 POST /Service1.svc - 49474 - ::1 - - 200 0 0 45
2018-03-27 11:59:54 ::1 POST /Service1.svc - 49474 - ::1 - - 200 0 0 25
2018-03-27 11:59:54 ::1 POST /Service1.svc - 49474 - ::1 - - 200 0 0 72
2018-03-27 11:59:54 ::1 POST /Service1.svc - 49474 - ::1 - - 200 0 0 18
2018-03-27 11:59:54 ::1 POST /Service1.svc - 49474 - ::1 - - 200 0 0 27
2018-03-27 11:59:54 ::1 POST /Service1.svc - 49474 - ::1 - - 200 0 0 63
2018-03-27 11:59:54 ::1 POST /Service1.svc - 49474 - ::1 - - 200 0 0 42
2018-03-27 11:59:54 ::1 POST /Service1.svc - 49474 - ::1 - - 200 0 0 26
2018-03-27 11:59:54 ::1 POST /Service1.svc - 49474 - ::1 - - 200 0 0 18
2018-03-27 11:59:54 ::1 POST /Service1.svc - 49474 - ::1 - - 200 0 0 12
2018-03-27 11:59:54 ::1 POST /Service1.svc - 49474 - ::1 - - 200 0 0 29
2018-03-27 11:59:54 ::1 POST /Service1.svc - 49474 - ::1 - - 200 0 0 41
2018-03-27 11:59:54 ::1 POST /Service1.svc - 49474 - ::1 - - 200 0 0 23
2018-03-27 11:59:54 ::1 POST /Service1.svc - 49474 - ::1 - - 200 0 0 121
2018-03-27 12:00:09 ::1 POST /Service1.svc - 49474 - ::1 - - 200 0 0 93
2018-03-27 12:00:17 ::1 POST /Service1.svc - 49474 - ::1 - - 200 0 0 63
2018-03-27 12:00:34 ::1 POST /Service1.svc - 49474 - ::1 - - 200 0 0 50
2018-03-27 12:00:37 ::1 POST /Service1.svc - 49474 - ::1 - - 200 0 0 10
2018-03-27 12:00:54 ::1 POST /Service1.svc - 49474 - ::1 - - 200 0 0 21
2018-03-27 12:01:00 ::1 POST /Service1.svc - 49474 - ::1 - - 200 0 0 163
2018-03-27 12:01:02 ::1 POST /Service1.svc - 49474 - ::1 - - 200 0 0 33
2018-03-27 12:01:02 ::1 POST /Service1.svc - 49474 - ::1 - - 200 0 0 198
2018-03-27 12:01:02 ::1 POST /Service1.svc - 49474 - ::1 - - 200 0 0 46
2018-03-27 12:01:02 ::1 POST /Service1.svc - 49474 - ::1 - - 200 0 0 88
2018-03-27 12:01:02 ::1 POST /Service1.svc - 49474 - ::1 - - 200 0 0 59
2018-03-27 12:01:02 ::1 POST /Service1.svc - 49474 - ::1 - - 200 0 0 25
2018-03-27 12:01:02 ::1 POST /Service1.svc - 49474 - ::1 - - 200 0 0 16
2018-03-27 12:01:02 ::1 POST /Service1.svc - 49474 - ::1 - - 200 0 0 64
2018-03-27 12:01:02 ::1 POST /Service1.svc - 49474 - ::1 - - 200 0 0 32
2018-03-27 12:01:02 ::1 POST /Service1.svc - 49474 - ::1 - - 200 0 0 40
2018-03-27 12:01:02 ::1 POST /Service1.svc - 49474 - ::1 - - 200 0 0 28
2018-03-27 12:01:02 ::1 POST /Service1.svc - 49474 - ::1 - - 200 0 0 44
2018-03-27 12:01:05 ::1 POST /Service1.svc - 49474 - ::1 - - 200 0 0 84
2018-03-27 12:01:10 ::1 POST /Service1.svc - 49474 - ::1 - - 200 0 0 167
2018-03-27 12:01:19 ::1 POST /Service1.svc - 49474 - ::1 - - 200 0 0 86
2018-03-27 12:01:31 ::1 POST /Service1.svc - 49474 - ::1 - - 200 0 0 43
2018-03-27 12:02:00 ::1 POST /Service1.svc - 49474 - ::1 - - 200 0 0 25
2018-03-27 12:02:31 ::1 POST /Service1.svc - 49474 - ::1 - - 200 0 0 97
2018-03-27 12:14:08 ::1 GET /Service1.svc - 49474 - ::1 Mozilla/4.0+(compatible;+MSIE+6.0;+MS+Web+Services+Client+Protocol+4.0.30319.42000) - 200 0 0 711
2018-03-27 12:14:08 ::1 GET /Service1.svc disco 49474 - ::1 Mozilla/4.0+(compatible;+MSIE+6.0;+MS+Web+Services+Client+Protocol+4.0.30319.42000) - 200 0 0 184
2018-03-27 12:14:08 ::1 POST /Service1.svc/mex - 49474 - ::1 - - 415 0 0 333
2018-03-27 12:14:08 ::1 POST /Service1.svc - 49474 - ::1 - - 415 0 0 371
2018-03-27 12:14:08 ::1 GET /Service1.svc wsdl 49474 - ::1 Mozilla/4.0+(compatible;+MSIE+6.0;+MS+Web+Services+Client+Protocol+4.0.30319.42000) - 200 0 0 618
2018-03-27 12:14:08 ::1 GET /Service1.svc/$metadata - 49474 - ::1 Mozilla/4.0+(compatible;+MSIE+6.0;+MS+Web+Services+Client+Protocol+4.0.30319.42000) - 400 0 0 1643
2018-03-27 12:14:08 ::1 GET /Service1.svc xsd=xsd0 49474 - ::1 Mozilla/4.0+(compatible;+MSIE+6.0;+MS+Web+Services+Client+Protocol+4.0.30319.42000) - 200 0 0 39
2018-03-27 12:14:09 ::1 GET /Service1.svc xsd=xsd2 49474 - ::1 Mozilla/4.0+(compatible;+MSIE+6.0;+MS+Web+Services+Client+Protocol+4.0.30319.42000) - 200 0 0 40
2018-03-27 12:14:09 ::1 GET /Service1.svc xsd=xsd3 49474 - ::1 Mozilla/4.0+(compatible;+MSIE+6.0;+MS+Web+Services+Client+Protocol+4.0.30319.42000) - 200 0 0 16
2018-03-27 12:14:09 ::1 GET /Service1.svc xsd=xsd1 49474 - ::1 Mozilla/4.0+(compatible;+MSIE+6.0;+MS+Web+Services+Client+Protocol+4.0.30319.42000) - 200 0 0 4
2018-03-27 12:26:54 ::1 POST /Service1.svc - 49474 - ::1 - - 200 0 0 359
