#Software: Microsoft Internet Information Services 10.0
#Version: 1.0
#Date: 2018-07-10 07:18:05
#Fields: date time s-ip cs-method cs-uri-stem cs-uri-query s-port cs-username c-ip cs(User-Agent) cs(Referer) sc-status sc-substatus sc-win32-status time-taken
2018-07-10 07:18:05 ::1 POST /Service1.svc - 49474 - ::1 - - 415 0 0 14397
2018-07-10 07:18:05 ::1 POST /Service1.svc/mex - 49474 - ::1 - - 415 0 0 8
2018-07-10 07:18:10 ::1 GET /Service1.svc - 49474 - ::1 Mozilla/4.0+(compatible;+MSIE+6.0;+MS+Web+Services+Client+Protocol+4.0.30319.42000) - 200 0 0 5348
2018-07-10 07:18:10 ::1 GET /Service1.svc disco 49474 - ::1 Mozilla/4.0+(compatible;+MSIE+6.0;+MS+Web+Services+Client+Protocol+4.0.30319.42000) - 200 0 0 31
2018-07-10 07:18:10 ::1 GET /Service1.svc wsdl 49474 - ::1 Mozilla/4.0+(compatible;+MSIE+6.0;+MS+Web+Services+Client+Protocol+4.0.30319.42000) - 200 0 0 56
2018-07-10 07:18:12 ::1 GET /Service1.svc xsd=xsd0 49474 - ::1 Mozilla/4.0+(compatible;+MSIE+6.0;+MS+Web+Services+Client+Protocol+4.0.30319.42000) - 200 0 0 1156
2018-07-10 07:18:12 ::1 GET /Service1.svc xsd=xsd2 49474 - ::1 Mozilla/4.0+(compatible;+MSIE+6.0;+MS+Web+Services+Client+Protocol+4.0.30319.42000) - 200 0 0 24
2018-07-10 07:18:12 ::1 GET /Service1.svc xsd=xsd3 49474 - ::1 Mozilla/4.0+(compatible;+MSIE+6.0;+MS+Web+Services+Client+Protocol+4.0.30319.42000) - 200 0 0 41
2018-07-10 07:18:12 ::1 GET /Service1.svc xsd=xsd1 49474 - ::1 Mozilla/4.0+(compatible;+MSIE+6.0;+MS+Web+Services+Client+Protocol+4.0.30319.42000) - 200 0 0 22
2018-07-10 07:22:34 ::1 POST /Service1.svc - 49474 - ::1 - - 200 0 0 1228
2018-07-10 07:22:34 ::1 POST /Service1.svc - 49474 - ::1 - - 200 0 0 394
2018-07-10 07:22:34 ::1 POST /Service1.svc - 49474 - ::1 - - 200 0 0 313
2018-07-10 07:22:35 ::1 POST /Service1.svc - 49474 - ::1 - - 200 0 0 312
2018-07-10 07:22:35 ::1 POST /Service1.svc - 49474 - ::1 - - 200 0 0 103
2018-07-10 07:22:35 ::1 POST /Service1.svc - 49474 - ::1 - - 200 0 0 77
2018-07-10 07:22:35 ::1 POST /Service1.svc - 49474 - ::1 - - 200 0 0 24
2018-07-10 07:22:35 ::1 POST /Service1.svc - 49474 - ::1 - - 200 0 0 148
2018-07-10 07:22:35 ::1 POST /Service1.svc - 49474 - ::1 - - 200 0 0 27
2018-07-10 07:22:35 ::1 POST /Service1.svc - 49474 - ::1 - - 200 0 0 38
2018-07-10 07:22:35 ::1 POST /Service1.svc - 49474 - ::1 - - 200 0 0 170
2018-07-10 07:22:35 ::1 POST /Service1.svc - 49474 - ::1 - - 200 0 0 31
2018-07-10 07:22:35 ::1 POST /Service1.svc - 49474 - ::1 - - 200 0 0 42
