#Software: Microsoft Internet Information Services 10.0
#Version: 1.0
#Date: 2018-03-22 06:00:40
#Fields: date time s-ip cs-method cs-uri-stem cs-uri-query s-port cs-username c-ip cs(User-Agent) cs(Referer) sc-status sc-substatus sc-win32-status time-taken
2018-03-22 06:00:40 ::1 GET /Service1.svc - 49474 - ::1 Mozilla/5.0+(Windows+NT+10.0;+Win64;+x64)+AppleWebKit/537.36+(KHTML,+like+Gecko)+Chrome/65.0.3325.181+Safari/537.36 - 200 0 0 31236
2018-03-22 06:00:53 ::1 GET /favicon.ico - 49474 - ::1 Mozilla/5.0+(Windows+NT+10.0;+Win64;+x64)+AppleWebKit/537.36+(KHTML,+like+Gecko)+Chrome/65.0.3325.181+Safari/537.36 http://localhost:49474/Service1.svc 404 0 2 615
2018-03-22 06:00:54 ::1 GET /Service1.svc - 49474 - ::1 Mozilla/4.0+(compatible;+MSIE+6.0;+MS+Web+Services+Client+Protocol+4.0.30319.42000) - 200 0 0 4
2018-03-22 06:00:54 ::1 GET /Service1.svc disco 49474 - ::1 Mozilla/4.0+(compatible;+MSIE+6.0;+MS+Web+Services+Client+Protocol+4.0.30319.42000) - 200 0 0 206
2018-03-22 06:00:56 ::1 GET /Service1.svc/$metadata - 49474 - ::1 Mozilla/4.0+(compatible;+MSIE+6.0;+MS+Web+Services+Client+Protocol+4.0.30319.42000) - 400 0 0 2553
2018-03-22 06:00:56 ::1 GET /Service1.svc wsdl 49474 - ::1 Mozilla/4.0+(compatible;+MSIE+6.0;+MS+Web+Services+Client+Protocol+4.0.30319.42000) - 200 0 0 1690
2018-03-22 06:00:59 ::1 GET /Service1.svc xsd=xsd0 49474 - ::1 Mozilla/4.0+(compatible;+MSIE+6.0;+MS+Web+Services+Client+Protocol+4.0.30319.42000) - 200 0 0 1306
2018-03-22 06:00:59 ::1 GET /Service1.svc xsd=xsd2 49474 - ::1 Mozilla/4.0+(compatible;+MSIE+6.0;+MS+Web+Services+Client+Protocol+4.0.30319.42000) - 200 0 0 5
2018-03-22 06:00:59 ::1 GET /Service1.svc xsd=xsd3 49474 - ::1 Mozilla/4.0+(compatible;+MSIE+6.0;+MS+Web+Services+Client+Protocol+4.0.30319.42000) - 200 0 0 13
2018-03-22 06:00:59 ::1 GET /Service1.svc xsd=xsd1 49474 - ::1 Mozilla/4.0+(compatible;+MSIE+6.0;+MS+Web+Services+Client+Protocol+4.0.30319.42000) - 200 0 0 29
2018-03-22 06:01:04 ::1 POST /Service1.svc/mex - 49474 - ::1 - - 415 0 0 124
2018-03-22 06:01:04 ::1 POST /Service1.svc - 49474 - ::1 - - 415 0 0 124
#Software: Microsoft Internet Information Services 10.0
#Version: 1.0
#Date: 2018-03-22 10:00:37
#Fields: date time s-ip cs-method cs-uri-stem cs-uri-query s-port cs-username c-ip cs(User-Agent) cs(Referer) sc-status sc-substatus sc-win32-status time-taken
2018-03-22 10:00:37 ::1 POST /Service1.svc - 49474 - ::1 - - 200 0 0 17454
2018-03-22 10:01:05 ::1 POST /Service1.svc - 49474 - ::1 - - 200 0 0 15153
2018-03-22 10:01:49 ::1 POST /Service1.svc - 49474 - ::1 - - 200 0 0 15140
#Software: Microsoft Internet Information Services 10.0
#Version: 1.0
#Date: 2018-03-22 11:50:00
#Fields: date time s-ip cs-method cs-uri-stem cs-uri-query s-port cs-username c-ip cs(User-Agent) cs(Referer) sc-status sc-substatus sc-win32-status time-taken
2018-03-22 11:49:59 ::1 POST /Service1.svc - 49474 - ::1 - - 200 0 0 16997
2018-03-22 11:50:16 ::1 POST /Service1.svc - 49474 - ::1 - - 200 0 0 16155
2018-03-22 11:50:43 ::1 POST /Service1.svc - 49474 - ::1 - - 200 0 0 15153
2018-03-22 11:51:24 ::1 POST /Service1.svc - 49474 - ::1 - - 200 0 0 15100
2018-03-22 11:54:27 ::1 POST /Service1.svc - 49474 - ::1 - - 200 0 0 15312
2018-03-22 11:54:43 ::1 POST /Service1.svc - 49474 - ::1 - - 200 0 0 16198
