#Software: Microsoft Internet Information Services 10.0
#Version: 1.0
#Date: 2018-03-23 07:03:11
#Fields: date time s-ip cs-method cs-uri-stem cs-uri-query s-port cs-username c-ip cs(User-Agent) cs(Referer) sc-status sc-substatus sc-win32-status time-taken
2018-03-23 07:03:11 ::1 GET /Service1.svc - 49474 - ::1 Mozilla/5.0+(Windows+NT+10.0;+Win64;+x64)+AppleWebKit/537.36+(KHTML,+like+Gecko)+Chrome/65.0.3325.181+Safari/537.36 - 200 0 0 19441
2018-03-23 07:03:16 ::1 GET /favicon.ico - 49474 - ::1 Mozilla/5.0+(Windows+NT+10.0;+Win64;+x64)+AppleWebKit/537.36+(KHTML,+like+Gecko)+Chrome/65.0.3325.181+Safari/537.36 http://localhost:49474/Service1.svc 404 0 2 216
2018-03-23 07:09:50 ::1 POST /Service1.svc - 49474 - ::1 - - 200 0 0 767
2018-03-23 07:09:50 ::1 POST /Service1.svc - 49474 - ::1 - - 200 0 0 77
2018-03-23 07:10:21 ::1 POST /Service1.svc - 49474 - ::1 - - 200 0 0 60
2018-03-23 07:10:21 ::1 POST /Service1.svc - 49474 - ::1 - - 200 0 0 28
2018-03-23 07:10:45 ::1 POST /Service1.svc - 49474 - ::1 - - 200 0 0 95
2018-03-23 07:10:45 ::1 POST /Service1.svc - 49474 - ::1 - - 200 0 0 42
#Software: Microsoft Internet Information Services 10.0
#Version: 1.0
#Date: 2018-03-23 07:33:59
#Fields: date time s-ip cs-method cs-uri-stem cs-uri-query s-port cs-username c-ip cs(User-Agent) cs(Referer) sc-status sc-substatus sc-win32-status time-taken
2018-03-23 07:33:59 ::1 POST /Service1.svc - 49474 - ::1 - - 200 0 0 41
2018-03-23 07:33:59 ::1 POST /Service1.svc - 49474 - ::1 - - 200 0 0 31
2018-03-23 07:35:04 ::1 POST /Service1.svc - 49474 - ::1 - - 200 0 0 1284
2018-03-23 07:35:21 ::1 POST /Service1.svc - 49474 - ::1 - - 200 0 0 42
2018-03-23 07:35:21 ::1 POST /Service1.svc - 49474 - ::1 - - 200 0 0 28
#Software: Microsoft Internet Information Services 10.0
#Version: 1.0
#Date: 2018-03-23 09:00:06
#Fields: date time s-ip cs-method cs-uri-stem cs-uri-query s-port cs-username c-ip cs(User-Agent) cs(Referer) sc-status sc-substatus sc-win32-status time-taken
2018-03-23 09:00:06 ::1 GET /Service1.svc - 49474 - ::1 Mozilla/5.0+(Windows+NT+10.0;+Win64;+x64)+AppleWebKit/537.36+(KHTML,+like+Gecko)+Chrome/65.0.3325.181+Safari/537.36 - 200 0 0 19993
2018-03-23 09:00:42 ::1 GET /Service1.svc - 49474 - ::1 Mozilla/4.0+(compatible;+MSIE+6.0;+MS+Web+Services+Client+Protocol+4.0.30319.42000) - 200 0 0 22
2018-03-23 09:00:42 ::1 GET /Service1.svc disco 49474 - ::1 Mozilla/4.0+(compatible;+MSIE+6.0;+MS+Web+Services+Client+Protocol+4.0.30319.42000) - 200 0 0 105
2018-03-23 09:00:44 ::1 GET /Service1.svc/$metadata - 49474 - ::1 Mozilla/4.0+(compatible;+MSIE+6.0;+MS+Web+Services+Client+Protocol+4.0.30319.42000) - 400 0 0 1758
2018-03-23 09:00:44 ::1 GET /Service1.svc wsdl 49474 - ::1 Mozilla/4.0+(compatible;+MSIE+6.0;+MS+Web+Services+Client+Protocol+4.0.30319.42000) - 200 0 0 1084
2018-03-23 09:00:45 ::1 GET /Service1.svc xsd=xsd0 49474 - ::1 Mozilla/4.0+(compatible;+MSIE+6.0;+MS+Web+Services+Client+Protocol+4.0.30319.42000) - 200 0 0 677
2018-03-23 09:00:45 ::1 GET /Service1.svc xsd=xsd2 49474 - ::1 Mozilla/4.0+(compatible;+MSIE+6.0;+MS+Web+Services+Client+Protocol+4.0.30319.42000) - 200 0 0 6
2018-03-23 09:00:45 ::1 GET /Service1.svc xsd=xsd3 49474 - ::1 Mozilla/4.0+(compatible;+MSIE+6.0;+MS+Web+Services+Client+Protocol+4.0.30319.42000) - 200 0 0 18
2018-03-23 09:00:45 ::1 GET /Service1.svc xsd=xsd1 49474 - ::1 Mozilla/4.0+(compatible;+MSIE+6.0;+MS+Web+Services+Client+Protocol+4.0.30319.42000) - 200 0 0 14
2018-03-23 09:00:48 ::1 POST /Service1.svc/mex - 49474 - ::1 - - 415 0 0 151
2018-03-23 09:00:48 ::1 POST /Service1.svc - 49474 - ::1 - - 415 0 0 164
#Software: Microsoft Internet Information Services 10.0
#Version: 1.0
#Date: 2018-03-23 09:09:26
#Fields: date time s-ip cs-method cs-uri-stem cs-uri-query s-port cs-username c-ip cs(User-Agent) cs(Referer) sc-status sc-substatus sc-win32-status time-taken
2018-03-23 09:09:26 ::1 POST /Service1.svc - 49474 - ::1 - - 415 0 0 24491
2018-03-23 09:09:26 ::1 POST /Service1.svc/mex - 49474 - ::1 - - 415 0 0 32
2018-03-23 09:09:29 ::1 GET /Service1.svc - 49474 - ::1 Mozilla/4.0+(compatible;+MSIE+6.0;+MS+Web+Services+Client+Protocol+4.0.30319.42000) - 200 0 0 2211
2018-03-23 09:09:29 ::1 GET /Service1.svc disco 49474 - ::1 Mozilla/4.0+(compatible;+MSIE+6.0;+MS+Web+Services+Client+Protocol+4.0.30319.42000) - 200 0 0 36
2018-03-23 09:09:29 ::1 GET /Service1.svc wsdl 49474 - ::1 Mozilla/4.0+(compatible;+MSIE+6.0;+MS+Web+Services+Client+Protocol+4.0.30319.42000) - 200 0 0 28
2018-03-23 09:09:32 ::1 GET /Service1.svc xsd=xsd0 49474 - ::1 Mozilla/4.0+(compatible;+MSIE+6.0;+MS+Web+Services+Client+Protocol+4.0.30319.42000) - 200 0 0 2691
2018-03-23 09:09:32 ::1 GET /Service1.svc xsd=xsd2 49474 - ::1 Mozilla/4.0+(compatible;+MSIE+6.0;+MS+Web+Services+Client+Protocol+4.0.30319.42000) - 200 0 0 38
2018-03-23 09:09:32 ::1 GET /Service1.svc xsd=xsd3 49474 - ::1 Mozilla/4.0+(compatible;+MSIE+6.0;+MS+Web+Services+Client+Protocol+4.0.30319.42000) - 200 0 0 46
2018-03-23 09:09:32 ::1 GET /Service1.svc xsd=xsd1 49474 - ::1 Mozilla/4.0+(compatible;+MSIE+6.0;+MS+Web+Services+Client+Protocol+4.0.30319.42000) - 200 0 0 60
2018-03-23 09:10:43 ::1 GET /Service1.svc - 49474 - ::1 Mozilla/4.0+(compatible;+MSIE+6.0;+MS+Web+Services+Client+Protocol+4.0.30319.42000) - 200 0 0 111
2018-03-23 09:10:43 ::1 POST /Service1.svc - 49474 - ::1 - - 415 0 0 121
2018-03-23 09:10:43 ::1 GET /Service1.svc/$metadata - 49474 - ::1 Mozilla/4.0+(compatible;+MSIE+6.0;+MS+Web+Services+Client+Protocol+4.0.30319.42000) - 400 0 0 266
2018-03-23 09:10:43 ::1 GET /Service1.svc disco 49474 - ::1 Mozilla/4.0+(compatible;+MSIE+6.0;+MS+Web+Services+Client+Protocol+4.0.30319.42000) - 200 0 0 186
2018-03-23 09:10:43 ::1 POST /Service1.svc/mex - 49474 - ::1 - - 415 0 0 233
2018-03-23 09:10:43 ::1 GET /Service1.svc wsdl 49474 - ::1 Mozilla/4.0+(compatible;+MSIE+6.0;+MS+Web+Services+Client+Protocol+4.0.30319.42000) - 200 0 0 136
2018-03-23 09:10:43 ::1 GET /Service1.svc xsd=xsd0 49474 - ::1 Mozilla/4.0+(compatible;+MSIE+6.0;+MS+Web+Services+Client+Protocol+4.0.30319.42000) - 200 0 0 12
2018-03-23 09:10:43 ::1 GET /Service1.svc xsd=xsd2 49474 - ::1 Mozilla/4.0+(compatible;+MSIE+6.0;+MS+Web+Services+Client+Protocol+4.0.30319.42000) - 200 0 0 28
2018-03-23 09:10:43 ::1 GET /Service1.svc xsd=xsd3 49474 - ::1 Mozilla/4.0+(compatible;+MSIE+6.0;+MS+Web+Services+Client+Protocol+4.0.30319.42000) - 200 0 0 20
2018-03-23 09:10:43 ::1 GET /Service1.svc xsd=xsd1 49474 - ::1 Mozilla/4.0+(compatible;+MSIE+6.0;+MS+Web+Services+Client+Protocol+4.0.30319.42000) - 200 0 0 15
2018-03-23 09:13:59 ::1 POST /Service1.svc - 49474 - ::1 - - 200 0 0 16626
#Software: Microsoft Internet Information Services 10.0
#Version: 1.0
#Date: 2018-03-23 09:19:15
#Fields: date time s-ip cs-method cs-uri-stem cs-uri-query s-port cs-username c-ip cs(User-Agent) cs(Referer) sc-status sc-substatus sc-win32-status time-taken
2018-03-23 09:19:15 ::1 POST /Service1.svc - 49474 - ::1 - - 415 0 0 9732
2018-03-23 09:19:15 ::1 POST /Service1.svc/mex - 49474 - ::1 - - 415 0 0 62
2018-03-23 09:19:16 ::1 GET /Service1.svc - 49474 - ::1 Mozilla/4.0+(compatible;+MSIE+6.0;+MS+Web+Services+Client+Protocol+4.0.30319.42000) - 200 0 0 1437
2018-03-23 09:19:16 ::1 GET /Service1.svc disco 49474 - ::1 Mozilla/4.0+(compatible;+MSIE+6.0;+MS+Web+Services+Client+Protocol+4.0.30319.42000) - 200 0 0 38
2018-03-23 09:19:16 ::1 GET /Service1.svc wsdl 49474 - ::1 Mozilla/4.0+(compatible;+MSIE+6.0;+MS+Web+Services+Client+Protocol+4.0.30319.42000) - 200 0 0 25
2018-03-23 09:19:16 ::1 GET /Service1.svc xsd=xsd0 49474 - ::1 Mozilla/4.0+(compatible;+MSIE+6.0;+MS+Web+Services+Client+Protocol+4.0.30319.42000) - 200 0 0 751
2018-03-23 09:19:17 ::1 GET /Service1.svc xsd=xsd2 49474 - ::1 Mozilla/4.0+(compatible;+MSIE+6.0;+MS+Web+Services+Client+Protocol+4.0.30319.42000) - 200 0 0 177
2018-03-23 09:19:17 ::1 GET /Service1.svc xsd=xsd3 49474 - ::1 Mozilla/4.0+(compatible;+MSIE+6.0;+MS+Web+Services+Client+Protocol+4.0.30319.42000) - 200 0 0 83
2018-03-23 09:19:17 ::1 GET /Service1.svc xsd=xsd1 49474 - ::1 Mozilla/4.0+(compatible;+MSIE+6.0;+MS+Web+Services+Client+Protocol+4.0.30319.42000) - 200 0 0 70
2018-03-23 09:20:44 ::1 POST /Service1.svc - 49474 - ::1 - - 200 0 0 67930
2018-03-23 09:21:27 ::1 POST /Service1.svc - 49474 - ::1 - - 200 0 0 4460
2018-03-23 09:21:45 ::1 POST /Service1.svc - 49474 - ::1 - - 200 0 0 183
2018-03-23 09:21:45 ::1 POST /Service1.svc - 49474 - ::1 - - 200 0 0 103
2018-03-23 09:21:45 ::1 POST /Service1.svc - 49474 - ::1 - - 200 0 0 251
2018-03-23 09:21:48 ::1 POST /Service1.svc - 49474 - ::1 - - 200 0 0 100
2018-03-23 09:21:48 ::1 POST /Service1.svc - 49474 - ::1 - - 200 0 0 19
2018-03-23 09:21:48 ::1 POST /Service1.svc - 49474 - ::1 - - 200 0 0 453
2018-03-23 09:21:51 ::1 POST /Service1.svc - 49474 - ::1 - - 200 0 0 139
#Software: Microsoft Internet Information Services 10.0
#Version: 1.0
#Date: 2018-03-23 10:11:59
#Fields: date time s-ip cs-method cs-uri-stem cs-uri-query s-port cs-username c-ip cs(User-Agent) cs(Referer) sc-status sc-substatus sc-win32-status time-taken
2018-03-23 10:11:59 ::1 POST /Service1.svc - 49474 - ::1 - - 200 0 0 120
2018-03-23 10:12:11 ::1 POST /Service1.svc - 49474 - ::1 - - 200 0 0 81
2018-03-23 10:23:40 ::1 POST /Service1.svc - 49474 - ::1 - - 200 0 0 23567
2018-03-23 10:23:57 ::1 POST /Service1.svc - 49474 - ::1 - - 200 0 0 4311
2018-03-23 10:24:30 ::1 POST /Service1.svc - 49474 - ::1 - - 200 0 0 12
2018-03-23 10:24:30 ::1 POST /Service1.svc - 49474 - ::1 - - 200 0 0 18
2018-03-23 10:24:30 ::1 POST /Service1.svc - 49474 - ::1 - - 200 0 0 25
2018-03-23 10:24:33 ::1 POST /Service1.svc - 49474 - ::1 - - 200 0 0 12
2018-03-23 10:24:33 ::1 POST /Service1.svc - 49474 - ::1 - - 200 0 0 28
2018-03-23 10:24:33 ::1 POST /Service1.svc - 49474 - ::1 - - 200 0 0 12
2018-03-23 10:24:36 ::1 POST /Service1.svc - 49474 - ::1 - - 200 0 0 29
2018-03-23 10:24:43 ::1 POST /Service1.svc - 49474 - ::1 - - 200 0 0 61
2018-03-23 10:24:43 ::1 POST /Service1.svc - 49474 - ::1 - - 200 0 0 80
2018-03-23 10:24:43 ::1 POST /Service1.svc - 49474 - ::1 - - 200 0 0 35
2018-03-23 10:24:45 ::1 POST /Service1.svc - 49474 - ::1 - - 200 0 0 40
2018-03-23 10:24:45 ::1 POST /Service1.svc - 49474 - ::1 - - 200 0 0 31
2018-03-23 10:24:45 ::1 POST /Service1.svc - 49474 - ::1 - - 200 0 0 36
2018-03-23 10:24:48 ::1 POST /Service1.svc - 49474 - ::1 - - 200 0 0 25
2018-03-23 10:27:59 ::1 POST /Service1.svc - 49474 - ::1 - - 200 0 0 5159
2018-03-23 10:28:20 ::1 POST /Service1.svc - 49474 - ::1 - - 200 0 0 4216
2018-03-23 10:28:27 ::1 POST /Service1.svc - 49474 - ::1 - - 200 0 0 39
2018-03-23 10:28:27 ::1 POST /Service1.svc - 49474 - ::1 - - 200 0 0 110
2018-03-23 10:28:27 ::1 POST /Service1.svc - 49474 - ::1 - - 200 0 0 45
2018-03-23 10:28:30 ::1 POST /Service1.svc - 49474 - ::1 - - 200 0 0 113
2018-03-23 10:28:30 ::1 POST /Service1.svc - 49474 - ::1 - - 200 0 0 159
2018-03-23 10:28:30 ::1 POST /Service1.svc - 49474 - ::1 - - 200 0 0 86
2018-03-23 10:28:33 ::1 POST /Service1.svc - 49474 - ::1 - - 200 0 0 30
2018-03-23 10:31:06 ::1 GET /Service1.svc - 49474 - ::1 Mozilla/4.0+(compatible;+MSIE+6.0;+MS+Web+Services+Client+Protocol+4.0.30319.42000) - 200 0 0 369
2018-03-23 10:31:06 ::1 POST /Service1.svc - 49474 - ::1 - - 415 0 0 168
2018-03-23 10:31:06 ::1 POST /Service1.svc/mex - 49474 - ::1 - - 415 0 0 267
2018-03-23 10:31:06 ::1 GET /Service1.svc disco 49474 - ::1 Mozilla/4.0+(compatible;+MSIE+6.0;+MS+Web+Services+Client+Protocol+4.0.30319.42000) - 200 0 0 371
2018-03-23 10:31:06 ::1 GET /Service1.svc/$metadata - 49474 - ::1 Mozilla/4.0+(compatible;+MSIE+6.0;+MS+Web+Services+Client+Protocol+4.0.30319.42000) - 400 0 0 931
2018-03-23 10:31:06 ::1 GET /Service1.svc wsdl 49474 - ::1 Mozilla/4.0+(compatible;+MSIE+6.0;+MS+Web+Services+Client+Protocol+4.0.30319.42000) - 200 0 0 153
2018-03-23 10:31:06 ::1 GET /Service1.svc xsd=xsd0 49474 - ::1 Mozilla/4.0+(compatible;+MSIE+6.0;+MS+Web+Services+Client+Protocol+4.0.30319.42000) - 200 0 0 46
2018-03-23 10:31:06 ::1 GET /Service1.svc xsd=xsd2 49474 - ::1 Mozilla/4.0+(compatible;+MSIE+6.0;+MS+Web+Services+Client+Protocol+4.0.30319.42000) - 200 0 0 5
2018-03-23 10:31:06 ::1 GET /Service1.svc xsd=xsd3 49474 - ::1 Mozilla/4.0+(compatible;+MSIE+6.0;+MS+Web+Services+Client+Protocol+4.0.30319.42000) - 200 0 0 7
2018-03-23 10:31:06 ::1 GET /Service1.svc xsd=xsd1 49474 - ::1 Mozilla/4.0+(compatible;+MSIE+6.0;+MS+Web+Services+Client+Protocol+4.0.30319.42000) - 200 0 0 39
#Software: Microsoft Internet Information Services 10.0
#Version: 1.0
#Date: 2018-03-23 10:53:06
#Fields: date time s-ip cs-method cs-uri-stem cs-uri-query s-port cs-username c-ip cs(User-Agent) cs(Referer) sc-status sc-substatus sc-win32-status time-taken
2018-03-23 10:53:06 ::1 POST /Service1.svc - 49474 - ::1 - - 415 0 0 7137
2018-03-23 10:53:06 ::1 POST /Service1.svc/mex - 49474 - ::1 - - 415 0 0 80
2018-03-23 10:53:08 ::1 GET /Service1.svc - 49474 - ::1 Mozilla/4.0+(compatible;+MSIE+6.0;+MS+Web+Services+Client+Protocol+4.0.30319.42000) - 200 0 0 1423
2018-03-23 10:53:08 ::1 GET /Service1.svc disco 49474 - ::1 Mozilla/4.0+(compatible;+MSIE+6.0;+MS+Web+Services+Client+Protocol+4.0.30319.42000) - 200 0 0 24
2018-03-23 10:53:08 ::1 GET /Service1.svc wsdl 49474 - ::1 Mozilla/4.0+(compatible;+MSIE+6.0;+MS+Web+Services+Client+Protocol+4.0.30319.42000) - 200 0 0 10
2018-03-23 10:53:08 ::1 GET /Service1.svc xsd=xsd0 49474 - ::1 Mozilla/4.0+(compatible;+MSIE+6.0;+MS+Web+Services+Client+Protocol+4.0.30319.42000) - 200 0 0 372
2018-03-23 10:53:08 ::1 GET /Service1.svc xsd=xsd2 49474 - ::1 Mozilla/4.0+(compatible;+MSIE+6.0;+MS+Web+Services+Client+Protocol+4.0.30319.42000) - 200 0 0 8
2018-03-23 10:53:08 ::1 GET /Service1.svc xsd=xsd3 49474 - ::1 Mozilla/4.0+(compatible;+MSIE+6.0;+MS+Web+Services+Client+Protocol+4.0.30319.42000) - 200 0 0 13
2018-03-23 10:53:08 ::1 GET /Service1.svc xsd=xsd1 49474 - ::1 Mozilla/4.0+(compatible;+MSIE+6.0;+MS+Web+Services+Client+Protocol+4.0.30319.42000) - 200 0 0 26
2018-03-23 10:54:10 ::1 GET /Service1.svc/$metadata - 49474 - ::1 Mozilla/4.0+(compatible;+MSIE+6.0;+MS+Web+Services+Client+Protocol+4.0.30319.42000) - 400 0 0 107
2018-03-23 10:54:10 ::1 GET /Service1.svc - 49474 - ::1 Mozilla/4.0+(compatible;+MSIE+6.0;+MS+Web+Services+Client+Protocol+4.0.30319.42000) - 200 0 0 116
2018-03-23 10:54:10 ::1 POST /Service1.svc - 49474 - ::1 - - 415 0 0 137
2018-03-23 10:54:10 ::1 POST /Service1.svc/mex - 49474 - ::1 - - 415 0 0 259
2018-03-23 10:54:10 ::1 GET /Service1.svc disco 49474 - ::1 Mozilla/4.0+(compatible;+MSIE+6.0;+MS+Web+Services+Client+Protocol+4.0.30319.42000) - 200 0 0 234
2018-03-23 10:54:10 ::1 GET /Service1.svc wsdl 49474 - ::1 Mozilla/4.0+(compatible;+MSIE+6.0;+MS+Web+Services+Client+Protocol+4.0.30319.42000) - 200 0 0 22
2018-03-23 10:54:10 ::1 GET /Service1.svc xsd=xsd0 49474 - ::1 Mozilla/4.0+(compatible;+MSIE+6.0;+MS+Web+Services+Client+Protocol+4.0.30319.42000) - 200 0 0 9
2018-03-23 10:54:10 ::1 GET /Service1.svc xsd=xsd2 49474 - ::1 Mozilla/4.0+(compatible;+MSIE+6.0;+MS+Web+Services+Client+Protocol+4.0.30319.42000) - 200 0 0 12
2018-03-23 10:54:10 ::1 GET /Service1.svc xsd=xsd3 49474 - ::1 Mozilla/4.0+(compatible;+MSIE+6.0;+MS+Web+Services+Client+Protocol+4.0.30319.42000) - 200 0 0 14
2018-03-23 10:54:10 ::1 GET /Service1.svc xsd=xsd1 49474 - ::1 Mozilla/4.0+(compatible;+MSIE+6.0;+MS+Web+Services+Client+Protocol+4.0.30319.42000) - 200 0 0 12
2018-03-23 11:03:08 ::1 POST /Service1.svc - 49474 - ::1 - - 200 0 0 5768
2018-03-23 11:03:34 ::1 POST /Service1.svc - 49474 - ::1 - - 200 0 0 5893
2018-03-23 11:03:58 ::1 POST /Service1.svc - 49474 - ::1 - - 200 0 0 12713
2018-03-23 11:04:12 ::1 POST /Service1.svc - 49474 - ::1 - - 200 0 0 3506
2018-03-23 11:04:27 ::1 POST /Service1.svc - 49474 - ::1 - - 200 0 0 4182
2018-03-23 11:04:35 ::1 POST /Service1.svc - 49474 - ::1 - - 200 0 0 3083
2018-03-23 11:04:47 ::1 POST /Service1.svc - 49474 - ::1 - - 200 0 0 21
2018-03-23 11:04:47 ::1 POST /Service1.svc - 49474 - ::1 - - 200 0 0 13
2018-03-23 11:04:47 ::1 POST /Service1.svc - 49474 - ::1 - - 200 0 0 42
2018-03-23 11:05:06 ::1 POST /Service1.svc - 49474 - ::1 - - 200 0 0 2785
2018-03-23 11:05:45 ::1 POST /Service1.svc - 49474 - ::1 - - 200 0 0 21180
2018-03-23 11:05:57 ::1 POST /Service1.svc - 49474 - ::1 - - 200 0 0 3383
2018-03-23 11:07:06 ::1 POST /Service1.svc - 49474 - ::1 - - 200 0 0 147
2018-03-23 11:11:43 ::1 POST /Service1.svc - 49474 - ::1 - - 200 0 0 143
2018-03-23 11:11:52 ::1 POST /Service1.svc - 49474 - ::1 - - 200 0 0 24
2018-03-23 11:15:38 ::1 POST /Service1.svc - 49474 - ::1 - - 200 0 0 3940
2018-03-23 11:15:40 ::1 POST /Service1.svc - 49474 - ::1 - - 200 0 0 1375
2018-03-23 11:15:51 ::1 POST /Service1.svc - 49474 - ::1 - - 200 0 0 7703
2018-03-23 11:15:52 ::1 POST /Service1.svc - 49474 - ::1 - - 200 0 0 1100
2018-03-23 11:24:52 ::1 POST /Service1.svc - 49474 - ::1 - - 200 0 64 536796
2018-03-23 11:25:09 ::1 POST /Service1.svc - 49474 - ::1 - - 200 0 64 493180
2018-03-23 11:25:15 ::1 POST /Service1.svc - 49474 - ::1 - - 200 0 64 201297
2018-03-23 11:25:15 ::1 POST /Service1.svc - 49474 - ::1 - - 200 0 64 124264
#Software: Microsoft Internet Information Services 10.0
#Version: 1.0
#Date: 2018-03-23 11:32:14
#Fields: date time s-ip cs-method cs-uri-stem cs-uri-query s-port cs-username c-ip cs(User-Agent) cs(Referer) sc-status sc-substatus sc-win32-status time-taken
2018-03-23 11:32:14 ::1 POST /Service1.svc - 49474 - ::1 - - 415 0 0 8742
2018-03-23 11:32:14 ::1 POST /Service1.svc/mex - 49474 - ::1 - - 415 0 0 117
2018-03-23 11:32:16 ::1 GET /Service1.svc - 49474 - ::1 Mozilla/4.0+(compatible;+MSIE+6.0;+MS+Web+Services+Client+Protocol+4.0.30319.42000) - 200 0 0 1498
2018-03-23 11:32:16 ::1 GET /Service1.svc disco 49474 - ::1 Mozilla/4.0+(compatible;+MSIE+6.0;+MS+Web+Services+Client+Protocol+4.0.30319.42000) - 200 0 0 9
2018-03-23 11:32:16 ::1 GET /Service1.svc wsdl 49474 - ::1 Mozilla/4.0+(compatible;+MSIE+6.0;+MS+Web+Services+Client+Protocol+4.0.30319.42000) - 200 0 0 15
2018-03-23 11:32:16 ::1 GET /Service1.svc xsd=xsd0 49474 - ::1 Mozilla/4.0+(compatible;+MSIE+6.0;+MS+Web+Services+Client+Protocol+4.0.30319.42000) - 200 0 0 445
2018-03-23 11:32:16 ::1 GET /Service1.svc xsd=xsd2 49474 - ::1 Mozilla/4.0+(compatible;+MSIE+6.0;+MS+Web+Services+Client+Protocol+4.0.30319.42000) - 200 0 0 8
2018-03-23 11:32:16 ::1 GET /Service1.svc xsd=xsd3 49474 - ::1 Mozilla/4.0+(compatible;+MSIE+6.0;+MS+Web+Services+Client+Protocol+4.0.30319.42000) - 200 0 0 75
2018-03-23 11:32:16 ::1 GET /Service1.svc xsd=xsd1 49474 - ::1 Mozilla/4.0+(compatible;+MSIE+6.0;+MS+Web+Services+Client+Protocol+4.0.30319.42000) - 200 0 0 24
2018-03-23 11:32:38 ::1 GET /Service1.svc/$metadata - 49474 - ::1 Mozilla/4.0+(compatible;+MSIE+6.0;+MS+Web+Services+Client+Protocol+4.0.30319.42000) - 400 0 0 73
2018-03-23 11:32:38 ::1 GET /Service1.svc - 49474 - ::1 Mozilla/4.0+(compatible;+MSIE+6.0;+MS+Web+Services+Client+Protocol+4.0.30319.42000) - 200 0 0 37
2018-03-23 11:32:38 ::1 GET /Service1.svc disco 49474 - ::1 Mozilla/4.0+(compatible;+MSIE+6.0;+MS+Web+Services+Client+Protocol+4.0.30319.42000) - 200 0 0 53
2018-03-23 11:32:38 ::1 GET /Service1.svc wsdl 49474 - ::1 Mozilla/4.0+(compatible;+MSIE+6.0;+MS+Web+Services+Client+Protocol+4.0.30319.42000) - 200 0 0 11
2018-03-23 11:32:38 ::1 GET /Service1.svc xsd=xsd0 49474 - ::1 Mozilla/4.0+(compatible;+MSIE+6.0;+MS+Web+Services+Client+Protocol+4.0.30319.42000) - 200 0 0 39
2018-03-23 11:32:38 ::1 GET /Service1.svc xsd=xsd2 49474 - ::1 Mozilla/4.0+(compatible;+MSIE+6.0;+MS+Web+Services+Client+Protocol+4.0.30319.42000) - 200 0 0 53
2018-03-23 11:32:38 ::1 GET /Service1.svc xsd=xsd3 49474 - ::1 Mozilla/4.0+(compatible;+MSIE+6.0;+MS+Web+Services+Client+Protocol+4.0.30319.42000) - 200 0 0 17
2018-03-23 11:32:38 ::1 GET /Service1.svc xsd=xsd1 49474 - ::1 Mozilla/4.0+(compatible;+MSIE+6.0;+MS+Web+Services+Client+Protocol+4.0.30319.42000) - 200 0 0 13
2018-03-23 11:32:40 ::1 POST /Service1.svc/mex - 49474 - ::1 - - 415 0 0 69
2018-03-23 11:32:40 ::1 POST /Service1.svc - 49474 - ::1 - - 415 0 0 69
2018-03-23 11:34:07 ::1 POST /Service1.svc - 49474 - ::1 - - 200 0 0 18048
2018-03-23 11:34:11 ::1 POST /Service1.svc - 49474 - ::1 - - 200 0 0 3718
2018-03-23 11:34:20 ::1 POST /Service1.svc - 49474 - ::1 - - 200 0 0 39
2018-03-23 11:34:20 ::1 POST /Service1.svc - 49474 - ::1 - - 200 0 0 75
2018-03-23 11:34:20 ::1 POST /Service1.svc - 49474 - ::1 - - 200 0 0 96
2018-03-23 11:34:23 ::1 POST /Service1.svc - 49474 - ::1 - - 200 0 0 13
2018-03-23 11:34:23 ::1 POST /Service1.svc - 49474 - ::1 - - 200 0 0 19
2018-03-23 11:34:23 ::1 POST /Service1.svc - 49474 - ::1 - - 200 0 0 54
2018-03-23 11:34:25 ::1 POST /Service1.svc - 49474 - ::1 - - 200 0 0 29
2018-03-23 11:34:32 ::1 POST /Service1.svc - 49474 - ::1 - - 200 0 0 12
2018-03-23 11:34:32 ::1 POST /Service1.svc - 49474 - ::1 - - 200 0 0 15
2018-03-23 11:34:32 ::1 POST /Service1.svc - 49474 - ::1 - - 200 0 0 15
2018-03-23 11:34:32 ::1 POST /Service1.svc - 49474 - ::1 - - 200 0 0 19
2018-03-23 11:34:32 ::1 POST /Service1.svc - 49474 - ::1 - - 200 0 0 25
2018-03-23 11:34:32 ::1 POST /Service1.svc - 49474 - ::1 - - 200 0 0 29
2018-03-23 11:34:32 ::1 POST /Service1.svc - 49474 - ::1 - - 200 0 0 9
2018-03-23 11:35:06 ::1 POST /Service1.svc - 49474 - ::1 - - 200 0 0 12714
2018-03-23 11:35:22 ::1 POST /Service1.svc - 49474 - ::1 - - 200 0 0 11605
2018-03-23 11:36:55 ::1 POST /Service1.svc - 49474 - ::1 - - 200 0 0 3133
2018-03-23 11:37:03 ::1 POST /Service1.svc - 49474 - ::1 - - 200 0 0 17
2018-03-23 11:37:03 ::1 POST /Service1.svc - 49474 - ::1 - - 200 0 0 18
2018-03-23 11:37:03 ::1 POST /Service1.svc - 49474 - ::1 - - 200 0 0 57
2018-03-23 11:37:06 ::1 POST /Service1.svc - 49474 - ::1 - - 200 0 0 20
2018-03-23 11:37:06 ::1 POST /Service1.svc - 49474 - ::1 - - 200 0 0 15
2018-03-23 11:37:06 ::1 POST /Service1.svc - 49474 - ::1 - - 200 0 0 34
2018-03-23 11:37:08 ::1 POST /Service1.svc - 49474 - ::1 - - 200 0 0 16
2018-03-23 11:37:58 ::1 POST /Service1.svc - 49474 - ::1 - - 200 0 0 4748
2018-03-23 11:38:07 ::1 POST /Service1.svc - 49474 - ::1 - - 200 0 0 2818
2018-03-23 11:38:13 ::1 POST /Service1.svc - 49474 - ::1 - - 200 0 0 54
2018-03-23 11:38:13 ::1 POST /Service1.svc - 49474 - ::1 - - 200 0 0 108
2018-03-23 11:38:13 ::1 POST /Service1.svc - 49474 - ::1 - - 200 0 0 35
2018-03-23 11:38:15 ::1 POST /Service1.svc - 49474 - ::1 - - 200 0 0 13
2018-03-23 11:38:15 ::1 POST /Service1.svc - 49474 - ::1 - - 200 0 0 75
2018-03-23 11:38:15 ::1 POST /Service1.svc - 49474 - ::1 - - 200 0 0 46
2018-03-23 11:38:17 ::1 POST /Service1.svc - 49474 - ::1 - - 200 0 0 21
2018-03-23 11:38:18 ::1 POST /Service1.svc - 49474 - ::1 - - 200 0 0 15
2018-03-23 11:38:18 ::1 POST /Service1.svc - 49474 - ::1 - - 200 0 0 43
2018-03-23 11:38:18 ::1 POST /Service1.svc - 49474 - ::1 - - 200 0 0 24
2018-03-23 11:38:21 ::1 POST /Service1.svc - 49474 - ::1 - - 200 0 0 10
2018-03-23 11:38:21 ::1 POST /Service1.svc - 49474 - ::1 - - 200 0 0 16
2018-03-23 11:38:21 ::1 POST /Service1.svc - 49474 - ::1 - - 200 0 0 23
2018-03-23 11:38:23 ::1 POST /Service1.svc - 49474 - ::1 - - 200 0 0 30
2018-03-23 11:38:37 ::1 POST /Service1.svc - 49474 - ::1 - - 200 0 0 22
2018-03-23 11:38:37 ::1 POST /Service1.svc - 49474 - ::1 - - 200 0 0 67
2018-03-23 11:38:37 ::1 POST /Service1.svc - 49474 - ::1 - - 200 0 0 17
2018-03-23 11:38:37 ::1 POST /Service1.svc - 49474 - ::1 - - 200 0 0 67
2018-03-23 11:38:37 ::1 POST /Service1.svc - 49474 - ::1 - - 200 0 0 29
2018-03-23 11:38:37 ::1 POST /Service1.svc - 49474 - ::1 - - 200 0 0 52
2018-03-23 11:38:37 ::1 POST /Service1.svc - 49474 - ::1 - - 200 0 0 27
2018-03-23 11:39:49 ::1 POST /Service1.svc - 49474 - ::1 - - 200 0 0 14233
2018-03-23 11:40:42 ::1 POST /Service1.svc - 49474 - ::1 - - 200 0 0 45137
2018-03-23 11:45:45 ::1 POST /Service1.svc - 49474 - ::1 - - 200 0 64 144318
2018-03-23 11:45:45 ::1 POST /Service1.svc - 49474 - ::1 - - 200 0 0 295953
2018-03-23 11:45:45 ::1 POST /Service1.svc - 49474 - ::1 - - 200 0 64 218549
#Software: Microsoft Internet Information Services 10.0
#Version: 1.0
#Date: 2018-03-23 11:46:58
#Fields: date time s-ip cs-method cs-uri-stem cs-uri-query s-port cs-username c-ip cs(User-Agent) cs(Referer) sc-status sc-substatus sc-win32-status time-taken
2018-03-23 11:46:58 ::1 POST /Service1.svc - 49474 - ::1 - - 415 0 0 3732
2018-03-23 11:46:58 ::1 POST /Service1.svc/mex - 49474 - ::1 - - 415 0 0 47
2018-03-23 11:46:59 ::1 GET /Service1.svc - 49474 - ::1 Mozilla/4.0+(compatible;+MSIE+6.0;+MS+Web+Services+Client+Protocol+4.0.30319.42000) - 200 0 0 1157
2018-03-23 11:46:59 ::1 GET /Service1.svc disco 49474 - ::1 Mozilla/4.0+(compatible;+MSIE+6.0;+MS+Web+Services+Client+Protocol+4.0.30319.42000) - 200 0 0 10
2018-03-23 11:46:59 ::1 GET /Service1.svc wsdl 49474 - ::1 Mozilla/4.0+(compatible;+MSIE+6.0;+MS+Web+Services+Client+Protocol+4.0.30319.42000) - 200 0 0 14
2018-03-23 11:46:59 ::1 GET /Service1.svc xsd=xsd0 49474 - ::1 Mozilla/4.0+(compatible;+MSIE+6.0;+MS+Web+Services+Client+Protocol+4.0.30319.42000) - 200 0 0 378
2018-03-23 11:46:59 ::1 GET /Service1.svc xsd=xsd2 49474 - ::1 Mozilla/4.0+(compatible;+MSIE+6.0;+MS+Web+Services+Client+Protocol+4.0.30319.42000) - 200 0 0 14
2018-03-23 11:46:59 ::1 GET /Service1.svc xsd=xsd3 49474 - ::1 Mozilla/4.0+(compatible;+MSIE+6.0;+MS+Web+Services+Client+Protocol+4.0.30319.42000) - 200 0 0 15
2018-03-23 11:46:59 ::1 GET /Service1.svc xsd=xsd1 49474 - ::1 Mozilla/4.0+(compatible;+MSIE+6.0;+MS+Web+Services+Client+Protocol+4.0.30319.42000) - 200 0 0 23
2018-03-23 11:47:12 ::1 GET /Service1.svc - 49474 - ::1 Mozilla/4.0+(compatible;+MSIE+6.0;+MS+Web+Services+Client+Protocol+4.0.30319.42000) - 200 0 0 35
2018-03-23 11:47:12 ::1 GET /Service1.svc/$metadata - 49474 - ::1 Mozilla/4.0+(compatible;+MSIE+6.0;+MS+Web+Services+Client+Protocol+4.0.30319.42000) - 400 0 0 35
2018-03-23 11:47:12 ::1 GET /Service1.svc disco 49474 - ::1 Mozilla/4.0+(compatible;+MSIE+6.0;+MS+Web+Services+Client+Protocol+4.0.30319.42000) - 200 0 0 24
2018-03-23 11:47:12 ::1 GET /Service1.svc wsdl 49474 - ::1 Mozilla/4.0+(compatible;+MSIE+6.0;+MS+Web+Services+Client+Protocol+4.0.30319.42000) - 200 0 0 174
2018-03-23 11:47:12 ::1 POST /Service1.svc/mex - 49474 - ::1 - - 415 0 0 180
2018-03-23 11:47:12 ::1 POST /Service1.svc - 49474 - ::1 - - 415 0 0 223
2018-03-23 11:47:12 ::1 GET /Service1.svc xsd=xsd0 49474 - ::1 Mozilla/4.0+(compatible;+MSIE+6.0;+MS+Web+Services+Client+Protocol+4.0.30319.42000) - 200 0 0 119
2018-03-23 11:47:12 ::1 GET /Service1.svc xsd=xsd2 49474 - ::1 Mozilla/4.0+(compatible;+MSIE+6.0;+MS+Web+Services+Client+Protocol+4.0.30319.42000) - 200 0 0 34
2018-03-23 11:47:12 ::1 GET /Service1.svc xsd=xsd3 49474 - ::1 Mozilla/4.0+(compatible;+MSIE+6.0;+MS+Web+Services+Client+Protocol+4.0.30319.42000) - 200 0 0 11
2018-03-23 11:47:12 ::1 GET /Service1.svc xsd=xsd1 49474 - ::1 Mozilla/4.0+(compatible;+MSIE+6.0;+MS+Web+Services+Client+Protocol+4.0.30319.42000) - 200 0 0 16
2018-03-23 11:48:10 ::1 POST /Service1.svc - 49474 - ::1 - - 200 0 0 33635
2018-03-23 11:48:23 ::1 POST /Service1.svc - 49474 - ::1 - - 200 0 0 45
2018-03-23 11:48:23 ::1 POST /Service1.svc - 49474 - ::1 - - 200 0 0 148
2018-03-23 11:49:05 ::1 POST /Service1.svc - 49474 - ::1 - - 200 0 0 268
2018-03-23 11:49:38 ::1 POST /Service1.svc - 49474 - ::1 - - 200 0 0 74
2018-03-23 11:51:30 ::1 POST /Service1.svc - 49474 - ::1 - - 200 0 0 4278
2018-03-23 11:51:40 ::1 POST /Service1.svc - 49474 - ::1 - - 200 0 0 18
2018-03-23 11:51:40 ::1 POST /Service1.svc - 49474 - ::1 - - 200 0 0 54
2018-03-23 11:51:40 ::1 POST /Service1.svc - 49474 - ::1 - - 200 0 0 33
2018-03-23 11:51:43 ::1 POST /Service1.svc - 49474 - ::1 - - 200 0 0 37
2018-03-23 11:51:43 ::1 POST /Service1.svc - 49474 - ::1 - - 200 0 0 49
2018-03-23 11:51:43 ::1 POST /Service1.svc - 49474 - ::1 - - 200 0 0 45
2018-03-23 11:51:45 ::1 POST /Service1.svc - 49474 - ::1 - - 200 0 0 22
2018-03-23 11:52:29 ::1 POST /Service1.svc - 49474 - ::1 - - 200 0 0 3686
2018-03-23 11:52:31 ::1 POST /Service1.svc - 49474 - ::1 - - 200 0 0 1456
#Software: Microsoft Internet Information Services 10.0
#Version: 1.0
#Date: 2018-03-23 12:15:09
#Fields: date time s-ip cs-method cs-uri-stem cs-uri-query s-port cs-username c-ip cs(User-Agent) cs(Referer) sc-status sc-substatus sc-win32-status time-taken
2018-03-23 12:15:09 ::1 POST /Service1.svc - 49474 - ::1 - - 415 0 0 11870
2018-03-23 12:15:09 ::1 POST /Service1.svc/mex - 49474 - ::1 - - 415 0 0 65
2018-03-23 12:15:10 ::1 GET /Service1.svc/$metadata - 49474 - ::1 Mozilla/4.0+(compatible;+MSIE+6.0;+MS+Web+Services+Client+Protocol+4.0.30319.42000) - 400 0 0 400
2018-03-23 12:15:10 ::1 POST /Service1.svc - 49474 - ::1 - - 415 0 0 121
2018-03-23 12:15:10 ::1 POST /Service1.svc/mex - 49474 - ::1 - - 415 0 0 223
2018-03-23 12:15:11 ::1 GET /Service1.svc - 49474 - ::1 Mozilla/4.0+(compatible;+MSIE+6.0;+MS+Web+Services+Client+Protocol+4.0.30319.42000) - 200 0 0 2080
2018-03-23 12:15:11 ::1 GET /Service1.svc - 49474 - ::1 Mozilla/4.0+(compatible;+MSIE+6.0;+MS+Web+Services+Client+Protocol+4.0.30319.42000) - 200 0 0 1519
2018-03-23 12:15:11 ::1 GET /Service1.svc disco 49474 - ::1 Mozilla/4.0+(compatible;+MSIE+6.0;+MS+Web+Services+Client+Protocol+4.0.30319.42000) - 200 0 0 52
2018-03-23 12:15:11 ::1 GET /Service1.svc disco 49474 - ::1 Mozilla/4.0+(compatible;+MSIE+6.0;+MS+Web+Services+Client+Protocol+4.0.30319.42000) - 200 0 0 53
2018-03-23 12:15:11 ::1 GET /Service1.svc wsdl 49474 - ::1 Mozilla/4.0+(compatible;+MSIE+6.0;+MS+Web+Services+Client+Protocol+4.0.30319.42000) - 200 0 0 169
2018-03-23 12:15:11 ::1 GET /Service1.svc wsdl 49474 - ::1 Mozilla/4.0+(compatible;+MSIE+6.0;+MS+Web+Services+Client+Protocol+4.0.30319.42000) - 200 0 0 183
2018-03-23 12:15:13 ::1 GET /Service1.svc xsd=xsd0 49474 - ::1 Mozilla/4.0+(compatible;+MSIE+6.0;+MS+Web+Services+Client+Protocol+4.0.30319.42000) - 200 0 0 1619
2018-03-23 12:15:13 ::1 GET /Service1.svc xsd=xsd0 49474 - ::1 Mozilla/4.0+(compatible;+MSIE+6.0;+MS+Web+Services+Client+Protocol+4.0.30319.42000) - 200 0 0 1610
2018-03-23 12:15:13 ::1 GET /Service1.svc xsd=xsd2 49474 - ::1 Mozilla/4.0+(compatible;+MSIE+6.0;+MS+Web+Services+Client+Protocol+4.0.30319.42000) - 200 0 0 29
2018-03-23 12:15:13 ::1 GET /Service1.svc xsd=xsd2 49474 - ::1 Mozilla/4.0+(compatible;+MSIE+6.0;+MS+Web+Services+Client+Protocol+4.0.30319.42000) - 200 0 0 32
2018-03-23 12:15:13 ::1 GET /Service1.svc xsd=xsd3 49474 - ::1 Mozilla/4.0+(compatible;+MSIE+6.0;+MS+Web+Services+Client+Protocol+4.0.30319.42000) - 200 0 0 19
2018-03-23 12:15:13 ::1 GET /Service1.svc xsd=xsd3 49474 - ::1 Mozilla/4.0+(compatible;+MSIE+6.0;+MS+Web+Services+Client+Protocol+4.0.30319.42000) - 200 0 0 22
2018-03-23 12:15:13 ::1 GET /Service1.svc xsd=xsd1 49474 - ::1 Mozilla/4.0+(compatible;+MSIE+6.0;+MS+Web+Services+Client+Protocol+4.0.30319.42000) - 200 0 0 118
2018-03-23 12:15:13 ::1 GET /Service1.svc xsd=xsd1 49474 - ::1 Mozilla/4.0+(compatible;+MSIE+6.0;+MS+Web+Services+Client+Protocol+4.0.30319.42000) - 200 0 0 152
2018-03-23 12:15:57 ::1 POST /Service1.svc - 49474 - ::1 - - 200 0 0 860
2018-03-23 12:15:57 ::1 POST /Service1.svc - 49474 - ::1 - - 200 0 0 13
2018-03-23 12:16:08 ::1 POST /Service1.svc - 49474 - ::1 - - 200 0 0 20
2018-03-23 12:16:08 ::1 POST /Service1.svc - 49474 - ::1 - - 200 0 0 75
2018-03-23 12:16:16 ::1 POST /Service1.svc - 49474 - ::1 - - 200 0 0 59
2018-03-23 12:16:21 ::1 POST /Service1.svc - 49474 - ::1 - - 200 0 0 19
2018-03-23 12:16:21 ::1 POST /Service1.svc - 49474 - ::1 - - 200 0 0 68
2018-03-23 12:16:42 ::1 POST /Service1.svc - 49474 - ::1 - - 200 0 0 12
2018-03-23 12:16:42 ::1 POST /Service1.svc - 49474 - ::1 - - 200 0 0 16
2018-03-23 12:17:07 ::1 POST /Service1.svc - 49474 - ::1 - - 200 0 0 26
2018-03-23 12:17:07 ::1 POST /Service1.svc - 49474 - ::1 - - 200 0 0 42
2018-03-23 12:18:58 ::1 POST /Service1.svc - 49474 - ::1 - - 200 0 0 42
2018-03-23 12:18:58 ::1 POST /Service1.svc - 49474 - ::1 - - 200 0 0 18
2018-03-23 12:18:58 ::1 POST /Service1.svc - 49474 - ::1 - - 200 0 0 71
2018-03-23 12:19:03 ::1 POST /Service1.svc - 49474 - ::1 - - 200 0 0 16
2018-03-23 12:19:03 ::1 POST /Service1.svc - 49474 - ::1 - - 200 0 0 37
2018-03-23 12:19:03 ::1 POST /Service1.svc - 49474 - ::1 - - 200 0 0 29
2018-03-23 12:19:06 ::1 POST /Service1.svc - 49474 - ::1 - - 200 0 0 22
2018-03-23 12:19:18 ::1 POST /Service1.svc - 49474 - ::1 - - 200 0 0 11
2018-03-23 12:19:18 ::1 POST /Service1.svc - 49474 - ::1 - - 200 0 0 15
2018-03-23 12:19:18 ::1 POST /Service1.svc - 49474 - ::1 - - 200 0 0 13
2018-03-23 12:19:18 ::1 POST /Service1.svc - 49474 - ::1 - - 200 0 0 58
2018-03-23 12:19:18 ::1 POST /Service1.svc - 49474 - ::1 - - 200 0 0 80
2018-03-23 12:19:18 ::1 POST /Service1.svc - 49474 - ::1 - - 200 0 0 87
2018-03-23 12:19:18 ::1 POST /Service1.svc - 49474 - ::1 - - 200 0 0 38
2018-03-23 12:19:29 ::1 POST /Service1.svc - 49474 - ::1 - - 200 0 0 15
2018-03-23 12:19:29 ::1 POST /Service1.svc - 49474 - ::1 - - 200 0 0 40
2018-03-23 12:19:29 ::1 POST /Service1.svc - 49474 - ::1 - - 200 0 0 18
2018-03-23 12:19:29 ::1 POST /Service1.svc - 49474 - ::1 - - 200 0 0 24
2018-03-23 12:19:29 ::1 POST /Service1.svc - 49474 - ::1 - - 200 0 0 17
2018-03-23 12:19:29 ::1 POST /Service1.svc - 49474 - ::1 - - 200 0 0 78
2018-03-23 12:19:29 ::1 POST /Service1.svc - 49474 - ::1 - - 200 0 0 22
2018-03-23 12:20:43 ::1 POST /Service1.svc - 49474 - ::1 - - 200 0 0 24
2018-03-23 12:20:43 ::1 POST /Service1.svc - 49474 - ::1 - - 200 0 0 52
2018-03-23 12:20:57 ::1 POST /Service1.svc - 49474 - ::1 - - 200 0 0 155
2018-03-23 12:20:57 ::1 POST /Service1.svc - 49474 - ::1 - - 200 0 0 102
2018-03-23 12:21:20 ::1 POST /Service1.svc - 49474 - ::1 - - 200 0 0 70
2018-03-23 12:21:20 ::1 POST /Service1.svc - 49474 - ::1 - - 200 0 0 39
2018-03-23 12:27:39 ::1 POST /Service1.svc - 49474 - ::1 - - 200 0 0 179
2018-03-23 12:29:38 ::1 POST /Service1.svc - 49474 - ::1 - - 200 0 0 17
2018-03-23 12:29:38 ::1 POST /Service1.svc - 49474 - ::1 - - 200 0 0 20
2018-03-23 12:31:14 ::1 POST /Service1.svc - 49474 - ::1 - - 200 0 0 28
2018-03-23 12:31:14 ::1 POST /Service1.svc - 49474 - ::1 - - 200 0 0 51
2018-03-23 12:32:33 ::1 POST /Service1.svc - 49474 - ::1 - - 200 0 0 78
