#Software: Microsoft Internet Information Services 10.0
#Version: 1.0
#Date: 2018-08-01 08:14:16
#Fields: date time s-ip cs-method cs-uri-stem cs-uri-query s-port cs-username c-ip cs(User-Agent) cs(Referer) sc-status sc-substatus sc-win32-status time-taken
2018-08-01 08:14:16 ::1 POST /Service1.svc - 49474 - ::1 - - 415 0 0 41530
2018-08-01 08:14:17 ::1 POST /Service1.svc/mex - 49474 - ::1 - - 415 0 0 12
2018-08-01 08:14:25 ::1 GET /Service1.svc - 49474 - ::1 Mozilla/4.0+(compatible;+MSIE+6.0;+MS+Web+Services+Client+Protocol+4.0.30319.42000) - 200 0 0 7198
2018-08-01 08:14:25 ::1 GET /Service1.svc disco 49474 - ::1 Mozilla/4.0+(compatible;+MSIE+6.0;+MS+Web+Services+Client+Protocol+4.0.30319.42000) - 200 0 0 158
2018-08-01 08:14:25 ::1 GET /Service1.svc wsdl 49474 - ::1 Mozilla/4.0+(compatible;+MSIE+6.0;+MS+Web+Services+Client+Protocol+4.0.30319.42000) - 200 0 0 453
2018-08-01 08:14:27 ::1 GET /Service1.svc xsd=xsd0 49474 - ::1 Mozilla/4.0+(compatible;+MSIE+6.0;+MS+Web+Services+Client+Protocol+4.0.30319.42000) - 200 0 0 1745
2018-08-01 08:14:27 ::1 GET /Service1.svc xsd=xsd2 49474 - ::1 Mozilla/4.0+(compatible;+MSIE+6.0;+MS+Web+Services+Client+Protocol+4.0.30319.42000) - 200 0 0 13
2018-08-01 08:14:27 ::1 GET /Service1.svc xsd=xsd3 49474 - ::1 Mozilla/4.0+(compatible;+MSIE+6.0;+MS+Web+Services+Client+Protocol+4.0.30319.42000) - 200 0 0 16
2018-08-01 08:14:27 ::1 GET /Service1.svc xsd=xsd1 49474 - ::1 Mozilla/4.0+(compatible;+MSIE+6.0;+MS+Web+Services+Client+Protocol+4.0.30319.42000) - 200 0 0 13
#Software: Microsoft Internet Information Services 10.0
#Version: 1.0
#Date: 2018-08-01 08:45:57
#Fields: date time s-ip cs-method cs-uri-stem cs-uri-query s-port cs-username c-ip cs(User-Agent) cs(Referer) sc-status sc-substatus sc-win32-status time-taken
2018-08-01 08:45:57 ::1 GET /Service1.svc - 49474 - ::1 Mozilla/4.0+(compatible;+MSIE+6.0;+MS+Web+Services+Client+Protocol+4.0.30319.42000) - 200 0 0 149
2018-08-01 08:45:57 ::1 GET /Service1.svc disco 49474 - ::1 Mozilla/4.0+(compatible;+MSIE+6.0;+MS+Web+Services+Client+Protocol+4.0.30319.42000) - 200 0 0 11
2018-08-01 08:45:57 ::1 GET /Service1.svc wsdl 49474 - ::1 Mozilla/4.0+(compatible;+MSIE+6.0;+MS+Web+Services+Client+Protocol+4.0.30319.42000) - 200 0 0 10
2018-08-01 08:45:57 ::1 GET /Service1.svc/$metadata - 49474 - ::1 Mozilla/4.0+(compatible;+MSIE+6.0;+MS+Web+Services+Client+Protocol+4.0.30319.42000) - 400 0 0 540
2018-08-01 08:45:58 ::1 GET /Service1.svc xsd=xsd0 49474 - ::1 Mozilla/4.0+(compatible;+MSIE+6.0;+MS+Web+Services+Client+Protocol+4.0.30319.42000) - 200 0 0 107
2018-08-01 08:45:58 ::1 GET /Service1.svc xsd=xsd2 49474 - ::1 Mozilla/4.0+(compatible;+MSIE+6.0;+MS+Web+Services+Client+Protocol+4.0.30319.42000) - 200 0 0 69
2018-08-01 08:45:58 ::1 GET /Service1.svc xsd=xsd3 49474 - ::1 Mozilla/4.0+(compatible;+MSIE+6.0;+MS+Web+Services+Client+Protocol+4.0.30319.42000) - 200 0 0 8
2018-08-01 08:45:58 ::1 GET /Service1.svc xsd=xsd1 49474 - ::1 Mozilla/4.0+(compatible;+MSIE+6.0;+MS+Web+Services+Client+Protocol+4.0.30319.42000) - 200 0 0 37
2018-08-01 08:46:13 ::1 POST /Service1.svc - 49474 - ::1 - - 415 0 0 35
2018-08-01 08:46:13 ::1 POST /Service1.svc/mex - 49474 - ::1 - - 415 0 0 39
#Software: Microsoft Internet Information Services 10.0
#Version: 1.0
#Date: 2018-08-01 09:09:19
#Fields: date time s-ip cs-method cs-uri-stem cs-uri-query s-port cs-username c-ip cs(User-Agent) cs(Referer) sc-status sc-substatus sc-win32-status time-taken
2018-08-01 09:09:19 ::1 POST /Service1.svc - 49474 - ::1 - - 200 0 0 4288
2018-08-01 09:09:19 ::1 POST /Service1.svc - 49474 - ::1 - - 200 0 0 207
2018-08-01 09:09:20 ::1 POST /Service1.svc - 49474 - ::1 - - 200 0 0 486
2018-08-01 09:09:20 ::1 POST /Service1.svc - 49474 - ::1 - - 200 0 0 490
2018-08-01 09:09:27 ::1 POST /Service1.svc - 49474 - ::1 - - 200 0 0 39
2018-08-01 09:09:27 ::1 POST /Service1.svc - 49474 - ::1 - - 200 0 0 97
2018-08-01 09:09:27 ::1 POST /Service1.svc - 49474 - ::1 - - 200 0 0 96
2018-08-01 09:09:27 ::1 POST /Service1.svc - 49474 - ::1 - - 200 0 0 50
2018-08-01 09:09:29 ::1 POST /Service1.svc - 49474 - ::1 - - 200 0 0 468
2018-08-01 09:09:29 ::1 POST /Service1.svc - 49474 - ::1 - - 200 0 0 419
2018-08-01 09:09:29 ::1 POST /Service1.svc - 49474 - ::1 - - 200 0 0 82
2018-08-01 09:09:29 ::1 POST /Service1.svc - 49474 - ::1 - - 200 0 0 195
2018-08-01 09:09:29 ::1 POST /Service1.svc - 49474 - ::1 - - 200 0 0 240
2018-08-01 09:09:30 ::1 POST /Service1.svc - 49474 - ::1 - - 200 0 0 154
2018-08-01 09:09:30 ::1 POST /Service1.svc - 49474 - ::1 - - 200 0 0 501
2018-08-01 09:09:30 ::1 POST /Service1.svc - 49474 - ::1 - - 200 0 0 48
2018-08-01 09:09:30 ::1 POST /Service1.svc - 49474 - ::1 - - 200 0 0 57
2018-08-01 09:09:30 ::1 POST /Service1.svc - 49474 - ::1 - - 200 0 0 224
2018-08-01 09:09:31 ::1 POST /Service1.svc - 49474 - ::1 - - 200 0 0 249
2018-08-01 09:09:31 ::1 POST /Service1.svc - 49474 - ::1 - - 200 0 0 57
2018-08-01 09:09:31 ::1 POST /Service1.svc - 49474 - ::1 - - 200 0 0 635
2018-08-01 09:09:31 ::1 POST /Service1.svc - 49474 - ::1 - - 200 0 0 199
2018-08-01 09:09:31 ::1 POST /Service1.svc - 49474 - ::1 - - 200 0 0 27
2018-08-01 09:09:34 ::1 POST /Service1.svc - 49474 - ::1 - - 200 0 0 31
2018-08-01 09:09:34 ::1 POST /Service1.svc - 49474 - ::1 - - 200 0 0 15
2018-08-01 09:09:34 ::1 POST /Service1.svc - 49474 - ::1 - - 200 0 0 27
2018-08-01 09:09:34 ::1 POST /Service1.svc - 49474 - ::1 - - 200 0 0 156
2018-08-01 09:09:34 ::1 POST /Service1.svc - 49474 - ::1 - - 200 0 0 56
2018-08-01 09:09:34 ::1 POST /Service1.svc - 49474 - ::1 - - 200 0 0 17
2018-08-01 09:09:34 ::1 POST /Service1.svc - 49474 - ::1 - - 200 0 0 20
2018-08-01 09:09:34 ::1 POST /Service1.svc - 49474 - ::1 - - 200 0 0 201
2018-08-01 09:09:35 ::1 POST /Service1.svc - 49474 - ::1 - - 200 0 0 270
2018-08-01 09:09:35 ::1 POST /Service1.svc - 49474 - ::1 - - 200 0 0 190
2018-08-01 09:09:35 ::1 POST /Service1.svc - 49474 - ::1 - - 200 0 0 535
2018-08-01 09:09:35 ::1 POST /Service1.svc - 49474 - ::1 - - 200 0 0 208
2018-08-01 09:09:36 ::1 POST /Service1.svc - 49474 - ::1 - - 200 0 0 215
2018-08-01 09:09:44 ::1 POST /Service1.svc - 49474 - ::1 - - 200 0 0 123
2018-08-01 09:09:44 ::1 POST /Service1.svc - 49474 - ::1 - - 200 0 0 24
2018-08-01 09:09:44 ::1 POST /Service1.svc - 49474 - ::1 - - 200 0 0 89
2018-08-01 09:09:44 ::1 POST /Service1.svc - 49474 - ::1 - - 200 0 0 398
2018-08-01 09:09:46 ::1 POST /Service1.svc - 49474 - ::1 - - 200 0 0 280
2018-08-01 09:09:46 ::1 POST /Service1.svc - 49474 - ::1 - - 200 0 0 201
2018-08-01 09:09:46 ::1 POST /Service1.svc - 49474 - ::1 - - 200 0 0 300
2018-08-01 09:09:46 ::1 POST /Service1.svc - 49474 - ::1 - - 200 0 0 128
2018-08-01 09:09:46 ::1 POST /Service1.svc - 49474 - ::1 - - 200 0 0 292
2018-08-01 09:09:47 ::1 POST /Service1.svc - 49474 - ::1 - - 200 0 0 196
2018-08-01 09:09:57 ::1 POST /Service1.svc - 49474 - ::1 - - 200 0 0 53
2018-08-01 09:09:57 ::1 POST /Service1.svc - 49474 - ::1 - - 200 0 0 28
2018-08-01 09:09:57 ::1 POST /Service1.svc - 49474 - ::1 - - 200 0 0 134
2018-08-01 09:09:58 ::1 POST /Service1.svc - 49474 - ::1 - - 200 0 0 61
2018-08-01 09:09:58 ::1 POST /Service1.svc - 49474 - ::1 - - 200 0 0 100
2018-08-01 09:09:58 ::1 POST /Service1.svc - 49474 - ::1 - - 200 0 0 93
2018-08-01 09:10:01 ::1 POST /Service1.svc - 49474 - ::1 - - 200 0 0 74
2018-08-01 09:10:44 ::1 POST /Service1.svc - 49474 - ::1 - - 200 0 0 140
2018-08-01 09:10:44 ::1 POST /Service1.svc - 49474 - ::1 - - 200 0 0 59
2018-08-01 09:11:29 ::1 POST /Service1.svc - 49474 - ::1 - - 200 0 0 50
2018-08-01 09:11:29 ::1 POST /Service1.svc - 49474 - ::1 - - 200 0 0 69
2018-08-01 09:11:29 ::1 POST /Service1.svc - 49474 - ::1 - - 200 0 0 39
2018-08-01 09:11:29 ::1 POST /Service1.svc - 49474 - ::1 - - 200 0 0 89
2018-08-01 09:11:29 ::1 POST /Service1.svc - 49474 - ::1 - - 200 0 0 261
2018-08-01 09:11:30 ::1 POST /Service1.svc - 49474 - ::1 - - 200 0 0 668
2018-08-01 09:11:30 ::1 POST /Service1.svc - 49474 - ::1 - - 200 0 0 333
2018-08-01 09:11:30 ::1 POST /Service1.svc - 49474 - ::1 - - 200 0 0 351
2018-08-01 09:11:30 ::1 POST /Service1.svc - 49474 - ::1 - - 200 0 0 152
2018-08-01 09:11:30 ::1 POST /Service1.svc - 49474 - ::1 - - 200 0 0 50
2018-08-01 09:11:31 ::1 POST /Service1.svc - 49474 - ::1 - - 200 0 0 188
2018-08-01 09:11:31 ::1 POST /Service1.svc - 49474 - ::1 - - 200 0 0 126
2018-08-01 09:11:31 ::1 POST /Service1.svc - 49474 - ::1 - - 200 0 0 44
2018-08-01 09:11:31 ::1 POST /Service1.svc - 49474 - ::1 - - 200 0 0 169
2018-08-01 09:11:31 ::1 POST /Service1.svc - 49474 - ::1 - - 200 0 0 38
2018-08-01 09:11:31 ::1 POST /Service1.svc - 49474 - ::1 - - 200 0 0 47
2018-08-01 09:11:31 ::1 POST /Service1.svc - 49474 - ::1 - - 200 0 0 561
2018-08-01 09:11:33 ::1 POST /Service1.svc - 49474 - ::1 - - 200 0 0 328
2018-08-01 09:11:33 ::1 POST /Service1.svc - 49474 - ::1 - - 200 0 0 282
2018-08-01 09:11:36 ::1 POST /Service1.svc - 49474 - ::1 - - 200 0 0 59
2018-08-01 09:11:36 ::1 POST /Service1.svc - 49474 - ::1 - - 200 0 0 144
2018-08-01 09:11:36 ::1 POST /Service1.svc - 49474 - ::1 - - 200 0 0 29
2018-08-01 09:11:36 ::1 POST /Service1.svc - 49474 - ::1 - - 200 0 0 83
2018-08-01 09:16:22 ::1 POST /Service1.svc - 49474 - ::1 - - 200 0 0 392
2018-08-01 09:16:22 ::1 POST /Service1.svc - 49474 - ::1 - - 200 0 0 47
2018-08-01 09:16:22 ::1 POST /Service1.svc - 49474 - ::1 - - 200 0 0 164
2018-08-01 09:16:22 ::1 POST /Service1.svc - 49474 - ::1 - - 200 0 0 69
2018-08-01 09:17:29 ::1 POST /Service1.svc - 49474 - ::1 - - 200 0 0 80
2018-08-01 09:17:29 ::1 POST /Service1.svc - 49474 - ::1 - - 200 0 0 79
2018-08-01 09:17:29 ::1 POST /Service1.svc - 49474 - ::1 - - 200 0 0 18
2018-08-01 09:17:29 ::1 POST /Service1.svc - 49474 - ::1 - - 200 0 0 50
2018-08-01 09:17:29 ::1 POST /Service1.svc - 49474 - ::1 - - 200 0 0 286
2018-08-01 09:17:29 ::1 POST /Service1.svc - 49474 - ::1 - - 200 0 0 119
2018-08-01 09:17:29 ::1 POST /Service1.svc - 49474 - ::1 - - 200 0 0 78
2018-08-01 09:17:30 ::1 POST /Service1.svc - 49474 - ::1 - - 200 0 0 114
2018-08-01 09:17:30 ::1 POST /Service1.svc - 49474 - ::1 - - 200 0 0 132
2018-08-01 09:17:30 ::1 POST /Service1.svc - 49474 - ::1 - - 200 0 0 170
2018-08-01 09:17:30 ::1 POST /Service1.svc - 49474 - ::1 - - 200 0 0 121
2018-08-01 09:17:30 ::1 POST /Service1.svc - 49474 - ::1 - - 200 0 0 124
2018-08-01 09:17:30 ::1 POST /Service1.svc - 49474 - ::1 - - 200 0 0 125
2018-08-01 09:17:30 ::1 POST /Service1.svc - 49474 - ::1 - - 200 0 0 250
2018-08-01 09:17:30 ::1 POST /Service1.svc - 49474 - ::1 - - 200 0 0 58
2018-08-01 09:17:31 ::1 POST /Service1.svc - 49474 - ::1 - - 200 0 0 38
2018-08-01 09:17:31 ::1 POST /Service1.svc - 49474 - ::1 - - 200 0 0 184
2018-08-01 09:17:31 ::1 POST /Service1.svc - 49474 - ::1 - - 200 0 0 73
2018-08-01 09:17:31 ::1 POST /Service1.svc - 49474 - ::1 - - 200 0 0 208
2018-08-01 09:17:33 ::1 POST /Service1.svc - 49474 - ::1 - - 200 0 0 359
2018-08-01 09:17:33 ::1 POST /Service1.svc - 49474 - ::1 - - 200 0 0 41
2018-08-01 09:17:33 ::1 POST /Service1.svc - 49474 - ::1 - - 200 0 0 25
2018-08-01 09:17:33 ::1 POST /Service1.svc - 49474 - ::1 - - 200 0 0 42
2018-08-01 09:17:33 ::1 POST /Service1.svc - 49474 - ::1 - - 200 0 0 334
2018-08-01 09:17:33 ::1 POST /Service1.svc - 49474 - ::1 - - 200 0 0 137
2018-08-01 09:17:33 ::1 POST /Service1.svc - 49474 - ::1 - - 200 0 0 82
2018-08-01 09:17:33 ::1 POST /Service1.svc - 49474 - ::1 - - 200 0 0 157
2018-08-01 09:17:34 ::1 POST /Service1.svc - 49474 - ::1 - - 200 0 0 163
2018-08-01 09:17:34 ::1 POST /Service1.svc - 49474 - ::1 - - 200 0 0 51
2018-08-01 09:17:34 ::1 POST /Service1.svc - 49474 - ::1 - - 200 0 0 75
2018-08-01 09:17:34 ::1 POST /Service1.svc - 49474 - ::1 - - 200 0 0 43
2018-08-01 09:17:34 ::1 POST /Service1.svc - 49474 - ::1 - - 200 0 0 547
2018-08-01 09:17:40 ::1 POST /Service1.svc - 49474 - ::1 - - 200 0 0 85
2018-08-01 09:17:40 ::1 POST /Service1.svc - 49474 - ::1 - - 200 0 0 28
2018-08-01 09:17:40 ::1 POST /Service1.svc - 49474 - ::1 - - 200 0 0 102
2018-08-01 09:17:40 ::1 POST /Service1.svc - 49474 - ::1 - - 200 0 0 42
2018-08-01 09:17:40 ::1 POST /Service1.svc - 49474 - ::1 - - 200 0 0 151
2018-08-01 09:17:40 ::1 POST /Service1.svc - 49474 - ::1 - - 200 0 0 66
2018-08-01 09:17:40 ::1 POST /Service1.svc - 49474 - ::1 - - 200 0 0 82
2018-08-01 09:17:41 ::1 POST /Service1.svc - 49474 - ::1 - - 200 0 0 257
2018-08-01 09:17:41 ::1 POST /Service1.svc - 49474 - ::1 - - 200 0 0 130
2018-08-01 09:17:41 ::1 POST /Service1.svc - 49474 - ::1 - - 200 0 0 59
2018-08-01 09:17:58 ::1 POST /Service1.svc - 49474 - ::1 - - 200 0 0 210
2018-08-01 09:17:58 ::1 POST /Service1.svc - 49474 - ::1 - - 200 0 0 25
2018-08-01 09:17:58 ::1 POST /Service1.svc - 49474 - ::1 - - 200 0 0 32
2018-08-01 09:17:58 ::1 POST /Service1.svc - 49474 - ::1 - - 200 0 0 196
2018-08-01 09:17:58 ::1 POST /Service1.svc - 49474 - ::1 - - 200 0 0 341
2018-08-01 09:17:59 ::1 POST /Service1.svc - 49474 - ::1 - - 200 0 0 629
2018-08-01 09:17:59 ::1 POST /Service1.svc - 49474 - ::1 - - 200 0 0 116
2018-08-01 09:17:59 ::1 POST /Service1.svc - 49474 - ::1 - - 200 0 0 153
2018-08-01 09:17:59 ::1 POST /Service1.svc - 49474 - ::1 - - 200 0 0 38
2018-08-01 09:17:59 ::1 POST /Service1.svc - 49474 - ::1 - - 200 0 0 31
2018-08-01 09:17:59 ::1 POST /Service1.svc - 49474 - ::1 - - 200 0 0 82
2018-08-01 09:17:59 ::1 POST /Service1.svc - 49474 - ::1 - - 200 0 0 52
2018-08-01 09:17:59 ::1 POST /Service1.svc - 49474 - ::1 - - 200 0 0 129
2018-08-01 09:17:59 ::1 POST /Service1.svc - 49474 - ::1 - - 200 0 0 295
2018-08-01 09:17:59 ::1 POST /Service1.svc - 49474 - ::1 - - 200 0 0 48
2018-08-01 09:18:00 ::1 POST /Service1.svc - 49474 - ::1 - - 200 0 0 20
2018-08-01 09:18:00 ::1 POST /Service1.svc - 49474 - ::1 - - 200 0 0 41
2018-08-01 09:18:00 ::1 POST /Service1.svc - 49474 - ::1 - - 200 0 0 123
2018-08-01 09:18:00 ::1 POST /Service1.svc - 49474 - ::1 - - 200 0 0 36
2018-08-01 09:18:01 ::1 POST /Service1.svc - 49474 - ::1 - - 200 0 0 26
2018-08-01 09:18:01 ::1 POST /Service1.svc - 49474 - ::1 - - 200 0 0 28
2018-08-01 09:18:01 ::1 POST /Service1.svc - 49474 - ::1 - - 200 0 0 71
2018-08-01 09:18:01 ::1 POST /Service1.svc - 49474 - ::1 - - 200 0 0 279
2018-08-01 09:20:53 ::1 POST /Service1.svc - 49474 - ::1 - - 200 0 0 40
2018-08-01 09:20:53 ::1 POST /Service1.svc - 49474 - ::1 - - 200 0 0 33
2018-08-01 09:20:53 ::1 POST /Service1.svc - 49474 - ::1 - - 200 0 0 56
2018-08-01 09:20:53 ::1 POST /Service1.svc - 49474 - ::1 - - 200 0 0 251
2018-08-01 09:21:04 ::1 POST /Service1.svc - 49474 - ::1 - - 200 0 0 96
2018-08-01 09:21:04 ::1 POST /Service1.svc - 49474 - ::1 - - 200 0 0 68
2018-08-01 09:21:04 ::1 POST /Service1.svc - 49474 - ::1 - - 200 0 0 26
2018-08-01 09:21:04 ::1 POST /Service1.svc - 49474 - ::1 - - 200 0 0 79
2018-08-01 09:21:04 ::1 POST /Service1.svc - 49474 - ::1 - - 200 0 0 216
2018-08-01 09:21:07 ::1 POST /Service1.svc - 49474 - ::1 - - 200 0 0 32
2018-08-01 09:21:07 ::1 POST /Service1.svc - 49474 - ::1 - - 200 0 0 178
2018-08-01 09:21:07 ::1 POST /Service1.svc - 49474 - ::1 - - 200 0 0 24
2018-08-01 09:21:07 ::1 POST /Service1.svc - 49474 - ::1 - - 200 0 0 45
2018-08-01 09:21:07 ::1 POST /Service1.svc - 49474 - ::1 - - 200 0 0 171
2018-08-01 09:21:07 ::1 POST /Service1.svc - 49474 - ::1 - - 200 0 0 43
2018-08-01 09:21:07 ::1 POST /Service1.svc - 49474 - ::1 - - 200 0 0 257
2018-08-01 09:21:08 ::1 POST /Service1.svc - 49474 - ::1 - - 200 0 0 634
2018-08-01 09:21:49 ::1 POST /Service1.svc - 49474 - ::1 - - 200 0 0 863
2018-08-01 09:21:49 ::1 POST /Service1.svc - 49474 - ::1 - - 200 0 0 447
2018-08-01 09:22:18 ::1 POST /Service1.svc - 49474 - ::1 - - 200 0 0 208
2018-08-01 09:22:21 ::1 POST /Service1.svc - 49474 - ::1 - - 200 0 0 16
2018-08-01 09:22:21 ::1 POST /Service1.svc - 49474 - ::1 - - 200 0 0 73
2018-08-01 09:22:21 ::1 POST /Service1.svc - 49474 - ::1 - - 200 0 0 78
2018-08-01 09:22:21 ::1 POST /Service1.svc - 49474 - ::1 - - 200 0 0 109
2018-08-01 09:26:20 ::1 POST /Service1.svc - 49474 - ::1 - - 200 0 0 236
2018-08-01 09:26:20 ::1 POST /Service1.svc - 49474 - ::1 - - 200 0 0 127
2018-08-01 09:26:24 ::1 POST /Service1.svc - 49474 - ::1 - - 200 0 0 274
2018-08-01 09:26:26 ::1 POST /Service1.svc - 49474 - ::1 - - 200 0 0 83
2018-08-01 09:26:26 ::1 POST /Service1.svc - 49474 - ::1 - - 200 0 0 18
2018-08-01 09:26:26 ::1 POST /Service1.svc - 49474 - ::1 - - 200 0 0 18
2018-08-01 09:26:26 ::1 POST /Service1.svc - 49474 - ::1 - - 200 0 0 84
2018-08-01 09:26:50 ::1 POST /Service1.svc - 49474 - ::1 - - 200 0 0 76
2018-08-01 09:26:50 ::1 POST /Service1.svc - 49474 - ::1 - - 200 0 0 59
2018-08-01 09:26:53 ::1 POST /Service1.svc - 49474 - ::1 - - 200 0 0 510
2018-08-01 09:26:57 ::1 POST /Service1.svc - 49474 - ::1 - - 200 0 0 120
2018-08-01 09:26:57 ::1 POST /Service1.svc - 49474 - ::1 - - 200 0 0 44
2018-08-01 09:26:57 ::1 POST /Service1.svc - 49474 - ::1 - - 200 0 0 159
2018-08-01 09:26:57 ::1 POST /Service1.svc - 49474 - ::1 - - 200 0 0 63
2018-08-01 09:27:00 ::1 POST /Service1.svc - 49474 - ::1 - - 200 0 0 15
2018-08-01 09:27:00 ::1 POST /Service1.svc - 49474 - ::1 - - 200 0 0 75
2018-08-01 09:27:00 ::1 POST /Service1.svc - 49474 - ::1 - - 200 0 0 41
2018-08-01 09:27:00 ::1 POST /Service1.svc - 49474 - ::1 - - 200 0 0 39
2018-08-01 09:27:00 ::1 POST /Service1.svc - 49474 - ::1 - - 200 0 0 67
2018-08-01 09:27:00 ::1 POST /Service1.svc - 49474 - ::1 - - 200 0 0 213
2018-08-01 09:27:00 ::1 POST /Service1.svc - 49474 - ::1 - - 200 0 0 229
2018-08-01 09:27:00 ::1 POST /Service1.svc - 49474 - ::1 - - 200 0 0 79
2018-08-01 09:27:00 ::1 POST /Service1.svc - 49474 - ::1 - - 200 0 0 25
2018-08-01 09:27:02 ::1 POST /Service1.svc - 49474 - ::1 - - 200 0 0 192
2018-08-01 09:27:02 ::1 POST /Service1.svc - 49474 - ::1 - - 200 0 0 233
2018-08-01 09:27:02 ::1 POST /Service1.svc - 49474 - ::1 - - 200 0 0 175
2018-08-01 09:27:02 ::1 POST /Service1.svc - 49474 - ::1 - - 200 0 0 132
2018-08-01 09:27:02 ::1 POST /Service1.svc - 49474 - ::1 - - 200 0 0 83
2018-08-01 09:27:02 ::1 POST /Service1.svc - 49474 - ::1 - - 200 0 0 178
2018-08-01 09:27:03 ::1 POST /Service1.svc - 49474 - ::1 - - 200 0 0 232
2018-08-01 09:27:03 ::1 POST /Service1.svc - 49474 - ::1 - - 200 0 0 71
2018-08-01 09:27:03 ::1 POST /Service1.svc - 49474 - ::1 - - 200 0 0 115
2018-08-01 09:27:03 ::1 POST /Service1.svc - 49474 - ::1 - - 200 0 0 119
2018-08-01 09:27:04 ::1 POST /Service1.svc - 49474 - ::1 - - 200 0 0 138
2018-08-01 09:27:04 ::1 POST /Service1.svc - 49474 - ::1 - - 200 0 0 179
2018-08-01 09:27:04 ::1 POST /Service1.svc - 49474 - ::1 - - 200 0 0 232
2018-08-01 09:27:04 ::1 POST /Service1.svc - 49474 - ::1 - - 200 0 0 143
2018-08-01 09:27:04 ::1 POST /Service1.svc - 49474 - ::1 - - 200 0 0 154
2018-08-01 09:27:04 ::1 POST /Service1.svc - 49474 - ::1 - - 200 0 0 32
2018-08-01 09:27:04 ::1 POST /Service1.svc - 49474 - ::1 - - 200 0 0 49
2018-08-01 09:27:04 ::1 POST /Service1.svc - 49474 - ::1 - - 200 0 0 152
2018-08-01 09:27:06 ::1 POST /Service1.svc - 49474 - ::1 - - 200 0 0 169
2018-08-01 09:27:06 ::1 POST /Service1.svc - 49474 - ::1 - - 200 0 0 76
2018-08-01 09:27:06 ::1 POST /Service1.svc - 49474 - ::1 - - 200 0 0 46
2018-08-01 09:27:06 ::1 POST /Service1.svc - 49474 - ::1 - - 200 0 0 333
2018-08-01 09:27:06 ::1 POST /Service1.svc - 49474 - ::1 - - 200 0 0 280
2018-08-01 09:27:18 ::1 POST /Service1.svc - 49474 - ::1 - - 200 0 0 132
2018-08-01 09:27:18 ::1 POST /Service1.svc - 49474 - ::1 - - 200 0 0 178
2018-08-01 09:27:18 ::1 POST /Service1.svc - 49474 - ::1 - - 200 0 0 34
2018-08-01 09:27:18 ::1 POST /Service1.svc - 49474 - ::1 - - 200 0 0 50
2018-08-01 09:27:18 ::1 POST /Service1.svc - 49474 - ::1 - - 200 0 0 85
2018-08-01 09:27:18 ::1 POST /Service1.svc - 49474 - ::1 - - 200 0 0 283
2018-08-01 09:27:18 ::1 POST /Service1.svc - 49474 - ::1 - - 200 0 0 230
2018-08-01 09:27:19 ::1 POST /Service1.svc - 49474 - ::1 - - 200 0 0 50
2018-08-01 09:27:19 ::1 POST /Service1.svc - 49474 - ::1 - - 200 0 0 55
2018-08-01 09:27:19 ::1 POST /Service1.svc - 49474 - ::1 - - 200 0 0 150
2018-08-01 09:27:19 ::1 POST /Service1.svc - 49474 - ::1 - - 200 0 0 58
2018-08-01 09:27:19 ::1 POST /Service1.svc - 49474 - ::1 - - 200 0 0 181
2018-08-01 09:27:19 ::1 POST /Service1.svc - 49474 - ::1 - - 200 0 0 169
2018-08-01 09:27:19 ::1 POST /Service1.svc - 49474 - ::1 - - 200 0 0 185
2018-08-01 09:27:19 ::1 POST /Service1.svc - 49474 - ::1 - - 200 0 0 93
2018-08-01 09:27:20 ::1 POST /Service1.svc - 49474 - ::1 - - 200 0 0 194
2018-08-01 09:27:20 ::1 POST /Service1.svc - 49474 - ::1 - - 200 0 0 89
2018-08-01 09:27:20 ::1 POST /Service1.svc - 49474 - ::1 - - 200 0 0 69
2018-08-01 09:27:20 ::1 POST /Service1.svc - 49474 - ::1 - - 200 0 0 135
2018-08-01 09:27:23 ::1 POST /Service1.svc - 49474 - ::1 - - 200 0 0 157
2018-08-01 09:27:23 ::1 POST /Service1.svc - 49474 - ::1 - - 200 0 0 118
2018-08-01 09:27:23 ::1 POST /Service1.svc - 49474 - ::1 - - 200 0 0 24
2018-08-01 09:27:23 ::1 POST /Service1.svc - 49474 - ::1 - - 200 0 0 80
2018-08-01 09:28:34 ::1 POST /Service1.svc - 49474 - ::1 - - 200 0 0 447
2018-08-01 09:28:34 ::1 POST /Service1.svc - 49474 - ::1 - - 200 0 0 120
2018-08-01 09:28:34 ::1 POST /Service1.svc - 49474 - ::1 - - 200 0 0 20
2018-08-01 09:28:34 ::1 POST /Service1.svc - 49474 - ::1 - - 200 0 0 90
2018-08-01 09:28:37 ::1 POST /Service1.svc - 49474 - ::1 - - 200 0 0 24
2018-08-01 09:28:37 ::1 POST /Service1.svc - 49474 - ::1 - - 200 0 0 12
2018-08-01 09:28:37 ::1 POST /Service1.svc - 49474 - ::1 - - 200 0 0 27
2018-08-01 09:28:37 ::1 POST /Service1.svc - 49474 - ::1 - - 200 0 0 63
2018-08-01 09:28:37 ::1 POST /Service1.svc - 49474 - ::1 - - 200 0 0 149
2018-08-01 09:29:14 ::1 POST /Service1.svc - 49474 - ::1 - - 200 0 0 261
2018-08-01 09:29:22 ::1 POST /Service1.svc - 49474 - ::1 - - 200 0 0 94
2018-08-01 09:29:26 ::1 POST /Service1.svc - 49474 - ::1 - - 200 0 0 118
2018-08-01 09:29:34 ::1 POST /Service1.svc - 49474 - ::1 - - 200 0 0 160
2018-08-01 09:30:14 ::1 POST /Service1.svc - 49474 - ::1 - - 200 0 0 113
2018-08-01 09:30:20 ::1 POST /Service1.svc - 49474 - ::1 - - 200 0 0 65
2018-08-01 09:30:25 ::1 POST /Service1.svc - 49474 - ::1 - - 200 0 0 102
2018-08-01 09:30:33 ::1 POST /Service1.svc - 49474 - ::1 - - 200 0 0 120
2018-08-01 09:31:19 ::1 POST /Service1.svc - 49474 - ::1 - - 200 0 0 60
2018-08-01 09:31:29 ::1 POST /Service1.svc - 49474 - ::1 - - 200 0 0 48
2018-08-01 09:31:33 ::1 POST /Service1.svc - 49474 - ::1 - - 200 0 0 179
2018-08-01 09:32:43 ::1 POST /Service1.svc - 49474 - ::1 - - 200 0 0 66
2018-08-01 09:32:43 ::1 POST /Service1.svc - 49474 - ::1 - - 200 0 0 54
2018-08-01 09:32:43 ::1 POST /Service1.svc - 49474 - ::1 - - 200 0 0 18
2018-08-01 09:32:43 ::1 POST /Service1.svc - 49474 - ::1 - - 200 0 0 23
2018-08-01 09:32:43 ::1 POST /Service1.svc - 49474 - ::1 - - 200 0 0 16
2018-08-01 09:32:43 ::1 POST /Service1.svc - 49474 - ::1 - - 200 0 0 18
2018-08-01 09:32:43 ::1 POST /Service1.svc - 49474 - ::1 - - 200 0 0 35
2018-08-01 09:32:43 ::1 POST /Service1.svc - 49474 - ::1 - - 200 0 0 121
2018-08-01 09:32:45 ::1 POST /Service1.svc - 49474 - ::1 - - 200 0 0 96
2018-08-01 09:32:45 ::1 POST /Service1.svc - 49474 - ::1 - - 200 0 0 74
2018-08-01 09:32:48 ::1 POST /Service1.svc - 49474 - ::1 - - 200 0 0 143
2018-08-01 09:32:54 ::1 POST /Service1.svc - 49474 - ::1 - - 200 0 0 109
2018-08-01 09:32:54 ::1 POST /Service1.svc - 49474 - ::1 - - 200 0 0 84
2018-08-01 09:32:54 ::1 POST /Service1.svc - 49474 - ::1 - - 200 0 0 136
2018-08-01 09:32:54 ::1 POST /Service1.svc - 49474 - ::1 - - 200 0 0 93
2018-08-01 09:32:57 ::1 POST /Service1.svc - 49474 - ::1 - - 200 0 0 39
2018-08-01 09:32:57 ::1 POST /Service1.svc - 49474 - ::1 - - 200 0 0 29
2018-08-01 09:32:57 ::1 POST /Service1.svc - 49474 - ::1 - - 200 0 0 22
2018-08-01 09:32:57 ::1 POST /Service1.svc - 49474 - ::1 - - 200 0 0 31
2018-08-01 09:32:57 ::1 POST /Service1.svc - 49474 - ::1 - - 200 0 0 52
2018-08-01 09:32:57 ::1 POST /Service1.svc - 49474 - ::1 - - 200 0 0 90
2018-08-01 09:32:57 ::1 POST /Service1.svc - 49474 - ::1 - - 200 0 0 33
2018-08-01 09:32:57 ::1 POST /Service1.svc - 49474 - ::1 - - 200 0 0 40
2018-08-01 09:32:57 ::1 POST /Service1.svc - 49474 - ::1 - - 200 0 0 80
2018-08-01 09:32:57 ::1 POST /Service1.svc - 49474 - ::1 - - 200 0 0 64
2018-08-01 09:32:57 ::1 POST /Service1.svc - 49474 - ::1 - - 200 0 0 27
2018-08-01 09:32:57 ::1 POST /Service1.svc - 49474 - ::1 - - 200 0 0 71
2018-08-01 09:32:57 ::1 POST /Service1.svc - 49474 - ::1 - - 200 0 0 143
2018-08-01 09:32:57 ::1 POST /Service1.svc - 49474 - ::1 - - 200 0 0 32
2018-08-01 09:32:58 ::1 POST /Service1.svc - 49474 - ::1 - - 200 0 0 228
2018-08-01 09:32:58 ::1 POST /Service1.svc - 49474 - ::1 - - 200 0 0 41
2018-08-01 09:32:58 ::1 POST /Service1.svc - 49474 - ::1 - - 200 0 0 34
2018-08-01 09:32:58 ::1 POST /Service1.svc - 49474 - ::1 - - 200 0 0 23
2018-08-01 09:32:58 ::1 POST /Service1.svc - 49474 - ::1 - - 200 0 0 30
2018-08-01 09:33:33 ::1 POST /Service1.svc - 49474 - ::1 - - 200 0 0 199
2018-08-01 09:33:45 ::1 POST /Service1.svc - 49474 - ::1 - - 200 0 0 106
2018-08-01 09:33:51 ::1 POST /Service1.svc - 49474 - ::1 - - 200 0 0 83
2018-08-01 09:33:58 ::1 POST /Service1.svc - 49474 - ::1 - - 200 0 0 112
2018-08-01 09:34:52 ::1 POST /Service1.svc - 49474 - ::1 - - 200 0 0 163
2018-08-01 09:35:05 ::1 POST /Service1.svc - 49474 - ::1 - - 200 0 0 156
2018-08-01 09:35:13 ::1 POST /Service1.svc - 49474 - ::1 - - 200 0 0 74
2018-08-01 09:35:22 ::1 POST /Service1.svc - 49474 - ::1 - - 200 0 0 145
#Software: Microsoft Internet Information Services 10.0
#Version: 1.0
#Date: 2018-08-01 09:58:13
#Fields: date time s-ip cs-method cs-uri-stem cs-uri-query s-port cs-username c-ip cs(User-Agent) cs(Referer) sc-status sc-substatus sc-win32-status time-taken
2018-08-01 09:58:13 ::1 POST /Service1.svc - 49474 - ::1 - - 200 0 0 774
2018-08-01 09:58:13 ::1 POST /Service1.svc - 49474 - ::1 - - 200 0 0 82
2018-08-01 09:58:13 ::1 POST /Service1.svc - 49474 - ::1 - - 200 0 0 166
2018-08-01 09:58:13 ::1 POST /Service1.svc - 49474 - ::1 - - 200 0 0 271
2018-08-01 09:58:20 ::1 POST /Service1.svc - 49474 - ::1 - - 200 0 0 177
2018-08-01 09:58:20 ::1 POST /Service1.svc - 49474 - ::1 - - 200 0 0 828
2018-08-01 09:58:21 ::1 POST /Service1.svc - 49474 - ::1 - - 200 0 0 315
2018-08-01 09:58:21 ::1 POST /Service1.svc - 49474 - ::1 - - 200 0 0 552
2018-08-01 09:58:23 ::1 POST /Service1.svc - 49474 - ::1 - - 200 0 0 238
2018-08-01 09:58:23 ::1 POST /Service1.svc - 49474 - ::1 - - 200 0 0 759
2018-08-01 09:58:25 ::1 POST /Service1.svc - 49474 - ::1 - - 200 0 0 1028
2018-08-01 09:58:25 ::1 POST /Service1.svc - 49474 - ::1 - - 200 0 0 982
2018-08-01 09:58:27 ::1 POST /Service1.svc - 49474 - ::1 - - 200 0 0 912
2018-08-01 09:58:28 ::1 POST /Service1.svc - 49474 - ::1 - - 200 0 0 1104
2018-08-01 09:58:29 ::1 POST /Service1.svc - 49474 - ::1 - - 200 0 0 1550
2018-08-01 09:58:29 ::1 POST /Service1.svc - 49474 - ::1 - - 200 0 0 113
2018-08-01 09:58:30 ::1 POST /Service1.svc - 49474 - ::1 - - 200 0 0 1036
2018-08-01 09:58:30 ::1 POST /Service1.svc - 49474 - ::1 - - 200 0 0 879
2018-08-01 09:58:32 ::1 POST /Service1.svc - 49474 - ::1 - - 200 0 0 845
2018-08-01 09:58:32 ::1 POST /Service1.svc - 49474 - ::1 - - 200 0 0 76
2018-08-01 09:58:32 ::1 POST /Service1.svc - 49474 - ::1 - - 200 0 0 511
2018-08-01 09:58:33 ::1 POST /Service1.svc - 49474 - ::1 - - 200 0 0 522
2018-08-01 09:58:34 ::1 POST /Service1.svc - 49474 - ::1 - - 200 0 0 1089
2018-08-01 09:58:41 ::1 POST /Service1.svc - 49474 - ::1 - - 200 0 0 1473
2018-08-01 09:58:41 ::1 POST /Service1.svc - 49474 - ::1 - - 200 0 0 718
2018-08-01 09:58:41 ::1 POST /Service1.svc - 49474 - ::1 - - 200 0 0 277
2018-08-01 09:58:43 ::1 POST /Service1.svc - 49474 - ::1 - - 200 0 0 1185
2018-08-01 09:58:53 ::1 POST /Service1.svc - 49474 - ::1 - - 200 0 0 1029
2018-08-01 09:58:53 ::1 POST /Service1.svc - 49474 - ::1 - - 200 0 0 629
2018-08-01 09:58:54 ::1 POST /Service1.svc - 49474 - ::1 - - 200 0 0 567
2018-08-01 09:58:54 ::1 POST /Service1.svc - 49474 - ::1 - - 200 0 0 260
2018-08-01 09:58:54 ::1 POST /Service1.svc - 49474 - ::1 - - 200 0 0 109
2018-08-01 09:59:01 ::1 POST /Service1.svc - 49474 - ::1 - - 200 0 0 95
2018-08-01 09:59:01 ::1 POST /Service1.svc - 49474 - ::1 - - 200 0 0 31
2018-08-01 09:59:01 ::1 POST /Service1.svc - 49474 - ::1 - - 200 0 0 17
2018-08-01 09:59:01 ::1 POST /Service1.svc - 49474 - ::1 - - 200 0 0 306
2018-08-01 09:59:01 ::1 POST /Service1.svc - 49474 - ::1 - - 200 0 0 162
2018-08-01 09:59:01 ::1 POST /Service1.svc - 49474 - ::1 - - 200 0 0 99
2018-08-01 09:59:02 ::1 POST /Service1.svc - 49474 - ::1 - - 200 0 0 247
2018-08-01 09:59:02 ::1 POST /Service1.svc - 49474 - ::1 - - 200 0 0 86
2018-08-01 09:59:02 ::1 POST /Service1.svc - 49474 - ::1 - - 200 0 0 134
2018-08-01 09:59:02 ::1 POST /Service1.svc - 49474 - ::1 - - 200 0 0 96
2018-08-01 10:01:00 ::1 POST /Service1.svc - 49474 - ::1 - - 200 0 0 247
2018-08-01 10:01:00 ::1 POST /Service1.svc - 49474 - ::1 - - 200 0 0 90
2018-08-01 10:01:00 ::1 POST /Service1.svc - 49474 - ::1 - - 200 0 0 71
2018-08-01 10:01:00 ::1 POST /Service1.svc - 49474 - ::1 - - 200 0 0 59
2018-08-01 10:01:00 ::1 POST /Service1.svc - 49474 - ::1 - - 200 0 0 127
2018-08-01 10:01:00 ::1 POST /Service1.svc - 49474 - ::1 - - 200 0 0 64
2018-08-01 10:01:00 ::1 POST /Service1.svc - 49474 - ::1 - - 200 0 0 75
2018-08-01 10:01:00 ::1 POST /Service1.svc - 49474 - ::1 - - 200 0 0 213
2018-08-01 10:01:00 ::1 POST /Service1.svc - 49474 - ::1 - - 200 0 0 133
2018-08-01 10:01:00 ::1 POST /Service1.svc - 49474 - ::1 - - 200 0 0 63
2018-08-01 10:01:01 ::1 POST /Service1.svc - 49474 - ::1 - - 200 0 0 155
2018-08-01 10:01:01 ::1 POST /Service1.svc - 49474 - ::1 - - 200 0 0 49
2018-08-01 10:01:01 ::1 POST /Service1.svc - 49474 - ::1 - - 200 0 0 172
2018-08-01 10:01:01 ::1 POST /Service1.svc - 49474 - ::1 - - 200 0 0 114
2018-08-01 10:01:01 ::1 POST /Service1.svc - 49474 - ::1 - - 200 0 0 131
2018-08-01 10:01:58 ::1 POST /Service1.svc - 49474 - ::1 - - 200 0 0 43
2018-08-01 10:01:58 ::1 POST /Service1.svc - 49474 - ::1 - - 200 0 0 44
2018-08-01 10:01:58 ::1 POST /Service1.svc - 49474 - ::1 - - 200 0 0 162
2018-08-01 10:01:58 ::1 POST /Service1.svc - 49474 - ::1 - - 200 0 0 49
2018-08-01 10:02:00 ::1 POST /Service1.svc - 49474 - ::1 - - 200 0 0 32
2018-08-01 10:02:00 ::1 POST /Service1.svc - 49474 - ::1 - - 200 0 0 37
2018-08-01 10:02:00 ::1 POST /Service1.svc - 49474 - ::1 - - 200 0 0 70
2018-08-01 10:02:00 ::1 POST /Service1.svc - 49474 - ::1 - - 200 0 0 121
2018-08-01 10:02:00 ::1 POST /Service1.svc - 49474 - ::1 - - 200 0 0 211
2018-08-01 10:02:00 ::1 POST /Service1.svc - 49474 - ::1 - - 200 0 0 125
2018-08-01 10:02:00 ::1 POST /Service1.svc - 49474 - ::1 - - 200 0 0 89
2018-08-01 10:02:00 ::1 POST /Service1.svc - 49474 - ::1 - - 200 0 0 158
2018-08-01 10:02:00 ::1 POST /Service1.svc - 49474 - ::1 - - 200 0 0 40
2018-08-01 10:02:01 ::1 POST /Service1.svc - 49474 - ::1 - - 200 0 0 202
2018-08-01 10:02:01 ::1 POST /Service1.svc - 49474 - ::1 - - 200 0 0 82
2018-08-01 10:02:01 ::1 POST /Service1.svc - 49474 - ::1 - - 200 0 0 37
2018-08-01 10:02:01 ::1 POST /Service1.svc - 49474 - ::1 - - 200 0 0 173
2018-08-01 10:02:01 ::1 POST /Service1.svc - 49474 - ::1 - - 200 0 0 57
2018-08-01 10:02:01 ::1 POST /Service1.svc - 49474 - ::1 - - 200 0 0 191
2018-08-01 10:02:01 ::1 POST /Service1.svc - 49474 - ::1 - - 200 0 0 94
2018-08-01 10:02:01 ::1 POST /Service1.svc - 49474 - ::1 - - 200 0 0 37
2018-08-01 10:02:01 ::1 POST /Service1.svc - 49474 - ::1 - - 200 0 0 119
2018-08-01 10:02:01 ::1 POST /Service1.svc - 49474 - ::1 - - 200 0 0 96
2018-08-01 10:02:06 ::1 POST /Service1.svc - 49474 - ::1 - - 200 0 0 199
2018-08-01 10:02:06 ::1 POST /Service1.svc - 49474 - ::1 - - 200 0 0 37
2018-08-01 10:02:06 ::1 POST /Service1.svc - 49474 - ::1 - - 200 0 0 213
2018-08-01 10:02:06 ::1 POST /Service1.svc - 49474 - ::1 - - 200 0 0 129
2018-08-01 10:02:06 ::1 POST /Service1.svc - 49474 - ::1 - - 200 0 0 214
2018-08-01 10:02:06 ::1 POST /Service1.svc - 49474 - ::1 - - 200 0 0 78
2018-08-01 10:02:06 ::1 POST /Service1.svc - 49474 - ::1 - - 200 0 0 195
2018-08-01 10:02:06 ::1 POST /Service1.svc - 49474 - ::1 - - 200 0 0 106
2018-08-01 10:02:10 ::1 POST /Service1.svc - 49474 - ::1 - - 200 0 0 38
2018-08-01 10:02:18 ::1 POST /Service1.svc - 49474 - ::1 - - 200 0 0 153
2018-08-01 10:02:52 ::1 POST /Service1.svc - 49474 - ::1 - - 200 0 0 72
2018-08-01 10:03:58 ::1 POST /Service1.svc - 49474 - ::1 - - 200 0 0 150
2018-08-01 10:03:58 ::1 POST /Service1.svc - 49474 - ::1 - - 200 0 0 51
2018-08-01 10:03:58 ::1 POST /Service1.svc - 49474 - ::1 - - 200 0 0 46
2018-08-01 10:03:58 ::1 POST /Service1.svc - 49474 - ::1 - - 200 0 0 173
2018-08-01 10:03:58 ::1 POST /Service1.svc - 49474 - ::1 - - 200 0 0 65
2018-08-01 10:03:58 ::1 POST /Service1.svc - 49474 - ::1 - - 200 0 0 114
2018-08-01 10:04:05 ::1 POST /Service1.svc - 49474 - ::1 - - 200 0 0 105
2018-08-01 10:04:05 ::1 POST /Service1.svc - 49474 - ::1 - - 200 0 0 39
2018-08-01 10:04:05 ::1 POST /Service1.svc - 49474 - ::1 - - 200 0 0 31
2018-08-01 10:04:05 ::1 POST /Service1.svc - 49474 - ::1 - - 200 0 0 141
2018-08-01 10:04:05 ::1 POST /Service1.svc - 49474 - ::1 - - 200 0 0 40
2018-08-01 10:04:05 ::1 POST /Service1.svc - 49474 - ::1 - - 200 0 0 31
2018-08-01 10:04:05 ::1 POST /Service1.svc - 49474 - ::1 - - 200 0 0 256
2018-08-01 10:04:05 ::1 POST /Service1.svc - 49474 - ::1 - - 200 0 0 48
2018-08-01 10:04:05 ::1 POST /Service1.svc - 49474 - ::1 - - 200 0 0 218
2018-08-01 10:04:05 ::1 POST /Service1.svc - 49474 - ::1 - - 200 0 0 65
2018-08-01 10:04:19 ::1 POST /Service1.svc - 49474 - ::1 - - 200 0 0 124
2018-08-01 10:04:19 ::1 POST /Service1.svc - 49474 - ::1 - - 200 0 0 37
2018-08-01 10:04:19 ::1 POST /Service1.svc - 49474 - ::1 - - 200 0 0 19
2018-08-01 10:04:19 ::1 POST /Service1.svc - 49474 - ::1 - - 200 0 0 24
2018-08-01 10:04:19 ::1 POST /Service1.svc - 49474 - ::1 - - 200 0 0 23
2018-08-01 10:04:19 ::1 POST /Service1.svc - 49474 - ::1 - - 200 0 0 208
2018-08-01 10:04:19 ::1 POST /Service1.svc - 49474 - ::1 - - 200 0 0 130
2018-08-01 10:04:19 ::1 POST /Service1.svc - 49474 - ::1 - - 200 0 0 74
2018-08-01 10:04:19 ::1 POST /Service1.svc - 49474 - ::1 - - 200 0 0 207
2018-08-01 10:04:19 ::1 POST /Service1.svc - 49474 - ::1 - - 200 0 0 233
2018-08-01 10:04:20 ::1 POST /Service1.svc - 49474 - ::1 - - 200 0 0 387
2018-08-01 10:04:20 ::1 POST /Service1.svc - 49474 - ::1 - - 200 0 0 198
2018-08-01 10:04:20 ::1 POST /Service1.svc - 49474 - ::1 - - 200 0 0 697
2018-08-01 10:04:21 ::1 POST /Service1.svc - 49474 - ::1 - - 200 0 0 126
2018-08-01 10:04:21 ::1 POST /Service1.svc - 49474 - ::1 - - 200 0 0 96
2018-08-01 10:04:25 ::1 POST /Service1.svc - 49474 - ::1 - - 200 0 0 14
2018-08-01 10:04:25 ::1 POST /Service1.svc - 49474 - ::1 - - 200 0 0 14
2018-08-01 10:04:25 ::1 POST /Service1.svc - 49474 - ::1 - - 200 0 0 27
2018-08-01 10:04:25 ::1 POST /Service1.svc - 49474 - ::1 - - 200 0 0 61
2018-08-01 10:04:27 ::1 POST /Service1.svc - 49474 - ::1 - - 200 0 0 56
2018-08-01 10:04:27 ::1 POST /Service1.svc - 49474 - ::1 - - 200 0 0 27
2018-08-01 10:05:00 ::1 POST /Service1.svc - 49474 - ::1 - - 200 0 0 33704
2018-08-01 10:08:09 ::1 POST /Service1.svc - 49474 - ::1 - - 200 0 64 189076
2018-08-01 10:08:27 ::1 POST /Service1.svc - 49474 - ::1 - - 200 0 0 14041
2018-08-01 10:08:31 ::1 POST /Service1.svc - 49474 - ::1 - - 200 0 0 478
2018-08-01 10:08:31 ::1 POST /Service1.svc - 49474 - ::1 - - 200 0 0 81
2018-08-01 10:08:31 ::1 POST /Service1.svc - 49474 - ::1 - - 200 0 0 22
2018-08-01 10:08:31 ::1 POST /Service1.svc - 49474 - ::1 - - 200 0 0 190
2018-08-01 10:08:31 ::1 POST /Service1.svc - 49474 - ::1 - - 200 0 0 157
2018-08-01 10:08:31 ::1 POST /Service1.svc - 49474 - ::1 - - 200 0 0 96
2018-08-01 10:08:31 ::1 POST /Service1.svc - 49474 - ::1 - - 200 0 0 80
2018-08-01 10:08:31 ::1 POST /Service1.svc - 49474 - ::1 - - 200 0 0 45
2018-08-01 10:08:31 ::1 POST /Service1.svc - 49474 - ::1 - - 200 0 0 95
2018-08-01 10:08:31 ::1 POST /Service1.svc - 49474 - ::1 - - 200 0 0 154
2018-08-01 10:08:32 ::1 POST /Service1.svc - 49474 - ::1 - - 200 0 0 96
2018-08-01 10:08:32 ::1 POST /Service1.svc - 49474 - ::1 - - 200 0 0 160
2018-08-01 10:08:32 ::1 POST /Service1.svc - 49474 - ::1 - - 200 0 0 96
2018-08-01 10:08:32 ::1 POST /Service1.svc - 49474 - ::1 - - 200 0 0 34
2018-08-01 10:08:32 ::1 POST /Service1.svc - 49474 - ::1 - - 200 0 0 32
#Software: Microsoft Internet Information Services 10.0
#Version: 1.0
#Date: 2018-08-01 10:10:59
#Fields: date time s-ip cs-method cs-uri-stem cs-uri-query s-port cs-username c-ip cs(User-Agent) cs(Referer) sc-status sc-substatus sc-win32-status time-taken
2018-08-01 10:10:59 ::1 POST /Service1.svc - 49474 - ::1 - - 415 0 0 13299
2018-08-01 10:10:59 ::1 POST /Service1.svc/mex - 49474 - ::1 - - 415 0 0 8
2018-08-01 10:11:05 ::1 GET /Service1.svc - 49474 - ::1 Mozilla/4.0+(compatible;+MSIE+6.0;+MS+Web+Services+Client+Protocol+4.0.30319.42000) - 200 0 0 5142
2018-08-01 10:11:05 ::1 GET /Service1.svc disco 49474 - ::1 Mozilla/4.0+(compatible;+MSIE+6.0;+MS+Web+Services+Client+Protocol+4.0.30319.42000) - 200 0 0 23
2018-08-01 10:11:05 ::1 GET /Service1.svc wsdl 49474 - ::1 Mozilla/4.0+(compatible;+MSIE+6.0;+MS+Web+Services+Client+Protocol+4.0.30319.42000) - 200 0 0 147
2018-08-01 10:11:06 ::1 GET /Service1.svc xsd=xsd0 49474 - ::1 Mozilla/4.0+(compatible;+MSIE+6.0;+MS+Web+Services+Client+Protocol+4.0.30319.42000) - 200 0 0 652
2018-08-01 10:11:06 ::1 GET /Service1.svc xsd=xsd2 49474 - ::1 Mozilla/4.0+(compatible;+MSIE+6.0;+MS+Web+Services+Client+Protocol+4.0.30319.42000) - 200 0 0 11
2018-08-01 10:11:06 ::1 GET /Service1.svc xsd=xsd3 49474 - ::1 Mozilla/4.0+(compatible;+MSIE+6.0;+MS+Web+Services+Client+Protocol+4.0.30319.42000) - 200 0 0 17
2018-08-01 10:11:06 ::1 GET /Service1.svc xsd=xsd1 49474 - ::1 Mozilla/4.0+(compatible;+MSIE+6.0;+MS+Web+Services+Client+Protocol+4.0.30319.42000) - 200 0 0 16
2018-08-01 10:11:40 ::1 GET /Service1.svc - 49474 - ::1 Mozilla/4.0+(compatible;+MSIE+6.0;+MS+Web+Services+Client+Protocol+4.0.30319.42000) - 200 0 0 18
2018-08-01 10:11:40 ::1 GET /Service1.svc/$metadata - 49474 - ::1 Mozilla/4.0+(compatible;+MSIE+6.0;+MS+Web+Services+Client+Protocol+4.0.30319.42000) - 400 0 0 121
2018-08-01 10:11:40 ::1 GET /Service1.svc disco 49474 - ::1 Mozilla/4.0+(compatible;+MSIE+6.0;+MS+Web+Services+Client+Protocol+4.0.30319.42000) - 200 0 0 83
2018-08-01 10:11:40 ::1 GET /Service1.svc wsdl 49474 - ::1 Mozilla/4.0+(compatible;+MSIE+6.0;+MS+Web+Services+Client+Protocol+4.0.30319.42000) - 200 0 0 20
2018-08-01 10:11:40 ::1 GET /Service1.svc xsd=xsd0 49474 - ::1 Mozilla/4.0+(compatible;+MSIE+6.0;+MS+Web+Services+Client+Protocol+4.0.30319.42000) - 200 0 0 8
2018-08-01 10:11:40 ::1 GET /Service1.svc xsd=xsd2 49474 - ::1 Mozilla/4.0+(compatible;+MSIE+6.0;+MS+Web+Services+Client+Protocol+4.0.30319.42000) - 200 0 0 16
2018-08-01 10:11:40 ::1 GET /Service1.svc xsd=xsd3 49474 - ::1 Mozilla/4.0+(compatible;+MSIE+6.0;+MS+Web+Services+Client+Protocol+4.0.30319.42000) - 200 0 0 18
2018-08-01 10:11:40 ::1 GET /Service1.svc xsd=xsd1 49474 - ::1 Mozilla/4.0+(compatible;+MSIE+6.0;+MS+Web+Services+Client+Protocol+4.0.30319.42000) - 200 0 0 11
2018-08-01 10:11:42 ::1 POST /Service1.svc - 49474 - ::1 - - 415 0 0 24
2018-08-01 10:11:42 ::1 POST /Service1.svc/mex - 49474 - ::1 - - 415 0 0 28
2018-08-01 10:14:32 ::1 POST /Service1.svc - 49474 - ::1 - - 200 0 0 2615
2018-08-01 10:14:33 ::1 POST /Service1.svc - 49474 - ::1 - - 200 0 0 782
2018-08-01 10:14:33 ::1 POST /Service1.svc - 49474 - ::1 - - 200 0 0 346
2018-08-01 10:14:35 ::1 POST /Service1.svc - 49474 - ::1 - - 200 0 0 967
2018-08-01 10:14:40 ::1 POST /Service1.svc - 49474 - ::1 - - 200 0 0 38
2018-08-01 10:14:40 ::1 POST /Service1.svc - 49474 - ::1 - - 200 0 0 67
2018-08-01 10:14:40 ::1 POST /Service1.svc - 49474 - ::1 - - 200 0 0 53
2018-08-01 10:14:40 ::1 POST /Service1.svc - 49474 - ::1 - - 200 0 0 119
2018-08-01 10:14:40 ::1 POST /Service1.svc - 49474 - ::1 - - 200 0 0 109
2018-08-01 10:14:40 ::1 POST /Service1.svc - 49474 - ::1 - - 200 0 0 136
2018-08-01 10:14:40 ::1 POST /Service1.svc - 49474 - ::1 - - 200 0 0 71
2018-08-01 10:14:41 ::1 POST /Service1.svc - 49474 - ::1 - - 200 0 0 258
2018-08-01 10:14:41 ::1 POST /Service1.svc - 49474 - ::1 - - 200 0 0 42
2018-08-01 10:14:41 ::1 POST /Service1.svc - 49474 - ::1 - - 200 0 0 25
2018-08-01 10:14:41 ::1 POST /Service1.svc - 49474 - ::1 - - 200 0 0 117
2018-08-01 10:14:41 ::1 POST /Service1.svc - 49474 - ::1 - - 200 0 0 94
2018-08-01 10:14:41 ::1 POST /Service1.svc - 49474 - ::1 - - 200 0 0 38
2018-08-01 10:14:41 ::1 POST /Service1.svc - 49474 - ::1 - - 200 0 0 171
2018-08-01 10:14:41 ::1 POST /Service1.svc - 49474 - ::1 - - 200 0 0 82
2018-08-01 10:14:41 ::1 POST /Service1.svc - 49474 - ::1 - - 200 0 0 116
2018-08-01 10:14:41 ::1 POST /Service1.svc - 49474 - ::1 - - 200 0 0 82
2018-08-01 10:14:41 ::1 POST /Service1.svc - 49474 - ::1 - - 200 0 0 29
2018-08-01 10:14:41 ::1 POST /Service1.svc - 49474 - ::1 - - 200 0 0 86
2018-08-01 10:14:45 ::1 POST /Service1.svc - 49474 - ::1 - - 200 0 0 16
2018-08-01 10:14:45 ::1 POST /Service1.svc - 49474 - ::1 - - 200 0 0 85
2018-08-01 10:14:45 ::1 POST /Service1.svc - 49474 - ::1 - - 200 0 0 51
2018-08-01 10:14:45 ::1 POST /Service1.svc - 49474 - ::1 - - 200 0 0 74
2018-08-01 10:14:45 ::1 POST /Service1.svc - 49474 - ::1 - - 200 0 0 189
2018-08-01 10:14:45 ::1 POST /Service1.svc - 49474 - ::1 - - 200 0 0 18
2018-08-01 10:14:45 ::1 POST /Service1.svc - 49474 - ::1 - - 200 0 0 18
2018-08-01 10:14:45 ::1 POST /Service1.svc - 49474 - ::1 - - 200 0 0 22
2018-08-01 10:14:49 ::1 POST /Service1.svc - 49474 - ::1 - - 200 0 0 119
2018-08-01 10:14:49 ::1 POST /Service1.svc - 49474 - ::1 - - 200 0 0 34
2018-08-01 10:15:06 ::1 POST /Service1.svc - 49474 - ::1 - - 200 0 0 17041
2018-08-01 10:15:10 ::1 POST /Service1.svc - 49474 - ::1 - - 200 0 0 3960
2018-08-01 10:15:10 ::1 POST /Service1.svc - 49474 - ::1 - - 200 0 0 64
2018-08-01 10:15:55 ::1 POST /Service1.svc - 49474 - ::1 - - 200 0 0 126
2018-08-01 10:15:55 ::1 POST /Service1.svc - 49474 - ::1 - - 200 0 0 156
2018-08-01 10:15:55 ::1 POST /Service1.svc - 49474 - ::1 - - 200 0 0 87
2018-08-01 10:15:55 ::1 POST /Service1.svc - 49474 - ::1 - - 200 0 0 181
2018-08-01 10:15:55 ::1 POST /Service1.svc - 49474 - ::1 - - 200 0 0 72
2018-08-01 10:15:56 ::1 POST /Service1.svc - 49474 - ::1 - - 200 0 0 215
2018-08-01 10:15:56 ::1 POST /Service1.svc - 49474 - ::1 - - 200 0 0 191
2018-08-01 10:15:56 ::1 POST /Service1.svc - 49474 - ::1 - - 200 0 0 113
2018-08-01 10:15:56 ::1 POST /Service1.svc - 49474 - ::1 - - 200 0 0 136
2018-08-01 10:15:56 ::1 POST /Service1.svc - 49474 - ::1 - - 200 0 0 79
2018-08-01 10:16:49 ::1 POST /Service1.svc - 49474 - ::1 - - 200 0 0 119
2018-08-01 10:16:49 ::1 POST /Service1.svc - 49474 - ::1 - - 200 0 0 34
2018-08-01 10:16:49 ::1 POST /Service1.svc - 49474 - ::1 - - 200 0 0 31
2018-08-01 10:16:49 ::1 POST /Service1.svc - 49474 - ::1 - - 200 0 0 153
2018-08-01 10:16:49 ::1 POST /Service1.svc - 49474 - ::1 - - 200 0 0 47
2018-08-01 10:16:49 ::1 POST /Service1.svc - 49474 - ::1 - - 200 0 0 23
2018-08-01 10:16:49 ::1 POST /Service1.svc - 49474 - ::1 - - 200 0 0 67
2018-08-01 10:16:49 ::1 POST /Service1.svc - 49474 - ::1 - - 200 0 0 162
2018-08-01 10:16:49 ::1 POST /Service1.svc - 49474 - ::1 - - 200 0 0 332
2018-08-01 10:16:49 ::1 POST /Service1.svc - 49474 - ::1 - - 200 0 0 126
2018-08-01 10:16:50 ::1 POST /Service1.svc - 49474 - ::1 - - 200 0 0 79
2018-08-01 10:16:50 ::1 POST /Service1.svc - 49474 - ::1 - - 200 0 0 66
2018-08-01 10:16:50 ::1 POST /Service1.svc - 49474 - ::1 - - 200 0 0 78
2018-08-01 10:16:50 ::1 POST /Service1.svc - 49474 - ::1 - - 200 0 0 92
2018-08-01 10:16:50 ::1 POST /Service1.svc - 49474 - ::1 - - 200 0 0 38
2018-08-01 10:18:34 ::1 POST /Service1.svc - 49474 - ::1 - - 200 0 0 109
2018-08-01 10:18:34 ::1 POST /Service1.svc - 49474 - ::1 - - 200 0 0 21
2018-08-01 10:18:34 ::1 POST /Service1.svc - 49474 - ::1 - - 200 0 0 28
2018-08-01 10:18:34 ::1 POST /Service1.svc - 49474 - ::1 - - 200 0 0 167
2018-08-01 10:18:35 ::1 POST /Service1.svc - 49474 - ::1 - - 200 0 0 15
2018-08-01 10:18:35 ::1 POST /Service1.svc - 49474 - ::1 - - 200 0 0 23
2018-08-01 10:18:35 ::1 POST /Service1.svc - 49474 - ::1 - - 200 0 0 21
2018-08-01 10:18:35 ::1 POST /Service1.svc - 49474 - ::1 - - 200 0 0 58
2018-08-01 10:18:35 ::1 POST /Service1.svc - 49474 - ::1 - - 200 0 0 68
2018-08-01 10:18:35 ::1 POST /Service1.svc - 49474 - ::1 - - 200 0 0 99
2018-08-01 10:18:35 ::1 POST /Service1.svc - 49474 - ::1 - - 200 0 0 28
2018-08-01 10:18:35 ::1 POST /Service1.svc - 49474 - ::1 - - 200 0 0 87
2018-08-01 10:18:35 ::1 POST /Service1.svc - 49474 - ::1 - - 200 0 0 101
2018-08-01 10:18:35 ::1 POST /Service1.svc - 49474 - ::1 - - 200 0 0 130
2018-08-01 10:18:35 ::1 POST /Service1.svc - 49474 - ::1 - - 200 0 0 111
2018-08-01 10:18:35 ::1 POST /Service1.svc - 49474 - ::1 - - 200 0 0 112
2018-08-01 10:18:36 ::1 POST /Service1.svc - 49474 - ::1 - - 200 0 0 75
2018-08-01 10:18:36 ::1 POST /Service1.svc - 49474 - ::1 - - 200 0 0 90
2018-08-01 10:18:36 ::1 POST /Service1.svc - 49474 - ::1 - - 200 0 0 23
2018-08-01 10:18:36 ::1 POST /Service1.svc - 49474 - ::1 - - 200 0 0 18
2018-08-01 10:18:36 ::1 POST /Service1.svc - 49474 - ::1 - - 200 0 0 256
2018-08-01 10:18:36 ::1 POST /Service1.svc - 49474 - ::1 - - 200 0 0 94
2018-08-01 10:18:36 ::1 POST /Service1.svc - 49474 - ::1 - - 200 0 0 104
2018-08-01 10:18:39 ::1 POST /Service1.svc - 49474 - ::1 - - 200 0 0 25
2018-08-01 10:18:39 ::1 POST /Service1.svc - 49474 - ::1 - - 200 0 0 81
2018-08-01 10:18:39 ::1 POST /Service1.svc - 49474 - ::1 - - 200 0 0 24
2018-08-01 10:18:39 ::1 POST /Service1.svc - 49474 - ::1 - - 200 0 0 56
2018-08-01 10:18:39 ::1 POST /Service1.svc - 49474 - ::1 - - 200 0 0 84
2018-08-01 10:18:39 ::1 POST /Service1.svc - 49474 - ::1 - - 200 0 0 211
2018-08-01 10:18:39 ::1 POST /Service1.svc - 49474 - ::1 - - 200 0 0 133
2018-08-01 10:18:40 ::1 POST /Service1.svc - 49474 - ::1 - - 200 0 0 483
2018-08-01 10:18:40 ::1 POST /Service1.svc - 49474 - ::1 - - 200 0 0 178
2018-08-01 10:19:09 ::1 POST /Service1.svc - 49474 - ::1 - - 200 0 0 20637
2018-08-01 10:21:18 ::1 POST /Service1.svc - 49474 - ::1 - - 200 0 0 20470
2018-08-01 10:21:19 ::1 POST /Service1.svc - 49474 - ::1 - - 200 0 0 1080
2018-08-01 10:21:25 ::1 POST /Service1.svc - 49474 - ::1 - - 200 0 64 111576
2018-08-01 10:22:17 ::1 POST /Service1.svc - 49474 - ::1 - - 200 0 0 2225
2018-08-01 10:22:17 ::1 POST /Service1.svc - 49474 - ::1 - - 200 0 0 28
2018-08-01 10:22:17 ::1 POST /Service1.svc - 49474 - ::1 - - 200 0 0 211
2018-08-01 10:22:17 ::1 POST /Service1.svc - 49474 - ::1 - - 200 0 0 69
2018-08-01 10:22:17 ::1 POST /Service1.svc - 49474 - ::1 - - 200 0 0 133
2018-08-01 10:22:17 ::1 POST /Service1.svc - 49474 - ::1 - - 200 0 0 86
2018-08-01 10:22:17 ::1 POST /Service1.svc - 49474 - ::1 - - 200 0 0 172
2018-08-01 10:22:19 ::1 POST /Service1.svc - 49474 - ::1 - - 200 0 0 688
2018-08-01 10:22:19 ::1 POST /Service1.svc - 49474 - ::1 - - 200 0 0 536
2018-08-01 10:22:19 ::1 POST /Service1.svc - 49474 - ::1 - - 200 0 0 314
2018-08-01 10:22:23 ::1 POST /Service1.svc - 49474 - ::1 - - 200 0 0 75
2018-08-01 10:22:23 ::1 POST /Service1.svc - 49474 - ::1 - - 200 0 0 78
2018-08-01 10:22:23 ::1 POST /Service1.svc - 49474 - ::1 - - 200 0 0 42
2018-08-01 10:22:25 ::1 POST /Service1.svc - 49474 - ::1 - - 200 0 0 16
2018-08-01 10:22:25 ::1 POST /Service1.svc - 49474 - ::1 - - 200 0 0 17
2018-08-01 10:22:25 ::1 POST /Service1.svc - 49474 - ::1 - - 200 0 0 49
2018-08-01 10:22:27 ::1 POST /Service1.svc - 49474 - ::1 - - 200 0 0 92
2018-08-01 10:22:40 ::1 POST /Service1.svc - 49474 - ::1 - - 200 0 0 326
2018-08-01 10:22:40 ::1 POST /Service1.svc - 49474 - ::1 - - 200 0 0 88
2018-08-01 10:22:40 ::1 POST /Service1.svc - 49474 - ::1 - - 200 0 0 61
2018-08-01 10:22:40 ::1 POST /Service1.svc - 49474 - ::1 - - 200 0 0 31
2018-08-01 10:22:40 ::1 POST /Service1.svc - 49474 - ::1 - - 200 0 0 28
2018-08-01 10:22:40 ::1 POST /Service1.svc - 49474 - ::1 - - 200 0 0 36
2018-08-01 10:22:40 ::1 POST /Service1.svc - 49474 - ::1 - - 200 0 0 453
2018-08-01 10:22:40 ::1 POST /Service1.svc - 49474 - ::1 - - 200 0 0 51
2018-08-01 10:22:40 ::1 POST /Service1.svc - 49474 - ::1 - - 200 0 0 47
2018-08-01 10:22:40 ::1 POST /Service1.svc - 49474 - ::1 - - 200 0 0 31
2018-08-01 10:22:41 ::1 POST /Service1.svc - 49474 - ::1 - - 200 0 0 160
2018-08-01 10:22:41 ::1 POST /Service1.svc - 49474 - ::1 - - 200 0 0 37
2018-08-01 10:22:41 ::1 POST /Service1.svc - 49474 - ::1 - - 200 0 0 38
2018-08-01 10:22:41 ::1 POST /Service1.svc - 49474 - ::1 - - 200 0 0 332
2018-08-01 10:22:41 ::1 POST /Service1.svc - 49474 - ::1 - - 200 0 0 56
2018-08-01 10:22:45 ::1 POST /Service1.svc - 49474 - ::1 - - 200 0 0 159
#Software: Microsoft Internet Information Services 10.0
#Version: 1.0
#Date: 2018-08-01 10:28:13
#Fields: date time s-ip cs-method cs-uri-stem cs-uri-query s-port cs-username c-ip cs(User-Agent) cs(Referer) sc-status sc-substatus sc-win32-status time-taken
2018-08-01 10:28:13 ::1 POST /Service1.svc - 49474 - ::1 - - 415 0 0 8514
2018-08-01 10:28:13 ::1 POST /Service1.svc/mex - 49474 - ::1 - - 415 0 0 16
2018-08-01 10:28:18 ::1 GET /Service1.svc - 49474 - ::1 Mozilla/4.0+(compatible;+MSIE+6.0;+MS+Web+Services+Client+Protocol+4.0.30319.42000) - 200 0 0 4981
2018-08-01 10:28:18 ::1 GET /Service1.svc disco 49474 - ::1 Mozilla/4.0+(compatible;+MSIE+6.0;+MS+Web+Services+Client+Protocol+4.0.30319.42000) - 200 0 0 22
2018-08-01 10:28:18 ::1 GET /Service1.svc wsdl 49474 - ::1 Mozilla/4.0+(compatible;+MSIE+6.0;+MS+Web+Services+Client+Protocol+4.0.30319.42000) - 200 0 0 58
2018-08-01 10:28:18 ::1 GET /Service1.svc xsd=xsd0 49474 - ::1 Mozilla/4.0+(compatible;+MSIE+6.0;+MS+Web+Services+Client+Protocol+4.0.30319.42000) - 200 0 0 564
2018-08-01 10:28:18 ::1 GET /Service1.svc xsd=xsd2 49474 - ::1 Mozilla/4.0+(compatible;+MSIE+6.0;+MS+Web+Services+Client+Protocol+4.0.30319.42000) - 200 0 0 11
2018-08-01 10:28:18 ::1 GET /Service1.svc xsd=xsd3 49474 - ::1 Mozilla/4.0+(compatible;+MSIE+6.0;+MS+Web+Services+Client+Protocol+4.0.30319.42000) - 200 0 0 17
2018-08-01 10:28:18 ::1 GET /Service1.svc xsd=xsd1 49474 - ::1 Mozilla/4.0+(compatible;+MSIE+6.0;+MS+Web+Services+Client+Protocol+4.0.30319.42000) - 200 0 0 18
#Software: Microsoft Internet Information Services 10.0
#Version: 1.0
#Date: 2018-08-01 10:30:42
#Fields: date time s-ip cs-method cs-uri-stem cs-uri-query s-port cs-username c-ip cs(User-Agent) cs(Referer) sc-status sc-substatus sc-win32-status time-taken
2018-08-01 10:30:42 ::1 POST /Service1.svc - 49474 - ::1 - - 415 0 0 4432
2018-08-01 10:30:42 ::1 POST /Service1.svc/mex - 49474 - ::1 - - 415 0 0 50
2018-08-01 10:30:47 ::1 GET /Service1.svc - 49474 - ::1 Mozilla/4.0+(compatible;+MSIE+6.0;+MS+Web+Services+Client+Protocol+4.0.30319.42000) - 200 0 0 4210
2018-08-01 10:30:47 ::1 GET /Service1.svc disco 49474 - ::1 Mozilla/4.0+(compatible;+MSIE+6.0;+MS+Web+Services+Client+Protocol+4.0.30319.42000) - 200 0 0 7
2018-08-01 10:30:47 ::1 GET /Service1.svc wsdl 49474 - ::1 Mozilla/4.0+(compatible;+MSIE+6.0;+MS+Web+Services+Client+Protocol+4.0.30319.42000) - 200 0 0 50
2018-08-01 10:30:47 ::1 GET /Service1.svc xsd=xsd0 49474 - ::1 Mozilla/4.0+(compatible;+MSIE+6.0;+MS+Web+Services+Client+Protocol+4.0.30319.42000) - 200 0 0 409
2018-08-01 10:30:47 ::1 GET /Service1.svc xsd=xsd2 49474 - ::1 Mozilla/4.0+(compatible;+MSIE+6.0;+MS+Web+Services+Client+Protocol+4.0.30319.42000) - 200 0 0 12
2018-08-01 10:30:47 ::1 GET /Service1.svc xsd=xsd3 49474 - ::1 Mozilla/4.0+(compatible;+MSIE+6.0;+MS+Web+Services+Client+Protocol+4.0.30319.42000) - 200 0 0 88
2018-08-01 10:30:47 ::1 GET /Service1.svc xsd=xsd1 49474 - ::1 Mozilla/4.0+(compatible;+MSIE+6.0;+MS+Web+Services+Client+Protocol+4.0.30319.42000) - 200 0 0 77
2018-08-01 10:31:11 ::1 GET /Service1.svc - 49474 - ::1 Mozilla/4.0+(compatible;+MSIE+6.0;+MS+Web+Services+Client+Protocol+4.0.30319.42000) - 200 0 0 34
2018-08-01 10:31:11 ::1 GET /Service1.svc/$metadata - 49474 - ::1 Mozilla/4.0+(compatible;+MSIE+6.0;+MS+Web+Services+Client+Protocol+4.0.30319.42000) - 400 0 0 84
2018-08-01 10:31:11 ::1 GET /Service1.svc disco 49474 - ::1 Mozilla/4.0+(compatible;+MSIE+6.0;+MS+Web+Services+Client+Protocol+4.0.30319.42000) - 200 0 0 82
2018-08-01 10:31:11 ::1 POST /Service1.svc - 49474 - ::1 - - 415 0 0 103
2018-08-01 10:31:11 ::1 POST /Service1.svc/mex - 49474 - ::1 - - 415 0 0 129
2018-08-01 10:31:11 ::1 GET /Service1.svc wsdl 49474 - ::1 Mozilla/4.0+(compatible;+MSIE+6.0;+MS+Web+Services+Client+Protocol+4.0.30319.42000) - 200 0 0 75
2018-08-01 10:31:11 ::1 GET /Service1.svc xsd=xsd0 49474 - ::1 Mozilla/4.0+(compatible;+MSIE+6.0;+MS+Web+Services+Client+Protocol+4.0.30319.42000) - 200 0 0 42
2018-08-01 10:31:11 ::1 GET /Service1.svc xsd=xsd2 49474 - ::1 Mozilla/4.0+(compatible;+MSIE+6.0;+MS+Web+Services+Client+Protocol+4.0.30319.42000) - 200 0 0 22
2018-08-01 10:31:11 ::1 GET /Service1.svc xsd=xsd3 49474 - ::1 Mozilla/4.0+(compatible;+MSIE+6.0;+MS+Web+Services+Client+Protocol+4.0.30319.42000) - 200 0 0 17
2018-08-01 10:31:11 ::1 GET /Service1.svc xsd=xsd1 49474 - ::1 Mozilla/4.0+(compatible;+MSIE+6.0;+MS+Web+Services+Client+Protocol+4.0.30319.42000) - 200 0 0 7
2018-08-01 10:33:03 ::1 POST /Service1.svc - 49474 - ::1 - - 200 0 0 2001
2018-08-01 10:33:03 ::1 POST /Service1.svc - 49474 - ::1 - - 200 0 0 115
2018-08-01 10:33:05 ::1 POST /Service1.svc - 49474 - ::1 - - 200 0 0 848
2018-08-01 10:33:05 ::1 POST /Service1.svc - 49474 - ::1 - - 200 0 0 651
2018-08-01 10:33:12 ::1 POST /Service1.svc - 49474 - ::1 - - 200 0 0 248
2018-08-01 10:33:12 ::1 POST /Service1.svc - 49474 - ::1 - - 200 0 0 139
2018-08-01 10:33:12 ::1 POST /Service1.svc - 49474 - ::1 - - 200 0 0 50
2018-08-01 10:33:12 ::1 POST /Service1.svc - 49474 - ::1 - - 200 0 0 67
2018-08-01 10:33:14 ::1 POST /Service1.svc - 49474 - ::1 - - 200 0 0 666
2018-08-01 10:33:14 ::1 POST /Service1.svc - 49474 - ::1 - - 200 0 0 488
2018-08-01 10:33:14 ::1 POST /Service1.svc - 49474 - ::1 - - 200 0 0 409
2018-08-01 10:33:16 ::1 POST /Service1.svc - 49474 - ::1 - - 200 0 0 821
2018-08-01 10:33:16 ::1 POST /Service1.svc - 49474 - ::1 - - 200 0 0 436
2018-08-01 10:33:17 ::1 POST /Service1.svc - 49474 - ::1 - - 200 0 0 696
2018-08-01 10:33:17 ::1 POST /Service1.svc - 49474 - ::1 - - 200 0 0 740
2018-08-01 10:33:19 ::1 POST /Service1.svc - 49474 - ::1 - - 200 0 0 1749
2018-08-01 10:33:21 ::1 POST /Service1.svc - 49474 - ::1 - - 200 0 0 1816
2018-08-01 10:33:21 ::1 POST /Service1.svc - 49474 - ::1 - - 200 0 0 560
2018-08-01 10:33:23 ::1 POST /Service1.svc - 49474 - ::1 - - 200 0 0 1209
2018-08-01 10:33:23 ::1 POST /Service1.svc - 49474 - ::1 - - 200 0 0 182
2018-08-01 10:33:23 ::1 POST /Service1.svc - 49474 - ::1 - - 200 0 0 286
2018-08-01 10:33:24 ::1 POST /Service1.svc - 49474 - ::1 - - 200 0 0 842
2018-08-01 10:33:24 ::1 POST /Service1.svc - 49474 - ::1 - - 200 0 0 653
2018-08-01 10:33:28 ::1 POST /Service1.svc - 49474 - ::1 - - 200 0 0 98
2018-08-01 10:33:28 ::1 POST /Service1.svc - 49474 - ::1 - - 200 0 0 80
2018-08-01 10:33:28 ::1 POST /Service1.svc - 49474 - ::1 - - 200 0 0 87
2018-08-01 10:33:28 ::1 POST /Service1.svc - 49474 - ::1 - - 200 0 0 94
2018-08-01 10:33:28 ::1 POST /Service1.svc - 49474 - ::1 - - 200 0 0 23
2018-08-01 10:33:29 ::1 POST /Service1.svc - 49474 - ::1 - - 200 0 0 776
2018-08-01 10:33:29 ::1 POST /Service1.svc - 49474 - ::1 - - 200 0 0 316
2018-08-01 10:33:31 ::1 POST /Service1.svc - 49474 - ::1 - - 200 0 0 1230
2018-08-01 10:33:33 ::1 POST /Service1.svc - 49474 - ::1 - - 200 0 0 837
2018-08-01 10:33:33 ::1 POST /Service1.svc - 49474 - ::1 - - 200 0 0 872
2018-08-01 10:33:34 ::1 POST /Service1.svc - 49474 - ::1 - - 200 0 0 265
2018-08-01 10:33:34 ::1 POST /Service1.svc - 49474 - ::1 - - 200 0 0 51
2018-08-01 10:33:34 ::1 POST /Service1.svc - 49474 - ::1 - - 200 0 0 235
2018-08-01 10:33:39 ::1 POST /Service1.svc - 49474 - ::1 - - 200 0 0 157
2018-08-01 10:33:39 ::1 POST /Service1.svc - 49474 - ::1 - - 200 0 0 483
2018-08-01 10:33:41 ::1 POST /Service1.svc - 49474 - ::1 - - 200 0 0 1345
2018-08-01 10:33:43 ::1 POST /Service1.svc - 49474 - ::1 - - 200 0 0 1194
2018-08-01 10:33:43 ::1 POST /Service1.svc - 49474 - ::1 - - 200 0 0 177
2018-08-01 10:33:43 ::1 POST /Service1.svc - 49474 - ::1 - - 200 0 0 71
2018-08-01 10:33:43 ::1 POST /Service1.svc - 49474 - ::1 - - 200 0 0 86
2018-08-01 10:33:43 ::1 POST /Service1.svc - 49474 - ::1 - - 200 0 0 158
2018-08-01 10:33:43 ::1 POST /Service1.svc - 49474 - ::1 - - 200 0 0 65
2018-08-01 10:33:43 ::1 POST /Service1.svc - 49474 - ::1 - - 200 0 0 116
2018-08-01 10:34:34 ::1 POST /Service1.svc - 49474 - ::1 - - 200 0 0 208
2018-08-01 10:34:34 ::1 POST /Service1.svc - 49474 - ::1 - - 200 0 0 59
2018-08-01 10:34:34 ::1 POST /Service1.svc - 49474 - ::1 - - 200 0 0 93
2018-08-01 10:34:34 ::1 POST /Service1.svc - 49474 - ::1 - - 200 0 0 89
2018-08-01 10:34:34 ::1 POST /Service1.svc - 49474 - ::1 - - 200 0 0 43
2018-08-01 10:34:34 ::1 POST /Service1.svc - 49474 - ::1 - - 200 0 0 114
2018-08-01 10:34:34 ::1 POST /Service1.svc - 49474 - ::1 - - 200 0 0 68
2018-08-01 10:34:34 ::1 POST /Service1.svc - 49474 - ::1 - - 200 0 0 82
2018-08-01 10:34:34 ::1 POST /Service1.svc - 49474 - ::1 - - 200 0 0 169
2018-08-01 10:34:34 ::1 POST /Service1.svc - 49474 - ::1 - - 200 0 0 109
2018-08-01 10:34:35 ::1 POST /Service1.svc - 49474 - ::1 - - 200 0 0 83
2018-08-01 10:34:35 ::1 POST /Service1.svc - 49474 - ::1 - - 200 0 0 28
2018-08-01 10:34:35 ::1 POST /Service1.svc - 49474 - ::1 - - 200 0 0 23
2018-08-01 10:34:35 ::1 POST /Service1.svc - 49474 - ::1 - - 200 0 0 114
2018-08-01 10:34:35 ::1 POST /Service1.svc - 49474 - ::1 - - 200 0 0 60
2018-08-01 10:34:35 ::1 POST /Service1.svc - 49474 - ::1 - - 200 0 0 18
2018-08-01 10:34:35 ::1 POST /Service1.svc - 49474 - ::1 - - 200 0 0 21
2018-08-01 10:34:35 ::1 POST /Service1.svc - 49474 - ::1 - - 200 0 0 152
2018-08-01 10:34:35 ::1 POST /Service1.svc - 49474 - ::1 - - 200 0 0 37
2018-08-01 10:34:37 ::1 POST /Service1.svc - 49474 - ::1 - - 200 0 0 48
2018-08-01 10:34:37 ::1 POST /Service1.svc - 49474 - ::1 - - 200 0 0 50
2018-08-01 10:34:37 ::1 POST /Service1.svc - 49474 - ::1 - - 200 0 0 88
2018-08-01 10:34:37 ::1 POST /Service1.svc - 49474 - ::1 - - 200 0 0 188
2018-08-01 10:43:31 ::1 POST /Service1.svc - 49474 - ::1 - - 200 0 0 575
2018-08-01 10:43:31 ::1 POST /Service1.svc - 49474 - ::1 - - 200 0 0 259
2018-08-01 10:43:33 ::1 POST /Service1.svc - 49474 - ::1 - - 200 0 0 589
2018-08-01 10:43:33 ::1 POST /Service1.svc - 49474 - ::1 - - 200 0 0 605
2018-08-01 10:43:42 ::1 POST /Service1.svc - 49474 - ::1 - - 200 0 0 521
2018-08-01 10:43:42 ::1 POST /Service1.svc - 49474 - ::1 - - 200 0 0 300
2018-08-01 10:43:42 ::1 POST /Service1.svc - 49474 - ::1 - - 200 0 0 26
2018-08-01 10:43:42 ::1 POST /Service1.svc - 49474 - ::1 - - 200 0 0 554
2018-08-01 10:43:44 ::1 POST /Service1.svc - 49474 - ::1 - - 200 0 0 353
2018-08-01 10:43:44 ::1 POST /Service1.svc - 49474 - ::1 - - 200 0 0 418
2018-08-01 10:43:44 ::1 POST /Service1.svc - 49474 - ::1 - - 200 0 0 232
2018-08-01 10:43:44 ::1 POST /Service1.svc - 49474 - ::1 - - 200 0 0 28
2018-08-01 10:43:46 ::1 POST /Service1.svc - 49474 - ::1 - - 200 0 0 701
2018-08-01 10:43:47 ::1 POST /Service1.svc - 49474 - ::1 - - 200 0 0 1168
2018-08-01 10:43:48 ::1 POST /Service1.svc - 49474 - ::1 - - 200 0 0 1235
2018-08-01 10:43:48 ::1 POST /Service1.svc - 49474 - ::1 - - 200 0 0 561
2018-08-01 10:43:49 ::1 POST /Service1.svc - 49474 - ::1 - - 200 0 0 635
2018-08-01 10:43:49 ::1 POST /Service1.svc - 49474 - ::1 - - 200 0 0 927
2018-08-01 10:43:50 ::1 POST /Service1.svc - 49474 - ::1 - - 200 0 0 355
2018-08-01 10:43:50 ::1 POST /Service1.svc - 49474 - ::1 - - 200 0 0 910
2018-08-01 10:43:52 ::1 POST /Service1.svc - 49474 - ::1 - - 200 0 0 318
2018-08-01 10:43:52 ::1 POST /Service1.svc - 49474 - ::1 - - 200 0 0 698
2018-08-01 10:43:54 ::1 POST /Service1.svc - 49474 - ::1 - - 200 0 0 1201
2018-08-01 10:43:58 ::1 POST /Service1.svc - 49474 - ::1 - - 200 0 0 415
2018-08-01 10:43:58 ::1 POST /Service1.svc - 49474 - ::1 - - 200 0 0 768
2018-08-01 10:43:58 ::1 POST /Service1.svc - 49474 - ::1 - - 200 0 0 118
2018-08-01 10:43:59 ::1 POST /Service1.svc - 49474 - ::1 - - 200 0 0 472
2018-08-01 10:43:59 ::1 POST /Service1.svc - 49474 - ::1 - - 200 0 0 311
2018-08-01 10:44:00 ::1 POST /Service1.svc - 49474 - ::1 - - 200 0 0 871
2018-08-01 10:44:00 ::1 POST /Service1.svc - 49474 - ::1 - - 200 0 0 222
2018-08-01 10:44:00 ::1 POST /Service1.svc - 49474 - ::1 - - 200 0 0 312
2018-08-01 10:44:02 ::1 POST /Service1.svc - 49474 - ::1 - - 200 0 0 469
2018-08-01 10:44:02 ::1 POST /Service1.svc - 49474 - ::1 - - 200 0 0 710
2018-08-01 10:44:02 ::1 POST /Service1.svc - 49474 - ::1 - - 200 0 0 74
2018-08-01 10:44:03 ::1 POST /Service1.svc - 49474 - ::1 - - 200 0 0 669
2018-08-01 10:44:03 ::1 POST /Service1.svc - 49474 - ::1 - - 200 0 0 531
2018-08-01 10:44:09 ::1 POST /Service1.svc - 49474 - ::1 - - 200 0 0 183
2018-08-01 10:44:09 ::1 POST /Service1.svc - 49474 - ::1 - - 200 0 0 813
2018-08-01 10:44:11 ::1 POST /Service1.svc - 49474 - ::1 - - 200 0 0 639
2018-08-01 10:44:11 ::1 POST /Service1.svc - 49474 - ::1 - - 200 0 0 539
2018-08-01 10:44:12 ::1 POST /Service1.svc - 49474 - ::1 - - 200 0 0 636
2018-08-01 10:44:12 ::1 POST /Service1.svc - 49474 - ::1 - - 200 0 0 267
2018-08-01 10:44:13 ::1 POST /Service1.svc - 49474 - ::1 - - 200 0 0 1098
2018-08-01 10:44:13 ::1 POST /Service1.svc - 49474 - ::1 - - 200 0 0 71
2018-08-01 10:44:13 ::1 POST /Service1.svc - 49474 - ::1 - - 200 0 0 95
2018-08-01 10:44:13 ::1 POST /Service1.svc - 49474 - ::1 - - 200 0 0 93
2018-08-01 10:45:05 ::1 POST /Service1.svc - 49474 - ::1 - - 200 0 0 36
2018-08-01 10:45:05 ::1 POST /Service1.svc - 49474 - ::1 - - 200 0 0 103
2018-08-01 10:45:05 ::1 POST /Service1.svc - 49474 - ::1 - - 200 0 0 26
2018-08-01 10:45:05 ::1 POST /Service1.svc - 49474 - ::1 - - 200 0 0 40
2018-08-01 10:45:05 ::1 POST /Service1.svc - 49474 - ::1 - - 200 0 0 95
2018-08-01 10:45:05 ::1 POST /Service1.svc - 49474 - ::1 - - 200 0 0 61
2018-08-01 10:45:05 ::1 POST /Service1.svc - 49474 - ::1 - - 200 0 0 44
2018-08-01 10:45:05 ::1 POST /Service1.svc - 49474 - ::1 - - 200 0 0 487
2018-08-01 10:45:06 ::1 POST /Service1.svc - 49474 - ::1 - - 200 0 0 92
2018-08-01 10:45:06 ::1 POST /Service1.svc - 49474 - ::1 - - 200 0 0 116
2018-08-01 10:45:06 ::1 POST /Service1.svc - 49474 - ::1 - - 200 0 0 69
2018-08-01 10:45:06 ::1 POST /Service1.svc - 49474 - ::1 - - 200 0 0 189
2018-08-01 10:45:06 ::1 POST /Service1.svc - 49474 - ::1 - - 200 0 0 51
2018-08-01 10:45:06 ::1 POST /Service1.svc - 49474 - ::1 - - 200 0 0 50
2018-08-01 10:45:06 ::1 POST /Service1.svc - 49474 - ::1 - - 200 0 0 60
2018-08-01 10:45:06 ::1 POST /Service1.svc - 49474 - ::1 - - 200 0 0 83
2018-08-01 10:45:06 ::1 POST /Service1.svc - 49474 - ::1 - - 200 0 0 24
2018-08-01 10:45:06 ::1 POST /Service1.svc - 49474 - ::1 - - 200 0 0 234
2018-08-01 10:45:06 ::1 POST /Service1.svc - 49474 - ::1 - - 200 0 0 68
2018-08-01 10:45:08 ::1 POST /Service1.svc - 49474 - ::1 - - 200 0 0 74
2018-08-01 10:45:08 ::1 POST /Service1.svc - 49474 - ::1 - - 200 0 0 44
2018-08-01 10:45:08 ::1 POST /Service1.svc - 49474 - ::1 - - 200 0 0 63
2018-08-01 10:45:08 ::1 POST /Service1.svc - 49474 - ::1 - - 200 0 0 87
#Software: Microsoft Internet Information Services 10.0
#Version: 1.0
#Date: 2018-08-01 12:15:34
#Fields: date time s-ip cs-method cs-uri-stem cs-uri-query s-port cs-username c-ip cs(User-Agent) cs(Referer) sc-status sc-substatus sc-win32-status time-taken
2018-08-01 12:15:34 ::1 POST /Service1.svc - 49474 - ::1 - - 200 0 0 466
2018-08-01 12:15:34 ::1 POST /Service1.svc - 49474 - ::1 - - 200 0 0 641
2018-08-01 12:15:36 ::1 POST /Service1.svc - 49474 - ::1 - - 200 0 0 959
2018-08-01 12:15:37 ::1 POST /Service1.svc - 49474 - ::1 - - 200 0 0 1093
2018-08-01 12:15:46 ::1 POST /Service1.svc - 49474 - ::1 - - 200 0 0 134
2018-08-01 12:15:46 ::1 POST /Service1.svc - 49474 - ::1 - - 200 0 0 177
2018-08-01 12:15:46 ::1 POST /Service1.svc - 49474 - ::1 - - 200 0 0 97
2018-08-01 12:15:46 ::1 POST /Service1.svc - 49474 - ::1 - - 200 0 0 153
2018-08-01 12:15:49 ::1 POST /Service1.svc - 49474 - ::1 - - 200 0 0 249
2018-08-01 12:15:49 ::1 POST /Service1.svc - 49474 - ::1 - - 200 0 0 83
2018-08-01 12:15:50 ::1 POST /Service1.svc - 49474 - ::1 - - 200 0 0 932
2018-08-01 12:15:50 ::1 POST /Service1.svc - 49474 - ::1 - - 200 0 0 444
2018-08-01 12:15:50 ::1 POST /Service1.svc - 49474 - ::1 - - 200 0 0 37
2018-08-01 12:15:50 ::1 POST /Service1.svc - 49474 - ::1 - - 200 0 0 17
2018-08-01 12:15:50 ::1 POST /Service1.svc - 49474 - ::1 - - 200 0 0 33
2018-08-01 12:15:50 ::1 POST /Service1.svc - 49474 - ::1 - - 200 0 0 19
2018-08-01 12:15:50 ::1 POST /Service1.svc - 49474 - ::1 - - 200 0 0 155
2018-08-01 12:15:50 ::1 POST /Service1.svc - 49474 - ::1 - - 200 0 0 32
2018-08-01 12:15:50 ::1 POST /Service1.svc - 49474 - ::1 - - 200 0 0 26
2018-08-01 12:15:50 ::1 POST /Service1.svc - 49474 - ::1 - - 200 0 0 29
2018-08-01 12:15:50 ::1 POST /Service1.svc - 49474 - ::1 - - 200 0 0 51
2018-08-01 12:15:50 ::1 POST /Service1.svc - 49474 - ::1 - - 200 0 0 26
2018-08-01 12:15:51 ::1 POST /Service1.svc - 49474 - ::1 - - 200 0 0 70
2018-08-01 12:15:53 ::1 POST /Service1.svc - 49474 - ::1 - - 200 0 0 12
2018-08-01 12:15:53 ::1 POST /Service1.svc - 49474 - ::1 - - 200 0 0 17
2018-08-01 12:15:53 ::1 POST /Service1.svc - 49474 - ::1 - - 200 0 0 14
2018-08-01 12:15:53 ::1 POST /Service1.svc - 49474 - ::1 - - 200 0 0 128
2018-08-01 12:15:53 ::1 POST /Service1.svc - 49474 - ::1 - - 200 0 0 111
2018-08-01 12:15:53 ::1 POST /Service1.svc - 49474 - ::1 - - 200 0 0 54
2018-08-01 12:15:53 ::1 POST /Service1.svc - 49474 - ::1 - - 200 0 0 86
2018-08-01 12:15:53 ::1 POST /Service1.svc - 49474 - ::1 - - 200 0 0 55
2018-08-01 12:15:55 ::1 POST /Service1.svc - 49474 - ::1 - - 200 0 0 77
2018-08-01 12:15:55 ::1 POST /Service1.svc - 49474 - ::1 - - 200 0 0 30
2018-08-01 12:15:55 ::1 POST /Service1.svc - 49474 - ::1 - - 200 0 0 23
2018-08-01 12:15:55 ::1 POST /Service1.svc - 49474 - ::1 - - 200 0 0 39
2018-08-01 12:15:55 ::1 POST /Service1.svc - 49474 - ::1 - - 200 0 0 95
2018-08-01 12:16:00 ::1 POST /Service1.svc - 49474 - ::1 - - 200 0 0 21
2018-08-01 12:16:00 ::1 POST /Service1.svc - 49474 - ::1 - - 200 0 0 34
2018-08-01 12:16:00 ::1 POST /Service1.svc - 49474 - ::1 - - 200 0 0 17
2018-08-01 12:16:00 ::1 POST /Service1.svc - 49474 - ::1 - - 200 0 0 126
2018-08-01 12:16:00 ::1 POST /Service1.svc - 49474 - ::1 - - 200 0 0 283
2018-08-01 12:16:01 ::1 POST /Service1.svc - 49474 - ::1 - - 200 0 0 74
2018-08-01 12:16:01 ::1 POST /Service1.svc - 49474 - ::1 - - 200 0 0 100
2018-08-01 12:16:01 ::1 POST /Service1.svc - 49474 - ::1 - - 200 0 0 81
2018-08-01 12:16:01 ::1 POST /Service1.svc - 49474 - ::1 - - 200 0 0 76
2018-08-01 12:16:01 ::1 POST /Service1.svc - 49474 - ::1 - - 200 0 0 570
#Software: Microsoft Internet Information Services 10.0
#Version: 1.0
#Date: 2018-08-01 12:45:07
#Fields: date time s-ip cs-method cs-uri-stem cs-uri-query s-port cs-username c-ip cs(User-Agent) cs(Referer) sc-status sc-substatus sc-win32-status time-taken
2018-08-01 12:45:07 ::1 POST /Service1.svc - 49474 - ::1 - - 200 0 0 212
2018-08-01 12:45:07 ::1 POST /Service1.svc - 49474 - ::1 - - 200 0 0 78
2018-08-01 12:45:07 ::1 POST /Service1.svc - 49474 - ::1 - - 200 0 0 163
2018-08-01 12:45:08 ::1 POST /Service1.svc - 49474 - ::1 - - 200 0 0 202
2018-08-01 12:45:14 ::1 POST /Service1.svc - 49474 - ::1 - - 200 0 0 106
2018-08-01 12:45:14 ::1 POST /Service1.svc - 49474 - ::1 - - 200 0 0 102
2018-08-01 12:45:14 ::1 POST /Service1.svc - 49474 - ::1 - - 200 0 0 137
2018-08-01 12:45:15 ::1 POST /Service1.svc - 49474 - ::1 - - 200 0 0 790
2018-08-01 12:45:16 ::1 POST /Service1.svc - 49474 - ::1 - - 200 0 0 838
2018-08-01 12:45:16 ::1 POST /Service1.svc - 49474 - ::1 - - 200 0 0 323
2018-08-01 12:45:16 ::1 POST /Service1.svc - 49474 - ::1 - - 200 0 0 139
2018-08-01 12:45:16 ::1 POST /Service1.svc - 49474 - ::1 - - 200 0 0 284
2018-08-01 12:45:16 ::1 POST /Service1.svc - 49474 - ::1 - - 200 0 0 250
2018-08-01 12:45:17 ::1 POST /Service1.svc - 49474 - ::1 - - 200 0 0 104
2018-08-01 12:45:17 ::1 POST /Service1.svc - 49474 - ::1 - - 200 0 0 75
2018-08-01 12:45:17 ::1 POST /Service1.svc - 49474 - ::1 - - 200 0 0 106
2018-08-01 12:45:17 ::1 POST /Service1.svc - 49474 - ::1 - - 200 0 0 187
2018-08-01 12:45:17 ::1 POST /Service1.svc - 49474 - ::1 - - 200 0 0 70
2018-08-01 12:45:17 ::1 POST /Service1.svc - 49474 - ::1 - - 200 0 0 167
2018-08-01 12:45:17 ::1 POST /Service1.svc - 49474 - ::1 - - 200 0 0 122
2018-08-01 12:45:17 ::1 POST /Service1.svc - 49474 - ::1 - - 200 0 0 225
2018-08-01 12:45:19 ::1 POST /Service1.svc - 49474 - ::1 - - 200 0 0 559
2018-08-01 12:45:19 ::1 POST /Service1.svc - 49474 - ::1 - - 200 0 0 107
2018-08-01 12:45:32 ::1 POST /Service1.svc - 49474 - ::1 - - 200 0 0 487
2018-08-01 12:45:32 ::1 POST /Service1.svc - 49474 - ::1 - - 200 0 0 419
2018-08-01 12:45:32 ::1 POST /Service1.svc - 49474 - ::1 - - 200 0 0 40
2018-08-01 12:45:32 ::1 POST /Service1.svc - 49474 - ::1 - - 200 0 0 46
2018-08-01 12:45:32 ::1 POST /Service1.svc - 49474 - ::1 - - 200 0 0 177
2018-08-01 12:45:33 ::1 POST /Service1.svc - 49474 - ::1 - - 200 0 0 376
2018-08-01 12:45:33 ::1 POST /Service1.svc - 49474 - ::1 - - 200 0 0 94
2018-08-01 12:45:33 ::1 POST /Service1.svc - 49474 - ::1 - - 200 0 0 125
2018-08-01 12:45:35 ::1 POST /Service1.svc - 49474 - ::1 - - 200 0 0 848
2018-08-01 12:45:35 ::1 POST /Service1.svc - 49474 - ::1 - - 200 0 0 129
2018-08-01 12:45:35 ::1 POST /Service1.svc - 49474 - ::1 - - 200 0 0 251
2018-08-01 12:45:35 ::1 POST /Service1.svc - 49474 - ::1 - - 200 0 0 476
2018-08-01 12:45:37 ::1 POST /Service1.svc - 49474 - ::1 - - 200 0 0 386
2018-08-01 12:45:37 ::1 POST /Service1.svc - 49474 - ::1 - - 200 0 0 849
2018-08-01 12:45:38 ::1 POST /Service1.svc - 49474 - ::1 - - 200 0 0 652
2018-08-01 12:45:38 ::1 POST /Service1.svc - 49474 - ::1 - - 200 0 0 806
2018-08-01 12:45:38 ::1 POST /Service1.svc - 49474 - ::1 - - 200 0 0 132
2018-08-01 12:45:39 ::1 POST /Service1.svc - 49474 - ::1 - - 200 0 0 131
2018-08-01 12:45:39 ::1 POST /Service1.svc - 49474 - ::1 - - 200 0 0 80
2018-08-01 12:45:39 ::1 POST /Service1.svc - 49474 - ::1 - - 200 0 0 209
2018-08-01 12:45:39 ::1 POST /Service1.svc - 49474 - ::1 - - 200 0 0 324
2018-08-01 12:45:39 ::1 POST /Service1.svc - 49474 - ::1 - - 200 0 0 164
2018-08-01 12:45:39 ::1 POST /Service1.svc - 49474 - ::1 - - 200 0 0 65
2018-08-01 12:45:40 ::1 POST /Service1.svc - 49474 - ::1 - - 200 0 0 215
2018-08-01 12:45:40 ::1 POST /Service1.svc - 49474 - ::1 - - 200 0 0 162
2018-08-01 12:45:40 ::1 POST /Service1.svc - 49474 - ::1 - - 200 0 0 96
2018-08-01 12:45:40 ::1 POST /Service1.svc - 49474 - ::1 - - 200 0 0 258
2018-08-01 12:45:40 ::1 POST /Service1.svc - 49474 - ::1 - - 200 0 0 112
2018-08-01 12:45:40 ::1 POST /Service1.svc - 49474 - ::1 - - 200 0 0 32
2018-08-01 12:45:40 ::1 POST /Service1.svc - 49474 - ::1 - - 200 0 0 159
2018-08-01 12:45:40 ::1 POST /Service1.svc - 49474 - ::1 - - 200 0 0 87
2018-08-01 12:45:42 ::1 POST /Service1.svc - 49474 - ::1 - - 200 0 0 172
2018-08-01 12:45:43 ::1 POST /Service1.svc - 49474 - ::1 - - 200 0 0 1098
2018-08-01 12:45:43 ::1 POST /Service1.svc - 49474 - ::1 - - 200 0 0 435
2018-08-01 12:45:43 ::1 POST /Service1.svc - 49474 - ::1 - - 200 0 0 440
2018-08-01 12:45:44 ::1 POST /Service1.svc - 49474 - ::1 - - 200 0 0 353
2018-08-01 12:45:45 ::1 POST /Service1.svc - 49474 - ::1 - - 200 0 0 107
2018-08-01 12:45:45 ::1 POST /Service1.svc - 49474 - ::1 - - 200 0 0 46
2018-08-01 12:45:45 ::1 POST /Service1.svc - 49474 - ::1 - - 200 0 0 158
2018-08-01 12:45:45 ::1 POST /Service1.svc - 49474 - ::1 - - 200 0 0 54
2018-08-01 12:45:47 ::1 POST /Service1.svc - 49474 - ::1 - - 200 0 0 1002
2018-08-01 12:45:49 ::1 POST /Service1.svc - 49474 - ::1 - - 200 0 0 191
2018-08-01 12:45:49 ::1 POST /Service1.svc - 49474 - ::1 - - 200 0 0 79
2018-08-01 12:45:49 ::1 POST /Service1.svc - 49474 - ::1 - - 200 0 0 45
2018-08-01 12:45:49 ::1 POST /Service1.svc - 49474 - ::1 - - 200 0 0 64
2018-08-01 12:45:49 ::1 POST /Service1.svc - 49474 - ::1 - - 200 0 0 68
2018-08-01 12:45:49 ::1 POST /Service1.svc - 49474 - ::1 - - 200 0 0 94
2018-08-01 12:45:49 ::1 POST /Service1.svc - 49474 - ::1 - - 200 0 0 273
2018-08-01 12:45:50 ::1 POST /Service1.svc - 49474 - ::1 - - 200 0 0 602
2018-08-01 12:45:50 ::1 POST /Service1.svc - 49474 - ::1 - - 200 0 0 171
2018-08-01 12:45:50 ::1 POST /Service1.svc - 49474 - ::1 - - 200 0 0 188
2018-08-01 12:45:50 ::1 POST /Service1.svc - 49474 - ::1 - - 200 0 0 153
2018-08-01 12:46:21 ::1 POST /Service1.svc - 49474 - ::1 - - 200 0 0 161
2018-08-01 12:46:21 ::1 POST /Service1.svc - 49474 - ::1 - - 200 0 0 34
2018-08-01 12:46:21 ::1 POST /Service1.svc - 49474 - ::1 - - 200 0 0 159
2018-08-01 12:46:22 ::1 POST /Service1.svc - 49474 - ::1 - - 200 0 0 33
2018-08-01 12:46:22 ::1 POST /Service1.svc - 49474 - ::1 - - 200 0 0 46
2018-08-01 12:46:22 ::1 POST /Service1.svc - 49474 - ::1 - - 200 0 0 113
2018-08-01 12:46:24 ::1 POST /Service1.svc - 49474 - ::1 - - 200 0 0 130
2018-08-01 12:46:26 ::1 POST /Service1.svc - 49474 - ::1 - - 200 0 0 18
2018-08-01 12:46:26 ::1 POST /Service1.svc - 49474 - ::1 - - 200 0 0 52
2018-08-01 12:46:26 ::1 POST /Service1.svc - 49474 - ::1 - - 200 0 0 83
2018-08-01 12:46:26 ::1 POST /Service1.svc - 49474 - ::1 - - 200 0 0 92
2018-08-01 12:46:26 ::1 POST /Service1.svc - 49474 - ::1 - - 200 0 0 99
2018-08-01 12:46:26 ::1 POST /Service1.svc - 49474 - ::1 - - 200 0 0 114
2018-08-01 12:46:26 ::1 POST /Service1.svc - 49474 - ::1 - - 200 0 0 22
2018-08-01 12:46:28 ::1 POST /Service1.svc - 49474 - ::1 - - 200 0 0 102
2018-08-01 12:46:28 ::1 POST /Service1.svc - 49474 - ::1 - - 200 0 0 638
2018-08-01 12:46:30 ::1 POST /Service1.svc - 49474 - ::1 - - 200 0 0 19
2018-08-01 12:46:30 ::1 POST /Service1.svc - 49474 - ::1 - - 200 0 0 77
2018-08-01 12:46:30 ::1 POST /Service1.svc - 49474 - ::1 - - 200 0 0 124
2018-08-01 12:46:30 ::1 POST /Service1.svc - 49474 - ::1 - - 200 0 0 48
2018-08-01 12:46:30 ::1 POST /Service1.svc - 49474 - ::1 - - 200 0 0 155
2018-08-01 12:46:32 ::1 POST /Service1.svc - 49474 - ::1 - - 200 0 0 103
2018-08-01 12:46:32 ::1 POST /Service1.svc - 49474 - ::1 - - 200 0 0 33
2018-08-01 12:46:32 ::1 POST /Service1.svc - 49474 - ::1 - - 200 0 0 201
2018-08-01 12:46:32 ::1 POST /Service1.svc - 49474 - ::1 - - 200 0 0 128
2018-08-01 12:46:34 ::1 POST /Service1.svc - 49474 - ::1 - - 200 0 0 56
2018-08-01 12:46:34 ::1 POST /Service1.svc - 49474 - ::1 - - 200 0 0 16
2018-08-01 12:46:34 ::1 POST /Service1.svc - 49474 - ::1 - - 200 0 0 19
2018-08-01 12:46:34 ::1 POST /Service1.svc - 49474 - ::1 - - 200 0 0 26
2018-08-01 12:46:34 ::1 POST /Service1.svc - 49474 - ::1 - - 200 0 0 16
2018-08-01 12:46:34 ::1 POST /Service1.svc - 49474 - ::1 - - 200 0 0 96
2018-08-01 12:46:34 ::1 POST /Service1.svc - 49474 - ::1 - - 200 0 0 28
2018-08-01 12:46:34 ::1 POST /Service1.svc - 49474 - ::1 - - 200 0 0 65
2018-08-01 12:46:34 ::1 POST /Service1.svc - 49474 - ::1 - - 200 0 0 109
2018-08-01 12:46:34 ::1 POST /Service1.svc - 49474 - ::1 - - 200 0 0 22
2018-08-01 12:46:34 ::1 POST /Service1.svc - 49474 - ::1 - - 200 0 0 26
2018-08-01 12:46:34 ::1 POST /Service1.svc - 49474 - ::1 - - 200 0 0 24
2018-08-01 12:46:34 ::1 POST /Service1.svc - 49474 - ::1 - - 200 0 0 69
2018-08-01 12:46:34 ::1 POST /Service1.svc - 49474 - ::1 - - 200 0 0 47
2018-08-01 12:46:34 ::1 POST /Service1.svc - 49474 - ::1 - - 200 0 0 30
2018-08-01 12:46:34 ::1 POST /Service1.svc - 49474 - ::1 - - 200 0 0 17
2018-08-01 12:46:34 ::1 POST /Service1.svc - 49474 - ::1 - - 200 0 0 22
2018-08-01 12:46:34 ::1 POST /Service1.svc - 49474 - ::1 - - 200 0 0 15
2018-08-01 12:46:35 ::1 POST /Service1.svc - 49474 - ::1 - - 200 0 0 338
2018-08-01 12:46:37 ::1 POST /Service1.svc - 49474 - ::1 - - 200 0 0 27
2018-08-01 12:46:37 ::1 POST /Service1.svc - 49474 - ::1 - - 200 0 0 69
2018-08-01 12:46:37 ::1 POST /Service1.svc - 49474 - ::1 - - 200 0 0 43
2018-08-01 12:46:37 ::1 POST /Service1.svc - 49474 - ::1 - - 200 0 0 37
2018-08-01 12:46:37 ::1 POST /Service1.svc - 49474 - ::1 - - 200 0 0 29
2018-08-01 12:46:37 ::1 POST /Service1.svc - 49474 - ::1 - - 200 0 0 26
2018-08-01 12:46:37 ::1 POST /Service1.svc - 49474 - ::1 - - 200 0 0 144
2018-08-01 12:46:37 ::1 POST /Service1.svc - 49474 - ::1 - - 200 0 0 84
2018-08-01 12:46:37 ::1 POST /Service1.svc - 49474 - ::1 - - 200 0 0 175
2018-08-01 12:46:37 ::1 POST /Service1.svc - 49474 - ::1 - - 200 0 0 71
2018-08-01 12:46:38 ::1 POST /Service1.svc - 49474 - ::1 - - 200 0 0 137
2018-08-01 12:46:38 ::1 POST /Service1.svc - 49474 - ::1 - - 200 0 0 56
2018-08-01 12:46:38 ::1 POST /Service1.svc - 49474 - ::1 - - 200 0 0 285
2018-08-01 12:46:42 ::1 POST /Service1.svc - 49474 - ::1 - - 200 0 0 28
2018-08-01 12:46:42 ::1 POST /Service1.svc - 49474 - ::1 - - 200 0 0 115
2018-08-01 12:46:42 ::1 POST /Service1.svc - 49474 - ::1 - - 200 0 0 138
2018-08-01 12:46:42 ::1 POST /Service1.svc - 49474 - ::1 - - 200 0 0 65
2018-08-01 12:46:42 ::1 POST /Service1.svc - 49474 - ::1 - - 200 0 0 155
2018-08-01 12:46:42 ::1 POST /Service1.svc - 49474 - ::1 - - 200 0 0 214
2018-08-01 12:46:43 ::1 POST /Service1.svc - 49474 - ::1 - - 200 0 0 378
2018-08-01 12:46:43 ::1 POST /Service1.svc - 49474 - ::1 - - 200 0 0 123
2018-08-01 12:46:43 ::1 POST /Service1.svc - 49474 - ::1 - - 200 0 0 63
2018-08-01 12:46:43 ::1 POST /Service1.svc - 49474 - ::1 - - 200 0 0 126
2018-08-01 12:47:15 ::1 POST /Service1.svc - 49474 - ::1 - - 200 0 0 175
2018-08-01 12:47:15 ::1 POST /Service1.svc - 49474 - ::1 - - 200 0 0 72
2018-08-01 12:47:15 ::1 POST /Service1.svc - 49474 - ::1 - - 200 0 0 97
2018-08-01 12:47:15 ::1 POST /Service1.svc - 49474 - ::1 - - 200 0 0 46
2018-08-01 12:47:15 ::1 POST /Service1.svc - 49474 - ::1 - - 200 0 0 73
2018-08-01 12:47:15 ::1 POST /Service1.svc - 49474 - ::1 - - 200 0 0 44
2018-08-01 12:47:15 ::1 POST /Service1.svc - 49474 - ::1 - - 200 0 0 235
2018-08-01 12:47:15 ::1 POST /Service1.svc - 49474 - ::1 - - 200 0 0 47
2018-08-01 12:47:16 ::1 POST /Service1.svc - 49474 - ::1 - - 200 0 0 226
2018-08-01 12:47:16 ::1 POST /Service1.svc - 49474 - ::1 - - 200 0 0 197
2018-08-01 12:47:16 ::1 POST /Service1.svc - 49474 - ::1 - - 200 0 0 129
2018-08-01 12:47:16 ::1 POST /Service1.svc - 49474 - ::1 - - 200 0 0 64
2018-08-01 12:47:16 ::1 POST /Service1.svc - 49474 - ::1 - - 200 0 0 104
2018-08-01 12:47:16 ::1 POST /Service1.svc - 49474 - ::1 - - 200 0 0 112
2018-08-01 12:47:16 ::1 POST /Service1.svc - 49474 - ::1 - - 200 0 0 194
2018-08-01 12:47:16 ::1 POST /Service1.svc - 49474 - ::1 - - 200 0 0 73
2018-08-01 12:47:16 ::1 POST /Service1.svc - 49474 - ::1 - - 200 0 0 119
2018-08-01 12:47:17 ::1 POST /Service1.svc - 49474 - ::1 - - 200 0 0 66
2018-08-01 12:47:17 ::1 POST /Service1.svc - 49474 - ::1 - - 200 0 0 64
2018-08-01 12:47:17 ::1 POST /Service1.svc - 49474 - ::1 - - 200 0 0 19
2018-08-01 12:47:17 ::1 POST /Service1.svc - 49474 - ::1 - - 200 0 0 24
2018-08-01 12:47:18 ::1 POST /Service1.svc - 49474 - ::1 - - 200 0 0 176
2018-08-01 12:47:18 ::1 POST /Service1.svc - 49474 - ::1 - - 200 0 0 149
