#Software: Microsoft Internet Information Services 10.0
#Version: 1.0
#Date: 2018-06-11 06:10:56
#Fields: date time s-ip cs-method cs-uri-stem cs-uri-query s-port cs-username c-ip cs(User-Agent) cs(Referer) sc-status sc-substatus sc-win32-status time-taken
2018-06-11 06:10:56 ::1 POST /Service1.svc - 49474 - ::1 - - 415 0 0 21144
2018-06-11 06:10:56 ::1 POST /Service1.svc/mex - 49474 - ::1 - - 415 0 0 7
2018-06-11 06:11:03 ::1 GET /Service1.svc - 49474 - ::1 Mozilla/4.0+(compatible;+MSIE+6.0;+MS+Web+Services+Client+Protocol+4.0.30319.42000) - 200 0 0 5939
2018-06-11 06:11:03 ::1 GET /Service1.svc disco 49474 - ::1 Mozilla/4.0+(compatible;+MSIE+6.0;+MS+Web+Services+Client+Protocol+4.0.30319.42000) - 200 0 0 130
2018-06-11 06:11:03 ::1 GET /Service1.svc wsdl 49474 - ::1 Mozilla/4.0+(compatible;+MSIE+6.0;+MS+Web+Services+Client+Protocol+4.0.30319.42000) - 200 0 0 204
2018-06-11 06:11:05 ::1 GET /Service1.svc xsd=xsd0 49474 - ::1 Mozilla/4.0+(compatible;+MSIE+6.0;+MS+Web+Services+Client+Protocol+4.0.30319.42000) - 200 0 0 1665
2018-06-11 06:11:05 ::1 GET /Service1.svc xsd=xsd2 49474 - ::1 Mozilla/4.0+(compatible;+MSIE+6.0;+MS+Web+Services+Client+Protocol+4.0.30319.42000) - 200 0 0 49
2018-06-11 06:11:05 ::1 GET /Service1.svc xsd=xsd3 49474 - ::1 Mozilla/4.0+(compatible;+MSIE+6.0;+MS+Web+Services+Client+Protocol+4.0.30319.42000) - 200 0 0 12
2018-06-11 06:11:05 ::1 GET /Service1.svc xsd=xsd1 49474 - ::1 Mozilla/4.0+(compatible;+MSIE+6.0;+MS+Web+Services+Client+Protocol+4.0.30319.42000) - 200 0 0 15
2018-06-11 06:16:27 ::1 POST /Service1.svc - 49474 - ::1 - - 200 0 0 18631
2018-06-11 06:16:27 ::1 POST /Service1.svc - 49474 - ::1 - - 200 0 0 116
2018-06-11 06:16:28 ::1 POST /Service1.svc - 49474 - ::1 - - 200 0 0 442
2018-06-11 06:16:28 ::1 POST /Service1.svc - 49474 - ::1 - - 200 0 0 795
2018-06-11 06:16:29 ::1 POST /Service1.svc - 49474 - ::1 - - 200 0 0 311
2018-06-11 06:16:29 ::1 POST /Service1.svc - 49474 - ::1 - - 200 0 0 222
2018-06-11 06:16:29 ::1 POST /Service1.svc - 49474 - ::1 - - 200 0 0 162
2018-06-11 06:16:29 ::1 POST /Service1.svc - 49474 - ::1 - - 200 0 0 79
2018-06-11 06:16:29 ::1 POST /Service1.svc - 49474 - ::1 - - 200 0 0 50
2018-06-11 06:16:29 ::1 POST /Service1.svc - 49474 - ::1 - - 200 0 0 181
2018-06-11 06:16:29 ::1 POST /Service1.svc - 49474 - ::1 - - 200 0 0 36
2018-06-11 06:16:29 ::1 POST /Service1.svc - 49474 - ::1 - - 200 0 0 60
2018-06-11 06:16:31 ::1 POST /Service1.svc - 49474 - ::1 - - 200 0 0 608
2018-06-11 06:16:31 ::1 POST /Service1.svc - 49474 - ::1 - - 200 0 0 39
2018-06-11 06:16:31 ::1 POST /Service1.svc - 49474 - ::1 - - 200 0 0 69
2018-06-11 06:16:31 ::1 POST /Service1.svc - 49474 - ::1 - - 200 0 0 80
2018-06-11 06:16:31 ::1 POST /Service1.svc - 49474 - ::1 - - 200 0 0 319
2018-06-11 06:16:43 ::1 POST /Service1.svc - 49474 - ::1 - - 200 0 0 90
2018-06-11 06:16:43 ::1 POST /Service1.svc - 49474 - ::1 - - 200 0 0 152
2018-06-11 06:16:43 ::1 POST /Service1.svc - 49474 - ::1 - - 200 0 0 67
2018-06-11 06:16:43 ::1 POST /Service1.svc - 49474 - ::1 - - 200 0 0 20
2018-06-11 06:16:43 ::1 POST /Service1.svc - 49474 - ::1 - - 200 0 0 65
2018-06-11 06:16:43 ::1 POST /Service1.svc - 49474 - ::1 - - 200 0 0 29
2018-06-11 06:16:43 ::1 POST /Service1.svc - 49474 - ::1 - - 200 0 0 14
2018-06-11 06:16:43 ::1 POST /Service1.svc - 49474 - ::1 - - 200 0 0 16
2018-06-11 06:16:43 ::1 POST /Service1.svc - 49474 - ::1 - - 200 0 0 27
2018-06-11 06:16:43 ::1 POST /Service1.svc - 49474 - ::1 - - 200 0 0 180
2018-06-11 06:16:43 ::1 POST /Service1.svc - 49474 - ::1 - - 200 0 0 18
2018-06-11 06:16:43 ::1 POST /Service1.svc - 49474 - ::1 - - 200 0 0 42
2018-06-11 06:16:43 ::1 POST /Service1.svc - 49474 - ::1 - - 200 0 0 43
2018-06-11 06:16:43 ::1 POST /Service1.svc - 49474 - ::1 - - 200 0 0 158
2018-06-11 06:16:43 ::1 POST /Service1.svc - 49474 - ::1 - - 200 0 0 36
2018-06-11 06:17:03 ::1 POST /Service1.svc - 49474 - ::1 - - 200 0 0 92
2018-06-11 06:17:03 ::1 POST /Service1.svc - 49474 - ::1 - - 200 0 0 66
2018-06-11 06:17:03 ::1 POST /Service1.svc - 49474 - ::1 - - 200 0 0 259
2018-06-11 06:17:03 ::1 POST /Service1.svc - 49474 - ::1 - - 200 0 0 175
2018-06-11 06:17:03 ::1 POST /Service1.svc - 49474 - ::1 - - 200 0 0 64
2018-06-11 06:17:03 ::1 POST /Service1.svc - 49474 - ::1 - - 200 0 0 83
2018-06-11 06:17:03 ::1 POST /Service1.svc - 49474 - ::1 - - 200 0 0 93
2018-06-11 06:17:04 ::1 POST /Service1.svc - 49474 - ::1 - - 200 0 0 295
2018-06-11 06:17:04 ::1 POST /Service1.svc - 49474 - ::1 - - 200 0 0 97
2018-06-11 06:17:04 ::1 POST /Service1.svc - 49474 - ::1 - - 200 0 0 91
2018-06-11 06:17:04 ::1 POST /Service1.svc - 49474 - ::1 - - 200 0 0 13
2018-06-11 06:17:04 ::1 POST /Service1.svc - 49474 - ::1 - - 200 0 0 42
2018-06-11 06:17:04 ::1 POST /Service1.svc - 49474 - ::1 - - 200 0 0 76
2018-06-11 06:17:04 ::1 POST /Service1.svc - 49474 - ::1 - - 200 0 0 129
2018-06-11 06:17:04 ::1 POST /Service1.svc - 49474 - ::1 - - 200 0 0 64
2018-06-11 06:17:04 ::1 POST /Service1.svc - 49474 - ::1 - - 200 0 0 29
2018-06-11 06:17:04 ::1 POST /Service1.svc - 49474 - ::1 - - 200 0 0 56
#Software: Microsoft Internet Information Services 10.0
#Version: 1.0
#Date: 2018-06-11 06:38:28
#Fields: date time s-ip cs-method cs-uri-stem cs-uri-query s-port cs-username c-ip cs(User-Agent) cs(Referer) sc-status sc-substatus sc-win32-status time-taken
2018-06-11 06:38:28 ::1 POST /Service1.svc - 49474 - ::1 - - 200 0 0 2884
2018-06-11 06:38:29 ::1 POST /Service1.svc - 49474 - ::1 - - 200 0 0 111
2018-06-11 06:38:29 ::1 POST /Service1.svc - 49474 - ::1 - - 200 0 0 148
2018-06-11 06:38:29 ::1 POST /Service1.svc - 49474 - ::1 - - 200 0 0 124
2018-06-11 06:38:29 ::1 POST /Service1.svc - 49474 - ::1 - - 200 0 0 113
2018-06-11 06:38:29 ::1 POST /Service1.svc - 49474 - ::1 - - 200 0 0 150
2018-06-11 06:38:29 ::1 POST /Service1.svc - 49474 - ::1 - - 200 0 0 120
2018-06-11 06:38:30 ::1 POST /Service1.svc - 49474 - ::1 - - 200 0 0 215
2018-06-11 06:38:30 ::1 POST /Service1.svc - 49474 - ::1 - - 200 0 0 170
2018-06-11 06:38:30 ::1 POST /Service1.svc - 49474 - ::1 - - 200 0 0 86
2018-06-11 06:38:30 ::1 POST /Service1.svc - 49474 - ::1 - - 200 0 0 127
2018-06-11 06:38:30 ::1 POST /Service1.svc - 49474 - ::1 - - 200 0 0 100
2018-06-11 06:38:30 ::1 POST /Service1.svc - 49474 - ::1 - - 200 0 0 119
2018-06-11 06:38:30 ::1 POST /Service1.svc - 49474 - ::1 - - 200 0 0 72
2018-06-11 06:38:30 ::1 POST /Service1.svc - 49474 - ::1 - - 200 0 0 205
2018-06-11 06:38:30 ::1 POST /Service1.svc - 49474 - ::1 - - 200 0 0 77
2018-06-11 06:38:31 ::1 POST /Service1.svc - 49474 - ::1 - - 200 0 0 198
2018-06-11 06:44:45 ::1 POST /Service1.svc - 49474 - ::1 - - 200 0 0 97
2018-06-11 06:44:45 ::1 POST /Service1.svc - 49474 - ::1 - - 200 0 0 74
2018-06-11 06:44:45 ::1 POST /Service1.svc - 49474 - ::1 - - 200 0 0 108
2018-06-11 06:44:46 ::1 POST /Service1.svc - 49474 - ::1 - - 200 0 0 85
2018-06-11 06:44:46 ::1 POST /Service1.svc - 49474 - ::1 - - 200 0 0 156
2018-06-11 06:44:46 ::1 POST /Service1.svc - 49474 - ::1 - - 200 0 0 19
2018-06-11 06:44:46 ::1 POST /Service1.svc - 49474 - ::1 - - 200 0 0 15
2018-06-11 06:44:46 ::1 POST /Service1.svc - 49474 - ::1 - - 200 0 0 105
2018-06-11 06:44:46 ::1 POST /Service1.svc - 49474 - ::1 - - 200 0 0 57
2018-06-11 06:44:46 ::1 POST /Service1.svc - 49474 - ::1 - - 200 0 0 106
2018-06-11 06:44:46 ::1 POST /Service1.svc - 49474 - ::1 - - 200 0 0 81
2018-06-11 06:44:46 ::1 POST /Service1.svc - 49474 - ::1 - - 200 0 0 76
2018-06-11 06:44:46 ::1 POST /Service1.svc - 49474 - ::1 - - 200 0 0 68
2018-06-11 06:44:46 ::1 POST /Service1.svc - 49474 - ::1 - - 200 0 0 166
2018-06-11 06:44:47 ::1 POST /Service1.svc - 49474 - ::1 - - 200 0 0 329
2018-06-11 06:44:47 ::1 POST /Service1.svc - 49474 - ::1 - - 200 0 0 287
2018-06-11 06:44:47 ::1 POST /Service1.svc - 49474 - ::1 - - 200 0 0 106
