#Software: Microsoft Internet Information Services 10.0
#Version: 1.0
#Date: 2018-04-24 04:35:59
#Fields: date time s-ip cs-method cs-uri-stem cs-uri-query s-port cs-username c-ip cs(User-Agent) cs(Referer) sc-status sc-substatus sc-win32-status time-taken
2018-04-24 04:35:59 ::1 POST /Service1.svc - 49474 - ::1 - - 415 0 0 41167
2018-04-24 04:35:59 ::1 POST /Service1.svc/mex - 49474 - ::1 - - 415 0 0 8
2018-04-24 04:36:04 ::1 GET /Service1.svc - 49474 - ::1 Mozilla/4.0+(compatible;+MSIE+6.0;+MS+Web+Services+Client+Protocol+4.0.30319.42000) - 200 0 0 4012
2018-04-24 04:36:04 ::1 GET /Service1.svc disco 49474 - ::1 Mozilla/4.0+(compatible;+MSIE+6.0;+MS+Web+Services+Client+Protocol+4.0.30319.42000) - 200 0 0 9
2018-04-24 04:36:04 ::1 GET /Service1.svc wsdl 49474 - ::1 Mozilla/4.0+(compatible;+MSIE+6.0;+MS+Web+Services+Client+Protocol+4.0.30319.42000) - 200 0 0 475
2018-04-24 04:36:07 ::1 GET /Service1.svc xsd=xsd0 49474 - ::1 Mozilla/4.0+(compatible;+MSIE+6.0;+MS+Web+Services+Client+Protocol+4.0.30319.42000) - 200 0 0 2132
2018-04-24 04:36:07 ::1 GET /Service1.svc xsd=xsd2 49474 - ::1 Mozilla/4.0+(compatible;+MSIE+6.0;+MS+Web+Services+Client+Protocol+4.0.30319.42000) - 200 0 0 46
2018-04-24 04:36:07 ::1 GET /Service1.svc xsd=xsd3 49474 - ::1 Mozilla/4.0+(compatible;+MSIE+6.0;+MS+Web+Services+Client+Protocol+4.0.30319.42000) - 200 0 0 88
2018-04-24 04:36:07 ::1 GET /Service1.svc xsd=xsd1 49474 - ::1 Mozilla/4.0+(compatible;+MSIE+6.0;+MS+Web+Services+Client+Protocol+4.0.30319.42000) - 200 0 0 53
2018-04-24 04:36:43 ::1 GET /Service1.svc - 49474 - ::1 Mozilla/4.0+(compatible;+MSIE+6.0;+MS+Web+Services+Client+Protocol+4.0.30319.42000) - 200 0 0 62
2018-04-24 04:36:43 ::1 GET /Service1.svc disco 49474 - ::1 Mozilla/4.0+(compatible;+MSIE+6.0;+MS+Web+Services+Client+Protocol+4.0.30319.42000) - 200 0 0 98
2018-04-24 04:36:43 ::1 GET /Service1.svc/$metadata - 49474 - ::1 Mozilla/4.0+(compatible;+MSIE+6.0;+MS+Web+Services+Client+Protocol+4.0.30319.42000) - 400 0 0 337
2018-04-24 04:36:43 ::1 GET /Service1.svc wsdl 49474 - ::1 Mozilla/4.0+(compatible;+MSIE+6.0;+MS+Web+Services+Client+Protocol+4.0.30319.42000) - 200 0 0 91
2018-04-24 04:36:43 ::1 GET /Service1.svc xsd=xsd0 49474 - ::1 Mozilla/4.0+(compatible;+MSIE+6.0;+MS+Web+Services+Client+Protocol+4.0.30319.42000) - 200 0 0 60
2018-04-24 04:36:43 ::1 GET /Service1.svc xsd=xsd2 49474 - ::1 Mozilla/4.0+(compatible;+MSIE+6.0;+MS+Web+Services+Client+Protocol+4.0.30319.42000) - 200 0 0 19
2018-04-24 04:36:43 ::1 GET /Service1.svc xsd=xsd3 49474 - ::1 Mozilla/4.0+(compatible;+MSIE+6.0;+MS+Web+Services+Client+Protocol+4.0.30319.42000) - 200 0 0 21
2018-04-24 04:36:43 ::1 GET /Service1.svc xsd=xsd1 49474 - ::1 Mozilla/4.0+(compatible;+MSIE+6.0;+MS+Web+Services+Client+Protocol+4.0.30319.42000) - 200 0 0 5
2018-04-24 04:36:48 ::1 POST /Service1.svc - 49474 - ::1 - - 415 0 0 15
2018-04-24 04:36:48 ::1 POST /Service1.svc/mex - 49474 - ::1 - - 415 0 0 21
2018-04-24 04:39:40 ::1 POST /Service1.svc - 49474 - ::1 - - 200 0 0 1392
2018-04-24 04:40:58 ::1 POST /Service1.svc - 49474 - ::1 - - 200 0 0 173
2018-04-24 04:41:46 ::1 POST /Service1.svc - 49474 - ::1 - - 200 0 0 856
2018-04-24 04:42:00 ::1 POST /Service1.svc - 49474 - ::1 - - 200 0 0 1891
2018-04-24 04:42:25 ::1 POST /Service1.svc - 49474 - ::1 - - 200 0 0 125
2018-04-24 04:42:47 ::1 POST /Service1.svc - 49474 - ::1 - - 200 0 0 211
2018-04-24 04:43:35 ::1 POST /Service1.svc - 49474 - ::1 - - 200 0 0 218
2018-04-24 04:44:46 ::1 POST /Service1.svc - 49474 - ::1 - - 200 0 0 54
2018-04-24 04:45:02 ::1 POST /Service1.svc - 49474 - ::1 - - 200 0 0 142
#Software: Microsoft Internet Information Services 10.0
#Version: 1.0
#Date: 2018-04-24 05:04:13
#Fields: date time s-ip cs-method cs-uri-stem cs-uri-query s-port cs-username c-ip cs(User-Agent) cs(Referer) sc-status sc-substatus sc-win32-status time-taken
2018-04-24 05:04:13 ::1 POST /Service1.svc - 49474 - ::1 - - 200 0 0 173
2018-04-24 05:04:15 ::1 POST /Service1.svc - 49474 - ::1 - - 200 0 0 179
2018-04-24 05:04:15 ::1 POST /Service1.svc - 49474 - ::1 - - 200 0 0 399
2018-04-24 05:04:15 ::1 POST /Service1.svc - 49474 - ::1 - - 200 0 0 114
2018-04-24 05:04:15 ::1 POST /Service1.svc - 49474 - ::1 - - 200 0 0 398
2018-04-24 05:04:17 ::1 POST /Service1.svc - 49474 - ::1 - - 200 0 0 676
2018-04-24 05:04:17 ::1 POST /Service1.svc - 49474 - ::1 - - 200 0 0 138
2018-04-24 05:04:19 ::1 POST /Service1.svc - 49474 - ::1 - - 200 0 0 58
2018-04-24 05:04:19 ::1 POST /Service1.svc - 49474 - ::1 - - 200 0 0 86
2018-04-24 05:04:44 ::1 POST /Service1.svc - 49474 - ::1 - - 200 0 0 54
2018-04-24 05:05:08 ::1 POST /Service1.svc - 49474 - ::1 - - 200 0 0 160
2018-04-24 05:05:10 ::1 POST /Service1.svc - 49474 - ::1 - - 200 0 0 174
2018-04-24 05:05:10 ::1 POST /Service1.svc - 49474 - ::1 - - 200 0 0 465
2018-04-24 05:05:13 ::1 POST /Service1.svc - 49474 - ::1 - - 200 0 0 123
2018-04-24 05:05:13 ::1 POST /Service1.svc - 49474 - ::1 - - 200 0 0 72
2018-04-24 05:05:30 ::1 POST /Service1.svc - 49474 - ::1 - - 200 0 0 49
2018-04-24 05:05:30 ::1 POST /Service1.svc - 49474 - ::1 - - 200 0 0 111
2018-04-24 05:05:30 ::1 POST /Service1.svc - 49474 - ::1 - - 200 0 0 98
2018-04-24 05:05:30 ::1 POST /Service1.svc - 49474 - ::1 - - 200 0 0 169
2018-04-24 05:05:35 ::1 POST /Service1.svc - 49474 - ::1 - - 200 0 0 133
2018-04-24 05:05:37 ::1 POST /Service1.svc - 49474 - ::1 - - 200 0 0 58
2018-04-24 05:05:37 ::1 POST /Service1.svc - 49474 - ::1 - - 200 0 0 142
2018-04-24 05:05:37 ::1 POST /Service1.svc - 49474 - ::1 - - 200 0 0 178
2018-04-24 05:05:37 ::1 POST /Service1.svc - 49474 - ::1 - - 200 0 0 63
2018-04-24 05:05:37 ::1 POST /Service1.svc - 49474 - ::1 - - 200 0 0 34
2018-04-24 05:05:37 ::1 POST /Service1.svc - 49474 - ::1 - - 200 0 0 140
2018-04-24 05:05:40 ::1 POST /Service1.svc - 49474 - ::1 - - 200 0 0 32
2018-04-24 05:05:40 ::1 POST /Service1.svc - 49474 - ::1 - - 200 0 0 191
2018-04-24 05:05:58 ::1 POST /Service1.svc - 49474 - ::1 - - 200 0 0 94
2018-04-24 05:07:12 ::1 POST /Service1.svc - 49474 - ::1 - - 200 0 0 187
2018-04-24 05:07:15 ::1 POST /Service1.svc - 49474 - ::1 - - 200 0 0 114
2018-04-24 05:07:27 ::1 POST /Service1.svc - 49474 - ::1 - - 500 0 0 12130
2018-04-24 05:07:27 ::1 POST /Service1.svc - 49474 - ::1 - - 200 0 0 35
2018-04-24 05:07:27 ::1 POST /Service1.svc - 49474 - ::1 - - 200 0 0 260
2018-04-24 05:07:38 ::1 POST /Service1.svc - 49474 - ::1 - - 200 0 0 208
2018-04-24 05:07:38 ::1 POST /Service1.svc - 49474 - ::1 - - 200 0 0 81
2018-04-24 05:07:38 ::1 POST /Service1.svc - 49474 - ::1 - - 200 0 0 77
2018-04-24 05:07:38 ::1 POST /Service1.svc - 49474 - ::1 - - 200 0 0 114
2018-04-24 05:07:56 ::1 POST /Service1.svc - 49474 - ::1 - - 200 0 0 273
2018-04-24 05:08:01 ::1 POST /Service1.svc - 49474 - ::1 - - 200 0 0 270
2018-04-24 05:08:03 ::1 POST /Service1.svc - 49474 - ::1 - - 200 0 0 133
2018-04-24 05:08:03 ::1 POST /Service1.svc - 49474 - ::1 - - 200 0 0 238
2018-04-24 05:08:03 ::1 POST /Service1.svc - 49474 - ::1 - - 200 0 0 40
2018-04-24 05:08:03 ::1 POST /Service1.svc - 49474 - ::1 - - 200 0 0 75
2018-04-24 05:08:03 ::1 POST /Service1.svc - 49474 - ::1 - - 200 0 0 182
2018-04-24 05:08:03 ::1 POST /Service1.svc - 49474 - ::1 - - 200 0 0 102
2018-04-24 05:08:03 ::1 POST /Service1.svc - 49474 - ::1 - - 200 0 0 138
2018-04-24 05:08:04 ::1 POST /Service1.svc - 49474 - ::1 - - 200 0 0 161
2018-04-24 05:08:20 ::1 POST /Service1.svc - 49474 - ::1 - - 200 0 0 180
#Software: Microsoft Internet Information Services 10.0
#Version: 1.0
#Date: 2018-04-24 05:08:45
#Fields: date time s-ip cs-method cs-uri-stem cs-uri-query s-port cs-username c-ip cs(User-Agent) cs(Referer) sc-status sc-substatus sc-win32-status time-taken
2018-04-24 05:08:45 ::1 POST /Service1.svc - 49474 - ::1 - - 415 0 0 5114
2018-04-24 05:08:45 ::1 POST /Service1.svc/mex - 49474 - ::1 - - 415 0 0 22
2018-04-24 05:08:47 ::1 GET /Service1.svc - 49474 - ::1 Mozilla/4.0+(compatible;+MSIE+6.0;+MS+Web+Services+Client+Protocol+4.0.30319.42000) - 200 0 0 2191
2018-04-24 05:08:47 ::1 GET /Service1.svc disco 49474 - ::1 Mozilla/4.0+(compatible;+MSIE+6.0;+MS+Web+Services+Client+Protocol+4.0.30319.42000) - 200 0 0 50
2018-04-24 05:08:47 ::1 GET /Service1.svc wsdl 49474 - ::1 Mozilla/4.0+(compatible;+MSIE+6.0;+MS+Web+Services+Client+Protocol+4.0.30319.42000) - 200 0 0 15
2018-04-24 05:08:47 ::1 GET /Service1.svc xsd=xsd0 49474 - ::1 Mozilla/4.0+(compatible;+MSIE+6.0;+MS+Web+Services+Client+Protocol+4.0.30319.42000) - 200 0 0 496
2018-04-24 05:08:47 ::1 GET /Service1.svc xsd=xsd2 49474 - ::1 Mozilla/4.0+(compatible;+MSIE+6.0;+MS+Web+Services+Client+Protocol+4.0.30319.42000) - 200 0 0 36
2018-04-24 05:08:47 ::1 GET /Service1.svc xsd=xsd3 49474 - ::1 Mozilla/4.0+(compatible;+MSIE+6.0;+MS+Web+Services+Client+Protocol+4.0.30319.42000) - 200 0 0 5
2018-04-24 05:08:47 ::1 GET /Service1.svc xsd=xsd1 49474 - ::1 Mozilla/4.0+(compatible;+MSIE+6.0;+MS+Web+Services+Client+Protocol+4.0.30319.42000) - 200 0 0 57
2018-04-24 05:11:59 ::1 POST /Service1.svc - 49474 - ::1 - - 200 0 0 948
2018-04-24 05:12:03 ::1 POST /Service1.svc - 49474 - ::1 - - 200 0 0 188
2018-04-24 05:12:03 ::1 POST /Service1.svc - 49474 - ::1 - - 200 0 0 214
2018-04-24 05:12:03 ::1 POST /Service1.svc - 49474 - ::1 - - 200 0 0 40
2018-04-24 05:12:03 ::1 POST /Service1.svc - 49474 - ::1 - - 200 0 0 208
2018-04-24 05:12:03 ::1 POST /Service1.svc - 49474 - ::1 - - 200 0 0 288
2018-04-24 05:12:03 ::1 POST /Service1.svc - 49474 - ::1 - - 200 0 0 135
2018-04-24 05:12:04 ::1 POST /Service1.svc - 49474 - ::1 - - 200 0 0 53
2018-04-24 05:12:04 ::1 POST /Service1.svc - 49474 - ::1 - - 200 0 0 352
2018-04-24 05:12:20 ::1 POST /Service1.svc - 49474 - ::1 - - 200 0 0 161
2018-04-24 05:12:22 ::1 POST /Service1.svc - 49474 - ::1 - - 200 0 0 126
2018-04-24 05:12:22 ::1 POST /Service1.svc - 49474 - ::1 - - 200 0 0 548
2018-04-24 05:12:22 ::1 POST /Service1.svc - 49474 - ::1 - - 200 0 0 280
2018-04-24 05:12:23 ::1 POST /Service1.svc - 49474 - ::1 - - 200 0 0 429
2018-04-24 05:12:23 ::1 POST /Service1.svc - 49474 - ::1 - - 200 0 0 626
2018-04-24 05:12:23 ::1 POST /Service1.svc - 49474 - ::1 - - 200 0 0 244
2018-04-24 05:12:24 ::1 POST /Service1.svc - 49474 - ::1 - - 200 0 0 254
2018-04-24 05:12:24 ::1 POST /Service1.svc - 49474 - ::1 - - 200 0 0 265
2018-04-24 05:12:28 ::1 POST /Service1.svc - 49474 - ::1 - - 200 0 0 138
2018-04-24 05:15:56 ::1 POST /Service1.svc - 49474 - ::1 - - 200 0 0 172
2018-04-24 05:15:58 ::1 POST /Service1.svc - 49474 - ::1 - - 200 0 0 124
2018-04-24 05:15:58 ::1 POST /Service1.svc - 49474 - ::1 - - 200 0 0 62
2018-04-24 05:15:58 ::1 POST /Service1.svc - 49474 - ::1 - - 200 0 0 59
2018-04-24 05:15:58 ::1 POST /Service1.svc - 49474 - ::1 - - 200 0 0 199
2018-04-24 05:15:58 ::1 POST /Service1.svc - 49474 - ::1 - - 200 0 0 204
2018-04-24 05:15:58 ::1 POST /Service1.svc - 49474 - ::1 - - 200 0 0 199
2018-04-24 05:15:59 ::1 POST /Service1.svc - 49474 - ::1 - - 200 0 0 148
2018-04-24 05:15:59 ::1 POST /Service1.svc - 49474 - ::1 - - 200 0 0 218
2018-04-24 05:16:05 ::1 POST /Service1.svc - 49474 - ::1 - - 200 0 0 200
2018-04-24 05:17:44 ::1 POST /Service1.svc - 49474 - ::1 - - 200 0 0 35
2018-04-24 05:17:47 ::1 POST /Service1.svc - 49474 - ::1 - - 200 0 0 176
2018-04-24 05:17:47 ::1 POST /Service1.svc - 49474 - ::1 - - 200 0 0 57
2018-04-24 05:17:47 ::1 POST /Service1.svc - 49474 - ::1 - - 200 0 0 174
2018-04-24 05:17:47 ::1 POST /Service1.svc - 49474 - ::1 - - 200 0 0 111
2018-04-24 05:17:47 ::1 POST /Service1.svc - 49474 - ::1 - - 200 0 0 128
2018-04-24 05:17:47 ::1 POST /Service1.svc - 49474 - ::1 - - 200 0 0 288
2018-04-24 05:17:47 ::1 POST /Service1.svc - 49474 - ::1 - - 200 0 0 120
2018-04-24 05:17:48 ::1 POST /Service1.svc - 49474 - ::1 - - 200 0 0 71
2018-04-24 05:17:52 ::1 POST /Service1.svc - 49474 - ::1 - - 200 0 0 368
2018-04-24 05:17:54 ::1 POST /Service1.svc - 49474 - ::1 - - 200 0 0 217
2018-04-24 05:17:54 ::1 POST /Service1.svc - 49474 - ::1 - - 200 0 0 558
2018-04-24 05:17:54 ::1 POST /Service1.svc - 49474 - ::1 - - 200 0 0 150
2018-04-24 05:17:54 ::1 POST /Service1.svc - 49474 - ::1 - - 200 0 0 36
2018-04-24 05:17:54 ::1 POST /Service1.svc - 49474 - ::1 - - 200 0 0 95
2018-04-24 05:17:55 ::1 POST /Service1.svc - 49474 - ::1 - - 200 0 0 253
2018-04-24 05:17:55 ::1 POST /Service1.svc - 49474 - ::1 - - 200 0 0 57
2018-04-24 05:17:55 ::1 POST /Service1.svc - 49474 - ::1 - - 200 0 0 235
2018-04-24 05:18:00 ::1 POST /Service1.svc - 49474 - ::1 - - 200 0 0 316
2018-04-24 05:18:02 ::1 POST /Service1.svc - 49474 - ::1 - - 200 0 0 585
2018-04-24 05:18:02 ::1 POST /Service1.svc - 49474 - ::1 - - 200 0 0 735
2018-04-24 05:18:04 ::1 POST /Service1.svc - 49474 - ::1 - - 200 0 0 658
2018-04-24 05:18:04 ::1 POST /Service1.svc - 49474 - ::1 - - 200 0 0 653
2018-04-24 05:18:08 ::1 POST /Service1.svc - 49474 - ::1 - - 200 0 0 223
2018-04-24 05:24:01 ::1 POST /Service1.svc - 49474 - ::1 - - 200 0 0 137
2018-04-24 05:24:08 ::1 POST /Service1.svc - 49474 - ::1 - - 200 0 0 106
2018-04-24 05:24:15 ::1 POST /Service1.svc - 49474 - ::1 - - 500 0 0 7184
2018-04-24 05:24:15 ::1 POST /Service1.svc - 49474 - ::1 - - 200 0 0 200
2018-04-24 05:24:15 ::1 POST /Service1.svc - 49474 - ::1 - - 200 0 0 146
2018-04-24 05:24:20 ::1 POST /Service1.svc - 49474 - ::1 - - 200 0 0 371
2018-04-24 05:24:20 ::1 POST /Service1.svc - 49474 - ::1 - - 200 0 0 527
2018-04-24 05:24:21 ::1 POST /Service1.svc - 49474 - ::1 - - 200 0 0 495
2018-04-24 05:24:21 ::1 POST /Service1.svc - 49474 - ::1 - - 200 0 0 175
2018-04-24 05:24:55 ::1 POST /Service1.svc - 49474 - ::1 - - 200 0 0 23
2018-04-24 05:24:55 ::1 POST /Service1.svc - 49474 - ::1 - - 200 0 0 41
2018-04-24 05:24:55 ::1 POST /Service1.svc - 49474 - ::1 - - 200 0 0 29
2018-04-24 05:25:23 ::1 POST /Service1.svc - 49474 - ::1 - - 200 0 0 107
2018-04-24 05:25:26 ::1 POST /Service1.svc - 49474 - ::1 - - 200 0 0 25
2018-04-24 05:25:26 ::1 POST /Service1.svc - 49474 - ::1 - - 200 0 0 69
2018-04-24 05:25:26 ::1 POST /Service1.svc - 49474 - ::1 - - 200 0 0 24
2018-04-24 05:25:26 ::1 POST /Service1.svc - 49474 - ::1 - - 200 0 0 46
2018-04-24 05:25:26 ::1 POST /Service1.svc - 49474 - ::1 - - 200 0 0 44
2018-04-24 05:25:26 ::1 POST /Service1.svc - 49474 - ::1 - - 200 0 0 91
2018-04-24 05:25:30 ::1 POST /Service1.svc - 49474 - ::1 - - 200 0 0 48
2018-04-24 05:25:30 ::1 POST /Service1.svc - 49474 - ::1 - - 200 0 0 20
2018-04-24 05:25:34 ::1 POST /Service1.svc - 49474 - ::1 - - 200 0 0 86
#Software: Microsoft Internet Information Services 10.0
#Version: 1.0
#Date: 2018-04-24 05:26:04
#Fields: date time s-ip cs-method cs-uri-stem cs-uri-query s-port cs-username c-ip cs(User-Agent) cs(Referer) sc-status sc-substatus sc-win32-status time-taken
2018-04-24 05:26:04 ::1 POST /Service1.svc - 49474 - ::1 - - 415 0 0 4853
2018-04-24 05:26:04 ::1 POST /Service1.svc/mex - 49474 - ::1 - - 415 0 0 426
2018-04-24 05:26:07 ::1 GET /Service1.svc - 49474 - ::1 Mozilla/4.0+(compatible;+MSIE+6.0;+MS+Web+Services+Client+Protocol+4.0.30319.42000) - 200 0 0 2924
2018-04-24 05:26:07 ::1 GET /Service1.svc disco 49474 - ::1 Mozilla/4.0+(compatible;+MSIE+6.0;+MS+Web+Services+Client+Protocol+4.0.30319.42000) - 200 0 0 28
2018-04-24 05:26:07 ::1 GET /Service1.svc wsdl 49474 - ::1 Mozilla/4.0+(compatible;+MSIE+6.0;+MS+Web+Services+Client+Protocol+4.0.30319.42000) - 200 0 0 58
2018-04-24 05:26:07 ::1 GET /Service1.svc xsd=xsd0 49474 - ::1 Mozilla/4.0+(compatible;+MSIE+6.0;+MS+Web+Services+Client+Protocol+4.0.30319.42000) - 200 0 0 674
2018-04-24 05:26:07 ::1 GET /Service1.svc xsd=xsd2 49474 - ::1 Mozilla/4.0+(compatible;+MSIE+6.0;+MS+Web+Services+Client+Protocol+4.0.30319.42000) - 200 0 0 34
2018-04-24 05:26:07 ::1 GET /Service1.svc xsd=xsd3 49474 - ::1 Mozilla/4.0+(compatible;+MSIE+6.0;+MS+Web+Services+Client+Protocol+4.0.30319.42000) - 200 0 0 47
2018-04-24 05:26:07 ::1 GET /Service1.svc xsd=xsd1 49474 - ::1 Mozilla/4.0+(compatible;+MSIE+6.0;+MS+Web+Services+Client+Protocol+4.0.30319.42000) - 200 0 0 48
2018-04-24 05:26:18 ::1 POST /Service1.svc/mex - 49474 - ::1 - - 415 0 0 65
2018-04-24 05:26:18 ::1 GET /Service1.svc - 49474 - ::1 Mozilla/4.0+(compatible;+MSIE+6.0;+MS+Web+Services+Client+Protocol+4.0.30319.42000) - 200 0 0 61
2018-04-24 05:26:18 ::1 POST /Service1.svc - 49474 - ::1 - - 415 0 0 185
2018-04-24 05:26:18 ::1 GET /Service1.svc disco 49474 - ::1 Mozilla/4.0+(compatible;+MSIE+6.0;+MS+Web+Services+Client+Protocol+4.0.30319.42000) - 200 0 0 129
2018-04-24 05:26:18 ::1 GET /Service1.svc wsdl 49474 - ::1 Mozilla/4.0+(compatible;+MSIE+6.0;+MS+Web+Services+Client+Protocol+4.0.30319.42000) - 200 0 0 8
2018-04-24 05:26:18 ::1 GET /Service1.svc xsd=xsd0 49474 - ::1 Mozilla/4.0+(compatible;+MSIE+6.0;+MS+Web+Services+Client+Protocol+4.0.30319.42000) - 200 0 0 78
2018-04-24 05:26:18 ::1 GET /Service1.svc/$metadata - 49474 - ::1 Mozilla/4.0+(compatible;+MSIE+6.0;+MS+Web+Services+Client+Protocol+4.0.30319.42000) - 400 0 0 368
2018-04-24 05:26:18 ::1 GET /Service1.svc xsd=xsd2 49474 - ::1 Mozilla/4.0+(compatible;+MSIE+6.0;+MS+Web+Services+Client+Protocol+4.0.30319.42000) - 200 0 0 62
2018-04-24 05:26:18 ::1 GET /Service1.svc xsd=xsd3 49474 - ::1 Mozilla/4.0+(compatible;+MSIE+6.0;+MS+Web+Services+Client+Protocol+4.0.30319.42000) - 200 0 0 20
2018-04-24 05:26:18 ::1 GET /Service1.svc xsd=xsd1 49474 - ::1 Mozilla/4.0+(compatible;+MSIE+6.0;+MS+Web+Services+Client+Protocol+4.0.30319.42000) - 200 0 0 45
#Software: Microsoft Internet Information Services 10.0
#Version: 1.0
#Date: 2018-04-24 06:15:45
#Fields: date time s-ip cs-method cs-uri-stem cs-uri-query s-port cs-username c-ip cs(User-Agent) cs(Referer) sc-status sc-substatus sc-win32-status time-taken
2018-04-24 06:15:45 ::1 POST /Service1.svc - 49474 - ::1 - - 200 0 0 1094
2018-04-24 06:16:06 ::1 POST /Service1.svc - 49474 - ::1 - - 200 0 0 356
2018-04-24 06:16:07 ::1 POST /Service1.svc - 49474 - ::1 - - 200 0 0 576
2018-04-24 06:16:07 ::1 POST /Service1.svc - 49474 - ::1 - - 200 0 0 285
2018-04-24 06:16:18 ::1 POST /Service1.svc - 49474 - ::1 - - 200 0 0 128
2018-04-24 06:16:20 ::1 POST /Service1.svc - 49474 - ::1 - - 200 0 0 124
2018-04-24 06:16:20 ::1 POST /Service1.svc - 49474 - ::1 - - 200 0 0 23
2018-04-24 06:16:20 ::1 POST /Service1.svc - 49474 - ::1 - - 200 0 0 68
2018-04-24 06:16:26 ::1 POST /Service1.svc - 49474 - ::1 - - 200 0 0 219
2018-04-24 06:16:29 ::1 POST /Service1.svc - 49474 - ::1 - - 200 0 0 403
2018-04-24 06:16:29 ::1 POST /Service1.svc - 49474 - ::1 - - 200 0 0 281
2018-04-24 06:16:29 ::1 POST /Service1.svc - 49474 - ::1 - - 200 0 0 323
2018-04-24 06:16:33 ::1 POST /Service1.svc - 49474 - ::1 - - 200 0 0 173
2018-04-24 06:16:33 ::1 POST /Service1.svc - 49474 - ::1 - - 200 0 0 267
2018-04-24 06:16:33 ::1 POST /Service1.svc - 49474 - ::1 - - 200 0 0 73
2018-04-24 06:16:33 ::1 POST /Service1.svc - 49474 - ::1 - - 200 0 0 293
2018-04-24 06:16:36 ::1 POST /Service1.svc - 49474 - ::1 - - 200 0 0 146
2018-04-24 06:17:07 ::1 POST /Service1.svc - 49474 - ::1 - - 200 0 0 12
2018-04-24 06:17:09 ::1 POST /Service1.svc - 49474 - ::1 - - 200 0 0 31
2018-04-24 06:17:09 ::1 POST /Service1.svc - 49474 - ::1 - - 200 0 0 16
2018-04-24 06:17:09 ::1 POST /Service1.svc - 49474 - ::1 - - 200 0 0 26
2018-04-24 06:17:12 ::1 POST /Service1.svc - 49474 - ::1 - - 200 0 0 54
2018-04-24 06:18:13 ::1 POST /Service1.svc - 49474 - ::1 - - 200 0 0 55
2018-04-24 06:18:15 ::1 POST /Service1.svc - 49474 - ::1 - - 200 0 0 356
2018-04-24 06:18:15 ::1 POST /Service1.svc - 49474 - ::1 - - 200 0 0 23
2018-04-24 06:18:15 ::1 POST /Service1.svc - 49474 - ::1 - - 200 0 0 31
2018-04-24 06:18:19 ::1 POST /Service1.svc - 49474 - ::1 - - 200 0 0 352
2018-04-24 06:19:13 ::1 POST /Service1.svc - 49474 - ::1 - - 200 0 0 26
2018-04-24 06:19:16 ::1 POST /Service1.svc - 49474 - ::1 - - 200 0 0 279
2018-04-24 06:19:16 ::1 POST /Service1.svc - 49474 - ::1 - - 200 0 0 88
2018-04-24 06:19:16 ::1 POST /Service1.svc - 49474 - ::1 - - 200 0 0 86
2018-04-24 06:19:18 ::1 POST /Service1.svc - 49474 - ::1 - - 200 0 0 103
2018-04-24 06:21:10 ::1 POST /Service1.svc - 49474 - ::1 - - 200 0 0 153
2018-04-24 06:21:15 ::1 POST /Service1.svc - 49474 - ::1 - - 200 0 0 187
2018-04-24 06:21:15 ::1 POST /Service1.svc - 49474 - ::1 - - 200 0 0 124
2018-04-24 06:21:15 ::1 POST /Service1.svc - 49474 - ::1 - - 200 0 0 109
2018-04-24 06:21:15 ::1 POST /Service1.svc - 49474 - ::1 - - 200 0 0 95
2018-04-24 06:21:15 ::1 POST /Service1.svc - 49474 - ::1 - - 200 0 0 130
2018-04-24 06:21:15 ::1 POST /Service1.svc - 49474 - ::1 - - 200 0 0 202
2018-04-24 06:21:15 ::1 POST /Service1.svc - 49474 - ::1 - - 200 0 0 90
2018-04-24 06:21:16 ::1 POST /Service1.svc - 49474 - ::1 - - 200 0 0 77
2018-04-24 06:21:20 ::1 POST /Service1.svc - 49474 - ::1 - - 200 0 0 133
2018-04-24 06:23:27 ::1 POST /Service1.svc - 49474 - ::1 - - 200 0 0 368
2018-04-24 06:23:29 ::1 POST /Service1.svc - 49474 - ::1 - - 200 0 0 228
2018-04-24 06:23:29 ::1 POST /Service1.svc - 49474 - ::1 - - 200 0 0 452
2018-04-24 06:23:29 ::1 POST /Service1.svc - 49474 - ::1 - - 200 0 0 309
2018-04-24 06:23:29 ::1 POST /Service1.svc - 49474 - ::1 - - 200 0 0 47
2018-04-24 06:23:31 ::1 POST /Service1.svc - 49474 - ::1 - - 200 0 0 213
2018-04-24 06:23:31 ::1 POST /Service1.svc - 49474 - ::1 - - 200 0 0 104
2018-04-24 06:23:31 ::1 POST /Service1.svc - 49474 - ::1 - - 200 0 0 336
2018-04-24 06:23:31 ::1 POST /Service1.svc - 49474 - ::1 - - 200 0 0 106
2018-04-24 06:23:53 ::1 POST /Service1.svc - 49474 - ::1 - - 200 0 0 123
2018-04-24 06:37:23 ::1 POST /Service1.svc - 49474 - ::1 - - 200 0 0 47
2018-04-24 06:37:25 ::1 POST /Service1.svc - 49474 - ::1 - - 200 0 0 129
2018-04-24 06:37:25 ::1 POST /Service1.svc - 49474 - ::1 - - 200 0 0 71
2018-04-24 06:37:25 ::1 POST /Service1.svc - 49474 - ::1 - - 200 0 0 175
2018-04-24 06:37:29 ::1 POST /Service1.svc - 49474 - ::1 - - 200 0 0 263
2018-04-24 06:49:46 ::1 POST /Service1.svc - 49474 - ::1 - - 200 0 0 122
2018-04-24 06:49:48 ::1 POST /Service1.svc - 49474 - ::1 - - 200 0 0 163
2018-04-24 06:49:48 ::1 POST /Service1.svc - 49474 - ::1 - - 200 0 0 107
2018-04-24 06:49:48 ::1 POST /Service1.svc - 49474 - ::1 - - 200 0 0 60
2018-04-24 06:49:52 ::1 POST /Service1.svc - 49474 - ::1 - - 200 0 0 120
2018-04-24 06:51:33 ::1 POST /Service1.svc - 49474 - ::1 - - 200 0 0 49
2018-04-24 06:51:35 ::1 POST /Service1.svc - 49474 - ::1 - - 200 0 0 158
2018-04-24 06:51:35 ::1 POST /Service1.svc - 49474 - ::1 - - 200 0 0 60
2018-04-24 06:51:35 ::1 POST /Service1.svc - 49474 - ::1 - - 200 0 0 85
2018-04-24 06:51:37 ::1 POST /Service1.svc - 49474 - ::1 - - 200 0 0 351
2018-04-24 06:52:05 ::1 POST /Service1.svc - 49474 - ::1 - - 200 0 0 278
2018-04-24 06:52:06 ::1 POST /Service1.svc - 49474 - ::1 - - 200 0 0 139
2018-04-24 06:52:06 ::1 POST /Service1.svc - 49474 - ::1 - - 200 0 0 246
2018-04-24 06:52:06 ::1 POST /Service1.svc - 49474 - ::1 - - 200 0 0 152
2018-04-24 06:52:09 ::1 POST /Service1.svc - 49474 - ::1 - - 200 0 0 303
2018-04-24 06:52:46 ::1 POST /Service1.svc - 49474 - ::1 - - 200 0 0 20
2018-04-24 06:52:48 ::1 POST /Service1.svc - 49474 - ::1 - - 200 0 0 155
2018-04-24 06:52:48 ::1 POST /Service1.svc - 49474 - ::1 - - 200 0 0 19
2018-04-24 06:52:48 ::1 POST /Service1.svc - 49474 - ::1 - - 200 0 0 11
2018-04-24 06:52:50 ::1 POST /Service1.svc - 49474 - ::1 - - 200 0 0 109
2018-04-24 06:53:40 ::1 POST /Service1.svc - 49474 - ::1 - - 200 0 0 137
2018-04-24 06:53:43 ::1 POST /Service1.svc - 49474 - ::1 - - 200 0 0 234
2018-04-24 06:53:43 ::1 POST /Service1.svc - 49474 - ::1 - - 200 0 0 132
2018-04-24 06:53:43 ::1 POST /Service1.svc - 49474 - ::1 - - 200 0 0 47
2018-04-24 06:53:46 ::1 POST /Service1.svc - 49474 - ::1 - - 200 0 0 170
2018-04-24 06:54:54 ::1 POST /Service1.svc - 49474 - ::1 - - 200 0 0 158
2018-04-24 06:54:56 ::1 POST /Service1.svc - 49474 - ::1 - - 200 0 0 60
2018-04-24 06:54:56 ::1 POST /Service1.svc - 49474 - ::1 - - 200 0 0 218
2018-04-24 06:54:56 ::1 POST /Service1.svc - 49474 - ::1 - - 200 0 0 392
2018-04-24 06:54:59 ::1 POST /Service1.svc - 49474 - ::1 - - 200 0 0 45
2018-04-24 06:56:06 ::1 POST /Service1.svc - 49474 - ::1 - - 200 0 0 49
2018-04-24 06:56:08 ::1 POST /Service1.svc - 49474 - ::1 - - 200 0 0 204
2018-04-24 06:56:08 ::1 POST /Service1.svc - 49474 - ::1 - - 200 0 0 236
2018-04-24 06:56:08 ::1 POST /Service1.svc - 49474 - ::1 - - 200 0 0 439
2018-04-24 06:56:08 ::1 POST /Service1.svc - 49474 - ::1 - - 200 0 0 113
2018-04-24 06:56:08 ::1 POST /Service1.svc - 49474 - ::1 - - 200 0 0 85
2018-04-24 06:56:09 ::1 POST /Service1.svc - 49474 - ::1 - - 200 0 0 192
2018-04-24 06:56:09 ::1 POST /Service1.svc - 49474 - ::1 - - 200 0 0 398
2018-04-24 06:56:09 ::1 POST /Service1.svc - 49474 - ::1 - - 200 0 0 469
2018-04-24 06:56:50 ::1 POST /Service1.svc - 49474 - ::1 - - 200 0 0 43
2018-04-24 06:57:54 ::1 POST /Service1.svc - 49474 - ::1 - - 200 0 0 151
2018-04-24 06:57:56 ::1 POST /Service1.svc - 49474 - ::1 - - 200 0 0 133
2018-04-24 06:58:09 ::1 POST /Service1.svc - 49474 - ::1 - - 200 0 0 370
2018-04-24 06:58:19 ::1 POST /Service1.svc - 49474 - ::1 - - 200 0 0 275
2018-04-24 06:59:00 ::1 POST /Service1.svc - 49474 - ::1 - - 200 0 0 77
2018-04-24 06:59:31 ::1 POST /Service1.svc - 49474 - ::1 - - 200 0 0 108
2018-04-24 07:00:52 ::1 POST /Service1.svc - 49474 - ::1 - - 200 0 0 116
#Software: Microsoft Internet Information Services 10.0
#Version: 1.0
#Date: 2018-04-24 08:09:05
#Fields: date time s-ip cs-method cs-uri-stem cs-uri-query s-port cs-username c-ip cs(User-Agent) cs(Referer) sc-status sc-substatus sc-win32-status time-taken
2018-04-24 08:09:05 ::1 POST /Service1.svc - 49474 - ::1 - - 200 0 0 244
2018-04-24 08:09:08 ::1 POST /Service1.svc - 49474 - ::1 - - 200 0 0 66
2018-04-24 08:09:23 ::1 POST /Service1.svc - 49474 - ::1 - - 200 0 0 135
2018-04-24 08:09:32 ::1 POST /Service1.svc - 49474 - ::1 - - 200 0 0 99
2018-04-24 08:09:59 ::1 POST /Service1.svc - 49474 - ::1 - - 200 0 0 149
2018-04-24 08:10:22 ::1 POST /Service1.svc - 49474 - ::1 - - 200 0 0 100
2018-04-24 08:10:58 ::1 POST /Service1.svc - 49474 - ::1 - - 200 0 0 78
#Software: Microsoft Internet Information Services 10.0
#Version: 1.0
#Date: 2018-04-24 09:00:42
#Fields: date time s-ip cs-method cs-uri-stem cs-uri-query s-port cs-username c-ip cs(User-Agent) cs(Referer) sc-status sc-substatus sc-win32-status time-taken
2018-04-24 09:00:42 ::1 POST /Service1.svc - 49474 - ::1 - - 415 0 0 13454
2018-04-24 09:00:42 ::1 POST /Service1.svc/mex - 49474 - ::1 - - 415 0 0 7
2018-04-24 09:00:46 ::1 GET /Service1.svc - 49474 - ::1 Mozilla/4.0+(compatible;+MSIE+6.0;+MS+Web+Services+Client+Protocol+4.0.30319.42000) - 200 0 0 3083
2018-04-24 09:00:46 ::1 GET /Service1.svc disco 49474 - ::1 Mozilla/4.0+(compatible;+MSIE+6.0;+MS+Web+Services+Client+Protocol+4.0.30319.42000) - 200 0 0 5
2018-04-24 09:00:46 ::1 GET /Service1.svc wsdl 49474 - ::1 Mozilla/4.0+(compatible;+MSIE+6.0;+MS+Web+Services+Client+Protocol+4.0.30319.42000) - 200 0 0 75
2018-04-24 09:00:47 ::1 GET /Service1.svc xsd=xsd0 49474 - ::1 Mozilla/4.0+(compatible;+MSIE+6.0;+MS+Web+Services+Client+Protocol+4.0.30319.42000) - 200 0 0 1116
2018-04-24 09:00:47 ::1 GET /Service1.svc xsd=xsd2 49474 - ::1 Mozilla/4.0+(compatible;+MSIE+6.0;+MS+Web+Services+Client+Protocol+4.0.30319.42000) - 200 0 0 12
2018-04-24 09:00:47 ::1 GET /Service1.svc xsd=xsd3 49474 - ::1 Mozilla/4.0+(compatible;+MSIE+6.0;+MS+Web+Services+Client+Protocol+4.0.30319.42000) - 200 0 0 16
2018-04-24 09:00:47 ::1 GET /Service1.svc xsd=xsd1 49474 - ::1 Mozilla/4.0+(compatible;+MSIE+6.0;+MS+Web+Services+Client+Protocol+4.0.30319.42000) - 200 0 0 12
2018-04-24 09:04:02 ::1 POST /Service1.svc - 49474 - ::1 - - 200 0 0 2586
2018-04-24 09:04:17 ::1 POST /Service1.svc - 49474 - ::1 - - 200 0 0 361
2018-04-24 09:04:17 ::1 POST /Service1.svc - 49474 - ::1 - - 200 0 0 151
2018-04-24 09:04:49 ::1 POST /Service1.svc - 49474 - ::1 - - 200 0 0 175
2018-04-24 09:04:53 ::1 POST /Service1.svc - 49474 - ::1 - - 200 0 0 60
2018-04-24 09:04:59 ::1 POST /Service1.svc - 49474 - ::1 - - 200 0 0 17
2018-04-24 09:05:02 ::1 POST /Service1.svc - 49474 - ::1 - - 200 0 0 2730
2018-04-24 09:05:04 ::1 POST /Service1.svc - 49474 - ::1 - - 200 0 0 68
2018-04-24 09:05:04 ::1 POST /Service1.svc - 49474 - ::1 - - 200 0 0 22
#Software: Microsoft Internet Information Services 10.0
#Version: 1.0
#Date: 2018-04-24 10:01:40
#Fields: date time s-ip cs-method cs-uri-stem cs-uri-query s-port cs-username c-ip cs(User-Agent) cs(Referer) sc-status sc-substatus sc-win32-status time-taken
2018-04-24 10:01:40 ::1 POST /Service1.svc - 49474 - ::1 - - 200 0 0 956
2018-04-24 10:01:43 ::1 POST /Service1.svc - 49474 - ::1 - - 200 0 0 91
2018-04-24 10:01:43 ::1 POST /Service1.svc - 49474 - ::1 - - 200 0 0 519
2018-04-24 10:01:43 ::1 POST /Service1.svc - 49474 - ::1 - - 200 0 0 351
2018-04-24 10:01:44 ::1 POST /Service1.svc - 49474 - ::1 - - 200 0 0 82
2018-04-24 10:01:44 ::1 POST /Service1.svc - 49474 - ::1 - - 200 0 0 179
2018-04-24 10:01:44 ::1 POST /Service1.svc - 49474 - ::1 - - 200 0 0 402
2018-04-24 10:01:46 ::1 POST /Service1.svc - 49474 - ::1 - - 200 0 0 153
2018-04-24 10:01:46 ::1 POST /Service1.svc - 49474 - ::1 - - 200 0 0 116
#Software: Microsoft Internet Information Services 10.0
#Version: 1.0
#Date: 2018-04-24 10:36:35
#Fields: date time s-ip cs-method cs-uri-stem cs-uri-query s-port cs-username c-ip cs(User-Agent) cs(Referer) sc-status sc-substatus sc-win32-status time-taken
2018-04-24 10:36:35 ::1 POST /Service1.svc - 49474 - ::1 - - 200 0 0 103
#Software: Microsoft Internet Information Services 10.0
#Version: 1.0
#Date: 2018-04-24 10:53:47
#Fields: date time s-ip cs-method cs-uri-stem cs-uri-query s-port cs-username c-ip cs(User-Agent) cs(Referer) sc-status sc-substatus sc-win32-status time-taken
2018-04-24 10:53:47 ::1 POST /Service1.svc - 49474 - ::1 - - 200 0 0 87
2018-04-24 10:53:49 ::1 POST /Service1.svc - 49474 - ::1 - - 200 0 0 186
2018-04-24 10:53:49 ::1 POST /Service1.svc - 49474 - ::1 - - 200 0 0 74
2018-04-24 10:53:49 ::1 POST /Service1.svc - 49474 - ::1 - - 200 0 0 165
2018-04-24 10:53:49 ::1 POST /Service1.svc - 49474 - ::1 - - 200 0 0 96
2018-04-24 10:53:50 ::1 POST /Service1.svc - 49474 - ::1 - - 200 0 0 770
2018-04-24 10:53:50 ::1 POST /Service1.svc - 49474 - ::1 - - 200 0 0 300
2018-04-24 10:53:52 ::1 POST /Service1.svc - 49474 - ::1 - - 200 0 0 726
2018-04-24 10:53:53 ::1 POST /Service1.svc - 49474 - ::1 - - 200 0 0 1244
2018-04-24 10:54:34 ::1 POST /Service1.svc - 49474 - ::1 - - 200 0 0 85
2018-04-24 10:54:40 ::1 POST /Service1.svc - 49474 - ::1 - - 200 0 0 201
2018-04-24 10:54:40 ::1 POST /Service1.svc - 49474 - ::1 - - 200 0 0 114
2018-04-24 10:54:40 ::1 POST /Service1.svc - 49474 - ::1 - - 200 0 0 173
2018-04-24 10:54:40 ::1 POST /Service1.svc - 49474 - ::1 - - 200 0 0 159
2018-04-24 10:54:40 ::1 POST /Service1.svc - 49474 - ::1 - - 200 0 0 184
2018-04-24 10:54:40 ::1 POST /Service1.svc - 49474 - ::1 - - 200 0 0 79
2018-04-24 10:54:42 ::1 POST /Service1.svc - 49474 - ::1 - - 200 0 0 874
2018-04-24 10:54:43 ::1 POST /Service1.svc - 49474 - ::1 - - 200 0 0 1336
2018-04-24 10:59:35 ::1 POST /Service1.svc - 49474 - ::1 - - 200 0 0 161
#Software: Microsoft Internet Information Services 10.0
#Version: 1.0
#Date: 2018-04-24 11:19:36
#Fields: date time s-ip cs-method cs-uri-stem cs-uri-query s-port cs-username c-ip cs(User-Agent) cs(Referer) sc-status sc-substatus sc-win32-status time-taken
2018-04-24 11:19:36 ::1 POST /Service1.svc - 49474 - ::1 - - 200 0 0 97
2018-04-24 11:19:38 ::1 POST /Service1.svc - 49474 - ::1 - - 200 0 0 117
2018-04-24 11:19:38 ::1 POST /Service1.svc - 49474 - ::1 - - 200 0 0 87
2018-04-24 11:19:38 ::1 POST /Service1.svc - 49474 - ::1 - - 200 0 0 114
2018-04-24 11:19:41 ::1 POST /Service1.svc - 49474 - ::1 - - 200 0 0 185
2018-04-24 11:19:47 ::1 POST /Service1.svc - 49474 - ::1 - - 200 0 0 260
2018-04-24 11:19:47 ::1 POST /Service1.svc - 49474 - ::1 - - 200 0 0 218
2018-04-24 11:19:48 ::1 POST /Service1.svc - 49474 - ::1 - - 200 0 0 37
2018-04-24 11:20:07 ::1 POST /Service1.svc - 49474 - ::1 - - 200 0 0 132
2018-04-24 11:20:28 ::1 POST /Service1.svc - 49474 - ::1 - - 200 0 0 234
2018-04-24 11:21:46 ::1 POST /Service1.svc - 49474 - ::1 - - 200 0 0 26
2018-04-24 11:21:49 ::1 POST /Service1.svc - 49474 - ::1 - - 200 0 0 27
2018-04-24 11:21:49 ::1 POST /Service1.svc - 49474 - ::1 - - 200 0 0 56
2018-04-24 11:21:49 ::1 POST /Service1.svc - 49474 - ::1 - - 200 0 0 135
2018-04-24 11:21:53 ::1 POST /Service1.svc - 49474 - ::1 - - 200 0 0 44
2018-04-24 11:22:01 ::1 POST /Service1.svc - 49474 - ::1 - - 200 0 0 199
2018-04-24 11:22:14 ::1 POST /Service1.svc - 49474 - ::1 - - 200 0 0 137
2018-04-24 11:22:40 ::1 POST /Service1.svc - 49474 - ::1 - - 200 0 0 84
2018-04-24 11:24:30 ::1 POST /Service1.svc - 49474 - ::1 - - 200 0 0 36
2018-04-24 11:24:33 ::1 POST /Service1.svc - 49474 - ::1 - - 200 0 0 583
2018-04-24 11:24:33 ::1 POST /Service1.svc - 49474 - ::1 - - 200 0 0 318
2018-04-24 11:24:33 ::1 POST /Service1.svc - 49474 - ::1 - - 200 0 0 74
2018-04-24 11:24:36 ::1 POST /Service1.svc - 49474 - ::1 - - 200 0 0 174
2018-04-24 11:24:44 ::1 POST /Service1.svc - 49474 - ::1 - - 200 0 0 234
2018-04-24 11:24:57 ::1 POST /Service1.svc - 49474 - ::1 - - 200 0 0 133
2018-04-24 11:25:24 ::1 POST /Service1.svc - 49474 - ::1 - - 200 0 0 95
2018-04-24 11:26:46 ::1 POST /Service1.svc - 49474 - ::1 - - 200 0 0 113
#Software: Microsoft Internet Information Services 10.0
#Version: 1.0
#Date: 2018-04-24 12:11:47
#Fields: date time s-ip cs-method cs-uri-stem cs-uri-query s-port cs-username c-ip cs(User-Agent) cs(Referer) sc-status sc-substatus sc-win32-status time-taken
2018-04-24 12:11:47 ::1 POST /Service1.svc - 49474 - ::1 - - 415 0 0 17223
2018-04-24 12:11:47 ::1 POST /Service1.svc/mex - 49474 - ::1 - - 415 0 0 13
2018-04-24 12:11:51 ::1 GET /Service1.svc - 49474 - ::1 Mozilla/4.0+(compatible;+MSIE+6.0;+MS+Web+Services+Client+Protocol+4.0.30319.42000) - 200 0 0 3334
2018-04-24 12:11:51 ::1 GET /Service1.svc disco 49474 - ::1 Mozilla/4.0+(compatible;+MSIE+6.0;+MS+Web+Services+Client+Protocol+4.0.30319.42000) - 200 0 0 16
2018-04-24 12:11:51 ::1 GET /Service1.svc wsdl 49474 - ::1 Mozilla/4.0+(compatible;+MSIE+6.0;+MS+Web+Services+Client+Protocol+4.0.30319.42000) - 200 0 0 294
2018-04-24 12:11:53 ::1 GET /Service1.svc xsd=xsd0 49474 - ::1 Mozilla/4.0+(compatible;+MSIE+6.0;+MS+Web+Services+Client+Protocol+4.0.30319.42000) - 200 0 0 1223
2018-04-24 12:11:53 ::1 GET /Service1.svc xsd=xsd2 49474 - ::1 Mozilla/4.0+(compatible;+MSIE+6.0;+MS+Web+Services+Client+Protocol+4.0.30319.42000) - 200 0 0 107
2018-04-24 12:11:53 ::1 GET /Service1.svc xsd=xsd3 49474 - ::1 Mozilla/4.0+(compatible;+MSIE+6.0;+MS+Web+Services+Client+Protocol+4.0.30319.42000) - 200 0 0 63
2018-04-24 12:11:53 ::1 GET /Service1.svc xsd=xsd1 49474 - ::1 Mozilla/4.0+(compatible;+MSIE+6.0;+MS+Web+Services+Client+Protocol+4.0.30319.42000) - 200 0 0 98
2018-04-24 12:12:58 ::1 GET /Service1.svc - 49474 - ::1 Mozilla/4.0+(compatible;+MSIE+6.0;+MS+Web+Services+Client+Protocol+4.0.30319.42000) - 200 0 0 101
2018-04-24 12:12:58 ::1 GET /Service1.svc disco 49474 - ::1 Mozilla/4.0+(compatible;+MSIE+6.0;+MS+Web+Services+Client+Protocol+4.0.30319.42000) - 200 0 0 25
2018-04-24 12:12:58 ::1 GET /Service1.svc wsdl 49474 - ::1 Mozilla/4.0+(compatible;+MSIE+6.0;+MS+Web+Services+Client+Protocol+4.0.30319.42000) - 200 0 0 54
2018-04-24 12:12:58 ::1 GET /Service1.svc xsd=xsd0 49474 - ::1 Mozilla/4.0+(compatible;+MSIE+6.0;+MS+Web+Services+Client+Protocol+4.0.30319.42000) - 200 0 0 53
2018-04-24 12:12:58 ::1 POST /Service1.svc - 49474 - ::1 - - 415 0 0 53
2018-04-24 12:12:58 ::1 POST /Service1.svc/mex - 49474 - ::1 - - 415 0 0 67
2018-04-24 12:12:58 ::1 GET /Service1.svc xsd=xsd2 49474 - ::1 Mozilla/4.0+(compatible;+MSIE+6.0;+MS+Web+Services+Client+Protocol+4.0.30319.42000) - 200 0 0 25
2018-04-24 12:12:58 ::1 GET /Service1.svc xsd=xsd3 49474 - ::1 Mozilla/4.0+(compatible;+MSIE+6.0;+MS+Web+Services+Client+Protocol+4.0.30319.42000) - 200 0 0 100
2018-04-24 12:12:58 ::1 GET /Service1.svc/$metadata - 49474 - ::1 Mozilla/4.0+(compatible;+MSIE+6.0;+MS+Web+Services+Client+Protocol+4.0.30319.42000) - 400 0 0 451
2018-04-24 12:12:58 ::1 GET /Service1.svc xsd=xsd1 49474 - ::1 Mozilla/4.0+(compatible;+MSIE+6.0;+MS+Web+Services+Client+Protocol+4.0.30319.42000) - 200 0 0 41
2018-04-24 12:27:47 ::1 POST /Service1.svc - 49474 - ::1 - - 200 0 0 15285
2018-04-24 12:27:53 ::1 POST /Service1.svc - 49474 - ::1 - - 200 0 0 853
2018-04-24 12:27:53 ::1 POST /Service1.svc - 49474 - ::1 - - 200 0 0 33
2018-04-24 12:27:53 ::1 POST /Service1.svc - 49474 - ::1 - - 200 0 0 241
2018-04-24 12:27:57 ::1 POST /Service1.svc - 49474 - ::1 - - 200 0 0 852
2018-04-24 12:28:09 ::1 POST /Service1.svc - 49474 - ::1 - - 200 0 0 49
2018-04-24 12:28:09 ::1 POST /Service1.svc - 49474 - ::1 - - 200 0 0 302
2018-04-24 12:28:09 ::1 POST /Service1.svc - 49474 - ::1 - - 200 0 0 121
2018-04-24 12:28:18 ::1 POST /Service1.svc - 49474 - ::1 - - 200 0 0 43
2018-04-24 12:30:17 ::1 POST /Service1.svc - 49474 - ::1 - - 200 0 64 115840
2018-04-24 12:30:43 ::1 POST /Service1.svc - 49474 - ::1 - - 200 0 0 51
2018-04-24 12:30:56 ::1 POST /Service1.svc - 49474 - ::1 - - 200 0 0 41
2018-04-24 12:31:00 ::1 POST /Service1.svc - 49474 - ::1 - - 200 0 0 58
2018-04-24 12:31:03 ::1 POST /Service1.svc - 49474 - ::1 - - 200 0 0 37
2018-04-24 12:31:07 ::1 POST /Service1.svc - 49474 - ::1 - - 200 0 0 30
2018-04-24 12:31:14 ::1 POST /Service1.svc - 49474 - ::1 - - 200 0 0 17
2018-04-24 12:31:40 ::1 POST /Service1.svc - 49474 - ::1 - - 200 0 0 131
2018-04-24 12:31:48 ::1 POST /Service1.svc - 49474 - ::1 - - 200 0 0 34
2018-04-24 12:31:52 ::1 POST /Service1.svc - 49474 - ::1 - - 200 0 0 41
2018-04-24 12:31:56 ::1 POST /Service1.svc - 49474 - ::1 - - 200 0 0 16
2018-04-24 12:32:00 ::1 POST /Service1.svc - 49474 - ::1 - - 200 0 0 46
2018-04-24 12:32:15 ::1 POST /Service1.svc - 49474 - ::1 - - 200 0 0 37
2018-04-24 12:32:50 ::1 POST /Service1.svc - 49474 - ::1 - - 200 0 0 221
2018-04-24 12:34:19 ::1 POST /Service1.svc - 49474 - ::1 - - 200 0 0 47
2018-04-24 12:34:22 ::1 POST /Service1.svc - 49474 - ::1 - - 200 0 0 271
2018-04-24 12:34:22 ::1 POST /Service1.svc - 49474 - ::1 - - 200 0 0 46
2018-04-24 12:34:22 ::1 POST /Service1.svc - 49474 - ::1 - - 200 0 0 121
2018-04-24 12:34:24 ::1 POST /Service1.svc - 49474 - ::1 - - 200 0 0 97
2018-04-24 12:34:28 ::1 POST /Service1.svc - 49474 - ::1 - - 200 0 0 44
2018-04-24 12:34:28 ::1 POST /Service1.svc - 49474 - ::1 - - 200 0 0 937
2018-04-24 12:34:29 ::1 POST /Service1.svc - 49474 - ::1 - - 200 0 0 74
2018-04-24 12:34:40 ::1 POST /Service1.svc - 49474 - ::1 - - 200 0 0 40
2018-04-24 12:34:50 ::1 POST /Service1.svc - 49474 - ::1 - - 200 0 0 4427
2018-04-24 12:34:54 ::1 POST /Service1.svc - 49474 - ::1 - - 200 0 0 28
2018-04-24 12:35:02 ::1 POST /Service1.svc - 49474 - ::1 - - 200 0 0 81
2018-04-24 12:35:05 ::1 POST /Service1.svc - 49474 - ::1 - - 200 0 0 34
2018-04-24 12:35:08 ::1 POST /Service1.svc - 49474 - ::1 - - 200 0 0 29
2018-04-24 12:35:13 ::1 POST /Service1.svc - 49474 - ::1 - - 200 0 0 5262
2018-04-24 12:35:16 ::1 POST /Service1.svc - 49474 - ::1 - - 200 0 0 24
2018-04-24 12:35:16 ::1 POST /Service1.svc - 49474 - ::1 - - 200 0 0 30
2018-04-24 12:35:18 ::1 POST /Service1.svc - 49474 - ::1 - - 200 0 0 47
2018-04-24 12:35:18 ::1 POST /Service1.svc - 49474 - ::1 - - 200 0 0 52
2018-04-24 12:35:18 ::1 POST /Service1.svc - 49474 - ::1 - - 200 0 0 69
2018-04-24 12:35:22 ::1 POST /Service1.svc - 49474 - ::1 - - 200 0 0 61
2018-04-24 12:35:25 ::1 POST /Service1.svc - 49474 - ::1 - - 200 0 0 52
2018-04-24 12:35:25 ::1 POST /Service1.svc - 49474 - ::1 - - 200 0 0 37
2018-04-24 12:35:25 ::1 POST /Service1.svc - 49474 - ::1 - - 200 0 0 36
2018-04-24 12:35:43 ::1 POST /Service1.svc - 49474 - ::1 - - 200 0 0 63
2018-04-24 12:35:47 ::1 POST /Service1.svc - 49474 - ::1 - - 200 0 0 21
2018-04-24 12:35:53 ::1 POST /Service1.svc - 49474 - ::1 - - 200 0 0 519
2018-04-24 12:35:56 ::1 POST /Service1.svc - 49474 - ::1 - - 200 0 0 182
2018-04-24 12:35:56 ::1 POST /Service1.svc - 49474 - ::1 - - 200 0 0 49
2018-04-24 12:35:59 ::1 POST /Service1.svc - 49474 - ::1 - - 200 0 0 25
2018-04-24 12:35:59 ::1 POST /Service1.svc - 49474 - ::1 - - 200 0 0 38
2018-04-24 12:35:59 ::1 POST /Service1.svc - 49474 - ::1 - - 200 0 0 127
2018-04-24 12:36:02 ::1 POST /Service1.svc - 49474 - ::1 - - 200 0 0 46
2018-04-24 12:36:02 ::1 POST /Service1.svc - 49474 - ::1 - - 200 0 0 33
2018-04-24 12:36:02 ::1 POST /Service1.svc - 49474 - ::1 - - 200 0 0 47
2018-04-24 12:36:02 ::1 POST /Service1.svc - 49474 - ::1 - - 200 0 0 11
2018-04-24 12:36:02 ::1 POST /Service1.svc - 49474 - ::1 - - 200 0 0 75
2018-04-24 12:36:12 ::1 POST /Service1.svc - 49474 - ::1 - - 200 0 0 80
#Software: Microsoft Internet Information Services 10.0
#Version: 1.0
#Date: 2018-04-24 12:58:30
#Fields: date time s-ip cs-method cs-uri-stem cs-uri-query s-port cs-username c-ip cs(User-Agent) cs(Referer) sc-status sc-substatus sc-win32-status time-taken
2018-04-24 12:58:30 ::1 POST /Service1.svc - 49474 - ::1 - - 200 0 0 244
2018-04-24 12:58:37 ::1 POST /Service1.svc - 49474 - ::1 - - 200 0 0 168
2018-04-24 12:58:37 ::1 POST /Service1.svc - 49474 - ::1 - - 200 0 0 38
2018-04-24 12:58:37 ::1 POST /Service1.svc - 49474 - ::1 - - 200 0 0 195
2018-04-24 12:58:47 ::1 POST /Service1.svc - 49474 - ::1 - - 200 0 0 257
2018-04-24 12:58:49 ::1 POST /Service1.svc - 49474 - ::1 - - 200 0 0 170
2018-04-24 12:58:49 ::1 POST /Service1.svc - 49474 - ::1 - - 200 0 0 396
2018-04-24 12:58:49 ::1 POST /Service1.svc - 49474 - ::1 - - 200 0 0 55
2018-04-24 12:58:49 ::1 POST /Service1.svc - 49474 - ::1 - - 200 0 0 206
2018-04-24 12:58:49 ::1 POST /Service1.svc - 49474 - ::1 - - 200 0 0 95
2018-04-24 12:58:49 ::1 POST /Service1.svc - 49474 - ::1 - - 200 0 0 95
2018-04-24 12:58:51 ::1 POST /Service1.svc - 49474 - ::1 - - 200 0 0 114
2018-04-24 12:58:51 ::1 POST /Service1.svc - 49474 - ::1 - - 200 0 0 115
2018-04-24 12:59:05 ::1 POST /Service1.svc - 49474 - ::1 - - 200 0 0 108
2018-04-24 13:00:52 ::1 POST /Service1.svc - 49474 - ::1 - - 200 0 0 89
2018-04-24 13:01:01 ::1 POST /Service1.svc - 49474 - ::1 - - 200 0 0 186
2018-04-24 13:01:01 ::1 POST /Service1.svc - 49474 - ::1 - - 200 0 0 60
2018-04-24 13:01:01 ::1 POST /Service1.svc - 49474 - ::1 - - 200 0 0 57
2018-04-24 13:01:01 ::1 POST /Service1.svc - 49474 - ::1 - - 200 0 0 142
2018-04-24 13:01:01 ::1 POST /Service1.svc - 49474 - ::1 - - 200 0 0 129
2018-04-24 13:01:01 ::1 POST /Service1.svc - 49474 - ::1 - - 200 0 0 160
2018-04-24 13:01:02 ::1 POST /Service1.svc - 49474 - ::1 - - 200 0 0 144
2018-04-24 13:01:02 ::1 POST /Service1.svc - 49474 - ::1 - - 200 0 0 501
2018-04-24 13:01:15 ::1 POST /Service1.svc - 49474 - ::1 - - 200 0 0 2844
2018-04-24 13:01:15 ::1 POST /Service1.svc - 49474 - ::1 - - 200 0 0 181
2018-04-24 13:01:59 ::1 POST /Service1.svc - 49474 - ::1 - - 200 0 0 56
2018-04-24 13:01:59 ::1 POST /Service1.svc - 49474 - ::1 - - 200 0 0 35
2018-04-24 13:01:59 ::1 POST /Service1.svc - 49474 - ::1 - - 200 0 0 113
2018-04-24 13:02:13 ::1 POST /Service1.svc - 49474 - ::1 - - 200 0 0 90
2018-04-24 13:02:45 ::1 POST /Service1.svc - 49474 - ::1 - - 200 0 0 65
2018-04-24 13:03:40 ::1 POST /Service1.svc - 49474 - ::1 - - 200 0 0 69
2018-04-24 13:03:57 ::1 POST /Service1.svc - 49474 - ::1 - - 200 0 0 69
2018-04-24 13:04:39 ::1 POST /Service1.svc - 49474 - ::1 - - 200 0 0 183
2018-04-24 13:04:45 ::1 POST /Service1.svc - 49474 - ::1 - - 200 0 0 68
2018-04-24 13:04:47 ::1 POST /Service1.svc - 49474 - ::1 - - 200 0 0 223
2018-04-24 13:04:47 ::1 POST /Service1.svc - 49474 - ::1 - - 200 0 0 380
2018-04-24 13:04:48 ::1 POST /Service1.svc - 49474 - ::1 - - 200 0 0 854
2018-04-24 13:04:48 ::1 POST /Service1.svc - 49474 - ::1 - - 200 0 0 899
2018-04-24 13:04:50 ::1 POST /Service1.svc - 49474 - ::1 - - 200 0 0 960
2018-04-24 13:04:50 ::1 POST /Service1.svc - 49474 - ::1 - - 200 0 0 155
2018-04-24 13:04:55 ::1 POST /Service1.svc - 49474 - ::1 - - 200 0 0 124
2018-04-24 13:04:55 ::1 POST /Service1.svc - 49474 - ::1 - - 200 0 0 398
2018-04-24 13:05:05 ::1 POST /Service1.svc - 49474 - ::1 - - 200 0 0 48
2018-04-24 13:05:05 ::1 POST /Service1.svc - 49474 - ::1 - - 200 0 0 22
2018-04-24 13:05:13 ::1 POST /Service1.svc - 49474 - ::1 - - 200 0 0 31
2018-04-24 13:08:47 ::1 POST /Service1.svc - 49474 - ::1 - - 200 0 0 31
2018-04-24 13:08:49 ::1 POST /Service1.svc - 49474 - ::1 - - 200 0 0 119
2018-04-24 13:08:49 ::1 POST /Service1.svc - 49474 - ::1 - - 200 0 0 656
2018-04-24 13:08:49 ::1 POST /Service1.svc - 49474 - ::1 - - 200 0 0 111
2018-04-24 13:08:49 ::1 POST /Service1.svc - 49474 - ::1 - - 200 0 0 32
2018-04-24 13:08:50 ::1 POST /Service1.svc - 49474 - ::1 - - 200 0 0 323
2018-04-24 13:08:50 ::1 POST /Service1.svc - 49474 - ::1 - - 200 0 0 87
2018-04-24 13:08:50 ::1 POST /Service1.svc - 49474 - ::1 - - 200 0 0 203
2018-04-24 13:08:50 ::1 POST /Service1.svc - 49474 - ::1 - - 200 0 0 233
2018-04-24 13:08:56 ::1 POST /Service1.svc - 49474 - ::1 - - 200 0 0 326
2018-04-24 13:08:56 ::1 POST /Service1.svc - 49474 - ::1 - - 200 0 0 56
2018-04-24 13:10:09 ::1 POST /Service1.svc - 49474 - ::1 - - 200 0 0 30
2018-04-24 13:10:11 ::1 POST /Service1.svc - 49474 - ::1 - - 200 0 0 198
2018-04-24 13:10:11 ::1 POST /Service1.svc - 49474 - ::1 - - 200 0 0 96
2018-04-24 13:10:11 ::1 POST /Service1.svc - 49474 - ::1 - - 200 0 0 209
2018-04-24 13:10:11 ::1 POST /Service1.svc - 49474 - ::1 - - 200 0 0 43
2018-04-24 13:10:11 ::1 POST /Service1.svc - 49474 - ::1 - - 200 0 0 163
2018-04-24 13:10:12 ::1 POST /Service1.svc - 49474 - ::1 - - 200 0 0 412
2018-04-24 13:10:12 ::1 POST /Service1.svc - 49474 - ::1 - - 200 0 0 89
2018-04-24 13:10:12 ::1 POST /Service1.svc - 49474 - ::1 - - 200 0 0 32
2018-04-24 13:10:19 ::1 POST /Service1.svc - 49474 - ::1 - - 200 0 0 113
2018-04-24 13:10:19 ::1 POST /Service1.svc - 49474 - ::1 - - 200 0 0 37
2018-04-24 13:10:19 ::1 POST /Service1.svc - 49474 - ::1 - - 200 0 0 284
2018-04-24 13:10:34 ::1 POST /Service1.svc - 49474 - ::1 - - 200 0 0 115
2018-04-24 13:10:37 ::1 POST /Service1.svc - 49474 - ::1 - - 200 0 0 179
2018-04-24 13:10:37 ::1 POST /Service1.svc - 49474 - ::1 - - 200 0 0 265
2018-04-24 13:10:37 ::1 POST /Service1.svc - 49474 - ::1 - - 200 0 0 108
2018-04-24 13:10:37 ::1 POST /Service1.svc - 49474 - ::1 - - 200 0 0 46
2018-04-24 13:10:41 ::1 POST /Service1.svc - 49474 - ::1 - - 200 0 0 80
2018-04-24 13:10:41 ::1 POST /Service1.svc - 49474 - ::1 - - 200 0 0 36
2018-04-24 13:10:41 ::1 POST /Service1.svc - 49474 - ::1 - - 200 0 0 168
2018-04-24 13:10:41 ::1 POST /Service1.svc - 49474 - ::1 - - 200 0 0 131
2018-04-24 13:10:55 ::1 POST /Service1.svc - 49474 - ::1 - - 200 0 0 367
2018-04-24 13:11:47 ::1 POST /Service1.svc - 49474 - ::1 - - 200 0 0 112
2018-04-24 13:11:50 ::1 POST /Service1.svc - 49474 - ::1 - - 200 0 0 278
2018-04-24 13:11:50 ::1 POST /Service1.svc - 49474 - ::1 - - 200 0 0 150
2018-04-24 13:11:50 ::1 POST /Service1.svc - 49474 - ::1 - - 200 0 0 59
2018-04-24 13:11:50 ::1 POST /Service1.svc - 49474 - ::1 - - 200 0 0 111
2018-04-24 13:11:50 ::1 POST /Service1.svc - 49474 - ::1 - - 200 0 0 141
2018-04-24 13:11:50 ::1 POST /Service1.svc - 49474 - ::1 - - 200 0 0 170
2018-04-24 13:11:51 ::1 POST /Service1.svc - 49474 - ::1 - - 200 0 0 207
2018-04-24 13:11:51 ::1 POST /Service1.svc - 49474 - ::1 - - 200 0 0 84
2018-04-24 13:11:55 ::1 POST /Service1.svc - 49474 - ::1 - - 200 0 0 41
2018-04-24 13:11:55 ::1 POST /Service1.svc - 49474 - ::1 - - 200 0 0 72
2018-04-24 13:13:28 ::1 POST /Service1.svc - 49474 - ::1 - - 200 0 0 29
2018-04-24 13:13:33 ::1 POST /Service1.svc - 49474 - ::1 - - 200 0 0 258
2018-04-24 13:13:33 ::1 POST /Service1.svc - 49474 - ::1 - - 200 0 0 577
2018-04-24 13:13:33 ::1 POST /Service1.svc - 49474 - ::1 - - 200 0 0 108
2018-04-24 13:13:34 ::1 POST /Service1.svc - 49474 - ::1 - - 200 0 0 132
2018-04-24 13:13:38 ::1 POST /Service1.svc - 49474 - ::1 - - 200 0 0 26
2018-04-24 13:13:38 ::1 POST /Service1.svc - 49474 - ::1 - - 200 0 0 57
2018-04-24 13:13:38 ::1 POST /Service1.svc - 49474 - ::1 - - 200 0 0 59
2018-04-24 13:13:38 ::1 POST /Service1.svc - 49474 - ::1 - - 200 0 0 43
2018-04-24 13:13:46 ::1 POST /Service1.svc - 49474 - ::1 - - 200 0 0 79
2018-04-24 13:13:46 ::1 POST /Service1.svc - 49474 - ::1 - - 200 0 0 98
2018-04-24 13:13:46 ::1 POST /Service1.svc - 49474 - ::1 - - 200 0 0 58
2018-04-24 13:13:51 ::1 POST /Service1.svc - 49474 - ::1 - - 200 0 0 27
