#Software: Microsoft Internet Information Services 10.0
#Version: 1.0
#Date: 2018-06-22 05:24:34
#Fields: date time s-ip cs-method cs-uri-stem cs-uri-query s-port cs-username c-ip cs(User-Agent) cs(Referer) sc-status sc-substatus sc-win32-status time-taken
2018-06-22 05:24:34 ::1 POST /Service1.svc - 49474 - ::1 - - 415 0 0 20765
2018-06-22 05:24:34 ::1 POST /Service1.svc/mex - 49474 - ::1 - - 415 0 0 9
2018-06-22 05:24:41 ::1 GET /Service1.svc - 49474 - ::1 Mozilla/4.0+(compatible;+MSIE+6.0;+MS+Web+Services+Client+Protocol+4.0.30319.42000) - 200 0 0 5488
2018-06-22 05:24:41 ::1 GET /Service1.svc disco 49474 - ::1 Mozilla/4.0+(compatible;+MSIE+6.0;+MS+Web+Services+Client+Protocol+4.0.30319.42000) - 200 0 0 122
2018-06-22 05:24:41 ::1 GET /Service1.svc wsdl 49474 - ::1 Mozilla/4.0+(compatible;+MSIE+6.0;+MS+Web+Services+Client+Protocol+4.0.30319.42000) - 200 0 0 152
2018-06-22 05:24:43 ::1 GET /Service1.svc xsd=xsd0 49474 - ::1 Mozilla/4.0+(compatible;+MSIE+6.0;+MS+Web+Services+Client+Protocol+4.0.30319.42000) - 200 0 0 1488
2018-06-22 05:24:43 ::1 GET /Service1.svc xsd=xsd2 49474 - ::1 Mozilla/4.0+(compatible;+MSIE+6.0;+MS+Web+Services+Client+Protocol+4.0.30319.42000) - 200 0 0 12
2018-06-22 05:24:43 ::1 GET /Service1.svc xsd=xsd3 49474 - ::1 Mozilla/4.0+(compatible;+MSIE+6.0;+MS+Web+Services+Client+Protocol+4.0.30319.42000) - 200 0 0 57
2018-06-22 05:24:43 ::1 GET /Service1.svc xsd=xsd1 49474 - ::1 Mozilla/4.0+(compatible;+MSIE+6.0;+MS+Web+Services+Client+Protocol+4.0.30319.42000) - 200 0 0 52
2018-06-22 05:39:23 ::1 POST /Service1.svc - 49474 - ::1 - - 200 0 0 11020
2018-06-22 05:39:23 ::1 POST /Service1.svc - 49474 - ::1 - - 200 0 0 174
2018-06-22 05:39:24 ::1 POST /Service1.svc - 49474 - ::1 - - 200 0 0 276
2018-06-22 05:39:24 ::1 POST /Service1.svc - 49474 - ::1 - - 200 0 0 311
2018-06-22 05:39:24 ::1 POST /Service1.svc - 49474 - ::1 - - 200 0 0 100
2018-06-22 05:39:24 ::1 POST /Service1.svc - 49474 - ::1 - - 200 0 0 29
2018-06-22 05:39:24 ::1 POST /Service1.svc - 49474 - ::1 - - 200 0 0 95
2018-06-22 05:39:24 ::1 POST /Service1.svc - 49474 - ::1 - - 200 0 0 173
2018-06-22 05:39:24 ::1 POST /Service1.svc - 49474 - ::1 - - 200 0 0 96
2018-06-22 05:39:25 ::1 POST /Service1.svc - 49474 - ::1 - - 200 0 0 126
2018-06-22 05:39:25 ::1 POST /Service1.svc - 49474 - ::1 - - 200 0 0 20
2018-06-22 05:39:25 ::1 POST /Service1.svc - 49474 - ::1 - - 200 0 0 47
2018-06-22 05:39:25 ::1 POST /Service1.svc - 49474 - ::1 - - 200 0 0 135
2018-06-22 05:39:25 ::1 POST /Service1.svc - 49474 - ::1 - - 200 0 0 45
2018-06-22 05:39:25 ::1 POST /Service1.svc - 49474 - ::1 - - 200 0 0 27
2018-06-22 05:39:25 ::1 POST /Service1.svc - 49474 - ::1 - - 200 0 0 88
2018-06-22 05:39:25 ::1 POST /Service1.svc - 49474 - ::1 - - 200 0 0 98
#Software: Microsoft Internet Information Services 10.0
#Version: 1.0
#Date: 2018-06-22 07:04:31
#Fields: date time s-ip cs-method cs-uri-stem cs-uri-query s-port cs-username c-ip cs(User-Agent) cs(Referer) sc-status sc-substatus sc-win32-status time-taken
2018-06-22 07:04:31 ::1 POST /Service1.svc - 49474 - ::1 - - 500 0 0 35823
2018-06-22 07:04:32 ::1 POST /Service1.svc/mex - 49474 - ::1 - - 500 0 0 29
2018-06-22 07:04:37 ::1 GET /Service1.svc - 49474 - ::1 Mozilla/4.0+(compatible;+MSIE+6.0;+MS+Web+Services+Client+Protocol+4.0.30319.42000) - 500 0 0 3021
2018-06-22 07:04:41 ::1 POST /Service1.svc - 49474 - ::1 - - 500 0 0 34
2018-06-22 07:04:41 ::1 POST /Service1.svc/mex - 49474 - ::1 - - 500 0 0 141
2018-06-22 07:04:41 ::1 GET /Service1.svc - 49474 - ::1 Mozilla/4.0+(compatible;+MSIE+6.0;+MS+Web+Services+Client+Protocol+4.0.30319.42000) - 500 0 0 199
#Software: Microsoft Internet Information Services 10.0
#Version: 1.0
#Date: 2018-06-22 07:06:21
#Fields: date time s-ip cs-method cs-uri-stem cs-uri-query s-port cs-username c-ip cs(User-Agent) cs(Referer) sc-status sc-substatus sc-win32-status time-taken
2018-06-22 07:06:21 ::1 POST /Service1.svc - 49474 - ::1 - - 500 0 0 9810
2018-06-22 07:06:21 ::1 POST /Service1.svc/mex - 49474 - ::1 - - 500 0 0 104
2018-06-22 07:06:22 ::1 GET /Service1.svc - 49474 - ::1 Mozilla/4.0+(compatible;+MSIE+6.0;+MS+Web+Services+Client+Protocol+4.0.30319.42000) - 500 0 0 423
2018-06-22 07:06:24 ::1 POST /Service1.svc - 49474 - ::1 - - 500 0 0 35
2018-06-22 07:06:24 ::1 POST /Service1.svc/mex - 49474 - ::1 - - 500 0 0 195
2018-06-22 07:06:24 ::1 GET /Service1.svc - 49474 - ::1 Mozilla/4.0+(compatible;+MSIE+6.0;+MS+Web+Services+Client+Protocol+4.0.30319.42000) - 500 0 0 210
#Software: Microsoft Internet Information Services 10.0
#Version: 1.0
#Date: 2018-06-22 07:07:16
#Fields: date time s-ip cs-method cs-uri-stem cs-uri-query s-port cs-username c-ip cs(User-Agent) cs(Referer) sc-status sc-substatus sc-win32-status time-taken
2018-06-22 07:07:16 ::1 POST /Service1.svc - 49474 - ::1 - - 500 0 0 6849
2018-06-22 07:07:16 ::1 POST /Service1.svc/mex - 49474 - ::1 - - 500 0 0 29
2018-06-22 07:07:16 ::1 GET /Service1.svc - 49474 - ::1 Mozilla/4.0+(compatible;+MSIE+6.0;+MS+Web+Services+Client+Protocol+4.0.30319.42000) - 500 0 0 494
2018-06-22 07:07:17 ::1 POST /Service1.svc - 49474 - ::1 - - 500 0 0 29
2018-06-22 07:07:17 ::1 POST /Service1.svc/mex - 49474 - ::1 - - 500 0 0 152
2018-06-22 07:07:17 ::1 GET /Service1.svc - 49474 - ::1 Mozilla/4.0+(compatible;+MSIE+6.0;+MS+Web+Services+Client+Protocol+4.0.30319.42000) - 500 0 0 173
2018-06-22 07:07:51 ::1 POST /Service1.svc - 49474 - ::1 - - 500 0 0 63
2018-06-22 07:07:51 ::1 POST /Service1.svc/mex - 49474 - ::1 - - 500 0 0 102
2018-06-22 07:07:51 ::1 GET /Service1.svc - 49474 - ::1 Mozilla/4.0+(compatible;+MSIE+6.0;+MS+Web+Services+Client+Protocol+4.0.30319.42000) - 500 0 0 351
2018-06-22 07:07:52 ::1 POST /Service1.svc - 49474 - ::1 - - 500 0 0 129
2018-06-22 07:07:52 ::1 POST /Service1.svc/mex - 49474 - ::1 - - 500 0 0 85
2018-06-22 07:07:52 ::1 GET /Service1.svc - 49474 - ::1 Mozilla/4.0+(compatible;+MSIE+6.0;+MS+Web+Services+Client+Protocol+4.0.30319.42000) - 500 0 0 97
#Software: Microsoft Internet Information Services 10.0
#Version: 1.0
#Date: 2018-06-22 07:11:13
#Fields: date time s-ip cs-method cs-uri-stem cs-uri-query s-port cs-username c-ip cs(User-Agent) cs(Referer) sc-status sc-substatus sc-win32-status time-taken
2018-06-22 07:11:13 ::1 POST /Service1.svc - 49474 - ::1 - - 415 0 0 24027
2018-06-22 07:11:13 ::1 POST /Service1.svc/mex - 49474 - ::1 - - 415 0 0 37
2018-06-22 07:11:21 ::1 GET /Service1.svc - 49474 - ::1 Mozilla/4.0+(compatible;+MSIE+6.0;+MS+Web+Services+Client+Protocol+4.0.30319.42000) - 200 0 0 7524
2018-06-22 07:11:21 ::1 GET /Service1.svc disco 49474 - ::1 Mozilla/4.0+(compatible;+MSIE+6.0;+MS+Web+Services+Client+Protocol+4.0.30319.42000) - 200 0 0 203
2018-06-22 07:11:21 ::1 GET /Service1.svc wsdl 49474 - ::1 Mozilla/4.0+(compatible;+MSIE+6.0;+MS+Web+Services+Client+Protocol+4.0.30319.42000) - 200 0 0 320
2018-06-22 07:11:24 ::1 GET /Service1.svc xsd=xsd0 49474 - ::1 Mozilla/4.0+(compatible;+MSIE+6.0;+MS+Web+Services+Client+Protocol+4.0.30319.42000) - 200 0 0 2620
2018-06-22 07:11:24 ::1 GET /Service1.svc xsd=xsd2 49474 - ::1 Mozilla/4.0+(compatible;+MSIE+6.0;+MS+Web+Services+Client+Protocol+4.0.30319.42000) - 200 0 0 69
2018-06-22 07:11:24 ::1 GET /Service1.svc xsd=xsd3 49474 - ::1 Mozilla/4.0+(compatible;+MSIE+6.0;+MS+Web+Services+Client+Protocol+4.0.30319.42000) - 200 0 0 15
2018-06-22 07:11:24 ::1 GET /Service1.svc xsd=xsd1 49474 - ::1 Mozilla/4.0+(compatible;+MSIE+6.0;+MS+Web+Services+Client+Protocol+4.0.30319.42000) - 200 0 0 72
2018-06-22 07:12:48 ::1 GET /Service1.svc - 49474 - ::1 Mozilla/4.0+(compatible;+MSIE+6.0;+MS+Web+Services+Client+Protocol+4.0.30319.42000) - 200 0 0 8
2018-06-22 07:12:48 ::1 GET /Service1.svc disco 49474 - ::1 Mozilla/4.0+(compatible;+MSIE+6.0;+MS+Web+Services+Client+Protocol+4.0.30319.42000) - 200 0 0 201
2018-06-22 07:12:48 ::1 GET /Service1.svc wsdl 49474 - ::1 Mozilla/4.0+(compatible;+MSIE+6.0;+MS+Web+Services+Client+Protocol+4.0.30319.42000) - 200 0 0 96
2018-06-22 07:12:48 ::1 GET /Service1.svc/$metadata - 49474 - ::1 Mozilla/4.0+(compatible;+MSIE+6.0;+MS+Web+Services+Client+Protocol+4.0.30319.42000) - 400 0 0 896
2018-06-22 07:12:49 ::1 GET /Service1.svc xsd=xsd0 49474 - ::1 Mozilla/4.0+(compatible;+MSIE+6.0;+MS+Web+Services+Client+Protocol+4.0.30319.42000) - 200 0 0 22
2018-06-22 07:12:49 ::1 GET /Service1.svc xsd=xsd2 49474 - ::1 Mozilla/4.0+(compatible;+MSIE+6.0;+MS+Web+Services+Client+Protocol+4.0.30319.42000) - 200 0 0 128
2018-06-22 07:12:49 ::1 GET /Service1.svc xsd=xsd3 49474 - ::1 Mozilla/4.0+(compatible;+MSIE+6.0;+MS+Web+Services+Client+Protocol+4.0.30319.42000) - 200 0 0 30
2018-06-22 07:12:49 ::1 GET /Service1.svc xsd=xsd1 49474 - ::1 Mozilla/4.0+(compatible;+MSIE+6.0;+MS+Web+Services+Client+Protocol+4.0.30319.42000) - 200 0 0 94
2018-06-22 07:12:57 ::1 POST /Service1.svc/mex - 49474 - ::1 - - 415 0 0 116
2018-06-22 07:12:57 ::1 POST /Service1.svc - 49474 - ::1 - - 415 0 0 123
2018-06-22 07:15:02 ::1 GET /Service1.svc/$metadata - 49474 - ::1 Mozilla/4.0+(compatible;+MSIE+6.0;+MS+Web+Services+Client+Protocol+4.0.30319.42000) - 400 0 0 287
2018-06-22 07:15:02 ::1 GET /Service1.svc - 49474 - ::1 Mozilla/4.0+(compatible;+MSIE+6.0;+MS+Web+Services+Client+Protocol+4.0.30319.42000) - 200 0 0 450
2018-06-22 07:15:02 ::1 POST /Service1.svc/mex - 49474 - ::1 - - 415 0 0 430
2018-06-22 07:15:02 ::1 POST /Service1.svc - 49474 - ::1 - - 415 0 0 491
2018-06-22 07:15:02 ::1 GET /Service1.svc disco 49474 - ::1 Mozilla/4.0+(compatible;+MSIE+6.0;+MS+Web+Services+Client+Protocol+4.0.30319.42000) - 200 0 0 207
2018-06-22 07:15:02 ::1 GET /Service1.svc wsdl 49474 - ::1 Mozilla/4.0+(compatible;+MSIE+6.0;+MS+Web+Services+Client+Protocol+4.0.30319.42000) - 200 0 0 145
2018-06-22 07:15:02 ::1 GET /Service1.svc xsd=xsd0 49474 - ::1 Mozilla/4.0+(compatible;+MSIE+6.0;+MS+Web+Services+Client+Protocol+4.0.30319.42000) - 200 0 0 8
2018-06-22 07:15:02 ::1 GET /Service1.svc xsd=xsd2 49474 - ::1 Mozilla/4.0+(compatible;+MSIE+6.0;+MS+Web+Services+Client+Protocol+4.0.30319.42000) - 200 0 0 42
2018-06-22 07:15:02 ::1 GET /Service1.svc xsd=xsd3 49474 - ::1 Mozilla/4.0+(compatible;+MSIE+6.0;+MS+Web+Services+Client+Protocol+4.0.30319.42000) - 200 0 0 11
2018-06-22 07:15:02 ::1 GET /Service1.svc xsd=xsd1 49474 - ::1 Mozilla/4.0+(compatible;+MSIE+6.0;+MS+Web+Services+Client+Protocol+4.0.30319.42000) - 200 0 0 10
2018-06-22 07:18:55 ::1 POST /Service1.svc - 49474 - ::1 - - 200 0 0 20362
2018-06-22 07:18:58 ::1 POST /Service1.svc - 49474 - ::1 - - 200 0 0 2728
2018-06-22 07:18:59 ::1 POST /Service1.svc - 49474 - ::1 - - 200 0 0 1499
2018-06-22 07:19:01 ::1 POST /Service1.svc - 49474 - ::1 - - 200 0 0 1175
2018-06-22 07:19:01 ::1 POST /Service1.svc - 49474 - ::1 - - 200 0 0 214
2018-06-22 07:19:01 ::1 POST /Service1.svc - 49474 - ::1 - - 200 0 0 110
2018-06-22 07:19:01 ::1 POST /Service1.svc - 49474 - ::1 - - 200 0 0 268
2018-06-22 07:19:01 ::1 POST /Service1.svc - 49474 - ::1 - - 200 0 0 275
2018-06-22 07:19:02 ::1 POST /Service1.svc - 49474 - ::1 - - 200 0 0 246
2018-06-22 07:19:02 ::1 POST /Service1.svc - 49474 - ::1 - - 200 0 0 387
2018-06-22 07:19:02 ::1 POST /Service1.svc - 49474 - ::1 - - 200 0 0 247
2018-06-22 07:19:02 ::1 POST /Service1.svc - 49474 - ::1 - - 200 0 0 284
2018-06-22 07:19:03 ::1 POST /Service1.svc - 49474 - ::1 - - 200 0 0 215
2018-06-22 07:19:03 ::1 POST /Service1.svc - 49474 - ::1 - - 200 0 0 259
2018-06-22 07:19:03 ::1 POST /Service1.svc - 49474 - ::1 - - 200 0 0 225
2018-06-22 07:19:03 ::1 POST /Service1.svc - 49474 - ::1 - - 200 0 0 230
2018-06-22 07:19:04 ::1 POST /Service1.svc - 49474 - ::1 - - 200 0 0 745
2018-06-22 07:19:08 ::1 POST /Service1.svc - 49474 - ::1 - - 200 0 0 182
2018-06-22 07:19:08 ::1 POST /Service1.svc - 49474 - ::1 - - 200 0 0 30
2018-06-22 07:19:08 ::1 POST /Service1.svc - 49474 - ::1 - - 200 0 0 104
2018-06-22 07:19:08 ::1 POST /Service1.svc - 49474 - ::1 - - 200 0 0 311
2018-06-22 07:19:08 ::1 POST /Service1.svc - 49474 - ::1 - - 200 0 0 414
2018-06-22 07:19:09 ::1 POST /Service1.svc - 49474 - ::1 - - 200 0 0 311
2018-06-22 07:19:09 ::1 POST /Service1.svc - 49474 - ::1 - - 200 0 0 250
2018-06-22 07:19:09 ::1 POST /Service1.svc - 49474 - ::1 - - 200 0 0 588
2018-06-22 07:19:10 ::1 POST /Service1.svc - 49474 - ::1 - - 200 0 0 213
2018-06-22 07:19:10 ::1 POST /Service1.svc - 49474 - ::1 - - 200 0 0 130
2018-06-22 07:19:10 ::1 POST /Service1.svc - 49474 - ::1 - - 200 0 0 352
2018-06-22 07:19:10 ::1 POST /Service1.svc - 49474 - ::1 - - 200 0 0 286
2018-06-22 07:19:12 ::1 POST /Service1.svc - 49474 - ::1 - - 200 0 0 338
2018-06-22 07:19:12 ::1 POST /Service1.svc - 49474 - ::1 - - 200 0 0 460
2018-06-22 07:19:12 ::1 POST /Service1.svc - 49474 - ::1 - - 200 0 0 424
2018-06-22 07:19:12 ::1 POST /Service1.svc - 49474 - ::1 - - 200 0 0 98
2018-06-22 07:19:13 ::1 POST /Service1.svc - 49474 - ::1 - - 200 0 0 170
2018-06-22 07:19:20 ::1 POST /Service1.svc - 49474 - ::1 - - 200 0 0 5999
2018-06-22 07:19:23 ::1 POST /Service1.svc - 49474 - ::1 - - 200 0 0 85
2018-06-22 07:19:23 ::1 POST /Service1.svc - 49474 - ::1 - - 200 0 0 14
2018-06-22 07:19:23 ::1 POST /Service1.svc - 49474 - ::1 - - 200 0 0 99
2018-06-22 07:19:23 ::1 POST /Service1.svc - 49474 - ::1 - - 200 0 0 130
2018-06-22 07:19:23 ::1 POST /Service1.svc - 49474 - ::1 - - 200 0 0 45
2018-06-22 07:19:23 ::1 POST /Service1.svc - 49474 - ::1 - - 200 0 0 49
2018-06-22 07:19:23 ::1 POST /Service1.svc - 49474 - ::1 - - 200 0 0 161
2018-06-22 07:19:23 ::1 POST /Service1.svc - 49474 - ::1 - - 200 0 0 84
2018-06-22 07:19:23 ::1 POST /Service1.svc - 49474 - ::1 - - 200 0 0 293
2018-06-22 07:19:23 ::1 POST /Service1.svc - 49474 - ::1 - - 200 0 0 100
2018-06-22 07:19:24 ::1 POST /Service1.svc - 49474 - ::1 - - 200 0 0 246
2018-06-22 07:19:24 ::1 POST /Service1.svc - 49474 - ::1 - - 200 0 0 406
2018-06-22 07:19:24 ::1 POST /Service1.svc - 49474 - ::1 - - 200 0 0 263
2018-06-22 07:19:25 ::1 POST /Service1.svc - 49474 - ::1 - - 200 0 0 490
2018-06-22 07:19:25 ::1 POST /Service1.svc - 49474 - ::1 - - 200 0 0 523
2018-06-22 07:19:25 ::1 POST /Service1.svc - 49474 - ::1 - - 200 0 0 353
2018-06-22 07:19:27 ::1 POST /Service1.svc - 49474 - ::1 - - 200 0 0 396
2018-06-22 07:19:27 ::1 POST /Service1.svc - 49474 - ::1 - - 200 0 0 157
2018-06-22 07:19:27 ::1 POST /Service1.svc - 49474 - ::1 - - 200 0 0 206
2018-06-22 07:19:27 ::1 POST /Service1.svc - 49474 - ::1 - - 200 0 0 243
2018-06-22 07:19:27 ::1 POST /Service1.svc - 49474 - ::1 - - 200 0 0 213
2018-06-22 07:19:28 ::1 POST /Service1.svc - 49474 - ::1 - - 200 0 0 345
2018-06-22 07:19:28 ::1 POST /Service1.svc - 49474 - ::1 - - 200 0 0 488
2018-06-22 07:19:28 ::1 POST /Service1.svc - 49474 - ::1 - - 200 0 0 179
2018-06-22 07:19:28 ::1 POST /Service1.svc - 49474 - ::1 - - 200 0 0 164
2018-06-22 07:19:29 ::1 POST /Service1.svc - 49474 - ::1 - - 200 0 0 427
2018-06-22 07:19:29 ::1 POST /Service1.svc - 49474 - ::1 - - 200 0 0 507
2018-06-22 07:19:29 ::1 POST /Service1.svc - 49474 - ::1 - - 200 0 0 87
2018-06-22 07:19:29 ::1 POST /Service1.svc - 49474 - ::1 - - 200 0 0 221
2018-06-22 07:19:29 ::1 POST /Service1.svc - 49474 - ::1 - - 200 0 0 97
2018-06-22 07:19:30 ::1 POST /Service1.svc - 49474 - ::1 - - 200 0 0 564
2018-06-22 07:19:30 ::1 POST /Service1.svc - 49474 - ::1 - - 200 0 0 151
2018-06-22 07:19:30 ::1 POST /Service1.svc - 49474 - ::1 - - 200 0 0 45
2018-06-22 07:19:30 ::1 POST /Service1.svc - 49474 - ::1 - - 200 0 0 63
2018-06-22 07:19:32 ::1 POST /Service1.svc - 49474 - ::1 - - 200 0 0 398
2018-06-22 07:19:32 ::1 POST /Service1.svc - 49474 - ::1 - - 200 0 0 368
2018-06-22 07:19:39 ::1 POST /Service1.svc - 49474 - ::1 - - 200 0 0 29
2018-06-22 07:19:39 ::1 POST /Service1.svc - 49474 - ::1 - - 200 0 0 173
2018-06-22 07:19:39 ::1 POST /Service1.svc - 49474 - ::1 - - 200 0 0 233
2018-06-22 07:19:39 ::1 POST /Service1.svc - 49474 - ::1 - - 200 0 0 437
2018-06-22 07:19:40 ::1 POST /Service1.svc - 49474 - ::1 - - 200 0 0 297
2018-06-22 07:19:41 ::1 POST /Service1.svc - 49474 - ::1 - - 200 0 0 1235
2018-06-22 07:19:41 ::1 POST /Service1.svc - 49474 - ::1 - - 200 0 0 408
2018-06-22 07:19:41 ::1 POST /Service1.svc - 49474 - ::1 - - 200 0 0 193
2018-06-22 07:19:41 ::1 POST /Service1.svc - 49474 - ::1 - - 200 0 0 88
2018-06-22 07:19:41 ::1 POST /Service1.svc - 49474 - ::1 - - 200 0 0 207
2018-06-22 07:19:42 ::1 POST /Service1.svc - 49474 - ::1 - - 200 0 0 516
2018-06-22 07:19:42 ::1 POST /Service1.svc - 49474 - ::1 - - 200 0 0 272
2018-06-22 07:19:44 ::1 POST /Service1.svc - 49474 - ::1 - - 200 0 0 834
2018-06-22 07:19:44 ::1 POST /Service1.svc - 49474 - ::1 - - 200 0 0 328
2018-06-22 07:19:44 ::1 POST /Service1.svc - 49474 - ::1 - - 200 0 0 319
2018-06-22 07:19:45 ::1 POST /Service1.svc - 49474 - ::1 - - 200 0 0 736
2018-06-22 07:19:45 ::1 POST /Service1.svc - 49474 - ::1 - - 200 0 0 151
2018-06-22 07:19:46 ::1 POST /Service1.svc - 49474 - ::1 - - 200 0 0 483
2018-06-22 07:19:50 ::1 POST /Service1.svc - 49474 - ::1 - - 200 0 0 192
2018-06-22 07:19:50 ::1 POST /Service1.svc - 49474 - ::1 - - 200 0 0 187
2018-06-22 07:19:50 ::1 POST /Service1.svc - 49474 - ::1 - - 200 0 0 687
2018-06-22 07:19:51 ::1 POST /Service1.svc - 49474 - ::1 - - 200 0 0 299
2018-06-22 07:19:51 ::1 POST /Service1.svc - 49474 - ::1 - - 200 0 0 300
2018-06-22 07:19:51 ::1 POST /Service1.svc - 49474 - ::1 - - 200 0 0 413
2018-06-22 07:19:53 ::1 POST /Service1.svc - 49474 - ::1 - - 200 0 0 584
2018-06-22 07:19:53 ::1 POST /Service1.svc - 49474 - ::1 - - 200 0 0 214
2018-06-22 07:19:53 ::1 POST /Service1.svc - 49474 - ::1 - - 200 0 0 644
2018-06-22 07:19:54 ::1 POST /Service1.svc - 49474 - ::1 - - 200 0 0 862
2018-06-22 07:19:54 ::1 POST /Service1.svc - 49474 - ::1 - - 200 0 0 302
2018-06-22 07:19:54 ::1 POST /Service1.svc - 49474 - ::1 - - 200 0 0 205
2018-06-22 07:19:54 ::1 POST /Service1.svc - 49474 - ::1 - - 200 0 0 300
2018-06-22 07:19:56 ::1 POST /Service1.svc - 49474 - ::1 - - 200 0 0 292
2018-06-22 07:19:56 ::1 POST /Service1.svc - 49474 - ::1 - - 200 0 0 228
2018-06-22 07:19:56 ::1 POST /Service1.svc - 49474 - ::1 - - 200 0 0 366
2018-06-22 07:19:57 ::1 POST /Service1.svc - 49474 - ::1 - - 200 0 0 412
2018-06-22 07:19:57 ::1 POST /Service1.svc - 49474 - ::1 - - 200 0 0 140
2018-06-22 07:19:57 ::1 POST /Service1.svc - 49474 - ::1 - - 200 0 0 278
2018-06-22 07:20:00 ::1 POST /Service1.svc - 49474 - ::1 - - 200 0 0 2303
2018-06-22 07:20:03 ::1 POST /Service1.svc - 49474 - ::1 - - 200 0 0 227
2018-06-22 07:20:22 ::1 POST /Service1.svc - 49474 - ::1 - - 200 0 0 18930
2018-06-22 07:20:34 ::1 POST /Service1.svc - 49474 - ::1 - - 200 0 0 63
2018-06-22 07:20:34 ::1 POST /Service1.svc - 49474 - ::1 - - 200 0 0 220
2018-06-22 07:20:34 ::1 POST /Service1.svc - 49474 - ::1 - - 200 0 0 139
2018-06-22 07:20:34 ::1 POST /Service1.svc - 49474 - ::1 - - 200 0 0 426
2018-06-22 07:20:36 ::1 POST /Service1.svc - 49474 - ::1 - - 200 0 0 687
2018-06-22 07:20:36 ::1 POST /Service1.svc - 49474 - ::1 - - 200 0 0 283
2018-06-22 07:20:36 ::1 POST /Service1.svc - 49474 - ::1 - - 200 0 0 279
2018-06-22 07:20:37 ::1 POST /Service1.svc - 49474 - ::1 - - 200 0 0 580
2018-06-22 07:20:37 ::1 POST /Service1.svc - 49474 - ::1 - - 200 0 0 247
2018-06-22 07:20:37 ::1 POST /Service1.svc - 49474 - ::1 - - 200 0 0 469
2018-06-22 07:20:38 ::1 POST /Service1.svc - 49474 - ::1 - - 200 0 0 431
2018-06-22 07:20:38 ::1 POST /Service1.svc - 49474 - ::1 - - 200 0 0 212
2018-06-22 07:20:38 ::1 POST /Service1.svc - 49474 - ::1 - - 200 0 0 224
2018-06-22 07:20:38 ::1 POST /Service1.svc - 49474 - ::1 - - 200 0 0 525
2018-06-22 07:20:39 ::1 POST /Service1.svc - 49474 - ::1 - - 200 0 0 324
2018-06-22 07:20:39 ::1 POST /Service1.svc - 49474 - ::1 - - 200 0 0 392
2018-06-22 07:20:40 ::1 POST /Service1.svc - 49474 - ::1 - - 200 0 0 620
2018-06-22 07:20:40 ::1 POST /Service1.svc - 49474 - ::1 - - 200 0 0 442
2018-06-22 07:20:43 ::1 POST /Service1.svc - 49474 - ::1 - - 200 0 0 210
2018-06-22 07:20:43 ::1 POST /Service1.svc - 49474 - ::1 - - 200 0 0 152
2018-06-22 07:20:43 ::1 POST /Service1.svc - 49474 - ::1 - - 200 0 0 102
2018-06-22 07:20:43 ::1 POST /Service1.svc - 49474 - ::1 - - 200 0 0 122
2018-06-22 07:20:43 ::1 POST /Service1.svc - 49474 - ::1 - - 200 0 0 201
2018-06-22 07:20:43 ::1 POST /Service1.svc - 49474 - ::1 - - 200 0 0 295
2018-06-22 07:20:44 ::1 POST /Service1.svc - 49474 - ::1 - - 200 0 0 119
2018-06-22 07:20:44 ::1 POST /Service1.svc - 49474 - ::1 - - 200 0 0 142
2018-06-22 07:20:44 ::1 POST /Service1.svc - 49474 - ::1 - - 200 0 0 440
2018-06-22 07:20:44 ::1 POST /Service1.svc - 49474 - ::1 - - 200 0 0 203
2018-06-22 07:20:45 ::1 POST /Service1.svc - 49474 - ::1 - - 200 0 0 356
2018-06-22 07:20:45 ::1 POST /Service1.svc - 49474 - ::1 - - 200 0 0 477
2018-06-22 07:20:45 ::1 POST /Service1.svc - 49474 - ::1 - - 200 0 0 185
2018-06-22 07:20:46 ::1 POST /Service1.svc - 49474 - ::1 - - 200 0 0 381
2018-06-22 07:20:46 ::1 POST /Service1.svc - 49474 - ::1 - - 200 0 0 267
2018-06-22 07:20:46 ::1 POST /Service1.svc - 49474 - ::1 - - 200 0 0 441
2018-06-22 07:20:46 ::1 POST /Service1.svc - 49474 - ::1 - - 200 0 0 197
#Software: Microsoft Internet Information Services 10.0
#Version: 1.0
#Date: 2018-06-22 09:31:29
#Fields: date time s-ip cs-method cs-uri-stem cs-uri-query s-port cs-username c-ip cs(User-Agent) cs(Referer) sc-status sc-substatus sc-win32-status time-taken
2018-06-22 09:31:29 ::1 POST /Service1.svc - 49474 - ::1 - - 200 0 0 823
2018-06-22 09:31:29 ::1 POST /Service1.svc - 49474 - ::1 - - 200 0 0 309
2018-06-22 09:31:29 ::1 POST /Service1.svc - 49474 - ::1 - - 200 0 0 51
2018-06-22 09:31:30 ::1 POST /Service1.svc - 49474 - ::1 - - 200 0 0 124
2018-06-22 09:31:30 ::1 POST /Service1.svc - 49474 - ::1 - - 200 0 0 63
2018-06-22 09:31:30 ::1 POST /Service1.svc - 49474 - ::1 - - 200 0 0 62
2018-06-22 09:31:30 ::1 POST /Service1.svc - 49474 - ::1 - - 200 0 0 89
2018-06-22 09:31:30 ::1 POST /Service1.svc - 49474 - ::1 - - 200 0 0 54
2018-06-22 09:31:30 ::1 POST /Service1.svc - 49474 - ::1 - - 200 0 0 62
2018-06-22 09:31:30 ::1 POST /Service1.svc - 49474 - ::1 - - 200 0 0 55
2018-06-22 09:31:30 ::1 POST /Service1.svc - 49474 - ::1 - - 200 0 0 125
2018-06-22 09:31:30 ::1 POST /Service1.svc - 49474 - ::1 - - 200 0 0 44
2018-06-22 09:31:30 ::1 POST /Service1.svc - 49474 - ::1 - - 200 0 0 25
2018-06-22 09:31:30 ::1 POST /Service1.svc - 49474 - ::1 - - 200 0 0 106
2018-06-22 09:31:30 ::1 POST /Service1.svc - 49474 - ::1 - - 200 0 0 76
2018-06-22 09:31:30 ::1 POST /Service1.svc - 49474 - ::1 - - 200 0 0 86
2018-06-22 09:31:31 ::1 POST /Service1.svc - 49474 - ::1 - - 200 0 0 150
2018-06-22 09:31:40 ::1 POST /Service1.svc - 49474 - ::1 - - 200 0 0 26
2018-06-22 09:31:40 ::1 POST /Service1.svc - 49474 - ::1 - - 200 0 0 32
2018-06-22 09:31:40 ::1 POST /Service1.svc - 49474 - ::1 - - 200 0 0 114
2018-06-22 09:31:40 ::1 POST /Service1.svc - 49474 - ::1 - - 200 0 0 131
2018-06-22 09:31:40 ::1 POST /Service1.svc - 49474 - ::1 - - 200 0 0 37
2018-06-22 09:31:40 ::1 POST /Service1.svc - 49474 - ::1 - - 200 0 0 15
2018-06-22 09:31:40 ::1 POST /Service1.svc - 49474 - ::1 - - 200 0 0 14
2018-06-22 09:31:40 ::1 POST /Service1.svc - 49474 - ::1 - - 200 0 0 21
2018-06-22 09:31:40 ::1 POST /Service1.svc - 49474 - ::1 - - 200 0 0 32
2018-06-22 09:31:40 ::1 POST /Service1.svc - 49474 - ::1 - - 200 0 0 183
2018-06-22 09:31:40 ::1 POST /Service1.svc - 49474 - ::1 - - 200 0 0 181
2018-06-22 09:31:40 ::1 POST /Service1.svc - 49474 - ::1 - - 200 0 0 68
2018-06-22 09:31:40 ::1 POST /Service1.svc - 49474 - ::1 - - 200 0 0 31
2018-06-22 09:31:40 ::1 POST /Service1.svc - 49474 - ::1 - - 200 0 0 26
2018-06-22 09:31:41 ::1 POST /Service1.svc - 49474 - ::1 - - 200 0 0 148
2018-06-22 09:31:41 ::1 POST /Service1.svc - 49474 - ::1 - - 200 0 0 58
2018-06-22 09:31:41 ::1 POST /Service1.svc - 49474 - ::1 - - 200 0 0 20
2018-06-22 09:31:42 ::1 POST /Service1.svc - 49474 - ::1 - - 200 0 0 114
2018-06-22 09:31:44 ::1 POST /Service1.svc - 49474 - ::1 - - 200 0 0 103
2018-06-22 09:31:44 ::1 POST /Service1.svc - 49474 - ::1 - - 200 0 0 70
2018-06-22 09:31:44 ::1 POST /Service1.svc - 49474 - ::1 - - 200 0 0 49
2018-06-22 09:31:44 ::1 POST /Service1.svc - 49474 - ::1 - - 200 0 0 105
2018-06-22 09:31:44 ::1 POST /Service1.svc - 49474 - ::1 - - 200 0 0 86
2018-06-22 09:31:44 ::1 POST /Service1.svc - 49474 - ::1 - - 200 0 0 14
2018-06-22 09:31:44 ::1 POST /Service1.svc - 49474 - ::1 - - 200 0 0 17
2018-06-22 09:31:44 ::1 POST /Service1.svc - 49474 - ::1 - - 200 0 0 142
2018-06-22 09:31:44 ::1 POST /Service1.svc - 49474 - ::1 - - 200 0 0 46
2018-06-22 09:31:44 ::1 POST /Service1.svc - 49474 - ::1 - - 200 0 0 15
2018-06-22 09:31:44 ::1 POST /Service1.svc - 49474 - ::1 - - 200 0 0 13
2018-06-22 09:31:44 ::1 POST /Service1.svc - 49474 - ::1 - - 200 0 0 17
2018-06-22 09:31:44 ::1 POST /Service1.svc - 49474 - ::1 - - 200 0 0 255
2018-06-22 09:31:45 ::1 POST /Service1.svc - 49474 - ::1 - - 200 0 0 228
2018-06-22 09:31:45 ::1 POST /Service1.svc - 49474 - ::1 - - 200 0 0 61
2018-06-22 09:31:45 ::1 POST /Service1.svc - 49474 - ::1 - - 200 0 0 63
2018-06-22 09:31:45 ::1 POST /Service1.svc - 49474 - ::1 - - 200 0 0 242
2018-06-22 09:31:47 ::1 POST /Service1.svc - 49474 - ::1 - - 200 0 0 464
2018-06-22 09:31:47 ::1 POST /Service1.svc - 49474 - ::1 - - 200 0 0 53
2018-06-22 09:31:47 ::1 POST /Service1.svc - 49474 - ::1 - - 200 0 0 76
2018-06-22 09:31:47 ::1 POST /Service1.svc - 49474 - ::1 - - 200 0 0 260
2018-06-22 09:31:47 ::1 POST /Service1.svc - 49474 - ::1 - - 200 0 0 81
2018-06-22 09:31:47 ::1 POST /Service1.svc - 49474 - ::1 - - 200 0 0 32
2018-06-22 09:31:47 ::1 POST /Service1.svc - 49474 - ::1 - - 200 0 0 217
2018-06-22 09:31:47 ::1 POST /Service1.svc - 49474 - ::1 - - 200 0 0 64
2018-06-22 09:31:47 ::1 POST /Service1.svc - 49474 - ::1 - - 200 0 0 87
2018-06-22 09:31:47 ::1 POST /Service1.svc - 49474 - ::1 - - 200 0 0 54
2018-06-22 09:31:48 ::1 POST /Service1.svc - 49474 - ::1 - - 200 0 0 119
2018-06-22 09:31:48 ::1 POST /Service1.svc - 49474 - ::1 - - 200 0 0 57
2018-06-22 09:31:48 ::1 POST /Service1.svc - 49474 - ::1 - - 200 0 0 135
2018-06-22 09:31:48 ::1 POST /Service1.svc - 49474 - ::1 - - 200 0 0 121
2018-06-22 09:31:48 ::1 POST /Service1.svc - 49474 - ::1 - - 200 0 0 56
2018-06-22 09:31:48 ::1 POST /Service1.svc - 49474 - ::1 - - 200 0 0 113
2018-06-22 09:31:48 ::1 POST /Service1.svc - 49474 - ::1 - - 200 0 0 35
2018-06-22 09:31:48 ::1 POST /Service1.svc - 49474 - ::1 - - 200 0 0 29
2018-06-22 09:31:48 ::1 POST /Service1.svc - 49474 - ::1 - - 200 0 0 55
2018-06-22 09:31:48 ::1 POST /Service1.svc - 49474 - ::1 - - 200 0 0 114
2018-06-22 09:31:48 ::1 POST /Service1.svc - 49474 - ::1 - - 200 0 0 44
2018-06-22 09:31:48 ::1 POST /Service1.svc - 49474 - ::1 - - 200 0 0 27
2018-06-22 09:31:48 ::1 POST /Service1.svc - 49474 - ::1 - - 200 0 0 50
2018-06-22 09:31:54 ::1 POST /Service1.svc - 49474 - ::1 - - 200 0 0 332
2018-06-22 09:32:03 ::1 POST /Service1.svc - 49474 - ::1 - - 200 0 0 20
2018-06-22 09:32:03 ::1 POST /Service1.svc - 49474 - ::1 - - 200 0 0 24
2018-06-22 09:32:03 ::1 POST /Service1.svc - 49474 - ::1 - - 200 0 0 129
2018-06-22 09:32:03 ::1 POST /Service1.svc - 49474 - ::1 - - 200 0 0 24
2018-06-22 09:32:03 ::1 POST /Service1.svc - 49474 - ::1 - - 200 0 0 27
2018-06-22 09:32:03 ::1 POST /Service1.svc - 49474 - ::1 - - 200 0 0 22
2018-06-22 09:32:03 ::1 POST /Service1.svc - 49474 - ::1 - - 200 0 0 35
2018-06-22 09:32:03 ::1 POST /Service1.svc - 49474 - ::1 - - 200 0 0 23
2018-06-22 09:32:03 ::1 POST /Service1.svc - 49474 - ::1 - - 200 0 0 203
2018-06-22 09:32:03 ::1 POST /Service1.svc - 49474 - ::1 - - 200 0 0 66
2018-06-22 09:32:03 ::1 POST /Service1.svc - 49474 - ::1 - - 200 0 0 111
2018-06-22 09:32:03 ::1 POST /Service1.svc - 49474 - ::1 - - 200 0 0 21
2018-06-22 09:32:03 ::1 POST /Service1.svc - 49474 - ::1 - - 200 0 0 48
2018-06-22 09:32:03 ::1 POST /Service1.svc - 49474 - ::1 - - 200 0 0 43
2018-06-22 09:32:03 ::1 POST /Service1.svc - 49474 - ::1 - - 200 0 0 101
2018-06-22 09:32:03 ::1 POST /Service1.svc - 49474 - ::1 - - 200 0 0 50
2018-06-22 09:32:03 ::1 POST /Service1.svc - 49474 - ::1 - - 200 0 0 38
2018-06-22 09:32:05 ::1 POST /Service1.svc - 49474 - ::1 - - 200 0 0 59
2018-06-22 09:32:07 ::1 POST /Service1.svc - 49474 - ::1 - - 200 0 0 24
2018-06-22 09:32:07 ::1 POST /Service1.svc - 49474 - ::1 - - 200 0 0 58
2018-06-22 09:32:07 ::1 POST /Service1.svc - 49474 - ::1 - - 200 0 0 53
2018-06-22 09:32:07 ::1 POST /Service1.svc - 49474 - ::1 - - 200 0 0 35
2018-06-22 09:32:07 ::1 POST /Service1.svc - 49474 - ::1 - - 200 0 0 35
2018-06-22 09:32:07 ::1 POST /Service1.svc - 49474 - ::1 - - 200 0 0 83
2018-06-22 09:32:07 ::1 POST /Service1.svc - 49474 - ::1 - - 200 0 0 135
2018-06-22 09:32:07 ::1 POST /Service1.svc - 49474 - ::1 - - 200 0 0 43
2018-06-22 09:32:07 ::1 POST /Service1.svc - 49474 - ::1 - - 200 0 0 112
2018-06-22 09:32:07 ::1 POST /Service1.svc - 49474 - ::1 - - 200 0 0 42
2018-06-22 09:32:07 ::1 POST /Service1.svc - 49474 - ::1 - - 200 0 0 61
2018-06-22 09:32:07 ::1 POST /Service1.svc - 49474 - ::1 - - 200 0 0 69
2018-06-22 09:32:07 ::1 POST /Service1.svc - 49474 - ::1 - - 200 0 0 40
2018-06-22 09:32:07 ::1 POST /Service1.svc - 49474 - ::1 - - 200 0 0 36
2018-06-22 09:32:07 ::1 POST /Service1.svc - 49474 - ::1 - - 200 0 0 14
2018-06-22 09:32:07 ::1 POST /Service1.svc - 49474 - ::1 - - 200 0 0 15
2018-06-22 09:32:08 ::1 POST /Service1.svc - 49474 - ::1 - - 200 0 0 189
2018-06-22 09:32:08 ::1 POST /Service1.svc - 49474 - ::1 - - 200 0 0 110
2018-06-22 09:32:08 ::1 POST /Service1.svc - 49474 - ::1 - - 200 0 0 152
2018-06-22 09:32:08 ::1 POST /Service1.svc - 49474 - ::1 - - 200 0 0 232
2018-06-22 09:32:08 ::1 POST /Service1.svc - 49474 - ::1 - - 200 0 0 12
2018-06-22 09:32:08 ::1 POST /Service1.svc - 49474 - ::1 - - 200 0 0 11
2018-06-22 09:32:08 ::1 POST /Service1.svc - 49474 - ::1 - - 200 0 0 12
2018-06-22 09:32:08 ::1 POST /Service1.svc - 49474 - ::1 - - 200 0 0 13
2018-06-22 09:32:08 ::1 POST /Service1.svc - 49474 - ::1 - - 200 0 0 21
2018-06-22 09:32:09 ::1 POST /Service1.svc - 49474 - ::1 - - 200 0 0 184
2018-06-22 09:32:09 ::1 POST /Service1.svc - 49474 - ::1 - - 200 0 0 80
2018-06-22 09:32:09 ::1 POST /Service1.svc - 49474 - ::1 - - 200 0 0 177
2018-06-22 09:32:09 ::1 POST /Service1.svc - 49474 - ::1 - - 200 0 0 19
2018-06-22 09:32:09 ::1 POST /Service1.svc - 49474 - ::1 - - 200 0 0 69
2018-06-22 09:32:09 ::1 POST /Service1.svc - 49474 - ::1 - - 200 0 0 25
2018-06-22 09:32:09 ::1 POST /Service1.svc - 49474 - ::1 - - 200 0 0 107
2018-06-22 09:32:09 ::1 POST /Service1.svc - 49474 - ::1 - - 200 0 0 34
2018-06-22 09:32:09 ::1 POST /Service1.svc - 49474 - ::1 - - 200 0 0 18
2018-06-22 09:32:09 ::1 POST /Service1.svc - 49474 - ::1 - - 200 0 0 19
2018-06-22 09:32:09 ::1 POST /Service1.svc - 49474 - ::1 - - 200 0 0 19
2018-06-22 09:32:09 ::1 POST /Service1.svc - 49474 - ::1 - - 200 0 0 19
2018-06-22 09:32:09 ::1 POST /Service1.svc - 49474 - ::1 - - 200 0 0 14
2018-06-22 09:32:09 ::1 POST /Service1.svc - 49474 - ::1 - - 200 0 0 71
2018-06-22 09:32:09 ::1 POST /Service1.svc - 49474 - ::1 - - 200 0 0 75
2018-06-22 09:32:16 ::1 POST /Service1.svc - 49474 - ::1 - - 200 0 0 364
2018-06-22 09:32:20 ::1 POST /Service1.svc - 49474 - ::1 - - 200 0 0 18
2018-06-22 09:32:20 ::1 POST /Service1.svc - 49474 - ::1 - - 200 0 0 59
2018-06-22 09:32:20 ::1 POST /Service1.svc - 49474 - ::1 - - 200 0 0 25
2018-06-22 09:32:20 ::1 POST /Service1.svc - 49474 - ::1 - - 200 0 0 26
2018-06-22 09:32:20 ::1 POST /Service1.svc - 49474 - ::1 - - 200 0 0 36
2018-06-22 09:32:20 ::1 POST /Service1.svc - 49474 - ::1 - - 200 0 0 41
2018-06-22 09:32:20 ::1 POST /Service1.svc - 49474 - ::1 - - 200 0 0 43
2018-06-22 09:32:20 ::1 POST /Service1.svc - 49474 - ::1 - - 200 0 0 86
2018-06-22 09:32:20 ::1 POST /Service1.svc - 49474 - ::1 - - 200 0 0 190
2018-06-22 09:32:20 ::1 POST /Service1.svc - 49474 - ::1 - - 200 0 0 103
2018-06-22 09:32:27 ::1 POST /Service1.svc - 49474 - ::1 - - 200 0 0 77
2018-06-22 09:32:27 ::1 POST /Service1.svc - 49474 - ::1 - - 200 0 0 20
2018-06-22 09:32:27 ::1 POST /Service1.svc - 49474 - ::1 - - 200 0 0 22
2018-06-22 09:32:27 ::1 POST /Service1.svc - 49474 - ::1 - - 200 0 0 18
2018-06-22 09:32:27 ::1 POST /Service1.svc - 49474 - ::1 - - 200 0 0 185
2018-06-22 09:32:27 ::1 POST /Service1.svc - 49474 - ::1 - - 200 0 0 46
2018-06-22 09:32:27 ::1 POST /Service1.svc - 49474 - ::1 - - 200 0 0 21
2018-06-22 09:32:27 ::1 POST /Service1.svc - 49474 - ::1 - - 200 0 0 13
2018-06-22 09:32:27 ::1 POST /Service1.svc - 49474 - ::1 - - 200 0 0 181
