#Software: Microsoft Internet Information Services 10.0
#Version: 1.0
#Date: 2018-04-05 10:50:54
#Fields: date time s-ip cs-method cs-uri-stem cs-uri-query s-port cs-username c-ip cs(User-Agent) cs(Referer) sc-status sc-substatus sc-win32-status time-taken
2018-04-05 10:50:54 ::1 POST /Service1.svc - 49474 - ::1 - - 415 0 0 20652
2018-04-05 10:50:54 ::1 POST /Service1.svc/mex - 49474 - ::1 - - 415 0 0 20
2018-04-05 10:50:57 ::1 GET /Service1.svc - 49474 - ::1 Mozilla/4.0+(compatible;+MSIE+6.0;+MS+Web+Services+Client+Protocol+4.0.30319.42000) - 200 0 0 2675
2018-04-05 10:50:57 ::1 GET /Service1.svc disco 49474 - ::1 Mozilla/4.0+(compatible;+MSIE+6.0;+MS+Web+Services+Client+Protocol+4.0.30319.42000) - 200 0 0 83
2018-04-05 10:50:57 ::1 GET /Service1.svc wsdl 49474 - ::1 Mozilla/4.0+(compatible;+MSIE+6.0;+MS+Web+Services+Client+Protocol+4.0.30319.42000) - 200 0 0 76
2018-04-05 10:50:58 ::1 GET /Service1.svc xsd=xsd0 49474 - ::1 Mozilla/4.0+(compatible;+MSIE+6.0;+MS+Web+Services+Client+Protocol+4.0.30319.42000) - 200 0 0 908
2018-04-05 10:50:58 ::1 GET /Service1.svc xsd=xsd2 49474 - ::1 Mozilla/4.0+(compatible;+MSIE+6.0;+MS+Web+Services+Client+Protocol+4.0.30319.42000) - 200 0 0 5
2018-04-05 10:50:58 ::1 GET /Service1.svc xsd=xsd3 49474 - ::1 Mozilla/4.0+(compatible;+MSIE+6.0;+MS+Web+Services+Client+Protocol+4.0.30319.42000) - 200 0 0 5
2018-04-05 10:50:58 ::1 GET /Service1.svc xsd=xsd1 49474 - ::1 Mozilla/4.0+(compatible;+MSIE+6.0;+MS+Web+Services+Client+Protocol+4.0.30319.42000) - 200 0 0 11
2018-04-05 10:53:16 ::1 GET /Service1.svc - 49474 - ::1 Mozilla/4.0+(compatible;+MSIE+6.0;+MS+Web+Services+Client+Protocol+4.0.30319.42000) - 200 0 0 32
2018-04-05 10:53:16 ::1 GET /Service1.svc disco 49474 - ::1 Mozilla/4.0+(compatible;+MSIE+6.0;+MS+Web+Services+Client+Protocol+4.0.30319.42000) - 200 0 0 17
2018-04-05 10:53:16 ::1 GET /Service1.svc wsdl 49474 - ::1 Mozilla/4.0+(compatible;+MSIE+6.0;+MS+Web+Services+Client+Protocol+4.0.30319.42000) - 200 0 0 47
2018-04-05 10:53:16 ::1 GET /Service1.svc/$metadata - 49474 - ::1 Mozilla/4.0+(compatible;+MSIE+6.0;+MS+Web+Services+Client+Protocol+4.0.30319.42000) - 400 0 0 246
2018-04-05 10:53:16 ::1 GET /Service1.svc xsd=xsd0 49474 - ::1 Mozilla/4.0+(compatible;+MSIE+6.0;+MS+Web+Services+Client+Protocol+4.0.30319.42000) - 200 0 0 13
2018-04-05 10:53:16 ::1 GET /Service1.svc xsd=xsd2 49474 - ::1 Mozilla/4.0+(compatible;+MSIE+6.0;+MS+Web+Services+Client+Protocol+4.0.30319.42000) - 200 0 0 26
2018-04-05 10:53:16 ::1 GET /Service1.svc xsd=xsd3 49474 - ::1 Mozilla/4.0+(compatible;+MSIE+6.0;+MS+Web+Services+Client+Protocol+4.0.30319.42000) - 200 0 0 5
2018-04-05 10:53:16 ::1 GET /Service1.svc xsd=xsd1 49474 - ::1 Mozilla/4.0+(compatible;+MSIE+6.0;+MS+Web+Services+Client+Protocol+4.0.30319.42000) - 200 0 0 20
2018-04-05 10:53:20 ::1 POST /Service1.svc - 49474 - ::1 - - 415 0 0 103
2018-04-05 10:53:20 ::1 POST /Service1.svc/mex - 49474 - ::1 - - 415 0 0 114
2018-04-05 11:01:36 ::1 POST /Service1.svc - 49474 - ::1 - - 200 0 0 791
2018-04-05 11:01:57 ::1 POST /Service1.svc - 49474 - ::1 - - 200 0 0 63
2018-04-05 11:01:57 ::1 POST /Service1.svc - 49474 - ::1 - - 200 0 0 30
2018-04-05 11:01:57 ::1 POST /Service1.svc - 49474 - ::1 - - 200 0 0 17
2018-04-05 11:01:57 ::1 POST /Service1.svc - 49474 - ::1 - - 200 0 0 91
2018-04-05 11:02:45 ::1 POST /Service1.svc - 49474 - ::1 - - 200 0 0 96
