#Software: Microsoft Internet Information Services 10.0
#Version: 1.0
#Date: 2018-04-20 06:11:12
#Fields: date time s-ip cs-method cs-uri-stem cs-uri-query s-port cs-username c-ip cs(User-Agent) cs(Referer) sc-status sc-substatus sc-win32-status time-taken
2018-04-20 06:11:12 ::1 POST /Service1.svc - 49474 - ::1 - - 415 0 0 40586
2018-04-20 06:11:12 ::1 POST /Service1.svc/mex - 49474 - ::1 - - 415 0 0 37
2018-04-20 06:11:16 ::1 GET /Service1.svc - 49474 - ::1 Mozilla/4.0+(compatible;+MSIE+6.0;+MS+Web+Services+Client+Protocol+4.0.30319.42000) - 200 0 0 3413
2018-04-20 06:11:16 ::1 GET /Service1.svc disco 49474 - ::1 Mozilla/4.0+(compatible;+MSIE+6.0;+MS+Web+Services+Client+Protocol+4.0.30319.42000) - 200 0 0 86
2018-04-20 06:11:16 ::1 GET /Service1.svc wsdl 49474 - ::1 Mozilla/4.0+(compatible;+MSIE+6.0;+MS+Web+Services+Client+Protocol+4.0.30319.42000) - 200 0 0 332
2018-04-20 06:11:18 ::1 GET /Service1.svc xsd=xsd0 49474 - ::1 Mozilla/4.0+(compatible;+MSIE+6.0;+MS+Web+Services+Client+Protocol+4.0.30319.42000) - 200 0 0 1060
2018-04-20 06:11:18 ::1 GET /Service1.svc xsd=xsd2 49474 - ::1 Mozilla/4.0+(compatible;+MSIE+6.0;+MS+Web+Services+Client+Protocol+4.0.30319.42000) - 200 0 0 33
2018-04-20 06:11:18 ::1 GET /Service1.svc xsd=xsd3 49474 - ::1 Mozilla/4.0+(compatible;+MSIE+6.0;+MS+Web+Services+Client+Protocol+4.0.30319.42000) - 200 0 0 13
2018-04-20 06:11:18 ::1 GET /Service1.svc xsd=xsd1 49474 - ::1 Mozilla/4.0+(compatible;+MSIE+6.0;+MS+Web+Services+Client+Protocol+4.0.30319.42000) - 200 0 0 15
2018-04-20 06:16:44 ::1 GET /Service1.svc - 49474 - ::1 Mozilla/4.0+(compatible;+MSIE+6.0;+MS+Web+Services+Client+Protocol+4.0.30319.42000) - 200 0 0 52
2018-04-20 06:16:44 ::1 GET /Service1.svc disco 49474 - ::1 Mozilla/4.0+(compatible;+MSIE+6.0;+MS+Web+Services+Client+Protocol+4.0.30319.42000) - 200 0 0 33
2018-04-20 06:16:44 ::1 GET /Service1.svc wsdl 49474 - ::1 Mozilla/4.0+(compatible;+MSIE+6.0;+MS+Web+Services+Client+Protocol+4.0.30319.42000) - 200 0 0 133
2018-04-20 06:16:44 ::1 GET /Service1.svc/$metadata - 49474 - ::1 Mozilla/4.0+(compatible;+MSIE+6.0;+MS+Web+Services+Client+Protocol+4.0.30319.42000) - 400 0 0 859
2018-04-20 06:16:45 ::1 GET /Service1.svc xsd=xsd0 49474 - ::1 Mozilla/4.0+(compatible;+MSIE+6.0;+MS+Web+Services+Client+Protocol+4.0.30319.42000) - 200 0 0 7
2018-04-20 06:16:45 ::1 GET /Service1.svc xsd=xsd2 49474 - ::1 Mozilla/4.0+(compatible;+MSIE+6.0;+MS+Web+Services+Client+Protocol+4.0.30319.42000) - 200 0 0 12
2018-04-20 06:16:45 ::1 GET /Service1.svc xsd=xsd3 49474 - ::1 Mozilla/4.0+(compatible;+MSIE+6.0;+MS+Web+Services+Client+Protocol+4.0.30319.42000) - 200 0 0 15
2018-04-20 06:16:45 ::1 GET /Service1.svc xsd=xsd1 49474 - ::1 Mozilla/4.0+(compatible;+MSIE+6.0;+MS+Web+Services+Client+Protocol+4.0.30319.42000) - 200 0 0 7
2018-04-20 06:16:49 ::1 POST /Service1.svc - 49474 - ::1 - - 415 0 0 21
2018-04-20 06:16:49 ::1 POST /Service1.svc/mex - 49474 - ::1 - - 415 0 0 21
2018-04-20 06:17:50 ::1 GET /Service1.svc/$metadata - 49474 - ::1 Mozilla/4.0+(compatible;+MSIE+6.0;+MS+Web+Services+Client+Protocol+4.0.30319.42000) - 400 0 0 86
2018-04-20 06:17:50 ::1 GET /Service1.svc - 49474 - ::1 Mozilla/4.0+(compatible;+MSIE+6.0;+MS+Web+Services+Client+Protocol+4.0.30319.42000) - 200 0 0 94
2018-04-20 06:17:50 ::1 GET /Service1.svc disco 49474 - ::1 Mozilla/4.0+(compatible;+MSIE+6.0;+MS+Web+Services+Client+Protocol+4.0.30319.42000) - 200 0 0 15
2018-04-20 06:17:50 ::1 GET /Service1.svc wsdl 49474 - ::1 Mozilla/4.0+(compatible;+MSIE+6.0;+MS+Web+Services+Client+Protocol+4.0.30319.42000) - 200 0 0 64
2018-04-20 06:17:50 ::1 GET /Service1.svc xsd=xsd0 49474 - ::1 Mozilla/4.0+(compatible;+MSIE+6.0;+MS+Web+Services+Client+Protocol+4.0.30319.42000) - 200 0 0 106
2018-04-20 06:17:50 ::1 POST /Service1.svc - 49474 - ::1 - - 415 0 0 101
2018-04-20 06:17:50 ::1 POST /Service1.svc/mex - 49474 - ::1 - - 415 0 0 102
2018-04-20 06:17:50 ::1 GET /Service1.svc xsd=xsd2 49474 - ::1 Mozilla/4.0+(compatible;+MSIE+6.0;+MS+Web+Services+Client+Protocol+4.0.30319.42000) - 200 0 0 67
2018-04-20 06:17:50 ::1 GET /Service1.svc xsd=xsd3 49474 - ::1 Mozilla/4.0+(compatible;+MSIE+6.0;+MS+Web+Services+Client+Protocol+4.0.30319.42000) - 200 0 0 5
2018-04-20 06:17:50 ::1 GET /Service1.svc xsd=xsd1 49474 - ::1 Mozilla/4.0+(compatible;+MSIE+6.0;+MS+Web+Services+Client+Protocol+4.0.30319.42000) - 200 0 0 5
2018-04-20 06:19:34 ::1 POST /Service1.svc - 49474 - ::1 - - 200 0 0 1992
2018-04-20 06:19:40 ::1 POST /Service1.svc - 49474 - ::1 - - 200 0 0 26
2018-04-20 06:19:40 ::1 POST /Service1.svc - 49474 - ::1 - - 200 0 0 207
2018-04-20 06:19:40 ::1 POST /Service1.svc - 49474 - ::1 - - 200 0 0 108
2018-04-20 06:19:41 ::1 POST /Service1.svc - 49474 - ::1 - - 200 0 0 20
2018-04-20 06:19:41 ::1 POST /Service1.svc - 49474 - ::1 - - 200 0 0 207
2018-04-20 06:19:41 ::1 POST /Service1.svc - 49474 - ::1 - - 200 0 0 70
2018-04-20 06:19:51 ::1 POST /Service1.svc - 49474 - ::1 - - 200 0 0 905
2018-04-20 06:19:51 ::1 POST /Service1.svc - 49474 - ::1 - - 200 0 0 133
2018-04-20 06:19:51 ::1 POST /Service1.svc - 49474 - ::1 - - 200 0 0 210
2018-04-20 06:19:52 ::1 POST /Service1.svc - 49474 - ::1 - - 200 0 0 171
2018-04-20 06:20:06 ::1 POST /Service1.svc - 49474 - ::1 - - 200 0 0 90
2018-04-20 06:20:10 ::1 POST /Service1.svc - 49474 - ::1 - - 200 0 0 27
2018-04-20 06:20:22 ::1 POST /Service1.svc - 49474 - ::1 - - 200 0 0 70
2018-04-20 06:20:22 ::1 POST /Service1.svc - 49474 - ::1 - - 200 0 0 56
2018-04-20 06:20:22 ::1 POST /Service1.svc - 49474 - ::1 - - 200 0 0 130
2018-04-20 06:20:22 ::1 POST /Service1.svc - 49474 - ::1 - - 200 0 0 19
2018-04-20 06:20:22 ::1 POST /Service1.svc - 49474 - ::1 - - 200 0 0 43
2018-04-20 06:20:22 ::1 POST /Service1.svc - 49474 - ::1 - - 200 0 0 91
2018-04-20 06:20:25 ::1 POST /Service1.svc - 49474 - ::1 - - 200 0 0 113
#Software: Microsoft Internet Information Services 10.0
#Version: 1.0
#Date: 2018-04-20 07:42:49
#Fields: date time s-ip cs-method cs-uri-stem cs-uri-query s-port cs-username c-ip cs(User-Agent) cs(Referer) sc-status sc-substatus sc-win32-status time-taken
2018-04-20 07:42:49 ::1 POST /Service1.svc - 49474 - ::1 - - 415 0 0 11186
2018-04-20 07:42:49 ::1 POST /Service1.svc/mex - 49474 - ::1 - - 415 0 0 7
2018-04-20 07:42:51 ::1 GET /Service1.svc - 49474 - ::1 Mozilla/4.0+(compatible;+MSIE+6.0;+MS+Web+Services+Client+Protocol+4.0.30319.42000) - 200 0 0 2242
2018-04-20 07:42:51 ::1 GET /Service1.svc disco 49474 - ::1 Mozilla/4.0+(compatible;+MSIE+6.0;+MS+Web+Services+Client+Protocol+4.0.30319.42000) - 200 0 0 76
2018-04-20 07:42:51 ::1 GET /Service1.svc wsdl 49474 - ::1 Mozilla/4.0+(compatible;+MSIE+6.0;+MS+Web+Services+Client+Protocol+4.0.30319.42000) - 200 0 0 47
2018-04-20 07:42:51 ::1 GET /Service1.svc xsd=xsd0 49474 - ::1 Mozilla/4.0+(compatible;+MSIE+6.0;+MS+Web+Services+Client+Protocol+4.0.30319.42000) - 200 0 0 625
2018-04-20 07:42:52 ::1 GET /Service1.svc xsd=xsd2 49474 - ::1 Mozilla/4.0+(compatible;+MSIE+6.0;+MS+Web+Services+Client+Protocol+4.0.30319.42000) - 200 0 0 39
2018-04-20 07:42:52 ::1 GET /Service1.svc xsd=xsd3 49474 - ::1 Mozilla/4.0+(compatible;+MSIE+6.0;+MS+Web+Services+Client+Protocol+4.0.30319.42000) - 200 0 0 14
2018-04-20 07:42:52 ::1 GET /Service1.svc xsd=xsd1 49474 - ::1 Mozilla/4.0+(compatible;+MSIE+6.0;+MS+Web+Services+Client+Protocol+4.0.30319.42000) - 200 0 0 52
2018-04-20 07:43:23 ::1 GET /Service1.svc - 49474 - ::1 Mozilla/4.0+(compatible;+MSIE+6.0;+MS+Web+Services+Client+Protocol+4.0.30319.42000) - 200 0 0 119
2018-04-20 07:43:23 ::1 GET /Service1.svc disco 49474 - ::1 Mozilla/4.0+(compatible;+MSIE+6.0;+MS+Web+Services+Client+Protocol+4.0.30319.42000) - 200 0 0 66
2018-04-20 07:43:23 ::1 GET /Service1.svc wsdl 49474 - ::1 Mozilla/4.0+(compatible;+MSIE+6.0;+MS+Web+Services+Client+Protocol+4.0.30319.42000) - 200 0 0 83
2018-04-20 07:43:23 ::1 GET /Service1.svc xsd=xsd0 49474 - ::1 Mozilla/4.0+(compatible;+MSIE+6.0;+MS+Web+Services+Client+Protocol+4.0.30319.42000) - 200 0 0 104
2018-04-20 07:43:23 ::1 GET /Service1.svc xsd=xsd2 49474 - ::1 Mozilla/4.0+(compatible;+MSIE+6.0;+MS+Web+Services+Client+Protocol+4.0.30319.42000) - 200 0 0 31
2018-04-20 07:43:23 ::1 GET /Service1.svc/$metadata - 49474 - ::1 Mozilla/4.0+(compatible;+MSIE+6.0;+MS+Web+Services+Client+Protocol+4.0.30319.42000) - 400 0 0 589
2018-04-20 07:43:23 ::1 GET /Service1.svc xsd=xsd3 49474 - ::1 Mozilla/4.0+(compatible;+MSIE+6.0;+MS+Web+Services+Client+Protocol+4.0.30319.42000) - 200 0 0 62
2018-04-20 07:43:23 ::1 POST /Service1.svc/mex - 49474 - ::1 - - 415 0 0 43
2018-04-20 07:43:23 ::1 POST /Service1.svc - 49474 - ::1 - - 415 0 0 51
2018-04-20 07:43:23 ::1 GET /Service1.svc xsd=xsd1 49474 - ::1 Mozilla/4.0+(compatible;+MSIE+6.0;+MS+Web+Services+Client+Protocol+4.0.30319.42000) - 200 0 0 41
2018-04-20 07:43:43 ::1 GET /Service1.svc/$metadata - 49474 - ::1 Mozilla/4.0+(compatible;+MSIE+6.0;+MS+Web+Services+Client+Protocol+4.0.30319.42000) - 400 0 0 116
2018-04-20 07:43:43 ::1 POST /Service1.svc/mex - 49474 - ::1 - - 415 0 0 75
2018-04-20 07:43:43 ::1 POST /Service1.svc - 49474 - ::1 - - 415 0 0 96
2018-04-20 07:43:43 ::1 GET /Service1.svc - 49474 - ::1 Mozilla/4.0+(compatible;+MSIE+6.0;+MS+Web+Services+Client+Protocol+4.0.30319.42000) - 200 0 0 144
2018-04-20 07:43:43 ::1 GET /Service1.svc disco 49474 - ::1 Mozilla/4.0+(compatible;+MSIE+6.0;+MS+Web+Services+Client+Protocol+4.0.30319.42000) - 200 0 0 17
2018-04-20 07:43:43 ::1 GET /Service1.svc wsdl 49474 - ::1 Mozilla/4.0+(compatible;+MSIE+6.0;+MS+Web+Services+Client+Protocol+4.0.30319.42000) - 200 0 0 14
2018-04-20 07:43:43 ::1 GET /Service1.svc xsd=xsd0 49474 - ::1 Mozilla/4.0+(compatible;+MSIE+6.0;+MS+Web+Services+Client+Protocol+4.0.30319.42000) - 200 0 0 10
2018-04-20 07:43:43 ::1 GET /Service1.svc xsd=xsd2 49474 - ::1 Mozilla/4.0+(compatible;+MSIE+6.0;+MS+Web+Services+Client+Protocol+4.0.30319.42000) - 200 0 0 26
2018-04-20 07:43:43 ::1 GET /Service1.svc xsd=xsd3 49474 - ::1 Mozilla/4.0+(compatible;+MSIE+6.0;+MS+Web+Services+Client+Protocol+4.0.30319.42000) - 200 0 0 42
2018-04-20 07:43:43 ::1 GET /Service1.svc xsd=xsd1 49474 - ::1 Mozilla/4.0+(compatible;+MSIE+6.0;+MS+Web+Services+Client+Protocol+4.0.30319.42000) - 200 0 0 52
#Software: Microsoft Internet Information Services 10.0
#Version: 1.0
#Date: 2018-04-20 09:00:02
#Fields: date time s-ip cs-method cs-uri-stem cs-uri-query s-port cs-username c-ip cs(User-Agent) cs(Referer) sc-status sc-substatus sc-win32-status time-taken
2018-04-20 09:00:02 ::1 POST /Service1.svc - 49474 - ::1 - - 200 0 0 6258
2018-04-20 09:00:10 ::1 POST /Service1.svc - 49474 - ::1 - - 200 0 0 36
2018-04-20 09:00:14 ::1 POST /Service1.svc - 49474 - ::1 - - 200 0 0 13
2018-04-20 09:01:47 ::1 POST /Service1.svc - 49474 - ::1 - - 200 0 0 33
2018-04-20 09:01:52 ::1 POST /Service1.svc - 49474 - ::1 - - 200 0 0 62
2018-04-20 09:01:52 ::1 POST /Service1.svc - 49474 - ::1 - - 200 0 0 52
2018-04-20 09:01:54 ::1 POST /Service1.svc - 49474 - ::1 - - 200 0 0 11
2018-04-20 09:02:05 ::1 POST /Service1.svc - 49474 - ::1 - - 200 0 0 15
2018-04-20 09:07:24 ::1 POST /Service1.svc - 49474 - ::1 - - 200 0 0 170
2018-04-20 09:07:24 ::1 POST /Service1.svc - 49474 - ::1 - - 200 0 0 217
2018-04-20 09:07:29 ::1 POST /Service1.svc - 49474 - ::1 - - 200 0 0 30
2018-04-20 09:07:29 ::1 POST /Service1.svc - 49474 - ::1 - - 200 0 0 54
2018-04-20 09:08:07 ::1 POST /Service1.svc - 49474 - ::1 - - 200 0 0 197
2018-04-20 09:08:07 ::1 POST /Service1.svc - 49474 - ::1 - - 200 0 0 88
2018-04-20 09:08:15 ::1 POST /Service1.svc - 49474 - ::1 - - 200 0 0 11
2018-04-20 09:08:15 ::1 POST /Service1.svc - 49474 - ::1 - - 200 0 0 34
2018-04-20 09:08:15 ::1 POST /Service1.svc - 49474 - ::1 - - 200 0 0 53
2018-04-20 09:08:15 ::1 POST /Service1.svc - 49474 - ::1 - - 200 0 0 19
2018-04-20 09:08:17 ::1 POST /Service1.svc - 49474 - ::1 - - 200 0 0 60
2018-04-20 09:08:17 ::1 POST /Service1.svc - 49474 - ::1 - - 200 0 0 42
2018-04-20 09:08:17 ::1 POST /Service1.svc - 49474 - ::1 - - 200 0 0 62
2018-04-20 09:08:17 ::1 POST /Service1.svc - 49474 - ::1 - - 200 0 0 63
2018-04-20 09:08:17 ::1 POST /Service1.svc - 49474 - ::1 - - 200 0 0 11
2018-04-20 09:08:17 ::1 POST /Service1.svc - 49474 - ::1 - - 200 0 0 44
2018-04-20 09:14:52 ::1 POST /Service1.svc - 49474 - ::1 - - 200 0 0 164
2018-04-20 09:14:57 ::1 POST /Service1.svc - 49474 - ::1 - - 200 0 0 61
2018-04-20 09:17:07 ::1 POST /Service1.svc - 49474 - ::1 - - 200 0 0 64
2018-04-20 09:17:11 ::1 POST /Service1.svc - 49474 - ::1 - - 200 0 0 59
2018-04-20 09:19:51 ::1 POST /Service1.svc - 49474 - ::1 - - 200 0 0 61
2018-04-20 09:20:02 ::1 POST /Service1.svc - 49474 - ::1 - - 200 0 0 92
2018-04-20 09:20:02 ::1 POST /Service1.svc - 49474 - ::1 - - 200 0 0 111
2018-04-20 09:20:02 ::1 POST /Service1.svc - 49474 - ::1 - - 200 0 0 69
2018-04-20 09:20:02 ::1 POST /Service1.svc - 49474 - ::1 - - 200 0 0 43
2018-04-20 09:20:02 ::1 POST /Service1.svc - 49474 - ::1 - - 200 0 0 32
2018-04-20 09:20:02 ::1 POST /Service1.svc - 49474 - ::1 - - 200 0 0 62
#Software: Microsoft Internet Information Services 10.0
#Version: 1.0
#Date: 2018-04-20 10:02:53
#Fields: date time s-ip cs-method cs-uri-stem cs-uri-query s-port cs-username c-ip cs(User-Agent) cs(Referer) sc-status sc-substatus sc-win32-status time-taken
2018-04-20 10:02:53 ::1 POST /Service1.svc - 49474 - ::1 - - 200 0 0 158
2018-04-20 10:05:00 ::1 POST /Service1.svc - 49474 - ::1 - - 200 0 0 213
2018-04-20 10:05:28 ::1 POST /Service1.svc - 49474 - ::1 - - 200 0 0 99
2018-04-20 10:07:57 ::1 POST /Service1.svc - 49474 - ::1 - - 200 0 0 80
2018-04-20 10:08:03 ::1 POST /Service1.svc - 49474 - ::1 - - 200 0 0 115
2018-04-20 10:09:48 ::1 POST /Service1.svc - 49474 - ::1 - - 200 0 0 221
2018-04-20 10:18:28 ::1 POST /Service1.svc - 49474 - ::1 - - 200 0 0 181
2018-04-20 10:18:34 ::1 POST /Service1.svc - 49474 - ::1 - - 200 0 0 109
2018-04-20 10:22:14 ::1 POST /Service1.svc - 49474 - ::1 - - 200 0 0 197
2018-04-20 10:22:19 ::1 POST /Service1.svc - 49474 - ::1 - - 200 0 0 60
2018-04-20 10:24:40 ::1 POST /Service1.svc - 49474 - ::1 - - 200 0 0 174
2018-04-20 10:24:45 ::1 POST /Service1.svc - 49474 - ::1 - - 200 0 0 243
2018-04-20 10:28:58 ::1 POST /Service1.svc - 49474 - ::1 - - 200 0 0 102
2018-04-20 10:29:03 ::1 POST /Service1.svc - 49474 - ::1 - - 200 0 0 96
2018-04-20 10:30:41 ::1 POST /Service1.svc - 49474 - ::1 - - 200 0 0 55
2018-04-20 10:30:46 ::1 POST /Service1.svc - 49474 - ::1 - - 200 0 0 99
2018-04-20 10:31:58 ::1 POST /Service1.svc - 49474 - ::1 - - 200 0 0 638
2018-04-20 10:32:03 ::1 POST /Service1.svc - 49474 - ::1 - - 200 0 0 63
2018-04-20 10:33:31 ::1 POST /Service1.svc - 49474 - ::1 - - 200 0 0 167
2018-04-20 10:33:36 ::1 POST /Service1.svc - 49474 - ::1 - - 200 0 0 97
2018-04-20 10:42:55 ::1 POST /Service1.svc - 49474 - ::1 - - 200 0 0 135
2018-04-20 10:43:00 ::1 POST /Service1.svc - 49474 - ::1 - - 200 0 0 88
2018-04-20 10:48:27 ::1 POST /Service1.svc - 49474 - ::1 - - 200 0 0 119
2018-04-20 10:48:32 ::1 POST /Service1.svc - 49474 - ::1 - - 200 0 0 88
2018-04-20 10:50:04 ::1 POST /Service1.svc - 49474 - ::1 - - 200 0 0 118
2018-04-20 10:50:04 ::1 POST /Service1.svc - 49474 - ::1 - - 200 0 0 482
2018-04-20 10:50:15 ::1 POST /Service1.svc - 49474 - ::1 - - 200 0 0 78
2018-04-20 10:50:17 ::1 POST /Service1.svc - 49474 - ::1 - - 200 0 0 91
2018-04-20 10:51:04 ::1 POST /Service1.svc - 49474 - ::1 - - 200 0 0 148
2018-04-20 10:51:09 ::1 POST /Service1.svc - 49474 - ::1 - - 200 0 0 111
2018-04-20 10:52:32 ::1 POST /Service1.svc - 49474 - ::1 - - 200 0 0 91
2018-04-20 10:52:37 ::1 POST /Service1.svc - 49474 - ::1 - - 200 0 0 71
2018-04-20 11:00:41 ::1 POST /Service1.svc - 49474 - ::1 - - 200 0 0 183
2018-04-20 11:00:41 ::1 POST /Service1.svc - 49474 - ::1 - - 200 0 0 97
2018-04-20 11:00:45 ::1 POST /Service1.svc - 49474 - ::1 - - 200 0 0 108
2018-04-20 11:00:45 ::1 POST /Service1.svc - 49474 - ::1 - - 200 0 0 46
2018-04-20 11:00:47 ::1 POST /Service1.svc - 49474 - ::1 - - 200 0 0 59
2018-04-20 11:00:47 ::1 POST /Service1.svc - 49474 - ::1 - - 200 0 0 31
2018-04-20 11:02:11 ::1 POST /Service1.svc - 49474 - ::1 - - 200 0 0 141
2018-04-20 11:02:17 ::1 POST /Service1.svc - 49474 - ::1 - - 200 0 0 153
#Software: Microsoft Internet Information Services 10.0
#Version: 1.0
#Date: 2018-04-20 11:28:33
#Fields: date time s-ip cs-method cs-uri-stem cs-uri-query s-port cs-username c-ip cs(User-Agent) cs(Referer) sc-status sc-substatus sc-win32-status time-taken
2018-04-20 11:28:33 ::1 POST /Service1.svc - 49474 - ::1 - - 200 0 0 119
2018-04-20 11:28:42 ::1 POST /Service1.svc - 49474 - ::1 - - 200 0 0 48
2018-04-20 11:28:42 ::1 POST /Service1.svc - 49474 - ::1 - - 200 0 0 19
2018-04-20 11:28:45 ::1 POST /Service1.svc - 49474 - ::1 - - 200 0 0 83
2018-04-20 11:28:45 ::1 POST /Service1.svc - 49474 - ::1 - - 200 0 0 80
2018-04-20 11:28:45 ::1 POST /Service1.svc - 49474 - ::1 - - 200 0 0 20
2018-04-20 11:28:45 ::1 POST /Service1.svc - 49474 - ::1 - - 200 0 0 39
2018-04-20 11:28:45 ::1 POST /Service1.svc - 49474 - ::1 - - 200 0 0 29
2018-04-20 11:28:45 ::1 POST /Service1.svc - 49474 - ::1 - - 200 0 0 55
2018-04-20 11:28:50 ::1 POST /Service1.svc - 49474 - ::1 - - 200 0 0 447
2018-04-20 11:28:50 ::1 POST /Service1.svc - 49474 - ::1 - - 200 0 0 25
2018-04-20 11:28:50 ::1 POST /Service1.svc - 49474 - ::1 - - 200 0 0 209
2018-04-20 11:28:50 ::1 POST /Service1.svc - 49474 - ::1 - - 200 0 0 140
2018-04-20 11:28:54 ::1 POST /Service1.svc - 49474 - ::1 - - 200 0 0 123
2018-04-20 11:29:48 ::1 POST /Service1.svc - 49474 - ::1 - - 200 0 0 36
2018-04-20 11:29:48 ::1 POST /Service1.svc - 49474 - ::1 - - 200 0 0 69
2018-04-20 11:29:48 ::1 POST /Service1.svc - 49474 - ::1 - - 200 0 0 18
2018-04-20 11:29:48 ::1 POST /Service1.svc - 49474 - ::1 - - 200 0 0 30
2018-04-20 11:29:48 ::1 POST /Service1.svc - 49474 - ::1 - - 200 0 0 69
2018-04-20 11:29:48 ::1 POST /Service1.svc - 49474 - ::1 - - 200 0 0 86
2018-04-20 11:29:51 ::1 POST /Service1.svc - 49474 - ::1 - - 200 0 0 166
2018-04-20 11:31:13 ::1 POST /Service1.svc - 49474 - ::1 - - 200 0 0 175
#Software: Microsoft Internet Information Services 10.0
#Version: 1.0
#Date: 2018-04-20 12:53:33
#Fields: date time s-ip cs-method cs-uri-stem cs-uri-query s-port cs-username c-ip cs(User-Agent) cs(Referer) sc-status sc-substatus sc-win32-status time-taken
2018-04-20 12:53:33 ::1 POST /Service1.svc - 49474 - ::1 - - 200 0 0 364
2018-04-20 12:55:06 ::1 POST /Service1.svc - 49474 - ::1 - - 200 0 0 119
2018-04-20 13:01:22 ::1 POST /Service1.svc - 49474 - ::1 - - 200 0 0 233
2018-04-20 13:02:09 ::1 POST /Service1.svc - 49474 - ::1 - - 200 0 0 77
2018-04-20 13:02:19 ::1 POST /Service1.svc - 49474 - ::1 - - 200 0 0 85
2018-04-20 13:02:19 ::1 POST /Service1.svc - 49474 - ::1 - - 200 0 0 52
2018-04-20 13:02:56 ::1 POST /Service1.svc - 49474 - ::1 - - 200 0 0 109
2018-04-20 13:08:56 ::1 POST /Service1.svc - 49474 - ::1 - - 200 0 0 84
2018-04-20 13:10:59 ::1 POST /Service1.svc - 49474 - ::1 - - 200 0 0 141
2018-04-20 13:13:45 ::1 POST /Service1.svc - 49474 - ::1 - - 200 0 0 402
