#Software: Microsoft Internet Information Services 10.0
#Version: 1.0
#Date: 2018-04-10 10:05:58
#Fields: date time s-ip cs-method cs-uri-stem cs-uri-query s-port cs-username c-ip cs(User-Agent) cs(Referer) sc-status sc-substatus sc-win32-status time-taken
2018-04-10 10:05:58 ::1 POST /Service1.svc - 49474 - ::1 - - 415 0 0 24672
2018-04-10 10:05:58 ::1 POST /Service1.svc/mex - 49474 - ::1 - - 415 0 0 49
2018-04-10 10:06:02 ::1 GET /Service1.svc - 49474 - ::1 Mozilla/4.0+(compatible;+MSIE+6.0;+MS+Web+Services+Client+Protocol+4.0.30319.42000) - 200 0 0 3322
2018-04-10 10:06:02 ::1 GET /Service1.svc disco 49474 - ::1 Mozilla/4.0+(compatible;+MSIE+6.0;+MS+Web+Services+Client+Protocol+4.0.30319.42000) - 200 0 0 10
2018-04-10 10:06:02 ::1 GET /Service1.svc wsdl 49474 - ::1 Mozilla/4.0+(compatible;+MSIE+6.0;+MS+Web+Services+Client+Protocol+4.0.30319.42000) - 200 0 0 244
2018-04-10 10:06:04 ::1 GET /Service1.svc xsd=xsd0 49474 - ::1 Mozilla/4.0+(compatible;+MSIE+6.0;+MS+Web+Services+Client+Protocol+4.0.30319.42000) - 200 0 0 950
2018-04-10 10:06:04 ::1 GET /Service1.svc xsd=xsd2 49474 - ::1 Mozilla/4.0+(compatible;+MSIE+6.0;+MS+Web+Services+Client+Protocol+4.0.30319.42000) - 200 0 0 6
2018-04-10 10:06:04 ::1 GET /Service1.svc xsd=xsd3 49474 - ::1 Mozilla/4.0+(compatible;+MSIE+6.0;+MS+Web+Services+Client+Protocol+4.0.30319.42000) - 200 0 0 5
2018-04-10 10:06:04 ::1 GET /Service1.svc xsd=xsd1 49474 - ::1 Mozilla/4.0+(compatible;+MSIE+6.0;+MS+Web+Services+Client+Protocol+4.0.30319.42000) - 200 0 0 13
2018-04-10 10:07:42 ::1 GET /Service1.svc - 49474 - ::1 Mozilla/4.0+(compatible;+MSIE+6.0;+MS+Web+Services+Client+Protocol+4.0.30319.42000) - 200 0 0 176
2018-04-10 10:07:42 ::1 GET /Service1.svc/$metadata - 49474 - ::1 Mozilla/4.0+(compatible;+MSIE+6.0;+MS+Web+Services+Client+Protocol+4.0.30319.42000) - 400 0 0 550
2018-04-10 10:07:42 ::1 GET /Service1.svc disco 49474 - ::1 Mozilla/4.0+(compatible;+MSIE+6.0;+MS+Web+Services+Client+Protocol+4.0.30319.42000) - 200 0 0 76
2018-04-10 10:07:42 ::1 GET /Service1.svc wsdl 49474 - ::1 Mozilla/4.0+(compatible;+MSIE+6.0;+MS+Web+Services+Client+Protocol+4.0.30319.42000) - 200 0 0 113
2018-04-10 10:07:42 ::1 GET /Service1.svc xsd=xsd0 49474 - ::1 Mozilla/4.0+(compatible;+MSIE+6.0;+MS+Web+Services+Client+Protocol+4.0.30319.42000) - 200 0 0 43
2018-04-10 10:07:42 ::1 GET /Service1.svc xsd=xsd2 49474 - ::1 Mozilla/4.0+(compatible;+MSIE+6.0;+MS+Web+Services+Client+Protocol+4.0.30319.42000) - 200 0 0 32
2018-04-10 10:07:42 ::1 GET /Service1.svc xsd=xsd3 49474 - ::1 Mozilla/4.0+(compatible;+MSIE+6.0;+MS+Web+Services+Client+Protocol+4.0.30319.42000) - 200 0 0 31
2018-04-10 10:07:42 ::1 GET /Service1.svc xsd=xsd1 49474 - ::1 Mozilla/4.0+(compatible;+MSIE+6.0;+MS+Web+Services+Client+Protocol+4.0.30319.42000) - 200 0 0 6
2018-04-10 10:07:44 ::1 POST /Service1.svc/mex - 49474 - ::1 - - 415 0 0 55
2018-04-10 10:07:44 ::1 POST /Service1.svc - 49474 - ::1 - - 415 0 0 96
#Software: Microsoft Internet Information Services 10.0
#Version: 1.0
#Date: 2018-04-10 11:31:46
#Fields: date time s-ip cs-method cs-uri-stem cs-uri-query s-port cs-username c-ip cs(User-Agent) cs(Referer) sc-status sc-substatus sc-win32-status time-taken
2018-04-10 11:31:45 ::1 GET /Service1.svc - 49474 - ::1 Mozilla/4.0+(compatible;+MSIE+6.0;+MS+Web+Services+Client+Protocol+4.0.30319.42000) - 200 0 0 144
2018-04-10 11:31:45 ::1 GET /Service1.svc/$metadata - 49474 - ::1 Mozilla/4.0+(compatible;+MSIE+6.0;+MS+Web+Services+Client+Protocol+4.0.30319.42000) - 400 0 0 253
2018-04-10 11:31:45 ::1 POST /Service1.svc - 49474 - ::1 - - 415 0 0 177
2018-04-10 11:31:45 ::1 POST /Service1.svc/mex - 49474 - ::1 - - 415 0 0 319
2018-04-10 11:31:45 ::1 GET /Service1.svc disco 49474 - ::1 Mozilla/4.0+(compatible;+MSIE+6.0;+MS+Web+Services+Client+Protocol+4.0.30319.42000) - 200 0 0 319
2018-04-10 11:31:45 ::1 GET /Service1.svc wsdl 49474 - ::1 Mozilla/4.0+(compatible;+MSIE+6.0;+MS+Web+Services+Client+Protocol+4.0.30319.42000) - 200 0 0 18
2018-04-10 11:31:45 ::1 GET /Service1.svc xsd=xsd0 49474 - ::1 Mozilla/4.0+(compatible;+MSIE+6.0;+MS+Web+Services+Client+Protocol+4.0.30319.42000) - 200 0 0 128
2018-04-10 11:31:45 ::1 GET /Service1.svc xsd=xsd2 49474 - ::1 Mozilla/4.0+(compatible;+MSIE+6.0;+MS+Web+Services+Client+Protocol+4.0.30319.42000) - 200 0 0 18
2018-04-10 11:31:45 ::1 GET /Service1.svc xsd=xsd3 49474 - ::1 Mozilla/4.0+(compatible;+MSIE+6.0;+MS+Web+Services+Client+Protocol+4.0.30319.42000) - 200 0 0 9
2018-04-10 11:31:45 ::1 GET /Service1.svc xsd=xsd1 49474 - ::1 Mozilla/4.0+(compatible;+MSIE+6.0;+MS+Web+Services+Client+Protocol+4.0.30319.42000) - 200 0 0 8
2018-04-10 11:35:43 ::1 POST /Service1.svc - 49474 - ::1 - - 200 0 0 2106
2018-04-10 11:35:43 ::1 POST /Service1.svc - 49474 - ::1 - - 200 0 0 193
2018-04-10 11:35:43 ::1 POST /Service1.svc - 49474 - ::1 - - 200 0 0 43
2018-04-10 11:35:44 ::1 POST /Service1.svc - 49474 - ::1 - - 200 0 0 23
2018-04-10 11:35:44 ::1 POST /Service1.svc - 49474 - ::1 - - 200 0 0 247
2018-04-10 11:35:44 ::1 POST /Service1.svc - 49474 - ::1 - - 200 0 0 99
2018-04-10 11:35:44 ::1 POST /Service1.svc - 49474 - ::1 - - 200 0 0 96
2018-04-10 11:42:10 ::1 POST /Service1.svc - 49474 - ::1 - - 200 0 0 83
2018-04-10 11:42:11 ::1 POST /Service1.svc - 49474 - ::1 - - 200 0 0 677
2018-04-10 11:42:11 ::1 POST /Service1.svc - 49474 - ::1 - - 200 0 0 630
2018-04-10 11:42:12 ::1 POST /Service1.svc - 49474 - ::1 - - 200 0 0 45
2018-04-10 11:42:12 ::1 POST /Service1.svc - 49474 - ::1 - - 200 0 0 37
2018-04-10 11:42:12 ::1 POST /Service1.svc - 49474 - ::1 - - 200 0 0 501
2018-04-10 11:42:12 ::1 POST /Service1.svc - 49474 - ::1 - - 200 0 0 34
2018-04-10 11:42:35 ::1 POST /Service1.svc - 49474 - ::1 - - 200 0 0 21
2018-04-10 11:42:35 ::1 POST /Service1.svc - 49474 - ::1 - - 200 0 0 25
2018-04-10 11:42:35 ::1 POST /Service1.svc - 49474 - ::1 - - 200 0 0 22
2018-04-10 11:42:35 ::1 POST /Service1.svc - 49474 - ::1 - - 200 0 0 46
2018-04-10 11:42:35 ::1 POST /Service1.svc - 49474 - ::1 - - 200 0 0 45
2018-04-10 11:42:35 ::1 POST /Service1.svc - 49474 - ::1 - - 200 0 0 74
2018-04-10 11:42:35 ::1 POST /Service1.svc - 49474 - ::1 - - 200 0 0 90
2018-04-10 11:43:19 ::1 POST /Service1.svc - 49474 - ::1 - - 200 0 0 644
2018-04-10 11:44:14 ::1 POST /Service1.svc - 49474 - ::1 - - 200 0 0 629
2018-04-10 11:44:14 ::1 POST /Service1.svc - 49474 - ::1 - - 200 0 0 34
2018-04-10 11:44:14 ::1 POST /Service1.svc - 49474 - ::1 - - 200 0 0 136
2018-04-10 11:44:14 ::1 POST /Service1.svc - 49474 - ::1 - - 200 0 0 64
2018-04-10 11:44:27 ::1 POST /Service1.svc - 49474 - ::1 - - 200 0 0 90
2018-04-10 11:48:30 ::1 POST /Service1.svc - 49474 - ::1 - - 200 0 0 184
2018-04-10 11:48:30 ::1 POST /Service1.svc - 49474 - ::1 - - 200 0 0 45
2018-04-10 11:48:30 ::1 POST /Service1.svc - 49474 - ::1 - - 200 0 0 25
2018-04-10 11:48:30 ::1 POST /Service1.svc - 49474 - ::1 - - 200 0 0 220
2018-04-10 11:48:30 ::1 POST /Service1.svc - 49474 - ::1 - - 200 0 0 92
2018-04-10 11:48:31 ::1 POST /Service1.svc - 49474 - ::1 - - 200 0 0 35
2018-04-10 11:48:31 ::1 POST /Service1.svc - 49474 - ::1 - - 200 0 0 23
2018-04-10 11:48:34 ::1 POST /Service1.svc - 49474 - ::1 - - 200 0 0 53
2018-04-10 11:48:34 ::1 POST /Service1.svc - 49474 - ::1 - - 200 0 0 31
2018-04-10 11:48:34 ::1 POST /Service1.svc - 49474 - ::1 - - 200 0 0 73
2018-04-10 11:48:34 ::1 POST /Service1.svc - 49474 - ::1 - - 200 0 0 13
2018-04-10 11:49:06 ::1 POST /Service1.svc - 49474 - ::1 - - 200 0 0 136
2018-04-10 11:49:18 ::1 POST /Service1.svc - 49474 - ::1 - - 200 0 0 99
2018-04-10 11:49:22 ::1 POST /Service1.svc - 49474 - ::1 - - 200 0 0 139
2018-04-10 11:49:36 ::1 POST /Service1.svc - 49474 - ::1 - - 200 0 0 40
2018-04-10 11:51:32 ::1 POST /Service1.svc - 49474 - ::1 - - 200 0 0 64
2018-04-10 11:51:32 ::1 POST /Service1.svc - 49474 - ::1 - - 200 0 0 18
2018-04-10 11:51:32 ::1 POST /Service1.svc - 49474 - ::1 - - 200 0 0 16
2018-04-10 11:51:32 ::1 POST /Service1.svc - 49474 - ::1 - - 200 0 0 179
2018-04-10 11:51:32 ::1 POST /Service1.svc - 49474 - ::1 - - 200 0 0 133
2018-04-10 11:51:32 ::1 POST /Service1.svc - 49474 - ::1 - - 200 0 0 78
2018-04-10 11:51:32 ::1 POST /Service1.svc - 49474 - ::1 - - 200 0 0 133
2018-04-10 11:51:38 ::1 POST /Service1.svc - 49474 - ::1 - - 200 0 0 76
2018-04-10 11:51:38 ::1 POST /Service1.svc - 49474 - ::1 - - 200 0 0 14
2018-04-10 11:51:38 ::1 POST /Service1.svc - 49474 - ::1 - - 200 0 0 74
2018-04-10 11:51:38 ::1 POST /Service1.svc - 49474 - ::1 - - 200 0 0 104
2018-04-10 11:51:42 ::1 POST /Service1.svc - 49474 - ::1 - - 200 0 0 151
2018-04-10 11:51:42 ::1 POST /Service1.svc - 49474 - ::1 - - 200 0 0 46
2018-04-10 11:51:42 ::1 POST /Service1.svc - 49474 - ::1 - - 200 0 0 94
2018-04-10 11:52:16 ::1 POST /Service1.svc - 49474 - ::1 - - 200 0 0 72
2018-04-10 11:52:45 ::1 POST /Service1.svc - 49474 - ::1 - - 200 0 0 67
2018-04-10 11:53:14 ::1 POST /Service1.svc - 49474 - ::1 - - 200 0 0 114
