#Software: Microsoft Internet Information Services 10.0
#Version: 1.0
#Date: 2018-07-09 06:05:09
#Fields: date time s-ip cs-method cs-uri-stem cs-uri-query s-port cs-username c-ip cs(User-Agent) cs(Referer) sc-status sc-substatus sc-win32-status time-taken
2018-07-09 06:05:08 ::1 POST /Service1.svc - 49474 - ::1 - - 500 0 0 38886
2018-07-09 06:05:10 ::1 POST /Service1.svc/mex - 49474 - ::1 - - 500 0 0 21
2018-07-09 06:05:10 ::1 GET /Service1.svc - 49474 - ::1 Mozilla/4.0+(compatible;+MSIE+6.0;+MS+Web+Services+Client+Protocol+4.0.30319.42000) - 500 0 0 566
2018-07-09 06:05:13 ::1 POST /Service1.svc - 49474 - ::1 - - 500 0 0 52
2018-07-09 06:05:13 ::1 POST /Service1.svc/mex - 49474 - ::1 - - 500 0 0 81
2018-07-09 06:05:13 ::1 GET /Service1.svc - 49474 - ::1 Mozilla/4.0+(compatible;+MSIE+6.0;+MS+Web+Services+Client+Protocol+4.0.30319.42000) - 500 0 0 37
#Software: Microsoft Internet Information Services 10.0
#Version: 1.0
#Date: 2018-07-09 06:06:12
#Fields: date time s-ip cs-method cs-uri-stem cs-uri-query s-port cs-username c-ip cs(User-Agent) cs(Referer) sc-status sc-substatus sc-win32-status time-taken
2018-07-09 06:06:12 ::1 POST /Service1.svc - 49474 - ::1 - - 415 0 0 7674
2018-07-09 06:06:12 ::1 POST /Service1.svc/mex - 49474 - ::1 - - 415 0 0 29
2018-07-09 06:06:17 ::1 GET /Service1.svc - 49474 - ::1 Mozilla/4.0+(compatible;+MSIE+6.0;+MS+Web+Services+Client+Protocol+4.0.30319.42000) - 200 0 0 4866
2018-07-09 06:06:17 ::1 GET /Service1.svc disco 49474 - ::1 Mozilla/4.0+(compatible;+MSIE+6.0;+MS+Web+Services+Client+Protocol+4.0.30319.42000) - 200 0 0 29
2018-07-09 06:06:17 ::1 GET /Service1.svc wsdl 49474 - ::1 Mozilla/4.0+(compatible;+MSIE+6.0;+MS+Web+Services+Client+Protocol+4.0.30319.42000) - 200 0 0 170
2018-07-09 06:06:19 ::1 GET /Service1.svc xsd=xsd0 49474 - ::1 Mozilla/4.0+(compatible;+MSIE+6.0;+MS+Web+Services+Client+Protocol+4.0.30319.42000) - 200 0 0 1269
2018-07-09 06:06:19 ::1 GET /Service1.svc xsd=xsd2 49474 - ::1 Mozilla/4.0+(compatible;+MSIE+6.0;+MS+Web+Services+Client+Protocol+4.0.30319.42000) - 200 0 0 68
2018-07-09 06:06:19 ::1 GET /Service1.svc xsd=xsd3 49474 - ::1 Mozilla/4.0+(compatible;+MSIE+6.0;+MS+Web+Services+Client+Protocol+4.0.30319.42000) - 200 0 0 32
2018-07-09 06:06:19 ::1 GET /Service1.svc xsd=xsd1 49474 - ::1 Mozilla/4.0+(compatible;+MSIE+6.0;+MS+Web+Services+Client+Protocol+4.0.30319.42000) - 200 0 0 35
2018-07-09 06:06:48 ::1 GET /Service1.svc - 49474 - ::1 Mozilla/4.0+(compatible;+MSIE+6.0;+MS+Web+Services+Client+Protocol+4.0.30319.42000) - 200 0 0 62
2018-07-09 06:06:48 ::1 GET /Service1.svc disco 49474 - ::1 Mozilla/4.0+(compatible;+MSIE+6.0;+MS+Web+Services+Client+Protocol+4.0.30319.42000) - 200 0 0 66
2018-07-09 06:06:48 ::1 GET /Service1.svc wsdl 49474 - ::1 Mozilla/4.0+(compatible;+MSIE+6.0;+MS+Web+Services+Client+Protocol+4.0.30319.42000) - 200 0 0 67
2018-07-09 06:06:48 ::1 GET /Service1.svc/$metadata - 49474 - ::1 Mozilla/4.0+(compatible;+MSIE+6.0;+MS+Web+Services+Client+Protocol+4.0.30319.42000) - 400 0 0 630
2018-07-09 06:06:48 ::1 GET /Service1.svc xsd=xsd0 49474 - ::1 Mozilla/4.0+(compatible;+MSIE+6.0;+MS+Web+Services+Client+Protocol+4.0.30319.42000) - 200 0 0 32
2018-07-09 06:06:48 ::1 GET /Service1.svc xsd=xsd2 49474 - ::1 Mozilla/4.0+(compatible;+MSIE+6.0;+MS+Web+Services+Client+Protocol+4.0.30319.42000) - 200 0 0 27
2018-07-09 06:06:48 ::1 GET /Service1.svc xsd=xsd3 49474 - ::1 Mozilla/4.0+(compatible;+MSIE+6.0;+MS+Web+Services+Client+Protocol+4.0.30319.42000) - 200 0 0 48
2018-07-09 06:06:48 ::1 GET /Service1.svc xsd=xsd1 49474 - ::1 Mozilla/4.0+(compatible;+MSIE+6.0;+MS+Web+Services+Client+Protocol+4.0.30319.42000) - 200 0 0 9
2018-07-09 06:06:53 ::1 POST /Service1.svc/mex - 49474 - ::1 - - 415 0 0 42
2018-07-09 06:06:53 ::1 POST /Service1.svc - 49474 - ::1 - - 415 0 0 44
2018-07-09 06:09:33 ::1 POST /Service1.svc - 49474 - ::1 - - 200 0 0 5355
2018-07-09 06:09:34 ::1 POST /Service1.svc - 49474 - ::1 - - 200 0 0 964
2018-07-09 06:09:34 ::1 POST /Service1.svc - 49474 - ::1 - - 200 0 0 628
2018-07-09 06:09:36 ::1 POST /Service1.svc - 49474 - ::1 - - 200 0 0 892
2018-07-09 06:09:36 ::1 POST /Service1.svc - 49474 - ::1 - - 200 0 0 68
2018-07-09 06:09:36 ::1 POST /Service1.svc - 49474 - ::1 - - 200 0 0 89
2018-07-09 06:09:36 ::1 POST /Service1.svc - 49474 - ::1 - - 200 0 0 51
2018-07-09 06:09:36 ::1 POST /Service1.svc - 49474 - ::1 - - 200 0 0 37
2018-07-09 06:09:36 ::1 POST /Service1.svc - 49474 - ::1 - - 200 0 0 198
2018-07-09 06:09:37 ::1 POST /Service1.svc - 49474 - ::1 - - 200 0 0 790
2018-07-09 06:09:37 ::1 POST /Service1.svc - 49474 - ::1 - - 200 0 0 140
2018-07-09 06:09:37 ::1 POST /Service1.svc - 49474 - ::1 - - 200 0 0 58
2018-07-09 06:09:37 ::1 POST /Service1.svc - 49474 - ::1 - - 200 0 0 171
2018-07-09 06:09:51 ::1 POST /Service1.svc - 49474 - ::1 - - 200 0 0 17
2018-07-09 06:09:51 ::1 POST /Service1.svc - 49474 - ::1 - - 200 0 0 83
2018-07-09 06:09:51 ::1 POST /Service1.svc - 49474 - ::1 - - 200 0 0 76
2018-07-09 06:09:51 ::1 POST /Service1.svc - 49474 - ::1 - - 200 0 0 35
2018-07-09 06:09:51 ::1 POST /Service1.svc - 49474 - ::1 - - 200 0 0 20
2018-07-09 06:09:51 ::1 POST /Service1.svc - 49474 - ::1 - - 200 0 0 100
2018-07-09 06:09:51 ::1 POST /Service1.svc - 49474 - ::1 - - 200 0 0 89
2018-07-09 06:09:51 ::1 POST /Service1.svc - 49474 - ::1 - - 200 0 0 51
2018-07-09 06:09:51 ::1 POST /Service1.svc - 49474 - ::1 - - 200 0 0 64
2018-07-09 06:09:51 ::1 POST /Service1.svc - 49474 - ::1 - - 200 0 0 93
2018-07-09 06:09:51 ::1 POST /Service1.svc - 49474 - ::1 - - 200 0 0 34
2018-07-09 06:09:51 ::1 POST /Service1.svc - 49474 - ::1 - - 200 0 0 61
2018-07-09 06:09:52 ::1 POST /Service1.svc - 49474 - ::1 - - 200 0 0 264
2018-07-09 06:09:54 ::1 POST /Service1.svc - 49474 - ::1 - - 200 0 0 1028
2018-07-09 06:09:56 ::1 POST /Service1.svc - 49474 - ::1 - - 200 0 0 100
2018-07-09 06:09:56 ::1 POST /Service1.svc - 49474 - ::1 - - 200 0 0 21
2018-07-09 06:09:56 ::1 POST /Service1.svc - 49474 - ::1 - - 200 0 0 105
2018-07-09 06:09:56 ::1 POST /Service1.svc - 49474 - ::1 - - 200 0 0 154
2018-07-09 06:09:56 ::1 POST /Service1.svc - 49474 - ::1 - - 200 0 0 25
2018-07-09 06:09:56 ::1 POST /Service1.svc - 49474 - ::1 - - 200 0 0 29
2018-07-09 06:09:56 ::1 POST /Service1.svc - 49474 - ::1 - - 200 0 0 115
2018-07-09 06:09:56 ::1 POST /Service1.svc - 49474 - ::1 - - 200 0 0 72
2018-07-09 06:09:56 ::1 POST /Service1.svc - 49474 - ::1 - - 200 0 0 23
2018-07-09 06:09:56 ::1 POST /Service1.svc - 49474 - ::1 - - 200 0 0 18
2018-07-09 06:09:56 ::1 POST /Service1.svc - 49474 - ::1 - - 200 0 0 19
2018-07-09 06:09:56 ::1 POST /Service1.svc - 49474 - ::1 - - 200 0 0 22
2018-07-09 06:09:56 ::1 POST /Service1.svc - 49474 - ::1 - - 200 0 0 204
2018-07-09 06:09:58 ::1 POST /Service1.svc - 49474 - ::1 - - 200 0 0 420
2018-07-09 06:09:58 ::1 POST /Service1.svc - 49474 - ::1 - - 200 0 0 58
2018-07-09 06:09:58 ::1 POST /Service1.svc - 49474 - ::1 - - 200 0 0 55
2018-07-09 06:09:58 ::1 POST /Service1.svc - 49474 - ::1 - - 200 0 0 57
2018-07-09 06:09:58 ::1 POST /Service1.svc - 49474 - ::1 - - 200 0 0 225
2018-07-09 06:09:58 ::1 POST /Service1.svc - 49474 - ::1 - - 200 0 0 541
2018-07-09 06:09:59 ::1 POST /Service1.svc - 49474 - ::1 - - 200 0 0 490
2018-07-09 06:09:59 ::1 POST /Service1.svc - 49474 - ::1 - - 200 0 0 373
2018-07-09 06:09:59 ::1 POST /Service1.svc - 49474 - ::1 - - 200 0 0 187
2018-07-09 06:09:59 ::1 POST /Service1.svc - 49474 - ::1 - - 200 0 0 79
2018-07-09 06:10:01 ::1 POST /Service1.svc - 49474 - ::1 - - 200 0 0 967
2018-07-09 06:10:01 ::1 POST /Service1.svc - 49474 - ::1 - - 200 0 0 827
2018-07-09 06:10:01 ::1 POST /Service1.svc - 49474 - ::1 - - 200 0 0 165
2018-07-09 06:10:02 ::1 POST /Service1.svc - 49474 - ::1 - - 200 0 0 222
2018-07-09 06:10:02 ::1 POST /Service1.svc - 49474 - ::1 - - 200 0 0 39
2018-07-09 06:10:02 ::1 POST /Service1.svc - 49474 - ::1 - - 200 0 0 216
2018-07-09 06:10:04 ::1 POST /Service1.svc - 49474 - ::1 - - 200 0 0 1727
2018-07-09 06:10:04 ::1 POST /Service1.svc - 49474 - ::1 - - 200 0 0 365
2018-07-09 06:10:04 ::1 POST /Service1.svc - 49474 - ::1 - - 200 0 0 156
2018-07-09 06:10:04 ::1 POST /Service1.svc - 49474 - ::1 - - 200 0 0 318
2018-07-09 06:10:04 ::1 POST /Service1.svc - 49474 - ::1 - - 200 0 0 22
2018-07-09 06:10:04 ::1 POST /Service1.svc - 49474 - ::1 - - 200 0 0 24
2018-07-09 06:10:04 ::1 POST /Service1.svc - 49474 - ::1 - - 200 0 0 35
2018-07-09 06:10:04 ::1 POST /Service1.svc - 49474 - ::1 - - 200 0 0 24
2018-07-09 06:10:04 ::1 POST /Service1.svc - 49474 - ::1 - - 200 0 0 24
2018-07-09 06:10:05 ::1 POST /Service1.svc - 49474 - ::1 - - 200 0 0 69
2018-07-09 06:10:07 ::1 POST /Service1.svc - 49474 - ::1 - - 200 0 0 665
2018-07-09 06:10:07 ::1 POST /Service1.svc - 49474 - ::1 - - 200 0 0 312
2018-07-09 06:10:27 ::1 POST /Service1.svc - 49474 - ::1 - - 200 0 0 381
2018-07-09 06:10:33 ::1 POST /Service1.svc - 49474 - ::1 - - 200 0 0 5669
2018-07-09 06:10:38 ::1 POST /Service1.svc - 49474 - ::1 - - 200 0 0 87
2018-07-09 06:10:38 ::1 POST /Service1.svc - 49474 - ::1 - - 200 0 0 22
2018-07-09 06:10:38 ::1 POST /Service1.svc - 49474 - ::1 - - 200 0 0 38
2018-07-09 06:10:38 ::1 POST /Service1.svc - 49474 - ::1 - - 200 0 0 52
2018-07-09 06:10:38 ::1 POST /Service1.svc - 49474 - ::1 - - 200 0 0 17
2018-07-09 06:10:38 ::1 POST /Service1.svc - 49474 - ::1 - - 200 0 0 14
2018-07-09 06:10:38 ::1 POST /Service1.svc - 49474 - ::1 - - 200 0 0 61
2018-07-09 06:10:38 ::1 POST /Service1.svc - 49474 - ::1 - - 200 0 0 20
2018-07-09 06:10:38 ::1 POST /Service1.svc - 49474 - ::1 - - 200 0 0 58
2018-07-09 06:10:38 ::1 POST /Service1.svc - 49474 - ::1 - - 200 0 0 74
2018-07-09 06:10:38 ::1 POST /Service1.svc - 49474 - ::1 - - 200 0 0 61
2018-07-09 06:10:38 ::1 POST /Service1.svc - 49474 - ::1 - - 200 0 0 32
2018-07-09 06:10:38 ::1 POST /Service1.svc - 49474 - ::1 - - 200 0 0 68
2018-07-09 06:10:39 ::1 POST /Service1.svc - 49474 - ::1 - - 200 0 0 141
2018-07-09 06:10:40 ::1 POST /Service1.svc - 49474 - ::1 - - 200 0 0 311
2018-07-09 06:10:40 ::1 POST /Service1.svc - 49474 - ::1 - - 200 0 0 185
2018-07-09 06:10:40 ::1 POST /Service1.svc - 49474 - ::1 - - 200 0 0 53
2018-07-09 06:10:40 ::1 POST /Service1.svc - 49474 - ::1 - - 200 0 0 22
2018-07-09 06:10:40 ::1 POST /Service1.svc - 49474 - ::1 - - 200 0 0 17
2018-07-09 06:10:40 ::1 POST /Service1.svc - 49474 - ::1 - - 200 0 0 20
2018-07-09 06:10:40 ::1 POST /Service1.svc - 49474 - ::1 - - 200 0 0 80
2018-07-09 06:10:42 ::1 POST /Service1.svc - 49474 - ::1 - - 200 0 0 877
2018-07-09 06:10:42 ::1 POST /Service1.svc - 49474 - ::1 - - 200 0 0 540
2018-07-09 06:10:43 ::1 POST /Service1.svc - 49474 - ::1 - - 200 0 0 696
2018-07-09 06:10:43 ::1 POST /Service1.svc - 49474 - ::1 - - 200 0 0 374
2018-07-09 06:10:43 ::1 POST /Service1.svc - 49474 - ::1 - - 200 0 0 41
2018-07-09 06:10:43 ::1 POST /Service1.svc - 49474 - ::1 - - 200 0 0 213
2018-07-09 06:10:44 ::1 POST /Service1.svc - 49474 - ::1 - - 200 0 0 215
2018-07-09 06:10:44 ::1 POST /Service1.svc - 49474 - ::1 - - 200 0 0 81
2018-07-09 06:10:44 ::1 POST /Service1.svc - 49474 - ::1 - - 200 0 0 558
2018-07-09 06:10:45 ::1 POST /Service1.svc - 49474 - ::1 - - 200 0 0 464
2018-07-09 06:10:45 ::1 POST /Service1.svc - 49474 - ::1 - - 200 0 0 70
2018-07-09 06:10:45 ::1 POST /Service1.svc - 49474 - ::1 - - 200 0 0 79
2018-07-09 06:10:45 ::1 POST /Service1.svc - 49474 - ::1 - - 200 0 0 64
2018-07-09 06:10:45 ::1 POST /Service1.svc - 49474 - ::1 - - 200 0 0 152
2018-07-09 06:10:45 ::1 POST /Service1.svc - 49474 - ::1 - - 200 0 0 350
2018-07-09 06:10:46 ::1 POST /Service1.svc - 49474 - ::1 - - 200 0 0 281
2018-07-09 06:10:46 ::1 POST /Service1.svc - 49474 - ::1 - - 200 0 0 190
2018-07-09 06:10:46 ::1 POST /Service1.svc - 49474 - ::1 - - 200 0 0 48
2018-07-09 06:10:46 ::1 POST /Service1.svc - 49474 - ::1 - - 200 0 0 412
2018-07-09 06:10:49 ::1 POST /Service1.svc - 49474 - ::1 - - 200 0 0 36
2018-07-09 06:10:49 ::1 POST /Service1.svc - 49474 - ::1 - - 200 0 0 96
2018-07-09 06:10:49 ::1 POST /Service1.svc - 49474 - ::1 - - 200 0 0 125
2018-07-09 06:10:49 ::1 POST /Service1.svc - 49474 - ::1 - - 200 0 0 31
2018-07-09 06:10:49 ::1 POST /Service1.svc - 49474 - ::1 - - 200 0 0 18
2018-07-09 06:10:49 ::1 POST /Service1.svc - 49474 - ::1 - - 200 0 0 89
2018-07-09 06:10:49 ::1 POST /Service1.svc - 49474 - ::1 - - 200 0 0 133
2018-07-09 06:10:49 ::1 POST /Service1.svc - 49474 - ::1 - - 200 0 0 25
2018-07-09 06:10:49 ::1 POST /Service1.svc - 49474 - ::1 - - 200 0 0 259
2018-07-09 06:10:49 ::1 POST /Service1.svc - 49474 - ::1 - - 200 0 0 53
2018-07-09 06:10:50 ::1 POST /Service1.svc - 49474 - ::1 - - 200 0 0 420
2018-07-09 06:10:50 ::1 POST /Service1.svc - 49474 - ::1 - - 200 0 0 530
2018-07-09 06:10:50 ::1 POST /Service1.svc - 49474 - ::1 - - 200 0 0 64
#Software: Microsoft Internet Information Services 10.0
#Version: 1.0
#Date: 2018-07-09 06:13:59
#Fields: date time s-ip cs-method cs-uri-stem cs-uri-query s-port cs-username c-ip cs(User-Agent) cs(Referer) sc-status sc-substatus sc-win32-status time-taken
2018-07-09 06:13:59 ::1 POST /Service1.svc - 49474 - ::1 - - 415 0 0 21064
2018-07-09 06:13:59 ::1 POST /Service1.svc/mex - 49474 - ::1 - - 415 0 0 6
2018-07-09 06:14:06 ::1 GET /Service1.svc - 49474 - ::1 Mozilla/4.0+(compatible;+MSIE+6.0;+MS+Web+Services+Client+Protocol+4.0.30319.42000) - 200 0 0 6125
2018-07-09 06:14:06 ::1 GET /Service1.svc disco 49474 - ::1 Mozilla/4.0+(compatible;+MSIE+6.0;+MS+Web+Services+Client+Protocol+4.0.30319.42000) - 200 0 0 36
2018-07-09 06:14:06 ::1 GET /Service1.svc wsdl 49474 - ::1 Mozilla/4.0+(compatible;+MSIE+6.0;+MS+Web+Services+Client+Protocol+4.0.30319.42000) - 200 0 0 77
2018-07-09 06:14:07 ::1 GET /Service1.svc xsd=xsd0 49474 - ::1 Mozilla/4.0+(compatible;+MSIE+6.0;+MS+Web+Services+Client+Protocol+4.0.30319.42000) - 200 0 0 1104
2018-07-09 06:14:07 ::1 GET /Service1.svc xsd=xsd2 49474 - ::1 Mozilla/4.0+(compatible;+MSIE+6.0;+MS+Web+Services+Client+Protocol+4.0.30319.42000) - 200 0 0 56
2018-07-09 06:14:07 ::1 GET /Service1.svc xsd=xsd3 49474 - ::1 Mozilla/4.0+(compatible;+MSIE+6.0;+MS+Web+Services+Client+Protocol+4.0.30319.42000) - 200 0 0 14
2018-07-09 06:14:07 ::1 GET /Service1.svc xsd=xsd1 49474 - ::1 Mozilla/4.0+(compatible;+MSIE+6.0;+MS+Web+Services+Client+Protocol+4.0.30319.42000) - 200 0 0 21
2018-07-09 06:14:30 ::1 GET /Service1.svc - 49474 - ::1 Mozilla/4.0+(compatible;+MSIE+6.0;+MS+Web+Services+Client+Protocol+4.0.30319.42000) - 200 0 0 31
2018-07-09 06:14:30 ::1 GET /Service1.svc disco 49474 - ::1 Mozilla/4.0+(compatible;+MSIE+6.0;+MS+Web+Services+Client+Protocol+4.0.30319.42000) - 200 0 0 157
2018-07-09 06:14:30 ::1 POST /Service1.svc/mex - 49474 - ::1 - - 415 0 0 214
2018-07-09 06:14:30 ::1 POST /Service1.svc - 49474 - ::1 - - 415 0 0 282
2018-07-09 06:14:30 ::1 GET /Service1.svc/$metadata - 49474 - ::1 Mozilla/4.0+(compatible;+MSIE+6.0;+MS+Web+Services+Client+Protocol+4.0.30319.42000) - 400 0 0 341
2018-07-09 06:14:30 ::1 GET /Service1.svc wsdl 49474 - ::1 Mozilla/4.0+(compatible;+MSIE+6.0;+MS+Web+Services+Client+Protocol+4.0.30319.42000) - 200 0 0 169
2018-07-09 06:14:30 ::1 GET /Service1.svc xsd=xsd0 49474 - ::1 Mozilla/4.0+(compatible;+MSIE+6.0;+MS+Web+Services+Client+Protocol+4.0.30319.42000) - 200 0 0 7
2018-07-09 06:14:30 ::1 GET /Service1.svc xsd=xsd2 49474 - ::1 Mozilla/4.0+(compatible;+MSIE+6.0;+MS+Web+Services+Client+Protocol+4.0.30319.42000) - 200 0 0 10
2018-07-09 06:14:30 ::1 GET /Service1.svc xsd=xsd3 49474 - ::1 Mozilla/4.0+(compatible;+MSIE+6.0;+MS+Web+Services+Client+Protocol+4.0.30319.42000) - 200 0 0 9
2018-07-09 06:14:30 ::1 GET /Service1.svc xsd=xsd1 49474 - ::1 Mozilla/4.0+(compatible;+MSIE+6.0;+MS+Web+Services+Client+Protocol+4.0.30319.42000) - 200 0 0 18
2018-07-09 06:15:07 ::1 GET /Service1.svc/$metadata - 49474 - ::1 Mozilla/4.0+(compatible;+MSIE+6.0;+MS+Web+Services+Client+Protocol+4.0.30319.42000) - 400 0 0 130
2018-07-09 06:15:07 ::1 GET /Service1.svc - 49474 - ::1 Mozilla/4.0+(compatible;+MSIE+6.0;+MS+Web+Services+Client+Protocol+4.0.30319.42000) - 200 0 0 433
2018-07-09 06:15:07 ::1 POST /Service1.svc/mex - 49474 - ::1 - - 415 0 0 370
2018-07-09 06:15:07 ::1 POST /Service1.svc - 49474 - ::1 - - 415 0 0 389
2018-07-09 06:15:07 ::1 GET /Service1.svc disco 49474 - ::1 Mozilla/4.0+(compatible;+MSIE+6.0;+MS+Web+Services+Client+Protocol+4.0.30319.42000) - 200 0 0 58
2018-07-09 06:15:07 ::1 GET /Service1.svc wsdl 49474 - ::1 Mozilla/4.0+(compatible;+MSIE+6.0;+MS+Web+Services+Client+Protocol+4.0.30319.42000) - 200 0 0 11
2018-07-09 06:15:07 ::1 GET /Service1.svc xsd=xsd0 49474 - ::1 Mozilla/4.0+(compatible;+MSIE+6.0;+MS+Web+Services+Client+Protocol+4.0.30319.42000) - 200 0 0 11
2018-07-09 06:15:07 ::1 GET /Service1.svc xsd=xsd2 49474 - ::1 Mozilla/4.0+(compatible;+MSIE+6.0;+MS+Web+Services+Client+Protocol+4.0.30319.42000) - 200 0 0 12
2018-07-09 06:15:07 ::1 GET /Service1.svc xsd=xsd3 49474 - ::1 Mozilla/4.0+(compatible;+MSIE+6.0;+MS+Web+Services+Client+Protocol+4.0.30319.42000) - 200 0 0 6
2018-07-09 06:15:07 ::1 GET /Service1.svc xsd=xsd1 49474 - ::1 Mozilla/4.0+(compatible;+MSIE+6.0;+MS+Web+Services+Client+Protocol+4.0.30319.42000) - 200 0 0 20
2018-07-09 06:16:22 ::1 POST /Service1.svc - 49474 - ::1 - - 200 0 0 1848
2018-07-09 06:16:22 ::1 POST /Service1.svc - 49474 - ::1 - - 200 0 0 55
2018-07-09 06:16:22 ::1 POST /Service1.svc - 49474 - ::1 - - 200 0 0 108
2018-07-09 06:16:22 ::1 POST /Service1.svc - 49474 - ::1 - - 200 0 0 172
2018-07-09 06:16:22 ::1 POST /Service1.svc - 49474 - ::1 - - 200 0 0 41
2018-07-09 06:16:22 ::1 POST /Service1.svc - 49474 - ::1 - - 200 0 0 13
2018-07-09 06:16:22 ::1 POST /Service1.svc - 49474 - ::1 - - 200 0 0 13
2018-07-09 06:16:22 ::1 POST /Service1.svc - 49474 - ::1 - - 200 0 0 17
2018-07-09 06:16:22 ::1 POST /Service1.svc - 49474 - ::1 - - 200 0 0 59
2018-07-09 06:16:22 ::1 POST /Service1.svc - 49474 - ::1 - - 200 0 0 147
2018-07-09 06:16:22 ::1 POST /Service1.svc - 49474 - ::1 - - 200 0 0 19
2018-07-09 06:16:22 ::1 POST /Service1.svc - 49474 - ::1 - - 200 0 0 37
2018-07-09 06:16:22 ::1 POST /Service1.svc - 49474 - ::1 - - 200 0 0 47
2018-07-09 06:16:29 ::1 POST /Service1.svc - 49474 - ::1 - - 200 0 0 17
2018-07-09 06:16:29 ::1 POST /Service1.svc - 49474 - ::1 - - 200 0 0 15
2018-07-09 06:16:29 ::1 POST /Service1.svc - 49474 - ::1 - - 200 0 0 67
2018-07-09 06:16:29 ::1 POST /Service1.svc - 49474 - ::1 - - 200 0 0 40
2018-07-09 06:16:29 ::1 POST /Service1.svc - 49474 - ::1 - - 200 0 0 34
2018-07-09 06:16:29 ::1 POST /Service1.svc - 49474 - ::1 - - 200 0 0 97
2018-07-09 06:16:29 ::1 POST /Service1.svc - 49474 - ::1 - - 200 0 0 54
2018-07-09 06:16:29 ::1 POST /Service1.svc - 49474 - ::1 - - 200 0 0 26
2018-07-09 06:16:29 ::1 POST /Service1.svc - 49474 - ::1 - - 200 0 0 27
2018-07-09 06:16:29 ::1 POST /Service1.svc - 49474 - ::1 - - 200 0 0 20
2018-07-09 06:16:29 ::1 POST /Service1.svc - 49474 - ::1 - - 200 0 0 26
2018-07-09 06:16:29 ::1 POST /Service1.svc - 49474 - ::1 - - 200 0 0 41
2018-07-09 06:16:29 ::1 POST /Service1.svc - 49474 - ::1 - - 200 0 0 267
2018-07-09 06:16:30 ::1 POST /Service1.svc - 49474 - ::1 - - 200 0 0 98
2018-07-09 06:16:33 ::1 POST /Service1.svc - 49474 - ::1 - - 200 0 0 13
2018-07-09 06:16:33 ::1 POST /Service1.svc - 49474 - ::1 - - 200 0 0 48
2018-07-09 06:16:33 ::1 POST /Service1.svc - 49474 - ::1 - - 200 0 0 21
2018-07-09 06:16:33 ::1 POST /Service1.svc - 49474 - ::1 - - 200 0 0 24
2018-07-09 06:16:33 ::1 POST /Service1.svc - 49474 - ::1 - - 200 0 0 22
2018-07-09 06:16:33 ::1 POST /Service1.svc - 49474 - ::1 - - 200 0 0 17
2018-07-09 06:16:33 ::1 POST /Service1.svc - 49474 - ::1 - - 200 0 0 35
2018-07-09 06:16:33 ::1 POST /Service1.svc - 49474 - ::1 - - 200 0 0 46
2018-07-09 06:16:33 ::1 POST /Service1.svc - 49474 - ::1 - - 200 0 0 50
2018-07-09 06:16:33 ::1 POST /Service1.svc - 49474 - ::1 - - 200 0 0 52
2018-07-09 06:16:33 ::1 POST /Service1.svc - 49474 - ::1 - - 200 0 0 23
2018-07-09 06:16:33 ::1 POST /Service1.svc - 49474 - ::1 - - 200 0 0 22
2018-07-09 06:16:33 ::1 POST /Service1.svc - 49474 - ::1 - - 200 0 0 124
2018-07-09 06:16:33 ::1 POST /Service1.svc - 49474 - ::1 - - 200 0 0 103
2018-07-09 06:16:33 ::1 POST /Service1.svc - 49474 - ::1 - - 200 0 0 97
2018-07-09 06:16:33 ::1 POST /Service1.svc - 49474 - ::1 - - 200 0 0 85
2018-07-09 06:16:33 ::1 POST /Service1.svc - 49474 - ::1 - - 200 0 0 171
2018-07-09 06:16:34 ::1 POST /Service1.svc - 49474 - ::1 - - 200 0 0 156
2018-07-09 06:16:34 ::1 POST /Service1.svc - 49474 - ::1 - - 200 0 0 115
2018-07-09 06:16:34 ::1 POST /Service1.svc - 49474 - ::1 - - 200 0 0 44
2018-07-09 06:16:34 ::1 POST /Service1.svc - 49474 - ::1 - - 200 0 0 60
2018-07-09 06:16:34 ::1 POST /Service1.svc - 49474 - ::1 - - 200 0 0 35
2018-07-09 06:16:34 ::1 POST /Service1.svc - 49474 - ::1 - - 200 0 0 54
2018-07-09 06:16:34 ::1 POST /Service1.svc - 49474 - ::1 - - 200 0 0 52
2018-07-09 06:16:34 ::1 POST /Service1.svc - 49474 - ::1 - - 200 0 0 84
2018-07-09 06:16:34 ::1 POST /Service1.svc - 49474 - ::1 - - 200 0 0 108
2018-07-09 06:16:34 ::1 POST /Service1.svc - 49474 - ::1 - - 200 0 0 41
2018-07-09 06:16:34 ::1 POST /Service1.svc - 49474 - ::1 - - 200 0 0 74
2018-07-09 06:16:35 ::1 POST /Service1.svc - 49474 - ::1 - - 200 0 0 87
2018-07-09 06:16:35 ::1 POST /Service1.svc - 49474 - ::1 - - 200 0 0 36
2018-07-09 06:16:35 ::1 POST /Service1.svc - 49474 - ::1 - - 200 0 0 89
2018-07-09 06:16:35 ::1 POST /Service1.svc - 49474 - ::1 - - 200 0 0 46
2018-07-09 06:16:35 ::1 POST /Service1.svc - 49474 - ::1 - - 200 0 0 113
2018-07-09 06:16:35 ::1 POST /Service1.svc - 49474 - ::1 - - 200 0 0 125
2018-07-09 06:16:35 ::1 POST /Service1.svc - 49474 - ::1 - - 200 0 0 89
2018-07-09 06:16:35 ::1 POST /Service1.svc - 49474 - ::1 - - 200 0 0 49
2018-07-09 06:16:35 ::1 POST /Service1.svc - 49474 - ::1 - - 200 0 0 38
2018-07-09 06:16:35 ::1 POST /Service1.svc - 49474 - ::1 - - 200 0 0 47
2018-07-09 06:16:35 ::1 POST /Service1.svc - 49474 - ::1 - - 200 0 0 134
2018-07-09 06:16:36 ::1 POST /Service1.svc - 49474 - ::1 - - 200 0 0 97
2018-07-09 06:16:36 ::1 POST /Service1.svc - 49474 - ::1 - - 200 0 0 49
2018-07-09 06:16:55 ::1 POST /Service1.svc - 49474 - ::1 - - 200 0 0 100
2018-07-09 06:16:55 ::1 POST /Service1.svc - 49474 - ::1 - - 200 0 0 621
2018-07-09 06:17:00 ::1 POST /Service1.svc - 49474 - ::1 - - 200 0 0 128
2018-07-09 06:17:00 ::1 POST /Service1.svc - 49474 - ::1 - - 200 0 0 48
2018-07-09 06:17:00 ::1 POST /Service1.svc - 49474 - ::1 - - 200 0 0 33
2018-07-09 06:17:00 ::1 POST /Service1.svc - 49474 - ::1 - - 200 0 0 27
2018-07-09 06:17:00 ::1 POST /Service1.svc - 49474 - ::1 - - 200 0 0 21
2018-07-09 06:17:00 ::1 POST /Service1.svc - 49474 - ::1 - - 200 0 0 36
2018-07-09 06:17:00 ::1 POST /Service1.svc - 49474 - ::1 - - 200 0 0 49
2018-07-09 06:17:00 ::1 POST /Service1.svc - 49474 - ::1 - - 200 0 0 30
2018-07-09 06:17:00 ::1 POST /Service1.svc - 49474 - ::1 - - 200 0 0 104
2018-07-09 06:17:00 ::1 POST /Service1.svc - 49474 - ::1 - - 200 0 0 44
2018-07-09 06:17:00 ::1 POST /Service1.svc - 49474 - ::1 - - 200 0 0 91
2018-07-09 06:17:00 ::1 POST /Service1.svc - 49474 - ::1 - - 200 0 0 38
2018-07-09 06:17:00 ::1 POST /Service1.svc - 49474 - ::1 - - 200 0 0 34
2018-07-09 06:17:00 ::1 POST /Service1.svc - 49474 - ::1 - - 200 0 0 23
2018-07-09 06:17:02 ::1 POST /Service1.svc - 49474 - ::1 - - 200 0 0 77
2018-07-09 06:17:02 ::1 POST /Service1.svc - 49474 - ::1 - - 200 0 0 22
2018-07-09 06:17:02 ::1 POST /Service1.svc - 49474 - ::1 - - 200 0 0 39
2018-07-09 06:17:02 ::1 POST /Service1.svc - 49474 - ::1 - - 200 0 0 53
2018-07-09 06:17:02 ::1 POST /Service1.svc - 49474 - ::1 - - 200 0 0 21
2018-07-09 06:17:02 ::1 POST /Service1.svc - 49474 - ::1 - - 200 0 0 19
2018-07-09 06:17:02 ::1 POST /Service1.svc - 49474 - ::1 - - 200 0 0 58
2018-07-09 06:17:02 ::1 POST /Service1.svc - 49474 - ::1 - - 200 0 0 23
2018-07-09 06:17:02 ::1 POST /Service1.svc - 49474 - ::1 - - 200 0 0 23
2018-07-09 06:17:02 ::1 POST /Service1.svc - 49474 - ::1 - - 200 0 0 21
2018-07-09 06:17:02 ::1 POST /Service1.svc - 49474 - ::1 - - 200 0 0 23
2018-07-09 06:17:02 ::1 POST /Service1.svc - 49474 - ::1 - - 200 0 0 22
2018-07-09 06:17:02 ::1 POST /Service1.svc - 49474 - ::1 - - 200 0 0 35
2018-07-09 06:17:02 ::1 POST /Service1.svc - 49474 - ::1 - - 200 0 0 84
2018-07-09 06:17:02 ::1 POST /Service1.svc - 49474 - ::1 - - 200 0 0 26
2018-07-09 06:17:02 ::1 POST /Service1.svc - 49474 - ::1 - - 200 0 0 33
2018-07-09 06:17:02 ::1 POST /Service1.svc - 49474 - ::1 - - 200 0 0 15
2018-07-09 06:17:02 ::1 POST /Service1.svc - 49474 - ::1 - - 200 0 0 19
2018-07-09 06:17:02 ::1 POST /Service1.svc - 49474 - ::1 - - 200 0 0 24
2018-07-09 06:17:02 ::1 POST /Service1.svc - 49474 - ::1 - - 200 0 0 16
2018-07-09 06:17:02 ::1 POST /Service1.svc - 49474 - ::1 - - 200 0 0 27
2018-07-09 06:17:03 ::1 POST /Service1.svc - 49474 - ::1 - - 200 0 0 52
2018-07-09 06:17:03 ::1 POST /Service1.svc - 49474 - ::1 - - 200 0 0 61
2018-07-09 06:17:03 ::1 POST /Service1.svc - 49474 - ::1 - - 200 0 0 25
2018-07-09 06:17:03 ::1 POST /Service1.svc - 49474 - ::1 - - 200 0 0 30
2018-07-09 06:17:03 ::1 POST /Service1.svc - 49474 - ::1 - - 200 0 0 24
2018-07-09 06:17:04 ::1 POST /Service1.svc - 49474 - ::1 - - 200 0 0 42
2018-07-09 06:17:04 ::1 POST /Service1.svc - 49474 - ::1 - - 200 0 0 23
2018-07-09 06:17:04 ::1 POST /Service1.svc - 49474 - ::1 - - 200 0 0 14
2018-07-09 06:17:04 ::1 POST /Service1.svc - 49474 - ::1 - - 200 0 0 22
2018-07-09 06:17:04 ::1 POST /Service1.svc - 49474 - ::1 - - 200 0 0 38
2018-07-09 06:17:04 ::1 POST /Service1.svc - 49474 - ::1 - - 200 0 0 17
2018-07-09 06:17:04 ::1 POST /Service1.svc - 49474 - ::1 - - 200 0 0 18
2018-07-09 06:17:04 ::1 POST /Service1.svc - 49474 - ::1 - - 200 0 0 23
2018-07-09 06:17:04 ::1 POST /Service1.svc - 49474 - ::1 - - 200 0 0 54
2018-07-09 06:17:04 ::1 POST /Service1.svc - 49474 - ::1 - - 200 0 0 140
2018-07-09 06:17:04 ::1 POST /Service1.svc - 49474 - ::1 - - 200 0 0 266
2018-07-09 06:17:04 ::1 POST /Service1.svc - 49474 - ::1 - - 200 0 0 75
2018-07-09 06:17:04 ::1 POST /Service1.svc - 49474 - ::1 - - 200 0 0 72
#Software: Microsoft Internet Information Services 10.0
#Version: 1.0
#Date: 2018-07-09 06:39:44
#Fields: date time s-ip cs-method cs-uri-stem cs-uri-query s-port cs-username c-ip cs(User-Agent) cs(Referer) sc-status sc-substatus sc-win32-status time-taken
2018-07-09 06:39:44 ::1 POST /Service1.svc - 49474 - ::1 - - 415 0 0 8751
2018-07-09 06:39:44 ::1 POST /Service1.svc/mex - 49474 - ::1 - - 415 0 0 60
2018-07-09 06:39:48 ::1 GET /Service1.svc - 49474 - ::1 Mozilla/4.0+(compatible;+MSIE+6.0;+MS+Web+Services+Client+Protocol+4.0.30319.42000) - 200 0 0 3687
2018-07-09 06:39:48 ::1 GET /Service1.svc disco 49474 - ::1 Mozilla/4.0+(compatible;+MSIE+6.0;+MS+Web+Services+Client+Protocol+4.0.30319.42000) - 200 0 0 17
2018-07-09 06:39:48 ::1 GET /Service1.svc wsdl 49474 - ::1 Mozilla/4.0+(compatible;+MSIE+6.0;+MS+Web+Services+Client+Protocol+4.0.30319.42000) - 200 0 0 29
2018-07-09 06:39:48 ::1 GET /Service1.svc xsd=xsd0 49474 - ::1 Mozilla/4.0+(compatible;+MSIE+6.0;+MS+Web+Services+Client+Protocol+4.0.30319.42000) - 200 0 0 517
2018-07-09 06:39:48 ::1 GET /Service1.svc xsd=xsd2 49474 - ::1 Mozilla/4.0+(compatible;+MSIE+6.0;+MS+Web+Services+Client+Protocol+4.0.30319.42000) - 200 0 0 11
2018-07-09 06:39:48 ::1 GET /Service1.svc xsd=xsd3 49474 - ::1 Mozilla/4.0+(compatible;+MSIE+6.0;+MS+Web+Services+Client+Protocol+4.0.30319.42000) - 200 0 0 13
2018-07-09 06:39:48 ::1 GET /Service1.svc xsd=xsd1 49474 - ::1 Mozilla/4.0+(compatible;+MSIE+6.0;+MS+Web+Services+Client+Protocol+4.0.30319.42000) - 200 0 0 36
#Software: Microsoft Internet Information Services 10.0
#Version: 1.0
#Date: 2018-07-09 07:01:13
#Fields: date time s-ip cs-method cs-uri-stem cs-uri-query s-port cs-username c-ip cs(User-Agent) cs(Referer) sc-status sc-substatus sc-win32-status time-taken
2018-07-09 07:01:13 ::1 POST /Service1.svc - 49474 - ::1 - - 415 0 0 20942
2018-07-09 07:01:13 ::1 POST /Service1.svc/mex - 49474 - ::1 - - 415 0 0 22
2018-07-09 07:01:20 ::1 GET /Service1.svc - 49474 - ::1 Mozilla/4.0+(compatible;+MSIE+6.0;+MS+Web+Services+Client+Protocol+4.0.30319.42000) - 200 0 0 6064
2018-07-09 07:01:20 ::1 GET /Service1.svc disco 49474 - ::1 Mozilla/4.0+(compatible;+MSIE+6.0;+MS+Web+Services+Client+Protocol+4.0.30319.42000) - 200 0 0 128
2018-07-09 07:01:20 ::1 GET /Service1.svc wsdl 49474 - ::1 Mozilla/4.0+(compatible;+MSIE+6.0;+MS+Web+Services+Client+Protocol+4.0.30319.42000) - 200 0 0 112
2018-07-09 07:01:21 ::1 GET /Service1.svc xsd=xsd0 49474 - ::1 Mozilla/4.0+(compatible;+MSIE+6.0;+MS+Web+Services+Client+Protocol+4.0.30319.42000) - 200 0 0 1087
2018-07-09 07:01:21 ::1 GET /Service1.svc xsd=xsd2 49474 - ::1 Mozilla/4.0+(compatible;+MSIE+6.0;+MS+Web+Services+Client+Protocol+4.0.30319.42000) - 200 0 0 67
2018-07-09 07:01:21 ::1 GET /Service1.svc xsd=xsd3 49474 - ::1 Mozilla/4.0+(compatible;+MSIE+6.0;+MS+Web+Services+Client+Protocol+4.0.30319.42000) - 200 0 0 24
2018-07-09 07:01:21 ::1 GET /Service1.svc xsd=xsd1 49474 - ::1 Mozilla/4.0+(compatible;+MSIE+6.0;+MS+Web+Services+Client+Protocol+4.0.30319.42000) - 200 0 0 19
2018-07-09 07:03:12 ::1 POST /Service1.svc - 49474 - ::1 - - 200 0 0 15561
2018-07-09 07:03:12 ::1 POST /Service1.svc - 49474 - ::1 - - 200 0 0 54
2018-07-09 07:03:12 ::1 POST /Service1.svc - 49474 - ::1 - - 200 0 0 89
#Software: Microsoft Internet Information Services 10.0
#Version: 1.0
#Date: 2018-07-09 07:07:11
#Fields: date time s-ip cs-method cs-uri-stem cs-uri-query s-port cs-username c-ip cs(User-Agent) cs(Referer) sc-status sc-substatus sc-win32-status time-taken
2018-07-09 07:07:11 ::1 POST /Service1.svc - 49474 - ::1 - - 415 0 0 4872
2018-07-09 07:07:11 ::1 POST /Service1.svc/mex - 49474 - ::1 - - 415 0 0 9
2018-07-09 07:07:15 ::1 GET /Service1.svc - 49474 - ::1 Mozilla/4.0+(compatible;+MSIE+6.0;+MS+Web+Services+Client+Protocol+4.0.30319.42000) - 200 0 0 4206
2018-07-09 07:07:15 ::1 GET /Service1.svc disco 49474 - ::1 Mozilla/4.0+(compatible;+MSIE+6.0;+MS+Web+Services+Client+Protocol+4.0.30319.42000) - 200 0 0 104
2018-07-09 07:07:15 ::1 GET /Service1.svc wsdl 49474 - ::1 Mozilla/4.0+(compatible;+MSIE+6.0;+MS+Web+Services+Client+Protocol+4.0.30319.42000) - 200 0 0 75
2018-07-09 07:07:16 ::1 GET /Service1.svc xsd=xsd0 49474 - ::1 Mozilla/4.0+(compatible;+MSIE+6.0;+MS+Web+Services+Client+Protocol+4.0.30319.42000) - 200 0 0 513
2018-07-09 07:07:16 ::1 GET /Service1.svc xsd=xsd2 49474 - ::1 Mozilla/4.0+(compatible;+MSIE+6.0;+MS+Web+Services+Client+Protocol+4.0.30319.42000) - 200 0 0 8
2018-07-09 07:07:16 ::1 GET /Service1.svc xsd=xsd3 49474 - ::1 Mozilla/4.0+(compatible;+MSIE+6.0;+MS+Web+Services+Client+Protocol+4.0.30319.42000) - 200 0 0 7
2018-07-09 07:07:16 ::1 GET /Service1.svc xsd=xsd1 49474 - ::1 Mozilla/4.0+(compatible;+MSIE+6.0;+MS+Web+Services+Client+Protocol+4.0.30319.42000) - 200 0 0 13
2018-07-09 07:09:39 ::1 POST /Service1.svc - 49474 - ::1 - - 200 0 0 1100
2018-07-09 07:09:39 ::1 POST /Service1.svc - 49474 - ::1 - - 200 0 0 161
2018-07-09 07:09:39 ::1 POST /Service1.svc - 49474 - ::1 - - 200 0 0 199
2018-07-09 07:09:39 ::1 POST /Service1.svc - 49474 - ::1 - - 200 0 0 509
2018-07-09 07:09:39 ::1 POST /Service1.svc - 49474 - ::1 - - 200 0 0 17
2018-07-09 07:09:39 ::1 POST /Service1.svc - 49474 - ::1 - - 200 0 0 20
2018-07-09 07:09:40 ::1 POST /Service1.svc - 49474 - ::1 - - 200 0 0 116
2018-07-09 07:09:40 ::1 POST /Service1.svc - 49474 - ::1 - - 200 0 0 16
2018-07-09 07:09:40 ::1 POST /Service1.svc - 49474 - ::1 - - 200 0 0 14
2018-07-09 07:09:40 ::1 POST /Service1.svc - 49474 - ::1 - - 200 0 0 12
2018-07-09 07:09:40 ::1 POST /Service1.svc - 49474 - ::1 - - 200 0 0 12
2018-07-09 07:09:40 ::1 POST /Service1.svc - 49474 - ::1 - - 200 0 0 12
2018-07-09 07:09:40 ::1 POST /Service1.svc - 49474 - ::1 - - 200 0 0 19
2018-07-09 07:10:00 ::1 POST /Service1.svc - 49474 - ::1 - - 200 0 0 21
2018-07-09 07:10:00 ::1 POST /Service1.svc - 49474 - ::1 - - 200 0 0 150
2018-07-09 07:10:00 ::1 POST /Service1.svc - 49474 - ::1 - - 200 0 0 72
2018-07-09 07:10:00 ::1 POST /Service1.svc - 49474 - ::1 - - 200 0 0 73
2018-07-09 07:10:00 ::1 POST /Service1.svc - 49474 - ::1 - - 200 0 0 13
2018-07-09 07:10:00 ::1 POST /Service1.svc - 49474 - ::1 - - 200 0 0 12
2018-07-09 07:10:00 ::1 POST /Service1.svc - 49474 - ::1 - - 200 0 0 14
2018-07-09 07:10:00 ::1 POST /Service1.svc - 49474 - ::1 - - 200 0 0 14
2018-07-09 07:10:00 ::1 POST /Service1.svc - 49474 - ::1 - - 200 0 0 12
2018-07-09 07:10:00 ::1 POST /Service1.svc - 49474 - ::1 - - 200 0 0 14
2018-07-09 07:10:00 ::1 POST /Service1.svc - 49474 - ::1 - - 200 0 0 17
2018-07-09 07:10:00 ::1 POST /Service1.svc - 49474 - ::1 - - 200 0 0 22
2018-07-09 07:10:00 ::1 POST /Service1.svc - 49474 - ::1 - - 200 0 0 20
2018-07-09 07:10:02 ::1 POST /Service1.svc - 49474 - ::1 - - 200 0 0 270
2018-07-09 07:10:06 ::1 POST /Service1.svc - 49474 - ::1 - - 200 0 0 19
2018-07-09 07:10:06 ::1 POST /Service1.svc - 49474 - ::1 - - 200 0 0 14
2018-07-09 07:10:06 ::1 POST /Service1.svc - 49474 - ::1 - - 200 0 0 20
2018-07-09 07:10:06 ::1 POST /Service1.svc - 49474 - ::1 - - 200 0 0 34
2018-07-09 07:10:06 ::1 POST /Service1.svc - 49474 - ::1 - - 200 0 0 17
2018-07-09 07:10:06 ::1 POST /Service1.svc - 49474 - ::1 - - 200 0 0 14
2018-07-09 07:10:06 ::1 POST /Service1.svc - 49474 - ::1 - - 200 0 0 15
2018-07-09 07:10:06 ::1 POST /Service1.svc - 49474 - ::1 - - 200 0 0 21
2018-07-09 07:10:06 ::1 POST /Service1.svc - 49474 - ::1 - - 200 0 0 14
2018-07-09 07:10:06 ::1 POST /Service1.svc - 49474 - ::1 - - 200 0 0 19
2018-07-09 07:10:06 ::1 POST /Service1.svc - 49474 - ::1 - - 200 0 0 96
2018-07-09 07:10:06 ::1 POST /Service1.svc - 49474 - ::1 - - 200 0 0 64
2018-07-09 07:10:06 ::1 POST /Service1.svc - 49474 - ::1 - - 200 0 0 12
2018-07-09 07:10:06 ::1 POST /Service1.svc - 49474 - ::1 - - 200 0 0 24
2018-07-09 07:10:06 ::1 POST /Service1.svc - 49474 - ::1 - - 200 0 0 11
2018-07-09 07:10:06 ::1 POST /Service1.svc - 49474 - ::1 - - 200 0 0 13
2018-07-09 07:10:06 ::1 POST /Service1.svc - 49474 - ::1 - - 200 0 0 23
2018-07-09 07:10:06 ::1 POST /Service1.svc - 49474 - ::1 - - 200 0 0 28
2018-07-09 07:10:06 ::1 POST /Service1.svc - 49474 - ::1 - - 200 0 0 46
2018-07-09 07:10:06 ::1 POST /Service1.svc - 49474 - ::1 - - 200 0 0 25
2018-07-09 07:10:06 ::1 POST /Service1.svc - 49474 - ::1 - - 200 0 0 32
2018-07-09 07:10:06 ::1 POST /Service1.svc - 49474 - ::1 - - 200 0 0 61
2018-07-09 07:10:06 ::1 POST /Service1.svc - 49474 - ::1 - - 200 0 0 20
2018-07-09 07:10:06 ::1 POST /Service1.svc - 49474 - ::1 - - 200 0 0 30
2018-07-09 07:10:07 ::1 POST /Service1.svc - 49474 - ::1 - - 200 0 0 81
2018-07-09 07:10:07 ::1 POST /Service1.svc - 49474 - ::1 - - 200 0 0 34
2018-07-09 07:10:07 ::1 POST /Service1.svc - 49474 - ::1 - - 200 0 0 134
2018-07-09 07:10:07 ::1 POST /Service1.svc - 49474 - ::1 - - 200 0 0 312
2018-07-09 07:10:07 ::1 POST /Service1.svc - 49474 - ::1 - - 200 0 0 65
2018-07-09 07:10:07 ::1 POST /Service1.svc - 49474 - ::1 - - 200 0 0 56
2018-07-09 07:10:08 ::1 POST /Service1.svc - 49474 - ::1 - - 200 0 0 700
2018-07-09 07:10:08 ::1 POST /Service1.svc - 49474 - ::1 - - 200 0 0 287
2018-07-09 07:10:08 ::1 POST /Service1.svc - 49474 - ::1 - - 200 0 0 125
2018-07-09 07:10:08 ::1 POST /Service1.svc - 49474 - ::1 - - 200 0 0 144
2018-07-09 07:10:08 ::1 POST /Service1.svc - 49474 - ::1 - - 200 0 0 143
2018-07-09 07:10:10 ::1 POST /Service1.svc - 49474 - ::1 - - 200 0 0 272
2018-07-09 07:10:10 ::1 POST /Service1.svc - 49474 - ::1 - - 200 0 0 64
2018-07-09 07:10:10 ::1 POST /Service1.svc - 49474 - ::1 - - 200 0 0 258
2018-07-09 07:10:13 ::1 POST /Service1.svc - 49474 - ::1 - - 200 0 0 109
2018-07-09 07:10:13 ::1 POST /Service1.svc - 49474 - ::1 - - 200 0 0 18
2018-07-09 07:10:13 ::1 POST /Service1.svc - 49474 - ::1 - - 200 0 0 13
2018-07-09 07:10:13 ::1 POST /Service1.svc - 49474 - ::1 - - 200 0 0 15
2018-07-09 07:10:13 ::1 POST /Service1.svc - 49474 - ::1 - - 200 0 0 22
2018-07-09 07:10:13 ::1 POST /Service1.svc - 49474 - ::1 - - 200 0 0 75
2018-07-09 07:10:13 ::1 POST /Service1.svc - 49474 - ::1 - - 200 0 0 24
2018-07-09 07:10:13 ::1 POST /Service1.svc - 49474 - ::1 - - 200 0 0 46
2018-07-09 07:10:13 ::1 POST /Service1.svc - 49474 - ::1 - - 200 0 0 32
2018-07-09 07:10:13 ::1 POST /Service1.svc - 49474 - ::1 - - 200 0 0 27
2018-07-09 07:10:13 ::1 POST /Service1.svc - 49474 - ::1 - - 200 0 0 19
2018-07-09 07:10:13 ::1 POST /Service1.svc - 49474 - ::1 - - 200 0 0 20
2018-07-09 07:10:13 ::1 POST /Service1.svc - 49474 - ::1 - - 200 0 0 122
2018-07-09 07:10:13 ::1 POST /Service1.svc - 49474 - ::1 - - 200 0 0 112
2018-07-09 07:10:16 ::1 POST /Service1.svc - 49474 - ::1 - - 200 0 0 22
2018-07-09 07:10:16 ::1 POST /Service1.svc - 49474 - ::1 - - 200 0 0 52
2018-07-09 07:10:16 ::1 POST /Service1.svc - 49474 - ::1 - - 200 0 0 20
2018-07-09 07:10:16 ::1 POST /Service1.svc - 49474 - ::1 - - 200 0 0 22
2018-07-09 07:10:16 ::1 POST /Service1.svc - 49474 - ::1 - - 200 0 0 34
2018-07-09 07:10:16 ::1 POST /Service1.svc - 49474 - ::1 - - 200 0 0 20
2018-07-09 07:10:16 ::1 POST /Service1.svc - 49474 - ::1 - - 200 0 0 49
2018-07-09 07:10:16 ::1 POST /Service1.svc - 49474 - ::1 - - 200 0 0 19
2018-07-09 07:10:16 ::1 POST /Service1.svc - 49474 - ::1 - - 200 0 0 19
2018-07-09 07:10:16 ::1 POST /Service1.svc - 49474 - ::1 - - 200 0 0 35
2018-07-09 07:10:16 ::1 POST /Service1.svc - 49474 - ::1 - - 200 0 0 24
2018-07-09 07:10:16 ::1 POST /Service1.svc - 49474 - ::1 - - 200 0 0 22
2018-07-09 07:10:16 ::1 POST /Service1.svc - 49474 - ::1 - - 200 0 0 19
2018-07-09 07:10:16 ::1 POST /Service1.svc - 49474 - ::1 - - 200 0 0 71
2018-07-09 07:10:16 ::1 POST /Service1.svc - 49474 - ::1 - - 200 0 0 22
2018-07-09 07:10:16 ::1 POST /Service1.svc - 49474 - ::1 - - 200 0 0 18
2018-07-09 07:10:16 ::1 POST /Service1.svc - 49474 - ::1 - - 200 0 0 135
2018-07-09 07:10:16 ::1 POST /Service1.svc - 49474 - ::1 - - 200 0 0 69
2018-07-09 07:10:17 ::1 POST /Service1.svc - 49474 - ::1 - - 200 0 0 135
2018-07-09 07:10:17 ::1 POST /Service1.svc - 49474 - ::1 - - 200 0 0 66
2018-07-09 07:10:17 ::1 POST /Service1.svc - 49474 - ::1 - - 200 0 0 55
2018-07-09 07:10:17 ::1 POST /Service1.svc - 49474 - ::1 - - 200 0 0 119
2018-07-09 07:10:17 ::1 POST /Service1.svc - 49474 - ::1 - - 200 0 0 66
2018-07-09 07:10:17 ::1 POST /Service1.svc - 49474 - ::1 - - 200 0 0 40
2018-07-09 07:10:17 ::1 POST /Service1.svc - 49474 - ::1 - - 200 0 0 97
2018-07-09 07:10:17 ::1 POST /Service1.svc - 49474 - ::1 - - 200 0 0 152
2018-07-09 07:10:25 ::1 POST /Service1.svc - 49474 - ::1 - - 200 0 0 20
2018-07-09 07:10:25 ::1 POST /Service1.svc - 49474 - ::1 - - 200 0 0 12
2018-07-09 07:10:25 ::1 POST /Service1.svc - 49474 - ::1 - - 200 0 0 47
2018-07-09 07:10:25 ::1 POST /Service1.svc - 49474 - ::1 - - 200 0 0 25
2018-07-09 07:10:25 ::1 POST /Service1.svc - 49474 - ::1 - - 200 0 0 85
2018-07-09 07:10:25 ::1 POST /Service1.svc - 49474 - ::1 - - 200 0 0 19
2018-07-09 07:10:25 ::1 POST /Service1.svc - 49474 - ::1 - - 200 0 0 31
2018-07-09 07:10:25 ::1 POST /Service1.svc - 49474 - ::1 - - 200 0 0 59
2018-07-09 07:10:25 ::1 POST /Service1.svc - 49474 - ::1 - - 200 0 0 28
2018-07-09 07:10:25 ::1 POST /Service1.svc - 49474 - ::1 - - 200 0 0 54
2018-07-09 07:10:25 ::1 POST /Service1.svc - 49474 - ::1 - - 200 0 0 43
2018-07-09 07:10:25 ::1 POST /Service1.svc - 49474 - ::1 - - 200 0 0 18
2018-07-09 07:10:25 ::1 POST /Service1.svc - 49474 - ::1 - - 200 0 0 58
#Software: Microsoft Internet Information Services 10.0
#Version: 1.0
#Date: 2018-07-09 07:16:38
#Fields: date time s-ip cs-method cs-uri-stem cs-uri-query s-port cs-username c-ip cs(User-Agent) cs(Referer) sc-status sc-substatus sc-win32-status time-taken
2018-07-09 07:16:38 ::1 POST /Service1.svc - 49474 - ::1 - - 415 0 0 4815
2018-07-09 07:16:38 ::1 POST /Service1.svc/mex - 49474 - ::1 - - 415 0 0 8
2018-07-09 07:16:41 ::1 GET /Service1.svc - 49474 - ::1 Mozilla/4.0+(compatible;+MSIE+6.0;+MS+Web+Services+Client+Protocol+4.0.30319.42000) - 200 0 0 3822
2018-07-09 07:16:41 ::1 GET /Service1.svc disco 49474 - ::1 Mozilla/4.0+(compatible;+MSIE+6.0;+MS+Web+Services+Client+Protocol+4.0.30319.42000) - 200 0 0 47
2018-07-09 07:16:41 ::1 GET /Service1.svc wsdl 49474 - ::1 Mozilla/4.0+(compatible;+MSIE+6.0;+MS+Web+Services+Client+Protocol+4.0.30319.42000) - 200 0 0 39
2018-07-09 07:16:41 ::1 GET /Service1.svc xsd=xsd0 49474 - ::1 Mozilla/4.0+(compatible;+MSIE+6.0;+MS+Web+Services+Client+Protocol+4.0.30319.42000) - 200 0 0 394
2018-07-09 07:16:41 ::1 GET /Service1.svc xsd=xsd2 49474 - ::1 Mozilla/4.0+(compatible;+MSIE+6.0;+MS+Web+Services+Client+Protocol+4.0.30319.42000) - 200 0 0 77
2018-07-09 07:16:41 ::1 GET /Service1.svc xsd=xsd3 49474 - ::1 Mozilla/4.0+(compatible;+MSIE+6.0;+MS+Web+Services+Client+Protocol+4.0.30319.42000) - 200 0 0 9
2018-07-09 07:16:41 ::1 GET /Service1.svc xsd=xsd1 49474 - ::1 Mozilla/4.0+(compatible;+MSIE+6.0;+MS+Web+Services+Client+Protocol+4.0.30319.42000) - 200 0 0 19
2018-07-09 07:17:09 ::1 GET /Service1.svc - 49474 - ::1 Mozilla/4.0+(compatible;+MSIE+6.0;+MS+Web+Services+Client+Protocol+4.0.30319.42000) - 200 0 0 172
2018-07-09 07:17:09 ::1 GET /Service1.svc disco 49474 - ::1 Mozilla/4.0+(compatible;+MSIE+6.0;+MS+Web+Services+Client+Protocol+4.0.30319.42000) - 200 0 0 35
2018-07-09 07:17:09 ::1 GET /Service1.svc wsdl 49474 - ::1 Mozilla/4.0+(compatible;+MSIE+6.0;+MS+Web+Services+Client+Protocol+4.0.30319.42000) - 200 0 0 80
2018-07-09 07:17:09 ::1 GET /Service1.svc/$metadata - 49474 - ::1 Mozilla/4.0+(compatible;+MSIE+6.0;+MS+Web+Services+Client+Protocol+4.0.30319.42000) - 400 0 0 482
2018-07-09 07:17:09 ::1 GET /Service1.svc xsd=xsd0 49474 - ::1 Mozilla/4.0+(compatible;+MSIE+6.0;+MS+Web+Services+Client+Protocol+4.0.30319.42000) - 200 0 0 25
2018-07-09 07:17:09 ::1 GET /Service1.svc xsd=xsd2 49474 - ::1 Mozilla/4.0+(compatible;+MSIE+6.0;+MS+Web+Services+Client+Protocol+4.0.30319.42000) - 200 0 0 65
2018-07-09 07:17:09 ::1 GET /Service1.svc xsd=xsd3 49474 - ::1 Mozilla/4.0+(compatible;+MSIE+6.0;+MS+Web+Services+Client+Protocol+4.0.30319.42000) - 200 0 0 10
2018-07-09 07:17:10 ::1 GET /Service1.svc xsd=xsd1 49474 - ::1 Mozilla/4.0+(compatible;+MSIE+6.0;+MS+Web+Services+Client+Protocol+4.0.30319.42000) - 200 0 0 288
2018-07-09 07:17:12 ::1 POST /Service1.svc - 49474 - ::1 - - 415 0 0 11
2018-07-09 07:17:12 ::1 POST /Service1.svc/mex - 49474 - ::1 - - 415 0 0 189
2018-07-09 07:19:49 ::1 GET /Service1.svc/$metadata - 49474 - ::1 Mozilla/4.0+(compatible;+MSIE+6.0;+MS+Web+Services+Client+Protocol+4.0.30319.42000) - 400 0 0 73
2018-07-09 07:19:49 ::1 GET /Service1.svc - 49474 - ::1 Mozilla/4.0+(compatible;+MSIE+6.0;+MS+Web+Services+Client+Protocol+4.0.30319.42000) - 200 0 0 185
2018-07-09 07:19:49 ::1 POST /Service1.svc/mex - 49474 - ::1 - - 415 0 0 146
2018-07-09 07:19:49 ::1 POST /Service1.svc - 49474 - ::1 - - 415 0 0 213
2018-07-09 07:19:49 ::1 GET /Service1.svc disco 49474 - ::1 Mozilla/4.0+(compatible;+MSIE+6.0;+MS+Web+Services+Client+Protocol+4.0.30319.42000) - 200 0 0 136
2018-07-09 07:19:49 ::1 GET /Service1.svc wsdl 49474 - ::1 Mozilla/4.0+(compatible;+MSIE+6.0;+MS+Web+Services+Client+Protocol+4.0.30319.42000) - 200 0 0 16
2018-07-09 07:19:49 ::1 GET /Service1.svc xsd=xsd0 49474 - ::1 Mozilla/4.0+(compatible;+MSIE+6.0;+MS+Web+Services+Client+Protocol+4.0.30319.42000) - 200 0 0 7
2018-07-09 07:19:49 ::1 GET /Service1.svc xsd=xsd2 49474 - ::1 Mozilla/4.0+(compatible;+MSIE+6.0;+MS+Web+Services+Client+Protocol+4.0.30319.42000) - 200 0 0 4
2018-07-09 07:19:49 ::1 GET /Service1.svc xsd=xsd3 49474 - ::1 Mozilla/4.0+(compatible;+MSIE+6.0;+MS+Web+Services+Client+Protocol+4.0.30319.42000) - 200 0 0 24
2018-07-09 07:19:49 ::1 GET /Service1.svc xsd=xsd1 49474 - ::1 Mozilla/4.0+(compatible;+MSIE+6.0;+MS+Web+Services+Client+Protocol+4.0.30319.42000) - 200 0 0 12
#Software: Microsoft Internet Information Services 10.0
#Version: 1.0
#Date: 2018-07-09 07:38:28
#Fields: date time s-ip cs-method cs-uri-stem cs-uri-query s-port cs-username c-ip cs(User-Agent) cs(Referer) sc-status sc-substatus sc-win32-status time-taken
2018-07-09 07:38:28 ::1 POST /Service1.svc - 49474 - ::1 - - 415 0 0 5189
2018-07-09 07:38:28 ::1 POST /Service1.svc/mex - 49474 - ::1 - - 415 0 0 58
2018-07-09 07:38:32 ::1 GET /Service1.svc - 49474 - ::1 Mozilla/4.0+(compatible;+MSIE+6.0;+MS+Web+Services+Client+Protocol+4.0.30319.42000) - 200 0 0 3565
2018-07-09 07:38:32 ::1 GET /Service1.svc disco 49474 - ::1 Mozilla/4.0+(compatible;+MSIE+6.0;+MS+Web+Services+Client+Protocol+4.0.30319.42000) - 200 0 0 18
2018-07-09 07:38:32 ::1 GET /Service1.svc wsdl 49474 - ::1 Mozilla/4.0+(compatible;+MSIE+6.0;+MS+Web+Services+Client+Protocol+4.0.30319.42000) - 200 0 0 63
2018-07-09 07:38:32 ::1 GET /Service1.svc xsd=xsd0 49474 - ::1 Mozilla/4.0+(compatible;+MSIE+6.0;+MS+Web+Services+Client+Protocol+4.0.30319.42000) - 200 0 0 484
2018-07-09 07:38:32 ::1 GET /Service1.svc xsd=xsd2 49474 - ::1 Mozilla/4.0+(compatible;+MSIE+6.0;+MS+Web+Services+Client+Protocol+4.0.30319.42000) - 200 0 0 43
2018-07-09 07:38:32 ::1 GET /Service1.svc xsd=xsd3 49474 - ::1 Mozilla/4.0+(compatible;+MSIE+6.0;+MS+Web+Services+Client+Protocol+4.0.30319.42000) - 200 0 0 16
2018-07-09 07:38:32 ::1 GET /Service1.svc xsd=xsd1 49474 - ::1 Mozilla/4.0+(compatible;+MSIE+6.0;+MS+Web+Services+Client+Protocol+4.0.30319.42000) - 200 0 0 58
2018-07-09 07:38:53 ::1 GET /Service1.svc - 49474 - ::1 Mozilla/4.0+(compatible;+MSIE+6.0;+MS+Web+Services+Client+Protocol+4.0.30319.42000) - 200 0 0 11
2018-07-09 07:38:53 ::1 GET /Service1.svc disco 49474 - ::1 Mozilla/4.0+(compatible;+MSIE+6.0;+MS+Web+Services+Client+Protocol+4.0.30319.42000) - 200 0 0 8
2018-07-09 07:38:53 ::1 GET /Service1.svc/$metadata - 49474 - ::1 Mozilla/4.0+(compatible;+MSIE+6.0;+MS+Web+Services+Client+Protocol+4.0.30319.42000) - 400 0 0 127
2018-07-09 07:38:53 ::1 GET /Service1.svc wsdl 49474 - ::1 Mozilla/4.0+(compatible;+MSIE+6.0;+MS+Web+Services+Client+Protocol+4.0.30319.42000) - 200 0 0 150
2018-07-09 07:38:53 ::1 POST /Service1.svc - 49474 - ::1 - - 415 0 0 157
2018-07-09 07:38:53 ::1 POST /Service1.svc/mex - 49474 - ::1 - - 415 0 0 185
2018-07-09 07:38:53 ::1 GET /Service1.svc xsd=xsd0 49474 - ::1 Mozilla/4.0+(compatible;+MSIE+6.0;+MS+Web+Services+Client+Protocol+4.0.30319.42000) - 200 0 0 67
2018-07-09 07:38:53 ::1 GET /Service1.svc xsd=xsd2 49474 - ::1 Mozilla/4.0+(compatible;+MSIE+6.0;+MS+Web+Services+Client+Protocol+4.0.30319.42000) - 200 0 0 15
2018-07-09 07:38:53 ::1 GET /Service1.svc xsd=xsd3 49474 - ::1 Mozilla/4.0+(compatible;+MSIE+6.0;+MS+Web+Services+Client+Protocol+4.0.30319.42000) - 200 0 0 5
2018-07-09 07:38:53 ::1 GET /Service1.svc xsd=xsd1 49474 - ::1 Mozilla/4.0+(compatible;+MSIE+6.0;+MS+Web+Services+Client+Protocol+4.0.30319.42000) - 200 0 0 4
2018-07-09 07:39:17 ::1 GET /Service1.svc - 49474 - ::1 Mozilla/4.0+(compatible;+MSIE+6.0;+MS+Web+Services+Client+Protocol+4.0.30319.42000) - 200 0 0 58
2018-07-09 07:39:17 ::1 GET /Service1.svc/$metadata - 49474 - ::1 Mozilla/4.0+(compatible;+MSIE+6.0;+MS+Web+Services+Client+Protocol+4.0.30319.42000) - 400 0 0 73
2018-07-09 07:39:17 ::1 POST /Service1.svc - 49474 - ::1 - - 415 0 0 84
2018-07-09 07:39:17 ::1 GET /Service1.svc disco 49474 - ::1 Mozilla/4.0+(compatible;+MSIE+6.0;+MS+Web+Services+Client+Protocol+4.0.30319.42000) - 200 0 0 60
2018-07-09 07:39:17 ::1 POST /Service1.svc/mex - 49474 - ::1 - - 415 0 0 99
2018-07-09 07:39:17 ::1 GET /Service1.svc wsdl 49474 - ::1 Mozilla/4.0+(compatible;+MSIE+6.0;+MS+Web+Services+Client+Protocol+4.0.30319.42000) - 200 0 0 35
2018-07-09 07:39:17 ::1 GET /Service1.svc xsd=xsd0 49474 - ::1 Mozilla/4.0+(compatible;+MSIE+6.0;+MS+Web+Services+Client+Protocol+4.0.30319.42000) - 200 0 0 22
2018-07-09 07:39:17 ::1 GET /Service1.svc xsd=xsd2 49474 - ::1 Mozilla/4.0+(compatible;+MSIE+6.0;+MS+Web+Services+Client+Protocol+4.0.30319.42000) - 200 0 0 17
2018-07-09 07:39:17 ::1 GET /Service1.svc xsd=xsd3 49474 - ::1 Mozilla/4.0+(compatible;+MSIE+6.0;+MS+Web+Services+Client+Protocol+4.0.30319.42000) - 200 0 0 8
2018-07-09 07:39:17 ::1 GET /Service1.svc xsd=xsd1 49474 - ::1 Mozilla/4.0+(compatible;+MSIE+6.0;+MS+Web+Services+Client+Protocol+4.0.30319.42000) - 200 0 0 27
2018-07-09 07:40:18 ::1 GET /Service1.svc/$metadata - 49474 - ::1 Mozilla/4.0+(compatible;+MSIE+6.0;+MS+Web+Services+Client+Protocol+4.0.30319.42000) - 400 0 0 45
2018-07-09 07:40:18 ::1 GET /Service1.svc - 49474 - ::1 Mozilla/4.0+(compatible;+MSIE+6.0;+MS+Web+Services+Client+Protocol+4.0.30319.42000) - 200 0 0 89
2018-07-09 07:40:18 ::1 POST /Service1.svc - 49474 - ::1 - - 415 0 0 78
2018-07-09 07:40:18 ::1 POST /Service1.svc/mex - 49474 - ::1 - - 415 0 0 84
2018-07-09 07:40:18 ::1 GET /Service1.svc disco 49474 - ::1 Mozilla/4.0+(compatible;+MSIE+6.0;+MS+Web+Services+Client+Protocol+4.0.30319.42000) - 200 0 0 32
2018-07-09 07:40:18 ::1 GET /Service1.svc wsdl 49474 - ::1 Mozilla/4.0+(compatible;+MSIE+6.0;+MS+Web+Services+Client+Protocol+4.0.30319.42000) - 200 0 0 24
2018-07-09 07:40:18 ::1 GET /Service1.svc xsd=xsd0 49474 - ::1 Mozilla/4.0+(compatible;+MSIE+6.0;+MS+Web+Services+Client+Protocol+4.0.30319.42000) - 200 0 0 11
2018-07-09 07:40:18 ::1 GET /Service1.svc xsd=xsd2 49474 - ::1 Mozilla/4.0+(compatible;+MSIE+6.0;+MS+Web+Services+Client+Protocol+4.0.30319.42000) - 200 0 0 16
2018-07-09 07:40:18 ::1 GET /Service1.svc xsd=xsd3 49474 - ::1 Mozilla/4.0+(compatible;+MSIE+6.0;+MS+Web+Services+Client+Protocol+4.0.30319.42000) - 200 0 0 10
2018-07-09 07:40:18 ::1 GET /Service1.svc xsd=xsd1 49474 - ::1 Mozilla/4.0+(compatible;+MSIE+6.0;+MS+Web+Services+Client+Protocol+4.0.30319.42000) - 200 0 0 18
2018-07-09 07:40:33 ::1 GET /Service1.svc/$metadata - 49474 - ::1 Mozilla/4.0+(compatible;+MSIE+6.0;+MS+Web+Services+Client+Protocol+4.0.30319.42000) - 400 0 0 112
2018-07-09 07:40:33 ::1 GET /Service1.svc - 49474 - ::1 Mozilla/4.0+(compatible;+MSIE+6.0;+MS+Web+Services+Client+Protocol+4.0.30319.42000) - 200 0 0 114
2018-07-09 07:40:33 ::1 POST /Service1.svc - 49474 - ::1 - - 415 0 0 109
2018-07-09 07:40:33 ::1 POST /Service1.svc/mex - 49474 - ::1 - - 415 0 0 115
2018-07-09 07:40:33 ::1 GET /Service1.svc disco 49474 - ::1 Mozilla/4.0+(compatible;+MSIE+6.0;+MS+Web+Services+Client+Protocol+4.0.30319.42000) - 200 0 0 32
2018-07-09 07:40:33 ::1 GET /Service1.svc wsdl 49474 - ::1 Mozilla/4.0+(compatible;+MSIE+6.0;+MS+Web+Services+Client+Protocol+4.0.30319.42000) - 200 0 0 8
2018-07-09 07:40:33 ::1 GET /Service1.svc xsd=xsd0 49474 - ::1 Mozilla/4.0+(compatible;+MSIE+6.0;+MS+Web+Services+Client+Protocol+4.0.30319.42000) - 200 0 0 6
2018-07-09 07:40:33 ::1 GET /Service1.svc xsd=xsd2 49474 - ::1 Mozilla/4.0+(compatible;+MSIE+6.0;+MS+Web+Services+Client+Protocol+4.0.30319.42000) - 200 0 0 5
2018-07-09 07:40:33 ::1 GET /Service1.svc xsd=xsd3 49474 - ::1 Mozilla/4.0+(compatible;+MSIE+6.0;+MS+Web+Services+Client+Protocol+4.0.30319.42000) - 200 0 0 5
2018-07-09 07:40:33 ::1 GET /Service1.svc xsd=xsd1 49474 - ::1 Mozilla/4.0+(compatible;+MSIE+6.0;+MS+Web+Services+Client+Protocol+4.0.30319.42000) - 200 0 0 71
2018-07-09 07:42:12 ::1 POST /Service1.svc - 49474 - ::1 - - 200 0 0 862
2018-07-09 07:42:12 ::1 POST /Service1.svc - 49474 - ::1 - - 200 0 0 27
2018-07-09 07:42:12 ::1 POST /Service1.svc - 49474 - ::1 - - 200 0 0 133
2018-07-09 07:42:12 ::1 POST /Service1.svc - 49474 - ::1 - - 200 0 0 85
2018-07-09 07:42:12 ::1 POST /Service1.svc - 49474 - ::1 - - 200 0 0 121
2018-07-09 07:42:12 ::1 POST /Service1.svc - 49474 - ::1 - - 200 0 0 57
2018-07-09 07:42:12 ::1 POST /Service1.svc - 49474 - ::1 - - 200 0 0 123
2018-07-09 07:42:12 ::1 POST /Service1.svc - 49474 - ::1 - - 200 0 0 127
2018-07-09 07:42:12 ::1 POST /Service1.svc - 49474 - ::1 - - 200 0 0 117
2018-07-09 07:42:12 ::1 POST /Service1.svc - 49474 - ::1 - - 200 0 0 37
2018-07-09 07:42:13 ::1 POST /Service1.svc - 49474 - ::1 - - 200 0 0 54
2018-07-09 07:42:13 ::1 POST /Service1.svc - 49474 - ::1 - - 200 0 0 45
2018-07-09 07:42:13 ::1 POST /Service1.svc - 49474 - ::1 - - 200 0 0 36
2018-07-09 07:42:31 ::1 POST /Service1.svc - 49474 - ::1 - - 200 0 0 20
2018-07-09 07:42:31 ::1 POST /Service1.svc - 49474 - ::1 - - 200 0 0 26
2018-07-09 07:42:31 ::1 POST /Service1.svc - 49474 - ::1 - - 200 0 0 64
2018-07-09 07:42:31 ::1 POST /Service1.svc - 49474 - ::1 - - 200 0 0 16
2018-07-09 07:42:31 ::1 POST /Service1.svc - 49474 - ::1 - - 200 0 0 38
2018-07-09 07:42:31 ::1 POST /Service1.svc - 49474 - ::1 - - 200 0 0 79
2018-07-09 07:42:31 ::1 POST /Service1.svc - 49474 - ::1 - - 200 0 0 34
2018-07-09 07:42:31 ::1 POST /Service1.svc - 49474 - ::1 - - 200 0 0 26
2018-07-09 07:42:31 ::1 POST /Service1.svc - 49474 - ::1 - - 200 0 0 19
2018-07-09 07:42:31 ::1 POST /Service1.svc - 49474 - ::1 - - 200 0 0 19
2018-07-09 07:42:31 ::1 POST /Service1.svc - 49474 - ::1 - - 200 0 0 29
2018-07-09 07:42:31 ::1 POST /Service1.svc - 49474 - ::1 - - 200 0 0 19
2018-07-09 07:42:31 ::1 POST /Service1.svc - 49474 - ::1 - - 200 0 0 57
2018-07-09 07:42:32 ::1 POST /Service1.svc - 49474 - ::1 - - 200 0 0 209
2018-07-09 07:42:48 ::1 POST /Service1.svc - 49474 - ::1 - - 200 0 0 12
2018-07-09 07:42:48 ::1 POST /Service1.svc - 49474 - ::1 - - 200 0 0 16
2018-07-09 07:42:48 ::1 POST /Service1.svc - 49474 - ::1 - - 200 0 0 72
2018-07-09 07:42:48 ::1 POST /Service1.svc - 49474 - ::1 - - 200 0 0 109
2018-07-09 07:42:48 ::1 POST /Service1.svc - 49474 - ::1 - - 200 0 0 51
2018-07-09 07:42:48 ::1 POST /Service1.svc - 49474 - ::1 - - 200 0 0 33
2018-07-09 07:42:48 ::1 POST /Service1.svc - 49474 - ::1 - - 200 0 0 224
2018-07-09 07:42:48 ::1 POST /Service1.svc - 49474 - ::1 - - 200 0 0 412
2018-07-09 07:42:49 ::1 POST /Service1.svc - 49474 - ::1 - - 200 0 0 281
2018-07-09 07:42:49 ::1 POST /Service1.svc - 49474 - ::1 - - 200 0 0 194
2018-07-09 07:42:49 ::1 POST /Service1.svc - 49474 - ::1 - - 200 0 0 80
2018-07-09 07:42:49 ::1 POST /Service1.svc - 49474 - ::1 - - 200 0 0 20
2018-07-09 07:42:49 ::1 POST /Service1.svc - 49474 - ::1 - - 200 0 0 30
2018-07-09 07:42:49 ::1 POST /Service1.svc - 49474 - ::1 - - 200 0 0 59
2018-07-09 07:42:49 ::1 POST /Service1.svc - 49474 - ::1 - - 200 0 0 33
2018-07-09 07:42:49 ::1 POST /Service1.svc - 49474 - ::1 - - 200 0 0 17
2018-07-09 07:42:49 ::1 POST /Service1.svc - 49474 - ::1 - - 200 0 0 104
2018-07-09 07:42:49 ::1 POST /Service1.svc - 49474 - ::1 - - 200 0 0 56
2018-07-09 07:42:49 ::1 POST /Service1.svc - 49474 - ::1 - - 200 0 0 128
2018-07-09 07:42:49 ::1 POST /Service1.svc - 49474 - ::1 - - 200 0 0 23
2018-07-09 07:42:49 ::1 POST /Service1.svc - 49474 - ::1 - - 200 0 0 17
2018-07-09 07:42:49 ::1 POST /Service1.svc - 49474 - ::1 - - 200 0 0 19
2018-07-09 07:42:49 ::1 POST /Service1.svc - 49474 - ::1 - - 200 0 0 17
2018-07-09 07:42:49 ::1 POST /Service1.svc - 49474 - ::1 - - 200 0 0 114
2018-07-09 07:42:49 ::1 POST /Service1.svc - 49474 - ::1 - - 200 0 0 61
2018-07-09 07:42:50 ::1 POST /Service1.svc - 49474 - ::1 - - 200 0 0 58
2018-07-09 07:42:50 ::1 POST /Service1.svc - 49474 - ::1 - - 200 0 0 81
2018-07-09 07:42:50 ::1 POST /Service1.svc - 49474 - ::1 - - 200 0 0 13
2018-07-09 07:42:50 ::1 POST /Service1.svc - 49474 - ::1 - - 200 0 0 17
2018-07-09 07:42:50 ::1 POST /Service1.svc - 49474 - ::1 - - 200 0 0 16
2018-07-09 07:42:50 ::1 POST /Service1.svc - 49474 - ::1 - - 200 0 0 17
2018-07-09 07:42:50 ::1 POST /Service1.svc - 49474 - ::1 - - 200 0 0 15
2018-07-09 07:42:50 ::1 POST /Service1.svc - 49474 - ::1 - - 200 0 0 18
2018-07-09 07:42:50 ::1 POST /Service1.svc - 49474 - ::1 - - 200 0 0 13
2018-07-09 07:42:50 ::1 POST /Service1.svc - 49474 - ::1 - - 200 0 0 24
2018-07-09 07:42:50 ::1 POST /Service1.svc - 49474 - ::1 - - 200 0 0 106
2018-07-09 07:42:50 ::1 POST /Service1.svc - 49474 - ::1 - - 200 0 0 16
2018-07-09 07:42:50 ::1 POST /Service1.svc - 49474 - ::1 - - 200 0 0 14
2018-07-09 07:42:50 ::1 POST /Service1.svc - 49474 - ::1 - - 200 0 0 26
2018-07-09 07:42:52 ::1 POST /Service1.svc - 49474 - ::1 - - 200 0 0 275
2018-07-09 07:42:52 ::1 POST /Service1.svc - 49474 - ::1 - - 200 0 0 50
2018-07-09 07:43:12 ::1 POST /Service1.svc - 49474 - ::1 - - 200 0 0 91
2018-07-09 07:43:14 ::1 POST /Service1.svc - 49474 - ::1 - - 200 0 0 1795
2018-07-09 07:43:16 ::1 POST /Service1.svc - 49474 - ::1 - - 200 0 0 22
2018-07-09 07:43:16 ::1 POST /Service1.svc - 49474 - ::1 - - 200 0 0 28
2018-07-09 07:43:16 ::1 POST /Service1.svc - 49474 - ::1 - - 200 0 0 33
2018-07-09 07:43:16 ::1 POST /Service1.svc - 49474 - ::1 - - 200 0 0 25
2018-07-09 07:43:16 ::1 POST /Service1.svc - 49474 - ::1 - - 200 0 0 38
2018-07-09 07:43:16 ::1 POST /Service1.svc - 49474 - ::1 - - 200 0 0 26
2018-07-09 07:43:16 ::1 POST /Service1.svc - 49474 - ::1 - - 200 0 0 15
2018-07-09 07:43:16 ::1 POST /Service1.svc - 49474 - ::1 - - 200 0 0 13
2018-07-09 07:43:16 ::1 POST /Service1.svc - 49474 - ::1 - - 200 0 0 13
2018-07-09 07:43:16 ::1 POST /Service1.svc - 49474 - ::1 - - 200 0 0 29
2018-07-09 07:43:16 ::1 POST /Service1.svc - 49474 - ::1 - - 200 0 0 39
2018-07-09 07:43:16 ::1 POST /Service1.svc - 49474 - ::1 - - 200 0 0 20
2018-07-09 07:43:16 ::1 POST /Service1.svc - 49474 - ::1 - - 200 0 0 42
2018-07-09 07:43:16 ::1 POST /Service1.svc - 49474 - ::1 - - 200 0 0 141
2018-07-09 07:43:31 ::1 POST /Service1.svc - 49474 - ::1 - - 200 0 0 31
2018-07-09 07:43:31 ::1 POST /Service1.svc - 49474 - ::1 - - 200 0 0 55
2018-07-09 07:43:31 ::1 POST /Service1.svc - 49474 - ::1 - - 200 0 0 53
2018-07-09 07:43:31 ::1 POST /Service1.svc - 49474 - ::1 - - 200 0 0 47
2018-07-09 07:43:31 ::1 POST /Service1.svc - 49474 - ::1 - - 200 0 0 17
2018-07-09 07:43:31 ::1 POST /Service1.svc - 49474 - ::1 - - 200 0 0 19
2018-07-09 07:43:31 ::1 POST /Service1.svc - 49474 - ::1 - - 200 0 0 17
2018-07-09 07:43:31 ::1 POST /Service1.svc - 49474 - ::1 - - 200 0 0 26
2018-07-09 07:43:31 ::1 POST /Service1.svc - 49474 - ::1 - - 200 0 0 59
2018-07-09 07:43:31 ::1 POST /Service1.svc - 49474 - ::1 - - 200 0 0 51
2018-07-09 07:43:31 ::1 POST /Service1.svc - 49474 - ::1 - - 200 0 0 42
2018-07-09 07:43:31 ::1 POST /Service1.svc - 49474 - ::1 - - 200 0 0 20
2018-07-09 07:43:31 ::1 POST /Service1.svc - 49474 - ::1 - - 200 0 0 45
2018-07-09 07:43:31 ::1 POST /Service1.svc - 49474 - ::1 - - 200 0 0 12
2018-07-09 07:43:31 ::1 POST /Service1.svc - 49474 - ::1 - - 200 0 0 135
2018-07-09 07:43:31 ::1 POST /Service1.svc - 49474 - ::1 - - 200 0 0 81
2018-07-09 07:43:32 ::1 POST /Service1.svc - 49474 - ::1 - - 200 0 0 95
2018-07-09 07:43:32 ::1 POST /Service1.svc - 49474 - ::1 - - 200 0 0 45
2018-07-09 07:43:32 ::1 POST /Service1.svc - 49474 - ::1 - - 200 0 0 105
2018-07-09 07:43:32 ::1 POST /Service1.svc - 49474 - ::1 - - 200 0 0 37
2018-07-09 07:43:32 ::1 POST /Service1.svc - 49474 - ::1 - - 200 0 0 134
2018-07-09 07:43:32 ::1 POST /Service1.svc - 49474 - ::1 - - 200 0 0 21
2018-07-09 07:43:32 ::1 POST /Service1.svc - 49474 - ::1 - - 200 0 0 25
2018-07-09 07:43:32 ::1 POST /Service1.svc - 49474 - ::1 - - 200 0 0 21
2018-07-09 07:43:32 ::1 POST /Service1.svc - 49474 - ::1 - - 200 0 0 93
2018-07-09 07:43:32 ::1 POST /Service1.svc - 49474 - ::1 - - 200 0 0 122
2018-07-09 07:54:56 ::1 POST /Service1.svc - 49474 - ::1 - - 200 0 0 87
2018-07-09 07:54:56 ::1 POST /Service1.svc - 49474 - ::1 - - 200 0 0 104
2018-07-09 07:54:56 ::1 POST /Service1.svc - 49474 - ::1 - - 200 0 0 19
2018-07-09 07:54:56 ::1 POST /Service1.svc - 49474 - ::1 - - 200 0 0 33
2018-07-09 07:54:56 ::1 POST /Service1.svc - 49474 - ::1 - - 200 0 0 54
2018-07-09 07:54:56 ::1 POST /Service1.svc - 49474 - ::1 - - 200 0 0 51
2018-07-09 07:54:56 ::1 POST /Service1.svc - 49474 - ::1 - - 200 0 0 45
2018-07-09 07:54:56 ::1 POST /Service1.svc - 49474 - ::1 - - 200 0 0 13
2018-07-09 07:54:56 ::1 POST /Service1.svc - 49474 - ::1 - - 200 0 0 15
2018-07-09 07:54:56 ::1 POST /Service1.svc - 49474 - ::1 - - 200 0 0 13
2018-07-09 07:54:56 ::1 POST /Service1.svc - 49474 - ::1 - - 200 0 0 89
2018-07-09 07:54:56 ::1 POST /Service1.svc - 49474 - ::1 - - 200 0 0 20
2018-07-09 07:54:56 ::1 POST /Service1.svc - 49474 - ::1 - - 200 0 0 77
#Software: Microsoft Internet Information Services 10.0
#Version: 1.0
#Date: 2018-07-09 08:15:45
#Fields: date time s-ip cs-method cs-uri-stem cs-uri-query s-port cs-username c-ip cs(User-Agent) cs(Referer) sc-status sc-substatus sc-win32-status time-taken
2018-07-09 08:15:45 ::1 POST /Service1.svc - 49474 - ::1 - - 415 0 0 7251
2018-07-09 08:15:45 ::1 POST /Service1.svc/mex - 49474 - ::1 - - 415 0 0 27
2018-07-09 08:15:50 ::1 GET /Service1.svc - 49474 - ::1 Mozilla/4.0+(compatible;+MSIE+6.0;+MS+Web+Services+Client+Protocol+4.0.30319.42000) - 200 0 0 5542
2018-07-09 08:15:50 ::1 GET /Service1.svc disco 49474 - ::1 Mozilla/4.0+(compatible;+MSIE+6.0;+MS+Web+Services+Client+Protocol+4.0.30319.42000) - 200 0 0 66
2018-07-09 08:15:50 ::1 GET /Service1.svc wsdl 49474 - ::1 Mozilla/4.0+(compatible;+MSIE+6.0;+MS+Web+Services+Client+Protocol+4.0.30319.42000) - 200 0 0 235
2018-07-09 08:15:51 ::1 GET /Service1.svc xsd=xsd0 49474 - ::1 Mozilla/4.0+(compatible;+MSIE+6.0;+MS+Web+Services+Client+Protocol+4.0.30319.42000) - 200 0 0 526
2018-07-09 08:15:51 ::1 GET /Service1.svc xsd=xsd2 49474 - ::1 Mozilla/4.0+(compatible;+MSIE+6.0;+MS+Web+Services+Client+Protocol+4.0.30319.42000) - 200 0 0 11
2018-07-09 08:15:51 ::1 GET /Service1.svc xsd=xsd3 49474 - ::1 Mozilla/4.0+(compatible;+MSIE+6.0;+MS+Web+Services+Client+Protocol+4.0.30319.42000) - 200 0 0 16
2018-07-09 08:15:51 ::1 GET /Service1.svc xsd=xsd1 49474 - ::1 Mozilla/4.0+(compatible;+MSIE+6.0;+MS+Web+Services+Client+Protocol+4.0.30319.42000) - 200 0 0 135
2018-07-09 08:16:10 ::1 GET /Service1.svc - 49474 - ::1 Mozilla/4.0+(compatible;+MSIE+6.0;+MS+Web+Services+Client+Protocol+4.0.30319.42000) - 200 0 0 12
2018-07-09 08:16:10 ::1 GET /Service1.svc/$metadata - 49474 - ::1 Mozilla/4.0+(compatible;+MSIE+6.0;+MS+Web+Services+Client+Protocol+4.0.30319.42000) - 400 0 0 51
2018-07-09 08:16:10 ::1 GET /Service1.svc disco 49474 - ::1 Mozilla/4.0+(compatible;+MSIE+6.0;+MS+Web+Services+Client+Protocol+4.0.30319.42000) - 200 0 0 37
2018-07-09 08:16:10 ::1 GET /Service1.svc wsdl 49474 - ::1 Mozilla/4.0+(compatible;+MSIE+6.0;+MS+Web+Services+Client+Protocol+4.0.30319.42000) - 200 0 0 92
2018-07-09 08:16:10 ::1 POST /Service1.svc - 49474 - ::1 - - 415 0 0 159
2018-07-09 08:16:10 ::1 GET /Service1.svc xsd=xsd0 49474 - ::1 Mozilla/4.0+(compatible;+MSIE+6.0;+MS+Web+Services+Client+Protocol+4.0.30319.42000) - 200 0 0 156
2018-07-09 08:16:10 ::1 POST /Service1.svc/mex - 49474 - ::1 - - 415 0 0 143
2018-07-09 08:16:10 ::1 GET /Service1.svc xsd=xsd2 49474 - ::1 Mozilla/4.0+(compatible;+MSIE+6.0;+MS+Web+Services+Client+Protocol+4.0.30319.42000) - 200 0 0 31
2018-07-09 08:16:10 ::1 GET /Service1.svc xsd=xsd3 49474 - ::1 Mozilla/4.0+(compatible;+MSIE+6.0;+MS+Web+Services+Client+Protocol+4.0.30319.42000) - 200 0 0 9
2018-07-09 08:16:10 ::1 GET /Service1.svc xsd=xsd1 49474 - ::1 Mozilla/4.0+(compatible;+MSIE+6.0;+MS+Web+Services+Client+Protocol+4.0.30319.42000) - 200 0 0 20
2018-07-09 08:17:03 ::1 GET /Service1.svc/$metadata - 49474 - ::1 Mozilla/4.0+(compatible;+MSIE+6.0;+MS+Web+Services+Client+Protocol+4.0.30319.42000) - 400 0 0 207
2018-07-09 08:17:03 ::1 GET /Service1.svc - 49474 - ::1 Mozilla/4.0+(compatible;+MSIE+6.0;+MS+Web+Services+Client+Protocol+4.0.30319.42000) - 200 0 0 351
2018-07-09 08:17:03 ::1 POST /Service1.svc/mex - 49474 - ::1 - - 415 0 0 353
2018-07-09 08:17:03 ::1 POST /Service1.svc - 49474 - ::1 - - 415 0 0 378
2018-07-09 08:17:03 ::1 GET /Service1.svc disco 49474 - ::1 Mozilla/4.0+(compatible;+MSIE+6.0;+MS+Web+Services+Client+Protocol+4.0.30319.42000) - 200 0 0 67
2018-07-09 08:17:03 ::1 GET /Service1.svc wsdl 49474 - ::1 Mozilla/4.0+(compatible;+MSIE+6.0;+MS+Web+Services+Client+Protocol+4.0.30319.42000) - 200 0 0 24
2018-07-09 08:17:03 ::1 GET /Service1.svc xsd=xsd0 49474 - ::1 Mozilla/4.0+(compatible;+MSIE+6.0;+MS+Web+Services+Client+Protocol+4.0.30319.42000) - 200 0 0 67
2018-07-09 08:17:03 ::1 GET /Service1.svc xsd=xsd2 49474 - ::1 Mozilla/4.0+(compatible;+MSIE+6.0;+MS+Web+Services+Client+Protocol+4.0.30319.42000) - 200 0 0 12
2018-07-09 08:17:03 ::1 GET /Service1.svc xsd=xsd3 49474 - ::1 Mozilla/4.0+(compatible;+MSIE+6.0;+MS+Web+Services+Client+Protocol+4.0.30319.42000) - 200 0 0 6
2018-07-09 08:17:03 ::1 GET /Service1.svc xsd=xsd1 49474 - ::1 Mozilla/4.0+(compatible;+MSIE+6.0;+MS+Web+Services+Client+Protocol+4.0.30319.42000) - 200 0 0 28
2018-07-09 08:17:29 ::1 GET /Service1.svc/$metadata - 49474 - ::1 Mozilla/4.0+(compatible;+MSIE+6.0;+MS+Web+Services+Client+Protocol+4.0.30319.42000) - 400 0 0 43
2018-07-09 08:17:29 ::1 GET /Service1.svc - 49474 - ::1 Mozilla/4.0+(compatible;+MSIE+6.0;+MS+Web+Services+Client+Protocol+4.0.30319.42000) - 200 0 0 45
2018-07-09 08:17:29 ::1 POST /Service1.svc/mex - 49474 - ::1 - - 415 0 0 102
2018-07-09 08:17:29 ::1 POST /Service1.svc - 49474 - ::1 - - 415 0 0 151
2018-07-09 08:17:29 ::1 GET /Service1.svc disco 49474 - ::1 Mozilla/4.0+(compatible;+MSIE+6.0;+MS+Web+Services+Client+Protocol+4.0.30319.42000) - 200 0 0 147
2018-07-09 08:17:29 ::1 GET /Service1.svc wsdl 49474 - ::1 Mozilla/4.0+(compatible;+MSIE+6.0;+MS+Web+Services+Client+Protocol+4.0.30319.42000) - 200 0 0 32
2018-07-09 08:17:29 ::1 GET /Service1.svc xsd=xsd0 49474 - ::1 Mozilla/4.0+(compatible;+MSIE+6.0;+MS+Web+Services+Client+Protocol+4.0.30319.42000) - 200 0 0 15
2018-07-09 08:17:29 ::1 GET /Service1.svc xsd=xsd2 49474 - ::1 Mozilla/4.0+(compatible;+MSIE+6.0;+MS+Web+Services+Client+Protocol+4.0.30319.42000) - 200 0 0 16
2018-07-09 08:17:29 ::1 GET /Service1.svc xsd=xsd3 49474 - ::1 Mozilla/4.0+(compatible;+MSIE+6.0;+MS+Web+Services+Client+Protocol+4.0.30319.42000) - 200 0 0 29
2018-07-09 08:17:29 ::1 GET /Service1.svc xsd=xsd1 49474 - ::1 Mozilla/4.0+(compatible;+MSIE+6.0;+MS+Web+Services+Client+Protocol+4.0.30319.42000) - 200 0 0 88
2018-07-09 08:17:44 ::1 GET /Service1.svc/$metadata - 49474 - ::1 Mozilla/4.0+(compatible;+MSIE+6.0;+MS+Web+Services+Client+Protocol+4.0.30319.42000) - 400 0 0 42
2018-07-09 08:17:44 ::1 GET /Service1.svc - 49474 - ::1 Mozilla/4.0+(compatible;+MSIE+6.0;+MS+Web+Services+Client+Protocol+4.0.30319.42000) - 200 0 0 42
2018-07-09 08:17:44 ::1 GET /Service1.svc disco 49474 - ::1 Mozilla/4.0+(compatible;+MSIE+6.0;+MS+Web+Services+Client+Protocol+4.0.30319.42000) - 200 0 0 242
2018-07-09 08:17:44 ::1 POST /Service1.svc/mex - 49474 - ::1 - - 415 0 0 177
2018-07-09 08:17:44 ::1 POST /Service1.svc - 49474 - ::1 - - 415 0 0 236
2018-07-09 08:17:44 ::1 GET /Service1.svc wsdl 49474 - ::1 Mozilla/4.0+(compatible;+MSIE+6.0;+MS+Web+Services+Client+Protocol+4.0.30319.42000) - 200 0 0 62
2018-07-09 08:17:44 ::1 GET /Service1.svc xsd=xsd0 49474 - ::1 Mozilla/4.0+(compatible;+MSIE+6.0;+MS+Web+Services+Client+Protocol+4.0.30319.42000) - 200 0 0 23
2018-07-09 08:17:44 ::1 GET /Service1.svc xsd=xsd2 49474 - ::1 Mozilla/4.0+(compatible;+MSIE+6.0;+MS+Web+Services+Client+Protocol+4.0.30319.42000) - 200 0 0 17
2018-07-09 08:17:44 ::1 GET /Service1.svc xsd=xsd3 49474 - ::1 Mozilla/4.0+(compatible;+MSIE+6.0;+MS+Web+Services+Client+Protocol+4.0.30319.42000) - 200 0 0 9
2018-07-09 08:17:44 ::1 GET /Service1.svc xsd=xsd1 49474 - ::1 Mozilla/4.0+(compatible;+MSIE+6.0;+MS+Web+Services+Client+Protocol+4.0.30319.42000) - 200 0 0 9
2018-07-09 08:19:18 ::1 POST /Service1.svc - 49474 - ::1 - - 200 0 0 1954
2018-07-09 08:19:18 ::1 POST /Service1.svc - 49474 - ::1 - - 200 0 0 123
2018-07-09 08:19:18 ::1 POST /Service1.svc - 49474 - ::1 - - 200 0 0 265
2018-07-09 08:19:18 ::1 POST /Service1.svc - 49474 - ::1 - - 200 0 0 259
#Software: Microsoft Internet Information Services 10.0
#Version: 1.0
#Date: 2018-07-09 08:27:21
#Fields: date time s-ip cs-method cs-uri-stem cs-uri-query s-port cs-username c-ip cs(User-Agent) cs(Referer) sc-status sc-substatus sc-win32-status time-taken
2018-07-09 08:27:21 ::1 POST /Service1.svc - 49474 - ::1 - - 415 0 0 12038
2018-07-09 08:27:21 ::1 POST /Service1.svc/mex - 49474 - ::1 - - 415 0 0 8
2018-07-09 08:27:27 ::1 GET /Service1.svc - 49474 - ::1 Mozilla/4.0+(compatible;+MSIE+6.0;+MS+Web+Services+Client+Protocol+4.0.30319.42000) - 200 0 0 6334
2018-07-09 08:27:27 ::1 GET /Service1.svc disco 49474 - ::1 Mozilla/4.0+(compatible;+MSIE+6.0;+MS+Web+Services+Client+Protocol+4.0.30319.42000) - 200 0 0 32
2018-07-09 08:27:27 ::1 GET /Service1.svc wsdl 49474 - ::1 Mozilla/4.0+(compatible;+MSIE+6.0;+MS+Web+Services+Client+Protocol+4.0.30319.42000) - 200 0 0 113
2018-07-09 08:27:29 ::1 GET /Service1.svc xsd=xsd0 49474 - ::1 Mozilla/4.0+(compatible;+MSIE+6.0;+MS+Web+Services+Client+Protocol+4.0.30319.42000) - 200 0 0 1082
2018-07-09 08:27:29 ::1 GET /Service1.svc xsd=xsd2 49474 - ::1 Mozilla/4.0+(compatible;+MSIE+6.0;+MS+Web+Services+Client+Protocol+4.0.30319.42000) - 200 0 0 27
2018-07-09 08:27:29 ::1 GET /Service1.svc xsd=xsd3 49474 - ::1 Mozilla/4.0+(compatible;+MSIE+6.0;+MS+Web+Services+Client+Protocol+4.0.30319.42000) - 200 0 0 8
2018-07-09 08:27:29 ::1 GET /Service1.svc xsd=xsd1 49474 - ::1 Mozilla/4.0+(compatible;+MSIE+6.0;+MS+Web+Services+Client+Protocol+4.0.30319.42000) - 200 0 0 12
2018-07-09 08:29:16 ::1 POST /Service1.svc - 49474 - ::1 - - 200 0 0 1311
2018-07-09 08:29:16 ::1 POST /Service1.svc - 49474 - ::1 - - 200 0 0 136
2018-07-09 08:29:16 ::1 POST /Service1.svc - 49474 - ::1 - - 200 0 0 33
2018-07-09 08:29:16 ::1 POST /Service1.svc - 49474 - ::1 - - 200 0 0 156
#Software: Microsoft Internet Information Services 10.0
#Version: 1.0
#Date: 2018-07-09 08:59:01
#Fields: date time s-ip cs-method cs-uri-stem cs-uri-query s-port cs-username c-ip cs(User-Agent) cs(Referer) sc-status sc-substatus sc-win32-status time-taken
2018-07-09 08:59:01 ::1 POST /Service1.svc - 49474 - ::1 - - 415 0 0 17441
2018-07-09 08:59:01 ::1 POST /Service1.svc/mex - 49474 - ::1 - - 415 0 0 50
2018-07-09 08:59:06 ::1 GET /Service1.svc - 49474 - ::1 Mozilla/4.0+(compatible;+MSIE+6.0;+MS+Web+Services+Client+Protocol+4.0.30319.42000) - 200 0 0 4714
2018-07-09 08:59:06 ::1 GET /Service1.svc disco 49474 - ::1 Mozilla/4.0+(compatible;+MSIE+6.0;+MS+Web+Services+Client+Protocol+4.0.30319.42000) - 200 0 0 11
2018-07-09 08:59:06 ::1 GET /Service1.svc wsdl 49474 - ::1 Mozilla/4.0+(compatible;+MSIE+6.0;+MS+Web+Services+Client+Protocol+4.0.30319.42000) - 200 0 0 116
2018-07-09 08:59:07 ::1 GET /Service1.svc xsd=xsd0 49474 - ::1 Mozilla/4.0+(compatible;+MSIE+6.0;+MS+Web+Services+Client+Protocol+4.0.30319.42000) - 200 0 0 830
2018-07-09 08:59:07 ::1 GET /Service1.svc xsd=xsd2 49474 - ::1 Mozilla/4.0+(compatible;+MSIE+6.0;+MS+Web+Services+Client+Protocol+4.0.30319.42000) - 200 0 0 41
2018-07-09 08:59:07 ::1 GET /Service1.svc xsd=xsd3 49474 - ::1 Mozilla/4.0+(compatible;+MSIE+6.0;+MS+Web+Services+Client+Protocol+4.0.30319.42000) - 200 0 0 10
2018-07-09 08:59:07 ::1 GET /Service1.svc xsd=xsd4 49474 - ::1 Mozilla/4.0+(compatible;+MSIE+6.0;+MS+Web+Services+Client+Protocol+4.0.30319.42000) - 200 0 0 20
2018-07-09 08:59:07 ::1 GET /Service1.svc xsd=xsd1 49474 - ::1 Mozilla/4.0+(compatible;+MSIE+6.0;+MS+Web+Services+Client+Protocol+4.0.30319.42000) - 200 0 0 13
#Software: Microsoft Internet Information Services 10.0
#Version: 1.0
#Date: 2018-07-09 10:13:00
#Fields: date time s-ip cs-method cs-uri-stem cs-uri-query s-port cs-username c-ip cs(User-Agent) cs(Referer) sc-status sc-substatus sc-win32-status time-taken
2018-07-09 10:13:00 ::1 GET /Service1.svc - 49474 - ::1 Mozilla/4.0+(compatible;+MSIE+6.0;+MS+Web+Services+Client+Protocol+4.0.30319.42000) - 200 0 0 1240
2018-07-09 10:13:00 ::1 GET /Service1.svc disco 49474 - ::1 Mozilla/4.0+(compatible;+MSIE+6.0;+MS+Web+Services+Client+Protocol+4.0.30319.42000) - 200 0 0 114
2018-07-09 10:13:01 ::1 GET /Service1.svc wsdl 49474 - ::1 Mozilla/4.0+(compatible;+MSIE+6.0;+MS+Web+Services+Client+Protocol+4.0.30319.42000) - 200 0 0 461
2018-07-09 10:13:01 ::1 GET /Service1.svc/$metadata - 49474 - ::1 Mozilla/4.0+(compatible;+MSIE+6.0;+MS+Web+Services+Client+Protocol+4.0.30319.42000) - 400 0 0 2666
2018-07-09 10:13:03 ::1 GET /Service1.svc xsd=xsd0 49474 - ::1 Mozilla/4.0+(compatible;+MSIE+6.0;+MS+Web+Services+Client+Protocol+4.0.30319.42000) - 200 0 0 47
2018-07-09 10:13:03 ::1 GET /Service1.svc xsd=xsd2 49474 - ::1 Mozilla/4.0+(compatible;+MSIE+6.0;+MS+Web+Services+Client+Protocol+4.0.30319.42000) - 200 0 0 27
2018-07-09 10:13:03 ::1 GET /Service1.svc xsd=xsd3 49474 - ::1 Mozilla/4.0+(compatible;+MSIE+6.0;+MS+Web+Services+Client+Protocol+4.0.30319.42000) - 200 0 0 29
2018-07-09 10:13:03 ::1 GET /Service1.svc xsd=xsd4 49474 - ::1 Mozilla/4.0+(compatible;+MSIE+6.0;+MS+Web+Services+Client+Protocol+4.0.30319.42000) - 200 0 0 7
2018-07-09 10:13:03 ::1 GET /Service1.svc xsd=xsd1 49474 - ::1 Mozilla/4.0+(compatible;+MSIE+6.0;+MS+Web+Services+Client+Protocol+4.0.30319.42000) - 200 0 0 5
2018-07-09 10:13:08 ::1 POST /Service1.svc/mex - 49474 - ::1 - - 415 0 0 29
2018-07-09 10:13:08 ::1 POST /Service1.svc - 49474 - ::1 - - 415 0 0 80
2018-07-09 10:14:36 ::1 GET /Service1.svc - 49474 - ::1 Mozilla/4.0+(compatible;+MSIE+6.0;+MS+Web+Services+Client+Protocol+4.0.30319.42000) - 200 0 0 93
2018-07-09 10:14:36 ::1 GET /Service1.svc disco 49474 - ::1 Mozilla/4.0+(compatible;+MSIE+6.0;+MS+Web+Services+Client+Protocol+4.0.30319.42000) - 200 0 0 23
2018-07-09 10:14:36 ::1 POST /Service1.svc/mex - 49474 - ::1 - - 415 0 0 79
2018-07-09 10:14:36 ::1 POST /Service1.svc - 49474 - ::1 - - 415 0 0 84
2018-07-09 10:14:36 ::1 GET /Service1.svc/$metadata - 49474 - ::1 Mozilla/4.0+(compatible;+MSIE+6.0;+MS+Web+Services+Client+Protocol+4.0.30319.42000) - 400 0 0 139
2018-07-09 10:14:36 ::1 GET /Service1.svc wsdl 49474 - ::1 Mozilla/4.0+(compatible;+MSIE+6.0;+MS+Web+Services+Client+Protocol+4.0.30319.42000) - 200 0 0 41
2018-07-09 10:14:36 ::1 GET /Service1.svc xsd=xsd0 49474 - ::1 Mozilla/4.0+(compatible;+MSIE+6.0;+MS+Web+Services+Client+Protocol+4.0.30319.42000) - 200 0 0 42
2018-07-09 10:14:36 ::1 GET /Service1.svc xsd=xsd2 49474 - ::1 Mozilla/4.0+(compatible;+MSIE+6.0;+MS+Web+Services+Client+Protocol+4.0.30319.42000) - 200 0 0 17
2018-07-09 10:14:36 ::1 GET /Service1.svc xsd=xsd3 49474 - ::1 Mozilla/4.0+(compatible;+MSIE+6.0;+MS+Web+Services+Client+Protocol+4.0.30319.42000) - 200 0 0 11
2018-07-09 10:14:36 ::1 GET /Service1.svc xsd=xsd4 49474 - ::1 Mozilla/4.0+(compatible;+MSIE+6.0;+MS+Web+Services+Client+Protocol+4.0.30319.42000) - 200 0 0 16
2018-07-09 10:14:36 ::1 GET /Service1.svc xsd=xsd1 49474 - ::1 Mozilla/4.0+(compatible;+MSIE+6.0;+MS+Web+Services+Client+Protocol+4.0.30319.42000) - 200 0 0 12
2018-07-09 10:16:59 ::1 POST /Service1.svc - 49474 - ::1 - - 200 0 0 3720
2018-07-09 10:16:59 ::1 POST /Service1.svc - 49474 - ::1 - - 200 0 0 67
2018-07-09 10:16:59 ::1 POST /Service1.svc - 49474 - ::1 - - 200 0 0 261
2018-07-09 10:16:59 ::1 POST /Service1.svc - 49474 - ::1 - - 200 0 0 136
2018-07-09 10:17:05 ::1 POST /Service1.svc - 49474 - ::1 - - 200 0 0 85
2018-07-09 10:17:05 ::1 POST /Service1.svc - 49474 - ::1 - - 200 0 0 87
2018-07-09 10:17:05 ::1 POST /Service1.svc - 49474 - ::1 - - 200 0 0 56
2018-07-09 10:17:05 ::1 POST /Service1.svc - 49474 - ::1 - - 200 0 0 59
2018-07-09 10:17:07 ::1 POST /Service1.svc - 49474 - ::1 - - 200 0 0 1193
2018-07-09 10:17:08 ::1 POST /Service1.svc - 49474 - ::1 - - 200 0 0 69
2018-07-09 10:17:08 ::1 POST /Service1.svc - 49474 - ::1 - - 200 0 0 22
2018-07-09 10:17:08 ::1 POST /Service1.svc - 49474 - ::1 - - 200 0 0 46
2018-07-09 10:17:08 ::1 POST /Service1.svc - 49474 - ::1 - - 200 0 0 203
2018-07-09 10:17:08 ::1 POST /Service1.svc - 49474 - ::1 - - 200 0 0 122
2018-07-09 10:17:08 ::1 POST /Service1.svc - 49474 - ::1 - - 200 0 0 200
2018-07-09 10:17:08 ::1 POST /Service1.svc - 49474 - ::1 - - 200 0 0 65
2018-07-09 10:17:08 ::1 POST /Service1.svc - 49474 - ::1 - - 200 0 0 53
2018-07-09 10:17:09 ::1 POST /Service1.svc - 49474 - ::1 - - 200 0 0 176
2018-07-09 10:17:09 ::1 POST /Service1.svc - 49474 - ::1 - - 200 0 0 264
2018-07-09 10:18:34 ::1 POST /Service1.svc - 49474 - ::1 - - 200 0 0 279
2018-07-09 10:18:38 ::1 POST /Service1.svc - 49474 - ::1 - - 200 0 0 3222
2018-07-09 10:18:50 ::1 POST /Service1.svc - 49474 - ::1 - - 200 0 0 171
2018-07-09 10:18:50 ::1 POST /Service1.svc - 49474 - ::1 - - 200 0 0 172
2018-07-09 10:19:26 ::1 POST /Service1.svc - 49474 - ::1 - - 200 0 0 49
2018-07-09 10:19:26 ::1 POST /Service1.svc - 49474 - ::1 - - 200 0 0 22
2018-07-09 10:19:26 ::1 POST /Service1.svc - 49474 - ::1 - - 200 0 0 44
2018-07-09 10:19:26 ::1 POST /Service1.svc - 49474 - ::1 - - 200 0 0 176
2018-07-09 10:19:26 ::1 POST /Service1.svc - 49474 - ::1 - - 200 0 0 88
2018-07-09 10:19:28 ::1 POST /Service1.svc - 49474 - ::1 - - 200 0 0 133
2018-07-09 10:19:28 ::1 POST /Service1.svc - 49474 - ::1 - - 200 0 0 54
2018-07-09 10:19:28 ::1 POST /Service1.svc - 49474 - ::1 - - 200 0 0 23
2018-07-09 10:19:28 ::1 POST /Service1.svc - 49474 - ::1 - - 200 0 0 120
#Software: Microsoft Internet Information Services 10.0
#Version: 1.0
#Date: 2018-07-09 10:48:19
#Fields: date time s-ip cs-method cs-uri-stem cs-uri-query s-port cs-username c-ip cs(User-Agent) cs(Referer) sc-status sc-substatus sc-win32-status time-taken
2018-07-09 10:48:19 ::1 POST /Service1.svc - 49474 - ::1 - - 200 0 0 22
2018-07-09 10:48:19 ::1 POST /Service1.svc - 49474 - ::1 - - 200 0 0 23
2018-07-09 10:48:19 ::1 POST /Service1.svc - 49474 - ::1 - - 200 0 0 50
2018-07-09 10:48:19 ::1 POST /Service1.svc - 49474 - ::1 - - 200 0 0 122
2018-07-09 10:48:24 ::1 POST /Service1.svc - 49474 - ::1 - - 200 0 0 17
2018-07-09 10:48:24 ::1 POST /Service1.svc - 49474 - ::1 - - 200 0 0 31
2018-07-09 10:48:24 ::1 POST /Service1.svc - 49474 - ::1 - - 200 0 0 18
2018-07-09 10:48:24 ::1 POST /Service1.svc - 49474 - ::1 - - 200 0 0 78
2018-07-09 10:48:24 ::1 POST /Service1.svc - 49474 - ::1 - - 200 0 0 182
2018-07-09 10:48:26 ::1 POST /Service1.svc - 49474 - ::1 - - 200 0 0 25
2018-07-09 10:48:26 ::1 POST /Service1.svc - 49474 - ::1 - - 200 0 0 72
2018-07-09 10:48:26 ::1 POST /Service1.svc - 49474 - ::1 - - 200 0 0 35
2018-07-09 10:48:26 ::1 POST /Service1.svc - 49474 - ::1 - - 200 0 0 50
2018-07-09 10:48:26 ::1 POST /Service1.svc - 49474 - ::1 - - 200 0 0 187
2018-07-09 10:48:26 ::1 POST /Service1.svc - 49474 - ::1 - - 200 0 0 42
2018-07-09 10:48:26 ::1 POST /Service1.svc - 49474 - ::1 - - 200 0 0 29
2018-07-09 10:48:26 ::1 POST /Service1.svc - 49474 - ::1 - - 200 0 0 123
2018-07-09 10:48:26 ::1 POST /Service1.svc - 49474 - ::1 - - 200 0 0 52
2018-07-09 10:48:26 ::1 POST /Service1.svc - 49474 - ::1 - - 200 0 0 203
2018-07-09 10:49:09 ::1 POST /Service1.svc - 49474 - ::1 - - 200 0 0 186
2018-07-09 10:49:09 ::1 POST /Service1.svc - 49474 - ::1 - - 200 0 0 313
2018-07-09 10:49:16 ::1 POST /Service1.svc - 49474 - ::1 - - 200 0 0 90
2018-07-09 10:49:16 ::1 POST /Service1.svc - 49474 - ::1 - - 200 0 0 88
2018-07-09 10:49:16 ::1 POST /Service1.svc - 49474 - ::1 - - 200 0 0 29
2018-07-09 10:49:16 ::1 POST /Service1.svc - 49474 - ::1 - - 200 0 0 78
2018-07-09 10:49:16 ::1 POST /Service1.svc - 49474 - ::1 - - 200 0 0 128
2018-07-09 10:49:17 ::1 POST /Service1.svc - 49474 - ::1 - - 200 0 0 15
2018-07-09 10:49:17 ::1 POST /Service1.svc - 49474 - ::1 - - 200 0 0 76
2018-07-09 10:49:17 ::1 POST /Service1.svc - 49474 - ::1 - - 200 0 0 62
2018-07-09 10:49:17 ::1 POST /Service1.svc - 49474 - ::1 - - 200 0 0 81
2018-07-09 10:49:17 ::1 POST /Service1.svc - 49474 - ::1 - - 200 0 0 91
2018-07-09 10:49:17 ::1 POST /Service1.svc - 49474 - ::1 - - 200 0 0 40
2018-07-09 10:49:17 ::1 POST /Service1.svc - 49474 - ::1 - - 200 0 0 475
2018-07-09 10:49:20 ::1 POST /Service1.svc - 49474 - ::1 - - 200 0 0 113
2018-07-09 10:49:20 ::1 POST /Service1.svc - 49474 - ::1 - - 200 0 0 236
2018-07-09 10:49:29 ::1 POST /Service1.svc - 49474 - ::1 - - 200 0 0 22
2018-07-09 10:49:29 ::1 POST /Service1.svc - 49474 - ::1 - - 200 0 0 49
2018-07-09 10:49:29 ::1 POST /Service1.svc - 49474 - ::1 - - 200 0 0 18
2018-07-09 10:49:29 ::1 POST /Service1.svc - 49474 - ::1 - - 200 0 0 195
2018-07-09 10:49:29 ::1 POST /Service1.svc - 49474 - ::1 - - 200 0 0 168
2018-07-09 10:49:31 ::1 POST /Service1.svc - 49474 - ::1 - - 200 0 0 95
2018-07-09 10:49:31 ::1 POST /Service1.svc - 49474 - ::1 - - 200 0 0 15
2018-07-09 10:49:31 ::1 POST /Service1.svc - 49474 - ::1 - - 200 0 0 17
2018-07-09 10:49:31 ::1 POST /Service1.svc - 49474 - ::1 - - 200 0 0 89
#Software: Microsoft Internet Information Services 10.0
#Version: 1.0
#Date: 2018-07-09 11:02:53
#Fields: date time s-ip cs-method cs-uri-stem cs-uri-query s-port cs-username c-ip cs(User-Agent) cs(Referer) sc-status sc-substatus sc-win32-status time-taken
2018-07-09 11:02:53 ::1 POST /Service1.svc - 49474 - ::1 - - 415 0 0 11617
2018-07-09 11:02:53 ::1 POST /Service1.svc/mex - 49474 - ::1 - - 415 0 0 10
2018-07-09 11:02:59 ::1 GET /Service1.svc - 49474 - ::1 Mozilla/4.0+(compatible;+MSIE+6.0;+MS+Web+Services+Client+Protocol+4.0.30319.42000) - 200 0 0 5744
2018-07-09 11:02:59 ::1 GET /Service1.svc disco 49474 - ::1 Mozilla/4.0+(compatible;+MSIE+6.0;+MS+Web+Services+Client+Protocol+4.0.30319.42000) - 200 0 0 20
2018-07-09 11:02:59 ::1 GET /Service1.svc wsdl 49474 - ::1 Mozilla/4.0+(compatible;+MSIE+6.0;+MS+Web+Services+Client+Protocol+4.0.30319.42000) - 200 0 0 89
2018-07-09 11:03:00 ::1 GET /Service1.svc xsd=xsd0 49474 - ::1 Mozilla/4.0+(compatible;+MSIE+6.0;+MS+Web+Services+Client+Protocol+4.0.30319.42000) - 200 0 0 1122
2018-07-09 11:03:00 ::1 GET /Service1.svc xsd=xsd2 49474 - ::1 Mozilla/4.0+(compatible;+MSIE+6.0;+MS+Web+Services+Client+Protocol+4.0.30319.42000) - 200 0 0 60
2018-07-09 11:03:00 ::1 GET /Service1.svc xsd=xsd3 49474 - ::1 Mozilla/4.0+(compatible;+MSIE+6.0;+MS+Web+Services+Client+Protocol+4.0.30319.42000) - 200 0 0 24
2018-07-09 11:03:00 ::1 GET /Service1.svc xsd=xsd1 49474 - ::1 Mozilla/4.0+(compatible;+MSIE+6.0;+MS+Web+Services+Client+Protocol+4.0.30319.42000) - 200 0 0 48
2018-07-09 11:04:11 ::1 GET /Service1.svc - 49474 - ::1 Mozilla/4.0+(compatible;+MSIE+6.0;+MS+Web+Services+Client+Protocol+4.0.30319.42000) - 200 0 0 117
2018-07-09 11:04:11 ::1 GET /Service1.svc disco 49474 - ::1 Mozilla/4.0+(compatible;+MSIE+6.0;+MS+Web+Services+Client+Protocol+4.0.30319.42000) - 200 0 0 108
2018-07-09 11:04:11 ::1 GET /Service1.svc/$metadata - 49474 - ::1 Mozilla/4.0+(compatible;+MSIE+6.0;+MS+Web+Services+Client+Protocol+4.0.30319.42000) - 400 0 0 376
2018-07-09 11:04:11 ::1 GET /Service1.svc wsdl 49474 - ::1 Mozilla/4.0+(compatible;+MSIE+6.0;+MS+Web+Services+Client+Protocol+4.0.30319.42000) - 200 0 0 49
2018-07-09 11:04:11 ::1 GET /Service1.svc xsd=xsd0 49474 - ::1 Mozilla/4.0+(compatible;+MSIE+6.0;+MS+Web+Services+Client+Protocol+4.0.30319.42000) - 200 0 0 7
2018-07-09 11:04:11 ::1 GET /Service1.svc xsd=xsd2 49474 - ::1 Mozilla/4.0+(compatible;+MSIE+6.0;+MS+Web+Services+Client+Protocol+4.0.30319.42000) - 200 0 0 5
2018-07-09 11:04:11 ::1 GET /Service1.svc xsd=xsd3 49474 - ::1 Mozilla/4.0+(compatible;+MSIE+6.0;+MS+Web+Services+Client+Protocol+4.0.30319.42000) - 200 0 0 18
2018-07-09 11:04:12 ::1 GET /Service1.svc xsd=xsd1 49474 - ::1 Mozilla/4.0+(compatible;+MSIE+6.0;+MS+Web+Services+Client+Protocol+4.0.30319.42000) - 200 0 0 205
2018-07-09 11:04:16 ::1 POST /Service1.svc/mex - 49474 - ::1 - - 415 0 0 55
2018-07-09 11:04:16 ::1 POST /Service1.svc - 49474 - ::1 - - 415 0 0 55
2018-07-09 11:06:28 ::1 POST /Service1.svc - 49474 - ::1 - - 200 0 0 1169
2018-07-09 11:06:28 ::1 POST /Service1.svc - 49474 - ::1 - - 200 0 0 36
2018-07-09 11:06:28 ::1 POST /Service1.svc - 49474 - ::1 - - 200 0 0 299
2018-07-09 11:06:28 ::1 POST /Service1.svc - 49474 - ::1 - - 200 0 0 72
2018-07-09 11:06:28 ::1 POST /Service1.svc - 49474 - ::1 - - 200 0 0 71
2018-07-09 11:06:28 ::1 POST /Service1.svc - 49474 - ::1 - - 200 0 0 110
2018-07-09 11:06:28 ::1 POST /Service1.svc - 49474 - ::1 - - 200 0 0 28
2018-07-09 11:06:29 ::1 POST /Service1.svc - 49474 - ::1 - - 200 0 0 32
2018-07-09 11:06:29 ::1 POST /Service1.svc - 49474 - ::1 - - 200 0 0 147
2018-07-09 11:06:29 ::1 POST /Service1.svc - 49474 - ::1 - - 200 0 0 43
2018-07-09 11:06:29 ::1 POST /Service1.svc - 49474 - ::1 - - 200 0 0 215
2018-07-09 11:06:29 ::1 POST /Service1.svc - 49474 - ::1 - - 200 0 0 28
2018-07-09 11:06:29 ::1 POST /Service1.svc - 49474 - ::1 - - 200 0 0 55
2018-07-09 11:06:40 ::1 POST /Service1.svc - 49474 - ::1 - - 200 0 0 50
2018-07-09 11:06:40 ::1 POST /Service1.svc - 49474 - ::1 - - 200 0 0 28
2018-07-09 11:06:40 ::1 POST /Service1.svc - 49474 - ::1 - - 200 0 0 23
2018-07-09 11:06:40 ::1 POST /Service1.svc - 49474 - ::1 - - 200 0 0 23
2018-07-09 11:06:40 ::1 POST /Service1.svc - 49474 - ::1 - - 200 0 0 46
2018-07-09 11:06:40 ::1 POST /Service1.svc - 49474 - ::1 - - 200 0 0 23
2018-07-09 11:06:40 ::1 POST /Service1.svc - 49474 - ::1 - - 200 0 0 46
2018-07-09 11:06:40 ::1 POST /Service1.svc - 49474 - ::1 - - 200 0 0 21
2018-07-09 11:06:40 ::1 POST /Service1.svc - 49474 - ::1 - - 200 0 0 24
2018-07-09 11:06:40 ::1 POST /Service1.svc - 49474 - ::1 - - 200 0 0 25
2018-07-09 11:06:40 ::1 POST /Service1.svc - 49474 - ::1 - - 200 0 0 21
2018-07-09 11:06:40 ::1 POST /Service1.svc - 49474 - ::1 - - 200 0 0 77
2018-07-09 11:06:40 ::1 POST /Service1.svc - 49474 - ::1 - - 200 0 0 87
2018-07-09 11:06:42 ::1 POST /Service1.svc - 49474 - ::1 - - 200 0 0 179
2018-07-09 11:06:44 ::1 POST /Service1.svc - 49474 - ::1 - - 200 0 0 41
2018-07-09 11:06:44 ::1 POST /Service1.svc - 49474 - ::1 - - 200 0 0 142
2018-07-09 11:06:44 ::1 POST /Service1.svc - 49474 - ::1 - - 200 0 0 20
2018-07-09 11:06:44 ::1 POST /Service1.svc - 49474 - ::1 - - 200 0 0 16
2018-07-09 11:06:44 ::1 POST /Service1.svc - 49474 - ::1 - - 200 0 0 13
2018-07-09 11:06:44 ::1 POST /Service1.svc - 49474 - ::1 - - 200 0 0 20
2018-07-09 11:06:44 ::1 POST /Service1.svc - 49474 - ::1 - - 200 0 0 96
2018-07-09 11:06:44 ::1 POST /Service1.svc - 49474 - ::1 - - 200 0 0 88
2018-07-09 11:06:44 ::1 POST /Service1.svc - 49474 - ::1 - - 200 0 0 22
2018-07-09 11:06:44 ::1 POST /Service1.svc - 49474 - ::1 - - 200 0 0 50
2018-07-09 11:06:44 ::1 POST /Service1.svc - 49474 - ::1 - - 200 0 0 152
2018-07-09 11:06:44 ::1 POST /Service1.svc - 49474 - ::1 - - 200 0 0 65
2018-07-09 11:06:44 ::1 POST /Service1.svc - 49474 - ::1 - - 200 0 0 76
2018-07-09 11:06:46 ::1 POST /Service1.svc - 49474 - ::1 - - 200 0 0 97
2018-07-09 11:06:46 ::1 POST /Service1.svc - 49474 - ::1 - - 200 0 0 35
2018-07-09 11:06:46 ::1 POST /Service1.svc - 49474 - ::1 - - 200 0 0 33
2018-07-09 11:06:46 ::1 POST /Service1.svc - 49474 - ::1 - - 200 0 0 68
2018-07-09 11:06:46 ::1 POST /Service1.svc - 49474 - ::1 - - 200 0 0 43
2018-07-09 11:06:46 ::1 POST /Service1.svc - 49474 - ::1 - - 200 0 0 173
2018-07-09 11:06:46 ::1 POST /Service1.svc - 49474 - ::1 - - 200 0 0 71
2018-07-09 11:06:46 ::1 POST /Service1.svc - 49474 - ::1 - - 200 0 0 32
2018-07-09 11:06:46 ::1 POST /Service1.svc - 49474 - ::1 - - 200 0 0 161
2018-07-09 11:06:46 ::1 POST /Service1.svc - 49474 - ::1 - - 200 0 0 58
2018-07-09 11:06:46 ::1 POST /Service1.svc - 49474 - ::1 - - 200 0 0 40
2018-07-09 11:06:46 ::1 POST /Service1.svc - 49474 - ::1 - - 200 0 0 204
2018-07-09 11:06:47 ::1 POST /Service1.svc - 49474 - ::1 - - 200 0 0 79
2018-07-09 11:06:47 ::1 POST /Service1.svc - 49474 - ::1 - - 200 0 0 443
2018-07-09 11:06:48 ::1 POST /Service1.svc - 49474 - ::1 - - 200 0 0 362
2018-07-09 11:06:48 ::1 POST /Service1.svc - 49474 - ::1 - - 200 0 0 490
2018-07-09 11:06:52 ::1 POST /Service1.svc - 49474 - ::1 - - 200 0 0 25
2018-07-09 11:06:52 ::1 POST /Service1.svc - 49474 - ::1 - - 200 0 0 57
2018-07-09 11:06:52 ::1 POST /Service1.svc - 49474 - ::1 - - 200 0 0 26
2018-07-09 11:06:52 ::1 POST /Service1.svc - 49474 - ::1 - - 200 0 0 65
2018-07-09 11:06:52 ::1 POST /Service1.svc - 49474 - ::1 - - 200 0 0 110
2018-07-09 11:06:52 ::1 POST /Service1.svc - 49474 - ::1 - - 200 0 0 40
2018-07-09 11:06:52 ::1 POST /Service1.svc - 49474 - ::1 - - 200 0 0 28
2018-07-09 11:06:52 ::1 POST /Service1.svc - 49474 - ::1 - - 200 0 0 200
2018-07-09 11:06:52 ::1 POST /Service1.svc - 49474 - ::1 - - 200 0 0 225
2018-07-09 11:06:52 ::1 POST /Service1.svc - 49474 - ::1 - - 200 0 0 168
2018-07-09 11:06:53 ::1 POST /Service1.svc - 49474 - ::1 - - 200 0 0 147
2018-07-09 11:06:53 ::1 POST /Service1.svc - 49474 - ::1 - - 200 0 0 88
2018-07-09 11:06:53 ::1 POST /Service1.svc - 49474 - ::1 - - 200 0 0 60
2018-07-09 11:06:53 ::1 POST /Service1.svc - 49474 - ::1 - - 200 0 0 132
2018-07-09 11:06:56 ::1 POST /Service1.svc - 49474 - ::1 - - 200 0 0 19
2018-07-09 11:06:56 ::1 POST /Service1.svc - 49474 - ::1 - - 200 0 0 52
2018-07-09 11:06:56 ::1 POST /Service1.svc - 49474 - ::1 - - 200 0 0 41
2018-07-09 11:06:56 ::1 POST /Service1.svc - 49474 - ::1 - - 200 0 0 88
2018-07-09 11:06:56 ::1 POST /Service1.svc - 49474 - ::1 - - 200 0 0 22
2018-07-09 11:06:56 ::1 POST /Service1.svc - 49474 - ::1 - - 200 0 0 21
2018-07-09 11:06:56 ::1 POST /Service1.svc - 49474 - ::1 - - 200 0 0 68
2018-07-09 11:06:56 ::1 POST /Service1.svc - 49474 - ::1 - - 200 0 0 25
2018-07-09 11:06:56 ::1 POST /Service1.svc - 49474 - ::1 - - 200 0 0 315
2018-07-09 11:06:56 ::1 POST /Service1.svc - 49474 - ::1 - - 200 0 0 81
2018-07-09 11:06:56 ::1 POST /Service1.svc - 49474 - ::1 - - 200 0 0 58
2018-07-09 11:06:56 ::1 POST /Service1.svc - 49474 - ::1 - - 200 0 0 54
2018-07-09 11:06:56 ::1 POST /Service1.svc - 49474 - ::1 - - 200 0 0 109
2018-07-09 11:06:57 ::1 POST /Service1.svc - 49474 - ::1 - - 200 0 0 121
2018-07-09 11:06:57 ::1 POST /Service1.svc - 49474 - ::1 - - 200 0 0 54
2018-07-09 11:06:57 ::1 POST /Service1.svc - 49474 - ::1 - - 200 0 0 57
2018-07-09 11:06:57 ::1 POST /Service1.svc - 49474 - ::1 - - 200 0 0 62
2018-07-09 11:06:57 ::1 POST /Service1.svc - 49474 - ::1 - - 200 0 0 81
2018-07-09 11:06:57 ::1 POST /Service1.svc - 49474 - ::1 - - 200 0 0 66
2018-07-09 11:06:57 ::1 POST /Service1.svc - 49474 - ::1 - - 200 0 0 52
2018-07-09 11:06:57 ::1 POST /Service1.svc - 49474 - ::1 - - 200 0 0 19
2018-07-09 11:06:57 ::1 POST /Service1.svc - 49474 - ::1 - - 200 0 0 36
2018-07-09 11:06:57 ::1 POST /Service1.svc - 49474 - ::1 - - 200 0 0 269
2018-07-09 11:06:57 ::1 POST /Service1.svc - 49474 - ::1 - - 200 0 0 78
2018-07-09 11:06:57 ::1 POST /Service1.svc - 49474 - ::1 - - 200 0 0 55
2018-07-09 11:06:57 ::1 POST /Service1.svc - 49474 - ::1 - - 200 0 0 80
2018-07-09 11:07:01 ::1 POST /Service1.svc - 49474 - ::1 - - 200 0 0 25
2018-07-09 11:07:01 ::1 POST /Service1.svc - 49474 - ::1 - - 200 0 0 109
2018-07-09 11:07:01 ::1 POST /Service1.svc - 49474 - ::1 - - 200 0 0 54
2018-07-09 11:07:01 ::1 POST /Service1.svc - 49474 - ::1 - - 200 0 0 33
2018-07-09 11:07:01 ::1 POST /Service1.svc - 49474 - ::1 - - 200 0 0 18
2018-07-09 11:07:01 ::1 POST /Service1.svc - 49474 - ::1 - - 200 0 0 119
2018-07-09 11:07:01 ::1 POST /Service1.svc - 49474 - ::1 - - 200 0 0 58
2018-07-09 11:07:01 ::1 POST /Service1.svc - 49474 - ::1 - - 200 0 0 15
2018-07-09 11:07:01 ::1 POST /Service1.svc - 49474 - ::1 - - 200 0 0 14
2018-07-09 11:07:01 ::1 POST /Service1.svc - 49474 - ::1 - - 200 0 0 13
2018-07-09 11:07:01 ::1 POST /Service1.svc - 49474 - ::1 - - 200 0 0 13
2018-07-09 11:07:01 ::1 POST /Service1.svc - 49474 - ::1 - - 200 0 0 14
2018-07-09 11:07:01 ::1 POST /Service1.svc - 49474 - ::1 - - 200 0 0 40
