#Software: Microsoft Internet Information Services 10.0
#Version: 1.0
#Date: 2018-04-18 05:00:22
#Fields: date time s-ip cs-method cs-uri-stem cs-uri-query s-port cs-username c-ip cs(User-Agent) cs(Referer) sc-status sc-substatus sc-win32-status time-taken
2018-04-18 05:00:22 ::1 POST /Service1.svc - 49474 - ::1 - - 415 0 0 12520
2018-04-18 05:00:22 ::1 POST /Service1.svc/mex - 49474 - ::1 - - 415 0 0 8
2018-04-18 05:00:26 ::1 GET /Service1.svc - 49474 - ::1 Mozilla/4.0+(compatible;+MSIE+6.0;+MS+Web+Services+Client+Protocol+4.0.30319.42000) - 200 0 0 4053
2018-04-18 05:00:26 ::1 GET /Service1.svc disco 49474 - ::1 Mozilla/4.0+(compatible;+MSIE+6.0;+MS+Web+Services+Client+Protocol+4.0.30319.42000) - 200 0 0 13
2018-04-18 05:00:28 ::1 GET /Service1.svc wsdl 49474 - ::1 Mozilla/4.0+(compatible;+MSIE+6.0;+MS+Web+Services+Client+Protocol+4.0.30319.42000) - 200 0 0 871
2018-04-18 05:00:30 ::1 GET /Service1.svc xsd=xsd0 49474 - ::1 Mozilla/4.0+(compatible;+MSIE+6.0;+MS+Web+Services+Client+Protocol+4.0.30319.42000) - 200 0 0 1836
2018-04-18 05:00:30 ::1 GET /Service1.svc xsd=xsd2 49474 - ::1 Mozilla/4.0+(compatible;+MSIE+6.0;+MS+Web+Services+Client+Protocol+4.0.30319.42000) - 200 0 0 8
2018-04-18 05:00:30 ::1 GET /Service1.svc xsd=xsd3 49474 - ::1 Mozilla/4.0+(compatible;+MSIE+6.0;+MS+Web+Services+Client+Protocol+4.0.30319.42000) - 200 0 0 15
2018-04-18 05:00:30 ::1 GET /Service1.svc xsd=xsd1 49474 - ::1 Mozilla/4.0+(compatible;+MSIE+6.0;+MS+Web+Services+Client+Protocol+4.0.30319.42000) - 200 0 0 56
2018-04-18 05:01:04 ::1 GET /Service1.svc - 49474 - ::1 Mozilla/4.0+(compatible;+MSIE+6.0;+MS+Web+Services+Client+Protocol+4.0.30319.42000) - 200 0 0 110
2018-04-18 05:01:04 ::1 GET /Service1.svc disco 49474 - ::1 Mozilla/4.0+(compatible;+MSIE+6.0;+MS+Web+Services+Client+Protocol+4.0.30319.42000) - 200 0 0 102
2018-04-18 05:01:04 ::1 GET /Service1.svc/$metadata - 49474 - ::1 Mozilla/4.0+(compatible;+MSIE+6.0;+MS+Web+Services+Client+Protocol+4.0.30319.42000) - 400 0 0 381
2018-04-18 05:01:04 ::1 GET /Service1.svc wsdl 49474 - ::1 Mozilla/4.0+(compatible;+MSIE+6.0;+MS+Web+Services+Client+Protocol+4.0.30319.42000) - 200 0 0 99
2018-04-18 05:01:04 ::1 GET /Service1.svc xsd=xsd0 49474 - ::1 Mozilla/4.0+(compatible;+MSIE+6.0;+MS+Web+Services+Client+Protocol+4.0.30319.42000) - 200 0 0 72
2018-04-18 05:01:04 ::1 GET /Service1.svc xsd=xsd2 49474 - ::1 Mozilla/4.0+(compatible;+MSIE+6.0;+MS+Web+Services+Client+Protocol+4.0.30319.42000) - 200 0 0 201
2018-04-18 05:01:04 ::1 GET /Service1.svc xsd=xsd3 49474 - ::1 Mozilla/4.0+(compatible;+MSIE+6.0;+MS+Web+Services+Client+Protocol+4.0.30319.42000) - 200 0 0 182
2018-04-18 05:01:04 ::1 GET /Service1.svc xsd=xsd1 49474 - ::1 Mozilla/4.0+(compatible;+MSIE+6.0;+MS+Web+Services+Client+Protocol+4.0.30319.42000) - 200 0 0 39
2018-04-18 05:01:06 ::1 POST /Service1.svc/mex - 49474 - ::1 - - 415 0 0 124
2018-04-18 05:01:06 ::1 POST /Service1.svc - 49474 - ::1 - - 415 0 0 135
2018-04-18 05:02:13 ::1 POST /Service1.svc - 49474 - ::1 - - 200 0 0 1184
2018-04-18 05:02:13 ::1 POST /Service1.svc - 49474 - ::1 - - 200 0 0 151
2018-04-18 05:02:13 ::1 POST /Service1.svc - 49474 - ::1 - - 200 0 0 60
2018-04-18 05:02:13 ::1 POST /Service1.svc - 49474 - ::1 - - 200 0 0 178
2018-04-18 05:02:13 ::1 POST /Service1.svc - 49474 - ::1 - - 200 0 0 96
2018-04-18 05:02:14 ::1 POST /Service1.svc - 49474 - ::1 - - 200 0 0 115
2018-04-18 05:02:17 ::1 POST /Service1.svc - 49474 - ::1 - - 200 0 0 223
2018-04-18 05:02:17 ::1 POST /Service1.svc - 49474 - ::1 - - 200 0 0 69
2018-04-18 05:02:17 ::1 POST /Service1.svc - 49474 - ::1 - - 200 0 0 92
2018-04-18 05:02:17 ::1 POST /Service1.svc - 49474 - ::1 - - 200 0 0 124
2018-04-18 05:02:28 ::1 POST /Service1.svc - 49474 - ::1 - - 200 0 0 58
2018-04-18 05:02:32 ::1 POST /Service1.svc - 49474 - ::1 - - 200 0 0 31
2018-04-18 05:03:37 ::1 POST /Service1.svc - 49474 - ::1 - - 200 0 0 54
2018-04-18 05:03:40 ::1 POST /Service1.svc - 49474 - ::1 - - 200 0 0 21
2018-04-18 05:03:43 ::1 POST /Service1.svc - 49474 - ::1 - - 200 0 0 41
2018-04-18 05:03:46 ::1 POST /Service1.svc - 49474 - ::1 - - 200 0 0 22
2018-04-18 05:03:49 ::1 POST /Service1.svc - 49474 - ::1 - - 200 0 0 27
2018-04-18 05:03:53 ::1 POST /Service1.svc - 49474 - ::1 - - 200 0 0 34
2018-04-18 05:04:44 ::1 POST /Service1.svc - 49474 - ::1 - - 200 0 0 55
2018-04-18 05:05:27 ::1 POST /Service1.svc - 49474 - ::1 - - 200 0 0 116
2018-04-18 05:05:27 ::1 POST /Service1.svc - 49474 - ::1 - - 200 0 0 23
2018-04-18 05:05:27 ::1 POST /Service1.svc - 49474 - ::1 - - 200 0 0 13
2018-04-18 05:05:27 ::1 POST /Service1.svc - 49474 - ::1 - - 200 0 0 47
2018-04-18 05:05:27 ::1 POST /Service1.svc - 49474 - ::1 - - 200 0 0 47
2018-04-18 05:05:27 ::1 POST /Service1.svc - 49474 - ::1 - - 200 0 0 23
2018-04-18 05:05:30 ::1 POST /Service1.svc - 49474 - ::1 - - 200 0 0 47
2018-04-18 05:05:30 ::1 POST /Service1.svc - 49474 - ::1 - - 200 0 0 87
2018-04-18 05:05:30 ::1 POST /Service1.svc - 49474 - ::1 - - 200 0 0 355
2018-04-18 05:05:30 ::1 POST /Service1.svc - 49474 - ::1 - - 200 0 0 263
2018-04-18 05:06:52 ::1 POST /Service1.svc - 49474 - ::1 - - 200 0 0 37
2018-04-18 05:06:56 ::1 POST /Service1.svc - 49474 - ::1 - - 200 0 0 18
2018-04-18 05:06:59 ::1 POST /Service1.svc - 49474 - ::1 - - 200 0 0 31
2018-04-18 05:07:03 ::1 POST /Service1.svc - 49474 - ::1 - - 200 0 0 47
2018-04-18 05:07:06 ::1 POST /Service1.svc - 49474 - ::1 - - 200 0 0 30
2018-04-18 05:07:32 ::1 POST /Service1.svc - 49474 - ::1 - - 200 0 0 55
2018-04-18 05:07:43 ::1 POST /Service1.svc - 49474 - ::1 - - 200 0 0 44
2018-04-18 05:11:21 ::1 POST /Service1.svc - 49474 - ::1 - - 200 0 0 24
2018-04-18 05:11:21 ::1 POST /Service1.svc - 49474 - ::1 - - 200 0 0 17
2018-04-18 05:11:21 ::1 POST /Service1.svc - 49474 - ::1 - - 200 0 0 19
2018-04-18 05:11:21 ::1 POST /Service1.svc - 49474 - ::1 - - 200 0 0 19
2018-04-18 05:11:21 ::1 POST /Service1.svc - 49474 - ::1 - - 200 0 0 96
2018-04-18 05:11:21 ::1 POST /Service1.svc - 49474 - ::1 - - 200 0 0 24
2018-04-18 05:11:25 ::1 POST /Service1.svc - 49474 - ::1 - - 200 0 0 122
2018-04-18 05:11:25 ::1 POST /Service1.svc - 49474 - ::1 - - 200 0 0 86
2018-04-18 05:11:25 ::1 POST /Service1.svc - 49474 - ::1 - - 200 0 0 127
2018-04-18 05:11:25 ::1 POST /Service1.svc - 49474 - ::1 - - 200 0 0 147
2018-04-18 05:11:35 ::1 POST /Service1.svc - 49474 - ::1 - - 200 0 0 26
2018-04-18 05:11:39 ::1 POST /Service1.svc - 49474 - ::1 - - 200 0 0 16
2018-04-18 05:11:42 ::1 POST /Service1.svc - 49474 - ::1 - - 200 0 0 37
2018-04-18 05:11:47 ::1 POST /Service1.svc - 49474 - ::1 - - 200 0 0 23
#Software: Microsoft Internet Information Services 10.0
#Version: 1.0
#Date: 2018-04-18 07:08:39
#Fields: date time s-ip cs-method cs-uri-stem cs-uri-query s-port cs-username c-ip cs(User-Agent) cs(Referer) sc-status sc-substatus sc-win32-status time-taken
2018-04-18 07:08:39 ::1 POST /Service1.svc - 49474 - ::1 - - 200 0 0 122
2018-04-18 07:08:39 ::1 POST /Service1.svc - 49474 - ::1 - - 200 0 0 19
2018-04-18 07:08:39 ::1 POST /Service1.svc - 49474 - ::1 - - 200 0 0 17
2018-04-18 07:08:39 ::1 POST /Service1.svc - 49474 - ::1 - - 200 0 0 15
2018-04-18 07:08:39 ::1 POST /Service1.svc - 49474 - ::1 - - 200 0 0 38
2018-04-18 07:08:39 ::1 POST /Service1.svc - 49474 - ::1 - - 200 0 0 26
2018-04-18 07:09:32 ::1 POST /Service1.svc - 49474 - ::1 - - 200 0 0 33
2018-04-18 07:09:32 ::1 POST /Service1.svc - 49474 - ::1 - - 200 0 0 35
2018-04-18 07:09:32 ::1 POST /Service1.svc - 49474 - ::1 - - 200 0 0 81
2018-04-18 07:09:32 ::1 POST /Service1.svc - 49474 - ::1 - - 200 0 0 29
#Software: Microsoft Internet Information Services 10.0
#Version: 1.0
#Date: 2018-04-18 07:36:48
#Fields: date time s-ip cs-method cs-uri-stem cs-uri-query s-port cs-username c-ip cs(User-Agent) cs(Referer) sc-status sc-substatus sc-win32-status time-taken
2018-04-18 07:36:48 ::1 POST /Service1.svc - 49474 - ::1 - - 415 0 0 29098
2018-04-18 07:36:48 ::1 POST /Service1.svc/mex - 49474 - ::1 - - 415 0 0 6
2018-04-18 07:36:51 ::1 GET /Service1.svc - 49474 - ::1 Mozilla/4.0+(compatible;+MSIE+6.0;+MS+Web+Services+Client+Protocol+4.0.30319.42000) - 200 0 0 2667
2018-04-18 07:36:51 ::1 GET /Service1.svc disco 49474 - ::1 Mozilla/4.0+(compatible;+MSIE+6.0;+MS+Web+Services+Client+Protocol+4.0.30319.42000) - 200 0 0 6
2018-04-18 07:36:51 ::1 GET /Service1.svc wsdl 49474 - ::1 Mozilla/4.0+(compatible;+MSIE+6.0;+MS+Web+Services+Client+Protocol+4.0.30319.42000) - 200 0 0 201
2018-04-18 07:36:52 ::1 GET /Service1.svc xsd=xsd0 49474 - ::1 Mozilla/4.0+(compatible;+MSIE+6.0;+MS+Web+Services+Client+Protocol+4.0.30319.42000) - 200 0 0 952
2018-04-18 07:36:52 ::1 GET /Service1.svc xsd=xsd2 49474 - ::1 Mozilla/4.0+(compatible;+MSIE+6.0;+MS+Web+Services+Client+Protocol+4.0.30319.42000) - 200 0 0 29
2018-04-18 07:36:52 ::1 GET /Service1.svc xsd=xsd3 49474 - ::1 Mozilla/4.0+(compatible;+MSIE+6.0;+MS+Web+Services+Client+Protocol+4.0.30319.42000) - 200 0 0 12
2018-04-18 07:36:52 ::1 GET /Service1.svc xsd=xsd1 49474 - ::1 Mozilla/4.0+(compatible;+MSIE+6.0;+MS+Web+Services+Client+Protocol+4.0.30319.42000) - 200 0 0 16
2018-04-18 07:38:00 ::1 GET /Service1.svc - 49474 - ::1 Mozilla/4.0+(compatible;+MSIE+6.0;+MS+Web+Services+Client+Protocol+4.0.30319.42000) - 200 0 0 91
2018-04-18 07:38:00 ::1 GET /Service1.svc disco 49474 - ::1 Mozilla/4.0+(compatible;+MSIE+6.0;+MS+Web+Services+Client+Protocol+4.0.30319.42000) - 200 0 0 46
2018-04-18 07:38:00 ::1 GET /Service1.svc wsdl 49474 - ::1 Mozilla/4.0+(compatible;+MSIE+6.0;+MS+Web+Services+Client+Protocol+4.0.30319.42000) - 200 0 0 44
2018-04-18 07:38:00 ::1 GET /Service1.svc xsd=xsd0 49474 - ::1 Mozilla/4.0+(compatible;+MSIE+6.0;+MS+Web+Services+Client+Protocol+4.0.30319.42000) - 200 0 0 26
2018-04-18 07:38:00 ::1 GET /Service1.svc xsd=xsd2 49474 - ::1 Mozilla/4.0+(compatible;+MSIE+6.0;+MS+Web+Services+Client+Protocol+4.0.30319.42000) - 200 0 0 95
2018-04-18 07:38:00 ::1 GET /Service1.svc xsd=xsd3 49474 - ::1 Mozilla/4.0+(compatible;+MSIE+6.0;+MS+Web+Services+Client+Protocol+4.0.30319.42000) - 200 0 0 63
2018-04-18 07:38:00 ::1 GET /Service1.svc/$metadata - 49474 - ::1 Mozilla/4.0+(compatible;+MSIE+6.0;+MS+Web+Services+Client+Protocol+4.0.30319.42000) - 400 0 0 441
2018-04-18 07:38:00 ::1 POST /Service1.svc - 49474 - ::1 - - 415 0 0 16
2018-04-18 07:38:00 ::1 POST /Service1.svc/mex - 49474 - ::1 - - 415 0 0 20
2018-04-18 07:38:00 ::1 GET /Service1.svc xsd=xsd1 49474 - ::1 Mozilla/4.0+(compatible;+MSIE+6.0;+MS+Web+Services+Client+Protocol+4.0.30319.42000) - 200 0 0 15
#Software: Microsoft Internet Information Services 10.0
#Version: 1.0
#Date: 2018-04-18 08:43:39
#Fields: date time s-ip cs-method cs-uri-stem cs-uri-query s-port cs-username c-ip cs(User-Agent) cs(Referer) sc-status sc-substatus sc-win32-status time-taken
2018-04-18 08:43:38 ::1 POST /Service1.svc - 49474 - ::1 - - 200 0 0 1384
2018-04-18 08:43:38 ::1 POST /Service1.svc - 49474 - ::1 - - 200 0 0 115
2018-04-18 08:43:38 ::1 POST /Service1.svc - 49474 - ::1 - - 200 0 0 52
2018-04-18 08:43:40 ::1 POST /Service1.svc - 49474 - ::1 - - 200 0 0 80
2018-04-18 08:43:40 ::1 POST /Service1.svc - 49474 - ::1 - - 200 0 0 41
2018-04-18 08:43:40 ::1 POST /Service1.svc - 49474 - ::1 - - 200 0 0 94
2018-04-18 08:43:47 ::1 POST /Service1.svc - 49474 - ::1 - - 200 0 0 134
2018-04-18 08:43:47 ::1 POST /Service1.svc - 49474 - ::1 - - 200 0 0 19
2018-04-18 08:43:47 ::1 POST /Service1.svc - 49474 - ::1 - - 200 0 0 110
2018-04-18 08:43:47 ::1 POST /Service1.svc - 49474 - ::1 - - 200 0 0 73
2018-04-18 08:44:00 ::1 POST /Service1.svc - 49474 - ::1 - - 200 0 0 164
2018-04-18 08:44:04 ::1 POST /Service1.svc - 49474 - ::1 - - 200 0 0 168
2018-04-18 08:44:10 ::1 POST /Service1.svc - 49474 - ::1 - - 200 0 0 87
2018-04-18 08:44:12 ::1 POST /Service1.svc - 49474 - ::1 - - 200 0 0 9
2018-04-18 08:44:13 ::1 POST /Service1.svc - 49474 - ::1 - - 200 0 0 11
2018-04-18 08:44:13 ::1 POST /Service1.svc - 49474 - ::1 - - 200 0 0 27
2018-04-18 08:44:15 ::1 POST /Service1.svc - 49474 - ::1 - - 200 0 0 8
2018-04-18 08:44:16 ::1 POST /Service1.svc - 49474 - ::1 - - 200 0 0 8
2018-04-18 08:44:19 ::1 POST /Service1.svc - 49474 - ::1 - - 200 0 0 17
2018-04-18 08:44:19 ::1 POST /Service1.svc - 49474 - ::1 - - 200 0 0 9
2018-04-18 08:44:19 ::1 POST /Service1.svc - 49474 - ::1 - - 200 0 0 13
2018-04-18 08:44:20 ::1 POST /Service1.svc - 49474 - ::1 - - 200 0 0 10
2018-04-18 08:44:20 ::1 POST /Service1.svc - 49474 - ::1 - - 200 0 0 14
2018-04-18 08:44:23 ::1 POST /Service1.svc - 49474 - ::1 - - 200 0 0 36
2018-04-18 08:44:26 ::1 POST /Service1.svc - 49474 - ::1 - - 200 0 0 63
2018-04-18 08:44:30 ::1 POST /Service1.svc - 49474 - ::1 - - 200 0 0 26
2018-04-18 08:44:53 ::1 POST /Service1.svc - 49474 - ::1 - - 200 0 0 22877
2018-04-18 08:44:56 ::1 POST /Service1.svc - 49474 - ::1 - - 200 0 0 173
2018-04-18 08:44:56 ::1 POST /Service1.svc - 49474 - ::1 - - 200 0 0 191
2018-04-18 08:44:59 ::1 POST /Service1.svc - 49474 - ::1 - - 200 0 0 111
2018-04-18 08:44:59 ::1 POST /Service1.svc - 49474 - ::1 - - 200 0 0 21
2018-04-18 08:44:59 ::1 POST /Service1.svc - 49474 - ::1 - - 200 0 0 264
2018-04-18 08:44:59 ::1 POST /Service1.svc - 49474 - ::1 - - 200 0 0 43
2018-04-18 08:44:59 ::1 POST /Service1.svc - 49474 - ::1 - - 200 0 0 39
2018-04-18 08:44:59 ::1 POST /Service1.svc - 49474 - ::1 - - 200 0 0 59
2018-04-18 08:45:01 ::1 POST /Service1.svc - 49474 - ::1 - - 200 0 0 17
2018-04-18 08:45:01 ::1 POST /Service1.svc - 49474 - ::1 - - 200 0 0 124
2018-04-18 08:45:02 ::1 POST /Service1.svc - 49474 - ::1 - - 200 0 0 61
2018-04-18 08:45:02 ::1 POST /Service1.svc - 49474 - ::1 - - 200 0 0 25
2018-04-18 08:45:02 ::1 POST /Service1.svc - 49474 - ::1 - - 200 0 0 40
2018-04-18 08:45:04 ::1 POST /Service1.svc - 49474 - ::1 - - 200 0 0 168
#Software: Microsoft Internet Information Services 10.0
#Version: 1.0
#Date: 2018-04-18 10:22:16
#Fields: date time s-ip cs-method cs-uri-stem cs-uri-query s-port cs-username c-ip cs(User-Agent) cs(Referer) sc-status sc-substatus sc-win32-status time-taken
2018-04-18 10:22:16 ::1 POST /Service1.svc - 49474 - ::1 - - 200 0 0 1310
2018-04-18 10:22:16 ::1 POST /Service1.svc - 49474 - ::1 - - 200 0 0 133
2018-04-18 10:22:17 ::1 POST /Service1.svc - 49474 - ::1 - - 200 0 0 337
2018-04-18 10:22:18 ::1 POST /Service1.svc - 49474 - ::1 - - 200 0 0 131
2018-04-18 10:22:18 ::1 POST /Service1.svc - 49474 - ::1 - - 200 0 0 129
2018-04-18 10:22:18 ::1 POST /Service1.svc - 49474 - ::1 - - 200 0 0 645
2018-04-18 10:23:07 ::1 POST /Service1.svc - 49474 - ::1 - - 200 0 0 205
2018-04-18 10:23:12 ::1 POST /Service1.svc - 49474 - ::1 - - 200 0 0 114
2018-04-18 10:23:23 ::1 POST /Service1.svc - 49474 - ::1 - - 200 0 0 32
2018-04-18 10:23:24 ::1 POST /Service1.svc - 49474 - ::1 - - 200 0 0 50
2018-04-18 10:23:24 ::1 POST /Service1.svc - 49474 - ::1 - - 200 0 0 36
2018-04-18 10:23:26 ::1 POST /Service1.svc - 49474 - ::1 - - 200 0 0 34
2018-04-18 10:23:26 ::1 POST /Service1.svc - 49474 - ::1 - - 200 0 0 98
2018-04-18 10:23:26 ::1 POST /Service1.svc - 49474 - ::1 - - 200 0 0 94
2018-04-18 10:23:26 ::1 POST /Service1.svc - 49474 - ::1 - - 200 0 0 13
2018-04-18 10:23:26 ::1 POST /Service1.svc - 49474 - ::1 - - 200 0 0 26
2018-04-18 10:23:26 ::1 POST /Service1.svc - 49474 - ::1 - - 200 0 0 60
2018-04-18 10:28:10 ::1 POST /Service1.svc - 49474 - ::1 - - 200 0 0 283
2018-04-18 10:28:14 ::1 POST /Service1.svc - 49474 - ::1 - - 200 0 0 100
2018-04-18 10:28:15 ::1 POST /Service1.svc - 49474 - ::1 - - 200 0 0 188
2018-04-18 10:28:15 ::1 POST /Service1.svc - 49474 - ::1 - - 200 0 0 517
2018-04-18 10:31:40 ::1 POST /Service1.svc - 49474 - ::1 - - 200 0 0 230
2018-04-18 10:32:45 ::1 POST /Service1.svc - 49474 - ::1 - - 200 0 0 127
2018-04-18 10:33:47 ::1 POST /Service1.svc - 49474 - ::1 - - 200 0 0 126
2018-04-18 10:35:40 ::1 POST /Service1.svc - 49474 - ::1 - - 200 0 0 82
2018-04-18 10:37:05 ::1 POST /Service1.svc - 49474 - ::1 - - 200 0 0 522
2018-04-18 10:51:23 ::1 POST /Service1.svc - 49474 - ::1 - - 200 0 0 314
2018-04-18 10:51:33 ::1 POST /Service1.svc - 49474 - ::1 - - 200 0 0 65
2018-04-18 10:51:34 ::1 POST /Service1.svc - 49474 - ::1 - - 200 0 0 283
2018-04-18 10:51:50 ::1 POST /Service1.svc - 49474 - ::1 - - 200 0 0 22
2018-04-18 10:51:50 ::1 POST /Service1.svc - 49474 - ::1 - - 200 0 0 110
2018-04-18 10:51:52 ::1 POST /Service1.svc - 49474 - ::1 - - 200 0 0 225
2018-04-18 10:51:52 ::1 POST /Service1.svc - 49474 - ::1 - - 200 0 0 13
2018-04-18 10:51:53 ::1 POST /Service1.svc - 49474 - ::1 - - 200 0 0 639
2018-04-18 10:51:55 ::1 POST /Service1.svc - 49474 - ::1 - - 200 0 0 102
2018-04-18 10:51:55 ::1 POST /Service1.svc - 49474 - ::1 - - 200 0 0 60
2018-04-18 10:55:29 ::1 POST /Service1.svc - 49474 - ::1 - - 200 0 0 94
2018-04-18 10:55:33 ::1 POST /Service1.svc - 49474 - ::1 - - 200 0 0 41
2018-04-18 10:55:33 ::1 POST /Service1.svc - 49474 - ::1 - - 200 0 0 153
2018-04-18 10:55:35 ::1 POST /Service1.svc - 49474 - ::1 - - 200 0 0 139
2018-04-18 10:55:35 ::1 POST /Service1.svc - 49474 - ::1 - - 200 0 0 195
2018-04-18 10:55:36 ::1 POST /Service1.svc - 49474 - ::1 - - 200 0 0 86
2018-04-18 10:56:20 ::1 POST /Service1.svc - 49474 - ::1 - - 200 0 0 530
2018-04-18 10:57:19 ::1 POST /Service1.svc - 49474 - ::1 - - 200 0 0 100
2018-04-18 11:00:03 ::1 POST /Service1.svc - 49474 - ::1 - - 200 0 0 98
2018-04-18 11:03:48 ::1 POST /Service1.svc - 49474 - ::1 - - 200 0 0 40
2018-04-18 11:03:57 ::1 POST /Service1.svc - 49474 - ::1 - - 200 0 0 85
2018-04-18 11:04:50 ::1 POST /Service1.svc - 49474 - ::1 - - 200 0 0 64
2018-04-18 11:06:33 ::1 POST /Service1.svc - 49474 - ::1 - - 200 0 0 123
2018-04-18 11:17:42 ::1 POST /Service1.svc - 49474 - ::1 - - 200 0 0 202
2018-04-18 11:17:47 ::1 POST /Service1.svc - 49474 - ::1 - - 200 0 0 16
2018-04-18 11:17:47 ::1 POST /Service1.svc - 49474 - ::1 - - 200 0 0 37
2018-04-18 11:17:48 ::1 POST /Service1.svc - 49474 - ::1 - - 200 0 0 48
2018-04-18 11:17:48 ::1 POST /Service1.svc - 49474 - ::1 - - 200 0 0 87
2018-04-18 11:17:50 ::1 POST /Service1.svc - 49474 - ::1 - - 200 0 0 332
2018-04-18 11:17:55 ::1 POST /Service1.svc - 49474 - ::1 - - 200 0 0 127
2018-04-18 11:19:30 ::1 POST /Service1.svc - 49474 - ::1 - - 200 0 0 93
2018-04-18 11:20:26 ::1 POST /Service1.svc - 49474 - ::1 - - 200 0 0 76
2018-04-18 11:24:41 ::1 POST /Service1.svc - 49474 - ::1 - - 200 0 0 109
2018-04-18 11:25:30 ::1 POST /Service1.svc - 49474 - ::1 - - 200 0 0 97
2018-04-18 11:26:08 ::1 POST /Service1.svc - 49474 - ::1 - - 200 0 0 139
2018-04-18 11:27:58 ::1 POST /Service1.svc - 49474 - ::1 - - 200 0 0 75
2018-04-18 11:29:36 ::1 POST /Service1.svc - 49474 - ::1 - - 200 0 0 171
2018-04-18 11:33:40 ::1 POST /Service1.svc - 49474 - ::1 - - 200 0 0 414
2018-04-18 11:45:24 ::1 POST /Service1.svc - 49474 - ::1 - - 200 0 0 130
2018-04-18 11:46:37 ::1 POST /Service1.svc - 49474 - ::1 - - 200 0 0 103
2018-04-18 11:52:36 ::1 POST /Service1.svc - 49474 - ::1 - - 200 0 0 184
2018-04-18 11:54:50 ::1 POST /Service1.svc - 49474 - ::1 - - 200 0 0 56
2018-04-18 12:08:09 ::1 POST /Service1.svc - 49474 - ::1 - - 200 0 0 229
#Software: Microsoft Internet Information Services 10.0
#Version: 1.0
#Date: 2018-04-18 12:38:57
#Fields: date time s-ip cs-method cs-uri-stem cs-uri-query s-port cs-username c-ip cs(User-Agent) cs(Referer) sc-status sc-substatus sc-win32-status time-taken
2018-04-18 12:38:57 ::1 POST /Service1.svc - 49474 - ::1 - - 200 0 0 520
2018-04-18 12:39:02 ::1 POST /Service1.svc - 49474 - ::1 - - 200 0 0 87
2018-04-18 12:39:02 ::1 POST /Service1.svc - 49474 - ::1 - - 200 0 0 131
2018-04-18 12:39:02 ::1 POST /Service1.svc - 49474 - ::1 - - 200 0 0 45
2018-04-18 12:39:04 ::1 POST /Service1.svc - 49474 - ::1 - - 200 0 0 57
2018-04-18 12:39:04 ::1 POST /Service1.svc - 49474 - ::1 - - 200 0 0 71
2018-04-18 12:40:39 ::1 POST /Service1.svc - 49474 - ::1 - - 200 0 0 148
2018-04-18 12:46:42 ::1 POST /Service1.svc - 49474 - ::1 - - 200 0 0 103
2018-04-18 12:46:55 ::1 POST /Service1.svc - 49474 - ::1 - - 200 0 0 72
2018-04-18 12:47:18 ::1 POST /Service1.svc - 49474 - ::1 - - 200 0 0 119
2018-04-18 12:49:11 ::1 POST /Service1.svc - 49474 - ::1 - - 200 0 0 98
2018-04-18 12:51:07 ::1 POST /Service1.svc - 49474 - ::1 - - 200 0 0 99
