#Software: Microsoft Internet Information Services 10.0
#Version: 1.0
#Date: 2018-04-27 04:26:49
#Fields: date time s-ip cs-method cs-uri-stem cs-uri-query s-port cs-username c-ip cs(User-Agent) cs(Referer) sc-status sc-substatus sc-win32-status time-taken
2018-04-27 04:26:49 ::1 POST /Service1.svc - 49474 - ::1 - - 415 0 0 24779
2018-04-27 04:26:49 ::1 POST /Service1.svc/mex - 49474 - ::1 - - 415 0 0 7
2018-04-27 04:26:55 ::1 GET /Service1.svc - 49474 - ::1 Mozilla/4.0+(compatible;+MSIE+6.0;+MS+Web+Services+Client+Protocol+4.0.30319.42000) - 200 0 0 5323
2018-04-27 04:26:55 ::1 GET /Service1.svc disco 49474 - ::1 Mozilla/4.0+(compatible;+MSIE+6.0;+MS+Web+Services+Client+Protocol+4.0.30319.42000) - 200 0 0 8
2018-04-27 04:26:55 ::1 GET /Service1.svc wsdl 49474 - ::1 Mozilla/4.0+(compatible;+MSIE+6.0;+MS+Web+Services+Client+Protocol+4.0.30319.42000) - 200 0 0 50
2018-04-27 04:26:56 ::1 GET /Service1.svc xsd=xsd0 49474 - ::1 Mozilla/4.0+(compatible;+MSIE+6.0;+MS+Web+Services+Client+Protocol+4.0.30319.42000) - 200 0 0 846
2018-04-27 04:26:56 ::1 GET /Service1.svc xsd=xsd2 49474 - ::1 Mozilla/4.0+(compatible;+MSIE+6.0;+MS+Web+Services+Client+Protocol+4.0.30319.42000) - 200 0 0 9
2018-04-27 04:26:56 ::1 GET /Service1.svc xsd=xsd3 49474 - ::1 Mozilla/4.0+(compatible;+MSIE+6.0;+MS+Web+Services+Client+Protocol+4.0.30319.42000) - 200 0 0 17
2018-04-27 04:26:56 ::1 GET /Service1.svc xsd=xsd1 49474 - ::1 Mozilla/4.0+(compatible;+MSIE+6.0;+MS+Web+Services+Client+Protocol+4.0.30319.42000) - 200 0 0 17
#Software: Microsoft Internet Information Services 10.0
#Version: 1.0
#Date: 2018-04-27 10:06:08
#Fields: date time s-ip cs-method cs-uri-stem cs-uri-query s-port cs-username c-ip cs(User-Agent) cs(Referer) sc-status sc-substatus sc-win32-status time-taken
2018-04-27 10:06:08 ::1 POST /Service1.svc - 49474 - ::1 - - 415 0 0 38596
2018-04-27 10:06:08 ::1 POST /Service1.svc/mex - 49474 - ::1 - - 415 0 0 15
2018-04-27 10:06:13 ::1 GET /Service1.svc - 49474 - ::1 Mozilla/4.0+(compatible;+MSIE+6.0;+MS+Web+Services+Client+Protocol+4.0.30319.42000) - 200 0 0 4420
2018-04-27 10:06:13 ::1 GET /Service1.svc disco 49474 - ::1 Mozilla/4.0+(compatible;+MSIE+6.0;+MS+Web+Services+Client+Protocol+4.0.30319.42000) - 200 0 0 75
2018-04-27 10:06:13 ::1 GET /Service1.svc wsdl 49474 - ::1 Mozilla/4.0+(compatible;+MSIE+6.0;+MS+Web+Services+Client+Protocol+4.0.30319.42000) - 200 0 0 236
2018-04-27 10:06:14 ::1 GET /Service1.svc xsd=xsd0 49474 - ::1 Mozilla/4.0+(compatible;+MSIE+6.0;+MS+Web+Services+Client+Protocol+4.0.30319.42000) - 200 0 0 1190
2018-04-27 10:06:14 ::1 GET /Service1.svc xsd=xsd2 49474 - ::1 Mozilla/4.0+(compatible;+MSIE+6.0;+MS+Web+Services+Client+Protocol+4.0.30319.42000) - 200 0 0 15
2018-04-27 10:06:14 ::1 GET /Service1.svc xsd=xsd3 49474 - ::1 Mozilla/4.0+(compatible;+MSIE+6.0;+MS+Web+Services+Client+Protocol+4.0.30319.42000) - 200 0 0 26
2018-04-27 10:06:14 ::1 GET /Service1.svc xsd=xsd1 49474 - ::1 Mozilla/4.0+(compatible;+MSIE+6.0;+MS+Web+Services+Client+Protocol+4.0.30319.42000) - 200 0 0 23
2018-04-27 10:07:13 ::1 GET /Service1.svc - 49474 - ::1 Mozilla/4.0+(compatible;+MSIE+6.0;+MS+Web+Services+Client+Protocol+4.0.30319.42000) - 200 0 0 136
2018-04-27 10:07:13 ::1 GET /Service1.svc disco 49474 - ::1 Mozilla/4.0+(compatible;+MSIE+6.0;+MS+Web+Services+Client+Protocol+4.0.30319.42000) - 200 0 0 31
2018-04-27 10:07:13 ::1 GET /Service1.svc/$metadata - 49474 - ::1 Mozilla/4.0+(compatible;+MSIE+6.0;+MS+Web+Services+Client+Protocol+4.0.30319.42000) - 400 0 0 411
2018-04-27 10:07:13 ::1 GET /Service1.svc wsdl 49474 - ::1 Mozilla/4.0+(compatible;+MSIE+6.0;+MS+Web+Services+Client+Protocol+4.0.30319.42000) - 200 0 0 93
2018-04-27 10:07:13 ::1 GET /Service1.svc xsd=xsd0 49474 - ::1 Mozilla/4.0+(compatible;+MSIE+6.0;+MS+Web+Services+Client+Protocol+4.0.30319.42000) - 200 0 0 47
2018-04-27 10:07:13 ::1 GET /Service1.svc xsd=xsd2 49474 - ::1 Mozilla/4.0+(compatible;+MSIE+6.0;+MS+Web+Services+Client+Protocol+4.0.30319.42000) - 200 0 0 38
2018-04-27 10:07:13 ::1 GET /Service1.svc xsd=xsd3 49474 - ::1 Mozilla/4.0+(compatible;+MSIE+6.0;+MS+Web+Services+Client+Protocol+4.0.30319.42000) - 200 0 0 10
2018-04-27 10:07:13 ::1 GET /Service1.svc xsd=xsd1 49474 - ::1 Mozilla/4.0+(compatible;+MSIE+6.0;+MS+Web+Services+Client+Protocol+4.0.30319.42000) - 200 0 0 110
2018-04-27 10:07:16 ::1 POST /Service1.svc/mex - 49474 - ::1 - - 415 0 0 132
2018-04-27 10:07:16 ::1 POST /Service1.svc - 49474 - ::1 - - 415 0 0 135
2018-04-27 10:09:16 ::1 POST /Service1.svc - 49474 - ::1 - - 200 0 0 1768
2018-04-27 10:09:16 ::1 POST /Service1.svc - 49474 - ::1 - - 200 0 0 97
2018-04-27 10:09:16 ::1 POST /Service1.svc - 49474 - ::1 - - 200 0 0 77
2018-04-27 10:09:16 ::1 POST /Service1.svc - 49474 - ::1 - - 200 0 0 295
2018-04-27 10:09:16 ::1 POST /Service1.svc - 49474 - ::1 - - 200 0 0 126
2018-04-27 10:09:16 ::1 POST /Service1.svc - 49474 - ::1 - - 200 0 0 23
2018-04-27 10:09:16 ::1 POST /Service1.svc - 49474 - ::1 - - 200 0 0 20
2018-04-27 10:09:17 ::1 POST /Service1.svc - 49474 - ::1 - - 200 0 0 242
2018-04-27 10:09:17 ::1 POST /Service1.svc - 49474 - ::1 - - 200 0 0 98
2018-04-27 10:09:17 ::1 POST /Service1.svc - 49474 - ::1 - - 200 0 0 104
2018-04-27 10:09:17 ::1 POST /Service1.svc - 49474 - ::1 - - 200 0 0 212
2018-04-27 10:09:17 ::1 POST /Service1.svc - 49474 - ::1 - - 200 0 0 40
#Software: Microsoft Internet Information Services 10.0
#Version: 1.0
#Date: 2018-04-27 10:39:51
#Fields: date time s-ip cs-method cs-uri-stem cs-uri-query s-port cs-username c-ip cs(User-Agent) cs(Referer) sc-status sc-substatus sc-win32-status time-taken
2018-04-27 10:39:51 ::1 POST /Service1.svc - 49474 - ::1 - - 200 0 0 224
2018-04-27 10:39:51 ::1 POST /Service1.svc - 49474 - ::1 - - 200 0 0 107
2018-04-27 10:39:51 ::1 POST /Service1.svc - 49474 - ::1 - - 200 0 0 54
2018-04-27 10:39:51 ::1 POST /Service1.svc - 49474 - ::1 - - 200 0 0 230
2018-04-27 10:39:51 ::1 POST /Service1.svc - 49474 - ::1 - - 200 0 0 49
2018-04-27 10:39:51 ::1 POST /Service1.svc - 49474 - ::1 - - 200 0 0 26
2018-04-27 10:39:51 ::1 POST /Service1.svc - 49474 - ::1 - - 200 0 0 34
2018-04-27 10:39:51 ::1 POST /Service1.svc - 49474 - ::1 - - 200 0 0 71
2018-04-27 10:39:51 ::1 POST /Service1.svc - 49474 - ::1 - - 200 0 0 113
2018-04-27 10:39:51 ::1 POST /Service1.svc - 49474 - ::1 - - 200 0 0 16
2018-04-27 10:39:51 ::1 POST /Service1.svc - 49474 - ::1 - - 200 0 0 19
2018-04-27 10:39:51 ::1 POST /Service1.svc - 49474 - ::1 - - 200 0 0 106
2018-04-27 10:50:14 ::1 POST /Service1.svc - 49474 - ::1 - - 200 0 0 41
2018-04-27 10:50:14 ::1 POST /Service1.svc - 49474 - ::1 - - 200 0 0 24
2018-04-27 10:50:14 ::1 POST /Service1.svc - 49474 - ::1 - - 200 0 0 70
2018-04-27 10:50:14 ::1 POST /Service1.svc - 49474 - ::1 - - 200 0 0 45
2018-04-27 10:50:14 ::1 POST /Service1.svc - 49474 - ::1 - - 200 0 0 32
2018-04-27 10:50:14 ::1 POST /Service1.svc - 49474 - ::1 - - 200 0 0 21
2018-04-27 10:50:14 ::1 POST /Service1.svc - 49474 - ::1 - - 200 0 0 14
2018-04-27 10:50:14 ::1 POST /Service1.svc - 49474 - ::1 - - 200 0 0 13
2018-04-27 10:50:14 ::1 POST /Service1.svc - 49474 - ::1 - - 200 0 0 41
2018-04-27 10:50:14 ::1 POST /Service1.svc - 49474 - ::1 - - 200 0 0 21
2018-04-27 10:50:14 ::1 POST /Service1.svc - 49474 - ::1 - - 200 0 0 20
2018-04-27 10:50:14 ::1 POST /Service1.svc - 49474 - ::1 - - 200 0 0 52
2018-04-27 10:50:14 ::1 POST /Service1.svc - 49474 - ::1 - - 200 0 0 153
2018-04-27 10:50:15 ::1 POST /Service1.svc - 49474 - ::1 - - 200 0 0 141
2018-04-27 10:50:15 ::1 POST /Service1.svc - 49474 - ::1 - - 200 0 0 73
2018-04-27 10:50:15 ::1 POST /Service1.svc - 49474 - ::1 - - 200 0 0 48
2018-04-27 10:50:20 ::1 POST /Service1.svc - 49474 - ::1 - - 200 0 0 12
2018-04-27 10:50:20 ::1 POST /Service1.svc - 49474 - ::1 - - 200 0 0 16
2018-04-27 10:50:20 ::1 POST /Service1.svc - 49474 - ::1 - - 200 0 0 19
2018-04-27 10:50:20 ::1 POST /Service1.svc - 49474 - ::1 - - 200 0 0 15
2018-04-27 10:50:20 ::1 POST /Service1.svc - 49474 - ::1 - - 200 0 0 23
2018-04-27 10:50:20 ::1 POST /Service1.svc - 49474 - ::1 - - 200 0 0 62
2018-04-27 10:50:20 ::1 POST /Service1.svc - 49474 - ::1 - - 200 0 0 42
2018-04-27 10:50:20 ::1 POST /Service1.svc - 49474 - ::1 - - 200 0 0 28
2018-04-27 10:50:20 ::1 POST /Service1.svc - 49474 - ::1 - - 200 0 0 23
2018-04-27 10:50:20 ::1 POST /Service1.svc - 49474 - ::1 - - 200 0 0 24
2018-04-27 10:50:20 ::1 POST /Service1.svc - 49474 - ::1 - - 200 0 0 78
2018-04-27 10:50:20 ::1 POST /Service1.svc - 49474 - ::1 - - 200 0 0 67
2018-04-27 10:50:20 ::1 POST /Service1.svc - 49474 - ::1 - - 200 0 0 59
2018-04-27 10:50:20 ::1 POST /Service1.svc - 49474 - ::1 - - 200 0 0 28
2018-04-27 10:50:20 ::1 POST /Service1.svc - 49474 - ::1 - - 200 0 0 19
2018-04-27 10:50:20 ::1 POST /Service1.svc - 49474 - ::1 - - 200 0 0 16
2018-04-27 10:50:20 ::1 POST /Service1.svc - 49474 - ::1 - - 200 0 0 18
2018-04-27 10:50:20 ::1 POST /Service1.svc - 49474 - ::1 - - 200 0 0 77
2018-04-27 10:50:20 ::1 POST /Service1.svc - 49474 - ::1 - - 200 0 0 48
2018-04-27 10:50:20 ::1 POST /Service1.svc - 49474 - ::1 - - 200 0 0 23
2018-04-27 10:50:20 ::1 POST /Service1.svc - 49474 - ::1 - - 200 0 0 20
2018-04-27 10:50:20 ::1 POST /Service1.svc - 49474 - ::1 - - 200 0 0 34
2018-04-27 10:50:20 ::1 POST /Service1.svc - 49474 - ::1 - - 200 0 0 19
2018-04-27 10:50:20 ::1 POST /Service1.svc - 49474 - ::1 - - 200 0 0 63
2018-04-27 10:50:22 ::1 POST /Service1.svc - 49474 - ::1 - - 200 0 0 80
2018-04-27 10:50:22 ::1 POST /Service1.svc - 49474 - ::1 - - 200 0 0 59
2018-04-27 10:50:22 ::1 POST /Service1.svc - 49474 - ::1 - - 200 0 0 21
2018-04-27 10:50:22 ::1 POST /Service1.svc - 49474 - ::1 - - 200 0 0 65
2018-04-27 10:50:22 ::1 POST /Service1.svc - 49474 - ::1 - - 200 0 0 59
2018-04-27 10:50:32 ::1 POST /Service1.svc - 49474 - ::1 - - 200 0 0 21
2018-04-27 10:50:32 ::1 POST /Service1.svc - 49474 - ::1 - - 200 0 0 55
2018-04-27 10:50:32 ::1 POST /Service1.svc - 49474 - ::1 - - 200 0 0 13
2018-04-27 10:50:32 ::1 POST /Service1.svc - 49474 - ::1 - - 200 0 0 14
2018-04-27 10:50:32 ::1 POST /Service1.svc - 49474 - ::1 - - 200 0 0 13
2018-04-27 10:50:32 ::1 POST /Service1.svc - 49474 - ::1 - - 200 0 0 25
2018-04-27 10:50:32 ::1 POST /Service1.svc - 49474 - ::1 - - 200 0 0 22
2018-04-27 10:50:32 ::1 POST /Service1.svc - 49474 - ::1 - - 200 0 0 78
2018-04-27 10:50:32 ::1 POST /Service1.svc - 49474 - ::1 - - 200 0 0 57
2018-04-27 10:50:32 ::1 POST /Service1.svc - 49474 - ::1 - - 200 0 0 97
2018-04-27 10:50:32 ::1 POST /Service1.svc - 49474 - ::1 - - 200 0 0 78
2018-04-27 10:50:32 ::1 POST /Service1.svc - 49474 - ::1 - - 200 0 0 56
2018-04-27 10:50:32 ::1 POST /Service1.svc - 49474 - ::1 - - 200 0 0 84
2018-04-27 10:50:32 ::1 POST /Service1.svc - 49474 - ::1 - - 200 0 0 72
2018-04-27 10:50:32 ::1 POST /Service1.svc - 49474 - ::1 - - 200 0 0 48
2018-04-27 10:50:32 ::1 POST /Service1.svc - 49474 - ::1 - - 200 0 0 38
2018-04-27 10:50:36 ::1 POST /Service1.svc - 49474 - ::1 - - 200 0 0 46
2018-04-27 10:50:36 ::1 POST /Service1.svc - 49474 - ::1 - - 200 0 0 90
2018-04-27 10:50:36 ::1 POST /Service1.svc - 49474 - ::1 - - 200 0 0 43
2018-04-27 10:50:36 ::1 POST /Service1.svc - 49474 - ::1 - - 200 0 0 73
2018-04-27 10:50:36 ::1 POST /Service1.svc - 49474 - ::1 - - 200 0 0 20
2018-04-27 10:50:36 ::1 POST /Service1.svc - 49474 - ::1 - - 200 0 0 17
2018-04-27 10:50:36 ::1 POST /Service1.svc - 49474 - ::1 - - 200 0 0 39
2018-04-27 10:50:36 ::1 POST /Service1.svc - 49474 - ::1 - - 200 0 0 47
2018-04-27 10:50:36 ::1 POST /Service1.svc - 49474 - ::1 - - 200 0 0 56
2018-04-27 10:50:36 ::1 POST /Service1.svc - 49474 - ::1 - - 200 0 0 20
2018-04-27 10:50:36 ::1 POST /Service1.svc - 49474 - ::1 - - 200 0 0 20
2018-04-27 10:50:36 ::1 POST /Service1.svc - 49474 - ::1 - - 200 0 0 19
2018-04-27 10:50:43 ::1 POST /Service1.svc - 49474 - ::1 - - 200 0 0 14
2018-04-27 10:50:43 ::1 POST /Service1.svc - 49474 - ::1 - - 200 0 0 76
2018-04-27 10:50:43 ::1 POST /Service1.svc - 49474 - ::1 - - 200 0 0 39
2018-04-27 10:50:43 ::1 POST /Service1.svc - 49474 - ::1 - - 200 0 0 21
2018-04-27 10:50:43 ::1 POST /Service1.svc - 49474 - ::1 - - 200 0 0 22
2018-04-27 10:50:43 ::1 POST /Service1.svc - 49474 - ::1 - - 200 0 0 12
2018-04-27 10:50:43 ::1 POST /Service1.svc - 49474 - ::1 - - 200 0 0 13
2018-04-27 10:50:43 ::1 POST /Service1.svc - 49474 - ::1 - - 200 0 0 20
2018-04-27 10:50:43 ::1 POST /Service1.svc - 49474 - ::1 - - 200 0 0 19
2018-04-27 10:50:43 ::1 POST /Service1.svc - 49474 - ::1 - - 200 0 0 69
2018-04-27 10:50:43 ::1 POST /Service1.svc - 49474 - ::1 - - 200 0 0 143
2018-04-27 10:50:43 ::1 POST /Service1.svc - 49474 - ::1 - - 200 0 0 45
2018-04-27 10:50:43 ::1 POST /Service1.svc - 49474 - ::1 - - 200 0 0 144
2018-04-27 10:50:47 ::1 POST /Service1.svc - 49474 - ::1 - - 200 0 0 11
2018-04-27 10:50:47 ::1 POST /Service1.svc - 49474 - ::1 - - 200 0 0 17
2018-04-27 10:50:47 ::1 POST /Service1.svc - 49474 - ::1 - - 200 0 0 14
2018-04-27 10:50:47 ::1 POST /Service1.svc - 49474 - ::1 - - 200 0 0 15
2018-04-27 10:50:47 ::1 POST /Service1.svc - 49474 - ::1 - - 200 0 0 12
2018-04-27 10:50:47 ::1 POST /Service1.svc - 49474 - ::1 - - 200 0 0 12
2018-04-27 10:50:47 ::1 POST /Service1.svc - 49474 - ::1 - - 200 0 0 13
2018-04-27 10:50:47 ::1 POST /Service1.svc - 49474 - ::1 - - 200 0 0 12
2018-04-27 10:50:47 ::1 POST /Service1.svc - 49474 - ::1 - - 200 0 0 12
2018-04-27 10:50:47 ::1 POST /Service1.svc - 49474 - ::1 - - 200 0 0 20
2018-04-27 10:50:47 ::1 POST /Service1.svc - 49474 - ::1 - - 200 0 0 61
2018-04-27 10:50:47 ::1 POST /Service1.svc - 49474 - ::1 - - 200 0 0 61
2018-04-27 10:50:47 ::1 POST /Service1.svc - 49474 - ::1 - - 200 0 0 44
2018-04-27 10:50:47 ::1 POST /Service1.svc - 49474 - ::1 - - 200 0 0 23
2018-04-27 10:50:47 ::1 POST /Service1.svc - 49474 - ::1 - - 200 0 0 58
2018-04-27 10:50:47 ::1 POST /Service1.svc - 49474 - ::1 - - 200 0 0 136
2018-04-27 10:50:47 ::1 POST /Service1.svc - 49474 - ::1 - - 200 0 0 14
2018-04-27 10:50:47 ::1 POST /Service1.svc - 49474 - ::1 - - 200 0 0 13
2018-04-27 10:50:47 ::1 POST /Service1.svc - 49474 - ::1 - - 200 0 0 13
2018-04-27 10:50:47 ::1 POST /Service1.svc - 49474 - ::1 - - 200 0 0 13
2018-04-27 10:50:47 ::1 POST /Service1.svc - 49474 - ::1 - - 200 0 0 13
2018-04-27 10:50:47 ::1 POST /Service1.svc - 49474 - ::1 - - 200 0 0 13
2018-04-27 10:50:47 ::1 POST /Service1.svc - 49474 - ::1 - - 200 0 0 14
2018-04-27 10:50:47 ::1 POST /Service1.svc - 49474 - ::1 - - 200 0 0 16
2018-04-27 10:50:47 ::1 POST /Service1.svc - 49474 - ::1 - - 200 0 0 31
2018-04-27 10:50:55 ::1 POST /Service1.svc - 49474 - ::1 - - 200 0 0 45
2018-04-27 10:50:55 ::1 POST /Service1.svc - 49474 - ::1 - - 200 0 0 16
2018-04-27 10:50:55 ::1 POST /Service1.svc - 49474 - ::1 - - 200 0 0 92
2018-04-27 10:50:57 ::1 POST /Service1.svc - 49474 - ::1 - - 200 0 0 26
2018-04-27 10:50:57 ::1 POST /Service1.svc - 49474 - ::1 - - 200 0 0 21
2018-04-27 10:50:57 ::1 POST /Service1.svc - 49474 - ::1 - - 200 0 0 69
2018-04-27 10:50:59 ::1 POST /Service1.svc - 49474 - ::1 - - 200 0 0 21
2018-04-27 10:51:38 ::1 POST /Service1.svc - 49474 - ::1 - - 200 0 0 525
2018-04-27 10:51:40 ::1 POST /Service1.svc - 49474 - ::1 - - 200 0 0 21
2018-04-27 10:51:40 ::1 POST /Service1.svc - 49474 - ::1 - - 200 0 0 24
2018-04-27 10:51:40 ::1 POST /Service1.svc - 49474 - ::1 - - 200 0 0 25
2018-04-27 10:51:40 ::1 POST /Service1.svc - 49474 - ::1 - - 200 0 0 78
2018-04-27 10:51:40 ::1 POST /Service1.svc - 49474 - ::1 - - 200 0 0 57
2018-04-27 10:51:40 ::1 POST /Service1.svc - 49474 - ::1 - - 200 0 0 24
2018-04-27 10:51:40 ::1 POST /Service1.svc - 49474 - ::1 - - 200 0 0 22
2018-04-27 10:51:40 ::1 POST /Service1.svc - 49474 - ::1 - - 200 0 0 21
2018-04-27 10:51:40 ::1 POST /Service1.svc - 49474 - ::1 - - 200 0 0 23
2018-04-27 10:51:40 ::1 POST /Service1.svc - 49474 - ::1 - - 200 0 0 24
2018-04-27 10:51:40 ::1 POST /Service1.svc - 49474 - ::1 - - 200 0 0 42
2018-04-27 10:51:40 ::1 POST /Service1.svc - 49474 - ::1 - - 200 0 0 54
2018-04-27 10:51:40 ::1 POST /Service1.svc - 49474 - ::1 - - 200 0 0 136
2018-04-27 10:51:41 ::1 POST /Service1.svc - 49474 - ::1 - - 200 0 0 170
2018-04-27 10:51:45 ::1 POST /Service1.svc - 49474 - ::1 - - 200 0 0 16
2018-04-27 10:51:45 ::1 POST /Service1.svc - 49474 - ::1 - - 200 0 0 21
2018-04-27 10:51:45 ::1 POST /Service1.svc - 49474 - ::1 - - 200 0 0 68
2018-04-27 10:51:45 ::1 POST /Service1.svc - 49474 - ::1 - - 200 0 0 68
2018-04-27 10:51:45 ::1 POST /Service1.svc - 49474 - ::1 - - 200 0 0 21
2018-04-27 10:51:45 ::1 POST /Service1.svc - 49474 - ::1 - - 200 0 0 19
2018-04-27 10:51:45 ::1 POST /Service1.svc - 49474 - ::1 - - 200 0 0 14
2018-04-27 10:51:45 ::1 POST /Service1.svc - 49474 - ::1 - - 200 0 0 19
2018-04-27 10:51:45 ::1 POST /Service1.svc - 49474 - ::1 - - 200 0 0 19
2018-04-27 10:51:45 ::1 POST /Service1.svc - 49474 - ::1 - - 200 0 0 17
2018-04-27 10:51:45 ::1 POST /Service1.svc - 49474 - ::1 - - 200 0 0 102
2018-04-27 10:51:45 ::1 POST /Service1.svc - 49474 - ::1 - - 200 0 0 47
2018-04-27 10:51:48 ::1 POST /Service1.svc - 49474 - ::1 - - 200 0 0 56
2018-04-27 10:51:48 ::1 POST /Service1.svc - 49474 - ::1 - - 200 0 0 29
2018-04-27 10:51:48 ::1 POST /Service1.svc - 49474 - ::1 - - 200 0 0 18
2018-04-27 10:51:48 ::1 POST /Service1.svc - 49474 - ::1 - - 200 0 0 20
2018-04-27 10:51:48 ::1 POST /Service1.svc - 49474 - ::1 - - 200 0 0 20
2018-04-27 10:51:48 ::1 POST /Service1.svc - 49474 - ::1 - - 200 0 0 20
2018-04-27 10:51:48 ::1 POST /Service1.svc - 49474 - ::1 - - 200 0 0 45
2018-04-27 10:51:48 ::1 POST /Service1.svc - 49474 - ::1 - - 200 0 0 31
2018-04-27 10:51:48 ::1 POST /Service1.svc - 49474 - ::1 - - 200 0 0 41
2018-04-27 10:51:48 ::1 POST /Service1.svc - 49474 - ::1 - - 200 0 0 20
2018-04-27 10:51:48 ::1 POST /Service1.svc - 49474 - ::1 - - 200 0 0 29
2018-04-27 10:51:48 ::1 POST /Service1.svc - 49474 - ::1 - - 200 0 0 27
2018-04-27 10:51:48 ::1 POST /Service1.svc - 49474 - ::1 - - 200 0 0 34
2018-04-27 10:51:48 ::1 POST /Service1.svc - 49474 - ::1 - - 200 0 0 103
2018-04-27 10:51:48 ::1 POST /Service1.svc - 49474 - ::1 - - 200 0 0 23
2018-04-27 10:51:48 ::1 POST /Service1.svc - 49474 - ::1 - - 200 0 0 40
2018-04-27 10:51:50 ::1 POST /Service1.svc - 49474 - ::1 - - 200 0 0 11
2018-04-27 10:51:50 ::1 POST /Service1.svc - 49474 - ::1 - - 200 0 0 16
2018-04-27 10:51:50 ::1 POST /Service1.svc - 49474 - ::1 - - 200 0 0 28
2018-04-27 10:51:50 ::1 POST /Service1.svc - 49474 - ::1 - - 200 0 0 110
2018-04-27 10:51:50 ::1 POST /Service1.svc - 49474 - ::1 - - 200 0 0 35
2018-04-27 10:51:50 ::1 POST /Service1.svc - 49474 - ::1 - - 200 0 0 97
2018-04-27 10:51:50 ::1 POST /Service1.svc - 49474 - ::1 - - 200 0 0 43
2018-04-27 10:51:50 ::1 POST /Service1.svc - 49474 - ::1 - - 200 0 0 23
2018-04-27 10:51:50 ::1 POST /Service1.svc - 49474 - ::1 - - 200 0 0 21
2018-04-27 10:51:50 ::1 POST /Service1.svc - 49474 - ::1 - - 200 0 0 36
2018-04-27 10:51:50 ::1 POST /Service1.svc - 49474 - ::1 - - 200 0 0 54
2018-04-27 10:51:50 ::1 POST /Service1.svc - 49474 - ::1 - - 200 0 0 46
2018-04-27 10:51:50 ::1 POST /Service1.svc - 49474 - ::1 - - 200 0 0 23
2018-04-27 10:51:50 ::1 POST /Service1.svc - 49474 - ::1 - - 200 0 0 19
2018-04-27 10:51:50 ::1 POST /Service1.svc - 49474 - ::1 - - 200 0 0 31
2018-04-27 10:51:50 ::1 POST /Service1.svc - 49474 - ::1 - - 200 0 0 20
2018-04-27 10:51:50 ::1 POST /Service1.svc - 49474 - ::1 - - 200 0 0 159
2018-04-27 10:51:50 ::1 POST /Service1.svc - 49474 - ::1 - - 200 0 0 21
2018-04-27 10:51:50 ::1 POST /Service1.svc - 49474 - ::1 - - 200 0 0 14
2018-04-27 10:51:50 ::1 POST /Service1.svc - 49474 - ::1 - - 200 0 0 12
2018-04-27 10:51:50 ::1 POST /Service1.svc - 49474 - ::1 - - 200 0 0 17
2018-04-27 10:51:50 ::1 POST /Service1.svc - 49474 - ::1 - - 200 0 0 14
2018-04-27 10:51:50 ::1 POST /Service1.svc - 49474 - ::1 - - 200 0 0 22
2018-04-27 10:51:51 ::1 POST /Service1.svc - 49474 - ::1 - - 200 0 0 189
2018-04-27 10:51:51 ::1 POST /Service1.svc - 49474 - ::1 - - 200 0 0 181
2018-04-27 10:51:51 ::1 POST /Service1.svc - 49474 - ::1 - - 200 0 0 90
2018-04-27 10:51:51 ::1 POST /Service1.svc - 49474 - ::1 - - 200 0 0 77
2018-04-27 10:51:51 ::1 POST /Service1.svc - 49474 - ::1 - - 200 0 0 41
2018-04-27 10:51:51 ::1 POST /Service1.svc - 49474 - ::1 - - 200 0 0 52
2018-04-27 10:51:54 ::1 POST /Service1.svc - 49474 - ::1 - - 200 0 0 189
2018-04-27 10:52:04 ::1 POST /Service1.svc - 49474 - ::1 - - 200 0 0 136
2018-04-27 10:52:16 ::1 POST /Service1.svc - 49474 - ::1 - - 200 0 0 32
2018-04-27 10:52:16 ::1 POST /Service1.svc - 49474 - ::1 - - 200 0 0 20
2018-04-27 10:52:16 ::1 POST /Service1.svc - 49474 - ::1 - - 200 0 0 32
2018-04-27 10:52:17 ::1 POST /Service1.svc - 49474 - ::1 - - 200 0 0 19
2018-04-27 10:52:17 ::1 POST /Service1.svc - 49474 - ::1 - - 200 0 0 19
2018-04-27 10:52:17 ::1 POST /Service1.svc - 49474 - ::1 - - 200 0 0 73
2018-04-27 10:52:20 ::1 POST /Service1.svc - 49474 - ::1 - - 200 0 0 28
2018-04-27 10:52:29 ::1 POST /Service1.svc - 49474 - ::1 - - 200 0 0 91
2018-04-27 10:52:29 ::1 POST /Service1.svc - 49474 - ::1 - - 200 0 0 802
2018-04-27 10:52:32 ::1 POST /Service1.svc - 49474 - ::1 - - 200 0 0 18
2018-04-27 10:52:32 ::1 POST /Service1.svc - 49474 - ::1 - - 200 0 0 18
2018-04-27 10:52:32 ::1 POST /Service1.svc - 49474 - ::1 - - 200 0 0 23
2018-04-27 10:52:32 ::1 POST /Service1.svc - 49474 - ::1 - - 200 0 0 35
2018-04-27 10:52:32 ::1 POST /Service1.svc - 49474 - ::1 - - 200 0 0 34
2018-04-27 10:52:37 ::1 POST /Service1.svc - 49474 - ::1 - - 200 0 0 29
2018-04-27 10:52:37 ::1 POST /Service1.svc - 49474 - ::1 - - 200 0 0 19
2018-04-27 10:52:37 ::1 POST /Service1.svc - 49474 - ::1 - - 200 0 0 20
2018-04-27 10:52:37 ::1 POST /Service1.svc - 49474 - ::1 - - 200 0 0 19
2018-04-27 10:52:37 ::1 POST /Service1.svc - 49474 - ::1 - - 200 0 0 14
2018-04-27 10:52:41 ::1 POST /Service1.svc - 49474 - ::1 - - 200 0 0 12
2018-04-27 10:52:41 ::1 POST /Service1.svc - 49474 - ::1 - - 200 0 0 19
2018-04-27 10:52:41 ::1 POST /Service1.svc - 49474 - ::1 - - 200 0 0 49
2018-04-27 10:52:41 ::1 POST /Service1.svc - 49474 - ::1 - - 200 0 0 22
2018-04-27 10:52:41 ::1 POST /Service1.svc - 49474 - ::1 - - 200 0 0 22
2018-04-27 10:52:42 ::1 POST /Service1.svc - 49474 - ::1 - - 200 0 0 21
2018-04-27 10:52:42 ::1 POST /Service1.svc - 49474 - ::1 - - 200 0 0 18
2018-04-27 10:52:42 ::1 POST /Service1.svc - 49474 - ::1 - - 200 0 0 45
2018-04-27 10:52:42 ::1 POST /Service1.svc - 49474 - ::1 - - 200 0 0 22
2018-04-27 10:52:42 ::1 POST /Service1.svc - 49474 - ::1 - - 200 0 0 32
2018-04-27 10:52:51 ::1 POST /Service1.svc - 49474 - ::1 - - 200 0 0 121
2018-04-27 10:52:51 ::1 POST /Service1.svc - 49474 - ::1 - - 200 0 0 85
2018-04-27 10:53:21 ::1 POST /Service1.svc - 49474 - ::1 - - 200 0 0 21
2018-04-27 10:53:21 ::1 POST /Service1.svc - 49474 - ::1 - - 200 0 0 21
2018-04-27 10:53:21 ::1 POST /Service1.svc - 49474 - ::1 - - 200 0 0 54
2018-04-27 10:53:21 ::1 POST /Service1.svc - 49474 - ::1 - - 200 0 0 49
2018-04-27 10:53:21 ::1 POST /Service1.svc - 49474 - ::1 - - 200 0 0 66
2018-04-27 10:53:21 ::1 POST /Service1.svc - 49474 - ::1 - - 200 0 0 25
2018-04-27 10:53:21 ::1 POST /Service1.svc - 49474 - ::1 - - 200 0 0 19
2018-04-27 10:53:21 ::1 POST /Service1.svc - 49474 - ::1 - - 200 0 0 40
2018-04-27 10:53:21 ::1 POST /Service1.svc - 49474 - ::1 - - 200 0 0 30
2018-04-27 10:53:21 ::1 POST /Service1.svc - 49474 - ::1 - - 200 0 0 35
2018-04-27 10:53:21 ::1 POST /Service1.svc - 49474 - ::1 - - 200 0 0 48
2018-04-27 10:53:21 ::1 POST /Service1.svc - 49474 - ::1 - - 200 0 0 147
2018-04-27 10:53:21 ::1 POST /Service1.svc - 49474 - ::1 - - 200 0 0 37
2018-04-27 10:53:21 ::1 POST /Service1.svc - 49474 - ::1 - - 200 0 0 38
2018-04-27 10:53:21 ::1 POST /Service1.svc - 49474 - ::1 - - 200 0 0 22
2018-04-27 10:53:21 ::1 POST /Service1.svc - 49474 - ::1 - - 200 0 0 51
2018-04-27 10:53:21 ::1 POST /Service1.svc - 49474 - ::1 - - 200 0 0 58
2018-04-27 10:53:26 ::1 POST /Service1.svc - 49474 - ::1 - - 200 0 0 22
2018-04-27 10:53:26 ::1 POST /Service1.svc - 49474 - ::1 - - 200 0 0 23
2018-04-27 10:53:26 ::1 POST /Service1.svc - 49474 - ::1 - - 200 0 0 50
2018-04-27 10:53:26 ::1 POST /Service1.svc - 49474 - ::1 - - 200 0 0 21
2018-04-27 10:53:26 ::1 POST /Service1.svc - 49474 - ::1 - - 200 0 0 29
2018-04-27 10:53:27 ::1 POST /Service1.svc - 49474 - ::1 - - 200 0 0 14
2018-04-27 10:53:27 ::1 POST /Service1.svc - 49474 - ::1 - - 200 0 0 50
2018-04-27 10:53:27 ::1 POST /Service1.svc - 49474 - ::1 - - 200 0 0 18
2018-04-27 10:53:27 ::1 POST /Service1.svc - 49474 - ::1 - - 200 0 0 21
2018-04-27 10:53:27 ::1 POST /Service1.svc - 49474 - ::1 - - 200 0 0 62
2018-04-27 10:53:27 ::1 POST /Service1.svc - 49474 - ::1 - - 200 0 0 54
2018-04-27 10:53:27 ::1 POST /Service1.svc - 49474 - ::1 - - 200 0 0 19
2018-04-27 10:53:27 ::1 POST /Service1.svc - 49474 - ::1 - - 200 0 0 25
2018-04-27 10:53:27 ::1 POST /Service1.svc - 49474 - ::1 - - 200 0 0 39
2018-04-27 10:53:27 ::1 POST /Service1.svc - 49474 - ::1 - - 200 0 0 53
2018-04-27 10:53:37 ::1 POST /Service1.svc - 49474 - ::1 - - 200 0 0 18
2018-04-27 10:53:37 ::1 POST /Service1.svc - 49474 - ::1 - - 200 0 0 60
2018-04-27 10:53:37 ::1 POST /Service1.svc - 49474 - ::1 - - 200 0 0 41
2018-04-27 10:53:37 ::1 POST /Service1.svc - 49474 - ::1 - - 200 0 0 59
2018-04-27 10:53:37 ::1 POST /Service1.svc - 49474 - ::1 - - 200 0 0 26
2018-04-27 10:53:37 ::1 POST /Service1.svc - 49474 - ::1 - - 200 0 0 19
2018-04-27 10:53:37 ::1 POST /Service1.svc - 49474 - ::1 - - 200 0 0 19
2018-04-27 10:53:37 ::1 POST /Service1.svc - 49474 - ::1 - - 200 0 0 82
2018-04-27 10:53:37 ::1 POST /Service1.svc - 49474 - ::1 - - 200 0 0 26
2018-04-27 10:53:37 ::1 POST /Service1.svc - 49474 - ::1 - - 200 0 0 20
2018-04-27 10:53:37 ::1 POST /Service1.svc - 49474 - ::1 - - 200 0 0 20
2018-04-27 10:53:37 ::1 POST /Service1.svc - 49474 - ::1 - - 200 0 0 36
2018-04-27 10:53:37 ::1 POST /Service1.svc - 49474 - ::1 - - 200 0 0 77
2018-04-27 10:53:37 ::1 POST /Service1.svc - 49474 - ::1 - - 200 0 0 32
2018-04-27 10:53:37 ::1 POST /Service1.svc - 49474 - ::1 - - 200 0 0 19
2018-04-27 10:53:37 ::1 POST /Service1.svc - 49474 - ::1 - - 200 0 0 97
2018-04-27 10:53:37 ::1 POST /Service1.svc - 49474 - ::1 - - 200 0 0 21
2018-04-27 10:53:37 ::1 POST /Service1.svc - 49474 - ::1 - - 200 0 0 87
2018-04-27 10:53:38 ::1 POST /Service1.svc - 49474 - ::1 - - 200 0 0 42
2018-04-27 10:53:38 ::1 POST /Service1.svc - 49474 - ::1 - - 200 0 0 41
2018-04-27 10:53:38 ::1 POST /Service1.svc - 49474 - ::1 - - 200 0 0 89
2018-04-27 10:53:38 ::1 POST /Service1.svc - 49474 - ::1 - - 200 0 0 21
2018-04-27 10:53:38 ::1 POST /Service1.svc - 49474 - ::1 - - 200 0 0 20
2018-04-27 10:53:38 ::1 POST /Service1.svc - 49474 - ::1 - - 200 0 0 34
2018-04-27 10:53:38 ::1 POST /Service1.svc - 49474 - ::1 - - 200 0 0 150
2018-04-27 10:53:38 ::1 POST /Service1.svc - 49474 - ::1 - - 200 0 0 23
2018-04-27 10:53:38 ::1 POST /Service1.svc - 49474 - ::1 - - 200 0 0 21
2018-04-27 10:53:38 ::1 POST /Service1.svc - 49474 - ::1 - - 200 0 0 21
2018-04-27 10:53:38 ::1 POST /Service1.svc - 49474 - ::1 - - 200 0 0 28
2018-04-27 10:53:38 ::1 POST /Service1.svc - 49474 - ::1 - - 200 0 0 110
2018-04-27 10:53:38 ::1 POST /Service1.svc - 49474 - ::1 - - 200 0 0 80
2018-04-27 10:53:38 ::1 POST /Service1.svc - 49474 - ::1 - - 200 0 0 27
2018-04-27 10:53:43 ::1 POST /Service1.svc - 49474 - ::1 - - 200 0 0 63
2018-04-27 10:53:43 ::1 POST /Service1.svc - 49474 - ::1 - - 200 0 0 39
2018-04-27 10:53:43 ::1 POST /Service1.svc - 49474 - ::1 - - 200 0 0 30
2018-04-27 10:53:43 ::1 POST /Service1.svc - 49474 - ::1 - - 200 0 0 20
2018-04-27 10:53:43 ::1 POST /Service1.svc - 49474 - ::1 - - 200 0 0 20
2018-04-27 10:53:43 ::1 POST /Service1.svc - 49474 - ::1 - - 200 0 0 17
2018-04-27 10:53:43 ::1 POST /Service1.svc - 49474 - ::1 - - 200 0 0 63
2018-04-27 10:53:43 ::1 POST /Service1.svc - 49474 - ::1 - - 200 0 0 43
2018-04-27 10:53:43 ::1 POST /Service1.svc - 49474 - ::1 - - 200 0 0 21
2018-04-27 10:53:43 ::1 POST /Service1.svc - 49474 - ::1 - - 200 0 0 80
2018-04-27 10:53:43 ::1 POST /Service1.svc - 49474 - ::1 - - 200 0 0 25
2018-04-27 10:53:43 ::1 POST /Service1.svc - 49474 - ::1 - - 200 0 0 35
2018-04-27 10:53:43 ::1 POST /Service1.svc - 49474 - ::1 - - 200 0 0 119
2018-04-27 10:53:43 ::1 POST /Service1.svc - 49474 - ::1 - - 200 0 0 21
2018-04-27 10:53:43 ::1 POST /Service1.svc - 49474 - ::1 - - 200 0 0 14
2018-04-27 10:53:43 ::1 POST /Service1.svc - 49474 - ::1 - - 200 0 0 14
2018-04-27 10:53:43 ::1 POST /Service1.svc - 49474 - ::1 - - 200 0 0 19
2018-04-27 10:53:56 ::1 POST /Service1.svc - 49474 - ::1 - - 200 0 0 21
2018-04-27 10:53:56 ::1 POST /Service1.svc - 49474 - ::1 - - 200 0 0 80
2018-04-27 10:53:57 ::1 POST /Service1.svc - 49474 - ::1 - - 200 0 0 17
2018-04-27 10:53:57 ::1 POST /Service1.svc - 49474 - ::1 - - 200 0 0 96
2018-04-27 10:53:57 ::1 POST /Service1.svc - 49474 - ::1 - - 200 0 0 91
2018-04-27 10:53:57 ::1 POST /Service1.svc - 49474 - ::1 - - 200 0 0 30
2018-04-27 10:53:57 ::1 POST /Service1.svc - 49474 - ::1 - - 200 0 0 83
2018-04-27 10:53:57 ::1 POST /Service1.svc - 49474 - ::1 - - 200 0 0 30
2018-04-27 10:53:57 ::1 POST /Service1.svc - 49474 - ::1 - - 200 0 0 28
2018-04-27 10:53:57 ::1 POST /Service1.svc - 49474 - ::1 - - 200 0 0 36
2018-04-27 10:53:57 ::1 POST /Service1.svc - 49474 - ::1 - - 200 0 0 113
2018-04-27 10:53:57 ::1 POST /Service1.svc - 49474 - ::1 - - 200 0 0 35
2018-04-27 10:54:01 ::1 POST /Service1.svc - 49474 - ::1 - - 200 0 0 25
2018-04-27 10:54:01 ::1 POST /Service1.svc - 49474 - ::1 - - 200 0 0 82
2018-04-27 10:54:01 ::1 POST /Service1.svc - 49474 - ::1 - - 200 0 0 27
2018-04-27 10:54:01 ::1 POST /Service1.svc - 49474 - ::1 - - 200 0 0 15
2018-04-27 10:54:01 ::1 POST /Service1.svc - 49474 - ::1 - - 200 0 0 13
2018-04-27 10:54:01 ::1 POST /Service1.svc - 49474 - ::1 - - 200 0 0 13
2018-04-27 10:54:01 ::1 POST /Service1.svc - 49474 - ::1 - - 200 0 0 13
2018-04-27 10:54:01 ::1 POST /Service1.svc - 49474 - ::1 - - 200 0 0 13
2018-04-27 10:54:01 ::1 POST /Service1.svc - 49474 - ::1 - - 200 0 0 11
2018-04-27 10:54:01 ::1 POST /Service1.svc - 49474 - ::1 - - 200 0 0 21
2018-04-27 10:54:01 ::1 POST /Service1.svc - 49474 - ::1 - - 200 0 0 32
2018-04-27 10:54:01 ::1 POST /Service1.svc - 49474 - ::1 - - 200 0 0 138
