#Software: Microsoft Internet Information Services 10.0
#Version: 1.0
#Date: 2018-04-19 03:43:28
#Fields: date time s-ip cs-method cs-uri-stem cs-uri-query s-port cs-username c-ip cs(User-Agent) cs(Referer) sc-status sc-substatus sc-win32-status time-taken
2018-04-19 03:43:28 ::1 POST /Service1.svc - 49474 - ::1 - - 415 0 0 56235
2018-04-19 03:43:28 ::1 POST /Service1.svc/mex - 49474 - ::1 - - 415 0 0 20
2018-04-19 03:43:32 ::1 GET /Service1.svc - 49474 - ::1 Mozilla/4.0+(compatible;+MSIE+6.0;+MS+Web+Services+Client+Protocol+4.0.30319.42000) - 200 0 0 3873
2018-04-19 03:43:32 ::1 GET /Service1.svc disco 49474 - ::1 Mozilla/4.0+(compatible;+MSIE+6.0;+MS+Web+Services+Client+Protocol+4.0.30319.42000) - 200 0 0 105
2018-04-19 03:43:32 ::1 GET /Service1.svc wsdl 49474 - ::1 Mozilla/4.0+(compatible;+MSIE+6.0;+MS+Web+Services+Client+Protocol+4.0.30319.42000) - 200 0 0 184
2018-04-19 03:43:34 ::1 GET /Service1.svc xsd=xsd0 49474 - ::1 Mozilla/4.0+(compatible;+MSIE+6.0;+MS+Web+Services+Client+Protocol+4.0.30319.42000) - 200 0 0 1431
2018-04-19 03:43:34 ::1 GET /Service1.svc xsd=xsd2 49474 - ::1 Mozilla/4.0+(compatible;+MSIE+6.0;+MS+Web+Services+Client+Protocol+4.0.30319.42000) - 200 0 0 7
2018-04-19 03:43:34 ::1 GET /Service1.svc xsd=xsd3 49474 - ::1 Mozilla/4.0+(compatible;+MSIE+6.0;+MS+Web+Services+Client+Protocol+4.0.30319.42000) - 200 0 0 6
2018-04-19 03:43:34 ::1 GET /Service1.svc xsd=xsd1 49474 - ::1 Mozilla/4.0+(compatible;+MSIE+6.0;+MS+Web+Services+Client+Protocol+4.0.30319.42000) - 200 0 0 11
2018-04-19 03:44:08 ::1 GET /Service1.svc - 49474 - ::1 Mozilla/4.0+(compatible;+MSIE+6.0;+MS+Web+Services+Client+Protocol+4.0.30319.42000) - 200 0 0 71
2018-04-19 03:44:08 ::1 GET /Service1.svc disco 49474 - ::1 Mozilla/4.0+(compatible;+MSIE+6.0;+MS+Web+Services+Client+Protocol+4.0.30319.42000) - 200 0 0 40
2018-04-19 03:44:08 ::1 GET /Service1.svc/$metadata - 49474 - ::1 Mozilla/4.0+(compatible;+MSIE+6.0;+MS+Web+Services+Client+Protocol+4.0.30319.42000) - 400 0 0 440
2018-04-19 03:44:08 ::1 GET /Service1.svc wsdl 49474 - ::1 Mozilla/4.0+(compatible;+MSIE+6.0;+MS+Web+Services+Client+Protocol+4.0.30319.42000) - 200 0 0 94
2018-04-19 03:44:08 ::1 GET /Service1.svc xsd=xsd0 49474 - ::1 Mozilla/4.0+(compatible;+MSIE+6.0;+MS+Web+Services+Client+Protocol+4.0.30319.42000) - 200 0 0 8
2018-04-19 03:44:08 ::1 GET /Service1.svc xsd=xsd2 49474 - ::1 Mozilla/4.0+(compatible;+MSIE+6.0;+MS+Web+Services+Client+Protocol+4.0.30319.42000) - 200 0 0 9
2018-04-19 03:44:08 ::1 GET /Service1.svc xsd=xsd3 49474 - ::1 Mozilla/4.0+(compatible;+MSIE+6.0;+MS+Web+Services+Client+Protocol+4.0.30319.42000) - 200 0 0 24
2018-04-19 03:44:08 ::1 GET /Service1.svc xsd=xsd1 49474 - ::1 Mozilla/4.0+(compatible;+MSIE+6.0;+MS+Web+Services+Client+Protocol+4.0.30319.42000) - 200 0 0 42
2018-04-19 03:44:13 ::1 POST /Service1.svc/mex - 49474 - ::1 - - 415 0 0 37
2018-04-19 03:44:13 ::1 POST /Service1.svc - 49474 - ::1 - - 415 0 0 37
2018-04-19 03:44:42 ::1 GET /Service1.svc - 49474 - ::1 Mozilla/4.0+(compatible;+MSIE+6.0;+MS+Web+Services+Client+Protocol+4.0.30319.42000) - 200 0 0 29
2018-04-19 03:44:42 ::1 GET /Service1.svc/$metadata - 49474 - ::1 Mozilla/4.0+(compatible;+MSIE+6.0;+MS+Web+Services+Client+Protocol+4.0.30319.42000) - 400 0 0 199
2018-04-19 03:44:42 ::1 GET /Service1.svc disco 49474 - ::1 Mozilla/4.0+(compatible;+MSIE+6.0;+MS+Web+Services+Client+Protocol+4.0.30319.42000) - 200 0 0 251
2018-04-19 03:44:42 ::1 POST /Service1.svc - 49474 - ::1 - - 415 0 0 327
2018-04-19 03:44:42 ::1 POST /Service1.svc/mex - 49474 - ::1 - - 415 0 0 354
2018-04-19 03:44:42 ::1 GET /Service1.svc wsdl 49474 - ::1 Mozilla/4.0+(compatible;+MSIE+6.0;+MS+Web+Services+Client+Protocol+4.0.30319.42000) - 200 0 0 156
2018-04-19 03:44:42 ::1 GET /Service1.svc xsd=xsd0 49474 - ::1 Mozilla/4.0+(compatible;+MSIE+6.0;+MS+Web+Services+Client+Protocol+4.0.30319.42000) - 200 0 0 39
2018-04-19 03:44:42 ::1 GET /Service1.svc xsd=xsd2 49474 - ::1 Mozilla/4.0+(compatible;+MSIE+6.0;+MS+Web+Services+Client+Protocol+4.0.30319.42000) - 200 0 0 16
2018-04-19 03:44:42 ::1 GET /Service1.svc xsd=xsd3 49474 - ::1 Mozilla/4.0+(compatible;+MSIE+6.0;+MS+Web+Services+Client+Protocol+4.0.30319.42000) - 200 0 0 42
2018-04-19 03:44:42 ::1 GET /Service1.svc xsd=xsd1 49474 - ::1 Mozilla/4.0+(compatible;+MSIE+6.0;+MS+Web+Services+Client+Protocol+4.0.30319.42000) - 200 0 0 16
2018-04-19 03:45:26 ::1 POST /Service1.svc - 49474 - ::1 - - 200 0 0 3431
2018-04-19 03:45:31 ::1 POST /Service1.svc - 49474 - ::1 - - 200 0 0 315
2018-04-19 03:45:31 ::1 POST /Service1.svc - 49474 - ::1 - - 200 0 0 233
2018-04-19 03:45:31 ::1 POST /Service1.svc - 49474 - ::1 - - 200 0 0 14
2018-04-19 03:45:33 ::1 POST /Service1.svc - 49474 - ::1 - - 200 0 0 62
2018-04-19 03:45:33 ::1 POST /Service1.svc - 49474 - ::1 - - 200 0 0 695
2018-04-19 03:45:33 ::1 POST /Service1.svc - 49474 - ::1 - - 200 0 0 63
2018-04-19 03:45:36 ::1 POST /Service1.svc - 49474 - ::1 - - 200 0 0 455
2018-04-19 03:45:36 ::1 POST /Service1.svc - 49474 - ::1 - - 200 0 0 172
2018-04-19 03:45:36 ::1 POST /Service1.svc - 49474 - ::1 - - 200 0 0 158
2018-04-19 03:45:36 ::1 POST /Service1.svc - 49474 - ::1 - - 200 0 0 250
2018-04-19 03:52:56 ::1 POST /Service1.svc - 49474 - ::1 - - 200 0 0 91
2018-04-19 03:52:59 ::1 POST /Service1.svc - 49474 - ::1 - - 200 0 0 24
2018-04-19 03:53:58 ::1 POST /Service1.svc - 49474 - ::1 - - 200 0 0 130
2018-04-19 03:54:14 ::1 POST /Service1.svc - 49474 - ::1 - - 200 0 0 91
2018-04-19 03:54:16 ::1 POST /Service1.svc - 49474 - ::1 - - 200 0 0 36
2018-04-19 03:54:16 ::1 POST /Service1.svc - 49474 - ::1 - - 200 0 0 95
2018-04-19 03:54:16 ::1 POST /Service1.svc - 49474 - ::1 - - 200 0 0 40
2018-04-19 03:54:16 ::1 POST /Service1.svc - 49474 - ::1 - - 200 0 0 16
2018-04-19 03:54:16 ::1 POST /Service1.svc - 49474 - ::1 - - 200 0 0 39
2018-04-19 03:54:16 ::1 POST /Service1.svc - 49474 - ::1 - - 200 0 0 58
2018-04-19 03:54:18 ::1 POST /Service1.svc - 49474 - ::1 - - 200 0 0 32
2018-04-19 03:54:18 ::1 POST /Service1.svc - 49474 - ::1 - - 200 0 0 16
2018-04-19 03:54:18 ::1 POST /Service1.svc - 49474 - ::1 - - 200 0 0 25
2018-04-19 03:54:18 ::1 POST /Service1.svc - 49474 - ::1 - - 200 0 0 105
2018-04-19 04:03:03 ::1 POST /Service1.svc - 49474 - ::1 - - 200 0 0 107
2018-04-19 04:03:03 ::1 POST /Service1.svc - 49474 - ::1 - - 200 0 0 22
2018-04-19 04:03:03 ::1 POST /Service1.svc - 49474 - ::1 - - 200 0 0 20
2018-04-19 04:03:38 ::1 POST /Service1.svc - 49474 - ::1 - - 200 0 0 61
2018-04-19 04:07:38 ::1 POST /Service1.svc - 49474 - ::1 - - 200 0 0 27
2018-04-19 04:07:38 ::1 POST /Service1.svc - 49474 - ::1 - - 200 0 0 16
2018-04-19 04:07:38 ::1 POST /Service1.svc - 49474 - ::1 - - 200 0 0 77
2018-04-19 04:07:38 ::1 POST /Service1.svc - 49474 - ::1 - - 200 0 0 30
2018-04-19 04:07:38 ::1 POST /Service1.svc - 49474 - ::1 - - 200 0 0 37
2018-04-19 04:07:38 ::1 POST /Service1.svc - 49474 - ::1 - - 200 0 0 69
2018-04-19 04:09:23 ::1 POST /Service1.svc - 49474 - ::1 - - 200 0 0 96
#Software: Microsoft Internet Information Services 10.0
#Version: 1.0
#Date: 2018-04-19 04:47:02
#Fields: date time s-ip cs-method cs-uri-stem cs-uri-query s-port cs-username c-ip cs(User-Agent) cs(Referer) sc-status sc-substatus sc-win32-status time-taken
2018-04-19 04:47:02 ::1 POST /Service1.svc - 49474 - ::1 - - 200 0 0 135
2018-04-19 04:47:06 ::1 POST /Service1.svc - 49474 - ::1 - - 200 0 0 559
2018-04-19 04:47:06 ::1 POST /Service1.svc - 49474 - ::1 - - 200 0 0 569
2018-04-19 04:47:06 ::1 POST /Service1.svc - 49474 - ::1 - - 200 0 0 80
2018-04-19 04:47:07 ::1 POST /Service1.svc - 49474 - ::1 - - 200 0 0 14
2018-04-19 04:47:07 ::1 POST /Service1.svc - 49474 - ::1 - - 200 0 0 90
2018-04-19 04:47:07 ::1 POST /Service1.svc - 49474 - ::1 - - 200 0 0 96
2018-04-19 04:47:37 ::1 POST /Service1.svc - 49474 - ::1 - - 200 0 0 52
2018-04-19 04:58:26 ::1 POST /Service1.svc - 49474 - ::1 - - 200 0 0 103
2018-04-19 04:58:28 ::1 POST /Service1.svc - 49474 - ::1 - - 200 0 0 145
2018-04-19 04:58:28 ::1 POST /Service1.svc - 49474 - ::1 - - 200 0 0 33
2018-04-19 04:58:28 ::1 POST /Service1.svc - 49474 - ::1 - - 200 0 0 66
2018-04-19 04:58:28 ::1 POST /Service1.svc - 49474 - ::1 - - 200 0 0 91
2018-04-19 04:58:28 ::1 POST /Service1.svc - 49474 - ::1 - - 200 0 0 149
2018-04-19 04:58:28 ::1 POST /Service1.svc - 49474 - ::1 - - 200 0 0 65
2018-04-19 04:58:48 ::1 POST /Service1.svc - 49474 - ::1 - - 200 0 0 73
2018-04-19 04:59:59 ::1 POST /Service1.svc - 49474 - ::1 - - 200 0 0 113
2018-04-19 05:00:02 ::1 POST /Service1.svc - 49474 - ::1 - - 200 0 0 106
2018-04-19 05:00:02 ::1 POST /Service1.svc - 49474 - ::1 - - 200 0 0 51
2018-04-19 05:00:02 ::1 POST /Service1.svc - 49474 - ::1 - - 200 0 0 23
2018-04-19 05:00:02 ::1 POST /Service1.svc - 49474 - ::1 - - 200 0 0 35
2018-04-19 05:00:02 ::1 POST /Service1.svc - 49474 - ::1 - - 200 0 0 25
2018-04-19 05:00:02 ::1 POST /Service1.svc - 49474 - ::1 - - 200 0 0 32
2018-04-19 05:00:14 ::1 POST /Service1.svc - 49474 - ::1 - - 200 0 0 138
2018-04-19 05:00:14 ::1 POST /Service1.svc - 49474 - ::1 - - 200 0 0 218
2018-04-19 05:00:14 ::1 POST /Service1.svc - 49474 - ::1 - - 200 0 0 182
2018-04-19 05:00:16 ::1 POST /Service1.svc - 49474 - ::1 - - 200 0 0 1138
2018-04-19 05:00:29 ::1 POST /Service1.svc - 49474 - ::1 - - 200 0 0 43
#Software: Microsoft Internet Information Services 10.0
#Version: 1.0
#Date: 2018-04-19 06:13:36
#Fields: date time s-ip cs-method cs-uri-stem cs-uri-query s-port cs-username c-ip cs(User-Agent) cs(Referer) sc-status sc-substatus sc-win32-status time-taken
2018-04-19 06:13:36 ::1 POST /Service1.svc - 49474 - ::1 - - 200 0 0 805
2018-04-19 06:13:47 ::1 POST /Service1.svc - 49474 - ::1 - - 200 0 0 305
2018-04-19 06:13:49 ::1 POST /Service1.svc - 49474 - ::1 - - 200 0 0 139
2018-04-19 06:14:01 ::1 POST /Service1.svc - 49474 - ::1 - - 200 0 0 226
2018-04-19 06:14:10 ::1 POST /Service1.svc - 49474 - ::1 - - 200 0 0 199
2018-04-19 06:14:21 ::1 POST /Service1.svc - 49474 - ::1 - - 200 0 0 313
2018-04-19 06:14:41 ::1 POST /Service1.svc - 49474 - ::1 - - 200 0 0 189
2018-04-19 06:14:58 ::1 POST /Service1.svc - 49474 - ::1 - - 200 0 0 111
2018-04-19 06:15:02 ::1 POST /Service1.svc - 49474 - ::1 - - 200 0 0 259
2018-04-19 06:15:21 ::1 POST /Service1.svc - 49474 - ::1 - - 200 0 0 710
2018-04-19 06:15:36 ::1 POST /Service1.svc - 49474 - ::1 - - 200 0 0 438
2018-04-19 06:15:45 ::1 POST /Service1.svc - 49474 - ::1 - - 200 0 0 58
2018-04-19 06:28:39 ::1 POST /Service1.svc - 49474 - ::1 - - 200 0 0 134
2018-04-19 06:28:39 ::1 POST /Service1.svc - 49474 - ::1 - - 200 0 0 52
2018-04-19 06:28:39 ::1 POST /Service1.svc - 49474 - ::1 - - 200 0 0 10
2018-04-19 06:28:39 ::1 POST /Service1.svc - 49474 - ::1 - - 200 0 0 24
2018-04-19 06:28:39 ::1 POST /Service1.svc - 49474 - ::1 - - 200 0 0 18
2018-04-19 06:28:39 ::1 POST /Service1.svc - 49474 - ::1 - - 200 0 0 42
#Software: Microsoft Internet Information Services 10.0
#Version: 1.0
#Date: 2018-04-19 08:29:53
#Fields: date time s-ip cs-method cs-uri-stem cs-uri-query s-port cs-username c-ip cs(User-Agent) cs(Referer) sc-status sc-substatus sc-win32-status time-taken
2018-04-19 08:29:53 ::1 POST /Service1.svc - 49474 - ::1 - - 200 0 0 2226
2018-04-19 08:29:56 ::1 POST /Service1.svc - 49474 - ::1 - - 200 0 0 195
2018-04-19 08:29:56 ::1 POST /Service1.svc - 49474 - ::1 - - 200 0 0 55
2018-04-19 08:29:56 ::1 POST /Service1.svc - 49474 - ::1 - - 200 0 0 524
2018-04-19 08:29:57 ::1 POST /Service1.svc - 49474 - ::1 - - 200 0 0 154
2018-04-19 08:29:57 ::1 POST /Service1.svc - 49474 - ::1 - - 200 0 0 48
2018-04-19 08:29:57 ::1 POST /Service1.svc - 49474 - ::1 - - 200 0 0 293
2018-04-19 08:30:12 ::1 POST /Service1.svc - 49474 - ::1 - - 200 0 0 476
2018-04-19 08:30:12 ::1 POST /Service1.svc - 49474 - ::1 - - 200 0 0 203
2018-04-19 08:30:12 ::1 POST /Service1.svc - 49474 - ::1 - - 200 0 0 487
2018-04-19 08:30:13 ::1 POST /Service1.svc - 49474 - ::1 - - 200 0 0 323
2018-04-19 08:30:42 ::1 POST /Service1.svc - 49474 - ::1 - - 200 0 0 654
2018-04-19 08:30:43 ::1 POST /Service1.svc - 49474 - ::1 - - 200 0 0 191
2018-04-19 08:30:43 ::1 POST /Service1.svc - 49474 - ::1 - - 200 0 0 215
2018-04-19 08:30:43 ::1 POST /Service1.svc - 49474 - ::1 - - 200 0 0 249
2018-04-19 08:30:44 ::1 POST /Service1.svc - 49474 - ::1 - - 200 0 0 527
2018-04-19 08:30:44 ::1 POST /Service1.svc - 49474 - ::1 - - 200 0 0 49
2018-04-19 08:30:44 ::1 POST /Service1.svc - 49474 - ::1 - - 200 0 0 289
2018-04-19 08:30:48 ::1 POST /Service1.svc - 49474 - ::1 - - 200 0 0 221
2018-04-19 08:30:48 ::1 POST /Service1.svc - 49474 - ::1 - - 200 0 0 313
2018-04-19 08:30:49 ::1 POST /Service1.svc - 49474 - ::1 - - 200 0 0 708
2018-04-19 08:30:49 ::1 POST /Service1.svc - 49474 - ::1 - - 200 0 0 417
2018-04-19 08:31:00 ::1 POST /Service1.svc - 49474 - ::1 - - 200 0 0 199
2018-04-19 08:31:00 ::1 POST /Service1.svc - 49474 - ::1 - - 200 0 0 369
2018-04-19 08:31:02 ::1 POST /Service1.svc - 49474 - ::1 - - 200 0 0 477
2018-04-19 08:31:07 ::1 POST /Service1.svc - 49474 - ::1 - - 200 0 0 192
2018-04-19 08:32:32 ::1 POST /Service1.svc - 49474 - ::1 - - 200 0 0 162
2018-04-19 08:32:35 ::1 POST /Service1.svc - 49474 - ::1 - - 200 0 0 190
2018-04-19 08:32:35 ::1 POST /Service1.svc - 49474 - ::1 - - 200 0 0 148
2018-04-19 08:32:35 ::1 POST /Service1.svc - 49474 - ::1 - - 200 0 0 84
2018-04-19 08:32:35 ::1 POST /Service1.svc - 49474 - ::1 - - 200 0 0 48
2018-04-19 08:32:35 ::1 POST /Service1.svc - 49474 - ::1 - - 200 0 0 193
2018-04-19 08:32:35 ::1 POST /Service1.svc - 49474 - ::1 - - 200 0 0 95
2018-04-19 08:32:38 ::1 POST /Service1.svc - 49474 - ::1 - - 200 0 0 193
2018-04-19 08:32:38 ::1 POST /Service1.svc - 49474 - ::1 - - 200 0 0 202
2018-04-19 08:32:38 ::1 POST /Service1.svc - 49474 - ::1 - - 200 0 0 178
2018-04-19 08:32:38 ::1 POST /Service1.svc - 49474 - ::1 - - 200 0 0 173
2018-04-19 08:35:21 ::1 POST /Service1.svc - 49474 - ::1 - - 200 0 0 129
2018-04-19 08:35:23 ::1 POST /Service1.svc - 49474 - ::1 - - 200 0 0 178
2018-04-19 08:35:23 ::1 POST /Service1.svc - 49474 - ::1 - - 200 0 0 40
2018-04-19 08:35:23 ::1 POST /Service1.svc - 49474 - ::1 - - 200 0 0 166
2018-04-19 08:35:23 ::1 POST /Service1.svc - 49474 - ::1 - - 200 0 0 88
2018-04-19 08:35:23 ::1 POST /Service1.svc - 49474 - ::1 - - 200 0 0 105
2018-04-19 08:35:23 ::1 POST /Service1.svc - 49474 - ::1 - - 200 0 0 320
2018-04-19 08:35:34 ::1 POST /Service1.svc - 49474 - ::1 - - 200 0 0 260
2018-04-19 08:35:34 ::1 POST /Service1.svc - 49474 - ::1 - - 200 0 0 70
2018-04-19 08:35:34 ::1 POST /Service1.svc - 49474 - ::1 - - 200 0 0 143
2018-04-19 08:35:34 ::1 POST /Service1.svc - 49474 - ::1 - - 200 0 0 649
2018-04-19 08:35:49 ::1 POST /Service1.svc - 49474 - ::1 - - 200 0 0 138
#Software: Microsoft Internet Information Services 10.0
#Version: 1.0
#Date: 2018-04-19 09:14:47
#Fields: date time s-ip cs-method cs-uri-stem cs-uri-query s-port cs-username c-ip cs(User-Agent) cs(Referer) sc-status sc-substatus sc-win32-status time-taken
2018-04-19 09:14:47 ::1 POST /Service1.svc - 49474 - ::1 - - 200 0 0 263
2018-04-19 09:14:52 ::1 POST /Service1.svc - 49474 - ::1 - - 200 0 0 47
2018-04-19 09:14:52 ::1 POST /Service1.svc - 49474 - ::1 - - 200 0 0 97
2018-04-19 09:14:52 ::1 POST /Service1.svc - 49474 - ::1 - - 200 0 0 61
2018-04-19 09:14:52 ::1 POST /Service1.svc - 49474 - ::1 - - 200 0 0 17
2018-04-19 09:14:52 ::1 POST /Service1.svc - 49474 - ::1 - - 200 0 0 76
2018-04-19 09:14:52 ::1 POST /Service1.svc - 49474 - ::1 - - 200 0 0 166
2018-04-19 09:14:55 ::1 POST /Service1.svc - 49474 - ::1 - - 200 0 0 321
2018-04-19 09:14:55 ::1 POST /Service1.svc - 49474 - ::1 - - 200 0 0 488
2018-04-19 09:14:55 ::1 POST /Service1.svc - 49474 - ::1 - - 200 0 0 187
2018-04-19 09:14:55 ::1 POST /Service1.svc - 49474 - ::1 - - 200 0 0 34
2018-04-19 09:15:11 ::1 POST /Service1.svc - 49474 - ::1 - - 200 0 0 285
2018-04-19 09:23:33 ::1 POST /Service1.svc - 49474 - ::1 - - 200 0 0 260
2018-04-19 09:23:35 ::1 POST /Service1.svc - 49474 - ::1 - - 200 0 0 234
2018-04-19 09:23:35 ::1 POST /Service1.svc - 49474 - ::1 - - 200 0 0 39
2018-04-19 09:23:35 ::1 POST /Service1.svc - 49474 - ::1 - - 200 0 0 115
2018-04-19 09:23:35 ::1 POST /Service1.svc - 49474 - ::1 - - 200 0 0 112
2018-04-19 09:23:35 ::1 POST /Service1.svc - 49474 - ::1 - - 200 0 0 62
2018-04-19 09:23:35 ::1 POST /Service1.svc - 49474 - ::1 - - 200 0 0 75
2018-04-19 09:23:38 ::1 POST /Service1.svc - 49474 - ::1 - - 200 0 0 124
2018-04-19 09:23:38 ::1 POST /Service1.svc - 49474 - ::1 - - 200 0 0 234
2018-04-19 09:23:39 ::1 POST /Service1.svc - 49474 - ::1 - - 200 0 0 849
2018-04-19 09:23:39 ::1 POST /Service1.svc - 49474 - ::1 - - 200 0 0 479
2018-04-19 09:24:44 ::1 POST /Service1.svc - 49474 - ::1 - - 200 0 0 146
#Software: Microsoft Internet Information Services 10.0
#Version: 1.0
#Date: 2018-04-19 10:50:32
#Fields: date time s-ip cs-method cs-uri-stem cs-uri-query s-port cs-username c-ip cs(User-Agent) cs(Referer) sc-status sc-substatus sc-win32-status time-taken
2018-04-19 10:50:32 ::1 POST /Service1.svc - 49474 - ::1 - - 200 0 0 1940
2018-04-19 10:50:43 ::1 POST /Service1.svc - 49474 - ::1 - - 200 0 0 99
2018-04-19 10:50:43 ::1 POST /Service1.svc - 49474 - ::1 - - 200 0 0 522
2018-04-19 10:50:43 ::1 POST /Service1.svc - 49474 - ::1 - - 200 0 0 11
2018-04-19 10:50:43 ::1 POST /Service1.svc - 49474 - ::1 - - 200 0 0 39
2018-04-19 10:50:44 ::1 POST /Service1.svc - 49474 - ::1 - - 200 0 0 140
2018-04-19 10:50:44 ::1 POST /Service1.svc - 49474 - ::1 - - 200 0 0 77
2018-04-19 10:50:44 ::1 POST /Service1.svc - 49474 - ::1 - - 200 0 0 91
2018-04-19 10:50:44 ::1 POST /Service1.svc - 49474 - ::1 - - 200 0 0 24
2018-04-19 10:50:46 ::1 POST /Service1.svc - 49474 - ::1 - - 200 0 0 15
2018-04-19 10:50:46 ::1 POST /Service1.svc - 49474 - ::1 - - 200 0 0 75
2018-04-19 10:50:46 ::1 POST /Service1.svc - 49474 - ::1 - - 200 0 0 24
2018-04-19 10:50:46 ::1 POST /Service1.svc - 49474 - ::1 - - 200 0 0 21
2018-04-19 10:50:46 ::1 POST /Service1.svc - 49474 - ::1 - - 200 0 0 49
2018-04-19 10:50:46 ::1 POST /Service1.svc - 49474 - ::1 - - 200 0 0 18
2018-04-19 10:50:46 ::1 POST /Service1.svc - 49474 - ::1 - - 200 0 0 16
2018-04-19 10:50:46 ::1 POST /Service1.svc - 49474 - ::1 - - 200 0 0 27
2018-04-19 10:50:47 ::1 POST /Service1.svc - 49474 - ::1 - - 200 0 0 38
2018-04-19 10:50:47 ::1 POST /Service1.svc - 49474 - ::1 - - 200 0 0 32
2018-04-19 10:50:47 ::1 POST /Service1.svc - 49474 - ::1 - - 200 0 0 11
2018-04-19 10:50:47 ::1 POST /Service1.svc - 49474 - ::1 - - 200 0 0 16
2018-04-19 10:50:47 ::1 POST /Service1.svc - 49474 - ::1 - - 200 0 0 18
2018-04-19 10:50:47 ::1 POST /Service1.svc - 49474 - ::1 - - 200 0 0 17
2018-04-19 10:50:55 ::1 POST /Service1.svc - 49474 - ::1 - - 200 0 0 32
2018-04-19 10:50:55 ::1 POST /Service1.svc - 49474 - ::1 - - 200 0 0 162
2018-04-19 10:51:03 ::1 POST /Service1.svc - 49474 - ::1 - - 200 0 0 100
2018-04-19 10:51:03 ::1 POST /Service1.svc - 49474 - ::1 - - 200 0 0 115
2018-04-19 10:51:03 ::1 POST /Service1.svc - 49474 - ::1 - - 200 0 0 76
2018-04-19 10:51:04 ::1 POST /Service1.svc - 49474 - ::1 - - 200 0 0 179
2018-04-19 10:51:04 ::1 POST /Service1.svc - 49474 - ::1 - - 200 0 0 36
2018-04-19 10:51:04 ::1 POST /Service1.svc - 49474 - ::1 - - 200 0 0 114
2018-04-19 10:51:04 ::1 POST /Service1.svc - 49474 - ::1 - - 200 0 0 169
2018-04-19 10:51:04 ::1 POST /Service1.svc - 49474 - ::1 - - 200 0 0 26
2018-04-19 10:51:06 ::1 POST /Service1.svc - 49474 - ::1 - - 200 0 0 88
2018-04-19 10:51:06 ::1 POST /Service1.svc - 49474 - ::1 - - 200 0 0 21
2018-04-19 10:51:09 ::1 POST /Service1.svc - 49474 - ::1 - - 200 0 0 17
2018-04-19 10:51:09 ::1 POST /Service1.svc - 49474 - ::1 - - 200 0 0 17
2018-04-19 10:51:15 ::1 POST /Service1.svc - 49474 - ::1 - - 200 0 0 19
2018-04-19 10:51:15 ::1 POST /Service1.svc - 49474 - ::1 - - 200 0 0 25
2018-04-19 10:51:15 ::1 POST /Service1.svc - 49474 - ::1 - - 200 0 0 95
2018-04-19 10:51:15 ::1 POST /Service1.svc - 49474 - ::1 - - 200 0 0 22
2018-04-19 10:51:15 ::1 POST /Service1.svc - 49474 - ::1 - - 200 0 0 37
2018-04-19 10:51:15 ::1 POST /Service1.svc - 49474 - ::1 - - 200 0 0 20
2018-04-19 10:52:24 ::1 POST /Service1.svc - 49474 - ::1 - - 200 0 0 373
#Software: Microsoft Internet Information Services 10.0
#Version: 1.0
#Date: 2018-04-19 11:13:59
#Fields: date time s-ip cs-method cs-uri-stem cs-uri-query s-port cs-username c-ip cs(User-Agent) cs(Referer) sc-status sc-substatus sc-win32-status time-taken
2018-04-19 11:13:59 ::1 POST /Service1.svc - 49474 - ::1 - - 200 0 0 170
2018-04-19 11:14:40 ::1 POST /Service1.svc - 49474 - ::1 - - 200 0 0 1326
2018-04-19 11:14:42 ::1 POST /Service1.svc - 49474 - ::1 - - 200 0 0 376
2018-04-19 11:14:42 ::1 POST /Service1.svc - 49474 - ::1 - - 200 0 0 336
2018-04-19 11:14:45 ::1 POST /Service1.svc - 49474 - ::1 - - 200 0 0 349
2018-04-19 11:14:47 ::1 POST /Service1.svc - 49474 - ::1 - - 200 0 0 140
2018-04-19 11:14:56 ::1 POST /Service1.svc - 49474 - ::1 - - 200 0 0 348
2018-04-19 11:14:57 ::1 POST /Service1.svc - 49474 - ::1 - - 200 0 0 43
2018-04-19 11:15:01 ::1 POST /Service1.svc - 49474 - ::1 - - 200 0 0 191
2018-04-19 11:15:07 ::1 POST /Service1.svc - 49474 - ::1 - - 200 0 0 86
2018-04-19 11:15:11 ::1 POST /Service1.svc - 49474 - ::1 - - 200 0 0 118
2018-04-19 11:15:11 ::1 POST /Service1.svc - 49474 - ::1 - - 200 0 0 251
2018-04-19 11:15:58 ::1 POST /Service1.svc - 49474 - ::1 - - 200 0 0 732
2018-04-19 11:16:03 ::1 POST /Service1.svc - 49474 - ::1 - - 200 0 0 4790
2018-04-19 11:16:04 ::1 POST /Service1.svc - 49474 - ::1 - - 200 0 0 118
2018-04-19 11:16:04 ::1 POST /Service1.svc - 49474 - ::1 - - 200 0 0 474
2018-04-19 11:16:09 ::1 POST /Service1.svc - 49474 - ::1 - - 200 0 0 692
2018-04-19 11:16:10 ::1 POST /Service1.svc - 49474 - ::1 - - 200 0 0 1376
2018-04-19 11:16:10 ::1 POST /Service1.svc - 49474 - ::1 - - 200 0 0 550
2018-04-19 11:16:15 ::1 POST /Service1.svc - 49474 - ::1 - - 200 0 0 101
2018-04-19 11:16:23 ::1 POST /Service1.svc - 49474 - ::1 - - 200 0 0 79
2018-04-19 11:16:24 ::1 POST /Service1.svc - 49474 - ::1 - - 200 0 0 60
2018-04-19 11:16:33 ::1 POST /Service1.svc - 49474 - ::1 - - 200 0 0 56
2018-04-19 11:16:36 ::1 POST /Service1.svc - 49474 - ::1 - - 200 0 0 87
2018-04-19 11:16:36 ::1 POST /Service1.svc - 49474 - ::1 - - 200 0 0 142
2018-04-19 11:16:36 ::1 POST /Service1.svc - 49474 - ::1 - - 200 0 0 74
2018-04-19 11:16:36 ::1 POST /Service1.svc - 49474 - ::1 - - 200 0 0 168
2018-04-19 11:16:53 ::1 POST /Service1.svc - 49474 - ::1 - - 200 0 0 163
2018-04-19 11:17:28 ::1 POST /Service1.svc - 49474 - ::1 - - 200 0 0 204
2018-04-19 11:17:29 ::1 POST /Service1.svc - 49474 - ::1 - - 200 0 0 73
2018-04-19 11:17:47 ::1 POST /Service1.svc - 49474 - ::1 - - 200 0 0 116
2018-04-19 11:17:47 ::1 POST /Service1.svc - 49474 - ::1 - - 200 0 0 86
2018-04-19 11:18:26 ::1 POST /Service1.svc - 49474 - ::1 - - 200 0 0 72
2018-04-19 11:18:26 ::1 POST /Service1.svc - 49474 - ::1 - - 200 0 0 64
2018-04-19 11:18:26 ::1 POST /Service1.svc - 49474 - ::1 - - 200 0 0 884
2018-04-19 11:18:29 ::1 POST /Service1.svc - 49474 - ::1 - - 200 0 0 42
2018-04-19 11:18:29 ::1 POST /Service1.svc - 49474 - ::1 - - 200 0 0 129
2018-04-19 11:18:32 ::1 POST /Service1.svc - 49474 - ::1 - - 200 0 0 163
2018-04-19 11:18:32 ::1 POST /Service1.svc - 49474 - ::1 - - 200 0 0 48
2018-04-19 11:18:32 ::1 POST /Service1.svc - 49474 - ::1 - - 200 0 0 20
2018-04-19 11:18:32 ::1 POST /Service1.svc - 49474 - ::1 - - 200 0 0 87
2018-04-19 11:18:32 ::1 POST /Service1.svc - 49474 - ::1 - - 200 0 0 136
2018-04-19 11:18:32 ::1 POST /Service1.svc - 49474 - ::1 - - 200 0 0 107
2018-04-19 11:18:32 ::1 POST /Service1.svc - 49474 - ::1 - - 200 0 0 139
2018-04-19 11:18:32 ::1 POST /Service1.svc - 49474 - ::1 - - 200 0 0 108
2018-04-19 11:18:32 ::1 POST /Service1.svc - 49474 - ::1 - - 200 0 0 105
2018-04-19 11:18:32 ::1 POST /Service1.svc - 49474 - ::1 - - 200 0 0 60
2018-04-19 11:18:32 ::1 POST /Service1.svc - 49474 - ::1 - - 200 0 0 34
2018-04-19 11:18:33 ::1 POST /Service1.svc - 49474 - ::1 - - 200 0 0 77
2018-04-19 11:18:35 ::1 POST /Service1.svc - 49474 - ::1 - - 200 0 0 18
2018-04-19 11:18:41 ::1 POST /Service1.svc - 49474 - ::1 - - 200 0 0 183
2018-04-19 11:18:43 ::1 POST /Service1.svc - 49474 - ::1 - - 200 0 0 35
2018-04-19 11:18:49 ::1 POST /Service1.svc - 49474 - ::1 - - 200 0 0 88
2018-04-19 11:18:49 ::1 POST /Service1.svc - 49474 - ::1 - - 200 0 0 36
2018-04-19 11:18:49 ::1 POST /Service1.svc - 49474 - ::1 - - 200 0 0 98
2018-04-19 11:18:52 ::1 POST /Service1.svc - 49474 - ::1 - - 200 0 0 151
2018-04-19 11:18:52 ::1 POST /Service1.svc - 49474 - ::1 - - 200 0 0 48
2018-04-19 11:18:52 ::1 POST /Service1.svc - 49474 - ::1 - - 200 0 0 120
2018-04-19 11:18:54 ::1 POST /Service1.svc - 49474 - ::1 - - 200 0 0 36
2018-04-19 11:19:29 ::1 POST /Service1.svc - 49474 - ::1 - - 200 0 0 172
2018-04-19 11:19:31 ::1 POST /Service1.svc - 49474 - ::1 - - 200 0 0 68
2018-04-19 11:19:31 ::1 POST /Service1.svc - 49474 - ::1 - - 200 0 0 177
2018-04-19 11:19:43 ::1 POST /Service1.svc - 49474 - ::1 - - 200 0 0 19
2018-04-19 11:19:45 ::1 POST /Service1.svc - 49474 - ::1 - - 200 0 0 21
2018-04-19 11:19:59 ::1 POST /Service1.svc - 49474 - ::1 - - 200 0 0 32
2018-04-19 11:20:07 ::1 POST /Service1.svc - 49474 - ::1 - - 200 0 0 35
2018-04-19 11:20:07 ::1 POST /Service1.svc - 49474 - ::1 - - 200 0 0 26
2018-04-19 11:20:07 ::1 POST /Service1.svc - 49474 - ::1 - - 200 0 0 52
2018-04-19 11:20:07 ::1 POST /Service1.svc - 49474 - ::1 - - 200 0 0 35
2018-04-19 11:20:07 ::1 POST /Service1.svc - 49474 - ::1 - - 200 0 0 36
2018-04-19 11:20:07 ::1 POST /Service1.svc - 49474 - ::1 - - 200 0 0 177
2018-04-19 11:20:10 ::1 POST /Service1.svc - 49474 - ::1 - - 200 0 0 142
2018-04-19 11:20:10 ::1 POST /Service1.svc - 49474 - ::1 - - 200 0 0 40
2018-04-19 11:20:10 ::1 POST /Service1.svc - 49474 - ::1 - - 200 0 0 176
2018-04-19 11:20:10 ::1 POST /Service1.svc - 49474 - ::1 - - 200 0 0 34
2018-04-19 11:21:08 ::1 POST /Service1.svc - 49474 - ::1 - - 200 0 0 77
2018-04-19 11:21:15 ::1 POST /Service1.svc - 49474 - ::1 - - 200 0 0 23
2018-04-19 11:21:16 ::1 POST /Service1.svc - 49474 - ::1 - - 200 0 0 41
2018-04-19 11:21:16 ::1 POST /Service1.svc - 49474 - ::1 - - 200 0 0 84
2018-04-19 11:21:16 ::1 POST /Service1.svc - 49474 - ::1 - - 200 0 0 26
2018-04-19 11:21:16 ::1 POST /Service1.svc - 49474 - ::1 - - 200 0 0 49
2018-04-19 11:21:16 ::1 POST /Service1.svc - 49474 - ::1 - - 200 0 0 40
2018-04-19 11:21:16 ::1 POST /Service1.svc - 49474 - ::1 - - 200 0 0 59
2018-04-19 11:21:16 ::1 POST /Service1.svc - 49474 - ::1 - - 200 0 0 131
2018-04-19 11:21:16 ::1 POST /Service1.svc - 49474 - ::1 - - 200 0 0 65
2018-04-19 11:21:16 ::1 POST /Service1.svc - 49474 - ::1 - - 200 0 0 20
2018-04-19 11:21:16 ::1 POST /Service1.svc - 49474 - ::1 - - 200 0 0 18
2018-04-19 11:21:16 ::1 POST /Service1.svc - 49474 - ::1 - - 200 0 0 17
2018-04-19 11:21:16 ::1 POST /Service1.svc - 49474 - ::1 - - 200 0 0 190
2018-04-19 11:21:16 ::1 POST /Service1.svc - 49474 - ::1 - - 200 0 0 80
2018-04-19 11:21:16 ::1 POST /Service1.svc - 49474 - ::1 - - 200 0 0 160
2018-04-19 11:21:16 ::1 POST /Service1.svc - 49474 - ::1 - - 200 0 0 15
2018-04-19 11:21:16 ::1 POST /Service1.svc - 49474 - ::1 - - 200 0 0 10
2018-04-19 11:21:17 ::1 POST /Service1.svc - 49474 - ::1 - - 200 0 0 34
2018-04-19 11:21:17 ::1 POST /Service1.svc - 49474 - ::1 - - 200 0 0 35
2018-04-19 11:21:17 ::1 POST /Service1.svc - 49474 - ::1 - - 200 0 0 220
2018-04-19 11:21:17 ::1 POST /Service1.svc - 49474 - ::1 - - 200 0 0 10
2018-04-19 11:21:17 ::1 POST /Service1.svc - 49474 - ::1 - - 200 0 0 13
2018-04-19 11:21:17 ::1 POST /Service1.svc - 49474 - ::1 - - 200 0 0 11
2018-04-19 11:21:17 ::1 POST /Service1.svc - 49474 - ::1 - - 200 0 0 14
2018-04-19 11:21:20 ::1 POST /Service1.svc - 49474 - ::1 - - 200 0 0 218
2018-04-19 11:21:20 ::1 POST /Service1.svc - 49474 - ::1 - - 200 0 0 23
2018-04-19 11:21:23 ::1 POST /Service1.svc - 49474 - ::1 - - 200 0 0 86
2018-04-19 11:21:27 ::1 POST /Service1.svc - 49474 - ::1 - - 200 0 0 98
2018-04-19 11:23:19 ::1 POST /Service1.svc - 49474 - ::1 - - 200 0 0 107
2018-04-19 11:24:51 ::1 POST /Service1.svc - 49474 - ::1 - - 200 0 0 133
2018-04-19 11:26:42 ::1 POST /Service1.svc - 49474 - ::1 - - 200 0 0 57
#Software: Microsoft Internet Information Services 10.0
#Version: 1.0
#Date: 2018-04-19 11:57:16
#Fields: date time s-ip cs-method cs-uri-stem cs-uri-query s-port cs-username c-ip cs(User-Agent) cs(Referer) sc-status sc-substatus sc-win32-status time-taken
2018-04-19 11:57:16 ::1 POST /Service1.svc - 49474 - ::1 - - 200 0 0 61
2018-04-19 11:57:20 ::1 POST /Service1.svc - 49474 - ::1 - - 200 0 0 60
2018-04-19 11:57:20 ::1 POST /Service1.svc - 49474 - ::1 - - 200 0 0 31
2018-04-19 11:57:20 ::1 POST /Service1.svc - 49474 - ::1 - - 200 0 0 494
2018-04-19 11:57:21 ::1 POST /Service1.svc - 49474 - ::1 - - 200 0 0 184
2018-04-19 11:57:21 ::1 POST /Service1.svc - 49474 - ::1 - - 200 0 0 24
2018-04-19 11:57:21 ::1 POST /Service1.svc - 49474 - ::1 - - 200 0 0 19
2018-04-19 11:57:23 ::1 POST /Service1.svc - 49474 - ::1 - - 200 0 0 72
2018-04-19 11:57:23 ::1 POST /Service1.svc - 49474 - ::1 - - 200 0 0 49
2018-04-19 11:57:23 ::1 POST /Service1.svc - 49474 - ::1 - - 200 0 0 37
2018-04-19 11:57:23 ::1 POST /Service1.svc - 49474 - ::1 - - 200 0 0 57
2018-04-19 11:57:42 ::1 POST /Service1.svc - 49474 - ::1 - - 200 0 0 31
2018-04-19 11:57:49 ::1 POST /Service1.svc - 49474 - ::1 - - 200 0 0 148
2018-04-19 11:57:51 ::1 POST /Service1.svc - 49474 - ::1 - - 200 0 0 33
2018-04-19 11:58:16 ::1 POST /Service1.svc - 49474 - ::1 - - 200 0 0 40
2018-04-19 11:58:24 ::1 POST /Service1.svc - 49474 - ::1 - - 200 0 0 31
2018-04-19 11:59:11 ::1 POST /Service1.svc - 49474 - ::1 - - 200 0 0 46549
2018-04-19 11:59:13 ::1 POST /Service1.svc - 49474 - ::1 - - 200 0 0 36
2018-04-19 11:59:13 ::1 POST /Service1.svc - 49474 - ::1 - - 200 0 0 444
2018-04-19 11:59:15 ::1 POST /Service1.svc - 49474 - ::1 - - 200 0 0 542
2018-04-19 11:59:18 ::1 POST /Service1.svc - 49474 - ::1 - - 200 0 0 54
2018-04-19 11:59:31 ::1 POST /Service1.svc - 49474 - ::1 - - 200 0 0 106
2018-04-19 11:59:31 ::1 POST /Service1.svc - 49474 - ::1 - - 200 0 0 36
2018-04-19 11:59:31 ::1 POST /Service1.svc - 49474 - ::1 - - 200 0 0 21
2018-04-19 11:59:31 ::1 POST /Service1.svc - 49474 - ::1 - - 200 0 0 7
2018-04-19 11:59:31 ::1 POST /Service1.svc - 49474 - ::1 - - 200 0 0 173
2018-04-19 11:59:31 ::1 POST /Service1.svc - 49474 - ::1 - - 200 0 0 63
2018-04-19 11:59:56 ::1 POST /Service1.svc - 49474 - ::1 - - 200 0 0 26
2018-04-19 11:59:56 ::1 POST /Service1.svc - 49474 - ::1 - - 200 0 0 40
2018-04-19 11:59:56 ::1 POST /Service1.svc - 49474 - ::1 - - 200 0 0 78
2018-04-19 11:59:56 ::1 POST /Service1.svc - 49474 - ::1 - - 200 0 0 88
2018-04-19 12:00:00 ::1 POST /Service1.svc - 49474 - ::1 - - 200 0 0 26
2018-04-19 12:00:05 ::1 POST /Service1.svc - 49474 - ::1 - - 200 0 0 78
2018-04-19 12:00:12 ::1 POST /Service1.svc - 49474 - ::1 - - 200 0 0 31
2018-04-19 12:00:20 ::1 POST /Service1.svc - 49474 - ::1 - - 200 0 0 46
2018-04-19 12:00:41 ::1 POST /Service1.svc - 49474 - ::1 - - 200 0 0 54
#Software: Microsoft Internet Information Services 10.0
#Version: 1.0
#Date: 2018-04-19 12:08:49
#Fields: date time s-ip cs-method cs-uri-stem cs-uri-query s-port cs-username c-ip cs(User-Agent) cs(Referer) sc-status sc-substatus sc-win32-status time-taken
2018-04-19 12:08:49 ::1 POST /Service1.svc - 49474 - ::1 - - 415 0 0 14260
2018-04-19 12:08:49 ::1 POST /Service1.svc/mex - 49474 - ::1 - - 415 0 0 12
2018-04-19 12:08:53 ::1 GET /Service1.svc - 49474 - ::1 Mozilla/4.0+(compatible;+MSIE+6.0;+MS+Web+Services+Client+Protocol+4.0.30319.42000) - 200 0 0 3216
2018-04-19 12:08:53 ::1 GET /Service1.svc disco 49474 - ::1 Mozilla/4.0+(compatible;+MSIE+6.0;+MS+Web+Services+Client+Protocol+4.0.30319.42000) - 200 0 0 67
2018-04-19 12:08:53 ::1 GET /Service1.svc wsdl 49474 - ::1 Mozilla/4.0+(compatible;+MSIE+6.0;+MS+Web+Services+Client+Protocol+4.0.30319.42000) - 200 0 0 230
2018-04-19 12:08:55 ::1 GET /Service1.svc xsd=xsd0 49474 - ::1 Mozilla/4.0+(compatible;+MSIE+6.0;+MS+Web+Services+Client+Protocol+4.0.30319.42000) - 200 0 0 1885
2018-04-19 12:08:55 ::1 GET /Service1.svc xsd=xsd2 49474 - ::1 Mozilla/4.0+(compatible;+MSIE+6.0;+MS+Web+Services+Client+Protocol+4.0.30319.42000) - 200 0 0 9
2018-04-19 12:08:55 ::1 GET /Service1.svc xsd=xsd3 49474 - ::1 Mozilla/4.0+(compatible;+MSIE+6.0;+MS+Web+Services+Client+Protocol+4.0.30319.42000) - 200 0 0 19
2018-04-19 12:08:55 ::1 GET /Service1.svc xsd=xsd1 49474 - ::1 Mozilla/4.0+(compatible;+MSIE+6.0;+MS+Web+Services+Client+Protocol+4.0.30319.42000) - 200 0 0 20
2018-04-19 12:09:53 ::1 POST /Service1.svc - 49474 - ::1 - - 200 0 0 1171
2018-04-19 12:10:00 ::1 POST /Service1.svc - 49474 - ::1 - - 200 0 0 90
2018-04-19 12:10:00 ::1 POST /Service1.svc - 49474 - ::1 - - 200 0 0 28
2018-04-19 12:10:00 ::1 POST /Service1.svc - 49474 - ::1 - - 200 0 0 25
2018-04-19 12:10:00 ::1 POST /Service1.svc - 49474 - ::1 - - 200 0 0 140
2018-04-19 12:10:00 ::1 POST /Service1.svc - 49474 - ::1 - - 200 0 0 23
2018-04-19 12:10:01 ::1 POST /Service1.svc - 49474 - ::1 - - 200 0 0 238
2018-04-19 12:10:04 ::1 POST /Service1.svc - 49474 - ::1 - - 200 0 0 159
2018-04-19 12:10:04 ::1 POST /Service1.svc - 49474 - ::1 - - 200 0 0 62
2018-04-19 12:10:04 ::1 POST /Service1.svc - 49474 - ::1 - - 200 0 0 63
2018-04-19 12:10:04 ::1 POST /Service1.svc - 49474 - ::1 - - 200 0 0 140
2018-04-19 12:10:15 ::1 POST /Service1.svc - 49474 - ::1 - - 200 0 0 29
2018-04-19 12:10:18 ::1 POST /Service1.svc - 49474 - ::1 - - 200 0 0 27
2018-04-19 12:10:41 ::1 POST /Service1.svc - 49474 - ::1 - - 200 0 0 104
2018-04-19 12:11:01 ::1 POST /Service1.svc - 49474 - ::1 - - 200 0 0 85
2018-04-19 12:11:08 ::1 POST /Service1.svc - 49474 - ::1 - - 200 0 0 32
2018-04-19 12:11:20 ::1 POST /Service1.svc - 49474 - ::1 - - 200 0 0 197
2018-04-19 12:11:20 ::1 POST /Service1.svc - 49474 - ::1 - - 200 0 0 534
2018-04-19 12:11:22 ::1 POST /Service1.svc - 49474 - ::1 - - 200 0 0 136
2018-04-19 12:11:22 ::1 POST /Service1.svc - 49474 - ::1 - - 200 0 0 114
2018-04-19 12:11:22 ::1 POST /Service1.svc - 49474 - ::1 - - 200 0 0 238
2018-04-19 12:11:25 ::1 POST /Service1.svc - 49474 - ::1 - - 200 0 0 41
2018-04-19 12:11:29 ::1 POST /Service1.svc - 49474 - ::1 - - 200 0 0 18
2018-04-19 12:11:29 ::1 POST /Service1.svc - 49474 - ::1 - - 200 0 0 56
2018-04-19 12:11:29 ::1 POST /Service1.svc - 49474 - ::1 - - 200 0 0 43
2018-04-19 12:11:29 ::1 POST /Service1.svc - 49474 - ::1 - - 200 0 0 56
2018-04-19 12:11:29 ::1 POST /Service1.svc - 49474 - ::1 - - 200 0 0 20
2018-04-19 12:11:29 ::1 POST /Service1.svc - 49474 - ::1 - - 200 0 0 46
2018-04-19 12:11:55 ::1 POST /Service1.svc - 49474 - ::1 - - 200 0 0 64
