#Software: Microsoft Internet Information Services 10.0
#Version: 1.0
#Date: 2018-07-17 07:03:57
#Fields: date time s-ip cs-method cs-uri-stem cs-uri-query s-port cs-username c-ip cs(User-Agent) cs(Referer) sc-status sc-substatus sc-win32-status time-taken
2018-07-17 07:03:57 ::1 POST /Service1.svc - 49474 - ::1 - - 415 0 0 37588
2018-07-17 07:03:57 ::1 POST /Service1.svc/mex - 49474 - ::1 - - 415 0 0 11
2018-07-17 07:04:05 ::1 GET /Service1.svc - 49474 - ::1 Mozilla/4.0+(compatible;+MSIE+6.0;+MS+Web+Services+Client+Protocol+4.0.30319.42000) - 200 0 0 6893
2018-07-17 07:04:05 ::1 GET /Service1.svc disco 49474 - ::1 Mozilla/4.0+(compatible;+MSIE+6.0;+MS+Web+Services+Client+Protocol+4.0.30319.42000) - 200 0 0 52
2018-07-17 07:04:05 ::1 GET /Service1.svc wsdl 49474 - ::1 Mozilla/4.0+(compatible;+MSIE+6.0;+MS+Web+Services+Client+Protocol+4.0.30319.42000) - 200 0 0 143
2018-07-17 07:04:06 ::1 GET /Service1.svc xsd=xsd0 49474 - ::1 Mozilla/4.0+(compatible;+MSIE+6.0;+MS+Web+Services+Client+Protocol+4.0.30319.42000) - 200 0 0 974
2018-07-17 07:04:06 ::1 GET /Service1.svc xsd=xsd2 49474 - ::1 Mozilla/4.0+(compatible;+MSIE+6.0;+MS+Web+Services+Client+Protocol+4.0.30319.42000) - 200 0 0 42
2018-07-17 07:04:06 ::1 GET /Service1.svc xsd=xsd3 49474 - ::1 Mozilla/4.0+(compatible;+MSIE+6.0;+MS+Web+Services+Client+Protocol+4.0.30319.42000) - 200 0 0 89
2018-07-17 07:04:06 ::1 GET /Service1.svc xsd=xsd1 49474 - ::1 Mozilla/4.0+(compatible;+MSIE+6.0;+MS+Web+Services+Client+Protocol+4.0.30319.42000) - 200 0 0 38
2018-07-17 07:05:57 ::1 POST /Service1.svc - 49474 - ::1 - - 200 0 0 2015
2018-07-17 07:05:57 ::1 POST /Service1.svc - 49474 - ::1 - - 200 0 0 310
2018-07-17 07:05:57 ::1 POST /Service1.svc - 49474 - ::1 - - 200 0 0 302
2018-07-17 07:05:58 ::1 POST /Service1.svc - 49474 - ::1 - - 200 0 0 312
2018-07-17 07:06:17 ::1 POST /Service1.svc - 49474 - ::1 - - 200 0 0 70
2018-07-17 07:06:17 ::1 POST /Service1.svc - 49474 - ::1 - - 200 0 0 125
2018-07-17 07:06:17 ::1 POST /Service1.svc - 49474 - ::1 - - 200 0 0 104
2018-07-17 07:06:17 ::1 POST /Service1.svc - 49474 - ::1 - - 200 0 0 76
2018-07-17 07:06:20 ::1 POST /Service1.svc - 49474 - ::1 - - 200 0 0 50
2018-07-17 07:06:20 ::1 POST /Service1.svc - 49474 - ::1 - - 200 0 0 12
2018-07-17 07:06:20 ::1 POST /Service1.svc - 49474 - ::1 - - 200 0 0 76
2018-07-17 07:06:20 ::1 POST /Service1.svc - 49474 - ::1 - - 200 0 0 60
2018-07-17 07:06:20 ::1 POST /Service1.svc - 49474 - ::1 - - 200 0 0 62
2018-07-17 07:06:20 ::1 POST /Service1.svc - 49474 - ::1 - - 200 0 0 22
2018-07-17 07:06:20 ::1 POST /Service1.svc - 49474 - ::1 - - 200 0 0 22
2018-07-17 07:06:20 ::1 POST /Service1.svc - 49474 - ::1 - - 200 0 0 209
2018-07-17 07:06:21 ::1 POST /Service1.svc - 49474 - ::1 - - 200 0 0 280
2018-07-17 07:06:21 ::1 POST /Service1.svc - 49474 - ::1 - - 200 0 0 180
2018-07-17 07:06:21 ::1 POST /Service1.svc - 49474 - ::1 - - 200 0 0 92
2018-07-17 07:06:30 ::1 POST /Service1.svc - 49474 - ::1 - - 200 0 0 363
2018-07-17 07:06:58 ::1 POST /Service1.svc - 49474 - ::1 - - 200 0 0 455
2018-07-17 07:08:52 ::1 POST /Service1.svc - 49474 - ::1 - - 200 0 0 20
2018-07-17 07:08:52 ::1 POST /Service1.svc - 49474 - ::1 - - 200 0 0 31
2018-07-17 07:08:52 ::1 POST /Service1.svc - 49474 - ::1 - - 200 0 0 61
2018-07-17 07:08:52 ::1 POST /Service1.svc - 49474 - ::1 - - 200 0 0 75
2018-07-17 07:08:59 ::1 POST /Service1.svc - 49474 - ::1 - - 200 0 0 61
2018-07-17 07:08:59 ::1 POST /Service1.svc - 49474 - ::1 - - 200 0 0 123
2018-07-17 07:08:59 ::1 POST /Service1.svc - 49474 - ::1 - - 200 0 0 41
2018-07-17 07:08:59 ::1 POST /Service1.svc - 49474 - ::1 - - 200 0 0 18
2018-07-17 07:09:02 ::1 POST /Service1.svc - 49474 - ::1 - - 200 0 0 17
2018-07-17 07:09:02 ::1 POST /Service1.svc - 49474 - ::1 - - 200 0 0 37
2018-07-17 07:09:02 ::1 POST /Service1.svc - 49474 - ::1 - - 200 0 0 30
2018-07-17 07:09:02 ::1 POST /Service1.svc - 49474 - ::1 - - 200 0 0 21
2018-07-17 07:09:02 ::1 POST /Service1.svc - 49474 - ::1 - - 200 0 0 54
2018-07-17 07:09:02 ::1 POST /Service1.svc - 49474 - ::1 - - 200 0 0 48
2018-07-17 07:09:02 ::1 POST /Service1.svc - 49474 - ::1 - - 200 0 0 105
2018-07-17 07:09:02 ::1 POST /Service1.svc - 49474 - ::1 - - 200 0 0 66
2018-07-17 07:09:02 ::1 POST /Service1.svc - 49474 - ::1 - - 200 0 0 52
2018-07-17 07:09:02 ::1 POST /Service1.svc - 49474 - ::1 - - 200 0 0 124
2018-07-17 07:09:02 ::1 POST /Service1.svc - 49474 - ::1 - - 200 0 0 28
2018-07-17 07:09:27 ::1 POST /Service1.svc - 49474 - ::1 - - 200 0 0 86
#Software: Microsoft Internet Information Services 10.0
#Version: 1.0
#Date: 2018-07-17 09:17:06
#Fields: date time s-ip cs-method cs-uri-stem cs-uri-query s-port cs-username c-ip cs(User-Agent) cs(Referer) sc-status sc-substatus sc-win32-status time-taken
2018-07-17 09:17:05 ::1 POST /Service1.svc - 49474 - ::1 - - 200 0 0 7141
2018-07-17 09:17:08 ::1 POST /Service1.svc - 49474 - ::1 - - 200 0 0 1762
2018-07-17 09:17:08 ::1 POST /Service1.svc - 49474 - ::1 - - 200 0 0 219
2018-07-17 09:17:09 ::1 POST /Service1.svc - 49474 - ::1 - - 200 0 0 871
2018-07-17 09:17:16 ::1 POST /Service1.svc - 49474 - ::1 - - 200 0 0 127
2018-07-17 09:17:16 ::1 POST /Service1.svc - 49474 - ::1 - - 200 0 0 24
2018-07-17 09:17:16 ::1 POST /Service1.svc - 49474 - ::1 - - 200 0 0 56
2018-07-17 09:17:16 ::1 POST /Service1.svc - 49474 - ::1 - - 200 0 0 99
2018-07-17 09:17:18 ::1 POST /Service1.svc - 49474 - ::1 - - 200 0 0 54
2018-07-17 09:17:18 ::1 POST /Service1.svc - 49474 - ::1 - - 200 0 0 29
2018-07-17 09:17:18 ::1 POST /Service1.svc - 49474 - ::1 - - 200 0 0 38
2018-07-17 09:17:18 ::1 POST /Service1.svc - 49474 - ::1 - - 200 0 0 30
2018-07-17 09:17:18 ::1 POST /Service1.svc - 49474 - ::1 - - 200 0 0 87
2018-07-17 09:17:18 ::1 POST /Service1.svc - 49474 - ::1 - - 200 0 0 51
2018-07-17 09:17:18 ::1 POST /Service1.svc - 49474 - ::1 - - 200 0 0 71
2018-07-17 09:17:18 ::1 POST /Service1.svc - 49474 - ::1 - - 200 0 0 84
2018-07-17 09:18:14 ::1 POST /Service1.svc - 49474 - ::1 - - 200 0 0 64
2018-07-17 09:18:14 ::1 POST /Service1.svc - 49474 - ::1 - - 200 0 0 56
2018-07-17 09:18:14 ::1 POST /Service1.svc - 49474 - ::1 - - 200 0 0 33
2018-07-17 09:18:14 ::1 POST /Service1.svc - 49474 - ::1 - - 200 0 0 62
2018-07-17 09:29:37 ::1 POST /Service1.svc - 49474 - ::1 - - 200 0 0 934
2018-07-17 09:29:41 ::1 POST /Service1.svc - 49474 - ::1 - - 200 0 0 3303
2018-07-17 09:29:43 ::1 POST /Service1.svc - 49474 - ::1 - - 200 0 0 1501
2018-07-17 09:29:45 ::1 POST /Service1.svc - 49474 - ::1 - - 200 0 0 1897
2018-07-17 09:29:54 ::1 POST /Service1.svc - 49474 - ::1 - - 200 0 0 2117
2018-07-17 09:29:57 ::1 POST /Service1.svc - 49474 - ::1 - - 200 0 0 2528
2018-07-17 09:30:00 ::1 POST /Service1.svc - 49474 - ::1 - - 200 0 0 3083
2018-07-17 09:30:02 ::1 POST /Service1.svc - 49474 - ::1 - - 200 0 0 1955
2018-07-17 09:30:05 ::1 POST /Service1.svc - 49474 - ::1 - - 200 0 0 879
2018-07-17 09:30:06 ::1 POST /Service1.svc - 49474 - ::1 - - 200 0 0 1225
2018-07-17 09:30:06 ::1 POST /Service1.svc - 49474 - ::1 - - 200 0 0 793
2018-07-17 09:30:07 ::1 POST /Service1.svc - 49474 - ::1 - - 200 0 0 407
2018-07-17 09:30:08 ::1 POST /Service1.svc - 49474 - ::1 - - 200 0 0 1231
2018-07-17 09:30:08 ::1 POST /Service1.svc - 49474 - ::1 - - 200 0 0 401
2018-07-17 09:30:08 ::1 POST /Service1.svc - 49474 - ::1 - - 200 0 0 564
2018-07-17 09:30:10 ::1 POST /Service1.svc - 49474 - ::1 - - 200 0 0 323
2018-07-17 09:30:34 ::1 POST /Service1.svc - 49474 - ::1 - - 200 0 0 344
2018-07-17 09:30:34 ::1 POST /Service1.svc - 49474 - ::1 - - 200 0 0 43
2018-07-17 09:30:34 ::1 POST /Service1.svc - 49474 - ::1 - - 200 0 0 272
2018-07-17 09:30:35 ::1 POST /Service1.svc - 49474 - ::1 - - 200 0 0 812
2018-07-17 09:30:35 ::1 POST /Service1.svc - 49474 - ::1 - - 200 0 0 812
2018-07-17 09:30:37 ::1 POST /Service1.svc - 49474 - ::1 - - 200 0 0 670
2018-07-17 09:30:37 ::1 POST /Service1.svc - 49474 - ::1 - - 200 0 0 582
2018-07-17 09:30:37 ::1 POST /Service1.svc - 49474 - ::1 - - 200 0 0 358
2018-07-17 09:30:41 ::1 POST /Service1.svc - 49474 - ::1 - - 200 0 0 471
2018-07-17 09:30:41 ::1 POST /Service1.svc - 49474 - ::1 - - 200 0 0 528
2018-07-17 09:30:41 ::1 POST /Service1.svc - 49474 - ::1 - - 200 0 0 266
2018-07-17 09:30:42 ::1 POST /Service1.svc - 49474 - ::1 - - 200 0 0 262
2018-07-17 09:30:42 ::1 POST /Service1.svc - 49474 - ::1 - - 200 0 0 334
2018-07-17 09:30:42 ::1 POST /Service1.svc - 49474 - ::1 - - 200 0 0 518
2018-07-17 09:30:44 ::1 POST /Service1.svc - 49474 - ::1 - - 200 0 0 933
2018-07-17 09:30:44 ::1 POST /Service1.svc - 49474 - ::1 - - 200 0 0 248
2018-07-17 09:30:46 ::1 POST /Service1.svc - 49474 - ::1 - - 200 0 0 1038
2018-07-17 09:30:46 ::1 POST /Service1.svc - 49474 - ::1 - - 200 0 0 230
2018-07-17 09:30:46 ::1 POST /Service1.svc - 49474 - ::1 - - 200 0 0 332
2018-07-17 09:31:09 ::1 POST /Service1.svc - 49474 - ::1 - - 200 0 0 892
2018-07-17 09:31:23 ::1 POST /Service1.svc - 49474 - ::1 - - 200 0 0 627
2018-07-17 09:42:59 ::1 POST /Service1.svc - 49474 - ::1 - - 200 0 0 56
2018-07-17 09:43:00 ::1 POST /Service1.svc - 49474 - ::1 - - 200 0 0 117
2018-07-17 09:43:00 ::1 POST /Service1.svc - 49474 - ::1 - - 200 0 0 196
2018-07-17 09:43:01 ::1 POST /Service1.svc - 49474 - ::1 - - 200 0 0 141
2018-07-17 09:43:11 ::1 POST /Service1.svc - 49474 - ::1 - - 200 0 0 51
2018-07-17 09:43:11 ::1 POST /Service1.svc - 49474 - ::1 - - 200 0 0 22
2018-07-17 09:43:11 ::1 POST /Service1.svc - 49474 - ::1 - - 200 0 0 40
2018-07-17 09:43:11 ::1 POST /Service1.svc - 49474 - ::1 - - 200 0 0 133
2018-07-17 09:43:19 ::1 POST /Service1.svc - 49474 - ::1 - - 200 0 0 21
2018-07-17 09:43:19 ::1 POST /Service1.svc - 49474 - ::1 - - 200 0 0 29
2018-07-17 09:43:19 ::1 POST /Service1.svc - 49474 - ::1 - - 200 0 0 17
2018-07-17 09:43:19 ::1 POST /Service1.svc - 49474 - ::1 - - 200 0 0 38
2018-07-17 09:43:22 ::1 POST /Service1.svc - 49474 - ::1 - - 200 0 0 101
2018-07-17 09:43:22 ::1 POST /Service1.svc - 49474 - ::1 - - 200 0 0 75
2018-07-17 09:43:22 ::1 POST /Service1.svc - 49474 - ::1 - - 200 0 0 22
2018-07-17 09:43:22 ::1 POST /Service1.svc - 49474 - ::1 - - 200 0 0 78
2018-07-17 09:43:24 ::1 POST /Service1.svc - 49474 - ::1 - - 200 0 0 54
2018-07-17 09:43:24 ::1 POST /Service1.svc - 49474 - ::1 - - 200 0 0 105
2018-07-17 09:43:24 ::1 POST /Service1.svc - 49474 - ::1 - - 200 0 0 40
2018-07-17 09:43:24 ::1 POST /Service1.svc - 49474 - ::1 - - 200 0 0 104
2018-07-17 09:43:24 ::1 POST /Service1.svc - 49474 - ::1 - - 200 0 0 58
2018-07-17 09:43:24 ::1 POST /Service1.svc - 49474 - ::1 - - 200 0 0 183
2018-07-17 09:43:24 ::1 POST /Service1.svc - 49474 - ::1 - - 200 0 0 46
2018-07-17 09:43:24 ::1 POST /Service1.svc - 49474 - ::1 - - 200 0 0 18
2018-07-17 09:43:24 ::1 POST /Service1.svc - 49474 - ::1 - - 200 0 0 137
2018-07-17 09:43:24 ::1 POST /Service1.svc - 49474 - ::1 - - 200 0 0 21
2018-07-17 09:43:25 ::1 POST /Service1.svc - 49474 - ::1 - - 200 0 0 70
2018-07-17 09:43:41 ::1 POST /Service1.svc - 49474 - ::1 - - 200 0 0 594
2018-07-17 09:44:41 ::1 POST /Service1.svc - 49474 - ::1 - - 200 0 0 926
2018-07-17 09:45:21 ::1 POST /Service1.svc - 49474 - ::1 - - 200 0 0 43
2018-07-17 09:45:21 ::1 POST /Service1.svc - 49474 - ::1 - - 200 0 0 97
2018-07-17 09:45:21 ::1 POST /Service1.svc - 49474 - ::1 - - 200 0 0 91
2018-07-17 09:45:21 ::1 POST /Service1.svc - 49474 - ::1 - - 200 0 0 164
2018-07-17 09:45:25 ::1 POST /Service1.svc - 49474 - ::1 - - 200 0 0 65
2018-07-17 09:45:25 ::1 POST /Service1.svc - 49474 - ::1 - - 200 0 0 18
2018-07-17 09:45:25 ::1 POST /Service1.svc - 49474 - ::1 - - 200 0 0 78
2018-07-17 09:45:25 ::1 POST /Service1.svc - 49474 - ::1 - - 200 0 0 24
2018-07-17 09:45:25 ::1 POST /Service1.svc - 49474 - ::1 - - 200 0 0 194
2018-07-17 09:45:25 ::1 POST /Service1.svc - 49474 - ::1 - - 200 0 0 54
2018-07-17 09:45:25 ::1 POST /Service1.svc - 49474 - ::1 - - 200 0 0 128
2018-07-17 09:45:56 ::1 POST /Service1.svc - 49474 - ::1 - - 200 0 0 150
2018-07-17 09:46:08 ::1 POST /Service1.svc - 49474 - ::1 - - 200 0 0 114
2018-07-17 09:47:42 ::1 POST /Service1.svc - 49474 - ::1 - - 200 0 0 54
2018-07-17 09:47:42 ::1 POST /Service1.svc - 49474 - ::1 - - 200 0 0 43
2018-07-17 09:47:42 ::1 POST /Service1.svc - 49474 - ::1 - - 200 0 0 69
2018-07-17 09:47:42 ::1 POST /Service1.svc - 49474 - ::1 - - 200 0 0 21
2018-07-17 09:47:52 ::1 POST /Service1.svc - 49474 - ::1 - - 200 0 0 66
2018-07-17 09:47:52 ::1 POST /Service1.svc - 49474 - ::1 - - 200 0 0 47
2018-07-17 09:47:52 ::1 POST /Service1.svc - 49474 - ::1 - - 200 0 0 20
2018-07-17 09:47:52 ::1 POST /Service1.svc - 49474 - ::1 - - 200 0 0 95
2018-07-17 09:47:52 ::1 POST /Service1.svc - 49474 - ::1 - - 200 0 0 237
2018-07-17 09:47:52 ::1 POST /Service1.svc - 49474 - ::1 - - 200 0 0 242
2018-07-17 09:47:52 ::1 POST /Service1.svc - 49474 - ::1 - - 200 0 0 80
2018-07-17 09:47:57 ::1 POST /Service1.svc - 49474 - ::1 - - 200 0 0 53
2018-07-17 09:47:57 ::1 POST /Service1.svc - 49474 - ::1 - - 200 0 0 111
#Software: Microsoft Internet Information Services 10.0
#Version: 1.0
#Date: 2018-07-17 11:26:18
#Fields: date time s-ip cs-method cs-uri-stem cs-uri-query s-port cs-username c-ip cs(User-Agent) cs(Referer) sc-status sc-substatus sc-win32-status time-taken
2018-07-17 11:26:18 ::1 POST /Service1.svc - 49474 - ::1 - - 200 0 0 795
2018-07-17 11:26:18 ::1 POST /Service1.svc - 49474 - ::1 - - 200 0 0 287
2018-07-17 11:26:19 ::1 POST /Service1.svc - 49474 - ::1 - - 200 0 0 514
2018-07-17 11:26:19 ::1 POST /Service1.svc - 49474 - ::1 - - 200 0 0 392
2018-07-17 11:26:26 ::1 POST /Service1.svc - 49474 - ::1 - - 200 0 0 127
2018-07-17 11:26:26 ::1 POST /Service1.svc - 49474 - ::1 - - 200 0 0 58
2018-07-17 11:26:26 ::1 POST /Service1.svc - 49474 - ::1 - - 200 0 0 638
2018-07-17 11:26:28 ::1 POST /Service1.svc - 49474 - ::1 - - 200 0 0 830
2018-07-17 11:26:31 ::1 POST /Service1.svc - 49474 - ::1 - - 200 0 0 277
2018-07-17 11:26:31 ::1 POST /Service1.svc - 49474 - ::1 - - 200 0 0 677
2018-07-17 11:26:31 ::1 POST /Service1.svc - 49474 - ::1 - - 200 0 0 98
2018-07-17 11:26:32 ::1 POST /Service1.svc - 49474 - ::1 - - 200 0 0 616
2018-07-17 11:26:32 ::1 POST /Service1.svc - 49474 - ::1 - - 200 0 0 517
2018-07-17 11:26:32 ::1 POST /Service1.svc - 49474 - ::1 - - 200 0 0 350
2018-07-17 11:26:34 ::1 POST /Service1.svc - 49474 - ::1 - - 200 0 0 651
2018-07-17 11:26:34 ::1 POST /Service1.svc - 49474 - ::1 - - 200 0 0 863
2018-07-17 11:26:36 ::1 POST /Service1.svc - 49474 - ::1 - - 200 0 0 1070
2018-07-17 11:26:36 ::1 POST /Service1.svc - 49474 - ::1 - - 200 0 0 831
2018-07-17 11:26:36 ::1 POST /Service1.svc - 49474 - ::1 - - 200 0 0 104
2018-07-17 11:26:43 ::1 POST /Service1.svc - 49474 - ::1 - - 200 0 0 535
2018-07-17 11:26:45 ::1 POST /Service1.svc - 49474 - ::1 - - 200 0 0 1040
2018-07-17 11:26:49 ::1 POST /Service1.svc - 49474 - ::1 - - 200 0 0 809
2018-07-17 11:27:30 ::1 POST /Service1.svc - 49474 - ::1 - - 200 0 0 636
2018-07-17 11:28:16 ::1 POST /Service1.svc - 49474 - ::1 - - 200 0 0 436
2018-07-17 11:28:53 ::1 POST /Service1.svc - 49474 - ::1 - - 200 0 0 18
2018-07-17 11:28:53 ::1 POST /Service1.svc - 49474 - ::1 - - 200 0 0 15
2018-07-17 11:28:53 ::1 POST /Service1.svc - 49474 - ::1 - - 200 0 0 176
2018-07-17 11:28:53 ::1 POST /Service1.svc - 49474 - ::1 - - 200 0 0 301
2018-07-17 11:28:56 ::1 POST /Service1.svc - 49474 - ::1 - - 200 0 0 46
2018-07-17 11:28:56 ::1 POST /Service1.svc - 49474 - ::1 - - 200 0 0 12
2018-07-17 11:28:56 ::1 POST /Service1.svc - 49474 - ::1 - - 200 0 0 11
2018-07-17 11:28:56 ::1 POST /Service1.svc - 49474 - ::1 - - 200 0 0 63
2018-07-17 11:28:56 ::1 POST /Service1.svc - 49474 - ::1 - - 200 0 0 61
2018-07-17 11:28:56 ::1 POST /Service1.svc - 49474 - ::1 - - 200 0 0 312
2018-07-17 11:28:56 ::1 POST /Service1.svc - 49474 - ::1 - - 200 0 0 120
2018-07-17 11:29:02 ::1 POST /Service1.svc - 49474 - ::1 - - 200 0 0 262
2018-07-17 11:29:02 ::1 POST /Service1.svc - 49474 - ::1 - - 200 0 0 140
2018-07-17 11:29:05 ::1 POST /Service1.svc - 49474 - ::1 - - 200 0 0 102
2018-07-17 11:29:18 ::1 POST /Service1.svc - 49474 - ::1 - - 200 0 0 152
2018-07-17 11:38:57 ::1 POST /Service1.svc - 49474 - ::1 - - 200 0 0 828
2018-07-17 11:38:59 ::1 POST /Service1.svc - 49474 - ::1 - - 200 0 0 298
2018-07-17 11:38:59 ::1 POST /Service1.svc - 49474 - ::1 - - 200 0 0 20
2018-07-17 11:39:00 ::1 POST /Service1.svc - 49474 - ::1 - - 200 0 0 130
2018-07-17 11:46:13 ::1 POST /Service1.svc - 49474 - ::1 - - 200 0 0 95
2018-07-17 11:46:13 ::1 POST /Service1.svc - 49474 - ::1 - - 200 0 0 35
2018-07-17 11:46:13 ::1 POST /Service1.svc - 49474 - ::1 - - 200 0 0 123
2018-07-17 11:46:13 ::1 POST /Service1.svc - 49474 - ::1 - - 200 0 0 163
2018-07-17 11:46:16 ::1 POST /Service1.svc - 49474 - ::1 - - 200 0 0 43
2018-07-17 11:46:16 ::1 POST /Service1.svc - 49474 - ::1 - - 200 0 0 112
2018-07-17 11:46:16 ::1 POST /Service1.svc - 49474 - ::1 - - 200 0 0 15
2018-07-17 11:46:16 ::1 POST /Service1.svc - 49474 - ::1 - - 200 0 0 55
2018-07-17 11:46:20 ::1 POST /Service1.svc - 49474 - ::1 - - 200 0 0 35
2018-07-17 11:46:20 ::1 POST /Service1.svc - 49474 - ::1 - - 200 0 0 97
2018-07-17 11:46:20 ::1 POST /Service1.svc - 49474 - ::1 - - 200 0 0 51
2018-07-17 11:46:20 ::1 POST /Service1.svc - 49474 - ::1 - - 200 0 0 35
2018-07-17 11:46:20 ::1 POST /Service1.svc - 49474 - ::1 - - 200 0 0 41
2018-07-17 11:46:20 ::1 POST /Service1.svc - 49474 - ::1 - - 200 0 0 87
2018-07-17 11:46:20 ::1 POST /Service1.svc - 49474 - ::1 - - 200 0 0 100
2018-07-17 11:46:20 ::1 POST /Service1.svc - 49474 - ::1 - - 200 0 0 77
2018-07-17 11:46:20 ::1 POST /Service1.svc - 49474 - ::1 - - 200 0 0 121
2018-07-17 11:46:20 ::1 POST /Service1.svc - 49474 - ::1 - - 200 0 0 51
2018-07-17 11:46:20 ::1 POST /Service1.svc - 49474 - ::1 - - 200 0 0 47
2018-07-17 11:46:28 ::1 POST /Service1.svc - 49474 - ::1 - - 200 0 0 35
2018-07-17 11:46:28 ::1 POST /Service1.svc - 49474 - ::1 - - 200 0 0 603
2018-07-17 11:46:32 ::1 POST /Service1.svc - 49474 - ::1 - - 200 0 0 45
2018-07-17 11:47:32 ::1 POST /Service1.svc - 49474 - ::1 - - 200 0 0 144
2018-07-17 11:48:46 ::1 POST /Service1.svc - 49474 - ::1 - - 200 0 0 135
2018-07-17 11:48:46 ::1 POST /Service1.svc - 49474 - ::1 - - 200 0 0 41
2018-07-17 11:48:46 ::1 POST /Service1.svc - 49474 - ::1 - - 200 0 0 149
2018-07-17 11:48:46 ::1 POST /Service1.svc - 49474 - ::1 - - 200 0 0 122
2018-07-17 11:48:50 ::1 POST /Service1.svc - 49474 - ::1 - - 200 0 0 30
2018-07-17 11:48:50 ::1 POST /Service1.svc - 49474 - ::1 - - 200 0 0 42
2018-07-17 11:48:50 ::1 POST /Service1.svc - 49474 - ::1 - - 200 0 0 181
2018-07-17 11:48:50 ::1 POST /Service1.svc - 49474 - ::1 - - 200 0 0 48
2018-07-17 11:48:52 ::1 POST /Service1.svc - 49474 - ::1 - - 200 0 0 47
2018-07-17 11:48:52 ::1 POST /Service1.svc - 49474 - ::1 - - 200 0 0 21
2018-07-17 11:48:52 ::1 POST /Service1.svc - 49474 - ::1 - - 200 0 0 45
2018-07-17 11:48:52 ::1 POST /Service1.svc - 49474 - ::1 - - 200 0 0 31
2018-07-17 11:48:56 ::1 POST /Service1.svc - 49474 - ::1 - - 200 0 0 3392
2018-07-17 11:48:57 ::1 POST /Service1.svc - 49474 - ::1 - - 200 0 0 1764
2018-07-17 11:48:59 ::1 POST /Service1.svc - 49474 - ::1 - - 200 0 0 1346
2018-07-17 11:49:01 ::1 POST /Service1.svc - 49474 - ::1 - - 200 0 0 40
2018-07-17 11:49:01 ::1 POST /Service1.svc - 49474 - ::1 - - 200 0 0 35
2018-07-17 11:49:01 ::1 POST /Service1.svc - 49474 - ::1 - - 200 0 0 114
2018-07-17 11:49:01 ::1 POST /Service1.svc - 49474 - ::1 - - 200 0 0 47
2018-07-17 11:49:01 ::1 POST /Service1.svc - 49474 - ::1 - - 200 0 0 140
2018-07-17 11:49:01 ::1 POST /Service1.svc - 49474 - ::1 - - 200 0 0 104
2018-07-17 11:49:01 ::1 POST /Service1.svc - 49474 - ::1 - - 200 0 0 77
2018-07-17 11:49:01 ::1 POST /Service1.svc - 49474 - ::1 - - 200 0 0 118
2018-07-17 11:49:01 ::1 POST /Service1.svc - 49474 - ::1 - - 200 0 0 99
2018-07-17 11:49:01 ::1 POST /Service1.svc - 49474 - ::1 - - 200 0 0 23
2018-07-17 11:49:01 ::1 POST /Service1.svc - 49474 - ::1 - - 200 0 0 21
2018-07-17 11:49:04 ::1 POST /Service1.svc - 49474 - ::1 - - 200 0 0 35
2018-07-17 11:49:04 ::1 POST /Service1.svc - 49474 - ::1 - - 200 0 0 140
2018-07-17 11:49:04 ::1 POST /Service1.svc - 49474 - ::1 - - 200 0 0 81
2018-07-17 11:49:17 ::1 POST /Service1.svc - 49474 - ::1 - - 200 0 0 230
2018-07-17 11:49:33 ::1 POST /Service1.svc - 49474 - ::1 - - 200 0 0 236
2018-07-17 11:50:11 ::1 POST /Service1.svc - 49474 - ::1 - - 200 0 0 98
2018-07-17 11:50:11 ::1 POST /Service1.svc - 49474 - ::1 - - 200 0 0 43
2018-07-17 11:50:11 ::1 POST /Service1.svc - 49474 - ::1 - - 200 0 0 53
2018-07-17 11:54:20 ::1 POST /Service1.svc - 49474 - ::1 - - 200 0 0 188
2018-07-17 11:54:20 ::1 POST /Service1.svc - 49474 - ::1 - - 200 0 0 515
2018-07-17 11:54:21 ::1 POST /Service1.svc - 49474 - ::1 - - 200 0 0 174
2018-07-17 11:54:21 ::1 POST /Service1.svc - 49474 - ::1 - - 200 0 0 312
2018-07-17 11:54:47 ::1 POST /Service1.svc - 49474 - ::1 - - 200 0 0 78
2018-07-17 11:54:47 ::1 POST /Service1.svc - 49474 - ::1 - - 200 0 0 134
2018-07-17 11:54:47 ::1 POST /Service1.svc - 49474 - ::1 - - 200 0 0 76
2018-07-17 11:54:47 ::1 POST /Service1.svc - 49474 - ::1 - - 200 0 0 337
2018-07-17 11:54:51 ::1 POST /Service1.svc - 49474 - ::1 - - 200 0 0 1210
2018-07-17 11:54:51 ::1 POST /Service1.svc - 49474 - ::1 - - 200 0 0 951
2018-07-17 11:54:53 ::1 POST /Service1.svc - 49474 - ::1 - - 200 0 0 1532
2018-07-17 11:54:55 ::1 POST /Service1.svc - 49474 - ::1 - - 200 0 0 1665
2018-07-17 11:54:57 ::1 POST /Service1.svc - 49474 - ::1 - - 200 0 0 1749
2018-07-17 11:54:57 ::1 POST /Service1.svc - 49474 - ::1 - - 200 0 0 251
2018-07-17 11:54:57 ::1 POST /Service1.svc - 49474 - ::1 - - 200 0 0 356
2018-07-17 11:54:58 ::1 POST /Service1.svc - 49474 - ::1 - - 200 0 0 895
2018-07-17 11:54:58 ::1 POST /Service1.svc - 49474 - ::1 - - 200 0 0 39
2018-07-17 11:54:58 ::1 POST /Service1.svc - 49474 - ::1 - - 200 0 0 38
2018-07-17 11:55:00 ::1 POST /Service1.svc - 49474 - ::1 - - 200 0 0 220
2018-07-17 11:55:29 ::1 POST /Service1.svc - 49474 - ::1 - - 200 0 0 548
2018-07-17 11:55:30 ::1 POST /Service1.svc - 49474 - ::1 - - 200 0 0 726
2018-07-17 11:55:33 ::1 POST /Service1.svc - 49474 - ::1 - - 200 0 0 144
2018-07-17 11:56:01 ::1 POST /Service1.svc - 49474 - ::1 - - 200 0 0 627
2018-07-17 11:58:25 ::1 POST /Service1.svc - 49474 - ::1 - - 200 0 0 36
2018-07-17 11:58:29 ::1 POST /Service1.svc - 49474 - ::1 - - 200 0 0 101
