#Software: Microsoft Internet Information Services 10.0
#Version: 1.0
#Date: 2018-07-19 06:34:13
#Fields: date time s-ip cs-method cs-uri-stem cs-uri-query s-port cs-username c-ip cs(User-Agent) cs(Referer) sc-status sc-substatus sc-win32-status time-taken
2018-07-19 06:34:13 ::1 POST /Service1.svc - 49474 - ::1 - - 415 0 0 44323
2018-07-19 06:34:13 ::1 POST /Service1.svc/mex - 49474 - ::1 - - 415 0 0 19
2018-07-19 06:34:20 ::1 GET /Service1.svc - 49474 - ::1 Mozilla/4.0+(compatible;+MSIE+6.0;+MS+Web+Services+Client+Protocol+4.0.30319.42000) - 200 0 0 6474
2018-07-19 06:34:20 ::1 GET /Service1.svc disco 49474 - ::1 Mozilla/4.0+(compatible;+MSIE+6.0;+MS+Web+Services+Client+Protocol+4.0.30319.42000) - 200 0 0 39
2018-07-19 06:34:20 ::1 GET /Service1.svc wsdl 49474 - ::1 Mozilla/4.0+(compatible;+MSIE+6.0;+MS+Web+Services+Client+Protocol+4.0.30319.42000) - 200 0 0 483
2018-07-19 06:34:25 ::1 GET /Service1.svc xsd=xsd0 49474 - ::1 Mozilla/4.0+(compatible;+MSIE+6.0;+MS+Web+Services+Client+Protocol+4.0.30319.42000) - 200 0 0 2605
2018-07-19 06:34:25 ::1 GET /Service1.svc xsd=xsd2 49474 - ::1 Mozilla/4.0+(compatible;+MSIE+6.0;+MS+Web+Services+Client+Protocol+4.0.30319.42000) - 200 0 0 74
2018-07-19 06:34:25 ::1 GET /Service1.svc xsd=xsd3 49474 - ::1 Mozilla/4.0+(compatible;+MSIE+6.0;+MS+Web+Services+Client+Protocol+4.0.30319.42000) - 200 0 0 5
2018-07-19 06:34:25 ::1 GET /Service1.svc xsd=xsd1 49474 - ::1 Mozilla/4.0+(compatible;+MSIE+6.0;+MS+Web+Services+Client+Protocol+4.0.30319.42000) - 200 0 0 20
2018-07-19 06:35:09 ::1 GET /Service1.svc - 49474 - ::1 Mozilla/4.0+(compatible;+MSIE+6.0;+MS+Web+Services+Client+Protocol+4.0.30319.42000) - 200 0 0 307
2018-07-19 06:35:09 ::1 GET /Service1.svc/$metadata - 49474 - ::1 Mozilla/4.0+(compatible;+MSIE+6.0;+MS+Web+Services+Client+Protocol+4.0.30319.42000) - 400 0 0 380
2018-07-19 06:35:09 ::1 GET /Service1.svc disco 49474 - ::1 Mozilla/4.0+(compatible;+MSIE+6.0;+MS+Web+Services+Client+Protocol+4.0.30319.42000) - 200 0 0 64
2018-07-19 06:35:09 ::1 GET /Service1.svc wsdl 49474 - ::1 Mozilla/4.0+(compatible;+MSIE+6.0;+MS+Web+Services+Client+Protocol+4.0.30319.42000) - 200 0 0 317
2018-07-19 06:35:09 ::1 POST /Service1.svc - 49474 - ::1 - - 415 0 0 63
2018-07-19 06:35:09 ::1 POST /Service1.svc/mex - 49474 - ::1 - - 415 0 0 222
2018-07-19 06:35:09 ::1 GET /Service1.svc xsd=xsd0 49474 - ::1 Mozilla/4.0+(compatible;+MSIE+6.0;+MS+Web+Services+Client+Protocol+4.0.30319.42000) - 200 0 0 25
2018-07-19 06:35:09 ::1 GET /Service1.svc xsd=xsd2 49474 - ::1 Mozilla/4.0+(compatible;+MSIE+6.0;+MS+Web+Services+Client+Protocol+4.0.30319.42000) - 200 0 0 19
2018-07-19 06:35:09 ::1 GET /Service1.svc xsd=xsd3 49474 - ::1 Mozilla/4.0+(compatible;+MSIE+6.0;+MS+Web+Services+Client+Protocol+4.0.30319.42000) - 200 0 0 4
2018-07-19 06:35:09 ::1 GET /Service1.svc xsd=xsd1 49474 - ::1 Mozilla/4.0+(compatible;+MSIE+6.0;+MS+Web+Services+Client+Protocol+4.0.30319.42000) - 200 0 0 37
#Software: Microsoft Internet Information Services 10.0
#Version: 1.0
#Date: 2018-07-19 06:49:28
#Fields: date time s-ip cs-method cs-uri-stem cs-uri-query s-port cs-username c-ip cs(User-Agent) cs(Referer) sc-status sc-substatus sc-win32-status time-taken
2018-07-19 06:49:28 ::1 POST /Service1.svc - 49474 - ::1 - - 415 0 0 15234
2018-07-19 06:49:28 ::1 POST /Service1.svc/mex - 49474 - ::1 - - 415 0 0 145
2018-07-19 06:49:33 ::1 GET /Service1.svc - 49474 - ::1 Mozilla/4.0+(compatible;+MSIE+6.0;+MS+Web+Services+Client+Protocol+4.0.30319.42000) - 200 0 0 5096
2018-07-19 06:49:33 ::1 GET /Service1.svc disco 49474 - ::1 Mozilla/4.0+(compatible;+MSIE+6.0;+MS+Web+Services+Client+Protocol+4.0.30319.42000) - 200 0 0 35
2018-07-19 06:49:33 ::1 GET /Service1.svc wsdl 49474 - ::1 Mozilla/4.0+(compatible;+MSIE+6.0;+MS+Web+Services+Client+Protocol+4.0.30319.42000) - 200 0 0 166
2018-07-19 06:49:35 ::1 GET /Service1.svc xsd=xsd0 49474 - ::1 Mozilla/4.0+(compatible;+MSIE+6.0;+MS+Web+Services+Client+Protocol+4.0.30319.42000) - 200 0 0 1129
2018-07-19 06:49:35 ::1 GET /Service1.svc xsd=xsd2 49474 - ::1 Mozilla/4.0+(compatible;+MSIE+6.0;+MS+Web+Services+Client+Protocol+4.0.30319.42000) - 200 0 0 16
2018-07-19 06:49:35 ::1 GET /Service1.svc xsd=xsd3 49474 - ::1 Mozilla/4.0+(compatible;+MSIE+6.0;+MS+Web+Services+Client+Protocol+4.0.30319.42000) - 200 0 0 13
2018-07-19 06:49:35 ::1 GET /Service1.svc xsd=xsd1 49474 - ::1 Mozilla/4.0+(compatible;+MSIE+6.0;+MS+Web+Services+Client+Protocol+4.0.30319.42000) - 200 0 0 18
2018-07-19 06:49:53 ::1 GET /Service1.svc - 49474 - ::1 Mozilla/4.0+(compatible;+MSIE+6.0;+MS+Web+Services+Client+Protocol+4.0.30319.42000) - 200 0 0 29
2018-07-19 06:49:53 ::1 GET /Service1.svc/$metadata - 49474 - ::1 Mozilla/4.0+(compatible;+MSIE+6.0;+MS+Web+Services+Client+Protocol+4.0.30319.42000) - 400 0 0 51
2018-07-19 06:49:53 ::1 GET /Service1.svc disco 49474 - ::1 Mozilla/4.0+(compatible;+MSIE+6.0;+MS+Web+Services+Client+Protocol+4.0.30319.42000) - 200 0 0 30
2018-07-19 06:49:53 ::1 GET /Service1.svc wsdl 49474 - ::1 Mozilla/4.0+(compatible;+MSIE+6.0;+MS+Web+Services+Client+Protocol+4.0.30319.42000) - 200 0 0 36
2018-07-19 06:49:53 ::1 GET /Service1.svc xsd=xsd0 49474 - ::1 Mozilla/4.0+(compatible;+MSIE+6.0;+MS+Web+Services+Client+Protocol+4.0.30319.42000) - 200 0 0 21
2018-07-19 06:49:53 ::1 GET /Service1.svc xsd=xsd2 49474 - ::1 Mozilla/4.0+(compatible;+MSIE+6.0;+MS+Web+Services+Client+Protocol+4.0.30319.42000) - 200 0 0 20
2018-07-19 06:49:53 ::1 GET /Service1.svc xsd=xsd3 49474 - ::1 Mozilla/4.0+(compatible;+MSIE+6.0;+MS+Web+Services+Client+Protocol+4.0.30319.42000) - 200 0 0 55
2018-07-19 06:49:53 ::1 POST /Service1.svc/mex - 49474 - ::1 - - 415 0 0 88
2018-07-19 06:49:53 ::1 GET /Service1.svc xsd=xsd1 49474 - ::1 Mozilla/4.0+(compatible;+MSIE+6.0;+MS+Web+Services+Client+Protocol+4.0.30319.42000) - 200 0 0 64
2018-07-19 06:49:53 ::1 POST /Service1.svc - 49474 - ::1 - - 415 0 0 114
2018-07-19 06:50:40 ::1 GET /Service1.svc - 49474 - ::1 Mozilla/4.0+(compatible;+MSIE+6.0;+MS+Web+Services+Client+Protocol+4.0.30319.42000) - 200 0 0 117
2018-07-19 06:50:40 ::1 GET /Service1.svc/$metadata - 49474 - ::1 Mozilla/4.0+(compatible;+MSIE+6.0;+MS+Web+Services+Client+Protocol+4.0.30319.42000) - 400 0 0 105
2018-07-19 06:50:40 ::1 GET /Service1.svc disco 49474 - ::1 Mozilla/4.0+(compatible;+MSIE+6.0;+MS+Web+Services+Client+Protocol+4.0.30319.42000) - 200 0 0 115
2018-07-19 06:50:40 ::1 POST /Service1.svc/mex - 49474 - ::1 - - 415 0 0 355
2018-07-19 06:50:40 ::1 POST /Service1.svc - 49474 - ::1 - - 415 0 0 363
2018-07-19 06:50:40 ::1 GET /Service1.svc wsdl 49474 - ::1 Mozilla/4.0+(compatible;+MSIE+6.0;+MS+Web+Services+Client+Protocol+4.0.30319.42000) - 200 0 0 233
2018-07-19 06:50:40 ::1 GET /Service1.svc xsd=xsd0 49474 - ::1 Mozilla/4.0+(compatible;+MSIE+6.0;+MS+Web+Services+Client+Protocol+4.0.30319.42000) - 200 0 0 17
2018-07-19 06:50:40 ::1 GET /Service1.svc xsd=xsd2 49474 - ::1 Mozilla/4.0+(compatible;+MSIE+6.0;+MS+Web+Services+Client+Protocol+4.0.30319.42000) - 200 0 0 19
2018-07-19 06:50:40 ::1 GET /Service1.svc xsd=xsd3 49474 - ::1 Mozilla/4.0+(compatible;+MSIE+6.0;+MS+Web+Services+Client+Protocol+4.0.30319.42000) - 200 0 0 15
2018-07-19 06:50:40 ::1 GET /Service1.svc xsd=xsd1 49474 - ::1 Mozilla/4.0+(compatible;+MSIE+6.0;+MS+Web+Services+Client+Protocol+4.0.30319.42000) - 200 0 0 26
2018-07-19 06:55:28 ::1 POST /Service1.svc - 49474 - ::1 - - 200 0 0 5107
2018-07-19 06:55:28 ::1 POST /Service1.svc - 49474 - ::1 - - 200 0 0 262
2018-07-19 06:55:29 ::1 POST /Service1.svc - 49474 - ::1 - - 200 0 0 552
2018-07-19 06:55:29 ::1 POST /Service1.svc - 49474 - ::1 - - 200 0 0 405
2018-07-19 06:55:35 ::1 POST /Service1.svc - 49474 - ::1 - - 200 0 0 99
2018-07-19 06:55:35 ::1 POST /Service1.svc - 49474 - ::1 - - 200 0 0 166
2018-07-19 06:55:35 ::1 POST /Service1.svc - 49474 - ::1 - - 200 0 0 25
2018-07-19 06:55:35 ::1 POST /Service1.svc - 49474 - ::1 - - 200 0 0 53
2018-07-19 06:55:39 ::1 POST /Service1.svc - 49474 - ::1 - - 200 0 0 29
2018-07-19 06:55:39 ::1 POST /Service1.svc - 49474 - ::1 - - 200 0 0 59
2018-07-19 06:55:39 ::1 POST /Service1.svc - 49474 - ::1 - - 200 0 0 100
2018-07-19 06:55:39 ::1 POST /Service1.svc - 49474 - ::1 - - 200 0 0 59
2018-07-19 06:55:39 ::1 POST /Service1.svc - 49474 - ::1 - - 200 0 0 85
2018-07-19 06:55:39 ::1 POST /Service1.svc - 49474 - ::1 - - 200 0 0 55
2018-07-19 06:55:39 ::1 POST /Service1.svc - 49474 - ::1 - - 200 0 0 26
2018-07-19 06:55:39 ::1 POST /Service1.svc - 49474 - ::1 - - 200 0 0 103
2018-07-19 06:55:40 ::1 POST /Service1.svc - 49474 - ::1 - - 200 0 0 424
2018-07-19 06:55:40 ::1 POST /Service1.svc - 49474 - ::1 - - 200 0 0 229
2018-07-19 06:55:40 ::1 POST /Service1.svc - 49474 - ::1 - - 200 0 0 183
2018-07-19 06:55:44 ::1 POST /Service1.svc - 49474 - ::1 - - 200 0 0 465
2018-07-19 06:55:44 ::1 POST /Service1.svc - 49474 - ::1 - - 200 0 0 358
2018-07-19 06:55:44 ::1 POST /Service1.svc - 49474 - ::1 - - 200 0 0 211
2018-07-19 06:55:44 ::1 POST /Service1.svc - 49474 - ::1 - - 200 0 0 178
2018-07-19 06:55:45 ::1 POST /Service1.svc - 49474 - ::1 - - 200 0 0 213
2018-07-19 06:55:45 ::1 POST /Service1.svc - 49474 - ::1 - - 200 0 0 99
2018-07-19 06:55:45 ::1 POST /Service1.svc - 49474 - ::1 - - 200 0 0 293
2018-07-19 06:55:45 ::1 POST /Service1.svc - 49474 - ::1 - - 200 0 0 219
2018-07-19 06:55:55 ::1 POST /Service1.svc - 49474 - ::1 - - 200 0 0 169
2018-07-19 06:56:04 ::1 POST /Service1.svc - 49474 - ::1 - - 200 0 0 146
2018-07-19 06:56:11 ::1 POST /Service1.svc - 49474 - ::1 - - 200 0 0 154
#Software: Microsoft Internet Information Services 10.0
#Version: 1.0
#Date: 2018-07-19 07:19:01
#Fields: date time s-ip cs-method cs-uri-stem cs-uri-query s-port cs-username c-ip cs(User-Agent) cs(Referer) sc-status sc-substatus sc-win32-status time-taken
2018-07-19 07:19:01 ::1 POST /Service1.svc - 49474 - ::1 - - 200 0 0 1772
2018-07-19 07:19:01 ::1 POST /Service1.svc - 49474 - ::1 - - 200 0 0 59
2018-07-19 07:19:02 ::1 POST /Service1.svc - 49474 - ::1 - - 200 0 0 80
2018-07-19 07:19:02 ::1 POST /Service1.svc - 49474 - ::1 - - 200 0 0 105
2018-07-19 07:19:21 ::1 POST /Service1.svc - 49474 - ::1 - - 200 0 0 28
2018-07-19 07:19:21 ::1 POST /Service1.svc - 49474 - ::1 - - 200 0 0 53
2018-07-19 07:19:21 ::1 POST /Service1.svc - 49474 - ::1 - - 200 0 0 48
2018-07-19 07:19:21 ::1 POST /Service1.svc - 49474 - ::1 - - 200 0 0 111
2018-07-19 07:19:24 ::1 POST /Service1.svc - 49474 - ::1 - - 200 0 0 38
2018-07-19 07:19:24 ::1 POST /Service1.svc - 49474 - ::1 - - 200 0 0 22
2018-07-19 07:19:24 ::1 POST /Service1.svc - 49474 - ::1 - - 200 0 0 49
2018-07-19 07:19:24 ::1 POST /Service1.svc - 49474 - ::1 - - 200 0 0 117
2018-07-19 07:19:24 ::1 POST /Service1.svc - 49474 - ::1 - - 200 0 0 28
2018-07-19 07:19:24 ::1 POST /Service1.svc - 49474 - ::1 - - 200 0 0 74
2018-07-19 07:19:24 ::1 POST /Service1.svc - 49474 - ::1 - - 200 0 0 40
2018-07-19 07:19:24 ::1 POST /Service1.svc - 49474 - ::1 - - 200 0 0 239
2018-07-19 07:19:25 ::1 POST /Service1.svc - 49474 - ::1 - - 200 0 0 231
2018-07-19 07:19:25 ::1 POST /Service1.svc - 49474 - ::1 - - 200 0 0 62
2018-07-19 07:19:25 ::1 POST /Service1.svc - 49474 - ::1 - - 200 0 0 558
2018-07-19 07:19:30 ::1 POST /Service1.svc - 49474 - ::1 - - 200 0 0 267
2018-07-19 07:19:30 ::1 POST /Service1.svc - 49474 - ::1 - - 200 0 0 52
2018-07-19 07:19:30 ::1 POST /Service1.svc - 49474 - ::1 - - 200 0 0 32
2018-07-19 07:19:30 ::1 POST /Service1.svc - 49474 - ::1 - - 200 0 0 37
2018-07-19 07:19:30 ::1 POST /Service1.svc - 49474 - ::1 - - 200 0 0 64
2018-07-19 07:19:30 ::1 POST /Service1.svc - 49474 - ::1 - - 200 0 0 123
2018-07-19 07:19:30 ::1 POST /Service1.svc - 49474 - ::1 - - 200 0 0 147
2018-07-19 07:19:31 ::1 POST /Service1.svc - 49474 - ::1 - - 200 0 0 167
2018-07-19 07:19:31 ::1 POST /Service1.svc - 49474 - ::1 - - 200 0 0 92
2018-07-19 07:20:01 ::1 POST /Service1.svc - 49474 - ::1 - - 200 0 0 34
2018-07-19 07:20:01 ::1 POST /Service1.svc - 49474 - ::1 - - 200 0 0 19
2018-07-19 07:20:01 ::1 POST /Service1.svc - 49474 - ::1 - - 200 0 0 17
2018-07-19 07:20:01 ::1 POST /Service1.svc - 49474 - ::1 - - 200 0 0 71
2018-07-19 07:20:04 ::1 POST /Service1.svc - 49474 - ::1 - - 200 0 0 114
2018-07-19 07:20:04 ::1 POST /Service1.svc - 49474 - ::1 - - 200 0 0 56
2018-07-19 07:20:04 ::1 POST /Service1.svc - 49474 - ::1 - - 200 0 0 53
2018-07-19 07:20:04 ::1 POST /Service1.svc - 49474 - ::1 - - 200 0 0 105
2018-07-19 07:21:20 ::1 POST /Service1.svc - 49474 - ::1 - - 200 0 0 4259
2018-07-19 07:21:20 ::1 POST /Service1.svc - 49474 - ::1 - - 200 0 0 225
2018-07-19 07:21:20 ::1 POST /Service1.svc - 49474 - ::1 - - 200 0 0 147
2018-07-19 07:21:22 ::1 POST /Service1.svc - 49474 - ::1 - - 200 0 0 87
2018-07-19 07:21:25 ::1 POST /Service1.svc - 49474 - ::1 - - 200 0 0 19
2018-07-19 07:21:25 ::1 POST /Service1.svc - 49474 - ::1 - - 200 0 0 289
2018-07-19 07:21:25 ::1 POST /Service1.svc - 49474 - ::1 - - 200 0 0 52
2018-07-19 07:21:25 ::1 POST /Service1.svc - 49474 - ::1 - - 200 0 0 177
2018-07-19 07:21:28 ::1 POST /Service1.svc - 49474 - ::1 - - 200 0 0 171
2018-07-19 07:21:28 ::1 POST /Service1.svc - 49474 - ::1 - - 200 0 0 13
2018-07-19 07:21:28 ::1 POST /Service1.svc - 49474 - ::1 - - 200 0 0 17
2018-07-19 07:21:28 ::1 POST /Service1.svc - 49474 - ::1 - - 200 0 0 164
2018-07-19 07:21:28 ::1 POST /Service1.svc - 49474 - ::1 - - 200 0 0 253
2018-07-19 07:21:28 ::1 POST /Service1.svc - 49474 - ::1 - - 200 0 0 276
2018-07-19 07:21:28 ::1 POST /Service1.svc - 49474 - ::1 - - 200 0 0 20
2018-07-19 07:21:28 ::1 POST /Service1.svc - 49474 - ::1 - - 200 0 0 58
2018-07-19 07:21:29 ::1 POST /Service1.svc - 49474 - ::1 - - 200 0 0 194
2018-07-19 07:21:29 ::1 POST /Service1.svc - 49474 - ::1 - - 200 0 0 43
2018-07-19 07:21:29 ::1 POST /Service1.svc - 49474 - ::1 - - 200 0 0 92
2018-07-19 07:21:32 ::1 POST /Service1.svc - 49474 - ::1 - - 200 0 0 101
2018-07-19 07:21:32 ::1 POST /Service1.svc - 49474 - ::1 - - 200 0 0 157
2018-07-19 07:21:32 ::1 POST /Service1.svc - 49474 - ::1 - - 200 0 0 32
2018-07-19 07:21:32 ::1 POST /Service1.svc - 49474 - ::1 - - 200 0 0 208
2018-07-19 07:21:32 ::1 POST /Service1.svc - 49474 - ::1 - - 200 0 0 51
2018-07-19 07:21:32 ::1 POST /Service1.svc - 49474 - ::1 - - 200 0 0 109
2018-07-19 07:21:32 ::1 POST /Service1.svc - 49474 - ::1 - - 200 0 0 86
2018-07-19 07:21:32 ::1 POST /Service1.svc - 49474 - ::1 - - 200 0 0 106
2018-07-19 07:21:32 ::1 POST /Service1.svc - 49474 - ::1 - - 200 0 0 59
2018-07-19 07:21:35 ::1 POST /Service1.svc - 49474 - ::1 - - 200 0 0 48
2018-07-19 07:21:47 ::1 POST /Service1.svc - 49474 - ::1 - - 200 0 0 315
#Software: Microsoft Internet Information Services 10.0
#Version: 1.0
#Date: 2018-07-19 07:54:34
#Fields: date time s-ip cs-method cs-uri-stem cs-uri-query s-port cs-username c-ip cs(User-Agent) cs(Referer) sc-status sc-substatus sc-win32-status time-taken
2018-07-19 07:54:34 ::1 POST /Service1.svc - 49474 - ::1 - - 200 0 0 219
2018-07-19 07:54:34 ::1 POST /Service1.svc - 49474 - ::1 - - 200 0 0 43
2018-07-19 07:54:34 ::1 POST /Service1.svc - 49474 - ::1 - - 200 0 0 61
2018-07-19 07:54:34 ::1 POST /Service1.svc - 49474 - ::1 - - 200 0 0 27
2018-07-19 07:55:27 ::1 POST /Service1.svc - 49474 - ::1 - - 200 0 0 120
2018-07-19 07:55:27 ::1 POST /Service1.svc - 49474 - ::1 - - 200 0 0 50
2018-07-19 07:55:27 ::1 POST /Service1.svc - 49474 - ::1 - - 200 0 0 20
2018-07-19 07:55:27 ::1 POST /Service1.svc - 49474 - ::1 - - 200 0 0 44
2018-07-19 07:55:30 ::1 POST /Service1.svc - 49474 - ::1 - - 200 0 0 48
2018-07-19 07:55:30 ::1 POST /Service1.svc - 49474 - ::1 - - 200 0 0 78
2018-07-19 07:55:30 ::1 POST /Service1.svc - 49474 - ::1 - - 200 0 0 50
2018-07-19 07:55:30 ::1 POST /Service1.svc - 49474 - ::1 - - 200 0 0 28
2018-07-19 07:55:30 ::1 POST /Service1.svc - 49474 - ::1 - - 200 0 0 31
2018-07-19 07:55:30 ::1 POST /Service1.svc - 49474 - ::1 - - 200 0 0 36
2018-07-19 07:55:30 ::1 POST /Service1.svc - 49474 - ::1 - - 200 0 0 38
2018-07-19 07:55:30 ::1 POST /Service1.svc - 49474 - ::1 - - 200 0 0 162
2018-07-19 07:55:30 ::1 POST /Service1.svc - 49474 - ::1 - - 200 0 0 73
2018-07-19 07:55:30 ::1 POST /Service1.svc - 49474 - ::1 - - 200 0 0 57
2018-07-19 07:55:30 ::1 POST /Service1.svc - 49474 - ::1 - - 200 0 0 106
2018-07-19 07:55:33 ::1 POST /Service1.svc - 49474 - ::1 - - 200 0 0 202
2018-07-19 07:55:33 ::1 POST /Service1.svc - 49474 - ::1 - - 200 0 0 132
2018-07-19 07:55:33 ::1 POST /Service1.svc - 49474 - ::1 - - 200 0 0 58
2018-07-19 07:55:33 ::1 POST /Service1.svc - 49474 - ::1 - - 200 0 0 87
2018-07-19 07:55:33 ::1 POST /Service1.svc - 49474 - ::1 - - 200 0 0 40
2018-07-19 07:55:33 ::1 POST /Service1.svc - 49474 - ::1 - - 200 0 0 89
2018-07-19 07:55:33 ::1 POST /Service1.svc - 49474 - ::1 - - 200 0 0 30
2018-07-19 07:55:33 ::1 POST /Service1.svc - 49474 - ::1 - - 200 0 0 34
2018-07-19 07:55:33 ::1 POST /Service1.svc - 49474 - ::1 - - 200 0 0 48
2018-07-19 08:00:08 ::1 POST /Service1.svc - 49474 - ::1 - - 200 0 0 116
2018-07-19 08:00:31 ::1 POST /Service1.svc - 49474 - ::1 - - 200 0 0 251
2018-07-19 08:08:30 ::1 POST /Service1.svc - 49474 - ::1 - - 200 0 0 142
2018-07-19 08:08:30 ::1 POST /Service1.svc - 49474 - ::1 - - 200 0 0 19
2018-07-19 08:08:30 ::1 POST /Service1.svc - 49474 - ::1 - - 200 0 0 71
2018-07-19 08:08:30 ::1 POST /Service1.svc - 49474 - ::1 - - 200 0 0 99
2018-07-19 08:08:36 ::1 POST /Service1.svc - 49474 - ::1 - - 200 0 0 88
2018-07-19 08:08:36 ::1 POST /Service1.svc - 49474 - ::1 - - 200 0 0 16
2018-07-19 08:08:36 ::1 POST /Service1.svc - 49474 - ::1 - - 200 0 0 28
2018-07-19 08:08:36 ::1 POST /Service1.svc - 49474 - ::1 - - 200 0 0 58
2018-07-19 08:08:42 ::1 POST /Service1.svc - 49474 - ::1 - - 200 0 0 22
2018-07-19 08:08:42 ::1 POST /Service1.svc - 49474 - ::1 - - 200 0 0 15
2018-07-19 08:08:42 ::1 POST /Service1.svc - 49474 - ::1 - - 200 0 0 12
2018-07-19 08:08:42 ::1 POST /Service1.svc - 49474 - ::1 - - 200 0 0 49
2018-07-19 08:08:42 ::1 POST /Service1.svc - 49474 - ::1 - - 200 0 0 107
2018-07-19 08:08:42 ::1 POST /Service1.svc - 49474 - ::1 - - 200 0 0 18
2018-07-19 08:08:42 ::1 POST /Service1.svc - 49474 - ::1 - - 200 0 0 14
2018-07-19 08:08:42 ::1 POST /Service1.svc - 49474 - ::1 - - 200 0 0 53
2018-07-19 08:08:42 ::1 POST /Service1.svc - 49474 - ::1 - - 200 0 0 58
2018-07-19 08:08:42 ::1 POST /Service1.svc - 49474 - ::1 - - 200 0 0 110
2018-07-19 08:08:42 ::1 POST /Service1.svc - 49474 - ::1 - - 200 0 0 21
2018-07-19 08:08:45 ::1 POST /Service1.svc - 49474 - ::1 - - 200 0 0 35
2018-07-19 08:08:45 ::1 POST /Service1.svc - 49474 - ::1 - - 200 0 0 89
2018-07-19 08:08:45 ::1 POST /Service1.svc - 49474 - ::1 - - 200 0 0 101
2018-07-19 08:08:45 ::1 POST /Service1.svc - 49474 - ::1 - - 200 0 0 47
2018-07-19 08:08:45 ::1 POST /Service1.svc - 49474 - ::1 - - 200 0 0 35
2018-07-19 08:08:45 ::1 POST /Service1.svc - 49474 - ::1 - - 200 0 0 63
2018-07-19 08:08:45 ::1 POST /Service1.svc - 49474 - ::1 - - 200 0 0 56
2018-07-19 08:08:45 ::1 POST /Service1.svc - 49474 - ::1 - - 200 0 0 61
2018-07-19 08:08:45 ::1 POST /Service1.svc - 49474 - ::1 - - 200 0 0 61
2018-07-19 08:08:48 ::1 POST /Service1.svc - 49474 - ::1 - - 200 0 0 24
2018-07-19 08:14:39 ::1 POST /Service1.svc - 49474 - ::1 - - 200 0 0 308
2018-07-19 08:14:39 ::1 POST /Service1.svc - 49474 - ::1 - - 200 0 0 110
2018-07-19 08:14:39 ::1 POST /Service1.svc - 49474 - ::1 - - 200 0 0 28
2018-07-19 08:14:39 ::1 POST /Service1.svc - 49474 - ::1 - - 200 0 0 60
2018-07-19 08:14:45 ::1 POST /Service1.svc - 49474 - ::1 - - 200 0 0 42
2018-07-19 08:14:45 ::1 POST /Service1.svc - 49474 - ::1 - - 200 0 0 70
2018-07-19 08:14:45 ::1 POST /Service1.svc - 49474 - ::1 - - 200 0 0 22
2018-07-19 08:14:45 ::1 POST /Service1.svc - 49474 - ::1 - - 200 0 0 126
2018-07-19 08:14:48 ::1 POST /Service1.svc - 49474 - ::1 - - 200 0 0 24
2018-07-19 08:14:48 ::1 POST /Service1.svc - 49474 - ::1 - - 200 0 0 17
2018-07-19 08:14:48 ::1 POST /Service1.svc - 49474 - ::1 - - 200 0 0 43
2018-07-19 08:14:48 ::1 POST /Service1.svc - 49474 - ::1 - - 200 0 0 135
2018-07-19 08:14:48 ::1 POST /Service1.svc - 49474 - ::1 - - 200 0 0 47
2018-07-19 08:14:48 ::1 POST /Service1.svc - 49474 - ::1 - - 200 0 0 81
2018-07-19 08:14:48 ::1 POST /Service1.svc - 49474 - ::1 - - 200 0 0 128
2018-07-19 08:14:48 ::1 POST /Service1.svc - 49474 - ::1 - - 200 0 0 329
2018-07-19 08:14:50 ::1 POST /Service1.svc - 49474 - ::1 - - 200 0 0 576
2018-07-19 08:14:50 ::1 POST /Service1.svc - 49474 - ::1 - - 200 0 0 28
2018-07-19 08:14:50 ::1 POST /Service1.svc - 49474 - ::1 - - 200 0 0 27
2018-07-19 08:14:55 ::1 POST /Service1.svc - 49474 - ::1 - - 200 0 0 26
2018-07-19 08:14:55 ::1 POST /Service1.svc - 49474 - ::1 - - 200 0 0 48
2018-07-19 08:14:55 ::1 POST /Service1.svc - 49474 - ::1 - - 200 0 0 58
2018-07-19 08:14:55 ::1 POST /Service1.svc - 49474 - ::1 - - 200 0 0 48
2018-07-19 08:14:55 ::1 POST /Service1.svc - 49474 - ::1 - - 200 0 0 84
2018-07-19 08:14:55 ::1 POST /Service1.svc - 49474 - ::1 - - 200 0 0 73
2018-07-19 08:14:55 ::1 POST /Service1.svc - 49474 - ::1 - - 200 0 0 62
2018-07-19 08:14:55 ::1 POST /Service1.svc - 49474 - ::1 - - 200 0 0 93
2018-07-19 08:14:55 ::1 POST /Service1.svc - 49474 - ::1 - - 200 0 0 61
#Software: Microsoft Internet Information Services 10.0
#Version: 1.0
#Date: 2018-07-19 08:34:12
#Fields: date time s-ip cs-method cs-uri-stem cs-uri-query s-port cs-username c-ip cs(User-Agent) cs(Referer) sc-status sc-substatus sc-win32-status time-taken
2018-07-19 08:34:12 ::1 POST /Service1.svc - 49474 - ::1 - - 200 0 0 102
2018-07-19 08:34:12 ::1 POST /Service1.svc - 49474 - ::1 - - 200 0 0 100
2018-07-19 08:34:12 ::1 POST /Service1.svc - 49474 - ::1 - - 200 0 0 51
2018-07-19 08:34:12 ::1 POST /Service1.svc - 49474 - ::1 - - 200 0 0 68
2018-07-19 08:34:17 ::1 POST /Service1.svc - 49474 - ::1 - - 200 0 0 70
2018-07-19 08:34:17 ::1 POST /Service1.svc - 49474 - ::1 - - 200 0 0 21
2018-07-19 08:34:17 ::1 POST /Service1.svc - 49474 - ::1 - - 200 0 0 16
2018-07-19 08:34:17 ::1 POST /Service1.svc - 49474 - ::1 - - 200 0 0 37
2018-07-19 08:34:21 ::1 POST /Service1.svc - 49474 - ::1 - - 200 0 0 10
2018-07-19 08:34:21 ::1 POST /Service1.svc - 49474 - ::1 - - 200 0 0 73
2018-07-19 08:34:21 ::1 POST /Service1.svc - 49474 - ::1 - - 200 0 0 42
2018-07-19 08:34:21 ::1 POST /Service1.svc - 49474 - ::1 - - 200 0 0 18
2018-07-19 08:34:21 ::1 POST /Service1.svc - 49474 - ::1 - - 200 0 0 13
2018-07-19 08:34:21 ::1 POST /Service1.svc - 49474 - ::1 - - 200 0 0 12
2018-07-19 08:34:21 ::1 POST /Service1.svc - 49474 - ::1 - - 200 0 0 23
2018-07-19 08:34:21 ::1 POST /Service1.svc - 49474 - ::1 - - 200 0 0 62
2018-07-19 08:34:21 ::1 POST /Service1.svc - 49474 - ::1 - - 200 0 0 231
2018-07-19 08:34:21 ::1 POST /Service1.svc - 49474 - ::1 - - 200 0 0 23
2018-07-19 08:34:21 ::1 POST /Service1.svc - 49474 - ::1 - - 200 0 0 59
2018-07-19 08:34:39 ::1 POST /Service1.svc - 49474 - ::1 - - 200 0 0 76
2018-07-19 08:34:39 ::1 POST /Service1.svc - 49474 - ::1 - - 200 0 0 17
2018-07-19 08:34:44 ::1 POST /Service1.svc - 49474 - ::1 - - 200 0 0 64
2018-07-19 08:34:44 ::1 POST /Service1.svc - 49474 - ::1 - - 200 0 0 53
2018-07-19 08:34:44 ::1 POST /Service1.svc - 49474 - ::1 - - 200 0 0 34
2018-07-19 08:34:44 ::1 POST /Service1.svc - 49474 - ::1 - - 200 0 0 65
2018-07-19 08:34:44 ::1 POST /Service1.svc - 49474 - ::1 - - 200 0 0 38
2018-07-19 08:34:44 ::1 POST /Service1.svc - 49474 - ::1 - - 200 0 0 47
2018-07-19 08:34:44 ::1 POST /Service1.svc - 49474 - ::1 - - 200 0 0 32
2018-07-19 08:34:44 ::1 POST /Service1.svc - 49474 - ::1 - - 200 0 0 26
2018-07-19 08:34:44 ::1 POST /Service1.svc - 49474 - ::1 - - 200 0 0 34
2018-07-19 08:35:02 ::1 POST /Service1.svc - 49474 - ::1 - - 200 0 0 54
2018-07-19 08:35:23 ::1 POST /Service1.svc - 49474 - ::1 - - 200 0 0 74
2018-07-19 08:36:20 ::1 POST /Service1.svc - 49474 - ::1 - - 200 0 0 77
2018-07-19 08:36:28 ::1 POST /Service1.svc - 49474 - ::1 - - 200 0 0 32
2018-07-19 08:37:42 ::1 POST /Service1.svc - 49474 - ::1 - - 200 0 0 188
2018-07-19 08:37:53 ::1 POST /Service1.svc - 49474 - ::1 - - 200 0 0 36
2018-07-19 08:42:20 ::1 POST /Service1.svc - 49474 - ::1 - - 200 0 0 72
2018-07-19 08:42:20 ::1 POST /Service1.svc - 49474 - ::1 - - 200 0 0 118
2018-07-19 08:42:20 ::1 POST /Service1.svc - 49474 - ::1 - - 200 0 0 40
2018-07-19 08:42:20 ::1 POST /Service1.svc - 49474 - ::1 - - 200 0 0 56
2018-07-19 08:42:26 ::1 POST /Service1.svc - 49474 - ::1 - - 200 0 0 48
2018-07-19 08:42:26 ::1 POST /Service1.svc - 49474 - ::1 - - 200 0 0 153
2018-07-19 08:42:26 ::1 POST /Service1.svc - 49474 - ::1 - - 200 0 0 58
2018-07-19 08:42:26 ::1 POST /Service1.svc - 49474 - ::1 - - 200 0 0 38
2018-07-19 08:42:28 ::1 POST /Service1.svc - 49474 - ::1 - - 200 0 0 14
2018-07-19 08:42:28 ::1 POST /Service1.svc - 49474 - ::1 - - 200 0 0 17
2018-07-19 08:42:28 ::1 POST /Service1.svc - 49474 - ::1 - - 200 0 0 46
2018-07-19 08:42:28 ::1 POST /Service1.svc - 49474 - ::1 - - 200 0 0 34
2018-07-19 08:42:28 ::1 POST /Service1.svc - 49474 - ::1 - - 200 0 0 26
2018-07-19 08:42:28 ::1 POST /Service1.svc - 49474 - ::1 - - 200 0 0 42
2018-07-19 08:42:28 ::1 POST /Service1.svc - 49474 - ::1 - - 200 0 0 41
2018-07-19 08:42:28 ::1 POST /Service1.svc - 49474 - ::1 - - 200 0 0 72
2018-07-19 08:46:31 ::1 POST /Service1.svc - 49474 - ::1 - - 200 0 0 70
2018-07-19 08:46:31 ::1 POST /Service1.svc - 49474 - ::1 - - 200 0 0 28
2018-07-19 08:46:31 ::1 POST /Service1.svc - 49474 - ::1 - - 200 0 0 19
2018-07-19 08:46:31 ::1 POST /Service1.svc - 49474 - ::1 - - 200 0 0 27
2018-07-19 08:47:25 ::1 POST /Service1.svc - 49474 - ::1 - - 200 0 0 52
2018-07-19 08:47:25 ::1 POST /Service1.svc - 49474 - ::1 - - 200 0 0 11
2018-07-19 08:47:25 ::1 POST /Service1.svc - 49474 - ::1 - - 200 0 0 80
2018-07-19 08:47:25 ::1 POST /Service1.svc - 49474 - ::1 - - 200 0 0 95
2018-07-19 08:47:32 ::1 POST /Service1.svc - 49474 - ::1 - - 200 0 0 152
2018-07-19 08:47:32 ::1 POST /Service1.svc - 49474 - ::1 - - 200 0 0 11
2018-07-19 08:47:32 ::1 POST /Service1.svc - 49474 - ::1 - - 200 0 0 31
2018-07-19 08:47:32 ::1 POST /Service1.svc - 49474 - ::1 - - 200 0 0 14
2018-07-19 08:47:34 ::1 POST /Service1.svc - 49474 - ::1 - - 200 0 0 19
2018-07-19 08:47:34 ::1 POST /Service1.svc - 49474 - ::1 - - 200 0 0 45
2018-07-19 08:47:34 ::1 POST /Service1.svc - 49474 - ::1 - - 200 0 0 77
2018-07-19 08:47:34 ::1 POST /Service1.svc - 49474 - ::1 - - 200 0 0 80
2018-07-19 08:47:34 ::1 POST /Service1.svc - 49474 - ::1 - - 200 0 0 88
2018-07-19 08:47:34 ::1 POST /Service1.svc - 49474 - ::1 - - 200 0 0 153
2018-07-19 08:47:34 ::1 POST /Service1.svc - 49474 - ::1 - - 200 0 0 83
2018-07-19 08:47:34 ::1 POST /Service1.svc - 49474 - ::1 - - 200 0 0 63
2018-07-19 08:47:34 ::1 POST /Service1.svc - 49474 - ::1 - - 200 0 0 100
2018-07-19 08:47:34 ::1 POST /Service1.svc - 49474 - ::1 - - 200 0 0 115
2018-07-19 08:47:35 ::1 POST /Service1.svc - 49474 - ::1 - - 200 0 0 129
2018-07-19 08:47:37 ::1 POST /Service1.svc - 49474 - ::1 - - 200 0 0 44
2018-07-19 08:47:37 ::1 POST /Service1.svc - 49474 - ::1 - - 200 0 0 33
2018-07-19 08:47:37 ::1 POST /Service1.svc - 49474 - ::1 - - 200 0 0 128
2018-07-19 08:47:37 ::1 POST /Service1.svc - 49474 - ::1 - - 200 0 0 66
2018-07-19 08:47:37 ::1 POST /Service1.svc - 49474 - ::1 - - 200 0 0 31
2018-07-19 08:47:37 ::1 POST /Service1.svc - 49474 - ::1 - - 200 0 0 93
2018-07-19 08:47:37 ::1 POST /Service1.svc - 49474 - ::1 - - 200 0 0 62
2018-07-19 08:47:37 ::1 POST /Service1.svc - 49474 - ::1 - - 200 0 0 49
2018-07-19 08:47:37 ::1 POST /Service1.svc - 49474 - ::1 - - 200 0 0 16
2018-07-19 08:47:41 ::1 POST /Service1.svc - 49474 - ::1 - - 200 0 0 54
2018-07-19 08:47:54 ::1 POST /Service1.svc - 49474 - ::1 - - 200 0 0 98
2018-07-19 08:48:24 ::1 POST /Service1.svc - 49474 - ::1 - - 200 0 0 20
2018-07-19 08:48:24 ::1 POST /Service1.svc - 49474 - ::1 - - 200 0 0 26
2018-07-19 08:48:24 ::1 POST /Service1.svc - 49474 - ::1 - - 200 0 0 66
2018-07-19 08:48:24 ::1 POST /Service1.svc - 49474 - ::1 - - 200 0 0 36
2018-07-19 08:48:31 ::1 POST /Service1.svc - 49474 - ::1 - - 200 0 0 20
2018-07-19 08:48:31 ::1 POST /Service1.svc - 49474 - ::1 - - 200 0 0 24
2018-07-19 08:48:31 ::1 POST /Service1.svc - 49474 - ::1 - - 200 0 0 22
2018-07-19 08:48:31 ::1 POST /Service1.svc - 49474 - ::1 - - 200 0 0 159
2018-07-19 08:48:31 ::1 POST /Service1.svc - 49474 - ::1 - - 200 0 0 249
2018-07-19 08:48:31 ::1 POST /Service1.svc - 49474 - ::1 - - 200 0 0 22
2018-07-19 08:48:31 ::1 POST /Service1.svc - 49474 - ::1 - - 200 0 0 35
2018-07-19 08:48:34 ::1 POST /Service1.svc - 49474 - ::1 - - 200 0 0 150
2018-07-19 08:48:34 ::1 POST /Service1.svc - 49474 - ::1 - - 200 0 0 33
2018-07-19 08:48:34 ::1 POST /Service1.svc - 49474 - ::1 - - 200 0 0 166
2018-07-19 08:48:34 ::1 POST /Service1.svc - 49474 - ::1 - - 200 0 0 23
2018-07-19 08:48:34 ::1 POST /Service1.svc - 49474 - ::1 - - 200 0 0 25
2018-07-19 08:48:34 ::1 POST /Service1.svc - 49474 - ::1 - - 200 0 0 40
2018-07-19 08:48:34 ::1 POST /Service1.svc - 49474 - ::1 - - 200 0 0 207
2018-07-19 08:48:34 ::1 POST /Service1.svc - 49474 - ::1 - - 200 0 0 35
2018-07-19 08:48:34 ::1 POST /Service1.svc - 49474 - ::1 - - 200 0 0 21
2018-07-19 08:48:37 ::1 POST /Service1.svc - 49474 - ::1 - - 200 0 0 28
2018-07-19 08:48:43 ::1 POST /Service1.svc - 49474 - ::1 - - 200 0 0 34
2018-07-19 08:49:10 ::1 POST /Service1.svc - 49474 - ::1 - - 200 0 0 138
2018-07-19 08:49:14 ::1 POST /Service1.svc - 49474 - ::1 - - 200 0 0 65
2018-07-19 08:49:18 ::1 POST /Service1.svc - 49474 - ::1 - - 200 0 0 66
2018-07-19 08:49:22 ::1 POST /Service1.svc - 49474 - ::1 - - 200 0 0 22
2018-07-19 08:51:59 ::1 POST /Service1.svc - 49474 - ::1 - - 200 0 0 198
2018-07-19 08:51:59 ::1 POST /Service1.svc - 49474 - ::1 - - 200 0 0 94
2018-07-19 08:51:59 ::1 POST /Service1.svc - 49474 - ::1 - - 200 0 0 43
2018-07-19 08:51:59 ::1 POST /Service1.svc - 49474 - ::1 - - 200 0 0 153
2018-07-19 08:52:15 ::1 POST /Service1.svc - 49474 - ::1 - - 200 0 0 128
2018-07-19 08:52:15 ::1 POST /Service1.svc - 49474 - ::1 - - 200 0 0 135
2018-07-19 08:52:15 ::1 POST /Service1.svc - 49474 - ::1 - - 200 0 0 54
2018-07-19 08:52:15 ::1 POST /Service1.svc - 49474 - ::1 - - 200 0 0 39
2018-07-19 08:52:19 ::1 POST /Service1.svc - 49474 - ::1 - - 200 0 0 204
2018-07-19 08:52:19 ::1 POST /Service1.svc - 49474 - ::1 - - 200 0 0 33
2018-07-19 08:52:19 ::1 POST /Service1.svc - 49474 - ::1 - - 200 0 0 130
2018-07-19 08:52:19 ::1 POST /Service1.svc - 49474 - ::1 - - 200 0 0 99
2018-07-19 08:52:19 ::1 POST /Service1.svc - 49474 - ::1 - - 200 0 0 79
2018-07-19 08:52:19 ::1 POST /Service1.svc - 49474 - ::1 - - 200 0 0 39
2018-07-19 08:52:19 ::1 POST /Service1.svc - 49474 - ::1 - - 200 0 0 69
2018-07-19 08:52:19 ::1 POST /Service1.svc - 49474 - ::1 - - 200 0 0 64
2018-07-19 08:52:19 ::1 POST /Service1.svc - 49474 - ::1 - - 200 0 0 105
2018-07-19 08:52:19 ::1 POST /Service1.svc - 49474 - ::1 - - 200 0 0 98
2018-07-19 08:52:19 ::1 POST /Service1.svc - 49474 - ::1 - - 200 0 0 34
2018-07-19 08:52:22 ::1 POST /Service1.svc - 49474 - ::1 - - 200 0 0 27
2018-07-19 08:52:22 ::1 POST /Service1.svc - 49474 - ::1 - - 200 0 0 133
2018-07-19 08:52:22 ::1 POST /Service1.svc - 49474 - ::1 - - 200 0 0 164
2018-07-19 08:52:22 ::1 POST /Service1.svc - 49474 - ::1 - - 200 0 0 219
2018-07-19 08:52:22 ::1 POST /Service1.svc - 49474 - ::1 - - 200 0 0 244
2018-07-19 08:52:23 ::1 POST /Service1.svc - 49474 - ::1 - - 200 0 0 344
2018-07-19 08:52:23 ::1 POST /Service1.svc - 49474 - ::1 - - 200 0 0 188
2018-07-19 08:52:23 ::1 POST /Service1.svc - 49474 - ::1 - - 200 0 0 104
2018-07-19 08:52:23 ::1 POST /Service1.svc - 49474 - ::1 - - 200 0 0 50
2018-07-19 08:52:27 ::1 POST /Service1.svc - 49474 - ::1 - - 200 0 0 74
2018-07-19 08:52:34 ::1 POST /Service1.svc - 49474 - ::1 - - 200 0 0 95
2018-07-19 08:52:39 ::1 POST /Service1.svc - 49474 - ::1 - - 200 0 0 61
2018-07-19 08:52:49 ::1 POST /Service1.svc - 49474 - ::1 - - 200 0 0 52
2018-07-19 08:52:49 ::1 POST /Service1.svc - 49474 - ::1 - - 200 0 0 42
2018-07-19 08:52:58 ::1 POST /Service1.svc - 49474 - ::1 - - 200 0 0 46
2018-07-19 08:53:02 ::1 POST /Service1.svc - 49474 - ::1 - - 200 0 0 36
2018-07-19 08:53:53 ::1 POST /Service1.svc - 49474 - ::1 - - 200 0 0 65
2018-07-19 08:53:53 ::1 POST /Service1.svc - 49474 - ::1 - - 200 0 0 43
2018-07-19 08:53:53 ::1 POST /Service1.svc - 49474 - ::1 - - 200 0 0 23
2018-07-19 08:53:53 ::1 POST /Service1.svc - 49474 - ::1 - - 200 0 0 95
2018-07-19 08:53:53 ::1 POST /Service1.svc - 49474 - ::1 - - 200 0 0 46
2018-07-19 08:53:53 ::1 POST /Service1.svc - 49474 - ::1 - - 200 0 0 45
2018-07-19 08:53:54 ::1 POST /Service1.svc - 49474 - ::1 - - 200 0 0 17
2018-07-19 08:53:54 ::1 POST /Service1.svc - 49474 - ::1 - - 200 0 0 233
2018-07-19 08:53:56 ::1 POST /Service1.svc - 49474 - ::1 - - 200 0 0 24
2018-07-19 08:53:56 ::1 POST /Service1.svc - 49474 - ::1 - - 200 0 0 25
2018-07-19 08:53:56 ::1 POST /Service1.svc - 49474 - ::1 - - 200 0 0 64
2018-07-19 08:53:56 ::1 POST /Service1.svc - 49474 - ::1 - - 200 0 0 117
2018-07-19 08:53:56 ::1 POST /Service1.svc - 49474 - ::1 - - 200 0 0 44
2018-07-19 08:53:56 ::1 POST /Service1.svc - 49474 - ::1 - - 200 0 0 75
2018-07-19 08:53:56 ::1 POST /Service1.svc - 49474 - ::1 - - 200 0 0 173
2018-07-19 08:53:56 ::1 POST /Service1.svc - 49474 - ::1 - - 200 0 0 101
2018-07-19 08:53:56 ::1 POST /Service1.svc - 49474 - ::1 - - 200 0 0 84
2018-07-19 08:53:56 ::1 POST /Service1.svc - 49474 - ::1 - - 200 0 0 49
2018-07-19 08:53:56 ::1 POST /Service1.svc - 49474 - ::1 - - 200 0 0 76
2018-07-19 08:53:59 ::1 POST /Service1.svc - 49474 - ::1 - - 200 0 0 26
2018-07-19 08:53:59 ::1 POST /Service1.svc - 49474 - ::1 - - 200 0 0 68
2018-07-19 08:53:59 ::1 POST /Service1.svc - 49474 - ::1 - - 200 0 0 38
2018-07-19 08:53:59 ::1 POST /Service1.svc - 49474 - ::1 - - 200 0 0 85
2018-07-19 08:53:59 ::1 POST /Service1.svc - 49474 - ::1 - - 200 0 0 102
2018-07-19 08:53:59 ::1 POST /Service1.svc - 49474 - ::1 - - 200 0 0 530
2018-07-19 08:53:59 ::1 POST /Service1.svc - 49474 - ::1 - - 200 0 0 41
2018-07-19 08:53:59 ::1 POST /Service1.svc - 49474 - ::1 - - 200 0 0 63
2018-07-19 08:54:00 ::1 POST /Service1.svc - 49474 - ::1 - - 200 0 0 218
2018-07-19 08:54:02 ::1 POST /Service1.svc - 49474 - ::1 - - 200 0 0 45
2018-07-19 08:54:09 ::1 POST /Service1.svc - 49474 - ::1 - - 200 0 0 320
2018-07-19 08:54:10 ::1 POST /Service1.svc - 49474 - ::1 - - 200 0 0 162
2018-07-19 08:54:13 ::1 POST /Service1.svc - 49474 - ::1 - - 200 0 0 107
2018-07-19 08:54:13 ::1 POST /Service1.svc - 49474 - ::1 - - 200 0 0 26
2018-07-19 08:54:14 ::1 POST /Service1.svc - 49474 - ::1 - - 200 0 0 33
2018-07-19 08:54:45 ::1 POST /Service1.svc - 49474 - ::1 - - 200 0 0 166
2018-07-19 08:55:59 ::1 POST /Service1.svc - 49474 - ::1 - - 200 0 0 46
2018-07-19 08:55:59 ::1 POST /Service1.svc - 49474 - ::1 - - 200 0 0 48
2018-07-19 08:55:59 ::1 POST /Service1.svc - 49474 - ::1 - - 200 0 0 23
2018-07-19 08:55:59 ::1 POST /Service1.svc - 49474 - ::1 - - 200 0 0 89
2018-07-19 08:55:59 ::1 POST /Service1.svc - 49474 - ::1 - - 200 0 0 123
2018-07-19 08:55:59 ::1 POST /Service1.svc - 49474 - ::1 - - 200 0 0 20
2018-07-19 08:55:59 ::1 POST /Service1.svc - 49474 - ::1 - - 200 0 0 36
2018-07-19 08:56:02 ::1 POST /Service1.svc - 49474 - ::1 - - 200 0 0 42
2018-07-19 08:56:02 ::1 POST /Service1.svc - 49474 - ::1 - - 200 0 0 34
2018-07-19 08:56:02 ::1 POST /Service1.svc - 49474 - ::1 - - 200 0 0 31
2018-07-19 08:56:02 ::1 POST /Service1.svc - 49474 - ::1 - - 200 0 0 62
2018-07-19 08:56:02 ::1 POST /Service1.svc - 49474 - ::1 - - 200 0 0 192
2018-07-19 08:56:02 ::1 POST /Service1.svc - 49474 - ::1 - - 200 0 0 112
2018-07-19 08:56:02 ::1 POST /Service1.svc - 49474 - ::1 - - 200 0 0 116
2018-07-19 08:56:02 ::1 POST /Service1.svc - 49474 - ::1 - - 200 0 0 231
2018-07-19 08:56:02 ::1 POST /Service1.svc - 49474 - ::1 - - 200 0 0 108
2018-07-19 08:56:05 ::1 POST /Service1.svc - 49474 - ::1 - - 200 0 0 306
2018-07-19 08:56:10 ::1 POST /Service1.svc - 49474 - ::1 - - 200 0 0 29
2018-07-19 08:56:11 ::1 POST /Service1.svc - 49474 - ::1 - - 200 0 0 34
2018-07-19 08:56:14 ::1 POST /Service1.svc - 49474 - ::1 - - 200 0 0 39
2018-07-19 08:56:14 ::1 POST /Service1.svc - 49474 - ::1 - - 200 0 0 47
2018-07-19 08:56:16 ::1 POST /Service1.svc - 49474 - ::1 - - 200 0 0 37
2018-07-19 08:56:19 ::1 POST /Service1.svc - 49474 - ::1 - - 200 0 0 56
2018-07-19 08:56:19 ::1 POST /Service1.svc - 49474 - ::1 - - 200 0 0 50
2018-07-19 08:56:19 ::1 POST /Service1.svc - 49474 - ::1 - - 200 0 0 37
2018-07-19 08:56:41 ::1 POST /Service1.svc - 49474 - ::1 - - 200 0 0 99
2018-07-19 08:56:50 ::1 POST /Service1.svc - 49474 - ::1 - - 200 0 0 69
2018-07-19 08:56:56 ::1 POST /Service1.svc - 49474 - ::1 - - 200 0 0 59
2018-07-19 08:57:00 ::1 POST /Service1.svc - 49474 - ::1 - - 200 0 0 43
2018-07-19 08:57:05 ::1 POST /Service1.svc - 49474 - ::1 - - 200 0 0 42
2018-07-19 08:57:08 ::1 POST /Service1.svc - 49474 - ::1 - - 200 0 0 37
2018-07-19 08:57:24 ::1 POST /Service1.svc - 49474 - ::1 - - 200 0 0 85
2018-07-19 09:12:14 ::1 POST /Service1.svc - 49474 - ::1 - - 200 0 0 114
2018-07-19 09:12:14 ::1 POST /Service1.svc - 49474 - ::1 - - 200 0 0 67
2018-07-19 09:12:14 ::1 POST /Service1.svc - 49474 - ::1 - - 200 0 0 42
2018-07-19 09:12:14 ::1 POST /Service1.svc - 49474 - ::1 - - 200 0 0 92
2018-07-19 09:12:18 ::1 POST /Service1.svc - 49474 - ::1 - - 200 0 0 16
2018-07-19 09:12:18 ::1 POST /Service1.svc - 49474 - ::1 - - 200 0 0 45
2018-07-19 09:12:18 ::1 POST /Service1.svc - 49474 - ::1 - - 200 0 0 89
2018-07-19 09:12:18 ::1 POST /Service1.svc - 49474 - ::1 - - 200 0 0 33
2018-07-19 09:12:20 ::1 POST /Service1.svc - 49474 - ::1 - - 200 0 0 14
2018-07-19 09:12:20 ::1 POST /Service1.svc - 49474 - ::1 - - 200 0 0 23
2018-07-19 09:12:20 ::1 POST /Service1.svc - 49474 - ::1 - - 200 0 0 37
2018-07-19 09:12:20 ::1 POST /Service1.svc - 49474 - ::1 - - 200 0 0 28
2018-07-19 09:12:20 ::1 POST /Service1.svc - 49474 - ::1 - - 200 0 0 45
2018-07-19 09:12:20 ::1 POST /Service1.svc - 49474 - ::1 - - 200 0 0 73
2018-07-19 09:12:20 ::1 POST /Service1.svc - 49474 - ::1 - - 200 0 0 40
2018-07-19 09:12:20 ::1 POST /Service1.svc - 49474 - ::1 - - 200 0 0 50
2018-07-19 09:12:20 ::1 POST /Service1.svc - 49474 - ::1 - - 200 0 0 72
2018-07-19 09:12:20 ::1 POST /Service1.svc - 49474 - ::1 - - 200 0 0 33
2018-07-19 09:12:20 ::1 POST /Service1.svc - 49474 - ::1 - - 200 0 0 28
2018-07-19 09:12:24 ::1 POST /Service1.svc - 49474 - ::1 - - 200 0 0 134
2018-07-19 09:12:24 ::1 POST /Service1.svc - 49474 - ::1 - - 200 0 0 39
2018-07-19 09:12:24 ::1 POST /Service1.svc - 49474 - ::1 - - 200 0 0 38
2018-07-19 09:12:24 ::1 POST /Service1.svc - 49474 - ::1 - - 200 0 0 51
2018-07-19 09:12:24 ::1 POST /Service1.svc - 49474 - ::1 - - 200 0 0 82
2018-07-19 09:12:24 ::1 POST /Service1.svc - 49474 - ::1 - - 200 0 0 94
2018-07-19 09:12:24 ::1 POST /Service1.svc - 49474 - ::1 - - 200 0 0 37
2018-07-19 09:12:24 ::1 POST /Service1.svc - 49474 - ::1 - - 200 0 0 54
2018-07-19 09:12:24 ::1 POST /Service1.svc - 49474 - ::1 - - 200 0 0 178
2018-07-19 09:12:27 ::1 POST /Service1.svc - 49474 - ::1 - - 200 0 0 25
2018-07-19 09:12:32 ::1 POST /Service1.svc - 49474 - ::1 - - 200 0 0 17
2018-07-19 09:16:01 ::1 POST /Service1.svc - 49474 - ::1 - - 200 0 0 150
2018-07-19 09:16:01 ::1 POST /Service1.svc - 49474 - ::1 - - 200 0 0 75
2018-07-19 09:16:01 ::1 POST /Service1.svc - 49474 - ::1 - - 200 0 0 23
2018-07-19 09:16:01 ::1 POST /Service1.svc - 49474 - ::1 - - 200 0 0 36
2018-07-19 09:16:06 ::1 POST /Service1.svc - 49474 - ::1 - - 200 0 0 20
2018-07-19 09:16:06 ::1 POST /Service1.svc - 49474 - ::1 - - 200 0 0 14
2018-07-19 09:16:06 ::1 POST /Service1.svc - 49474 - ::1 - - 200 0 0 23
2018-07-19 09:16:06 ::1 POST /Service1.svc - 49474 - ::1 - - 200 0 0 33
2018-07-19 09:16:08 ::1 POST /Service1.svc - 49474 - ::1 - - 200 0 0 12
2018-07-19 09:16:08 ::1 POST /Service1.svc - 49474 - ::1 - - 200 0 0 20
2018-07-19 09:16:08 ::1 POST /Service1.svc - 49474 - ::1 - - 200 0 0 50
2018-07-19 09:16:08 ::1 POST /Service1.svc - 49474 - ::1 - - 200 0 0 40
2018-07-19 09:16:08 ::1 POST /Service1.svc - 49474 - ::1 - - 200 0 0 95
2018-07-19 09:16:08 ::1 POST /Service1.svc - 49474 - ::1 - - 200 0 0 19
2018-07-19 09:16:08 ::1 POST /Service1.svc - 49474 - ::1 - - 200 0 0 18
2018-07-19 09:16:08 ::1 POST /Service1.svc - 49474 - ::1 - - 200 0 0 69
2018-07-19 09:16:08 ::1 POST /Service1.svc - 49474 - ::1 - - 200 0 0 101
2018-07-19 09:16:08 ::1 POST /Service1.svc - 49474 - ::1 - - 200 0 0 36
2018-07-19 09:16:08 ::1 POST /Service1.svc - 49474 - ::1 - - 200 0 0 25
2018-07-19 09:16:11 ::1 POST /Service1.svc - 49474 - ::1 - - 200 0 0 67
2018-07-19 09:16:11 ::1 POST /Service1.svc - 49474 - ::1 - - 200 0 0 43
2018-07-19 09:16:11 ::1 POST /Service1.svc - 49474 - ::1 - - 200 0 0 42
2018-07-19 09:16:11 ::1 POST /Service1.svc - 49474 - ::1 - - 200 0 0 68
2018-07-19 09:16:11 ::1 POST /Service1.svc - 49474 - ::1 - - 200 0 0 115
2018-07-19 09:16:11 ::1 POST /Service1.svc - 49474 - ::1 - - 200 0 0 110
2018-07-19 09:16:11 ::1 POST /Service1.svc - 49474 - ::1 - - 200 0 0 157
2018-07-19 09:16:11 ::1 POST /Service1.svc - 49474 - ::1 - - 200 0 0 51
2018-07-19 09:16:11 ::1 POST /Service1.svc - 49474 - ::1 - - 200 0 0 112
2018-07-19 09:25:28 ::1 POST /Service1.svc - 49474 - ::1 - - 200 0 0 188
2018-07-19 09:25:28 ::1 POST /Service1.svc - 49474 - ::1 - - 200 0 0 50
2018-07-19 09:25:28 ::1 POST /Service1.svc - 49474 - ::1 - - 200 0 0 34
2018-07-19 09:25:28 ::1 POST /Service1.svc - 49474 - ::1 - - 200 0 0 23
2018-07-19 09:25:38 ::1 POST /Service1.svc - 49474 - ::1 - - 200 0 0 57
2018-07-19 09:25:38 ::1 POST /Service1.svc - 49474 - ::1 - - 200 0 0 43
2018-07-19 09:25:38 ::1 POST /Service1.svc - 49474 - ::1 - - 200 0 0 38
2018-07-19 09:25:38 ::1 POST /Service1.svc - 49474 - ::1 - - 200 0 0 33
2018-07-19 09:25:39 ::1 POST /Service1.svc - 49474 - ::1 - - 200 0 0 11
2018-07-19 09:25:39 ::1 POST /Service1.svc - 49474 - ::1 - - 200 0 0 48
2018-07-19 09:25:39 ::1 POST /Service1.svc - 49474 - ::1 - - 200 0 0 30
2018-07-19 09:25:39 ::1 POST /Service1.svc - 49474 - ::1 - - 200 0 0 31
2018-07-19 09:25:39 ::1 POST /Service1.svc - 49474 - ::1 - - 200 0 0 11
2018-07-19 09:25:39 ::1 POST /Service1.svc - 49474 - ::1 - - 200 0 0 33
2018-07-19 09:25:39 ::1 POST /Service1.svc - 49474 - ::1 - - 200 0 0 19
2018-07-19 09:25:39 ::1 POST /Service1.svc - 49474 - ::1 - - 200 0 0 44
2018-07-19 09:25:39 ::1 POST /Service1.svc - 49474 - ::1 - - 200 0 0 106
2018-07-19 09:25:39 ::1 POST /Service1.svc - 49474 - ::1 - - 200 0 0 55
2018-07-19 09:25:39 ::1 POST /Service1.svc - 49474 - ::1 - - 200 0 0 59
2018-07-19 09:25:42 ::1 POST /Service1.svc - 49474 - ::1 - - 200 0 0 21
2018-07-19 09:25:42 ::1 POST /Service1.svc - 49474 - ::1 - - 200 0 0 120
2018-07-19 09:25:42 ::1 POST /Service1.svc - 49474 - ::1 - - 200 0 0 26
2018-07-19 09:25:42 ::1 POST /Service1.svc - 49474 - ::1 - - 200 0 0 30
2018-07-19 09:25:42 ::1 POST /Service1.svc - 49474 - ::1 - - 200 0 0 36
2018-07-19 09:25:42 ::1 POST /Service1.svc - 49474 - ::1 - - 200 0 0 163
2018-07-19 09:25:42 ::1 POST /Service1.svc - 49474 - ::1 - - 200 0 0 52
2018-07-19 09:25:42 ::1 POST /Service1.svc - 49474 - ::1 - - 200 0 0 89
2018-07-19 09:25:42 ::1 POST /Service1.svc - 49474 - ::1 - - 200 0 0 104
#Software: Microsoft Internet Information Services 10.0
#Version: 1.0
#Date: 2018-07-19 09:41:53
#Fields: date time s-ip cs-method cs-uri-stem cs-uri-query s-port cs-username c-ip cs(User-Agent) cs(Referer) sc-status sc-substatus sc-win32-status time-taken
2018-07-19 09:41:53 ::1 POST /Service1.svc - 49474 - ::1 - - 200 0 0 516
2018-07-19 09:41:53 ::1 POST /Service1.svc - 49474 - ::1 - - 200 0 0 60
2018-07-19 09:41:53 ::1 POST /Service1.svc - 49474 - ::1 - - 200 0 0 30
2018-07-19 09:41:53 ::1 POST /Service1.svc - 49474 - ::1 - - 200 0 0 61
2018-07-19 09:42:04 ::1 POST /Service1.svc - 49474 - ::1 - - 200 0 0 18
2018-07-19 09:42:04 ::1 POST /Service1.svc - 49474 - ::1 - - 200 0 0 31
2018-07-19 09:42:04 ::1 POST /Service1.svc - 49474 - ::1 - - 200 0 0 90
2018-07-19 09:42:04 ::1 POST /Service1.svc - 49474 - ::1 - - 200 0 0 58
2018-07-19 09:42:12 ::1 POST /Service1.svc - 49474 - ::1 - - 200 0 0 12
2018-07-19 09:42:12 ::1 POST /Service1.svc - 49474 - ::1 - - 200 0 0 16
2018-07-19 09:42:12 ::1 POST /Service1.svc - 49474 - ::1 - - 200 0 0 13
2018-07-19 09:42:12 ::1 POST /Service1.svc - 49474 - ::1 - - 200 0 0 168
2018-07-19 09:42:12 ::1 POST /Service1.svc - 49474 - ::1 - - 200 0 0 56
2018-07-19 09:42:12 ::1 POST /Service1.svc - 49474 - ::1 - - 200 0 0 33
2018-07-19 09:42:12 ::1 POST /Service1.svc - 49474 - ::1 - - 200 0 0 93
2018-07-19 09:42:12 ::1 POST /Service1.svc - 49474 - ::1 - - 200 0 0 78
2018-07-19 09:42:12 ::1 POST /Service1.svc - 49474 - ::1 - - 200 0 0 40
2018-07-19 09:42:12 ::1 POST /Service1.svc - 49474 - ::1 - - 200 0 0 86
2018-07-19 09:42:12 ::1 POST /Service1.svc - 49474 - ::1 - - 200 0 0 80
2018-07-19 09:42:15 ::1 POST /Service1.svc - 49474 - ::1 - - 200 0 0 191
2018-07-19 09:42:15 ::1 POST /Service1.svc - 49474 - ::1 - - 200 0 0 99
2018-07-19 09:42:15 ::1 POST /Service1.svc - 49474 - ::1 - - 200 0 0 23
2018-07-19 09:42:15 ::1 POST /Service1.svc - 49474 - ::1 - - 200 0 0 27
2018-07-19 09:42:15 ::1 POST /Service1.svc - 49474 - ::1 - - 200 0 0 37
2018-07-19 09:42:15 ::1 POST /Service1.svc - 49474 - ::1 - - 200 0 0 169
2018-07-19 09:42:15 ::1 POST /Service1.svc - 49474 - ::1 - - 200 0 0 48
2018-07-19 09:42:15 ::1 POST /Service1.svc - 49474 - ::1 - - 200 0 0 37
2018-07-19 09:42:15 ::1 POST /Service1.svc - 49474 - ::1 - - 200 0 0 13
2018-07-19 09:56:09 ::1 POST /Service1.svc - 49474 - ::1 - - 200 0 0 245
2018-07-19 09:56:09 ::1 POST /Service1.svc - 49474 - ::1 - - 200 0 0 119
2018-07-19 09:56:09 ::1 POST /Service1.svc - 49474 - ::1 - - 200 0 0 137
2018-07-19 09:56:10 ::1 POST /Service1.svc - 49474 - ::1 - - 200 0 0 267
2018-07-19 09:56:16 ::1 POST /Service1.svc - 49474 - ::1 - - 200 0 0 74
2018-07-19 09:56:16 ::1 POST /Service1.svc - 49474 - ::1 - - 200 0 0 57
2018-07-19 09:56:16 ::1 POST /Service1.svc - 49474 - ::1 - - 200 0 0 45
2018-07-19 09:56:16 ::1 POST /Service1.svc - 49474 - ::1 - - 200 0 0 65
2018-07-19 09:56:29 ::1 POST /Service1.svc - 49474 - ::1 - - 200 0 0 160
2018-07-19 09:56:29 ::1 POST /Service1.svc - 49474 - ::1 - - 200 0 0 60
2018-07-19 09:56:29 ::1 POST /Service1.svc - 49474 - ::1 - - 200 0 0 91
2018-07-19 09:56:29 ::1 POST /Service1.svc - 49474 - ::1 - - 200 0 0 212
2018-07-19 09:56:29 ::1 POST /Service1.svc - 49474 - ::1 - - 200 0 0 151
2018-07-19 09:56:29 ::1 POST /Service1.svc - 49474 - ::1 - - 200 0 0 123
2018-07-19 09:56:29 ::1 POST /Service1.svc - 49474 - ::1 - - 200 0 0 27
2018-07-19 09:56:29 ::1 POST /Service1.svc - 49474 - ::1 - - 200 0 0 105
2018-07-19 09:56:30 ::1 POST /Service1.svc - 49474 - ::1 - - 200 0 0 144
2018-07-19 09:56:30 ::1 POST /Service1.svc - 49474 - ::1 - - 200 0 0 113
2018-07-19 09:56:30 ::1 POST /Service1.svc - 49474 - ::1 - - 200 0 0 142
2018-07-19 09:56:32 ::1 POST /Service1.svc - 49474 - ::1 - - 200 0 0 81
2018-07-19 09:56:32 ::1 POST /Service1.svc - 49474 - ::1 - - 200 0 0 123
2018-07-19 09:56:32 ::1 POST /Service1.svc - 49474 - ::1 - - 200 0 0 132
2018-07-19 09:56:32 ::1 POST /Service1.svc - 49474 - ::1 - - 200 0 0 90
2018-07-19 09:56:32 ::1 POST /Service1.svc - 49474 - ::1 - - 200 0 0 352
2018-07-19 09:56:32 ::1 POST /Service1.svc - 49474 - ::1 - - 200 0 0 47
2018-07-19 09:56:34 ::1 POST /Service1.svc - 49474 - ::1 - - 200 0 0 175
2018-07-19 09:56:34 ::1 POST /Service1.svc - 49474 - ::1 - - 200 0 0 309
2018-07-19 09:56:34 ::1 POST /Service1.svc - 49474 - ::1 - - 200 0 0 143
2018-07-19 09:57:04 ::1 POST /Service1.svc - 49474 - ::1 - - 200 0 0 96
2018-07-19 09:57:04 ::1 POST /Service1.svc - 49474 - ::1 - - 200 0 0 23
2018-07-19 09:57:04 ::1 POST /Service1.svc - 49474 - ::1 - - 200 0 0 68
2018-07-19 09:57:04 ::1 POST /Service1.svc - 49474 - ::1 - - 200 0 0 42
2018-07-19 09:57:43 ::1 POST /Service1.svc - 49474 - ::1 - - 200 0 0 14
2018-07-19 09:57:43 ::1 POST /Service1.svc - 49474 - ::1 - - 200 0 0 30
2018-07-19 09:57:43 ::1 POST /Service1.svc - 49474 - ::1 - - 200 0 0 108
2018-07-19 09:57:43 ::1 POST /Service1.svc - 49474 - ::1 - - 200 0 0 129
2018-07-19 09:57:43 ::1 POST /Service1.svc - 49474 - ::1 - - 200 0 0 104
2018-07-19 09:57:43 ::1 POST /Service1.svc - 49474 - ::1 - - 200 0 0 39
2018-07-19 09:57:43 ::1 POST /Service1.svc - 49474 - ::1 - - 200 0 0 108
2018-07-19 09:57:45 ::1 POST /Service1.svc - 49474 - ::1 - - 200 0 0 74
2018-07-19 09:57:45 ::1 POST /Service1.svc - 49474 - ::1 - - 200 0 0 64
2018-07-19 09:57:45 ::1 POST /Service1.svc - 49474 - ::1 - - 200 0 0 52
2018-07-19 09:57:45 ::1 POST /Service1.svc - 49474 - ::1 - - 200 0 0 157
2018-07-19 09:57:45 ::1 POST /Service1.svc - 49474 - ::1 - - 200 0 0 55
2018-07-19 09:57:45 ::1 POST /Service1.svc - 49474 - ::1 - - 200 0 0 80
2018-07-19 09:57:45 ::1 POST /Service1.svc - 49474 - ::1 - - 200 0 0 146
2018-07-19 09:57:45 ::1 POST /Service1.svc - 49474 - ::1 - - 200 0 0 68
2018-07-19 09:57:45 ::1 POST /Service1.svc - 49474 - ::1 - - 200 0 0 35
2018-07-19 10:00:05 ::1 POST /Service1.svc - 49474 - ::1 - - 200 0 0 103
2018-07-19 10:00:05 ::1 POST /Service1.svc - 49474 - ::1 - - 200 0 0 98
2018-07-19 10:00:05 ::1 POST /Service1.svc - 49474 - ::1 - - 200 0 0 31
2018-07-19 10:00:05 ::1 POST /Service1.svc - 49474 - ::1 - - 200 0 0 78
2018-07-19 10:00:11 ::1 POST /Service1.svc - 49474 - ::1 - - 200 0 0 28
2018-07-19 10:00:11 ::1 POST /Service1.svc - 49474 - ::1 - - 200 0 0 99
2018-07-19 10:00:11 ::1 POST /Service1.svc - 49474 - ::1 - - 200 0 0 34
2018-07-19 10:00:11 ::1 POST /Service1.svc - 49474 - ::1 - - 200 0 0 166
2018-07-19 10:00:13 ::1 POST /Service1.svc - 49474 - ::1 - - 200 0 0 15
2018-07-19 10:00:13 ::1 POST /Service1.svc - 49474 - ::1 - - 200 0 0 31
2018-07-19 10:00:13 ::1 POST /Service1.svc - 49474 - ::1 - - 200 0 0 32
2018-07-19 10:00:13 ::1 POST /Service1.svc - 49474 - ::1 - - 200 0 0 38
2018-07-19 10:00:13 ::1 POST /Service1.svc - 49474 - ::1 - - 200 0 0 35
2018-07-19 10:00:13 ::1 POST /Service1.svc - 49474 - ::1 - - 200 0 0 184
2018-07-19 10:00:13 ::1 POST /Service1.svc - 49474 - ::1 - - 200 0 0 40
2018-07-19 10:00:13 ::1 POST /Service1.svc - 49474 - ::1 - - 200 0 0 63
2018-07-19 10:00:13 ::1 POST /Service1.svc - 49474 - ::1 - - 200 0 0 102
2018-07-19 10:00:13 ::1 POST /Service1.svc - 49474 - ::1 - - 200 0 0 81
2018-07-19 10:00:13 ::1 POST /Service1.svc - 49474 - ::1 - - 200 0 0 107
2018-07-19 10:00:16 ::1 POST /Service1.svc - 49474 - ::1 - - 200 0 0 22
2018-07-19 10:00:16 ::1 POST /Service1.svc - 49474 - ::1 - - 200 0 0 202
2018-07-19 10:00:16 ::1 POST /Service1.svc - 49474 - ::1 - - 200 0 0 143
2018-07-19 10:00:16 ::1 POST /Service1.svc - 49474 - ::1 - - 200 0 0 182
2018-07-19 10:00:16 ::1 POST /Service1.svc - 49474 - ::1 - - 200 0 0 197
2018-07-19 10:00:16 ::1 POST /Service1.svc - 49474 - ::1 - - 200 0 0 103
2018-07-19 10:00:17 ::1 POST /Service1.svc - 49474 - ::1 - - 200 0 0 410
2018-07-19 10:00:17 ::1 POST /Service1.svc - 49474 - ::1 - - 200 0 0 154
2018-07-19 10:00:17 ::1 POST /Service1.svc - 49474 - ::1 - - 200 0 0 82
2018-07-19 10:02:57 ::1 POST /Service1.svc - 49474 - ::1 - - 200 0 0 129
2018-07-19 10:02:57 ::1 POST /Service1.svc - 49474 - ::1 - - 200 0 0 47
2018-07-19 10:02:57 ::1 POST /Service1.svc - 49474 - ::1 - - 200 0 0 115
2018-07-19 10:02:57 ::1 POST /Service1.svc - 49474 - ::1 - - 200 0 0 108
2018-07-19 10:02:57 ::1 POST /Service1.svc - 49474 - ::1 - - 200 0 0 176
2018-07-19 10:02:57 ::1 POST /Service1.svc - 49474 - ::1 - - 200 0 0 25
2018-07-19 10:02:57 ::1 POST /Service1.svc - 49474 - ::1 - - 200 0 0 254
2018-07-19 10:03:00 ::1 POST /Service1.svc - 49474 - ::1 - - 200 0 0 22
2018-07-19 10:03:00 ::1 POST /Service1.svc - 49474 - ::1 - - 200 0 0 41
2018-07-19 10:03:00 ::1 POST /Service1.svc - 49474 - ::1 - - 200 0 0 43
2018-07-19 10:03:00 ::1 POST /Service1.svc - 49474 - ::1 - - 200 0 0 74
2018-07-19 10:03:00 ::1 POST /Service1.svc - 49474 - ::1 - - 200 0 0 163
2018-07-19 10:03:00 ::1 POST /Service1.svc - 49474 - ::1 - - 200 0 0 31
2018-07-19 10:03:00 ::1 POST /Service1.svc - 49474 - ::1 - - 200 0 0 196
2018-07-19 10:03:00 ::1 POST /Service1.svc - 49474 - ::1 - - 200 0 0 42
2018-07-19 10:03:00 ::1 POST /Service1.svc - 49474 - ::1 - - 200 0 0 44
2018-07-19 10:04:41 ::1 POST /Service1.svc - 49474 - ::1 - - 200 0 0 100
2018-07-19 10:04:41 ::1 POST /Service1.svc - 49474 - ::1 - - 200 0 0 69
2018-07-19 10:04:41 ::1 POST /Service1.svc - 49474 - ::1 - - 200 0 0 25
2018-07-19 10:04:41 ::1 POST /Service1.svc - 49474 - ::1 - - 200 0 0 72
2018-07-19 10:04:46 ::1 POST /Service1.svc - 49474 - ::1 - - 200 0 0 192
2018-07-19 10:04:46 ::1 POST /Service1.svc - 49474 - ::1 - - 200 0 0 272
2018-07-19 10:04:46 ::1 POST /Service1.svc - 49474 - ::1 - - 200 0 0 137
2018-07-19 10:04:46 ::1 POST /Service1.svc - 49474 - ::1 - - 200 0 0 47
2018-07-19 10:04:49 ::1 POST /Service1.svc - 49474 - ::1 - - 200 0 0 82
2018-07-19 10:04:49 ::1 POST /Service1.svc - 49474 - ::1 - - 200 0 0 21
2018-07-19 10:04:49 ::1 POST /Service1.svc - 49474 - ::1 - - 200 0 0 73
2018-07-19 10:04:49 ::1 POST /Service1.svc - 49474 - ::1 - - 200 0 0 169
2018-07-19 10:04:49 ::1 POST /Service1.svc - 49474 - ::1 - - 200 0 0 185
2018-07-19 10:04:49 ::1 POST /Service1.svc - 49474 - ::1 - - 200 0 0 59
2018-07-19 10:04:49 ::1 POST /Service1.svc - 49474 - ::1 - - 200 0 0 22
2018-07-19 10:04:49 ::1 POST /Service1.svc - 49474 - ::1 - - 200 0 0 85
2018-07-19 10:04:49 ::1 POST /Service1.svc - 49474 - ::1 - - 200 0 0 75
2018-07-19 10:04:49 ::1 POST /Service1.svc - 49474 - ::1 - - 200 0 0 78
2018-07-19 10:04:50 ::1 POST /Service1.svc - 49474 - ::1 - - 200 0 0 183
2018-07-19 10:04:51 ::1 POST /Service1.svc - 49474 - ::1 - - 200 0 0 50
2018-07-19 10:04:51 ::1 POST /Service1.svc - 49474 - ::1 - - 200 0 0 156
2018-07-19 10:04:51 ::1 POST /Service1.svc - 49474 - ::1 - - 200 0 0 210
2018-07-19 10:04:51 ::1 POST /Service1.svc - 49474 - ::1 - - 200 0 0 44
2018-07-19 10:04:51 ::1 POST /Service1.svc - 49474 - ::1 - - 200 0 0 144
2018-07-19 10:04:51 ::1 POST /Service1.svc - 49474 - ::1 - - 200 0 0 157
2018-07-19 10:04:51 ::1 POST /Service1.svc - 49474 - ::1 - - 200 0 0 55
2018-07-19 10:04:51 ::1 POST /Service1.svc - 49474 - ::1 - - 200 0 0 77
2018-07-19 10:04:53 ::1 POST /Service1.svc - 49474 - ::1 - - 200 0 0 90
2018-07-19 10:05:33 ::1 POST /Service1.svc - 49474 - ::1 - - 200 0 0 87
2018-07-19 10:05:33 ::1 POST /Service1.svc - 49474 - ::1 - - 200 0 0 46
2018-07-19 10:05:33 ::1 POST /Service1.svc - 49474 - ::1 - - 200 0 0 28
2018-07-19 10:05:33 ::1 POST /Service1.svc - 49474 - ::1 - - 200 0 0 50
2018-07-19 10:05:35 ::1 POST /Service1.svc - 49474 - ::1 - - 200 0 0 63
2018-07-19 10:05:35 ::1 POST /Service1.svc - 49474 - ::1 - - 200 0 0 65
2018-07-19 10:05:35 ::1 POST /Service1.svc - 49474 - ::1 - - 200 0 0 27
2018-07-19 10:05:35 ::1 POST /Service1.svc - 49474 - ::1 - - 200 0 0 102
2018-07-19 10:07:11 ::1 POST /Service1.svc - 49474 - ::1 - - 200 0 0 112
2018-07-19 10:07:11 ::1 POST /Service1.svc - 49474 - ::1 - - 200 0 0 94
2018-07-19 10:07:11 ::1 POST /Service1.svc - 49474 - ::1 - - 200 0 0 61
2018-07-19 10:07:11 ::1 POST /Service1.svc - 49474 - ::1 - - 200 0 0 116
2018-07-19 10:07:15 ::1 POST /Service1.svc - 49474 - ::1 - - 200 0 0 52
2018-07-19 10:07:15 ::1 POST /Service1.svc - 49474 - ::1 - - 200 0 0 72
2018-07-19 10:07:15 ::1 POST /Service1.svc - 49474 - ::1 - - 200 0 0 44
2018-07-19 10:07:15 ::1 POST /Service1.svc - 49474 - ::1 - - 200 0 0 268
2018-07-19 10:07:19 ::1 POST /Service1.svc - 49474 - ::1 - - 200 0 0 14
2018-07-19 10:07:19 ::1 POST /Service1.svc - 49474 - ::1 - - 200 0 0 19
2018-07-19 10:07:19 ::1 POST /Service1.svc - 49474 - ::1 - - 200 0 0 20
2018-07-19 10:07:19 ::1 POST /Service1.svc - 49474 - ::1 - - 200 0 0 31
2018-07-19 10:07:19 ::1 POST /Service1.svc - 49474 - ::1 - - 200 0 0 60
2018-07-19 10:07:19 ::1 POST /Service1.svc - 49474 - ::1 - - 200 0 0 164
2018-07-19 10:07:19 ::1 POST /Service1.svc - 49474 - ::1 - - 200 0 0 25
2018-07-19 10:07:19 ::1 POST /Service1.svc - 49474 - ::1 - - 200 0 0 47
2018-07-19 10:07:19 ::1 POST /Service1.svc - 49474 - ::1 - - 200 0 0 53
2018-07-19 10:07:19 ::1 POST /Service1.svc - 49474 - ::1 - - 200 0 0 57
2018-07-19 10:07:19 ::1 POST /Service1.svc - 49474 - ::1 - - 200 0 0 126
2018-07-19 10:07:22 ::1 POST /Service1.svc - 49474 - ::1 - - 200 0 0 79
2018-07-19 10:07:22 ::1 POST /Service1.svc - 49474 - ::1 - - 200 0 0 138
2018-07-19 10:07:22 ::1 POST /Service1.svc - 49474 - ::1 - - 200 0 0 63
2018-07-19 10:07:22 ::1 POST /Service1.svc - 49474 - ::1 - - 200 0 0 177
2018-07-19 10:07:22 ::1 POST /Service1.svc - 49474 - ::1 - - 200 0 0 175
2018-07-19 10:07:22 ::1 POST /Service1.svc - 49474 - ::1 - - 200 0 0 68
2018-07-19 10:07:22 ::1 POST /Service1.svc - 49474 - ::1 - - 200 0 0 29
2018-07-19 10:07:22 ::1 POST /Service1.svc - 49474 - ::1 - - 200 0 0 110
2018-07-19 10:07:23 ::1 POST /Service1.svc - 49474 - ::1 - - 200 0 0 150
2018-07-19 10:08:25 ::1 POST /Service1.svc - 49474 - ::1 - - 200 0 0 44
2018-07-19 10:08:31 ::1 POST /Service1.svc - 49474 - ::1 - - 200 0 0 33
2018-07-19 10:08:34 ::1 POST /Service1.svc - 49474 - ::1 - - 200 0 0 51
2018-07-19 10:08:36 ::1 POST /Service1.svc - 49474 - ::1 - - 200 0 0 92
2018-07-19 10:08:52 ::1 POST /Service1.svc - 49474 - ::1 - - 200 0 0 139
2018-07-19 10:08:52 ::1 POST /Service1.svc - 49474 - ::1 - - 200 0 0 38
2018-07-19 10:08:52 ::1 POST /Service1.svc - 49474 - ::1 - - 200 0 0 44
2018-07-19 10:08:52 ::1 POST /Service1.svc - 49474 - ::1 - - 200 0 0 52
2018-07-19 10:08:55 ::1 POST /Service1.svc - 49474 - ::1 - - 200 0 0 12
2018-07-19 10:08:55 ::1 POST /Service1.svc - 49474 - ::1 - - 200 0 0 60
2018-07-19 10:08:55 ::1 POST /Service1.svc - 49474 - ::1 - - 200 0 0 127
2018-07-19 10:08:55 ::1 POST /Service1.svc - 49474 - ::1 - - 200 0 0 341
2018-07-19 10:08:55 ::1 POST /Service1.svc - 49474 - ::1 - - 200 0 0 304
2018-07-19 10:08:55 ::1 POST /Service1.svc - 49474 - ::1 - - 200 0 0 61
2018-07-19 10:08:55 ::1 POST /Service1.svc - 49474 - ::1 - - 200 0 0 41
2018-07-19 10:08:56 ::1 POST /Service1.svc - 49474 - ::1 - - 200 0 0 95
2018-07-19 10:08:56 ::1 POST /Service1.svc - 49474 - ::1 - - 200 0 0 109
2018-07-19 10:08:56 ::1 POST /Service1.svc - 49474 - ::1 - - 200 0 0 72
2018-07-19 10:08:56 ::1 POST /Service1.svc - 49474 - ::1 - - 200 0 0 51
2018-07-19 10:08:58 ::1 POST /Service1.svc - 49474 - ::1 - - 200 0 0 33
2018-07-19 10:08:58 ::1 POST /Service1.svc - 49474 - ::1 - - 200 0 0 59
2018-07-19 10:08:58 ::1 POST /Service1.svc - 49474 - ::1 - - 200 0 0 58
2018-07-19 10:08:58 ::1 POST /Service1.svc - 49474 - ::1 - - 200 0 0 160
2018-07-19 10:08:58 ::1 POST /Service1.svc - 49474 - ::1 - - 200 0 0 51
2018-07-19 10:08:58 ::1 POST /Service1.svc - 49474 - ::1 - - 200 0 0 101
2018-07-19 10:08:58 ::1 POST /Service1.svc - 49474 - ::1 - - 200 0 0 134
2018-07-19 10:08:58 ::1 POST /Service1.svc - 49474 - ::1 - - 200 0 0 96
2018-07-19 10:08:58 ::1 POST /Service1.svc - 49474 - ::1 - - 200 0 0 118
2018-07-19 10:09:00 ::1 POST /Service1.svc - 49474 - ::1 - - 200 0 0 96
2018-07-19 10:09:10 ::1 POST /Service1.svc - 49474 - ::1 - - 200 0 0 5160
2018-07-19 10:09:15 ::1 POST /Service1.svc - 49474 - ::1 - - 200 0 0 31
2018-07-19 10:09:18 ::1 POST /Service1.svc - 49474 - ::1 - - 200 0 0 78
2018-07-19 10:09:20 ::1 POST /Service1.svc - 49474 - ::1 - - 200 0 0 108
2018-07-19 10:09:25 ::1 POST /Service1.svc - 49474 - ::1 - - 200 0 0 32
2018-07-19 10:09:26 ::1 POST /Service1.svc - 49474 - ::1 - - 200 0 0 75
2018-07-19 10:09:28 ::1 POST /Service1.svc - 49474 - ::1 - - 200 0 0 78
2018-07-19 10:09:30 ::1 POST /Service1.svc - 49474 - ::1 - - 200 0 0 60
2018-07-19 10:09:31 ::1 POST /Service1.svc - 49474 - ::1 - - 200 0 0 64
2018-07-19 10:09:33 ::1 POST /Service1.svc - 49474 - ::1 - - 200 0 0 51
2018-07-19 10:09:33 ::1 POST /Service1.svc - 49474 - ::1 - - 200 0 0 43
2018-07-19 10:09:59 ::1 POST /Service1.svc - 49474 - ::1 - - 200 0 0 79
2018-07-19 10:09:59 ::1 POST /Service1.svc - 49474 - ::1 - - 200 0 0 72
2018-07-19 10:09:59 ::1 POST /Service1.svc - 49474 - ::1 - - 200 0 0 51
2018-07-19 10:09:59 ::1 POST /Service1.svc - 49474 - ::1 - - 200 0 0 44
2018-07-19 10:10:01 ::1 POST /Service1.svc - 49474 - ::1 - - 200 0 0 17
2018-07-19 10:10:01 ::1 POST /Service1.svc - 49474 - ::1 - - 200 0 0 56
2018-07-19 10:10:01 ::1 POST /Service1.svc - 49474 - ::1 - - 200 0 0 32
2018-07-19 10:10:01 ::1 POST /Service1.svc - 49474 - ::1 - - 200 0 0 69
2018-07-19 10:14:06 ::1 POST /Service1.svc - 49474 - ::1 - - 200 0 0 226
2018-07-19 10:14:06 ::1 POST /Service1.svc - 49474 - ::1 - - 200 0 0 208
2018-07-19 10:14:06 ::1 POST /Service1.svc - 49474 - ::1 - - 200 0 0 55
2018-07-19 10:14:06 ::1 POST /Service1.svc - 49474 - ::1 - - 200 0 0 71
2018-07-19 10:14:13 ::1 POST /Service1.svc - 49474 - ::1 - - 200 0 0 35
2018-07-19 10:14:13 ::1 POST /Service1.svc - 49474 - ::1 - - 200 0 0 20
2018-07-19 10:14:13 ::1 POST /Service1.svc - 49474 - ::1 - - 200 0 0 71
2018-07-19 10:14:13 ::1 POST /Service1.svc - 49474 - ::1 - - 200 0 0 90
2018-07-19 10:14:15 ::1 POST /Service1.svc - 49474 - ::1 - - 200 0 0 20
2018-07-19 10:14:15 ::1 POST /Service1.svc - 49474 - ::1 - - 200 0 0 27
2018-07-19 10:14:15 ::1 POST /Service1.svc - 49474 - ::1 - - 200 0 0 49
2018-07-19 10:14:15 ::1 POST /Service1.svc - 49474 - ::1 - - 200 0 0 32
2018-07-19 10:14:15 ::1 POST /Service1.svc - 49474 - ::1 - - 200 0 0 24
2018-07-19 10:14:15 ::1 POST /Service1.svc - 49474 - ::1 - - 200 0 0 271
2018-07-19 10:14:15 ::1 POST /Service1.svc - 49474 - ::1 - - 200 0 0 218
2018-07-19 10:14:16 ::1 POST /Service1.svc - 49474 - ::1 - - 200 0 0 525
2018-07-19 10:14:16 ::1 POST /Service1.svc - 49474 - ::1 - - 200 0 0 193
2018-07-19 10:14:16 ::1 POST /Service1.svc - 49474 - ::1 - - 200 0 0 196
2018-07-19 10:14:16 ::1 POST /Service1.svc - 49474 - ::1 - - 200 0 0 168
2018-07-19 10:14:19 ::1 POST /Service1.svc - 49474 - ::1 - - 200 0 0 35
2018-07-19 10:14:19 ::1 POST /Service1.svc - 49474 - ::1 - - 200 0 0 131
2018-07-19 10:14:19 ::1 POST /Service1.svc - 49474 - ::1 - - 200 0 0 78
2018-07-19 10:14:19 ::1 POST /Service1.svc - 49474 - ::1 - - 200 0 0 255
2018-07-19 10:14:19 ::1 POST /Service1.svc - 49474 - ::1 - - 200 0 0 51
2018-07-19 10:14:19 ::1 POST /Service1.svc - 49474 - ::1 - - 200 0 0 161
2018-07-19 10:14:19 ::1 POST /Service1.svc - 49474 - ::1 - - 200 0 0 77
2018-07-19 10:14:20 ::1 POST /Service1.svc - 49474 - ::1 - - 200 0 0 149
2018-07-19 10:14:20 ::1 POST /Service1.svc - 49474 - ::1 - - 200 0 0 24
2018-07-19 10:14:23 ::1 POST /Service1.svc - 49474 - ::1 - - 200 0 0 36
2018-07-19 10:14:30 ::1 POST /Service1.svc - 49474 - ::1 - - 200 0 0 112
2018-07-19 10:14:32 ::1 POST /Service1.svc - 49474 - ::1 - - 200 0 0 96
2018-07-19 10:14:35 ::1 POST /Service1.svc - 49474 - ::1 - - 200 0 0 376
2018-07-19 10:14:36 ::1 POST /Service1.svc - 49474 - ::1 - - 200 0 0 149
2018-07-19 10:14:50 ::1 POST /Service1.svc - 49474 - ::1 - - 200 0 0 24
2018-07-19 10:14:50 ::1 POST /Service1.svc - 49474 - ::1 - - 200 0 0 40
2018-07-19 10:14:50 ::1 POST /Service1.svc - 49474 - ::1 - - 200 0 0 42
2018-07-19 10:14:50 ::1 POST /Service1.svc - 49474 - ::1 - - 200 0 0 71
2018-07-19 10:14:52 ::1 POST /Service1.svc - 49474 - ::1 - - 200 0 0 53
2018-07-19 10:14:52 ::1 POST /Service1.svc - 49474 - ::1 - - 200 0 0 130
2018-07-19 10:14:52 ::1 POST /Service1.svc - 49474 - ::1 - - 200 0 0 32
2018-07-19 10:14:52 ::1 POST /Service1.svc - 49474 - ::1 - - 200 0 0 41
2018-07-19 10:17:24 ::1 POST /Service1.svc - 49474 - ::1 - - 200 0 0 72
2018-07-19 10:17:24 ::1 POST /Service1.svc - 49474 - ::1 - - 200 0 0 71
2018-07-19 10:17:24 ::1 POST /Service1.svc - 49474 - ::1 - - 200 0 0 25
2018-07-19 10:17:24 ::1 POST /Service1.svc - 49474 - ::1 - - 200 0 0 23
2018-07-19 10:17:33 ::1 POST /Service1.svc - 49474 - ::1 - - 200 0 0 18
2018-07-19 10:17:33 ::1 POST /Service1.svc - 49474 - ::1 - - 200 0 0 16
2018-07-19 10:17:33 ::1 POST /Service1.svc - 49474 - ::1 - - 200 0 0 40
2018-07-19 10:17:33 ::1 POST /Service1.svc - 49474 - ::1 - - 200 0 0 117
2018-07-19 10:17:35 ::1 POST /Service1.svc - 49474 - ::1 - - 200 0 0 11
2018-07-19 10:17:35 ::1 POST /Service1.svc - 49474 - ::1 - - 200 0 0 35
2018-07-19 10:17:35 ::1 POST /Service1.svc - 49474 - ::1 - - 200 0 0 72
2018-07-19 10:17:35 ::1 POST /Service1.svc - 49474 - ::1 - - 200 0 0 33
2018-07-19 10:17:35 ::1 POST /Service1.svc - 49474 - ::1 - - 200 0 0 57
2018-07-19 10:17:35 ::1 POST /Service1.svc - 49474 - ::1 - - 200 0 0 34
2018-07-19 10:17:35 ::1 POST /Service1.svc - 49474 - ::1 - - 200 0 0 46
2018-07-19 10:17:35 ::1 POST /Service1.svc - 49474 - ::1 - - 200 0 0 156
2018-07-19 10:17:35 ::1 POST /Service1.svc - 49474 - ::1 - - 200 0 0 49
2018-07-19 10:17:35 ::1 POST /Service1.svc - 49474 - ::1 - - 200 0 0 108
2018-07-19 10:17:35 ::1 POST /Service1.svc - 49474 - ::1 - - 200 0 0 30
2018-07-19 10:17:38 ::1 POST /Service1.svc - 49474 - ::1 - - 200 0 0 20
2018-07-19 10:17:38 ::1 POST /Service1.svc - 49474 - ::1 - - 200 0 0 116
2018-07-19 10:17:38 ::1 POST /Service1.svc - 49474 - ::1 - - 200 0 0 41
2018-07-19 10:17:38 ::1 POST /Service1.svc - 49474 - ::1 - - 200 0 0 56
2018-07-19 10:17:38 ::1 POST /Service1.svc - 49474 - ::1 - - 200 0 0 49
2018-07-19 10:17:38 ::1 POST /Service1.svc - 49474 - ::1 - - 200 0 0 94
2018-07-19 10:17:38 ::1 POST /Service1.svc - 49474 - ::1 - - 200 0 0 52
2018-07-19 10:17:38 ::1 POST /Service1.svc - 49474 - ::1 - - 200 0 0 54
2018-07-19 10:17:38 ::1 POST /Service1.svc - 49474 - ::1 - - 200 0 0 84
2018-07-19 10:17:44 ::1 POST /Service1.svc - 49474 - ::1 - - 200 0 0 181
2018-07-19 10:17:46 ::1 POST /Service1.svc - 49474 - ::1 - - 200 0 0 94
2018-07-19 10:17:48 ::1 POST /Service1.svc - 49474 - ::1 - - 200 0 0 57
2018-07-19 10:17:53 ::1 POST /Service1.svc - 49474 - ::1 - - 200 0 0 19
2018-07-19 10:17:53 ::1 POST /Service1.svc - 49474 - ::1 - - 200 0 0 45
2018-07-19 10:17:53 ::1 POST /Service1.svc - 49474 - ::1 - - 200 0 0 55
2018-07-19 10:17:53 ::1 POST /Service1.svc - 49474 - ::1 - - 200 0 0 136
2018-07-19 10:18:11 ::1 POST /Service1.svc - 49474 - ::1 - - 200 0 0 31
2018-07-19 10:18:11 ::1 POST /Service1.svc - 49474 - ::1 - - 200 0 0 42
2018-07-19 10:18:11 ::1 POST /Service1.svc - 49474 - ::1 - - 200 0 0 80
2018-07-19 10:18:11 ::1 POST /Service1.svc - 49474 - ::1 - - 200 0 0 72
2018-07-19 10:22:31 ::1 POST /Service1.svc - 49474 - ::1 - - 200 0 0 141
2018-07-19 10:22:31 ::1 POST /Service1.svc - 49474 - ::1 - - 200 0 0 189
2018-07-19 10:22:31 ::1 POST /Service1.svc - 49474 - ::1 - - 200 0 0 199
2018-07-19 10:22:32 ::1 POST /Service1.svc - 49474 - ::1 - - 200 0 0 181
2018-07-19 10:22:36 ::1 POST /Service1.svc - 49474 - ::1 - - 200 0 0 41
2018-07-19 10:22:36 ::1 POST /Service1.svc - 49474 - ::1 - - 200 0 0 119
2018-07-19 10:22:36 ::1 POST /Service1.svc - 49474 - ::1 - - 200 0 0 43
2018-07-19 10:22:36 ::1 POST /Service1.svc - 49474 - ::1 - - 200 0 0 58
2018-07-19 10:22:38 ::1 POST /Service1.svc - 49474 - ::1 - - 200 0 0 55
2018-07-19 10:22:38 ::1 POST /Service1.svc - 49474 - ::1 - - 200 0 0 49
2018-07-19 10:22:38 ::1 POST /Service1.svc - 49474 - ::1 - - 200 0 0 30
2018-07-19 10:22:38 ::1 POST /Service1.svc - 49474 - ::1 - - 200 0 0 60
2018-07-19 10:22:38 ::1 POST /Service1.svc - 49474 - ::1 - - 200 0 0 23
2018-07-19 10:22:38 ::1 POST /Service1.svc - 49474 - ::1 - - 200 0 0 20
2018-07-19 10:22:38 ::1 POST /Service1.svc - 49474 - ::1 - - 200 0 0 138
2018-07-19 10:22:38 ::1 POST /Service1.svc - 49474 - ::1 - - 200 0 0 23
2018-07-19 10:22:38 ::1 POST /Service1.svc - 49474 - ::1 - - 200 0 0 79
2018-07-19 10:22:38 ::1 POST /Service1.svc - 49474 - ::1 - - 200 0 0 52
2018-07-19 10:22:47 ::1 POST /Service1.svc - 49474 - ::1 - - 200 0 0 212
2018-07-19 10:23:15 ::1 POST /Service1.svc - 49474 - ::1 - - 200 0 0 135
2018-07-19 10:23:18 ::1 POST /Service1.svc - 49474 - ::1 - - 200 0 0 52
2018-07-19 10:23:18 ::1 POST /Service1.svc - 49474 - ::1 - - 200 0 0 57
2018-07-19 10:23:18 ::1 POST /Service1.svc - 49474 - ::1 - - 200 0 0 131
2018-07-19 10:23:18 ::1 POST /Service1.svc - 49474 - ::1 - - 200 0 0 91
2018-07-19 10:23:18 ::1 POST /Service1.svc - 49474 - ::1 - - 200 0 0 29
2018-07-19 10:23:18 ::1 POST /Service1.svc - 49474 - ::1 - - 200 0 0 192
2018-07-19 10:23:18 ::1 POST /Service1.svc - 49474 - ::1 - - 200 0 0 44
2018-07-19 10:23:18 ::1 POST /Service1.svc - 49474 - ::1 - - 200 0 0 40
2018-07-19 10:23:25 ::1 POST /Service1.svc - 49474 - ::1 - - 200 0 0 82
2018-07-19 10:23:48 ::1 POST /Service1.svc - 49474 - ::1 - - 200 0 0 177
2018-07-19 10:29:07 ::1 POST /Service1.svc - 49474 - ::1 - - 200 0 0 67
2018-07-19 10:29:07 ::1 POST /Service1.svc - 49474 - ::1 - - 200 0 0 121
2018-07-19 10:29:07 ::1 POST /Service1.svc - 49474 - ::1 - - 200 0 0 31
2018-07-19 10:29:07 ::1 POST /Service1.svc - 49474 - ::1 - - 200 0 0 146
2018-07-19 10:29:13 ::1 POST /Service1.svc - 49474 - ::1 - - 200 0 0 18
2018-07-19 10:29:13 ::1 POST /Service1.svc - 49474 - ::1 - - 200 0 0 17
2018-07-19 10:29:13 ::1 POST /Service1.svc - 49474 - ::1 - - 200 0 0 108
2018-07-19 10:29:13 ::1 POST /Service1.svc - 49474 - ::1 - - 200 0 0 57
2018-07-19 10:29:15 ::1 POST /Service1.svc - 49474 - ::1 - - 200 0 0 73
2018-07-19 10:29:15 ::1 POST /Service1.svc - 49474 - ::1 - - 200 0 0 32
2018-07-19 10:29:15 ::1 POST /Service1.svc - 49474 - ::1 - - 200 0 0 77
2018-07-19 10:29:15 ::1 POST /Service1.svc - 49474 - ::1 - - 200 0 0 89
2018-07-19 10:29:15 ::1 POST /Service1.svc - 49474 - ::1 - - 200 0 0 101
2018-07-19 10:29:15 ::1 POST /Service1.svc - 49474 - ::1 - - 200 0 0 70
2018-07-19 10:29:15 ::1 POST /Service1.svc - 49474 - ::1 - - 200 0 0 86
2018-07-19 10:29:15 ::1 POST /Service1.svc - 49474 - ::1 - - 200 0 0 165
2018-07-19 10:29:15 ::1 POST /Service1.svc - 49474 - ::1 - - 200 0 0 98
2018-07-19 10:29:16 ::1 POST /Service1.svc - 49474 - ::1 - - 200 0 0 148
2018-07-19 10:29:16 ::1 POST /Service1.svc - 49474 - ::1 - - 200 0 0 300
2018-07-19 10:29:20 ::1 POST /Service1.svc - 49474 - ::1 - - 200 0 0 62
2018-07-19 10:29:20 ::1 POST /Service1.svc - 49474 - ::1 - - 200 0 0 76
2018-07-19 10:29:20 ::1 POST /Service1.svc - 49474 - ::1 - - 200 0 0 180
2018-07-19 10:29:20 ::1 POST /Service1.svc - 49474 - ::1 - - 200 0 0 100
2018-07-19 10:29:20 ::1 POST /Service1.svc - 49474 - ::1 - - 200 0 0 111
2018-07-19 10:29:20 ::1 POST /Service1.svc - 49474 - ::1 - - 200 0 0 88
2018-07-19 10:29:20 ::1 POST /Service1.svc - 49474 - ::1 - - 200 0 0 129
2018-07-19 10:29:20 ::1 POST /Service1.svc - 49474 - ::1 - - 200 0 0 77
2018-07-19 10:29:21 ::1 POST /Service1.svc - 49474 - ::1 - - 200 0 0 56
2018-07-19 10:29:23 ::1 POST /Service1.svc - 49474 - ::1 - - 200 0 0 107
2018-07-19 10:29:26 ::1 POST /Service1.svc - 49474 - ::1 - - 200 0 0 200
2018-07-19 10:29:28 ::1 POST /Service1.svc - 49474 - ::1 - - 200 0 0 52
2018-07-19 10:29:30 ::1 POST /Service1.svc - 49474 - ::1 - - 200 0 0 114
2018-07-19 10:29:32 ::1 POST /Service1.svc - 49474 - ::1 - - 200 0 0 90
2018-07-19 10:29:34 ::1 POST /Service1.svc - 49474 - ::1 - - 200 0 0 40
2018-07-19 10:29:37 ::1 POST /Service1.svc - 49474 - ::1 - - 200 0 0 146
2018-07-19 10:29:43 ::1 POST /Service1.svc - 49474 - ::1 - - 200 0 0 63
2018-07-19 10:30:09 ::1 POST /Service1.svc - 49474 - ::1 - - 200 0 0 41
2018-07-19 10:30:09 ::1 POST /Service1.svc - 49474 - ::1 - - 200 0 0 52
2018-07-19 10:30:09 ::1 POST /Service1.svc - 49474 - ::1 - - 200 0 0 121
2018-07-19 10:30:09 ::1 POST /Service1.svc - 49474 - ::1 - - 200 0 0 73
2018-07-19 10:30:11 ::1 POST /Service1.svc - 49474 - ::1 - - 200 0 0 61
2018-07-19 10:30:11 ::1 POST /Service1.svc - 49474 - ::1 - - 200 0 0 21
2018-07-19 10:30:11 ::1 POST /Service1.svc - 49474 - ::1 - - 200 0 0 16
2018-07-19 10:30:11 ::1 POST /Service1.svc - 49474 - ::1 - - 200 0 0 32
2018-07-19 10:30:11 ::1 POST /Service1.svc - 49474 - ::1 - - 200 0 0 110
2018-07-19 10:30:11 ::1 POST /Service1.svc - 49474 - ::1 - - 200 0 0 73
2018-07-19 10:30:11 ::1 POST /Service1.svc - 49474 - ::1 - - 200 0 0 50
2018-07-19 10:30:11 ::1 POST /Service1.svc - 49474 - ::1 - - 200 0 0 130
2018-07-19 10:30:11 ::1 POST /Service1.svc - 49474 - ::1 - - 200 0 0 160
2018-07-19 10:30:11 ::1 POST /Service1.svc - 49474 - ::1 - - 200 0 0 40
2018-07-19 10:30:11 ::1 POST /Service1.svc - 49474 - ::1 - - 200 0 0 74
2018-07-19 10:30:14 ::1 POST /Service1.svc - 49474 - ::1 - - 200 0 0 30
2018-07-19 10:30:14 ::1 POST /Service1.svc - 49474 - ::1 - - 200 0 0 100
2018-07-19 10:30:14 ::1 POST /Service1.svc - 49474 - ::1 - - 200 0 0 103
2018-07-19 10:30:14 ::1 POST /Service1.svc - 49474 - ::1 - - 200 0 0 101
2018-07-19 10:30:14 ::1 POST /Service1.svc - 49474 - ::1 - - 200 0 0 142
2018-07-19 10:30:14 ::1 POST /Service1.svc - 49474 - ::1 - - 200 0 0 482
2018-07-19 10:30:15 ::1 POST /Service1.svc - 49474 - ::1 - - 200 0 0 130
2018-07-19 10:30:15 ::1 POST /Service1.svc - 49474 - ::1 - - 200 0 0 206
2018-07-19 10:30:15 ::1 POST /Service1.svc - 49474 - ::1 - - 200 0 0 43
2018-07-19 10:30:37 ::1 POST /Service1.svc - 49474 - ::1 - - 200 0 0 35
2018-07-19 10:30:37 ::1 POST /Service1.svc - 49474 - ::1 - - 200 0 0 26
2018-07-19 10:30:37 ::1 POST /Service1.svc - 49474 - ::1 - - 200 0 0 26
2018-07-19 10:30:37 ::1 POST /Service1.svc - 49474 - ::1 - - 200 0 0 50
2018-07-19 10:30:39 ::1 POST /Service1.svc - 49474 - ::1 - - 200 0 0 24
2018-07-19 10:30:39 ::1 POST /Service1.svc - 49474 - ::1 - - 200 0 0 21
2018-07-19 10:30:39 ::1 POST /Service1.svc - 49474 - ::1 - - 200 0 0 35
2018-07-19 10:30:39 ::1 POST /Service1.svc - 49474 - ::1 - - 200 0 0 219
2018-07-19 10:32:08 ::1 POST /Service1.svc - 49474 - ::1 - - 200 0 0 54
2018-07-19 10:32:08 ::1 POST /Service1.svc - 49474 - ::1 - - 200 0 0 94
2018-07-19 10:32:08 ::1 POST /Service1.svc - 49474 - ::1 - - 200 0 0 42
2018-07-19 10:32:08 ::1 POST /Service1.svc - 49474 - ::1 - - 200 0 0 124
2018-07-19 10:32:13 ::1 POST /Service1.svc - 49474 - ::1 - - 200 0 0 135
2018-07-19 10:32:13 ::1 POST /Service1.svc - 49474 - ::1 - - 200 0 0 44
2018-07-19 10:32:13 ::1 POST /Service1.svc - 49474 - ::1 - - 200 0 0 180
2018-07-19 10:32:13 ::1 POST /Service1.svc - 49474 - ::1 - - 200 0 0 29
2018-07-19 10:32:15 ::1 POST /Service1.svc - 49474 - ::1 - - 200 0 0 16
2018-07-19 10:32:15 ::1 POST /Service1.svc - 49474 - ::1 - - 200 0 0 12
2018-07-19 10:32:15 ::1 POST /Service1.svc - 49474 - ::1 - - 200 0 0 19
2018-07-19 10:32:15 ::1 POST /Service1.svc - 49474 - ::1 - - 200 0 0 133
2018-07-19 10:32:15 ::1 POST /Service1.svc - 49474 - ::1 - - 200 0 0 66
2018-07-19 10:32:15 ::1 POST /Service1.svc - 49474 - ::1 - - 200 0 0 50
2018-07-19 10:32:15 ::1 POST /Service1.svc - 49474 - ::1 - - 200 0 0 136
2018-07-19 10:32:15 ::1 POST /Service1.svc - 49474 - ::1 - - 200 0 0 102
2018-07-19 10:32:15 ::1 POST /Service1.svc - 49474 - ::1 - - 200 0 0 68
2018-07-19 10:32:15 ::1 POST /Service1.svc - 49474 - ::1 - - 200 0 0 25
2018-07-19 10:32:15 ::1 POST /Service1.svc - 49474 - ::1 - - 200 0 0 57
2018-07-19 10:32:19 ::1 POST /Service1.svc - 49474 - ::1 - - 200 0 0 148
2018-07-19 10:32:19 ::1 POST /Service1.svc - 49474 - ::1 - - 200 0 0 98
2018-07-19 10:32:19 ::1 POST /Service1.svc - 49474 - ::1 - - 200 0 0 50
2018-07-19 10:32:19 ::1 POST /Service1.svc - 49474 - ::1 - - 200 0 0 150
2018-07-19 10:32:19 ::1 POST /Service1.svc - 49474 - ::1 - - 200 0 0 105
2018-07-19 10:32:19 ::1 POST /Service1.svc - 49474 - ::1 - - 200 0 0 70
2018-07-19 10:32:19 ::1 POST /Service1.svc - 49474 - ::1 - - 200 0 0 151
2018-07-19 10:32:19 ::1 POST /Service1.svc - 49474 - ::1 - - 200 0 0 67
2018-07-19 10:32:19 ::1 POST /Service1.svc - 49474 - ::1 - - 200 0 0 92
2018-07-19 10:34:42 ::1 POST /Service1.svc - 49474 - ::1 - - 200 0 0 81
2018-07-19 10:34:42 ::1 POST /Service1.svc - 49474 - ::1 - - 200 0 0 20
2018-07-19 10:34:42 ::1 POST /Service1.svc - 49474 - ::1 - - 200 0 0 56
2018-07-19 10:34:42 ::1 POST /Service1.svc - 49474 - ::1 - - 200 0 0 97
2018-07-19 10:34:51 ::1 POST /Service1.svc - 49474 - ::1 - - 200 0 0 24
2018-07-19 10:34:51 ::1 POST /Service1.svc - 49474 - ::1 - - 200 0 0 35
2018-07-19 10:34:51 ::1 POST /Service1.svc - 49474 - ::1 - - 200 0 0 39
2018-07-19 10:34:51 ::1 POST /Service1.svc - 49474 - ::1 - - 200 0 0 91
2018-07-19 10:34:53 ::1 POST /Service1.svc - 49474 - ::1 - - 200 0 0 1530
2018-07-19 10:34:55 ::1 POST /Service1.svc - 49474 - ::1 - - 200 0 0 69
2018-07-19 10:34:55 ::1 POST /Service1.svc - 49474 - ::1 - - 200 0 0 76
2018-07-19 10:34:55 ::1 POST /Service1.svc - 49474 - ::1 - - 200 0 0 67
2018-07-19 10:34:55 ::1 POST /Service1.svc - 49474 - ::1 - - 200 0 0 80
2018-07-19 10:34:55 ::1 POST /Service1.svc - 49474 - ::1 - - 200 0 0 62
2018-07-19 10:34:55 ::1 POST /Service1.svc - 49474 - ::1 - - 200 0 0 67
2018-07-19 10:34:55 ::1 POST /Service1.svc - 49474 - ::1 - - 200 0 0 80
2018-07-19 10:34:55 ::1 POST /Service1.svc - 49474 - ::1 - - 200 0 0 70
2018-07-19 10:34:56 ::1 POST /Service1.svc - 49474 - ::1 - - 200 0 0 265
2018-07-19 10:34:56 ::1 POST /Service1.svc - 49474 - ::1 - - 200 0 0 282
2018-07-19 10:34:56 ::1 POST /Service1.svc - 49474 - ::1 - - 200 0 0 207
2018-07-19 10:36:01 ::1 POST /Service1.svc - 49474 - ::1 - - 200 0 0 613
2018-07-19 10:36:01 ::1 POST /Service1.svc - 49474 - ::1 - - 200 0 0 86
2018-07-19 10:36:01 ::1 POST /Service1.svc - 49474 - ::1 - - 200 0 0 175
2018-07-19 10:36:02 ::1 POST /Service1.svc - 49474 - ::1 - - 200 0 0 46
2018-07-19 10:36:02 ::1 POST /Service1.svc - 49474 - ::1 - - 200 0 0 20
2018-07-19 10:36:02 ::1 POST /Service1.svc - 49474 - ::1 - - 200 0 0 78
2018-07-19 10:36:05 ::1 POST /Service1.svc - 49474 - ::1 - - 200 0 0 152
2018-07-19 10:36:07 ::1 POST /Service1.svc - 49474 - ::1 - - 200 0 0 14
2018-07-19 10:36:07 ::1 POST /Service1.svc - 49474 - ::1 - - 200 0 0 17
2018-07-19 10:36:07 ::1 POST /Service1.svc - 49474 - ::1 - - 200 0 0 79
2018-07-19 10:36:07 ::1 POST /Service1.svc - 49474 - ::1 - - 200 0 0 45
2018-07-19 10:36:07 ::1 POST /Service1.svc - 49474 - ::1 - - 200 0 0 72
2018-07-19 10:36:07 ::1 POST /Service1.svc - 49474 - ::1 - - 200 0 0 40
2018-07-19 10:36:07 ::1 POST /Service1.svc - 49474 - ::1 - - 200 0 0 63
2018-07-19 10:36:09 ::1 POST /Service1.svc - 49474 - ::1 - - 200 0 0 55
2018-07-19 10:36:10 ::1 POST /Service1.svc - 49474 - ::1 - - 200 0 0 1861
2018-07-19 10:36:14 ::1 POST /Service1.svc - 49474 - ::1 - - 200 0 0 55
2018-07-19 10:36:14 ::1 POST /Service1.svc - 49474 - ::1 - - 200 0 0 189
2018-07-19 10:36:14 ::1 POST /Service1.svc - 49474 - ::1 - - 200 0 0 67
2018-07-19 10:36:14 ::1 POST /Service1.svc - 49474 - ::1 - - 200 0 0 97
2018-07-19 10:36:14 ::1 POST /Service1.svc - 49474 - ::1 - - 200 0 0 170
2018-07-19 10:36:20 ::1 POST /Service1.svc - 49474 - ::1 - - 200 0 0 23
2018-07-19 10:36:20 ::1 POST /Service1.svc - 49474 - ::1 - - 200 0 0 185
2018-07-19 10:36:20 ::1 POST /Service1.svc - 49474 - ::1 - - 200 0 0 61
2018-07-19 10:36:20 ::1 POST /Service1.svc - 49474 - ::1 - - 200 0 0 339
2018-07-19 10:36:20 ::1 POST /Service1.svc - 49474 - ::1 - - 200 0 0 170
2018-07-19 10:36:20 ::1 POST /Service1.svc - 49474 - ::1 - - 200 0 0 51
2018-07-19 10:36:21 ::1 POST /Service1.svc - 49474 - ::1 - - 200 0 0 136
2018-07-19 10:36:21 ::1 POST /Service1.svc - 49474 - ::1 - - 200 0 0 226
2018-07-19 10:36:21 ::1 POST /Service1.svc - 49474 - ::1 - - 200 0 0 234
2018-07-19 10:36:21 ::1 POST /Service1.svc - 49474 - ::1 - - 200 0 0 182
2018-07-19 10:36:21 ::1 POST /Service1.svc - 49474 - ::1 - - 200 0 0 80
2018-07-19 10:36:21 ::1 POST /Service1.svc - 49474 - ::1 - - 200 0 0 70
2018-07-19 10:36:21 ::1 POST /Service1.svc - 49474 - ::1 - - 200 0 0 78
2018-07-19 10:36:21 ::1 POST /Service1.svc - 49474 - ::1 - - 200 0 0 47
2018-07-19 10:36:21 ::1 POST /Service1.svc - 49474 - ::1 - - 200 0 0 45
2018-07-19 10:36:21 ::1 POST /Service1.svc - 49474 - ::1 - - 200 0 0 29
2018-07-19 10:36:22 ::1 POST /Service1.svc - 49474 - ::1 - - 200 0 0 35
2018-07-19 10:36:22 ::1 POST /Service1.svc - 49474 - ::1 - - 200 0 0 73
2018-07-19 10:36:22 ::1 POST /Service1.svc - 49474 - ::1 - - 200 0 0 79
2018-07-19 10:36:22 ::1 POST /Service1.svc - 49474 - ::1 - - 200 0 0 252
2018-07-19 10:36:22 ::1 POST /Service1.svc - 49474 - ::1 - - 200 0 0 124
2018-07-19 10:36:22 ::1 POST /Service1.svc - 49474 - ::1 - - 200 0 0 49
2018-07-19 10:36:22 ::1 POST /Service1.svc - 49474 - ::1 - - 200 0 0 58
2018-07-19 10:36:22 ::1 POST /Service1.svc - 49474 - ::1 - - 200 0 0 44
2018-07-19 10:36:22 ::1 POST /Service1.svc - 49474 - ::1 - - 200 0 0 98
2018-07-19 10:36:22 ::1 POST /Service1.svc - 49474 - ::1 - - 200 0 0 92
2018-07-19 10:36:22 ::1 POST /Service1.svc - 49474 - ::1 - - 200 0 0 31
2018-07-19 10:36:22 ::1 POST /Service1.svc - 49474 - ::1 - - 200 0 0 21
2018-07-19 10:36:23 ::1 POST /Service1.svc - 49474 - ::1 - - 200 0 0 140
2018-07-19 10:36:26 ::1 POST /Service1.svc - 49474 - ::1 - - 200 0 0 24
2018-07-19 10:36:26 ::1 POST /Service1.svc - 49474 - ::1 - - 200 0 0 307
2018-07-19 10:36:28 ::1 POST /Service1.svc - 49474 - ::1 - - 200 0 0 81
2018-07-19 10:36:28 ::1 POST /Service1.svc - 49474 - ::1 - - 200 0 0 53
2018-07-19 10:36:28 ::1 POST /Service1.svc - 49474 - ::1 - - 200 0 0 25
2018-07-19 10:36:28 ::1 POST /Service1.svc - 49474 - ::1 - - 200 0 0 64
2018-07-19 10:36:28 ::1 POST /Service1.svc - 49474 - ::1 - - 200 0 0 217
2018-07-19 10:36:30 ::1 POST /Service1.svc - 49474 - ::1 - - 200 0 0 81
2018-07-19 10:36:30 ::1 POST /Service1.svc - 49474 - ::1 - - 200 0 0 17
2018-07-19 10:36:30 ::1 POST /Service1.svc - 49474 - ::1 - - 200 0 0 44
2018-07-19 10:36:30 ::1 POST /Service1.svc - 49474 - ::1 - - 200 0 0 174
2018-07-19 10:36:31 ::1 POST /Service1.svc - 49474 - ::1 - - 200 0 0 152
2018-07-19 10:36:31 ::1 POST /Service1.svc - 49474 - ::1 - - 200 0 0 684
2018-07-19 10:36:31 ::1 POST /Service1.svc - 49474 - ::1 - - 200 0 0 123
2018-07-19 10:36:31 ::1 POST /Service1.svc - 49474 - ::1 - - 200 0 0 80
2018-07-19 10:36:33 ::1 POST /Service1.svc - 49474 - ::1 - - 200 0 0 465
2018-07-19 10:36:36 ::1 POST /Service1.svc - 49474 - ::1 - - 200 0 0 43
2018-07-19 10:36:36 ::1 POST /Service1.svc - 49474 - ::1 - - 200 0 0 58
2018-07-19 10:36:36 ::1 POST /Service1.svc - 49474 - ::1 - - 200 0 0 76
2018-07-19 10:36:36 ::1 POST /Service1.svc - 49474 - ::1 - - 200 0 0 98
2018-07-19 10:36:38 ::1 POST /Service1.svc - 49474 - ::1 - - 200 0 0 39
2018-07-19 10:36:38 ::1 POST /Service1.svc - 49474 - ::1 - - 200 0 0 63
2018-07-19 10:36:38 ::1 POST /Service1.svc - 49474 - ::1 - - 200 0 0 85
2018-07-19 10:36:38 ::1 POST /Service1.svc - 49474 - ::1 - - 200 0 0 33
2018-07-19 10:36:40 ::1 POST /Service1.svc - 49474 - ::1 - - 200 0 0 13
2018-07-19 10:36:40 ::1 POST /Service1.svc - 49474 - ::1 - - 200 0 0 18
2018-07-19 10:36:40 ::1 POST /Service1.svc - 49474 - ::1 - - 200 0 0 16
2018-07-19 10:36:40 ::1 POST /Service1.svc - 49474 - ::1 - - 200 0 0 36
2018-07-19 10:36:40 ::1 POST /Service1.svc - 49474 - ::1 - - 200 0 0 116
2018-07-19 10:36:40 ::1 POST /Service1.svc - 49474 - ::1 - - 200 0 0 29
2018-07-19 10:36:40 ::1 POST /Service1.svc - 49474 - ::1 - - 200 0 0 92
2018-07-19 10:36:40 ::1 POST /Service1.svc - 49474 - ::1 - - 200 0 0 246
2018-07-19 10:36:40 ::1 POST /Service1.svc - 49474 - ::1 - - 200 0 0 185
2018-07-19 10:36:40 ::1 POST /Service1.svc - 49474 - ::1 - - 200 0 0 86
2018-07-19 10:36:41 ::1 POST /Service1.svc - 49474 - ::1 - - 200 0 0 45
2018-07-19 10:36:45 ::1 POST /Service1.svc - 49474 - ::1 - - 200 0 0 31
2018-07-19 10:36:45 ::1 POST /Service1.svc - 49474 - ::1 - - 200 0 0 37
2018-07-19 10:36:45 ::1 POST /Service1.svc - 49474 - ::1 - - 200 0 0 57
2018-07-19 10:36:45 ::1 POST /Service1.svc - 49474 - ::1 - - 200 0 0 152
2018-07-19 10:36:45 ::1 POST /Service1.svc - 49474 - ::1 - - 200 0 0 137
2018-07-19 10:36:45 ::1 POST /Service1.svc - 49474 - ::1 - - 200 0 0 102
2018-07-19 10:36:45 ::1 POST /Service1.svc - 49474 - ::1 - - 200 0 0 121
2018-07-19 10:36:45 ::1 POST /Service1.svc - 49474 - ::1 - - 200 0 0 90
2018-07-19 10:36:45 ::1 POST /Service1.svc - 49474 - ::1 - - 200 0 0 49
2018-07-19 10:39:22 ::1 POST /Service1.svc - 49474 - ::1 - - 200 0 0 170
2018-07-19 10:39:22 ::1 POST /Service1.svc - 49474 - ::1 - - 200 0 0 139
2018-07-19 10:39:22 ::1 POST /Service1.svc - 49474 - ::1 - - 200 0 0 48
2018-07-19 10:39:22 ::1 POST /Service1.svc - 49474 - ::1 - - 200 0 0 91
2018-07-19 10:39:33 ::1 POST /Service1.svc - 49474 - ::1 - - 200 0 0 65
2018-07-19 10:39:33 ::1 POST /Service1.svc - 49474 - ::1 - - 200 0 0 44
2018-07-19 10:39:33 ::1 POST /Service1.svc - 49474 - ::1 - - 200 0 0 94
2018-07-19 10:39:33 ::1 POST /Service1.svc - 49474 - ::1 - - 200 0 0 73
2018-07-19 10:39:35 ::1 POST /Service1.svc - 49474 - ::1 - - 200 0 0 19
2018-07-19 10:39:35 ::1 POST /Service1.svc - 49474 - ::1 - - 200 0 0 95
2018-07-19 10:39:35 ::1 POST /Service1.svc - 49474 - ::1 - - 200 0 0 27
2018-07-19 10:39:35 ::1 POST /Service1.svc - 49474 - ::1 - - 200 0 0 51
2018-07-19 10:39:35 ::1 POST /Service1.svc - 49474 - ::1 - - 200 0 0 562
2018-07-19 10:39:35 ::1 POST /Service1.svc - 49474 - ::1 - - 200 0 0 148
2018-07-19 10:39:35 ::1 POST /Service1.svc - 49474 - ::1 - - 200 0 0 35
2018-07-19 10:39:35 ::1 POST /Service1.svc - 49474 - ::1 - - 200 0 0 55
2018-07-19 10:39:36 ::1 POST /Service1.svc - 49474 - ::1 - - 200 0 0 248
2018-07-19 10:39:36 ::1 POST /Service1.svc - 49474 - ::1 - - 200 0 0 47
2018-07-19 10:39:36 ::1 POST /Service1.svc - 49474 - ::1 - - 200 0 0 80
2018-07-19 10:39:38 ::1 POST /Service1.svc - 49474 - ::1 - - 200 0 0 41
2018-07-19 10:39:38 ::1 POST /Service1.svc - 49474 - ::1 - - 200 0 0 476
2018-07-19 10:39:38 ::1 POST /Service1.svc - 49474 - ::1 - - 200 0 0 185
2018-07-19 10:39:39 ::1 POST /Service1.svc - 49474 - ::1 - - 200 0 0 260
2018-07-19 10:39:39 ::1 POST /Service1.svc - 49474 - ::1 - - 200 0 0 44
2018-07-19 10:39:39 ::1 POST /Service1.svc - 49474 - ::1 - - 200 0 0 165
2018-07-19 10:39:39 ::1 POST /Service1.svc - 49474 - ::1 - - 200 0 0 35
2018-07-19 10:39:39 ::1 POST /Service1.svc - 49474 - ::1 - - 200 0 0 61
2018-07-19 10:39:39 ::1 POST /Service1.svc - 49474 - ::1 - - 200 0 0 166
#Software: Microsoft Internet Information Services 10.0
#Version: 1.0
#Date: 2018-07-19 11:27:06
#Fields: date time s-ip cs-method cs-uri-stem cs-uri-query s-port cs-username c-ip cs(User-Agent) cs(Referer) sc-status sc-substatus sc-win32-status time-taken
2018-07-19 11:27:06 ::1 POST /Service1.svc - 49474 - ::1 - - 200 0 0 178
2018-07-19 11:27:06 ::1 POST /Service1.svc - 49474 - ::1 - - 200 0 0 23
2018-07-19 11:27:06 ::1 POST /Service1.svc - 49474 - ::1 - - 200 0 0 52
2018-07-19 11:27:07 ::1 POST /Service1.svc - 49474 - ::1 - - 200 0 0 64
2018-07-19 11:29:08 ::1 POST /Service1.svc - 49474 - ::1 - - 200 0 0 30
2018-07-19 11:29:08 ::1 POST /Service1.svc - 49474 - ::1 - - 200 0 0 63
2018-07-19 11:29:08 ::1 POST /Service1.svc - 49474 - ::1 - - 200 0 0 21
2018-07-19 11:29:08 ::1 POST /Service1.svc - 49474 - ::1 - - 200 0 0 33
2018-07-19 11:29:10 ::1 POST /Service1.svc - 49474 - ::1 - - 200 0 0 58
2018-07-19 11:29:10 ::1 POST /Service1.svc - 49474 - ::1 - - 200 0 0 39
2018-07-19 11:29:10 ::1 POST /Service1.svc - 49474 - ::1 - - 200 0 0 11
2018-07-19 11:29:10 ::1 POST /Service1.svc - 49474 - ::1 - - 200 0 0 22
2018-07-19 11:29:10 ::1 POST /Service1.svc - 49474 - ::1 - - 200 0 0 84
2018-07-19 11:29:10 ::1 POST /Service1.svc - 49474 - ::1 - - 200 0 0 102
2018-07-19 11:29:10 ::1 POST /Service1.svc - 49474 - ::1 - - 200 0 0 15
2018-07-19 11:29:10 ::1 POST /Service1.svc - 49474 - ::1 - - 200 0 0 35
2018-07-19 11:29:10 ::1 POST /Service1.svc - 49474 - ::1 - - 200 0 0 195
2018-07-19 11:29:10 ::1 POST /Service1.svc - 49474 - ::1 - - 200 0 0 116
2018-07-19 11:29:10 ::1 POST /Service1.svc - 49474 - ::1 - - 200 0 0 42
2018-07-19 11:29:14 ::1 POST /Service1.svc - 49474 - ::1 - - 200 0 0 33
2018-07-19 11:29:14 ::1 POST /Service1.svc - 49474 - ::1 - - 200 0 0 51
2018-07-19 11:29:14 ::1 POST /Service1.svc - 49474 - ::1 - - 200 0 0 127
2018-07-19 11:29:14 ::1 POST /Service1.svc - 49474 - ::1 - - 200 0 0 97
2018-07-19 11:29:14 ::1 POST /Service1.svc - 49474 - ::1 - - 200 0 0 282
2018-07-19 11:29:14 ::1 POST /Service1.svc - 49474 - ::1 - - 200 0 0 51
2018-07-19 11:29:14 ::1 POST /Service1.svc - 49474 - ::1 - - 200 0 0 63
2018-07-19 11:29:14 ::1 POST /Service1.svc - 49474 - ::1 - - 200 0 0 42
2018-07-19 11:29:14 ::1 POST /Service1.svc - 49474 - ::1 - - 200 0 0 17
2018-07-19 11:29:24 ::1 POST /Service1.svc - 49474 - ::1 - - 200 0 0 54
2018-07-19 11:33:48 ::1 POST /Service1.svc - 49474 - ::1 - - 200 0 0 136
2018-07-19 11:33:48 ::1 POST /Service1.svc - 49474 - ::1 - - 200 0 0 227
2018-07-19 11:33:48 ::1 POST /Service1.svc - 49474 - ::1 - - 200 0 0 78
2018-07-19 11:33:48 ::1 POST /Service1.svc - 49474 - ::1 - - 200 0 0 142
2018-07-19 11:33:51 ::1 POST /Service1.svc - 49474 - ::1 - - 200 0 0 45
2018-07-19 11:33:51 ::1 POST /Service1.svc - 49474 - ::1 - - 200 0 0 36
2018-07-19 11:33:51 ::1 POST /Service1.svc - 49474 - ::1 - - 200 0 0 21
2018-07-19 11:33:51 ::1 POST /Service1.svc - 49474 - ::1 - - 200 0 0 84
2018-07-19 11:33:51 ::1 POST /Service1.svc - 49474 - ::1 - - 200 0 0 428
2018-07-19 11:33:51 ::1 POST /Service1.svc - 49474 - ::1 - - 200 0 0 69
2018-07-19 11:33:51 ::1 POST /Service1.svc - 49474 - ::1 - - 200 0 0 178
2018-07-19 11:33:54 ::1 POST /Service1.svc - 49474 - ::1 - - 200 0 0 26
2018-07-19 11:33:54 ::1 POST /Service1.svc - 49474 - ::1 - - 200 0 0 35
2018-07-19 11:33:54 ::1 POST /Service1.svc - 49474 - ::1 - - 200 0 0 38
2018-07-19 11:33:54 ::1 POST /Service1.svc - 49474 - ::1 - - 200 0 0 82
2018-07-19 11:33:54 ::1 POST /Service1.svc - 49474 - ::1 - - 200 0 0 97
2018-07-19 11:33:54 ::1 POST /Service1.svc - 49474 - ::1 - - 200 0 0 121
2018-07-19 11:33:54 ::1 POST /Service1.svc - 49474 - ::1 - - 200 0 0 51
2018-07-19 11:33:54 ::1 POST /Service1.svc - 49474 - ::1 - - 200 0 0 58
2018-07-19 11:33:54 ::1 POST /Service1.svc - 49474 - ::1 - - 200 0 0 61
2018-07-19 11:33:57 ::1 POST /Service1.svc - 49474 - ::1 - - 200 0 0 75
2018-07-19 11:37:28 ::1 POST /Service1.svc - 49474 - ::1 - - 200 0 0 226
