#Software: Microsoft Internet Information Services 10.0
#Version: 1.0
#Date: 2018-06-26 04:53:15
#Fields: date time s-ip cs-method cs-uri-stem cs-uri-query s-port cs-username c-ip cs(User-Agent) cs(Referer) sc-status sc-substatus sc-win32-status time-taken
2018-06-26 04:53:14 ::1 POST /Service1.svc - 49474 - ::1 - - 415 0 0 129423
2018-06-26 04:53:14 ::1 POST /Service1.svc/mex - 49474 - ::1 - - 415 0 0 19
2018-06-26 04:53:22 ::1 GET /Service1.svc - 49474 - ::1 Mozilla/4.0+(compatible;+MSIE+6.0;+MS+Web+Services+Client+Protocol+4.0.30319.42000) - 200 0 0 7323
2018-06-26 04:53:22 ::1 GET /Service1.svc disco 49474 - ::1 Mozilla/4.0+(compatible;+MSIE+6.0;+MS+Web+Services+Client+Protocol+4.0.30319.42000) - 200 0 0 100
2018-06-26 04:53:22 ::1 GET /Service1.svc wsdl 49474 - ::1 Mozilla/4.0+(compatible;+MSIE+6.0;+MS+Web+Services+Client+Protocol+4.0.30319.42000) - 200 0 0 327
2018-06-26 04:53:29 ::1 GET /Service1.svc xsd=xsd0 49474 - ::1 Mozilla/4.0+(compatible;+MSIE+6.0;+MS+Web+Services+Client+Protocol+4.0.30319.42000) - 200 0 0 5468
2018-06-26 04:53:29 ::1 GET /Service1.svc xsd=xsd2 49474 - ::1 Mozilla/4.0+(compatible;+MSIE+6.0;+MS+Web+Services+Client+Protocol+4.0.30319.42000) - 200 0 0 34
2018-06-26 04:53:29 ::1 GET /Service1.svc xsd=xsd3 49474 - ::1 Mozilla/4.0+(compatible;+MSIE+6.0;+MS+Web+Services+Client+Protocol+4.0.30319.42000) - 200 0 0 30
2018-06-26 04:53:29 ::1 GET /Service1.svc xsd=xsd1 49474 - ::1 Mozilla/4.0+(compatible;+MSIE+6.0;+MS+Web+Services+Client+Protocol+4.0.30319.42000) - 200 0 0 21
#Software: Microsoft Internet Information Services 10.0
#Version: 1.0
#Date: 2018-06-26 05:16:49
#Fields: date time s-ip cs-method cs-uri-stem cs-uri-query s-port cs-username c-ip cs(User-Agent) cs(Referer) sc-status sc-substatus sc-win32-status time-taken
2018-06-26 05:16:49 ::1 POST /Service1.svc - 49474 - ::1 - - 200 0 0 3866
2018-06-26 05:16:49 ::1 POST /Service1.svc - 49474 - ::1 - - 200 0 0 84
2018-06-26 05:16:49 ::1 POST /Service1.svc - 49474 - ::1 - - 200 0 0 371
2018-06-26 05:16:50 ::1 POST /Service1.svc - 49474 - ::1 - - 200 0 0 161
2018-06-26 05:16:50 ::1 POST /Service1.svc - 49474 - ::1 - - 200 0 0 162
2018-06-26 05:16:50 ::1 POST /Service1.svc - 49474 - ::1 - - 200 0 0 29
2018-06-26 05:16:50 ::1 POST /Service1.svc - 49474 - ::1 - - 200 0 0 17
2018-06-26 05:16:50 ::1 POST /Service1.svc - 49474 - ::1 - - 200 0 0 91
2018-06-26 05:16:50 ::1 POST /Service1.svc - 49474 - ::1 - - 200 0 0 245
2018-06-26 05:16:54 ::1 POST /Service1.svc - 49474 - ::1 - - 200 0 0 127
2018-06-26 05:16:54 ::1 POST /Service1.svc - 49474 - ::1 - - 200 0 0 103
2018-06-26 05:16:54 ::1 POST /Service1.svc - 49474 - ::1 - - 200 0 0 98
2018-06-26 05:16:54 ::1 POST /Service1.svc - 49474 - ::1 - - 200 0 0 229
2018-06-26 05:16:54 ::1 POST /Service1.svc - 49474 - ::1 - - 200 0 0 53
2018-06-26 05:16:54 ::1 POST /Service1.svc - 49474 - ::1 - - 200 0 0 131
2018-06-26 05:16:54 ::1 POST /Service1.svc - 49474 - ::1 - - 200 0 0 67
2018-06-26 05:16:54 ::1 POST /Service1.svc - 49474 - ::1 - - 200 0 0 73
2018-06-26 05:16:54 ::1 POST /Service1.svc - 49474 - ::1 - - 200 0 0 145
2018-06-26 05:16:56 ::1 POST /Service1.svc - 49474 - ::1 - - 200 0 0 41
2018-06-26 05:16:58 ::1 POST /Service1.svc - 49474 - ::1 - - 200 0 0 253
2018-06-26 05:16:58 ::1 POST /Service1.svc - 49474 - ::1 - - 200 0 0 91
2018-06-26 05:16:58 ::1 POST /Service1.svc - 49474 - ::1 - - 200 0 0 90
2018-06-26 05:16:58 ::1 POST /Service1.svc - 49474 - ::1 - - 200 0 0 83
2018-06-26 05:16:58 ::1 POST /Service1.svc - 49474 - ::1 - - 200 0 0 98
2018-06-26 05:16:58 ::1 POST /Service1.svc - 49474 - ::1 - - 200 0 0 28
2018-06-26 05:16:58 ::1 POST /Service1.svc - 49474 - ::1 - - 200 0 0 71
2018-06-26 05:16:58 ::1 POST /Service1.svc - 49474 - ::1 - - 200 0 0 220
2018-06-26 05:16:58 ::1 POST /Service1.svc - 49474 - ::1 - - 200 0 0 36
2018-06-26 05:17:00 ::1 POST /Service1.svc - 49474 - ::1 - - 200 0 0 1036
2018-06-26 05:17:00 ::1 POST /Service1.svc - 49474 - ::1 - - 200 0 0 48
2018-06-26 05:17:00 ::1 POST /Service1.svc - 49474 - ::1 - - 200 0 0 49
2018-06-26 05:17:00 ::1 POST /Service1.svc - 49474 - ::1 - - 200 0 0 294
2018-06-26 05:17:00 ::1 POST /Service1.svc - 49474 - ::1 - - 200 0 0 188
2018-06-26 05:17:00 ::1 POST /Service1.svc - 49474 - ::1 - - 200 0 0 56
2018-06-26 05:17:01 ::1 POST /Service1.svc - 49474 - ::1 - - 200 0 0 278
2018-06-26 05:17:01 ::1 POST /Service1.svc - 49474 - ::1 - - 200 0 0 734
2018-06-26 05:17:01 ::1 POST /Service1.svc - 49474 - ::1 - - 200 0 0 85
2018-06-26 05:17:01 ::1 POST /Service1.svc - 49474 - ::1 - - 200 0 0 49
2018-06-26 05:17:02 ::1 POST /Service1.svc - 49474 - ::1 - - 200 0 0 205
2018-06-26 05:17:02 ::1 POST /Service1.svc - 49474 - ::1 - - 200 0 0 82
2018-06-26 05:17:02 ::1 POST /Service1.svc - 49474 - ::1 - - 200 0 0 73
2018-06-26 05:17:02 ::1 POST /Service1.svc - 49474 - ::1 - - 200 0 0 23
2018-06-26 05:17:02 ::1 POST /Service1.svc - 49474 - ::1 - - 200 0 0 75
2018-06-26 05:17:02 ::1 POST /Service1.svc - 49474 - ::1 - - 200 0 0 98
2018-06-26 05:17:02 ::1 POST /Service1.svc - 49474 - ::1 - - 200 0 0 47
2018-06-26 05:17:02 ::1 POST /Service1.svc - 49474 - ::1 - - 200 0 0 18
2018-06-26 05:17:02 ::1 POST /Service1.svc - 49474 - ::1 - - 200 0 0 86
2018-06-26 05:17:02 ::1 POST /Service1.svc - 49474 - ::1 - - 200 0 0 87
2018-06-26 05:17:02 ::1 POST /Service1.svc - 49474 - ::1 - - 200 0 0 20
2018-06-26 05:17:02 ::1 POST /Service1.svc - 49474 - ::1 - - 200 0 0 13
2018-06-26 05:17:02 ::1 POST /Service1.svc - 49474 - ::1 - - 200 0 0 65
2018-06-26 05:17:05 ::1 POST /Service1.svc - 49474 - ::1 - - 200 0 0 1075
2018-06-26 05:17:09 ::1 POST /Service1.svc - 49474 - ::1 - - 200 0 0 30
2018-06-26 05:17:09 ::1 POST /Service1.svc - 49474 - ::1 - - 200 0 0 83
2018-06-26 05:17:09 ::1 POST /Service1.svc - 49474 - ::1 - - 200 0 0 86
2018-06-26 05:17:09 ::1 POST /Service1.svc - 49474 - ::1 - - 200 0 0 359
2018-06-26 05:17:09 ::1 POST /Service1.svc - 49474 - ::1 - - 200 0 0 52
2018-06-26 05:17:09 ::1 POST /Service1.svc - 49474 - ::1 - - 200 0 0 226
2018-06-26 05:17:10 ::1 POST /Service1.svc - 49474 - ::1 - - 200 0 0 298
2018-06-26 05:17:10 ::1 POST /Service1.svc - 49474 - ::1 - - 200 0 0 234
2018-06-26 05:17:10 ::1 POST /Service1.svc - 49474 - ::1 - - 200 0 0 136
2018-06-26 05:17:10 ::1 POST /Service1.svc - 49474 - ::1 - - 200 0 0 202
2018-06-26 05:17:14 ::1 POST /Service1.svc - 49474 - ::1 - - 200 0 0 18
2018-06-26 05:17:14 ::1 POST /Service1.svc - 49474 - ::1 - - 200 0 0 12
2018-06-26 05:17:14 ::1 POST /Service1.svc - 49474 - ::1 - - 200 0 0 52
2018-06-26 05:17:14 ::1 POST /Service1.svc - 49474 - ::1 - - 200 0 0 122
2018-06-26 05:17:14 ::1 POST /Service1.svc - 49474 - ::1 - - 200 0 0 21
2018-06-26 05:17:14 ::1 POST /Service1.svc - 49474 - ::1 - - 200 0 0 27
2018-06-26 05:17:14 ::1 POST /Service1.svc - 49474 - ::1 - - 200 0 0 15
2018-06-26 05:17:14 ::1 POST /Service1.svc - 49474 - ::1 - - 200 0 0 105
2018-06-26 05:17:14 ::1 POST /Service1.svc - 49474 - ::1 - - 200 0 0 80
2018-06-26 05:17:14 ::1 POST /Service1.svc - 49474 - ::1 - - 200 0 0 67
2018-06-26 05:17:14 ::1 POST /Service1.svc - 49474 - ::1 - - 200 0 0 71
2018-06-26 05:17:14 ::1 POST /Service1.svc - 49474 - ::1 - - 200 0 0 76
2018-06-26 05:17:14 ::1 POST /Service1.svc - 49474 - ::1 - - 200 0 0 55
2018-06-26 05:17:14 ::1 POST /Service1.svc - 49474 - ::1 - - 200 0 0 58
2018-06-26 05:17:14 ::1 POST /Service1.svc - 49474 - ::1 - - 200 0 0 20
2018-06-26 05:17:14 ::1 POST /Service1.svc - 49474 - ::1 - - 200 0 0 119
2018-06-26 05:17:14 ::1 POST /Service1.svc - 49474 - ::1 - - 200 0 0 56
2018-06-26 05:17:15 ::1 POST /Service1.svc - 49474 - ::1 - - 200 0 0 40
2018-06-26 05:17:15 ::1 POST /Service1.svc - 49474 - ::1 - - 200 0 0 96
2018-06-26 05:17:15 ::1 POST /Service1.svc - 49474 - ::1 - - 200 0 0 117
2018-06-26 05:17:27 ::1 POST /Service1.svc - 49474 - ::1 - - 200 0 0 52
2018-06-26 05:17:27 ::1 POST /Service1.svc - 49474 - ::1 - - 200 0 0 56
2018-06-26 05:17:27 ::1 POST /Service1.svc - 49474 - ::1 - - 200 0 0 35
2018-06-26 05:17:27 ::1 POST /Service1.svc - 49474 - ::1 - - 200 0 0 50
2018-06-26 05:17:27 ::1 POST /Service1.svc - 49474 - ::1 - - 200 0 0 31
2018-06-26 05:17:27 ::1 POST /Service1.svc - 49474 - ::1 - - 200 0 0 47
2018-06-26 05:17:27 ::1 POST /Service1.svc - 49474 - ::1 - - 200 0 0 24
2018-06-26 05:17:27 ::1 POST /Service1.svc - 49474 - ::1 - - 200 0 0 22
2018-06-26 05:17:27 ::1 POST /Service1.svc - 49474 - ::1 - - 200 0 0 44
2018-06-26 05:17:27 ::1 POST /Service1.svc - 49474 - ::1 - - 200 0 0 223
2018-06-26 05:17:29 ::1 POST /Service1.svc - 49474 - ::1 - - 200 0 0 21
2018-06-26 05:17:29 ::1 POST /Service1.svc - 49474 - ::1 - - 200 0 0 28
2018-06-26 05:17:29 ::1 POST /Service1.svc - 49474 - ::1 - - 200 0 0 56
2018-06-26 05:17:29 ::1 POST /Service1.svc - 49474 - ::1 - - 200 0 0 134
2018-06-26 05:17:29 ::1 POST /Service1.svc - 49474 - ::1 - - 200 0 0 21
2018-06-26 05:17:29 ::1 POST /Service1.svc - 49474 - ::1 - - 200 0 0 43
2018-06-26 05:17:29 ::1 POST /Service1.svc - 49474 - ::1 - - 200 0 0 187
2018-06-26 05:17:29 ::1 POST /Service1.svc - 49474 - ::1 - - 200 0 0 38
2018-06-26 05:17:29 ::1 POST /Service1.svc - 49474 - ::1 - - 200 0 0 40
#Software: Microsoft Internet Information Services 10.0
#Version: 1.0
#Date: 2018-06-26 07:39:03
#Fields: date time s-ip cs-method cs-uri-stem cs-uri-query s-port cs-username c-ip cs(User-Agent) cs(Referer) sc-status sc-substatus sc-win32-status time-taken
2018-06-26 07:39:03 ::1 POST /Service1.svc - 49474 - ::1 - - 200 0 0 3170
2018-06-26 07:39:04 ::1 POST /Service1.svc - 49474 - ::1 - - 200 0 0 159
2018-06-26 07:39:04 ::1 POST /Service1.svc - 49474 - ::1 - - 200 0 0 69
2018-06-26 07:39:04 ::1 POST /Service1.svc - 49474 - ::1 - - 200 0 0 172
2018-06-26 07:39:05 ::1 POST /Service1.svc - 49474 - ::1 - - 200 0 0 140
2018-06-26 07:39:05 ::1 POST /Service1.svc - 49474 - ::1 - - 200 0 0 110
2018-06-26 07:39:05 ::1 POST /Service1.svc - 49474 - ::1 - - 200 0 0 234
2018-06-26 07:39:05 ::1 POST /Service1.svc - 49474 - ::1 - - 200 0 0 158
2018-06-26 07:39:05 ::1 POST /Service1.svc - 49474 - ::1 - - 200 0 0 77
2018-06-26 07:39:12 ::1 POST /Service1.svc - 49474 - ::1 - - 200 0 0 16
2018-06-26 07:39:12 ::1 POST /Service1.svc - 49474 - ::1 - - 200 0 0 58
2018-06-26 07:39:12 ::1 POST /Service1.svc - 49474 - ::1 - - 200 0 0 42
2018-06-26 07:39:12 ::1 POST /Service1.svc - 49474 - ::1 - - 200 0 0 241
2018-06-26 07:39:12 ::1 POST /Service1.svc - 49474 - ::1 - - 200 0 0 61
2018-06-26 07:39:12 ::1 POST /Service1.svc - 49474 - ::1 - - 200 0 0 48
2018-06-26 07:39:12 ::1 POST /Service1.svc - 49474 - ::1 - - 200 0 0 75
2018-06-26 07:39:12 ::1 POST /Service1.svc - 49474 - ::1 - - 200 0 0 27
2018-06-26 07:39:12 ::1 POST /Service1.svc - 49474 - ::1 - - 200 0 0 59
2018-06-26 07:39:14 ::1 POST /Service1.svc - 49474 - ::1 - - 200 0 0 228
2018-06-26 07:39:16 ::1 POST /Service1.svc - 49474 - ::1 - - 200 0 0 131
2018-06-26 07:39:16 ::1 POST /Service1.svc - 49474 - ::1 - - 200 0 0 21
2018-06-26 07:39:16 ::1 POST /Service1.svc - 49474 - ::1 - - 200 0 0 21
2018-06-26 07:39:16 ::1 POST /Service1.svc - 49474 - ::1 - - 200 0 0 26
2018-06-26 07:39:16 ::1 POST /Service1.svc - 49474 - ::1 - - 200 0 0 100
2018-06-26 07:39:16 ::1 POST /Service1.svc - 49474 - ::1 - - 200 0 0 122
2018-06-26 07:39:16 ::1 POST /Service1.svc - 49474 - ::1 - - 200 0 0 20
2018-06-26 07:39:16 ::1 POST /Service1.svc - 49474 - ::1 - - 200 0 0 19
2018-06-26 07:39:16 ::1 POST /Service1.svc - 49474 - ::1 - - 200 0 0 106
2018-06-26 07:39:16 ::1 POST /Service1.svc - 49474 - ::1 - - 200 0 0 139
2018-06-26 07:39:16 ::1 POST /Service1.svc - 49474 - ::1 - - 200 0 0 200
2018-06-26 07:39:16 ::1 POST /Service1.svc - 49474 - ::1 - - 200 0 0 88
2018-06-26 07:39:17 ::1 POST /Service1.svc - 49474 - ::1 - - 200 0 0 263
2018-06-26 07:39:17 ::1 POST /Service1.svc - 49474 - ::1 - - 200 0 0 229
2018-06-26 07:39:17 ::1 POST /Service1.svc - 49474 - ::1 - - 200 0 0 56
2018-06-26 07:39:17 ::1 POST /Service1.svc - 49474 - ::1 - - 200 0 0 191
2018-06-26 07:39:17 ::1 POST /Service1.svc - 49474 - ::1 - - 200 0 0 21
2018-06-26 07:39:17 ::1 POST /Service1.svc - 49474 - ::1 - - 200 0 0 50
2018-06-26 07:40:02 ::1 POST /Service1.svc - 49474 - ::1 - - 200 0 0 369
2018-06-26 07:40:02 ::1 POST /Service1.svc - 49474 - ::1 - - 200 0 0 117
2018-06-26 07:40:02 ::1 POST /Service1.svc - 49474 - ::1 - - 200 0 0 51
2018-06-26 07:40:03 ::1 POST /Service1.svc - 49474 - ::1 - - 200 0 0 873
2018-06-26 07:40:04 ::1 POST /Service1.svc - 49474 - ::1 - - 200 0 0 1206
2018-06-26 07:40:06 ::1 POST /Service1.svc - 49474 - ::1 - - 200 0 0 1055
2018-06-26 07:40:06 ::1 POST /Service1.svc - 49474 - ::1 - - 200 0 0 787
2018-06-26 07:40:07 ::1 POST /Service1.svc - 49474 - ::1 - - 200 0 0 603
2018-06-26 07:40:07 ::1 POST /Service1.svc - 49474 - ::1 - - 200 0 0 434
2018-06-26 07:40:11 ::1 POST /Service1.svc - 49474 - ::1 - - 200 0 0 399
2018-06-26 07:40:11 ::1 POST /Service1.svc - 49474 - ::1 - - 200 0 0 669
2018-06-26 07:40:12 ::1 POST /Service1.svc - 49474 - ::1 - - 200 0 0 484
2018-06-26 07:40:12 ::1 POST /Service1.svc - 49474 - ::1 - - 200 0 0 432
2018-06-26 07:40:14 ::1 POST /Service1.svc - 49474 - ::1 - - 200 0 0 780
2018-06-26 07:40:14 ::1 POST /Service1.svc - 49474 - ::1 - - 200 0 0 711
2018-06-26 07:40:15 ::1 POST /Service1.svc - 49474 - ::1 - - 200 0 0 553
2018-06-26 07:40:15 ::1 POST /Service1.svc - 49474 - ::1 - - 200 0 0 562
2018-06-26 07:40:17 ::1 POST /Service1.svc - 49474 - ::1 - - 200 0 0 1403
2018-06-26 07:40:18 ::1 POST /Service1.svc - 49474 - ::1 - - 200 0 0 677
2018-06-26 07:40:20 ::1 POST /Service1.svc - 49474 - ::1 - - 200 0 0 213
2018-06-26 07:40:20 ::1 POST /Service1.svc - 49474 - ::1 - - 200 0 0 125
2018-06-26 07:40:20 ::1 POST /Service1.svc - 49474 - ::1 - - 200 0 0 493
2018-06-26 07:40:20 ::1 POST /Service1.svc - 49474 - ::1 - - 200 0 0 217
2018-06-26 07:40:22 ::1 POST /Service1.svc - 49474 - ::1 - - 200 0 0 1024
2018-06-26 07:40:22 ::1 POST /Service1.svc - 49474 - ::1 - - 200 0 0 332
2018-06-26 07:40:23 ::1 POST /Service1.svc - 49474 - ::1 - - 200 0 0 731
2018-06-26 07:40:23 ::1 POST /Service1.svc - 49474 - ::1 - - 200 0 0 354
2018-06-26 07:40:24 ::1 POST /Service1.svc - 49474 - ::1 - - 200 0 0 648
2018-06-26 07:40:24 ::1 POST /Service1.svc - 49474 - ::1 - - 200 0 0 576
2018-06-26 07:40:24 ::1 POST /Service1.svc - 49474 - ::1 - - 200 0 0 380
2018-06-26 07:40:25 ::1 POST /Service1.svc - 49474 - ::1 - - 200 0 0 49
2018-06-26 07:40:25 ::1 POST /Service1.svc - 49474 - ::1 - - 200 0 0 279
2018-06-26 07:40:27 ::1 POST /Service1.svc - 49474 - ::1 - - 200 0 0 1017
2018-06-26 07:40:27 ::1 POST /Service1.svc - 49474 - ::1 - - 200 0 0 161
2018-06-26 07:40:28 ::1 POST /Service1.svc - 49474 - ::1 - - 200 0 0 1116
2018-06-26 07:40:28 ::1 POST /Service1.svc - 49474 - ::1 - - 200 0 0 967
2018-06-26 07:40:30 ::1 POST /Service1.svc - 49474 - ::1 - - 200 0 0 1089
2018-06-26 07:41:54 ::1 POST /Service1.svc - 49474 - ::1 - - 200 0 0 75
2018-06-26 07:41:55 ::1 POST /Service1.svc - 49474 - ::1 - - 200 0 0 785
2018-06-26 07:41:55 ::1 POST /Service1.svc - 49474 - ::1 - - 200 0 0 559
2018-06-26 07:41:55 ::1 POST /Service1.svc - 49474 - ::1 - - 200 0 0 124
2018-06-26 07:41:56 ::1 POST /Service1.svc - 49474 - ::1 - - 200 0 0 552
2018-06-26 07:41:56 ::1 POST /Service1.svc - 49474 - ::1 - - 200 0 0 869
2018-06-26 07:41:56 ::1 POST /Service1.svc - 49474 - ::1 - - 200 0 0 112
2018-06-26 07:41:58 ::1 POST /Service1.svc - 49474 - ::1 - - 200 0 0 519
2018-06-26 07:41:58 ::1 POST /Service1.svc - 49474 - ::1 - - 200 0 0 203
2018-06-26 07:42:04 ::1 POST /Service1.svc - 49474 - ::1 - - 200 0 0 38
2018-06-26 07:42:04 ::1 POST /Service1.svc - 49474 - ::1 - - 200 0 0 295
2018-06-26 07:42:04 ::1 POST /Service1.svc - 49474 - ::1 - - 200 0 0 133
2018-06-26 07:42:04 ::1 POST /Service1.svc - 49474 - ::1 - - 200 0 0 39
2018-06-26 07:42:04 ::1 POST /Service1.svc - 49474 - ::1 - - 200 0 0 306
2018-06-26 07:42:06 ::1 POST /Service1.svc - 49474 - ::1 - - 200 0 0 542
2018-06-26 07:42:06 ::1 POST /Service1.svc - 49474 - ::1 - - 200 0 0 717
2018-06-26 07:42:06 ::1 POST /Service1.svc - 49474 - ::1 - - 200 0 0 133
2018-06-26 07:42:07 ::1 POST /Service1.svc - 49474 - ::1 - - 200 0 0 445
2018-06-26 07:42:09 ::1 POST /Service1.svc - 49474 - ::1 - - 200 0 0 1407
2018-06-26 07:42:11 ::1 POST /Service1.svc - 49474 - ::1 - - 200 0 0 57
2018-06-26 07:42:11 ::1 POST /Service1.svc - 49474 - ::1 - - 200 0 0 163
2018-06-26 07:42:11 ::1 POST /Service1.svc - 49474 - ::1 - - 200 0 0 671
2018-06-26 07:42:12 ::1 POST /Service1.svc - 49474 - ::1 - - 200 0 0 170
2018-06-26 07:42:12 ::1 POST /Service1.svc - 49474 - ::1 - - 200 0 0 41
2018-06-26 07:42:13 ::1 POST /Service1.svc - 49474 - ::1 - - 200 0 0 1078
2018-06-26 07:42:13 ::1 POST /Service1.svc - 49474 - ::1 - - 200 0 0 772
2018-06-26 07:42:14 ::1 POST /Service1.svc - 49474 - ::1 - - 200 0 0 630
2018-06-26 07:42:14 ::1 POST /Service1.svc - 49474 - ::1 - - 200 0 0 334
2018-06-26 07:42:14 ::1 POST /Service1.svc - 49474 - ::1 - - 200 0 0 348
2018-06-26 07:42:14 ::1 POST /Service1.svc - 49474 - ::1 - - 200 0 0 227
2018-06-26 07:42:16 ::1 POST /Service1.svc - 49474 - ::1 - - 200 0 0 676
2018-06-26 07:42:16 ::1 POST /Service1.svc - 49474 - ::1 - - 200 0 0 97
2018-06-26 07:42:18 ::1 POST /Service1.svc - 49474 - ::1 - - 200 0 0 1441
2018-06-26 07:42:18 ::1 POST /Service1.svc - 49474 - ::1 - - 200 0 0 966
2018-06-26 07:42:19 ::1 POST /Service1.svc - 49474 - ::1 - - 200 0 0 301
2018-06-26 07:42:19 ::1 POST /Service1.svc - 49474 - ::1 - - 200 0 0 559
2018-06-26 07:42:19 ::1 POST /Service1.svc - 49474 - ::1 - - 200 0 0 271
2018-06-26 07:44:31 ::1 POST /Service1.svc - 49474 - ::1 - - 200 0 0 79
2018-06-26 07:44:31 ::1 POST /Service1.svc - 49474 - ::1 - - 200 0 0 421
2018-06-26 07:44:31 ::1 POST /Service1.svc - 49474 - ::1 - - 200 0 0 390
2018-06-26 07:44:33 ::1 POST /Service1.svc - 49474 - ::1 - - 200 0 0 320
2018-06-26 07:44:33 ::1 POST /Service1.svc - 49474 - ::1 - - 200 0 0 74
2018-06-26 07:44:33 ::1 POST /Service1.svc - 49474 - ::1 - - 200 0 0 801
2018-06-26 07:44:34 ::1 POST /Service1.svc - 49474 - ::1 - - 200 0 0 565
2018-06-26 07:44:34 ::1 POST /Service1.svc - 49474 - ::1 - - 200 0 0 466
2018-06-26 07:44:34 ::1 POST /Service1.svc - 49474 - ::1 - - 200 0 0 253
2018-06-26 07:44:51 ::1 POST /Service1.svc - 49474 - ::1 - - 200 0 0 133
2018-06-26 07:44:51 ::1 POST /Service1.svc - 49474 - ::1 - - 200 0 0 50
2018-06-26 07:44:51 ::1 POST /Service1.svc - 49474 - ::1 - - 200 0 0 32
2018-06-26 07:44:51 ::1 POST /Service1.svc - 49474 - ::1 - - 200 0 0 130
2018-06-26 07:44:51 ::1 POST /Service1.svc - 49474 - ::1 - - 200 0 0 93
2018-06-26 07:44:51 ::1 POST /Service1.svc - 49474 - ::1 - - 200 0 0 67
2018-06-26 07:44:51 ::1 POST /Service1.svc - 49474 - ::1 - - 200 0 0 125
2018-06-26 07:44:51 ::1 POST /Service1.svc - 49474 - ::1 - - 200 0 0 47
2018-06-26 07:44:51 ::1 POST /Service1.svc - 49474 - ::1 - - 200 0 0 50
2018-06-26 07:44:53 ::1 POST /Service1.svc - 49474 - ::1 - - 200 0 0 429
2018-06-26 07:44:54 ::1 POST /Service1.svc - 49474 - ::1 - - 200 0 0 15
2018-06-26 07:44:54 ::1 POST /Service1.svc - 49474 - ::1 - - 200 0 0 25
2018-06-26 07:44:54 ::1 POST /Service1.svc - 49474 - ::1 - - 200 0 0 22
2018-06-26 07:44:54 ::1 POST /Service1.svc - 49474 - ::1 - - 200 0 0 142
2018-06-26 07:44:54 ::1 POST /Service1.svc - 49474 - ::1 - - 200 0 0 23
2018-06-26 07:44:54 ::1 POST /Service1.svc - 49474 - ::1 - - 200 0 0 22
2018-06-26 07:44:54 ::1 POST /Service1.svc - 49474 - ::1 - - 200 0 0 117
2018-06-26 07:44:54 ::1 POST /Service1.svc - 49474 - ::1 - - 200 0 0 40
2018-06-26 07:44:54 ::1 POST /Service1.svc - 49474 - ::1 - - 200 0 0 39
2018-06-26 07:44:54 ::1 POST /Service1.svc - 49474 - ::1 - - 200 0 0 37
2018-06-26 07:44:54 ::1 POST /Service1.svc - 49474 - ::1 - - 200 0 0 197
2018-06-26 07:44:54 ::1 POST /Service1.svc - 49474 - ::1 - - 200 0 0 21
2018-06-26 07:44:54 ::1 POST /Service1.svc - 49474 - ::1 - - 200 0 0 22
2018-06-26 07:44:54 ::1 POST /Service1.svc - 49474 - ::1 - - 200 0 0 19
2018-06-26 07:44:54 ::1 POST /Service1.svc - 49474 - ::1 - - 200 0 0 190
2018-06-26 07:44:54 ::1 POST /Service1.svc - 49474 - ::1 - - 200 0 0 21
2018-06-26 07:44:54 ::1 POST /Service1.svc - 49474 - ::1 - - 200 0 0 19
2018-06-26 07:44:54 ::1 POST /Service1.svc - 49474 - ::1 - - 200 0 0 17
2018-06-26 07:44:55 ::1 POST /Service1.svc - 49474 - ::1 - - 200 0 0 116
2018-06-26 07:44:55 ::1 POST /Service1.svc - 49474 - ::1 - - 200 0 0 47
2018-06-26 07:45:06 ::1 POST /Service1.svc - 49474 - ::1 - - 200 0 0 25
2018-06-26 07:45:06 ::1 POST /Service1.svc - 49474 - ::1 - - 200 0 0 86
2018-06-26 07:45:06 ::1 POST /Service1.svc - 49474 - ::1 - - 200 0 0 90
2018-06-26 07:45:06 ::1 POST /Service1.svc - 49474 - ::1 - - 200 0 0 48
2018-06-26 07:45:06 ::1 POST /Service1.svc - 49474 - ::1 - - 200 0 0 66
2018-06-26 07:45:06 ::1 POST /Service1.svc - 49474 - ::1 - - 200 0 0 36
2018-06-26 07:45:06 ::1 POST /Service1.svc - 49474 - ::1 - - 200 0 0 71
2018-06-26 07:45:06 ::1 POST /Service1.svc - 49474 - ::1 - - 200 0 0 126
2018-06-26 07:45:06 ::1 POST /Service1.svc - 49474 - ::1 - - 200 0 0 130
2018-06-26 07:45:34 ::1 POST /Service1.svc - 49474 - ::1 - - 200 0 0 66
2018-06-26 07:45:34 ::1 POST /Service1.svc - 49474 - ::1 - - 200 0 0 76
2018-06-26 07:45:34 ::1 POST /Service1.svc - 49474 - ::1 - - 200 0 0 52
2018-06-26 07:45:34 ::1 POST /Service1.svc - 49474 - ::1 - - 200 0 0 90
2018-06-26 07:45:34 ::1 POST /Service1.svc - 49474 - ::1 - - 200 0 0 105
2018-06-26 07:45:34 ::1 POST /Service1.svc - 49474 - ::1 - - 200 0 0 81
2018-06-26 07:45:34 ::1 POST /Service1.svc - 49474 - ::1 - - 200 0 0 40
2018-06-26 07:45:34 ::1 POST /Service1.svc - 49474 - ::1 - - 200 0 0 139
2018-06-26 07:45:34 ::1 POST /Service1.svc - 49474 - ::1 - - 200 0 0 20
2018-06-26 07:45:36 ::1 POST /Service1.svc - 49474 - ::1 - - 200 0 0 29
2018-06-26 07:45:36 ::1 POST /Service1.svc - 49474 - ::1 - - 200 0 0 19
2018-06-26 07:45:36 ::1 POST /Service1.svc - 49474 - ::1 - - 200 0 0 40
2018-06-26 07:45:36 ::1 POST /Service1.svc - 49474 - ::1 - - 200 0 0 46
2018-06-26 07:45:36 ::1 POST /Service1.svc - 49474 - ::1 - - 200 0 0 35
2018-06-26 07:45:36 ::1 POST /Service1.svc - 49474 - ::1 - - 200 0 0 129
2018-06-26 07:45:36 ::1 POST /Service1.svc - 49474 - ::1 - - 200 0 0 17
2018-06-26 07:45:36 ::1 POST /Service1.svc - 49474 - ::1 - - 200 0 0 38
2018-06-26 07:45:36 ::1 POST /Service1.svc - 49474 - ::1 - - 200 0 0 143
2018-06-26 07:45:36 ::1 POST /Service1.svc - 49474 - ::1 - - 200 0 0 81
2018-06-26 07:45:38 ::1 POST /Service1.svc - 49474 - ::1 - - 200 0 0 78
2018-06-26 07:45:38 ::1 POST /Service1.svc - 49474 - ::1 - - 200 0 0 88
2018-06-26 07:45:38 ::1 POST /Service1.svc - 49474 - ::1 - - 200 0 0 20
2018-06-26 07:45:38 ::1 POST /Service1.svc - 49474 - ::1 - - 200 0 0 28
2018-06-26 07:45:38 ::1 POST /Service1.svc - 49474 - ::1 - - 200 0 0 93
2018-06-26 07:45:38 ::1 POST /Service1.svc - 49474 - ::1 - - 200 0 0 93
2018-06-26 07:45:38 ::1 POST /Service1.svc - 49474 - ::1 - - 200 0 0 49
2018-06-26 07:45:38 ::1 POST /Service1.svc - 49474 - ::1 - - 200 0 0 66
2018-06-26 07:45:38 ::1 POST /Service1.svc - 49474 - ::1 - - 200 0 0 35
2018-06-26 07:45:38 ::1 POST /Service1.svc - 49474 - ::1 - - 200 0 0 98
2018-06-26 07:45:38 ::1 POST /Service1.svc - 49474 - ::1 - - 200 0 0 82
2018-06-26 07:45:39 ::1 POST /Service1.svc - 49474 - ::1 - - 200 0 0 109
2018-06-26 07:45:39 ::1 POST /Service1.svc - 49474 - ::1 - - 200 0 0 459
2018-06-26 07:45:39 ::1 POST /Service1.svc - 49474 - ::1 - - 200 0 0 175
2018-06-26 07:45:39 ::1 POST /Service1.svc - 49474 - ::1 - - 200 0 0 134
2018-06-26 07:45:39 ::1 POST /Service1.svc - 49474 - ::1 - - 200 0 0 87
2018-06-26 07:45:39 ::1 POST /Service1.svc - 49474 - ::1 - - 200 0 0 69
2018-06-26 07:45:40 ::1 POST /Service1.svc - 49474 - ::1 - - 200 0 0 138
2018-06-26 07:45:40 ::1 POST /Service1.svc - 49474 - ::1 - - 200 0 0 35
2018-06-26 07:45:40 ::1 POST /Service1.svc - 49474 - ::1 - - 200 0 0 35
2018-06-26 07:45:40 ::1 POST /Service1.svc - 49474 - ::1 - - 200 0 0 65
2018-06-26 07:45:40 ::1 POST /Service1.svc - 49474 - ::1 - - 200 0 0 107
2018-06-26 07:45:40 ::1 POST /Service1.svc - 49474 - ::1 - - 200 0 0 94
2018-06-26 07:45:40 ::1 POST /Service1.svc - 49474 - ::1 - - 200 0 0 87
2018-06-26 07:45:40 ::1 POST /Service1.svc - 49474 - ::1 - - 200 0 0 22
2018-06-26 07:45:40 ::1 POST /Service1.svc - 49474 - ::1 - - 200 0 0 17
2018-06-26 07:45:40 ::1 POST /Service1.svc - 49474 - ::1 - - 200 0 0 71
2018-06-26 07:45:40 ::1 POST /Service1.svc - 49474 - ::1 - - 200 0 0 36
2018-06-26 07:45:40 ::1 POST /Service1.svc - 49474 - ::1 - - 200 0 0 107
2018-06-26 07:45:40 ::1 POST /Service1.svc - 49474 - ::1 - - 200 0 0 68
2018-06-26 07:45:40 ::1 POST /Service1.svc - 49474 - ::1 - - 200 0 0 37
2018-06-26 07:45:40 ::1 POST /Service1.svc - 49474 - ::1 - - 200 0 0 36
2018-06-26 07:45:40 ::1 POST /Service1.svc - 49474 - ::1 - - 200 0 0 36
2018-06-26 07:45:40 ::1 POST /Service1.svc - 49474 - ::1 - - 200 0 0 91
2018-06-26 07:45:43 ::1 POST /Service1.svc - 49474 - ::1 - - 200 0 0 106
2018-06-26 07:45:43 ::1 POST /Service1.svc - 49474 - ::1 - - 200 0 0 662
2018-06-26 07:45:49 ::1 POST /Service1.svc - 49474 - ::1 - - 200 0 0 43
2018-06-26 07:45:49 ::1 POST /Service1.svc - 49474 - ::1 - - 200 0 0 88
2018-06-26 07:45:49 ::1 POST /Service1.svc - 49474 - ::1 - - 200 0 0 73
2018-06-26 07:45:49 ::1 POST /Service1.svc - 49474 - ::1 - - 200 0 0 83
2018-06-26 07:45:49 ::1 POST /Service1.svc - 49474 - ::1 - - 200 0 0 71
2018-06-26 07:45:49 ::1 POST /Service1.svc - 49474 - ::1 - - 200 0 0 37
2018-06-26 07:45:49 ::1 POST /Service1.svc - 49474 - ::1 - - 200 0 0 142
2018-06-26 07:45:49 ::1 POST /Service1.svc - 49474 - ::1 - - 200 0 0 37
2018-06-26 07:45:49 ::1 POST /Service1.svc - 49474 - ::1 - - 200 0 0 126
2018-06-26 07:45:49 ::1 POST /Service1.svc - 49474 - ::1 - - 200 0 0 83
2018-06-26 07:45:53 ::1 POST /Service1.svc - 49474 - ::1 - - 200 0 0 20
2018-06-26 07:45:53 ::1 POST /Service1.svc - 49474 - ::1 - - 200 0 0 52
2018-06-26 07:45:53 ::1 POST /Service1.svc - 49474 - ::1 - - 200 0 0 20
2018-06-26 07:45:53 ::1 POST /Service1.svc - 49474 - ::1 - - 200 0 0 31
2018-06-26 07:45:53 ::1 POST /Service1.svc - 49474 - ::1 - - 200 0 0 15
2018-06-26 07:45:53 ::1 POST /Service1.svc - 49474 - ::1 - - 200 0 0 21
2018-06-26 07:45:53 ::1 POST /Service1.svc - 49474 - ::1 - - 200 0 0 83
2018-06-26 07:45:53 ::1 POST /Service1.svc - 49474 - ::1 - - 200 0 0 100
2018-06-26 07:45:53 ::1 POST /Service1.svc - 49474 - ::1 - - 200 0 0 196
2018-06-26 07:45:54 ::1 POST /Service1.svc - 49474 - ::1 - - 200 0 0 57
2018-06-26 07:45:54 ::1 POST /Service1.svc - 49474 - ::1 - - 200 0 0 34
2018-06-26 07:45:54 ::1 POST /Service1.svc - 49474 - ::1 - - 200 0 0 25
2018-06-26 07:45:54 ::1 POST /Service1.svc - 49474 - ::1 - - 200 0 0 63
2018-06-26 07:45:54 ::1 POST /Service1.svc - 49474 - ::1 - - 200 0 0 87
2018-06-26 07:45:54 ::1 POST /Service1.svc - 49474 - ::1 - - 200 0 0 37
2018-06-26 07:45:54 ::1 POST /Service1.svc - 49474 - ::1 - - 200 0 0 51
2018-06-26 07:45:54 ::1 POST /Service1.svc - 49474 - ::1 - - 200 0 0 64
2018-06-26 07:45:54 ::1 POST /Service1.svc - 49474 - ::1 - - 200 0 0 186
2018-06-26 07:45:56 ::1 POST /Service1.svc - 49474 - ::1 - - 200 0 0 379
2018-06-26 07:45:57 ::1 POST /Service1.svc - 49474 - ::1 - - 200 0 0 23
2018-06-26 07:45:57 ::1 POST /Service1.svc - 49474 - ::1 - - 200 0 0 69
2018-06-26 07:45:57 ::1 POST /Service1.svc - 49474 - ::1 - - 200 0 0 147
2018-06-26 07:45:57 ::1 POST /Service1.svc - 49474 - ::1 - - 200 0 0 90
2018-06-26 07:45:57 ::1 POST /Service1.svc - 49474 - ::1 - - 200 0 0 75
2018-06-26 07:45:57 ::1 POST /Service1.svc - 49474 - ::1 - - 200 0 0 50
2018-06-26 07:45:57 ::1 POST /Service1.svc - 49474 - ::1 - - 200 0 0 60
2018-06-26 07:45:57 ::1 POST /Service1.svc - 49474 - ::1 - - 200 0 0 71
2018-06-26 07:45:57 ::1 POST /Service1.svc - 49474 - ::1 - - 200 0 0 37
2018-06-26 07:45:57 ::1 POST /Service1.svc - 49474 - ::1 - - 200 0 0 106
2018-06-26 07:45:57 ::1 POST /Service1.svc - 49474 - ::1 - - 200 0 0 48
2018-06-26 07:45:58 ::1 POST /Service1.svc - 49474 - ::1 - - 200 0 0 50
2018-06-26 07:45:58 ::1 POST /Service1.svc - 49474 - ::1 - - 200 0 0 19
2018-06-26 07:45:58 ::1 POST /Service1.svc - 49474 - ::1 - - 200 0 0 172
2018-06-26 07:45:58 ::1 POST /Service1.svc - 49474 - ::1 - - 200 0 0 20
2018-06-26 07:45:58 ::1 POST /Service1.svc - 49474 - ::1 - - 200 0 0 21
2018-06-26 07:45:58 ::1 POST /Service1.svc - 49474 - ::1 - - 200 0 0 20
2018-06-26 07:45:58 ::1 POST /Service1.svc - 49474 - ::1 - - 200 0 0 17
2018-06-26 07:45:58 ::1 POST /Service1.svc - 49474 - ::1 - - 200 0 0 16
2018-06-26 07:45:58 ::1 POST /Service1.svc - 49474 - ::1 - - 200 0 0 202
2018-06-26 07:45:58 ::1 POST /Service1.svc - 49474 - ::1 - - 200 0 0 33
2018-06-26 07:45:58 ::1 POST /Service1.svc - 49474 - ::1 - - 200 0 0 19
2018-06-26 07:45:58 ::1 POST /Service1.svc - 49474 - ::1 - - 200 0 0 83
2018-06-26 07:45:58 ::1 POST /Service1.svc - 49474 - ::1 - - 200 0 0 167
2018-06-26 07:45:58 ::1 POST /Service1.svc - 49474 - ::1 - - 200 0 0 62
2018-06-26 07:45:58 ::1 POST /Service1.svc - 49474 - ::1 - - 200 0 0 54
2018-06-26 07:45:58 ::1 POST /Service1.svc - 49474 - ::1 - - 200 0 0 55
2018-06-26 07:45:59 ::1 POST /Service1.svc - 49474 - ::1 - - 200 0 0 55
2018-06-26 07:45:59 ::1 POST /Service1.svc - 49474 - ::1 - - 200 0 0 17
2018-06-26 07:45:59 ::1 POST /Service1.svc - 49474 - ::1 - - 200 0 0 169
2018-06-26 07:45:59 ::1 POST /Service1.svc - 49474 - ::1 - - 200 0 0 58
2018-06-26 07:45:59 ::1 POST /Service1.svc - 49474 - ::1 - - 200 0 0 21
2018-06-26 07:46:00 ::1 POST /Service1.svc - 49474 - ::1 - - 200 0 0 201
2018-06-26 07:46:02 ::1 POST /Service1.svc - 49474 - ::1 - - 200 0 0 19
2018-06-26 07:46:02 ::1 POST /Service1.svc - 49474 - ::1 - - 200 0 0 17
2018-06-26 07:46:02 ::1 POST /Service1.svc - 49474 - ::1 - - 200 0 0 46
2018-06-26 07:46:02 ::1 POST /Service1.svc - 49474 - ::1 - - 200 0 0 88
2018-06-26 07:46:02 ::1 POST /Service1.svc - 49474 - ::1 - - 200 0 0 22
2018-06-26 07:46:02 ::1 POST /Service1.svc - 49474 - ::1 - - 200 0 0 213
2018-06-26 07:46:02 ::1 POST /Service1.svc - 49474 - ::1 - - 200 0 0 45
2018-06-26 07:46:02 ::1 POST /Service1.svc - 49474 - ::1 - - 200 0 0 61
2018-06-26 07:46:02 ::1 POST /Service1.svc - 49474 - ::1 - - 200 0 0 141
