#Software: Microsoft Internet Information Services 10.0
#Version: 1.0
#Date: 2018-07-06 09:04:59
#Fields: date time s-ip cs-method cs-uri-stem cs-uri-query s-port cs-username c-ip cs(User-Agent) cs(Referer) sc-status sc-substatus sc-win32-status time-taken
2018-07-06 09:04:59 ::1 POST /Service1.svc - 49474 - ::1 - - 415 0 0 22140
2018-07-06 09:04:59 ::1 POST /Service1.svc/mex - 49474 - ::1 - - 415 0 0 16
2018-07-06 09:05:05 ::1 GET /Service1.svc - 49474 - ::1 Mozilla/4.0+(compatible;+MSIE+6.0;+MS+Web+Services+Client+Protocol+4.0.30319.42000) - 200 0 0 5943
2018-07-06 09:05:05 ::1 GET /Service1.svc disco 49474 - ::1 Mozilla/4.0+(compatible;+MSIE+6.0;+MS+Web+Services+Client+Protocol+4.0.30319.42000) - 200 0 0 84
2018-07-06 09:05:05 ::1 GET /Service1.svc wsdl 49474 - ::1 Mozilla/4.0+(compatible;+MSIE+6.0;+MS+Web+Services+Client+Protocol+4.0.30319.42000) - 200 0 0 340
2018-07-06 09:05:07 ::1 GET /Service1.svc xsd=xsd0 49474 - ::1 Mozilla/4.0+(compatible;+MSIE+6.0;+MS+Web+Services+Client+Protocol+4.0.30319.42000) - 200 0 0 1335
2018-07-06 09:05:07 ::1 GET /Service1.svc xsd=xsd2 49474 - ::1 Mozilla/4.0+(compatible;+MSIE+6.0;+MS+Web+Services+Client+Protocol+4.0.30319.42000) - 200 0 0 33
2018-07-06 09:05:07 ::1 GET /Service1.svc xsd=xsd3 49474 - ::1 Mozilla/4.0+(compatible;+MSIE+6.0;+MS+Web+Services+Client+Protocol+4.0.30319.42000) - 200 0 0 11
2018-07-06 09:05:07 ::1 GET /Service1.svc xsd=xsd1 49474 - ::1 Mozilla/4.0+(compatible;+MSIE+6.0;+MS+Web+Services+Client+Protocol+4.0.30319.42000) - 200 0 0 19
2018-07-06 09:08:15 ::1 GET /Service1.svc - 49474 - ::1 Mozilla/4.0+(compatible;+MSIE+6.0;+MS+Web+Services+Client+Protocol+4.0.30319.42000) - 200 0 0 53
2018-07-06 09:08:15 ::1 GET /Service1.svc disco 49474 - ::1 Mozilla/4.0+(compatible;+MSIE+6.0;+MS+Web+Services+Client+Protocol+4.0.30319.42000) - 200 0 0 75
2018-07-06 09:08:15 ::1 GET /Service1.svc wsdl 49474 - ::1 Mozilla/4.0+(compatible;+MSIE+6.0;+MS+Web+Services+Client+Protocol+4.0.30319.42000) - 200 0 0 262
2018-07-06 09:08:15 ::1 GET /Service1.svc/$metadata - 49474 - ::1 Mozilla/4.0+(compatible;+MSIE+6.0;+MS+Web+Services+Client+Protocol+4.0.30319.42000) - 400 0 0 714
2018-07-06 09:08:17 ::1 GET /Service1.svc xsd=xsd0 49474 - ::1 Mozilla/4.0+(compatible;+MSIE+6.0;+MS+Web+Services+Client+Protocol+4.0.30319.42000) - 200 0 0 32
2018-07-06 09:08:17 ::1 GET /Service1.svc xsd=xsd2 49474 - ::1 Mozilla/4.0+(compatible;+MSIE+6.0;+MS+Web+Services+Client+Protocol+4.0.30319.42000) - 200 0 0 11
2018-07-06 09:08:17 ::1 GET /Service1.svc xsd=xsd3 49474 - ::1 Mozilla/4.0+(compatible;+MSIE+6.0;+MS+Web+Services+Client+Protocol+4.0.30319.42000) - 200 0 0 11
2018-07-06 09:08:17 ::1 GET /Service1.svc xsd=xsd1 49474 - ::1 Mozilla/4.0+(compatible;+MSIE+6.0;+MS+Web+Services+Client+Protocol+4.0.30319.42000) - 200 0 0 26
2018-07-06 09:08:23 ::1 POST /Service1.svc/mex - 49474 - ::1 - - 415 0 0 146
2018-07-06 09:08:23 ::1 POST /Service1.svc - 49474 - ::1 - - 415 0 0 157
#Software: Microsoft Internet Information Services 10.0
#Version: 1.0
#Date: 2018-07-06 09:32:34
#Fields: date time s-ip cs-method cs-uri-stem cs-uri-query s-port cs-username c-ip cs(User-Agent) cs(Referer) sc-status sc-substatus sc-win32-status time-taken
2018-07-06 09:32:34 ::1 POST /Service1.svc - 49474 - ::1 - - 200 0 0 27382
2018-07-06 09:32:38 ::1 POST /Service1.svc - 49474 - ::1 - - 200 0 0 3371
2018-07-06 09:32:41 ::1 POST /Service1.svc - 49474 - ::1 - - 200 0 0 2162
2018-07-06 09:32:42 ::1 POST /Service1.svc - 49474 - ::1 - - 200 0 0 1375
2018-07-06 09:32:42 ::1 POST /Service1.svc - 49474 - ::1 - - 200 0 0 218
2018-07-06 09:32:42 ::1 POST /Service1.svc - 49474 - ::1 - - 200 0 0 168
2018-07-06 09:32:42 ::1 POST /Service1.svc - 49474 - ::1 - - 200 0 0 223
2018-07-06 09:32:42 ::1 POST /Service1.svc - 49474 - ::1 - - 200 0 0 142
2018-07-06 09:32:43 ::1 POST /Service1.svc - 49474 - ::1 - - 200 0 0 440
2018-07-06 09:32:43 ::1 POST /Service1.svc - 49474 - ::1 - - 200 0 0 155
2018-07-06 09:32:43 ::1 POST /Service1.svc - 49474 - ::1 - - 200 0 0 374
2018-07-06 09:32:45 ::1 POST /Service1.svc - 49474 - ::1 - - 200 0 0 1147
2018-07-06 09:32:45 ::1 POST /Service1.svc - 49474 - ::1 - - 200 0 0 380
2018-07-06 09:32:53 ::1 POST /Service1.svc - 49474 - ::1 - - 200 0 0 183
2018-07-06 09:32:53 ::1 POST /Service1.svc - 49474 - ::1 - - 200 0 0 23
2018-07-06 09:32:53 ::1 POST /Service1.svc - 49474 - ::1 - - 200 0 0 80
2018-07-06 09:32:53 ::1 POST /Service1.svc - 49474 - ::1 - - 200 0 0 466
2018-07-06 09:32:53 ::1 POST /Service1.svc - 49474 - ::1 - - 200 0 0 101
2018-07-06 09:32:53 ::1 POST /Service1.svc - 49474 - ::1 - - 200 0 0 31
2018-07-06 09:32:53 ::1 POST /Service1.svc - 49474 - ::1 - - 200 0 0 217
2018-07-06 09:32:54 ::1 POST /Service1.svc - 49474 - ::1 - - 200 0 0 79
2018-07-06 09:32:54 ::1 POST /Service1.svc - 49474 - ::1 - - 200 0 0 22
2018-07-06 09:32:54 ::1 POST /Service1.svc - 49474 - ::1 - - 200 0 0 35
2018-07-06 09:32:54 ::1 POST /Service1.svc - 49474 - ::1 - - 200 0 0 121
2018-07-06 09:32:54 ::1 POST /Service1.svc - 49474 - ::1 - - 200 0 0 17
2018-07-06 09:32:54 ::1 POST /Service1.svc - 49474 - ::1 - - 200 0 0 201
2018-07-06 09:32:58 ::1 POST /Service1.svc - 49474 - ::1 - - 200 0 0 1634
2018-07-06 09:33:00 ::1 POST /Service1.svc - 49474 - ::1 - - 200 0 0 30
2018-07-06 09:33:00 ::1 POST /Service1.svc - 49474 - ::1 - - 200 0 0 19
2018-07-06 09:33:00 ::1 POST /Service1.svc - 49474 - ::1 - - 200 0 0 38
2018-07-06 09:33:00 ::1 POST /Service1.svc - 49474 - ::1 - - 200 0 0 59
2018-07-06 09:33:00 ::1 POST /Service1.svc - 49474 - ::1 - - 200 0 0 17
2018-07-06 09:33:00 ::1 POST /Service1.svc - 49474 - ::1 - - 200 0 0 94
2018-07-06 09:33:00 ::1 POST /Service1.svc - 49474 - ::1 - - 200 0 0 25
2018-07-06 09:33:00 ::1 POST /Service1.svc - 49474 - ::1 - - 200 0 0 55
2018-07-06 09:33:00 ::1 POST /Service1.svc - 49474 - ::1 - - 200 0 0 26
2018-07-06 09:33:00 ::1 POST /Service1.svc - 49474 - ::1 - - 200 0 0 33
2018-07-06 09:33:00 ::1 POST /Service1.svc - 49474 - ::1 - - 200 0 0 271
2018-07-06 09:33:00 ::1 POST /Service1.svc - 49474 - ::1 - - 200 0 0 318
2018-07-06 09:33:02 ::1 POST /Service1.svc - 49474 - ::1 - - 200 0 0 153
2018-07-06 09:33:02 ::1 POST /Service1.svc - 49474 - ::1 - - 200 0 0 120
2018-07-06 09:33:02 ::1 POST /Service1.svc - 49474 - ::1 - - 200 0 0 38
2018-07-06 09:33:02 ::1 POST /Service1.svc - 49474 - ::1 - - 200 0 0 492
2018-07-06 09:33:02 ::1 POST /Service1.svc - 49474 - ::1 - - 200 0 0 27
2018-07-06 09:33:02 ::1 POST /Service1.svc - 49474 - ::1 - - 200 0 0 37
2018-07-06 09:33:02 ::1 POST /Service1.svc - 49474 - ::1 - - 200 0 0 15
2018-07-06 09:33:02 ::1 POST /Service1.svc - 49474 - ::1 - - 200 0 0 46
2018-07-06 09:33:02 ::1 POST /Service1.svc - 49474 - ::1 - - 200 0 0 176
2018-07-06 09:33:02 ::1 POST /Service1.svc - 49474 - ::1 - - 200 0 0 23
2018-07-06 09:33:03 ::1 POST /Service1.svc - 49474 - ::1 - - 200 0 0 60
2018-07-06 09:33:03 ::1 POST /Service1.svc - 49474 - ::1 - - 200 0 0 27
2018-07-06 09:33:03 ::1 POST /Service1.svc - 49474 - ::1 - - 200 0 0 48
2018-07-06 09:33:03 ::1 POST /Service1.svc - 49474 - ::1 - - 200 0 0 86
2018-07-06 09:33:04 ::1 POST /Service1.svc - 49474 - ::1 - - 200 0 0 583
2018-07-06 09:33:04 ::1 POST /Service1.svc - 49474 - ::1 - - 200 0 0 188
2018-07-06 09:34:28 ::1 POST /Service1.svc - 49474 - ::1 - - 200 0 0 1106
2018-07-06 09:34:40 ::1 POST /Service1.svc - 49474 - ::1 - - 200 0 0 11988
2018-07-06 09:34:50 ::1 POST /Service1.svc - 49474 - ::1 - - 200 0 0 277
2018-07-06 09:34:50 ::1 POST /Service1.svc - 49474 - ::1 - - 200 0 0 921
2018-07-06 09:34:56 ::1 POST /Service1.svc - 49474 - ::1 - - 200 0 0 123
2018-07-06 09:34:56 ::1 POST /Service1.svc - 49474 - ::1 - - 200 0 0 74
2018-07-06 09:34:56 ::1 POST /Service1.svc - 49474 - ::1 - - 200 0 0 115
2018-07-06 09:34:56 ::1 POST /Service1.svc - 49474 - ::1 - - 200 0 0 39
2018-07-06 09:34:56 ::1 POST /Service1.svc - 49474 - ::1 - - 200 0 0 93
2018-07-06 09:34:56 ::1 POST /Service1.svc - 49474 - ::1 - - 200 0 0 113
2018-07-06 09:34:56 ::1 POST /Service1.svc - 49474 - ::1 - - 200 0 0 237
2018-07-06 09:34:56 ::1 POST /Service1.svc - 49474 - ::1 - - 200 0 0 44
2018-07-06 09:34:56 ::1 POST /Service1.svc - 49474 - ::1 - - 200 0 0 93
2018-07-06 09:34:56 ::1 POST /Service1.svc - 49474 - ::1 - - 200 0 0 75
2018-07-06 09:34:58 ::1 POST /Service1.svc - 49474 - ::1 - - 200 0 0 488
2018-07-06 09:34:58 ::1 POST /Service1.svc - 49474 - ::1 - - 200 0 0 138
2018-07-06 09:34:58 ::1 POST /Service1.svc - 49474 - ::1 - - 200 0 0 221
2018-07-06 09:34:59 ::1 POST /Service1.svc - 49474 - ::1 - - 200 0 0 142
2018-07-06 09:35:55 ::1 POST /Service1.svc - 49474 - ::1 - - 200 0 0 101
2018-07-06 09:35:55 ::1 POST /Service1.svc - 49474 - ::1 - - 200 0 0 77
2018-07-06 09:35:55 ::1 POST /Service1.svc - 49474 - ::1 - - 200 0 0 190
2018-07-06 09:35:55 ::1 POST /Service1.svc - 49474 - ::1 - - 200 0 0 177
2018-07-06 09:35:55 ::1 POST /Service1.svc - 49474 - ::1 - - 200 0 0 40
2018-07-06 09:35:55 ::1 POST /Service1.svc - 49474 - ::1 - - 200 0 0 102
2018-07-06 09:35:55 ::1 POST /Service1.svc - 49474 - ::1 - - 200 0 0 90
2018-07-06 09:35:55 ::1 POST /Service1.svc - 49474 - ::1 - - 200 0 0 193
2018-07-06 09:35:56 ::1 POST /Service1.svc - 49474 - ::1 - - 200 0 0 333
2018-07-06 09:35:56 ::1 POST /Service1.svc - 49474 - ::1 - - 200 0 0 481
2018-07-06 09:35:56 ::1 POST /Service1.svc - 49474 - ::1 - - 200 0 0 299
2018-07-06 09:35:57 ::1 POST /Service1.svc - 49474 - ::1 - - 200 0 0 349
2018-07-06 09:35:57 ::1 POST /Service1.svc - 49474 - ::1 - - 200 0 0 686
2018-07-06 09:35:58 ::1 POST /Service1.svc - 49474 - ::1 - - 200 0 0 335
2018-07-06 09:35:58 ::1 POST /Service1.svc - 49474 - ::1 - - 200 0 0 809
2018-07-06 09:35:58 ::1 POST /Service1.svc - 49474 - ::1 - - 200 0 0 95
2018-07-06 09:35:59 ::1 POST /Service1.svc - 49474 - ::1 - - 200 0 0 276
2018-07-06 09:35:59 ::1 POST /Service1.svc - 49474 - ::1 - - 200 0 0 346
2018-07-06 09:35:59 ::1 POST /Service1.svc - 49474 - ::1 - - 200 0 0 294
2018-07-06 09:36:00 ::1 POST /Service1.svc - 49474 - ::1 - - 200 0 0 712
2018-07-06 09:36:00 ::1 POST /Service1.svc - 49474 - ::1 - - 200 0 0 70
2018-07-06 09:36:00 ::1 POST /Service1.svc - 49474 - ::1 - - 200 0 0 229
2018-07-06 09:36:00 ::1 POST /Service1.svc - 49474 - ::1 - - 200 0 0 68
2018-07-06 09:36:02 ::1 POST /Service1.svc - 49474 - ::1 - - 200 0 0 731
2018-07-06 09:36:02 ::1 POST /Service1.svc - 49474 - ::1 - - 200 0 0 404
2018-07-06 09:36:02 ::1 POST /Service1.svc - 49474 - ::1 - - 200 0 0 312
2018-07-06 09:36:04 ::1 POST /Service1.svc - 49474 - ::1 - - 200 0 0 829
2018-07-06 09:36:05 ::1 POST /Service1.svc - 49474 - ::1 - - 200 0 0 236
2018-07-06 09:36:05 ::1 POST /Service1.svc - 49474 - ::1 - - 200 0 0 228
2018-07-06 09:36:05 ::1 POST /Service1.svc - 49474 - ::1 - - 200 0 0 351
2018-07-06 09:36:05 ::1 POST /Service1.svc - 49474 - ::1 - - 200 0 0 315
2018-07-06 09:36:05 ::1 POST /Service1.svc - 49474 - ::1 - - 200 0 0 96
2018-07-06 09:36:06 ::1 POST /Service1.svc - 49474 - ::1 - - 200 0 0 185
2018-07-06 09:36:06 ::1 POST /Service1.svc - 49474 - ::1 - - 200 0 0 209
2018-07-06 09:36:06 ::1 POST /Service1.svc - 49474 - ::1 - - 200 0 0 126
2018-07-06 09:36:06 ::1 POST /Service1.svc - 49474 - ::1 - - 200 0 0 133
2018-07-06 09:36:06 ::1 POST /Service1.svc - 49474 - ::1 - - 200 0 0 135
2018-07-06 09:36:07 ::1 POST /Service1.svc - 49474 - ::1 - - 200 0 0 494
2018-07-06 09:36:07 ::1 POST /Service1.svc - 49474 - ::1 - - 200 0 0 174
2018-07-06 09:36:07 ::1 POST /Service1.svc - 49474 - ::1 - - 200 0 0 121
2018-07-06 09:36:07 ::1 POST /Service1.svc - 49474 - ::1 - - 200 0 0 212
2018-07-06 09:36:07 ::1 POST /Service1.svc - 49474 - ::1 - - 200 0 0 252
2018-07-06 09:36:09 ::1 POST /Service1.svc - 49474 - ::1 - - 200 0 0 669
2018-07-06 09:36:10 ::1 POST /Service1.svc - 49474 - ::1 - - 200 0 0 1111
2018-07-06 09:36:11 ::1 POST /Service1.svc - 49474 - ::1 - - 200 0 0 1222
2018-07-06 09:36:11 ::1 POST /Service1.svc - 49474 - ::1 - - 200 0 0 222
2018-07-06 09:36:11 ::1 POST /Service1.svc - 49474 - ::1 - - 200 0 0 27
2018-07-06 09:36:11 ::1 POST /Service1.svc - 49474 - ::1 - - 200 0 0 38
2018-07-06 09:36:11 ::1 POST /Service1.svc - 49474 - ::1 - - 200 0 0 581
2018-07-06 09:36:12 ::1 POST /Service1.svc - 49474 - ::1 - - 200 0 0 377
2018-07-06 09:36:12 ::1 POST /Service1.svc - 49474 - ::1 - - 200 0 0 308
2018-07-06 09:36:12 ::1 POST /Service1.svc - 49474 - ::1 - - 200 0 0 26
2018-07-06 09:36:12 ::1 POST /Service1.svc - 49474 - ::1 - - 200 0 0 378
2018-07-06 09:36:15 ::1 POST /Service1.svc - 49474 - ::1 - - 200 0 0 1223
2018-07-06 09:36:15 ::1 POST /Service1.svc - 49474 - ::1 - - 200 0 0 511
2018-07-06 09:39:41 ::1 POST /Service1.svc - 49474 - ::1 - - 200 0 0 348
2018-07-06 09:39:58 ::1 POST /Service1.svc - 49474 - ::1 - - 200 0 0 295
2018-07-06 09:41:45 ::1 POST /Service1.svc - 49474 - ::1 - - 200 0 0 60
2018-07-06 09:41:45 ::1 POST /Service1.svc - 49474 - ::1 - - 200 0 0 61
2018-07-06 09:41:45 ::1 POST /Service1.svc - 49474 - ::1 - - 200 0 0 56
2018-07-06 09:41:45 ::1 POST /Service1.svc - 49474 - ::1 - - 200 0 0 50
2018-07-06 09:41:45 ::1 POST /Service1.svc - 49474 - ::1 - - 200 0 0 244
2018-07-06 09:41:45 ::1 POST /Service1.svc - 49474 - ::1 - - 200 0 0 38
2018-07-06 09:41:45 ::1 POST /Service1.svc - 49474 - ::1 - - 200 0 0 27
2018-07-06 09:41:45 ::1 POST /Service1.svc - 49474 - ::1 - - 200 0 0 21
2018-07-06 09:41:45 ::1 POST /Service1.svc - 49474 - ::1 - - 200 0 0 107
2018-07-06 09:41:45 ::1 POST /Service1.svc - 49474 - ::1 - - 200 0 0 82
2018-07-06 09:41:45 ::1 POST /Service1.svc - 49474 - ::1 - - 200 0 0 44
2018-07-06 09:41:46 ::1 POST /Service1.svc - 49474 - ::1 - - 200 0 0 268
2018-07-06 09:41:46 ::1 POST /Service1.svc - 49474 - ::1 - - 200 0 0 188
2018-07-06 09:41:50 ::1 POST /Service1.svc - 49474 - ::1 - - 200 0 0 68
2018-07-06 09:41:50 ::1 POST /Service1.svc - 49474 - ::1 - - 200 0 0 13
2018-07-06 09:41:50 ::1 POST /Service1.svc - 49474 - ::1 - - 200 0 0 95
2018-07-06 09:41:50 ::1 POST /Service1.svc - 49474 - ::1 - - 200 0 0 19
2018-07-06 09:41:50 ::1 POST /Service1.svc - 49474 - ::1 - - 200 0 0 20
2018-07-06 09:41:50 ::1 POST /Service1.svc - 49474 - ::1 - - 200 0 0 72
2018-07-06 09:41:50 ::1 POST /Service1.svc - 49474 - ::1 - - 200 0 0 63
2018-07-06 09:41:50 ::1 POST /Service1.svc - 49474 - ::1 - - 200 0 0 105
2018-07-06 09:41:50 ::1 POST /Service1.svc - 49474 - ::1 - - 200 0 0 73
2018-07-06 09:41:50 ::1 POST /Service1.svc - 49474 - ::1 - - 200 0 0 49
2018-07-06 09:41:50 ::1 POST /Service1.svc - 49474 - ::1 - - 200 0 0 151
2018-07-06 09:41:50 ::1 POST /Service1.svc - 49474 - ::1 - - 200 0 0 30
2018-07-06 09:41:50 ::1 POST /Service1.svc - 49474 - ::1 - - 200 0 0 35
2018-07-06 09:41:51 ::1 POST /Service1.svc - 49474 - ::1 - - 200 0 0 88
2018-07-06 09:41:53 ::1 POST /Service1.svc - 49474 - ::1 - - 200 0 0 19
2018-07-06 09:41:53 ::1 POST /Service1.svc - 49474 - ::1 - - 200 0 0 69
2018-07-06 09:41:53 ::1 POST /Service1.svc - 49474 - ::1 - - 200 0 0 36
2018-07-06 09:41:53 ::1 POST /Service1.svc - 49474 - ::1 - - 200 0 0 116
2018-07-06 09:41:53 ::1 POST /Service1.svc - 49474 - ::1 - - 200 0 0 83
2018-07-06 09:41:53 ::1 POST /Service1.svc - 49474 - ::1 - - 200 0 0 66
2018-07-06 09:41:53 ::1 POST /Service1.svc - 49474 - ::1 - - 200 0 0 66
2018-07-06 09:41:53 ::1 POST /Service1.svc - 49474 - ::1 - - 200 0 0 90
2018-07-06 09:41:53 ::1 POST /Service1.svc - 49474 - ::1 - - 200 0 0 37
2018-07-06 09:41:53 ::1 POST /Service1.svc - 49474 - ::1 - - 200 0 0 75
2018-07-06 09:41:53 ::1 POST /Service1.svc - 49474 - ::1 - - 200 0 0 84
2018-07-06 09:41:54 ::1 POST /Service1.svc - 49474 - ::1 - - 200 0 0 230
2018-07-06 09:41:54 ::1 POST /Service1.svc - 49474 - ::1 - - 200 0 0 57
2018-07-06 09:41:54 ::1 POST /Service1.svc - 49474 - ::1 - - 200 0 0 25
2018-07-06 09:41:54 ::1 POST /Service1.svc - 49474 - ::1 - - 200 0 0 65
2018-07-06 09:41:54 ::1 POST /Service1.svc - 49474 - ::1 - - 200 0 0 115
2018-07-06 09:41:54 ::1 POST /Service1.svc - 49474 - ::1 - - 200 0 0 203
2018-07-06 09:41:54 ::1 POST /Service1.svc - 49474 - ::1 - - 200 0 0 213
2018-07-06 09:41:54 ::1 POST /Service1.svc - 49474 - ::1 - - 200 0 0 36
2018-07-06 09:41:54 ::1 POST /Service1.svc - 49474 - ::1 - - 200 0 0 60
2018-07-06 09:41:54 ::1 POST /Service1.svc - 49474 - ::1 - - 200 0 0 54
2018-07-06 09:41:55 ::1 POST /Service1.svc - 49474 - ::1 - - 200 0 0 143
2018-07-06 09:41:55 ::1 POST /Service1.svc - 49474 - ::1 - - 200 0 0 39
2018-07-06 09:41:55 ::1 POST /Service1.svc - 49474 - ::1 - - 200 0 0 86
2018-07-06 09:41:55 ::1 POST /Service1.svc - 49474 - ::1 - - 200 0 0 134
2018-07-06 09:41:55 ::1 POST /Service1.svc - 49474 - ::1 - - 200 0 0 160
2018-07-06 09:41:55 ::1 POST /Service1.svc - 49474 - ::1 - - 200 0 0 157
2018-07-06 09:41:55 ::1 POST /Service1.svc - 49474 - ::1 - - 200 0 0 90
2018-07-06 09:43:14 ::1 POST /Service1.svc - 49474 - ::1 - - 200 0 0 130
2018-07-06 09:43:20 ::1 POST /Service1.svc - 49474 - ::1 - - 200 0 0 196
#Software: Microsoft Internet Information Services 10.0
#Version: 1.0
#Date: 2018-07-06 09:57:45
#Fields: date time s-ip cs-method cs-uri-stem cs-uri-query s-port cs-username c-ip cs(User-Agent) cs(Referer) sc-status sc-substatus sc-win32-status time-taken
2018-07-06 09:57:45 ::1 POST /Service1.svc - 49474 - ::1 - - 415 0 0 24406
2018-07-06 09:57:45 ::1 POST /Service1.svc/mex - 49474 - ::1 - - 415 0 0 7
2018-07-06 09:57:50 ::1 GET /Service1.svc - 49474 - ::1 Mozilla/4.0+(compatible;+MSIE+6.0;+MS+Web+Services+Client+Protocol+4.0.30319.42000) - 200 0 0 4497
2018-07-06 09:57:50 ::1 GET /Service1.svc disco 49474 - ::1 Mozilla/4.0+(compatible;+MSIE+6.0;+MS+Web+Services+Client+Protocol+4.0.30319.42000) - 200 0 0 22
2018-07-06 09:57:50 ::1 GET /Service1.svc wsdl 49474 - ::1 Mozilla/4.0+(compatible;+MSIE+6.0;+MS+Web+Services+Client+Protocol+4.0.30319.42000) - 200 0 0 405
2018-07-06 09:57:52 ::1 GET /Service1.svc xsd=xsd0 49474 - ::1 Mozilla/4.0+(compatible;+MSIE+6.0;+MS+Web+Services+Client+Protocol+4.0.30319.42000) - 200 0 0 1133
2018-07-06 09:57:52 ::1 GET /Service1.svc xsd=xsd2 49474 - ::1 Mozilla/4.0+(compatible;+MSIE+6.0;+MS+Web+Services+Client+Protocol+4.0.30319.42000) - 200 0 0 81
2018-07-06 09:57:52 ::1 GET /Service1.svc xsd=xsd3 49474 - ::1 Mozilla/4.0+(compatible;+MSIE+6.0;+MS+Web+Services+Client+Protocol+4.0.30319.42000) - 200 0 0 9
2018-07-06 09:57:52 ::1 GET /Service1.svc xsd=xsd1 49474 - ::1 Mozilla/4.0+(compatible;+MSIE+6.0;+MS+Web+Services+Client+Protocol+4.0.30319.42000) - 200 0 0 12
2018-07-06 09:58:10 ::1 GET /Service1.svc - 49474 - ::1 Mozilla/4.0+(compatible;+MSIE+6.0;+MS+Web+Services+Client+Protocol+4.0.30319.42000) - 200 0 0 223
2018-07-06 09:58:10 ::1 GET /Service1.svc disco 49474 - ::1 Mozilla/4.0+(compatible;+MSIE+6.0;+MS+Web+Services+Client+Protocol+4.0.30319.42000) - 200 0 0 82
2018-07-06 09:58:10 ::1 GET /Service1.svc wsdl 49474 - ::1 Mozilla/4.0+(compatible;+MSIE+6.0;+MS+Web+Services+Client+Protocol+4.0.30319.42000) - 200 0 0 9
2018-07-06 09:58:10 ::1 GET /Service1.svc xsd=xsd0 49474 - ::1 Mozilla/4.0+(compatible;+MSIE+6.0;+MS+Web+Services+Client+Protocol+4.0.30319.42000) - 200 0 0 88
2018-07-06 09:58:10 ::1 GET /Service1.svc xsd=xsd2 49474 - ::1 Mozilla/4.0+(compatible;+MSIE+6.0;+MS+Web+Services+Client+Protocol+4.0.30319.42000) - 200 0 0 37
2018-07-06 09:58:10 ::1 GET /Service1.svc/$metadata - 49474 - ::1 Mozilla/4.0+(compatible;+MSIE+6.0;+MS+Web+Services+Client+Protocol+4.0.30319.42000) - 400 0 0 831
2018-07-06 09:58:10 ::1 POST /Service1.svc - 49474 - ::1 - - 415 0 0 48
2018-07-06 09:58:10 ::1 POST /Service1.svc/mex - 49474 - ::1 - - 415 0 0 101
2018-07-06 09:58:10 ::1 GET /Service1.svc xsd=xsd3 49474 - ::1 Mozilla/4.0+(compatible;+MSIE+6.0;+MS+Web+Services+Client+Protocol+4.0.30319.42000) - 200 0 0 84
2018-07-06 09:58:10 ::1 GET /Service1.svc xsd=xsd1 49474 - ::1 Mozilla/4.0+(compatible;+MSIE+6.0;+MS+Web+Services+Client+Protocol+4.0.30319.42000) - 200 0 0 66
2018-07-06 10:02:06 ::1 POST /Service1.svc - 49474 - ::1 - - 200 0 0 2103
2018-07-06 10:02:06 ::1 POST /Service1.svc - 49474 - ::1 - - 200 0 0 145
2018-07-06 10:02:07 ::1 POST /Service1.svc - 49474 - ::1 - - 200 0 0 384
2018-07-06 10:02:07 ::1 POST /Service1.svc - 49474 - ::1 - - 200 0 0 196
2018-07-06 10:02:07 ::1 POST /Service1.svc - 49474 - ::1 - - 200 0 0 29
2018-07-06 10:02:07 ::1 POST /Service1.svc - 49474 - ::1 - - 200 0 0 686
2018-07-06 10:02:08 ::1 POST /Service1.svc - 49474 - ::1 - - 200 0 0 267
2018-07-06 10:02:08 ::1 POST /Service1.svc - 49474 - ::1 - - 200 0 0 671
2018-07-06 10:02:08 ::1 POST /Service1.svc - 49474 - ::1 - - 200 0 0 169
2018-07-06 10:02:10 ::1 POST /Service1.svc - 49474 - ::1 - - 200 0 0 422
2018-07-06 10:02:10 ::1 POST /Service1.svc - 49474 - ::1 - - 200 0 0 619
2018-07-06 10:02:10 ::1 POST /Service1.svc - 49474 - ::1 - - 200 0 0 83
2018-07-06 10:02:10 ::1 POST /Service1.svc - 49474 - ::1 - - 200 0 0 108
2018-07-06 10:03:10 ::1 POST /Service1.svc - 49474 - ::1 - - 200 0 0 27
2018-07-06 10:03:10 ::1 POST /Service1.svc - 49474 - ::1 - - 200 0 0 29
2018-07-06 10:03:10 ::1 POST /Service1.svc - 49474 - ::1 - - 200 0 0 59
2018-07-06 10:03:10 ::1 POST /Service1.svc - 49474 - ::1 - - 200 0 0 21
2018-07-06 10:03:10 ::1 POST /Service1.svc - 49474 - ::1 - - 200 0 0 20
2018-07-06 10:03:10 ::1 POST /Service1.svc - 49474 - ::1 - - 200 0 0 29
2018-07-06 10:03:10 ::1 POST /Service1.svc - 49474 - ::1 - - 200 0 0 180
2018-07-06 10:03:10 ::1 POST /Service1.svc - 49474 - ::1 - - 200 0 0 18
2018-07-06 10:03:10 ::1 POST /Service1.svc - 49474 - ::1 - - 200 0 0 15
2018-07-06 10:03:10 ::1 POST /Service1.svc - 49474 - ::1 - - 200 0 0 48
2018-07-06 10:03:10 ::1 POST /Service1.svc - 49474 - ::1 - - 200 0 0 132
2018-07-06 10:03:10 ::1 POST /Service1.svc - 49474 - ::1 - - 200 0 0 56
2018-07-06 10:03:10 ::1 POST /Service1.svc - 49474 - ::1 - - 200 0 0 33
2018-07-06 10:03:12 ::1 POST /Service1.svc - 49474 - ::1 - - 200 0 0 956
2018-07-06 10:03:15 ::1 POST /Service1.svc - 49474 - ::1 - - 200 0 0 21
2018-07-06 10:03:15 ::1 POST /Service1.svc - 49474 - ::1 - - 200 0 0 18
2018-07-06 10:03:15 ::1 POST /Service1.svc - 49474 - ::1 - - 200 0 0 26
2018-07-06 10:03:15 ::1 POST /Service1.svc - 49474 - ::1 - - 200 0 0 46
2018-07-06 10:03:15 ::1 POST /Service1.svc - 49474 - ::1 - - 200 0 0 40
2018-07-06 10:03:15 ::1 POST /Service1.svc - 49474 - ::1 - - 200 0 0 174
2018-07-06 10:03:15 ::1 POST /Service1.svc - 49474 - ::1 - - 200 0 0 30
2018-07-06 10:03:15 ::1 POST /Service1.svc - 49474 - ::1 - - 200 0 0 34
2018-07-06 10:03:16 ::1 POST /Service1.svc - 49474 - ::1 - - 200 0 0 604
2018-07-06 10:03:16 ::1 POST /Service1.svc - 49474 - ::1 - - 200 0 0 244
2018-07-06 10:03:16 ::1 POST /Service1.svc - 49474 - ::1 - - 200 0 0 525
2018-07-06 10:03:16 ::1 POST /Service1.svc - 49474 - ::1 - - 200 0 0 50
2018-07-06 10:03:16 ::1 POST /Service1.svc - 49474 - ::1 - - 200 0 0 31
2018-07-06 10:03:16 ::1 POST /Service1.svc - 49474 - ::1 - - 200 0 0 44
2018-07-06 10:03:17 ::1 POST /Service1.svc - 49474 - ::1 - - 200 0 0 164
2018-07-06 10:03:17 ::1 POST /Service1.svc - 49474 - ::1 - - 200 0 0 36
2018-07-06 10:03:17 ::1 POST /Service1.svc - 49474 - ::1 - - 200 0 0 53
2018-07-06 10:03:17 ::1 POST /Service1.svc - 49474 - ::1 - - 200 0 0 249
2018-07-06 10:03:17 ::1 POST /Service1.svc - 49474 - ::1 - - 200 0 0 45
2018-07-06 10:03:17 ::1 POST /Service1.svc - 49474 - ::1 - - 200 0 0 65
2018-07-06 10:03:17 ::1 POST /Service1.svc - 49474 - ::1 - - 200 0 0 245
2018-07-06 10:03:17 ::1 POST /Service1.svc - 49474 - ::1 - - 200 0 0 52
2018-07-06 10:03:17 ::1 POST /Service1.svc - 49474 - ::1 - - 200 0 0 90
2018-07-06 10:03:17 ::1 POST /Service1.svc - 49474 - ::1 - - 200 0 0 113
2018-07-06 10:03:18 ::1 POST /Service1.svc - 49474 - ::1 - - 200 0 0 60
2018-07-06 10:03:18 ::1 POST /Service1.svc - 49474 - ::1 - - 200 0 0 245
2018-07-06 10:03:19 ::1 POST /Service1.svc - 49474 - ::1 - - 200 0 0 482
2018-07-06 10:03:19 ::1 POST /Service1.svc - 49474 - ::1 - - 200 0 0 310
2018-07-06 10:04:13 ::1 POST /Service1.svc - 49474 - ::1 - - 200 0 0 246
2018-07-06 10:04:17 ::1 POST /Service1.svc - 49474 - ::1 - - 200 0 0 876
2018-07-06 10:04:27 ::1 POST /Service1.svc - 49474 - ::1 - - 200 0 0 141
2018-07-06 10:04:27 ::1 POST /Service1.svc - 49474 - ::1 - - 200 0 0 52
2018-07-06 10:04:53 ::1 POST /Service1.svc - 49474 - ::1 - - 200 0 0 104
2018-07-06 10:06:38 ::1 POST /Service1.svc - 49474 - ::1 - - 200 0 0 33
2018-07-06 10:06:38 ::1 POST /Service1.svc - 49474 - ::1 - - 200 0 0 252
2018-07-06 10:06:38 ::1 POST /Service1.svc - 49474 - ::1 - - 200 0 0 58
2018-07-06 10:06:38 ::1 POST /Service1.svc - 49474 - ::1 - - 200 0 0 24
2018-07-06 10:06:38 ::1 POST /Service1.svc - 49474 - ::1 - - 200 0 0 24
2018-07-06 10:06:38 ::1 POST /Service1.svc - 49474 - ::1 - - 200 0 0 50
2018-07-06 10:06:38 ::1 POST /Service1.svc - 49474 - ::1 - - 200 0 0 98
2018-07-06 10:06:38 ::1 POST /Service1.svc - 49474 - ::1 - - 200 0 0 68
2018-07-06 10:06:38 ::1 POST /Service1.svc - 49474 - ::1 - - 200 0 0 91
2018-07-06 10:06:38 ::1 POST /Service1.svc - 49474 - ::1 - - 200 0 0 259
2018-07-06 10:06:39 ::1 POST /Service1.svc - 49474 - ::1 - - 200 0 0 193
2018-07-06 10:06:39 ::1 POST /Service1.svc - 49474 - ::1 - - 200 0 0 96
2018-07-06 10:06:39 ::1 POST /Service1.svc - 49474 - ::1 - - 200 0 0 114
2018-07-06 10:06:40 ::1 POST /Service1.svc - 49474 - ::1 - - 200 0 0 611
2018-07-06 10:06:40 ::1 POST /Service1.svc - 49474 - ::1 - - 200 0 0 114
2018-07-06 10:06:40 ::1 POST /Service1.svc - 49474 - ::1 - - 200 0 0 330
2018-07-06 10:06:40 ::1 POST /Service1.svc - 49474 - ::1 - - 200 0 0 65
2018-07-06 10:06:40 ::1 POST /Service1.svc - 49474 - ::1 - - 200 0 0 407
2018-07-06 10:06:41 ::1 POST /Service1.svc - 49474 - ::1 - - 200 0 0 255
2018-07-06 10:06:41 ::1 POST /Service1.svc - 49474 - ::1 - - 200 0 0 319
2018-07-06 10:06:41 ::1 POST /Service1.svc - 49474 - ::1 - - 200 0 0 40
2018-07-06 10:06:41 ::1 POST /Service1.svc - 49474 - ::1 - - 200 0 0 28
2018-07-06 10:06:41 ::1 POST /Service1.svc - 49474 - ::1 - - 200 0 0 312
2018-07-06 10:06:41 ::1 POST /Service1.svc - 49474 - ::1 - - 200 0 0 276
2018-07-06 10:06:42 ::1 POST /Service1.svc - 49474 - ::1 - - 200 0 0 112
2018-07-06 10:06:42 ::1 POST /Service1.svc - 49474 - ::1 - - 200 0 0 325
2018-07-06 10:06:44 ::1 POST /Service1.svc - 49474 - ::1 - - 200 0 0 1002
2018-07-06 10:06:44 ::1 POST /Service1.svc - 49474 - ::1 - - 200 0 0 321
2018-07-06 10:06:45 ::1 POST /Service1.svc - 49474 - ::1 - - 200 0 0 600
2018-07-06 10:06:45 ::1 POST /Service1.svc - 49474 - ::1 - - 200 0 0 502
2018-07-06 10:06:45 ::1 POST /Service1.svc - 49474 - ::1 - - 200 0 0 197
2018-07-06 10:06:45 ::1 POST /Service1.svc - 49474 - ::1 - - 200 0 0 21
2018-07-06 10:06:46 ::1 POST /Service1.svc - 49474 - ::1 - - 200 0 0 535
2018-07-06 10:06:46 ::1 POST /Service1.svc - 49474 - ::1 - - 200 0 0 93
2018-07-06 10:06:46 ::1 POST /Service1.svc - 49474 - ::1 - - 200 0 0 158
2018-07-06 10:06:46 ::1 POST /Service1.svc - 49474 - ::1 - - 200 0 0 154
2018-07-06 10:06:46 ::1 POST /Service1.svc - 49474 - ::1 - - 200 0 0 344
2018-07-06 10:06:46 ::1 POST /Service1.svc - 49474 - ::1 - - 200 0 0 235
2018-07-06 10:06:47 ::1 POST /Service1.svc - 49474 - ::1 - - 200 0 0 87
2018-07-06 10:06:47 ::1 POST /Service1.svc - 49474 - ::1 - - 200 0 0 235
2018-07-06 10:06:47 ::1 POST /Service1.svc - 49474 - ::1 - - 200 0 0 416
2018-07-06 10:06:50 ::1 POST /Service1.svc - 49474 - ::1 - - 200 0 0 172
2018-07-06 10:06:50 ::1 POST /Service1.svc - 49474 - ::1 - - 200 0 0 34
2018-07-06 10:06:50 ::1 POST /Service1.svc - 49474 - ::1 - - 200 0 0 60
2018-07-06 10:06:50 ::1 POST /Service1.svc - 49474 - ::1 - - 200 0 0 241
2018-07-06 10:06:50 ::1 POST /Service1.svc - 49474 - ::1 - - 200 0 0 36
2018-07-06 10:06:50 ::1 POST /Service1.svc - 49474 - ::1 - - 200 0 0 106
2018-07-06 10:06:50 ::1 POST /Service1.svc - 49474 - ::1 - - 200 0 0 323
2018-07-06 10:06:50 ::1 POST /Service1.svc - 49474 - ::1 - - 200 0 0 21
2018-07-06 10:06:50 ::1 POST /Service1.svc - 49474 - ::1 - - 200 0 0 162
2018-07-06 10:06:51 ::1 POST /Service1.svc - 49474 - ::1 - - 200 0 0 71
2018-07-06 10:06:51 ::1 POST /Service1.svc - 49474 - ::1 - - 200 0 0 248
2018-07-06 10:06:51 ::1 POST /Service1.svc - 49474 - ::1 - - 200 0 0 272
2018-07-06 10:06:51 ::1 POST /Service1.svc - 49474 - ::1 - - 200 0 0 18
2018-07-06 10:06:51 ::1 POST /Service1.svc - 49474 - ::1 - - 200 0 0 27
2018-07-06 10:06:51 ::1 POST /Service1.svc - 49474 - ::1 - - 200 0 0 96
2018-07-06 10:06:51 ::1 POST /Service1.svc - 49474 - ::1 - - 200 0 0 178
2018-07-06 10:06:51 ::1 POST /Service1.svc - 49474 - ::1 - - 200 0 0 140
2018-07-06 10:06:52 ::1 POST /Service1.svc - 49474 - ::1 - - 200 0 0 81
2018-07-06 10:06:52 ::1 POST /Service1.svc - 49474 - ::1 - - 200 0 0 387
2018-07-06 10:06:52 ::1 POST /Service1.svc - 49474 - ::1 - - 200 0 0 38
2018-07-06 10:06:52 ::1 POST /Service1.svc - 49474 - ::1 - - 200 0 0 76
2018-07-06 10:06:52 ::1 POST /Service1.svc - 49474 - ::1 - - 200 0 0 58
2018-07-06 10:06:52 ::1 POST /Service1.svc - 49474 - ::1 - - 200 0 0 184
2018-07-06 10:06:52 ::1 POST /Service1.svc - 49474 - ::1 - - 200 0 0 30
2018-07-06 10:06:52 ::1 POST /Service1.svc - 49474 - ::1 - - 200 0 0 200
2018-07-06 10:06:53 ::1 POST /Service1.svc - 49474 - ::1 - - 200 0 0 65
2018-07-06 10:06:53 ::1 POST /Service1.svc - 49474 - ::1 - - 200 0 0 220
2018-07-06 10:06:53 ::1 POST /Service1.svc - 49474 - ::1 - - 200 0 0 17
2018-07-06 10:07:44 ::1 POST /Service1.svc - 49474 - ::1 - - 200 0 0 228
2018-07-06 10:07:52 ::1 POST /Service1.svc - 49474 - ::1 - - 200 0 0 94
#Software: Microsoft Internet Information Services 10.0
#Version: 1.0
#Date: 2018-07-06 11:08:13
#Fields: date time s-ip cs-method cs-uri-stem cs-uri-query s-port cs-username c-ip cs(User-Agent) cs(Referer) sc-status sc-substatus sc-win32-status time-taken
2018-07-06 11:08:13 ::1 POST /Service1.svc - 49474 - ::1 - - 415 0 0 21841
2018-07-06 11:08:13 ::1 POST /Service1.svc/mex - 49474 - ::1 - - 415 0 0 31
2018-07-06 11:08:18 ::1 GET /Service1.svc - 49474 - ::1 Mozilla/4.0+(compatible;+MSIE+6.0;+MS+Web+Services+Client+Protocol+4.0.30319.42000) - 200 0 0 4414
2018-07-06 11:08:18 ::1 GET /Service1.svc disco 49474 - ::1 Mozilla/4.0+(compatible;+MSIE+6.0;+MS+Web+Services+Client+Protocol+4.0.30319.42000) - 200 0 0 14
2018-07-06 11:08:18 ::1 GET /Service1.svc wsdl 49474 - ::1 Mozilla/4.0+(compatible;+MSIE+6.0;+MS+Web+Services+Client+Protocol+4.0.30319.42000) - 200 0 0 184
2018-07-06 11:08:19 ::1 GET /Service1.svc xsd=xsd0 49474 - ::1 Mozilla/4.0+(compatible;+MSIE+6.0;+MS+Web+Services+Client+Protocol+4.0.30319.42000) - 200 0 0 959
2018-07-06 11:08:19 ::1 GET /Service1.svc xsd=xsd2 49474 - ::1 Mozilla/4.0+(compatible;+MSIE+6.0;+MS+Web+Services+Client+Protocol+4.0.30319.42000) - 200 0 0 15
2018-07-06 11:08:19 ::1 GET /Service1.svc xsd=xsd3 49474 - ::1 Mozilla/4.0+(compatible;+MSIE+6.0;+MS+Web+Services+Client+Protocol+4.0.30319.42000) - 200 0 0 6
2018-07-06 11:08:19 ::1 GET /Service1.svc xsd=xsd1 49474 - ::1 Mozilla/4.0+(compatible;+MSIE+6.0;+MS+Web+Services+Client+Protocol+4.0.30319.42000) - 200 0 0 13
2018-07-06 11:13:33 ::1 POST /Service1.svc - 49474 - ::1 - - 200 0 0 2381
2018-07-06 11:13:33 ::1 POST /Service1.svc - 49474 - ::1 - - 200 0 0 520
2018-07-06 11:13:35 ::1 POST /Service1.svc - 49474 - ::1 - - 200 0 0 436
2018-07-06 11:13:35 ::1 POST /Service1.svc - 49474 - ::1 - - 200 0 0 499
2018-07-06 11:13:35 ::1 POST /Service1.svc - 49474 - ::1 - - 200 0 0 85
2018-07-06 11:13:36 ::1 POST /Service1.svc - 49474 - ::1 - - 200 0 0 597
2018-07-06 11:13:36 ::1 POST /Service1.svc - 49474 - ::1 - - 200 0 0 379
2018-07-06 11:13:37 ::1 POST /Service1.svc - 49474 - ::1 - - 200 0 0 751
2018-07-06 11:13:37 ::1 POST /Service1.svc - 49474 - ::1 - - 200 0 0 430
2018-07-06 11:13:37 ::1 POST /Service1.svc - 49474 - ::1 - - 200 0 0 258
2018-07-06 11:13:38 ::1 POST /Service1.svc - 49474 - ::1 - - 200 0 0 470
2018-07-06 11:13:38 ::1 POST /Service1.svc - 49474 - ::1 - - 200 0 0 407
2018-07-06 11:13:38 ::1 POST /Service1.svc - 49474 - ::1 - - 200 0 0 392
2018-07-06 11:13:56 ::1 POST /Service1.svc - 49474 - ::1 - - 200 0 0 32
2018-07-06 11:13:56 ::1 POST /Service1.svc - 49474 - ::1 - - 200 0 0 20
2018-07-06 11:13:56 ::1 POST /Service1.svc - 49474 - ::1 - - 200 0 0 49
2018-07-06 11:13:56 ::1 POST /Service1.svc - 49474 - ::1 - - 200 0 0 51
2018-07-06 11:13:56 ::1 POST /Service1.svc - 49474 - ::1 - - 200 0 0 68
2018-07-06 11:13:56 ::1 POST /Service1.svc - 49474 - ::1 - - 200 0 0 24
2018-07-06 11:13:56 ::1 POST /Service1.svc - 49474 - ::1 - - 200 0 0 28
2018-07-06 11:13:56 ::1 POST /Service1.svc - 49474 - ::1 - - 200 0 0 28
2018-07-06 11:13:56 ::1 POST /Service1.svc - 49474 - ::1 - - 200 0 0 16
2018-07-06 11:13:56 ::1 POST /Service1.svc - 49474 - ::1 - - 200 0 0 58
2018-07-06 11:13:56 ::1 POST /Service1.svc - 49474 - ::1 - - 200 0 0 355
2018-07-06 11:13:56 ::1 POST /Service1.svc - 49474 - ::1 - - 200 0 0 51
2018-07-06 11:13:56 ::1 POST /Service1.svc - 49474 - ::1 - - 200 0 0 20
2018-07-06 11:13:59 ::1 POST /Service1.svc - 49474 - ::1 - - 200 0 0 1278
2018-07-06 11:14:00 ::1 POST /Service1.svc - 49474 - ::1 - - 200 0 0 42
2018-07-06 11:14:00 ::1 POST /Service1.svc - 49474 - ::1 - - 200 0 0 76
2018-07-06 11:14:00 ::1 POST /Service1.svc - 49474 - ::1 - - 200 0 0 52
2018-07-06 11:14:00 ::1 POST /Service1.svc - 49474 - ::1 - - 200 0 0 68
2018-07-06 11:14:00 ::1 POST /Service1.svc - 49474 - ::1 - - 200 0 0 43
2018-07-06 11:14:00 ::1 POST /Service1.svc - 49474 - ::1 - - 200 0 0 66
2018-07-06 11:14:00 ::1 POST /Service1.svc - 49474 - ::1 - - 200 0 0 39
2018-07-06 11:14:00 ::1 POST /Service1.svc - 49474 - ::1 - - 200 0 0 21
2018-07-06 11:14:00 ::1 POST /Service1.svc - 49474 - ::1 - - 200 0 0 106
2018-07-06 11:14:00 ::1 POST /Service1.svc - 49474 - ::1 - - 200 0 0 83
2018-07-06 11:14:00 ::1 POST /Service1.svc - 49474 - ::1 - - 200 0 0 49
2018-07-06 11:14:00 ::1 POST /Service1.svc - 49474 - ::1 - - 200 0 0 22
2018-07-06 11:14:00 ::1 POST /Service1.svc - 49474 - ::1 - - 200 0 0 163
2018-07-06 11:14:00 ::1 POST /Service1.svc - 49474 - ::1 - - 200 0 0 74
2018-07-06 11:14:01 ::1 POST /Service1.svc - 49474 - ::1 - - 200 0 0 55
2018-07-06 11:14:01 ::1 POST /Service1.svc - 49474 - ::1 - - 200 0 0 55
2018-07-06 11:14:01 ::1 POST /Service1.svc - 49474 - ::1 - - 200 0 0 45
2018-07-06 11:14:01 ::1 POST /Service1.svc - 49474 - ::1 - - 200 0 0 28
2018-07-06 11:14:01 ::1 POST /Service1.svc - 49474 - ::1 - - 200 0 0 72
2018-07-06 11:14:01 ::1 POST /Service1.svc - 49474 - ::1 - - 200 0 0 106
2018-07-06 11:14:01 ::1 POST /Service1.svc - 49474 - ::1 - - 200 0 0 54
2018-07-06 11:14:01 ::1 POST /Service1.svc - 49474 - ::1 - - 200 0 0 16
2018-07-06 11:14:01 ::1 POST /Service1.svc - 49474 - ::1 - - 200 0 0 15
2018-07-06 11:14:01 ::1 POST /Service1.svc - 49474 - ::1 - - 200 0 0 28
2018-07-06 11:14:01 ::1 POST /Service1.svc - 49474 - ::1 - - 200 0 0 71
2018-07-06 11:14:01 ::1 POST /Service1.svc - 49474 - ::1 - - 200 0 0 14
2018-07-06 11:14:02 ::1 POST /Service1.svc - 49474 - ::1 - - 200 0 0 158
2018-07-06 11:14:02 ::1 POST /Service1.svc - 49474 - ::1 - - 200 0 0 87
2018-07-06 11:15:10 ::1 POST /Service1.svc - 49474 - ::1 - - 200 0 0 185
2018-07-06 11:15:18 ::1 POST /Service1.svc - 49474 - ::1 - - 200 0 0 977
2018-07-06 11:20:12 ::1 POST /Service1.svc - 49474 - ::1 - - 200 0 0 28
2018-07-06 11:20:12 ::1 POST /Service1.svc - 49474 - ::1 - - 200 0 0 42
2018-07-06 11:20:19 ::1 POST /Service1.svc - 49474 - ::1 - - 200 0 0 26
2018-07-06 11:20:19 ::1 POST /Service1.svc - 49474 - ::1 - - 200 0 0 50
2018-07-06 11:20:40 ::1 POST /Service1.svc - 49474 - ::1 - - 200 0 0 54
2018-07-06 11:20:40 ::1 POST /Service1.svc - 49474 - ::1 - - 200 0 0 88
2018-07-06 11:20:45 ::1 POST /Service1.svc - 49474 - ::1 - - 200 0 0 36
