#Software: Microsoft Internet Information Services 10.0
#Version: 1.0
#Date: 2018-07-24 05:22:55
#Fields: date time s-ip cs-method cs-uri-stem cs-uri-query s-port cs-username c-ip cs(User-Agent) cs(Referer) sc-status sc-substatus sc-win32-status time-taken
2018-07-24 05:22:55 ::1 POST /Service1.svc - 49474 - ::1 - - 415 0 0 69350
2018-07-24 05:22:55 ::1 POST /Service1.svc/mex - 49474 - ::1 - - 415 0 0 11
2018-07-24 05:23:05 ::1 GET /Service1.svc - 49474 - ::1 Mozilla/4.0+(compatible;+MSIE+6.0;+MS+Web+Services+Client+Protocol+4.0.30319.42000) - 200 0 0 8074
2018-07-24 05:23:05 ::1 GET /Service1.svc disco 49474 - ::1 Mozilla/4.0+(compatible;+MSIE+6.0;+MS+Web+Services+Client+Protocol+4.0.30319.42000) - 200 0 0 86
2018-07-24 05:23:05 ::1 GET /Service1.svc wsdl 49474 - ::1 Mozilla/4.0+(compatible;+MSIE+6.0;+MS+Web+Services+Client+Protocol+4.0.30319.42000) - 200 0 0 470
2018-07-24 05:23:08 ::1 GET /Service1.svc xsd=xsd0 49474 - ::1 Mozilla/4.0+(compatible;+MSIE+6.0;+MS+Web+Services+Client+Protocol+4.0.30319.42000) - 200 0 0 2270
2018-07-24 05:23:08 ::1 GET /Service1.svc xsd=xsd2 49474 - ::1 Mozilla/4.0+(compatible;+MSIE+6.0;+MS+Web+Services+Client+Protocol+4.0.30319.42000) - 200 0 0 110
2018-07-24 05:23:08 ::1 GET /Service1.svc xsd=xsd3 49474 - ::1 Mozilla/4.0+(compatible;+MSIE+6.0;+MS+Web+Services+Client+Protocol+4.0.30319.42000) - 200 0 0 33
2018-07-24 05:23:08 ::1 GET /Service1.svc xsd=xsd1 49474 - ::1 Mozilla/4.0+(compatible;+MSIE+6.0;+MS+Web+Services+Client+Protocol+4.0.30319.42000) - 200 0 0 51
2018-07-24 05:29:46 ::1 GET /Service1.svc - 49474 - ::1 Mozilla/4.0+(compatible;+MSIE+6.0;+MS+Web+Services+Client+Protocol+4.0.30319.42000) - 200 0 0 140
2018-07-24 05:29:46 ::1 GET /Service1.svc disco 49474 - ::1 Mozilla/4.0+(compatible;+MSIE+6.0;+MS+Web+Services+Client+Protocol+4.0.30319.42000) - 200 0 0 9
2018-07-24 05:29:46 ::1 GET /Service1.svc wsdl 49474 - ::1 Mozilla/4.0+(compatible;+MSIE+6.0;+MS+Web+Services+Client+Protocol+4.0.30319.42000) - 200 0 0 176
2018-07-24 05:29:46 ::1 GET /Service1.svc/$metadata - 49474 - ::1 Mozilla/4.0+(compatible;+MSIE+6.0;+MS+Web+Services+Client+Protocol+4.0.30319.42000) - 400 0 0 709
2018-07-24 05:29:46 ::1 GET /Service1.svc xsd=xsd0 49474 - ::1 Mozilla/4.0+(compatible;+MSIE+6.0;+MS+Web+Services+Client+Protocol+4.0.30319.42000) - 200 0 0 25
2018-07-24 05:29:46 ::1 GET /Service1.svc xsd=xsd2 49474 - ::1 Mozilla/4.0+(compatible;+MSIE+6.0;+MS+Web+Services+Client+Protocol+4.0.30319.42000) - 200 0 0 13
2018-07-24 05:29:46 ::1 GET /Service1.svc xsd=xsd3 49474 - ::1 Mozilla/4.0+(compatible;+MSIE+6.0;+MS+Web+Services+Client+Protocol+4.0.30319.42000) - 200 0 0 17
2018-07-24 05:29:46 ::1 GET /Service1.svc xsd=xsd1 49474 - ::1 Mozilla/4.0+(compatible;+MSIE+6.0;+MS+Web+Services+Client+Protocol+4.0.30319.42000) - 200 0 0 11
2018-07-24 05:29:51 ::1 POST /Service1.svc - 49474 - ::1 - - 415 0 0 50
2018-07-24 05:29:51 ::1 POST /Service1.svc/mex - 49474 - ::1 - - 415 0 0 52
#Software: Microsoft Internet Information Services 10.0
#Version: 1.0
#Date: 2018-07-24 05:54:57
#Fields: date time s-ip cs-method cs-uri-stem cs-uri-query s-port cs-username c-ip cs(User-Agent) cs(Referer) sc-status sc-substatus sc-win32-status time-taken
2018-07-24 05:54:57 ::1 POST /Service1.svc - 49474 - ::1 - - 200 0 0 4082
2018-07-24 05:54:58 ::1 POST /Service1.svc - 49474 - ::1 - - 200 0 0 707
2018-07-24 05:54:58 ::1 POST /Service1.svc - 49474 - ::1 - - 200 0 0 401
2018-07-24 05:54:58 ::1 POST /Service1.svc - 49474 - ::1 - - 200 0 0 384
2018-07-24 05:55:04 ::1 POST /Service1.svc - 49474 - ::1 - - 200 0 0 46
2018-07-24 05:55:04 ::1 POST /Service1.svc - 49474 - ::1 - - 200 0 0 49
2018-07-24 05:55:04 ::1 POST /Service1.svc - 49474 - ::1 - - 200 0 0 50
2018-07-24 05:55:04 ::1 POST /Service1.svc - 49474 - ::1 - - 200 0 0 17
2018-07-24 05:55:06 ::1 POST /Service1.svc - 49474 - ::1 - - 200 0 0 10
2018-07-24 05:55:06 ::1 POST /Service1.svc - 49474 - ::1 - - 200 0 0 37
2018-07-24 05:55:06 ::1 POST /Service1.svc - 49474 - ::1 - - 200 0 0 14
2018-07-24 05:55:06 ::1 POST /Service1.svc - 49474 - ::1 - - 200 0 0 26
2018-07-24 05:55:06 ::1 POST /Service1.svc - 49474 - ::1 - - 200 0 0 76
2018-07-24 05:55:06 ::1 POST /Service1.svc - 49474 - ::1 - - 200 0 0 12
2018-07-24 05:55:06 ::1 POST /Service1.svc - 49474 - ::1 - - 200 0 0 34
2018-07-24 05:55:06 ::1 POST /Service1.svc - 49474 - ::1 - - 200 0 0 29
2018-07-24 05:55:06 ::1 POST /Service1.svc - 49474 - ::1 - - 200 0 0 410
2018-07-24 05:55:07 ::1 POST /Service1.svc - 49474 - ::1 - - 200 0 0 201
2018-07-24 05:55:07 ::1 POST /Service1.svc - 49474 - ::1 - - 200 0 0 34
2018-07-24 05:55:10 ::1 POST /Service1.svc - 49474 - ::1 - - 200 0 0 567
2018-07-24 05:55:10 ::1 POST /Service1.svc - 49474 - ::1 - - 200 0 0 540
2018-07-24 05:55:10 ::1 POST /Service1.svc - 49474 - ::1 - - 200 0 0 44
2018-07-24 05:55:10 ::1 POST /Service1.svc - 49474 - ::1 - - 200 0 0 90
2018-07-24 05:55:10 ::1 POST /Service1.svc - 49474 - ::1 - - 200 0 0 95
2018-07-24 05:55:10 ::1 POST /Service1.svc - 49474 - ::1 - - 200 0 0 62
2018-07-24 05:55:10 ::1 POST /Service1.svc - 49474 - ::1 - - 200 0 0 48
2018-07-24 05:55:11 ::1 POST /Service1.svc - 49474 - ::1 - - 200 0 0 48
2018-07-24 05:55:11 ::1 POST /Service1.svc - 49474 - ::1 - - 200 0 0 127
2018-07-24 05:55:11 ::1 POST /Service1.svc - 49474 - ::1 - - 200 0 0 55
2018-07-24 05:55:13 ::1 POST /Service1.svc - 49474 - ::1 - - 200 0 0 57
2018-07-24 05:56:35 ::1 POST /Service1.svc - 49474 - ::1 - - 200 0 0 1408
2018-07-24 05:56:51 ::1 POST /Service1.svc - 49474 - ::1 - - 200 0 0 211
#Software: Microsoft Internet Information Services 10.0
#Version: 1.0
#Date: 2018-07-24 06:19:09
#Fields: date time s-ip cs-method cs-uri-stem cs-uri-query s-port cs-username c-ip cs(User-Agent) cs(Referer) sc-status sc-substatus sc-win32-status time-taken
2018-07-24 06:19:09 ::1 POST /Service1.svc - 49474 - ::1 - - 200 0 0 96
2018-07-24 06:19:09 ::1 POST /Service1.svc - 49474 - ::1 - - 200 0 0 161
2018-07-24 06:19:09 ::1 POST /Service1.svc - 49474 - ::1 - - 200 0 0 55
2018-07-24 06:19:09 ::1 POST /Service1.svc - 49474 - ::1 - - 200 0 0 84
2018-07-24 06:19:14 ::1 POST /Service1.svc - 49474 - ::1 - - 200 0 0 19
2018-07-24 06:19:14 ::1 POST /Service1.svc - 49474 - ::1 - - 200 0 0 11
2018-07-24 06:19:14 ::1 POST /Service1.svc - 49474 - ::1 - - 200 0 0 80
2018-07-24 06:19:14 ::1 POST /Service1.svc - 49474 - ::1 - - 200 0 0 23
2018-07-24 06:19:16 ::1 POST /Service1.svc - 49474 - ::1 - - 200 0 0 10
2018-07-24 06:19:16 ::1 POST /Service1.svc - 49474 - ::1 - - 200 0 0 29
2018-07-24 06:19:16 ::1 POST /Service1.svc - 49474 - ::1 - - 200 0 0 47
2018-07-24 06:19:16 ::1 POST /Service1.svc - 49474 - ::1 - - 200 0 0 91
2018-07-24 06:19:16 ::1 POST /Service1.svc - 49474 - ::1 - - 200 0 0 29
2018-07-24 06:19:16 ::1 POST /Service1.svc - 49474 - ::1 - - 200 0 0 14
2018-07-24 06:19:16 ::1 POST /Service1.svc - 49474 - ::1 - - 200 0 0 19
2018-07-24 06:19:16 ::1 POST /Service1.svc - 49474 - ::1 - - 200 0 0 69
2018-07-24 06:19:16 ::1 POST /Service1.svc - 49474 - ::1 - - 200 0 0 27
2018-07-24 06:19:16 ::1 POST /Service1.svc - 49474 - ::1 - - 200 0 0 25
2018-07-24 06:19:16 ::1 POST /Service1.svc - 49474 - ::1 - - 200 0 0 75
2018-07-24 06:19:19 ::1 POST /Service1.svc - 49474 - ::1 - - 200 0 0 55
2018-07-24 06:19:19 ::1 POST /Service1.svc - 49474 - ::1 - - 200 0 0 96
2018-07-24 06:19:19 ::1 POST /Service1.svc - 49474 - ::1 - - 200 0 0 215
2018-07-24 06:19:19 ::1 POST /Service1.svc - 49474 - ::1 - - 200 0 0 146
2018-07-24 06:19:19 ::1 POST /Service1.svc - 49474 - ::1 - - 200 0 0 92
2018-07-24 06:19:19 ::1 POST /Service1.svc - 49474 - ::1 - - 200 0 0 32
2018-07-24 06:19:19 ::1 POST /Service1.svc - 49474 - ::1 - - 200 0 0 67
2018-07-24 06:19:19 ::1 POST /Service1.svc - 49474 - ::1 - - 200 0 0 126
2018-07-24 06:19:19 ::1 POST /Service1.svc - 49474 - ::1 - - 200 0 0 34
2018-07-24 06:19:19 ::1 POST /Service1.svc - 49474 - ::1 - - 200 0 0 28
2018-07-24 06:19:23 ::1 POST /Service1.svc - 49474 - ::1 - - 200 0 0 220
2018-07-24 06:19:31 ::1 POST /Service1.svc - 49474 - ::1 - - 200 0 0 136
2018-07-24 06:21:43 ::1 POST /Service1.svc - 49474 - ::1 - - 200 0 0 293
2018-07-24 06:21:58 ::1 POST /Service1.svc - 49474 - ::1 - - 200 0 0 120
2018-07-24 06:24:28 ::1 POST /Service1.svc - 49474 - ::1 - - 200 0 0 79
2018-07-24 06:24:34 ::1 POST /Service1.svc - 49474 - ::1 - - 200 0 0 54
2018-07-24 06:29:57 ::1 POST /Service1.svc - 49474 - ::1 - - 200 0 0 25
2018-07-24 06:29:57 ::1 POST /Service1.svc - 49474 - ::1 - - 200 0 0 25
2018-07-24 06:29:57 ::1 POST /Service1.svc - 49474 - ::1 - - 200 0 0 17
2018-07-24 06:29:57 ::1 POST /Service1.svc - 49474 - ::1 - - 200 0 0 33
2018-07-24 06:30:14 ::1 POST /Service1.svc - 49474 - ::1 - - 200 0 0 47
2018-07-24 06:30:14 ::1 POST /Service1.svc - 49474 - ::1 - - 200 0 0 38
2018-07-24 06:30:14 ::1 POST /Service1.svc - 49474 - ::1 - - 200 0 0 56
2018-07-24 06:30:14 ::1 POST /Service1.svc - 49474 - ::1 - - 200 0 0 16
2018-07-24 06:30:16 ::1 POST /Service1.svc - 49474 - ::1 - - 200 0 0 19
2018-07-24 06:30:16 ::1 POST /Service1.svc - 49474 - ::1 - - 200 0 0 39
2018-07-24 06:30:16 ::1 POST /Service1.svc - 49474 - ::1 - - 200 0 0 25
2018-07-24 06:30:16 ::1 POST /Service1.svc - 49474 - ::1 - - 200 0 0 112
2018-07-24 06:30:16 ::1 POST /Service1.svc - 49474 - ::1 - - 200 0 0 84
2018-07-24 06:30:16 ::1 POST /Service1.svc - 49474 - ::1 - - 200 0 0 82
2018-07-24 06:30:16 ::1 POST /Service1.svc - 49474 - ::1 - - 200 0 0 100
2018-07-24 06:30:16 ::1 POST /Service1.svc - 49474 - ::1 - - 200 0 0 91
2018-07-24 06:30:16 ::1 POST /Service1.svc - 49474 - ::1 - - 200 0 0 37
2018-07-24 06:30:16 ::1 POST /Service1.svc - 49474 - ::1 - - 200 0 0 62
2018-07-24 06:30:16 ::1 POST /Service1.svc - 49474 - ::1 - - 200 0 0 32
2018-07-24 06:30:19 ::1 POST /Service1.svc - 49474 - ::1 - - 200 0 0 48
2018-07-24 06:30:19 ::1 POST /Service1.svc - 49474 - ::1 - - 200 0 0 136
2018-07-24 06:30:19 ::1 POST /Service1.svc - 49474 - ::1 - - 200 0 0 33
2018-07-24 06:30:19 ::1 POST /Service1.svc - 49474 - ::1 - - 200 0 0 54
2018-07-24 06:30:19 ::1 POST /Service1.svc - 49474 - ::1 - - 200 0 0 135
2018-07-24 06:30:19 ::1 POST /Service1.svc - 49474 - ::1 - - 200 0 0 48
2018-07-24 06:30:19 ::1 POST /Service1.svc - 49474 - ::1 - - 200 0 0 62
2018-07-24 06:30:19 ::1 POST /Service1.svc - 49474 - ::1 - - 200 0 0 74
2018-07-24 06:30:19 ::1 POST /Service1.svc - 49474 - ::1 - - 200 0 0 38
2018-07-24 06:30:19 ::1 POST /Service1.svc - 49474 - ::1 - - 200 0 0 45
2018-07-24 06:30:23 ::1 POST /Service1.svc - 49474 - ::1 - - 200 0 0 53
2018-07-24 06:31:50 ::1 POST /Service1.svc - 49474 - ::1 - - 200 0 0 124
2018-07-24 06:32:10 ::1 POST /Service1.svc - 49474 - ::1 - - 200 0 0 103
2018-07-24 06:43:58 ::1 POST /Service1.svc - 49474 - ::1 - - 200 0 0 102
2018-07-24 06:43:58 ::1 POST /Service1.svc - 49474 - ::1 - - 200 0 0 17
2018-07-24 06:43:58 ::1 POST /Service1.svc - 49474 - ::1 - - 200 0 0 23
2018-07-24 06:43:58 ::1 POST /Service1.svc - 49474 - ::1 - - 200 0 0 42
2018-07-24 06:44:03 ::1 POST /Service1.svc - 49474 - ::1 - - 200 0 0 48
2018-07-24 06:44:03 ::1 POST /Service1.svc - 49474 - ::1 - - 200 0 0 88
2018-07-24 06:44:03 ::1 POST /Service1.svc - 49474 - ::1 - - 200 0 0 24
2018-07-24 06:44:03 ::1 POST /Service1.svc - 49474 - ::1 - - 200 0 0 73
2018-07-24 06:44:05 ::1 POST /Service1.svc - 49474 - ::1 - - 200 0 0 18
2018-07-24 06:44:05 ::1 POST /Service1.svc - 49474 - ::1 - - 200 0 0 48
2018-07-24 06:44:05 ::1 POST /Service1.svc - 49474 - ::1 - - 200 0 0 158
2018-07-24 06:44:05 ::1 POST /Service1.svc - 49474 - ::1 - - 200 0 0 39
2018-07-24 06:44:05 ::1 POST /Service1.svc - 49474 - ::1 - - 200 0 0 30
2018-07-24 06:44:05 ::1 POST /Service1.svc - 49474 - ::1 - - 200 0 0 25
2018-07-24 06:44:05 ::1 POST /Service1.svc - 49474 - ::1 - - 200 0 0 64
2018-07-24 06:44:05 ::1 POST /Service1.svc - 49474 - ::1 - - 200 0 0 98
2018-07-24 06:44:05 ::1 POST /Service1.svc - 49474 - ::1 - - 200 0 0 47
2018-07-24 06:44:05 ::1 POST /Service1.svc - 49474 - ::1 - - 200 0 0 80
2018-07-24 06:44:05 ::1 POST /Service1.svc - 49474 - ::1 - - 200 0 0 105
2018-07-24 06:44:08 ::1 POST /Service1.svc - 49474 - ::1 - - 200 0 0 48
2018-07-24 06:44:08 ::1 POST /Service1.svc - 49474 - ::1 - - 200 0 0 113
2018-07-24 06:44:08 ::1 POST /Service1.svc - 49474 - ::1 - - 200 0 0 97
2018-07-24 06:44:08 ::1 POST /Service1.svc - 49474 - ::1 - - 200 0 0 79
2018-07-24 06:44:08 ::1 POST /Service1.svc - 49474 - ::1 - - 200 0 0 39
2018-07-24 06:44:08 ::1 POST /Service1.svc - 49474 - ::1 - - 200 0 0 64
2018-07-24 06:44:08 ::1 POST /Service1.svc - 49474 - ::1 - - 200 0 0 40
2018-07-24 06:44:08 ::1 POST /Service1.svc - 49474 - ::1 - - 200 0 0 76
2018-07-24 06:44:08 ::1 POST /Service1.svc - 49474 - ::1 - - 200 0 0 25
2018-07-24 06:44:08 ::1 POST /Service1.svc - 49474 - ::1 - - 200 0 0 40
2018-07-24 06:44:11 ::1 POST /Service1.svc - 49474 - ::1 - - 200 0 0 67
2018-07-24 06:45:20 ::1 POST /Service1.svc - 49474 - ::1 - - 200 0 0 109
2018-07-24 06:45:36 ::1 POST /Service1.svc - 49474 - ::1 - - 200 0 0 119
2018-07-24 06:47:21 ::1 POST /Service1.svc - 49474 - ::1 - - 200 0 0 61
#Software: Microsoft Internet Information Services 10.0
#Version: 1.0
#Date: 2018-07-24 06:54:36
#Fields: date time s-ip cs-method cs-uri-stem cs-uri-query s-port cs-username c-ip cs(User-Agent) cs(Referer) sc-status sc-substatus sc-win32-status time-taken
2018-07-24 06:54:36 ::1 POST /Service1.svc - 49474 - ::1 - - 415 0 0 21486
2018-07-24 06:54:36 ::1 POST /Service1.svc/mex - 49474 - ::1 - - 415 0 0 16
2018-07-24 06:54:40 ::1 GET /Service1.svc - 49474 - ::1 Mozilla/4.0+(compatible;+MSIE+6.0;+MS+Web+Services+Client+Protocol+4.0.30319.42000) - 200 0 0 4062
2018-07-24 06:54:40 ::1 GET /Service1.svc disco 49474 - ::1 Mozilla/4.0+(compatible;+MSIE+6.0;+MS+Web+Services+Client+Protocol+4.0.30319.42000) - 200 0 0 12
2018-07-24 06:54:40 ::1 GET /Service1.svc wsdl 49474 - ::1 Mozilla/4.0+(compatible;+MSIE+6.0;+MS+Web+Services+Client+Protocol+4.0.30319.42000) - 200 0 0 42
2018-07-24 06:54:40 ::1 GET /Service1.svc xsd=xsd0 49474 - ::1 Mozilla/4.0+(compatible;+MSIE+6.0;+MS+Web+Services+Client+Protocol+4.0.30319.42000) - 200 0 0 516
2018-07-24 06:54:40 ::1 GET /Service1.svc xsd=xsd2 49474 - ::1 Mozilla/4.0+(compatible;+MSIE+6.0;+MS+Web+Services+Client+Protocol+4.0.30319.42000) - 200 0 0 19
2018-07-24 06:54:40 ::1 GET /Service1.svc xsd=xsd3 49474 - ::1 Mozilla/4.0+(compatible;+MSIE+6.0;+MS+Web+Services+Client+Protocol+4.0.30319.42000) - 200 0 0 13
2018-07-24 06:54:40 ::1 GET /Service1.svc xsd=xsd1 49474 - ::1 Mozilla/4.0+(compatible;+MSIE+6.0;+MS+Web+Services+Client+Protocol+4.0.30319.42000) - 200 0 0 29
2018-07-24 06:54:57 ::1 GET /Service1.svc/$metadata - 49474 - ::1 Mozilla/4.0+(compatible;+MSIE+6.0;+MS+Web+Services+Client+Protocol+4.0.30319.42000) - 400 0 0 11
2018-07-24 06:54:57 ::1 GET /Service1.svc - 49474 - ::1 Mozilla/4.0+(compatible;+MSIE+6.0;+MS+Web+Services+Client+Protocol+4.0.30319.42000) - 200 0 0 6
2018-07-24 06:54:57 ::1 GET /Service1.svc disco 49474 - ::1 Mozilla/4.0+(compatible;+MSIE+6.0;+MS+Web+Services+Client+Protocol+4.0.30319.42000) - 200 0 0 10
2018-07-24 06:54:57 ::1 GET /Service1.svc wsdl 49474 - ::1 Mozilla/4.0+(compatible;+MSIE+6.0;+MS+Web+Services+Client+Protocol+4.0.30319.42000) - 200 0 0 47
2018-07-24 06:54:57 ::1 GET /Service1.svc xsd=xsd0 49474 - ::1 Mozilla/4.0+(compatible;+MSIE+6.0;+MS+Web+Services+Client+Protocol+4.0.30319.42000) - 200 0 0 8
2018-07-24 06:54:57 ::1 GET /Service1.svc xsd=xsd2 49474 - ::1 Mozilla/4.0+(compatible;+MSIE+6.0;+MS+Web+Services+Client+Protocol+4.0.30319.42000) - 200 0 0 13
2018-07-24 06:54:57 ::1 GET /Service1.svc xsd=xsd3 49474 - ::1 Mozilla/4.0+(compatible;+MSIE+6.0;+MS+Web+Services+Client+Protocol+4.0.30319.42000) - 200 0 0 18
2018-07-24 06:54:57 ::1 GET /Service1.svc xsd=xsd1 49474 - ::1 Mozilla/4.0+(compatible;+MSIE+6.0;+MS+Web+Services+Client+Protocol+4.0.30319.42000) - 200 0 0 9
2018-07-24 06:54:57 ::1 POST /Service1.svc/mex - 49474 - ::1 - - 415 0 0 50
2018-07-24 06:54:57 ::1 POST /Service1.svc - 49474 - ::1 - - 415 0 0 101
2018-07-24 06:55:31 ::1 GET /Service1.svc - 49474 - ::1 Mozilla/4.0+(compatible;+MSIE+6.0;+MS+Web+Services+Client+Protocol+4.0.30319.42000) - 200 0 0 85
2018-07-24 06:55:31 ::1 POST /Service1.svc - 49474 - ::1 - - 415 0 0 148
2018-07-24 06:55:31 ::1 GET /Service1.svc/$metadata - 49474 - ::1 Mozilla/4.0+(compatible;+MSIE+6.0;+MS+Web+Services+Client+Protocol+4.0.30319.42000) - 400 0 0 163
2018-07-24 06:55:31 ::1 POST /Service1.svc/mex - 49474 - ::1 - - 415 0 0 178
2018-07-24 06:55:31 ::1 GET /Service1.svc disco 49474 - ::1 Mozilla/4.0+(compatible;+MSIE+6.0;+MS+Web+Services+Client+Protocol+4.0.30319.42000) - 200 0 0 131
2018-07-24 06:55:31 ::1 GET /Service1.svc wsdl 49474 - ::1 Mozilla/4.0+(compatible;+MSIE+6.0;+MS+Web+Services+Client+Protocol+4.0.30319.42000) - 200 0 0 149
2018-07-24 06:55:31 ::1 GET /Service1.svc xsd=xsd0 49474 - ::1 Mozilla/4.0+(compatible;+MSIE+6.0;+MS+Web+Services+Client+Protocol+4.0.30319.42000) - 200 0 0 108
2018-07-24 06:55:32 ::1 GET /Service1.svc xsd=xsd2 49474 - ::1 Mozilla/4.0+(compatible;+MSIE+6.0;+MS+Web+Services+Client+Protocol+4.0.30319.42000) - 200 0 0 734
2018-07-24 06:55:32 ::1 GET /Service1.svc xsd=xsd3 49474 - ::1 Mozilla/4.0+(compatible;+MSIE+6.0;+MS+Web+Services+Client+Protocol+4.0.30319.42000) - 200 0 0 36
2018-07-24 06:55:32 ::1 GET /Service1.svc xsd=xsd1 49474 - ::1 Mozilla/4.0+(compatible;+MSIE+6.0;+MS+Web+Services+Client+Protocol+4.0.30319.42000) - 200 0 0 9
2018-07-24 06:56:26 ::1 POST /Service1.svc - 49474 - ::1 - - 200 0 0 1794
2018-07-24 06:56:26 ::1 POST /Service1.svc - 49474 - ::1 - - 200 0 0 98
2018-07-24 06:56:26 ::1 POST /Service1.svc - 49474 - ::1 - - 200 0 0 41
2018-07-24 06:56:26 ::1 POST /Service1.svc - 49474 - ::1 - - 200 0 0 109
2018-07-24 06:56:31 ::1 POST /Service1.svc - 49474 - ::1 - - 200 0 0 109
2018-07-24 06:56:31 ::1 POST /Service1.svc - 49474 - ::1 - - 200 0 0 105
2018-07-24 06:56:31 ::1 POST /Service1.svc - 49474 - ::1 - - 200 0 0 26
2018-07-24 06:56:31 ::1 POST /Service1.svc - 49474 - ::1 - - 200 0 0 18
2018-07-24 06:56:33 ::1 POST /Service1.svc - 49474 - ::1 - - 200 0 0 72
2018-07-24 06:56:33 ::1 POST /Service1.svc - 49474 - ::1 - - 200 0 0 50
2018-07-24 06:56:33 ::1 POST /Service1.svc - 49474 - ::1 - - 200 0 0 27
2018-07-24 06:56:33 ::1 POST /Service1.svc - 49474 - ::1 - - 200 0 0 27
2018-07-24 06:56:33 ::1 POST /Service1.svc - 49474 - ::1 - - 200 0 0 31
2018-07-24 06:56:33 ::1 POST /Service1.svc - 49474 - ::1 - - 200 0 0 33
2018-07-24 06:56:33 ::1 POST /Service1.svc - 49474 - ::1 - - 200 0 0 51
2018-07-24 06:56:33 ::1 POST /Service1.svc - 49474 - ::1 - - 200 0 0 70
2018-07-24 06:56:33 ::1 POST /Service1.svc - 49474 - ::1 - - 200 0 0 202
2018-07-24 06:56:33 ::1 POST /Service1.svc - 49474 - ::1 - - 200 0 0 40
2018-07-24 06:56:33 ::1 POST /Service1.svc - 49474 - ::1 - - 200 0 0 91
2018-07-24 06:56:36 ::1 POST /Service1.svc - 49474 - ::1 - - 200 0 0 96
2018-07-24 06:56:36 ::1 POST /Service1.svc - 49474 - ::1 - - 200 0 0 107
2018-07-24 06:56:36 ::1 POST /Service1.svc - 49474 - ::1 - - 200 0 0 111
2018-07-24 06:56:36 ::1 POST /Service1.svc - 49474 - ::1 - - 200 0 0 106
2018-07-24 06:56:36 ::1 POST /Service1.svc - 49474 - ::1 - - 200 0 0 96
2018-07-24 06:56:36 ::1 POST /Service1.svc - 49474 - ::1 - - 200 0 0 33
2018-07-24 06:56:36 ::1 POST /Service1.svc - 49474 - ::1 - - 200 0 0 28
2018-07-24 06:56:36 ::1 POST /Service1.svc - 49474 - ::1 - - 200 0 0 56
2018-07-24 06:56:36 ::1 POST /Service1.svc - 49474 - ::1 - - 200 0 0 67
2018-07-24 06:56:36 ::1 POST /Service1.svc - 49474 - ::1 - - 200 0 0 67
2018-07-24 06:56:39 ::1 POST /Service1.svc - 49474 - ::1 - - 200 0 0 40
2018-07-24 06:57:22 ::1 POST /Service1.svc - 49474 - ::1 - - 200 0 0 80
2018-07-24 06:57:36 ::1 POST /Service1.svc - 49474 - ::1 - - 200 0 0 289
2018-07-24 06:57:52 ::1 POST /Service1.svc - 49474 - ::1 - - 200 0 0 10087
2018-07-24 07:05:57 ::1 POST /Service1.svc - 49474 - ::1 - - 200 0 0 159
2018-07-24 07:07:50 ::1 POST /Service1.svc - 49474 - ::1 - - 200 0 64 68290
2018-07-24 07:08:23 ::1 POST /Service1.svc - 49474 - ::1 - - 200 0 0 96
#Software: Microsoft Internet Information Services 10.0
#Version: 1.0
#Date: 2018-07-24 07:13:54
#Fields: date time s-ip cs-method cs-uri-stem cs-uri-query s-port cs-username c-ip cs(User-Agent) cs(Referer) sc-status sc-substatus sc-win32-status time-taken
2018-07-24 07:13:54 ::1 POST /Service1.svc - 49474 - ::1 - - 415 0 0 7641
2018-07-24 07:13:54 ::1 POST /Service1.svc/mex - 49474 - ::1 - - 415 0 0 10
2018-07-24 07:13:58 ::1 GET /Service1.svc - 49474 - ::1 Mozilla/4.0+(compatible;+MSIE+6.0;+MS+Web+Services+Client+Protocol+4.0.30319.42000) - 200 0 0 3726
2018-07-24 07:13:58 ::1 GET /Service1.svc disco 49474 - ::1 Mozilla/4.0+(compatible;+MSIE+6.0;+MS+Web+Services+Client+Protocol+4.0.30319.42000) - 200 0 0 33
2018-07-24 07:13:58 ::1 GET /Service1.svc wsdl 49474 - ::1 Mozilla/4.0+(compatible;+MSIE+6.0;+MS+Web+Services+Client+Protocol+4.0.30319.42000) - 200 0 0 63
2018-07-24 07:13:58 ::1 GET /Service1.svc xsd=xsd0 49474 - ::1 Mozilla/4.0+(compatible;+MSIE+6.0;+MS+Web+Services+Client+Protocol+4.0.30319.42000) - 200 0 0 482
2018-07-24 07:13:58 ::1 GET /Service1.svc xsd=xsd2 49474 - ::1 Mozilla/4.0+(compatible;+MSIE+6.0;+MS+Web+Services+Client+Protocol+4.0.30319.42000) - 200 0 0 11
2018-07-24 07:13:58 ::1 GET /Service1.svc xsd=xsd3 49474 - ::1 Mozilla/4.0+(compatible;+MSIE+6.0;+MS+Web+Services+Client+Protocol+4.0.30319.42000) - 200 0 0 15
2018-07-24 07:13:58 ::1 GET /Service1.svc xsd=xsd1 49474 - ::1 Mozilla/4.0+(compatible;+MSIE+6.0;+MS+Web+Services+Client+Protocol+4.0.30319.42000) - 200 0 0 49
2018-07-24 07:14:43 ::1 POST /Service1.svc - 49474 - ::1 - - 200 0 0 560
2018-07-24 07:14:43 ::1 POST /Service1.svc - 49474 - ::1 - - 200 0 0 26
2018-07-24 07:14:43 ::1 POST /Service1.svc - 49474 - ::1 - - 200 0 0 23
2018-07-24 07:14:43 ::1 POST /Service1.svc - 49474 - ::1 - - 200 0 0 132
2018-07-24 07:14:46 ::1 POST /Service1.svc - 49474 - ::1 - - 200 0 0 37
2018-07-24 07:14:46 ::1 POST /Service1.svc - 49474 - ::1 - - 200 0 0 50
2018-07-24 07:14:46 ::1 POST /Service1.svc - 49474 - ::1 - - 200 0 0 62
2018-07-24 07:14:46 ::1 POST /Service1.svc - 49474 - ::1 - - 200 0 0 91
2018-07-24 07:14:48 ::1 POST /Service1.svc - 49474 - ::1 - - 200 0 0 108
2018-07-24 07:14:48 ::1 POST /Service1.svc - 49474 - ::1 - - 200 0 0 94
2018-07-24 07:14:48 ::1 POST /Service1.svc - 49474 - ::1 - - 200 0 0 16
2018-07-24 07:14:48 ::1 POST /Service1.svc - 49474 - ::1 - - 200 0 0 32
2018-07-24 07:14:48 ::1 POST /Service1.svc - 49474 - ::1 - - 200 0 0 95
2018-07-24 07:14:48 ::1 POST /Service1.svc - 49474 - ::1 - - 200 0 0 123
2018-07-24 07:14:48 ::1 POST /Service1.svc - 49474 - ::1 - - 200 0 0 51
2018-07-24 07:14:48 ::1 POST /Service1.svc - 49474 - ::1 - - 200 0 0 72
2018-07-24 07:14:48 ::1 POST /Service1.svc - 49474 - ::1 - - 200 0 0 118
2018-07-24 07:14:48 ::1 POST /Service1.svc - 49474 - ::1 - - 200 0 0 46
2018-07-24 07:14:48 ::1 POST /Service1.svc - 49474 - ::1 - - 200 0 0 160
2018-07-24 07:14:51 ::1 POST /Service1.svc - 49474 - ::1 - - 200 0 0 100
2018-07-24 07:14:51 ::1 POST /Service1.svc - 49474 - ::1 - - 200 0 0 107
2018-07-24 07:14:51 ::1 POST /Service1.svc - 49474 - ::1 - - 200 0 0 26
2018-07-24 07:14:51 ::1 POST /Service1.svc - 49474 - ::1 - - 200 0 0 197
2018-07-24 07:14:51 ::1 POST /Service1.svc - 49474 - ::1 - - 200 0 0 48
2018-07-24 07:14:51 ::1 POST /Service1.svc - 49474 - ::1 - - 200 0 0 341
2018-07-24 07:14:52 ::1 POST /Service1.svc - 49474 - ::1 - - 200 0 0 228
2018-07-24 07:14:52 ::1 POST /Service1.svc - 49474 - ::1 - - 200 0 0 121
2018-07-24 07:14:52 ::1 POST /Service1.svc - 49474 - ::1 - - 200 0 0 58
2018-07-24 07:14:52 ::1 POST /Service1.svc - 49474 - ::1 - - 200 0 0 60
2018-07-24 07:14:55 ::1 POST /Service1.svc - 49474 - ::1 - - 200 0 0 41
2018-07-24 07:15:31 ::1 POST /Service1.svc - 49474 - ::1 - - 200 0 0 99
2018-07-24 07:16:37 ::1 POST /Service1.svc - 49474 - ::1 - - 200 0 0 158
2018-07-24 07:21:02 ::1 POST /Service1.svc - 49474 - ::1 - - 200 0 0 33128
2018-07-24 07:21:02 ::1 POST /Service1.svc - 49474 - ::1 - - 200 0 0 29
2018-07-24 07:21:02 ::1 POST /Service1.svc - 49474 - ::1 - - 200 0 64 254909
2018-07-24 07:21:02 ::1 POST /Service1.svc - 49474 - ::1 - - 200 0 0 240
2018-07-24 07:21:02 ::1 POST /Service1.svc - 49474 - ::1 - - 200 0 0 49
#Software: Microsoft Internet Information Services 10.0
#Version: 1.0
#Date: 2018-07-24 07:21:38
#Fields: date time s-ip cs-method cs-uri-stem cs-uri-query s-port cs-username c-ip cs(User-Agent) cs(Referer) sc-status sc-substatus sc-win32-status time-taken
2018-07-24 07:21:38 ::1 POST /Service1.svc - 49474 - ::1 - - 415 0 0 3244
2018-07-24 07:21:38 ::1 POST /Service1.svc/mex - 49474 - ::1 - - 415 0 0 49
2018-07-24 07:21:42 ::1 GET /Service1.svc - 49474 - ::1 Mozilla/4.0+(compatible;+MSIE+6.0;+MS+Web+Services+Client+Protocol+4.0.30319.42000) - 200 0 0 3754
2018-07-24 07:21:42 ::1 GET /Service1.svc disco 49474 - ::1 Mozilla/4.0+(compatible;+MSIE+6.0;+MS+Web+Services+Client+Protocol+4.0.30319.42000) - 200 0 0 14
2018-07-24 07:21:42 ::1 GET /Service1.svc wsdl 49474 - ::1 Mozilla/4.0+(compatible;+MSIE+6.0;+MS+Web+Services+Client+Protocol+4.0.30319.42000) - 200 0 0 30
2018-07-24 07:21:42 ::1 GET /Service1.svc xsd=xsd0 49474 - ::1 Mozilla/4.0+(compatible;+MSIE+6.0;+MS+Web+Services+Client+Protocol+4.0.30319.42000) - 200 0 0 385
2018-07-24 07:21:42 ::1 GET /Service1.svc xsd=xsd2 49474 - ::1 Mozilla/4.0+(compatible;+MSIE+6.0;+MS+Web+Services+Client+Protocol+4.0.30319.42000) - 200 0 0 67
2018-07-24 07:21:42 ::1 GET /Service1.svc xsd=xsd3 49474 - ::1 Mozilla/4.0+(compatible;+MSIE+6.0;+MS+Web+Services+Client+Protocol+4.0.30319.42000) - 200 0 0 38
2018-07-24 07:21:42 ::1 GET /Service1.svc xsd=xsd1 49474 - ::1 Mozilla/4.0+(compatible;+MSIE+6.0;+MS+Web+Services+Client+Protocol+4.0.30319.42000) - 200 0 0 23
2018-07-24 07:22:14 ::1 POST /Service1.svc - 49474 - ::1 - - 200 0 0 283
2018-07-24 07:22:14 ::1 POST /Service1.svc - 49474 - ::1 - - 200 0 0 115
2018-07-24 07:22:14 ::1 POST /Service1.svc - 49474 - ::1 - - 200 0 0 37
2018-07-24 07:22:14 ::1 POST /Service1.svc - 49474 - ::1 - - 200 0 0 44
2018-07-24 07:22:18 ::1 POST /Service1.svc - 49474 - ::1 - - 200 0 0 44
2018-07-24 07:22:18 ::1 POST /Service1.svc - 49474 - ::1 - - 200 0 0 26
2018-07-24 07:22:18 ::1 POST /Service1.svc - 49474 - ::1 - - 200 0 0 35
2018-07-24 07:22:18 ::1 POST /Service1.svc - 49474 - ::1 - - 200 0 0 73
2018-07-24 07:22:20 ::1 POST /Service1.svc - 49474 - ::1 - - 200 0 0 18
2018-07-24 07:22:20 ::1 POST /Service1.svc - 49474 - ::1 - - 200 0 0 70
2018-07-24 07:22:20 ::1 POST /Service1.svc - 49474 - ::1 - - 200 0 0 14
2018-07-24 07:22:20 ::1 POST /Service1.svc - 49474 - ::1 - - 200 0 0 32
2018-07-24 07:22:20 ::1 POST /Service1.svc - 49474 - ::1 - - 200 0 0 58
2018-07-24 07:22:20 ::1 POST /Service1.svc - 49474 - ::1 - - 200 0 0 20
2018-07-24 07:22:20 ::1 POST /Service1.svc - 49474 - ::1 - - 200 0 0 13
2018-07-24 07:22:20 ::1 POST /Service1.svc - 49474 - ::1 - - 200 0 0 69
2018-07-24 07:22:20 ::1 POST /Service1.svc - 49474 - ::1 - - 200 0 0 141
2018-07-24 07:22:20 ::1 POST /Service1.svc - 49474 - ::1 - - 200 0 0 63
2018-07-24 07:22:20 ::1 POST /Service1.svc - 49474 - ::1 - - 200 0 0 175
2018-07-24 07:22:22 ::1 POST /Service1.svc - 49474 - ::1 - - 200 0 0 44
2018-07-24 07:22:22 ::1 POST /Service1.svc - 49474 - ::1 - - 200 0 0 154
2018-07-24 07:22:22 ::1 POST /Service1.svc - 49474 - ::1 - - 200 0 0 31
2018-07-24 07:22:22 ::1 POST /Service1.svc - 49474 - ::1 - - 200 0 0 36
2018-07-24 07:22:22 ::1 POST /Service1.svc - 49474 - ::1 - - 200 0 0 79
2018-07-24 07:22:22 ::1 POST /Service1.svc - 49474 - ::1 - - 200 0 0 89
2018-07-24 07:22:22 ::1 POST /Service1.svc - 49474 - ::1 - - 200 0 0 34
2018-07-24 07:22:22 ::1 POST /Service1.svc - 49474 - ::1 - - 200 0 0 82
2018-07-24 07:22:22 ::1 POST /Service1.svc - 49474 - ::1 - - 200 0 0 45
2018-07-24 07:22:22 ::1 POST /Service1.svc - 49474 - ::1 - - 200 0 0 38
2018-07-24 07:22:26 ::1 POST /Service1.svc - 49474 - ::1 - - 200 0 0 79
2018-07-24 07:23:04 ::1 POST /Service1.svc - 49474 - ::1 - - 200 0 0 83
2018-07-24 07:24:02 ::1 POST /Service1.svc - 49474 - ::1 - - 200 0 0 165
2018-07-24 07:25:08 ::1 POST /Service1.svc - 49474 - ::1 - - 200 0 0 55350
2018-07-24 07:25:53 ::1 POST /Service1.svc - 49474 - ::1 - - 200 0 0 62
2018-07-24 07:26:41 ::1 POST /Service1.svc - 49474 - ::1 - - 200 0 0 27378
2018-07-24 07:31:43 ::1 POST /Service1.svc - 49474 - ::1 - - 200 0 0 48072
#Software: Microsoft Internet Information Services 10.0
#Version: 1.0
#Date: 2018-07-24 07:34:34
#Fields: date time s-ip cs-method cs-uri-stem cs-uri-query s-port cs-username c-ip cs(User-Agent) cs(Referer) sc-status sc-substatus sc-win32-status time-taken
2018-07-24 07:34:34 ::1 POST /Service1.svc - 49474 - ::1 - - 415 0 0 3178
2018-07-24 07:34:34 ::1 POST /Service1.svc/mex - 49474 - ::1 - - 415 0 0 127
2018-07-24 07:34:38 ::1 GET /Service1.svc - 49474 - ::1 Mozilla/4.0+(compatible;+MSIE+6.0;+MS+Web+Services+Client+Protocol+4.0.30319.42000) - 200 0 0 4002
2018-07-24 07:34:38 ::1 GET /Service1.svc disco 49474 - ::1 Mozilla/4.0+(compatible;+MSIE+6.0;+MS+Web+Services+Client+Protocol+4.0.30319.42000) - 200 0 0 17
2018-07-24 07:34:38 ::1 GET /Service1.svc wsdl 49474 - ::1 Mozilla/4.0+(compatible;+MSIE+6.0;+MS+Web+Services+Client+Protocol+4.0.30319.42000) - 200 0 0 28
2018-07-24 07:34:38 ::1 GET /Service1.svc xsd=xsd0 49474 - ::1 Mozilla/4.0+(compatible;+MSIE+6.0;+MS+Web+Services+Client+Protocol+4.0.30319.42000) - 200 0 0 386
2018-07-24 07:34:38 ::1 GET /Service1.svc xsd=xsd2 49474 - ::1 Mozilla/4.0+(compatible;+MSIE+6.0;+MS+Web+Services+Client+Protocol+4.0.30319.42000) - 200 0 0 10
2018-07-24 07:34:38 ::1 GET /Service1.svc xsd=xsd3 49474 - ::1 Mozilla/4.0+(compatible;+MSIE+6.0;+MS+Web+Services+Client+Protocol+4.0.30319.42000) - 200 0 0 14
2018-07-24 07:34:38 ::1 GET /Service1.svc xsd=xsd1 49474 - ::1 Mozilla/4.0+(compatible;+MSIE+6.0;+MS+Web+Services+Client+Protocol+4.0.30319.42000) - 200 0 0 21
2018-07-24 07:34:51 ::1 GET /Service1.svc - 49474 - ::1 Mozilla/4.0+(compatible;+MSIE+6.0;+MS+Web+Services+Client+Protocol+4.0.30319.42000) - 200 0 0 31
2018-07-24 07:34:51 ::1 GET /Service1.svc/$metadata - 49474 - ::1 Mozilla/4.0+(compatible;+MSIE+6.0;+MS+Web+Services+Client+Protocol+4.0.30319.42000) - 400 0 0 63
2018-07-24 07:34:51 ::1 POST /Service1.svc - 49474 - ::1 - - 415 0 0 54
2018-07-24 07:34:51 ::1 POST /Service1.svc/mex - 49474 - ::1 - - 415 0 0 60
2018-07-24 07:34:51 ::1 GET /Service1.svc disco 49474 - ::1 Mozilla/4.0+(compatible;+MSIE+6.0;+MS+Web+Services+Client+Protocol+4.0.30319.42000) - 200 0 0 86
2018-07-24 07:34:51 ::1 GET /Service1.svc wsdl 49474 - ::1 Mozilla/4.0+(compatible;+MSIE+6.0;+MS+Web+Services+Client+Protocol+4.0.30319.42000) - 200 0 0 13
2018-07-24 07:34:51 ::1 GET /Service1.svc xsd=xsd0 49474 - ::1 Mozilla/4.0+(compatible;+MSIE+6.0;+MS+Web+Services+Client+Protocol+4.0.30319.42000) - 200 0 0 12
2018-07-24 07:34:51 ::1 GET /Service1.svc xsd=xsd2 49474 - ::1 Mozilla/4.0+(compatible;+MSIE+6.0;+MS+Web+Services+Client+Protocol+4.0.30319.42000) - 200 0 0 29
2018-07-24 07:34:51 ::1 GET /Service1.svc xsd=xsd3 49474 - ::1 Mozilla/4.0+(compatible;+MSIE+6.0;+MS+Web+Services+Client+Protocol+4.0.30319.42000) - 200 0 0 47
2018-07-24 07:34:51 ::1 GET /Service1.svc xsd=xsd1 49474 - ::1 Mozilla/4.0+(compatible;+MSIE+6.0;+MS+Web+Services+Client+Protocol+4.0.30319.42000) - 200 0 0 22
2018-07-24 07:35:42 ::1 POST /Service1.svc - 49474 - ::1 - - 200 0 0 381
2018-07-24 07:35:42 ::1 POST /Service1.svc - 49474 - ::1 - - 200 0 0 36
2018-07-24 07:35:42 ::1 POST /Service1.svc - 49474 - ::1 - - 200 0 0 551
2018-07-24 07:35:42 ::1 POST /Service1.svc - 49474 - ::1 - - 200 0 0 168
2018-07-24 07:35:56 ::1 POST /Service1.svc - 49474 - ::1 - - 200 0 0 47
2018-07-24 07:35:56 ::1 POST /Service1.svc - 49474 - ::1 - - 200 0 0 19
2018-07-24 07:35:56 ::1 POST /Service1.svc - 49474 - ::1 - - 200 0 0 21
2018-07-24 07:35:56 ::1 POST /Service1.svc - 49474 - ::1 - - 200 0 0 37
2018-07-24 07:35:57 ::1 POST /Service1.svc - 49474 - ::1 - - 200 0 0 10
2018-07-24 07:35:57 ::1 POST /Service1.svc - 49474 - ::1 - - 200 0 0 21
2018-07-24 07:35:57 ::1 POST /Service1.svc - 49474 - ::1 - - 200 0 0 34
2018-07-24 07:35:57 ::1 POST /Service1.svc - 49474 - ::1 - - 200 0 0 31
2018-07-24 07:35:57 ::1 POST /Service1.svc - 49474 - ::1 - - 200 0 0 23
2018-07-24 07:35:57 ::1 POST /Service1.svc - 49474 - ::1 - - 200 0 0 14
2018-07-24 07:35:57 ::1 POST /Service1.svc - 49474 - ::1 - - 200 0 0 16
2018-07-24 07:35:57 ::1 POST /Service1.svc - 49474 - ::1 - - 200 0 0 88
2018-07-24 07:35:57 ::1 POST /Service1.svc - 49474 - ::1 - - 200 0 0 114
2018-07-24 07:35:57 ::1 POST /Service1.svc - 49474 - ::1 - - 200 0 0 32
2018-07-24 07:35:57 ::1 POST /Service1.svc - 49474 - ::1 - - 200 0 0 107
2018-07-24 07:36:00 ::1 POST /Service1.svc - 49474 - ::1 - - 200 0 0 52
2018-07-24 07:36:00 ::1 POST /Service1.svc - 49474 - ::1 - - 200 0 0 98
2018-07-24 07:36:00 ::1 POST /Service1.svc - 49474 - ::1 - - 200 0 0 28
2018-07-24 07:36:00 ::1 POST /Service1.svc - 49474 - ::1 - - 200 0 0 29
2018-07-24 07:36:00 ::1 POST /Service1.svc - 49474 - ::1 - - 200 0 0 51
2018-07-24 07:36:00 ::1 POST /Service1.svc - 49474 - ::1 - - 200 0 0 60
2018-07-24 07:36:00 ::1 POST /Service1.svc - 49474 - ::1 - - 200 0 0 32
2018-07-24 07:36:00 ::1 POST /Service1.svc - 49474 - ::1 - - 200 0 0 75
2018-07-24 07:36:00 ::1 POST /Service1.svc - 49474 - ::1 - - 200 0 0 49
2018-07-24 07:36:00 ::1 POST /Service1.svc - 49474 - ::1 - - 200 0 0 54
2018-07-24 07:36:02 ::1 POST /Service1.svc - 49474 - ::1 - - 200 0 0 166
2018-07-24 07:36:18 ::1 POST /Service1.svc - 49474 - ::1 - - 200 0 0 44
2018-07-24 07:36:51 ::1 POST /Service1.svc - 49474 - ::1 - - 200 0 0 87
2018-07-24 07:37:11 ::1 POST /Service1.svc - 49474 - ::1 - - 200 0 0 156
2018-07-24 07:38:13 ::1 POST /Service1.svc - 49474 - ::1 - - 200 0 0 36703
2018-07-24 07:41:38 ::1 POST /Service1.svc - 49474 - ::1 - - 200 0 0 596
2018-07-24 07:41:55 ::1 POST /Service1.svc - 49474 - ::1 - - 200 0 0 16726
2018-07-24 07:46:37 ::1 POST /Service1.svc - 49474 - ::1 - - 200 0 0 17048
2018-07-24 07:46:37 ::1 POST /Service1.svc - 49474 - ::1 - - 200 0 0 164
2018-07-24 07:46:37 ::1 POST /Service1.svc - 49474 - ::1 - - 200 0 0 60
2018-07-24 07:46:37 ::1 POST /Service1.svc - 49474 - ::1 - - 200 0 0 117
2018-07-24 07:46:42 ::1 POST /Service1.svc - 49474 - ::1 - - 200 0 0 38
2018-07-24 07:46:42 ::1 POST /Service1.svc - 49474 - ::1 - - 200 0 0 52
2018-07-24 07:46:42 ::1 POST /Service1.svc - 49474 - ::1 - - 200 0 0 109
2018-07-24 07:46:42 ::1 POST /Service1.svc - 49474 - ::1 - - 200 0 0 66
2018-07-24 07:46:45 ::1 POST /Service1.svc - 49474 - ::1 - - 200 0 0 17
2018-07-24 07:46:45 ::1 POST /Service1.svc - 49474 - ::1 - - 200 0 0 16
2018-07-24 07:46:45 ::1 POST /Service1.svc - 49474 - ::1 - - 200 0 0 19
2018-07-24 07:46:45 ::1 POST /Service1.svc - 49474 - ::1 - - 200 0 0 52
2018-07-24 07:46:47 ::1 POST /Service1.svc - 49474 - ::1 - - 200 0 0 116
2018-07-24 07:46:47 ::1 POST /Service1.svc - 49474 - ::1 - - 200 0 0 50
2018-07-24 07:46:47 ::1 POST /Service1.svc - 49474 - ::1 - - 200 0 0 21
2018-07-24 07:46:47 ::1 POST /Service1.svc - 49474 - ::1 - - 200 0 0 35
2018-07-24 07:46:47 ::1 POST /Service1.svc - 49474 - ::1 - - 200 0 0 75
2018-07-24 07:46:47 ::1 POST /Service1.svc - 49474 - ::1 - - 200 0 0 53
2018-07-24 07:46:47 ::1 POST /Service1.svc - 49474 - ::1 - - 200 0 0 22
2018-07-24 07:46:47 ::1 POST /Service1.svc - 49474 - ::1 - - 200 0 0 50
2018-07-24 07:46:47 ::1 POST /Service1.svc - 49474 - ::1 - - 200 0 0 61
2018-07-24 07:46:47 ::1 POST /Service1.svc - 49474 - ::1 - - 200 0 0 63
2018-07-24 07:46:47 ::1 POST /Service1.svc - 49474 - ::1 - - 200 0 0 55
2018-07-24 07:46:50 ::1 POST /Service1.svc - 49474 - ::1 - - 200 0 0 34
2018-07-24 07:46:50 ::1 POST /Service1.svc - 49474 - ::1 - - 200 0 0 89
2018-07-24 07:46:50 ::1 POST /Service1.svc - 49474 - ::1 - - 200 0 0 89
2018-07-24 07:46:50 ::1 POST /Service1.svc - 49474 - ::1 - - 200 0 0 45
2018-07-24 07:46:50 ::1 POST /Service1.svc - 49474 - ::1 - - 200 0 0 54
2018-07-24 07:46:50 ::1 POST /Service1.svc - 49474 - ::1 - - 200 0 0 38
2018-07-24 07:46:50 ::1 POST /Service1.svc - 49474 - ::1 - - 200 0 0 56
2018-07-24 07:46:50 ::1 POST /Service1.svc - 49474 - ::1 - - 200 0 0 40
2018-07-24 07:46:50 ::1 POST /Service1.svc - 49474 - ::1 - - 200 0 0 22
2018-07-24 07:46:50 ::1 POST /Service1.svc - 49474 - ::1 - - 200 0 0 120
2018-07-24 07:46:53 ::1 POST /Service1.svc - 49474 - ::1 - - 200 0 0 39
2018-07-24 07:47:14 ::1 POST /Service1.svc - 49474 - ::1 - - 200 0 0 97
2018-07-24 07:47:14 ::1 POST /Service1.svc - 49474 - ::1 - - 200 0 0 214
2018-07-24 07:47:40 ::1 POST /Service1.svc - 49474 - ::1 - - 200 0 0 24064
#Software: Microsoft Internet Information Services 10.0
#Version: 1.0
#Date: 2018-07-24 08:40:36
#Fields: date time s-ip cs-method cs-uri-stem cs-uri-query s-port cs-username c-ip cs(User-Agent) cs(Referer) sc-status sc-substatus sc-win32-status time-taken
2018-07-24 08:40:35 ::1 POST /Service1.svc - 49474 - ::1 - - 200 0 0 61
2018-07-24 08:40:35 ::1 POST /Service1.svc - 49474 - ::1 - - 200 0 0 21
2018-07-24 08:40:35 ::1 POST /Service1.svc - 49474 - ::1 - - 200 0 0 24
2018-07-24 08:40:35 ::1 POST /Service1.svc - 49474 - ::1 - - 200 0 0 33
2018-07-24 08:40:39 ::1 POST /Service1.svc - 49474 - ::1 - - 200 0 0 52
2018-07-24 08:40:39 ::1 POST /Service1.svc - 49474 - ::1 - - 200 0 0 41
2018-07-24 08:40:39 ::1 POST /Service1.svc - 49474 - ::1 - - 200 0 0 61
2018-07-24 08:40:39 ::1 POST /Service1.svc - 49474 - ::1 - - 200 0 0 28
2018-07-24 08:40:41 ::1 POST /Service1.svc - 49474 - ::1 - - 200 0 0 17
2018-07-24 08:40:41 ::1 POST /Service1.svc - 49474 - ::1 - - 200 0 0 21
2018-07-24 08:40:41 ::1 POST /Service1.svc - 49474 - ::1 - - 200 0 0 19
2018-07-24 08:40:41 ::1 POST /Service1.svc - 49474 - ::1 - - 200 0 0 27
2018-07-24 08:40:41 ::1 POST /Service1.svc - 49474 - ::1 - - 200 0 0 148
2018-07-24 08:40:41 ::1 POST /Service1.svc - 49474 - ::1 - - 200 0 0 39
2018-07-24 08:40:41 ::1 POST /Service1.svc - 49474 - ::1 - - 200 0 0 40
2018-07-24 08:40:41 ::1 POST /Service1.svc - 49474 - ::1 - - 200 0 0 49
2018-07-24 08:40:41 ::1 POST /Service1.svc - 49474 - ::1 - - 200 0 0 109
2018-07-24 08:40:41 ::1 POST /Service1.svc - 49474 - ::1 - - 200 0 0 63
2018-07-24 08:40:41 ::1 POST /Service1.svc - 49474 - ::1 - - 200 0 0 34
2018-07-24 08:40:44 ::1 POST /Service1.svc - 49474 - ::1 - - 200 0 0 127
2018-07-24 08:40:44 ::1 POST /Service1.svc - 49474 - ::1 - - 200 0 0 82
2018-07-24 08:40:44 ::1 POST /Service1.svc - 49474 - ::1 - - 200 0 0 70
2018-07-24 08:40:44 ::1 POST /Service1.svc - 49474 - ::1 - - 200 0 0 75
2018-07-24 08:40:44 ::1 POST /Service1.svc - 49474 - ::1 - - 200 0 0 84
2018-07-24 08:40:44 ::1 POST /Service1.svc - 49474 - ::1 - - 200 0 0 71
2018-07-24 08:40:44 ::1 POST /Service1.svc - 49474 - ::1 - - 200 0 0 91
2018-07-24 08:40:44 ::1 POST /Service1.svc - 49474 - ::1 - - 200 0 0 100
2018-07-24 08:40:44 ::1 POST /Service1.svc - 49474 - ::1 - - 200 0 0 85
2018-07-24 08:40:44 ::1 POST /Service1.svc - 49474 - ::1 - - 200 0 0 88
2018-07-24 08:40:47 ::1 POST /Service1.svc - 49474 - ::1 - - 200 0 0 180
2018-07-24 08:41:28 ::1 POST /Service1.svc - 49474 - ::1 - - 200 0 0 125
#Software: Microsoft Internet Information Services 10.0
#Version: 1.0
#Date: 2018-07-24 09:03:06
#Fields: date time s-ip cs-method cs-uri-stem cs-uri-query s-port cs-username c-ip cs(User-Agent) cs(Referer) sc-status sc-substatus sc-win32-status time-taken
2018-07-24 09:03:06 ::1 POST /Service1.svc - 49474 - ::1 - - 415 0 0 24290
2018-07-24 09:03:06 ::1 POST /Service1.svc/mex - 49474 - ::1 - - 415 0 0 23
2018-07-24 09:03:12 ::1 GET /Service1.svc - 49474 - ::1 Mozilla/4.0+(compatible;+MSIE+6.0;+MS+Web+Services+Client+Protocol+4.0.30319.42000) - 200 0 0 5054
2018-07-24 09:03:12 ::1 GET /Service1.svc disco 49474 - ::1 Mozilla/4.0+(compatible;+MSIE+6.0;+MS+Web+Services+Client+Protocol+4.0.30319.42000) - 200 0 0 54
2018-07-24 09:03:12 ::1 GET /Service1.svc wsdl 49474 - ::1 Mozilla/4.0+(compatible;+MSIE+6.0;+MS+Web+Services+Client+Protocol+4.0.30319.42000) - 200 0 0 71
2018-07-24 09:03:13 ::1 GET /Service1.svc xsd=xsd0 49474 - ::1 Mozilla/4.0+(compatible;+MSIE+6.0;+MS+Web+Services+Client+Protocol+4.0.30319.42000) - 200 0 0 880
2018-07-24 09:03:13 ::1 GET /Service1.svc xsd=xsd2 49474 - ::1 Mozilla/4.0+(compatible;+MSIE+6.0;+MS+Web+Services+Client+Protocol+4.0.30319.42000) - 200 0 0 35
2018-07-24 09:03:13 ::1 GET /Service1.svc xsd=xsd3 49474 - ::1 Mozilla/4.0+(compatible;+MSIE+6.0;+MS+Web+Services+Client+Protocol+4.0.30319.42000) - 200 0 0 14
2018-07-24 09:03:13 ::1 GET /Service1.svc xsd=xsd1 49474 - ::1 Mozilla/4.0+(compatible;+MSIE+6.0;+MS+Web+Services+Client+Protocol+4.0.30319.42000) - 200 0 0 89
2018-07-24 09:03:34 ::1 GET /Service1.svc - 49474 - ::1 Mozilla/4.0+(compatible;+MSIE+6.0;+MS+Web+Services+Client+Protocol+4.0.30319.42000) - 200 0 0 29
2018-07-24 09:03:34 ::1 GET /Service1.svc/$metadata - 49474 - ::1 Mozilla/4.0+(compatible;+MSIE+6.0;+MS+Web+Services+Client+Protocol+4.0.30319.42000) - 400 0 0 114
2018-07-24 09:03:34 ::1 GET /Service1.svc disco 49474 - ::1 Mozilla/4.0+(compatible;+MSIE+6.0;+MS+Web+Services+Client+Protocol+4.0.30319.42000) - 200 0 0 13
2018-07-24 09:03:34 ::1 GET /Service1.svc wsdl 49474 - ::1 Mozilla/4.0+(compatible;+MSIE+6.0;+MS+Web+Services+Client+Protocol+4.0.30319.42000) - 200 0 0 96
2018-07-24 09:03:34 ::1 GET /Service1.svc xsd=xsd0 49474 - ::1 Mozilla/4.0+(compatible;+MSIE+6.0;+MS+Web+Services+Client+Protocol+4.0.30319.42000) - 200 0 0 109
2018-07-24 09:03:34 ::1 GET /Service1.svc xsd=xsd2 49474 - ::1 Mozilla/4.0+(compatible;+MSIE+6.0;+MS+Web+Services+Client+Protocol+4.0.30319.42000) - 200 0 0 53
2018-07-24 09:03:34 ::1 GET /Service1.svc xsd=xsd3 49474 - ::1 Mozilla/4.0+(compatible;+MSIE+6.0;+MS+Web+Services+Client+Protocol+4.0.30319.42000) - 200 0 0 11
2018-07-24 09:03:34 ::1 GET /Service1.svc xsd=xsd1 49474 - ::1 Mozilla/4.0+(compatible;+MSIE+6.0;+MS+Web+Services+Client+Protocol+4.0.30319.42000) - 200 0 0 28
2018-07-24 09:03:37 ::1 POST /Service1.svc - 49474 - ::1 - - 415 0 0 34
2018-07-24 09:03:37 ::1 POST /Service1.svc/mex - 49474 - ::1 - - 415 0 0 71
#Software: Microsoft Internet Information Services 10.0
#Version: 1.0
#Date: 2018-07-24 09:20:20
#Fields: date time s-ip cs-method cs-uri-stem cs-uri-query s-port cs-username c-ip cs(User-Agent) cs(Referer) sc-status sc-substatus sc-win32-status time-taken
2018-07-24 09:20:20 ::1 POST /Service1.svc - 49474 - ::1 - - 200 0 0 1605
2018-07-24 09:20:20 ::1 POST /Service1.svc - 49474 - ::1 - - 200 0 0 19
2018-07-24 09:20:20 ::1 POST /Service1.svc - 49474 - ::1 - - 200 0 0 164
2018-07-24 09:20:20 ::1 POST /Service1.svc - 49474 - ::1 - - 200 0 0 94
2018-07-24 09:20:28 ::1 POST /Service1.svc - 49474 - ::1 - - 200 0 0 35
2018-07-24 09:20:28 ::1 POST /Service1.svc - 49474 - ::1 - - 200 0 0 18
2018-07-24 09:20:28 ::1 POST /Service1.svc - 49474 - ::1 - - 200 0 0 30
2018-07-24 09:20:28 ::1 POST /Service1.svc - 49474 - ::1 - - 200 0 0 20
2018-07-24 09:20:29 ::1 POST /Service1.svc - 49474 - ::1 - - 200 0 0 1094
2018-07-24 09:20:31 ::1 POST /Service1.svc - 49474 - ::1 - - 200 0 0 15
2018-07-24 09:20:31 ::1 POST /Service1.svc - 49474 - ::1 - - 200 0 0 15
2018-07-24 09:20:31 ::1 POST /Service1.svc - 49474 - ::1 - - 200 0 0 14
2018-07-24 09:20:31 ::1 POST /Service1.svc - 49474 - ::1 - - 200 0 0 56
2018-07-24 09:20:31 ::1 POST /Service1.svc - 49474 - ::1 - - 200 0 0 22
2018-07-24 09:20:31 ::1 POST /Service1.svc - 49474 - ::1 - - 200 0 0 13
2018-07-24 09:20:31 ::1 POST /Service1.svc - 49474 - ::1 - - 200 0 0 14
2018-07-24 09:20:31 ::1 POST /Service1.svc - 49474 - ::1 - - 200 0 0 64
2018-07-24 09:20:44 ::1 POST /Service1.svc - 49474 - ::1 - - 200 0 0 284
2018-07-24 09:20:49 ::1 POST /Service1.svc - 49474 - ::1 - - 200 0 0 181
2018-07-24 09:20:57 ::1 POST /Service1.svc - 49474 - ::1 - - 200 0 0 123
2018-07-24 09:21:01 ::1 POST /Service1.svc - 49474 - ::1 - - 200 0 0 76
2018-07-24 09:21:04 ::1 POST /Service1.svc - 49474 - ::1 - - 200 0 0 128
2018-07-24 09:21:28 ::1 POST /Service1.svc - 49474 - ::1 - - 200 0 0 193
2018-07-24 09:21:43 ::1 POST /Service1.svc - 49474 - ::1 - - 200 0 0 255
2018-07-24 09:35:35 ::1 POST /Service1.svc - 49474 - ::1 - - 200 0 0 370
2018-07-24 09:35:36 ::1 POST /Service1.svc - 49474 - ::1 - - 200 0 0 906
2018-07-24 09:35:36 ::1 POST /Service1.svc - 49474 - ::1 - - 200 0 0 355
2018-07-24 09:35:36 ::1 POST /Service1.svc - 49474 - ::1 - - 200 0 0 446
2018-07-24 09:35:46 ::1 POST /Service1.svc - 49474 - ::1 - - 200 0 0 49
2018-07-24 09:35:46 ::1 POST /Service1.svc - 49474 - ::1 - - 200 0 0 139
2018-07-24 09:35:46 ::1 POST /Service1.svc - 49474 - ::1 - - 200 0 0 419
2018-07-24 09:35:46 ::1 POST /Service1.svc - 49474 - ::1 - - 200 0 0 250
2018-07-24 09:35:52 ::1 POST /Service1.svc - 49474 - ::1 - - 200 0 0 459
2018-07-24 09:35:52 ::1 POST /Service1.svc - 49474 - ::1 - - 200 0 0 735
2018-07-24 09:35:52 ::1 POST /Service1.svc - 49474 - ::1 - - 200 0 0 116
2018-07-24 09:35:53 ::1 POST /Service1.svc - 49474 - ::1 - - 200 0 0 192
2018-07-24 09:35:53 ::1 POST /Service1.svc - 49474 - ::1 - - 200 0 0 564
2018-07-24 09:35:53 ::1 POST /Service1.svc - 49474 - ::1 - - 200 0 0 77
2018-07-24 09:35:53 ::1 POST /Service1.svc - 49474 - ::1 - - 200 0 0 88
2018-07-24 09:35:54 ::1 POST /Service1.svc - 49474 - ::1 - - 200 0 0 347
2018-07-24 09:36:01 ::1 POST /Service1.svc - 49474 - ::1 - - 500 0 0 6547
2018-07-24 09:36:04 ::1 POST /Service1.svc - 49474 - ::1 - - 200 0 0 36
2018-07-24 09:36:04 ::1 POST /Service1.svc - 49474 - ::1 - - 200 0 0 264
2018-07-24 09:36:04 ::1 POST /Service1.svc - 49474 - ::1 - - 200 0 0 288
2018-07-24 09:36:04 ::1 POST /Service1.svc - 49474 - ::1 - - 200 0 0 115
2018-07-24 09:36:04 ::1 POST /Service1.svc - 49474 - ::1 - - 200 0 0 126
2018-07-24 09:36:05 ::1 POST /Service1.svc - 49474 - ::1 - - 200 0 0 267
2018-07-24 09:36:05 ::1 POST /Service1.svc - 49474 - ::1 - - 200 0 0 254
2018-07-24 09:36:05 ::1 POST /Service1.svc - 49474 - ::1 - - 200 0 0 620
2018-07-24 09:36:06 ::1 POST /Service1.svc - 49474 - ::1 - - 200 0 0 330
2018-07-24 09:36:06 ::1 POST /Service1.svc - 49474 - ::1 - - 200 0 0 102
2018-07-24 09:36:06 ::1 POST /Service1.svc - 49474 - ::1 - - 200 0 0 217
2018-07-24 09:36:06 ::1 POST /Service1.svc - 49474 - ::1 - - 200 0 0 307
2018-07-24 09:36:07 ::1 POST /Service1.svc - 49474 - ::1 - - 200 0 0 313
2018-07-24 09:36:10 ::1 POST /Service1.svc - 49474 - ::1 - - 200 0 0 209
2018-07-24 09:36:10 ::1 POST /Service1.svc - 49474 - ::1 - - 200 0 0 50
2018-07-24 09:36:10 ::1 POST /Service1.svc - 49474 - ::1 - - 200 0 0 115
2018-07-24 09:36:10 ::1 POST /Service1.svc - 49474 - ::1 - - 200 0 0 278
2018-07-24 09:36:10 ::1 POST /Service1.svc - 49474 - ::1 - - 200 0 0 81
2018-07-24 09:36:11 ::1 POST /Service1.svc - 49474 - ::1 - - 200 0 0 194
2018-07-24 09:36:11 ::1 POST /Service1.svc - 49474 - ::1 - - 200 0 0 354
2018-07-24 09:36:11 ::1 POST /Service1.svc - 49474 - ::1 - - 200 0 0 264
2018-07-24 09:36:11 ::1 POST /Service1.svc - 49474 - ::1 - - 200 0 0 52
2018-07-24 09:36:11 ::1 POST /Service1.svc - 49474 - ::1 - - 200 0 0 139
2018-07-24 09:36:14 ::1 POST /Service1.svc - 49474 - ::1 - - 200 0 0 236
2018-07-24 09:36:14 ::1 POST /Service1.svc - 49474 - ::1 - - 200 0 0 141
2018-07-24 09:36:14 ::1 POST /Service1.svc - 49474 - ::1 - - 200 0 0 186
2018-07-24 09:36:16 ::1 POST /Service1.svc - 49474 - ::1 - - 200 0 0 227
2018-07-24 09:36:16 ::1 POST /Service1.svc - 49474 - ::1 - - 200 0 0 430
2018-07-24 09:36:16 ::1 POST /Service1.svc - 49474 - ::1 - - 200 0 0 352
2018-07-24 09:36:19 ::1 POST /Service1.svc - 49474 - ::1 - - 200 0 0 65
2018-07-24 09:39:48 ::1 POST /Service1.svc - 49474 - ::1 - - 200 0 0 158
2018-07-24 09:39:48 ::1 POST /Service1.svc - 49474 - ::1 - - 200 0 0 124
2018-07-24 09:39:48 ::1 POST /Service1.svc - 49474 - ::1 - - 200 0 0 28
2018-07-24 09:39:48 ::1 POST /Service1.svc - 49474 - ::1 - - 200 0 0 127
2018-07-24 09:39:52 ::1 POST /Service1.svc - 49474 - ::1 - - 200 0 0 60
2018-07-24 09:39:52 ::1 POST /Service1.svc - 49474 - ::1 - - 200 0 0 43
2018-07-24 09:39:52 ::1 POST /Service1.svc - 49474 - ::1 - - 200 0 0 145
2018-07-24 09:39:52 ::1 POST /Service1.svc - 49474 - ::1 - - 200 0 0 32
2018-07-24 09:39:56 ::1 POST /Service1.svc - 49474 - ::1 - - 200 0 0 455
2018-07-24 09:39:56 ::1 POST /Service1.svc - 49474 - ::1 - - 200 0 0 292
2018-07-24 09:39:56 ::1 POST /Service1.svc - 49474 - ::1 - - 200 0 0 253
2018-07-24 09:39:57 ::1 POST /Service1.svc - 49474 - ::1 - - 200 0 0 1118
2018-07-24 09:39:59 ::1 POST /Service1.svc - 49474 - ::1 - - 200 0 0 1205
2018-07-24 09:40:00 ::1 POST /Service1.svc - 49474 - ::1 - - 200 0 0 1329
2018-07-24 09:40:00 ::1 POST /Service1.svc - 49474 - ::1 - - 200 0 0 706
2018-07-24 09:40:00 ::1 POST /Service1.svc - 49474 - ::1 - - 200 0 0 129
2018-07-24 09:40:03 ::1 POST /Service1.svc - 49474 - ::1 - - 500 0 0 1825
2018-07-24 09:40:03 ::1 POST /Service1.svc - 49474 - ::1 - - 200 0 0 36
2018-07-24 09:40:04 ::1 POST /Service1.svc - 49474 - ::1 - - 200 0 0 199
2018-07-24 09:40:04 ::1 POST /Service1.svc - 49474 - ::1 - - 200 0 0 83
2018-07-24 09:40:04 ::1 POST /Service1.svc - 49474 - ::1 - - 200 0 0 72
2018-07-24 09:40:12 ::1 POST /Service1.svc - 49474 - ::1 - - 200 0 0 18
2018-07-24 09:40:12 ::1 POST /Service1.svc - 49474 - ::1 - - 200 0 0 55
2018-07-24 09:40:12 ::1 POST /Service1.svc - 49474 - ::1 - - 200 0 0 81
2018-07-24 09:40:12 ::1 POST /Service1.svc - 49474 - ::1 - - 200 0 0 87
2018-07-24 09:40:13 ::1 POST /Service1.svc - 49474 - ::1 - - 200 0 0 424
2018-07-24 09:40:13 ::1 POST /Service1.svc - 49474 - ::1 - - 200 0 0 113
2018-07-24 09:40:13 ::1 POST /Service1.svc - 49474 - ::1 - - 200 0 0 66
2018-07-24 09:40:13 ::1 POST /Service1.svc - 49474 - ::1 - - 200 0 0 27
2018-07-24 09:40:13 ::1 POST /Service1.svc - 49474 - ::1 - - 200 0 0 75
2018-07-24 09:40:17 ::1 POST /Service1.svc - 49474 - ::1 - - 200 0 0 34
2018-07-24 09:40:17 ::1 POST /Service1.svc - 49474 - ::1 - - 200 0 0 52
2018-07-24 09:40:18 ::1 POST /Service1.svc - 49474 - ::1 - - 200 0 0 719
2018-07-24 09:40:18 ::1 POST /Service1.svc - 49474 - ::1 - - 200 0 0 470
2018-07-24 09:40:18 ::1 POST /Service1.svc - 49474 - ::1 - - 200 0 0 115
2018-07-24 09:40:18 ::1 POST /Service1.svc - 49474 - ::1 - - 200 0 0 92
2018-07-24 09:40:18 ::1 POST /Service1.svc - 49474 - ::1 - - 200 0 0 188
2018-07-24 09:40:19 ::1 POST /Service1.svc - 49474 - ::1 - - 200 0 0 140
2018-07-24 09:40:19 ::1 POST /Service1.svc - 49474 - ::1 - - 200 0 0 63
2018-07-24 09:40:19 ::1 POST /Service1.svc - 49474 - ::1 - - 200 0 0 184
2018-07-24 09:40:21 ::1 POST /Service1.svc - 49474 - ::1 - - 200 0 0 186
2018-07-24 09:40:21 ::1 POST /Service1.svc - 49474 - ::1 - - 200 0 0 296
2018-07-24 09:40:21 ::1 POST /Service1.svc - 49474 - ::1 - - 200 0 0 497
2018-07-24 09:40:23 ::1 POST /Service1.svc - 49474 - ::1 - - 200 0 0 49
2018-07-24 09:40:23 ::1 POST /Service1.svc - 49474 - ::1 - - 200 0 0 62
2018-07-24 09:40:23 ::1 POST /Service1.svc - 49474 - ::1 - - 200 0 0 36
2018-07-24 09:40:25 ::1 POST /Service1.svc - 49474 - ::1 - - 200 0 0 105
2018-07-24 09:44:40 ::1 POST /Service1.svc - 49474 - ::1 - - 200 0 0 331
2018-07-24 09:44:40 ::1 POST /Service1.svc - 49474 - ::1 - - 200 0 0 883
2018-07-24 09:44:41 ::1 POST /Service1.svc - 49474 - ::1 - - 200 0 0 60
2018-07-24 09:44:41 ::1 POST /Service1.svc - 49474 - ::1 - - 200 0 0 111
2018-07-24 09:44:44 ::1 POST /Service1.svc - 49474 - ::1 - - 200 0 0 59
2018-07-24 09:44:44 ::1 POST /Service1.svc - 49474 - ::1 - - 200 0 0 73
2018-07-24 09:44:44 ::1 POST /Service1.svc - 49474 - ::1 - - 200 0 0 33
2018-07-24 09:44:44 ::1 POST /Service1.svc - 49474 - ::1 - - 200 0 0 404
2018-07-24 09:44:44 ::1 POST /Service1.svc - 49474 - ::1 - - 200 0 0 129
2018-07-24 09:44:44 ::1 POST /Service1.svc - 49474 - ::1 - - 200 0 0 75
2018-07-24 09:44:46 ::1 POST /Service1.svc - 49474 - ::1 - - 200 0 0 205
2018-07-24 09:44:46 ::1 POST /Service1.svc - 49474 - ::1 - - 200 0 0 44
2018-07-24 09:44:46 ::1 POST /Service1.svc - 49474 - ::1 - - 200 0 0 149
2018-07-24 09:44:46 ::1 POST /Service1.svc - 49474 - ::1 - - 200 0 0 49
2018-07-24 09:44:46 ::1 POST /Service1.svc - 49474 - ::1 - - 200 0 0 82
2018-07-24 09:44:46 ::1 POST /Service1.svc - 49474 - ::1 - - 200 0 0 196
2018-07-24 09:44:51 ::1 POST /Service1.svc - 49474 - ::1 - - 500 0 0 5129
2018-07-24 09:44:51 ::1 POST /Service1.svc - 49474 - ::1 - - 200 0 0 19
2018-07-24 09:44:51 ::1 POST /Service1.svc - 49474 - ::1 - - 200 0 0 39
2018-07-24 09:44:51 ::1 POST /Service1.svc - 49474 - ::1 - - 200 0 0 54
2018-07-24 09:44:51 ::1 POST /Service1.svc - 49474 - ::1 - - 200 0 0 161
2018-07-24 09:44:59 ::1 POST /Service1.svc - 49474 - ::1 - - 200 0 0 40
2018-07-24 09:44:59 ::1 POST /Service1.svc - 49474 - ::1 - - 200 0 0 29
2018-07-24 09:44:59 ::1 POST /Service1.svc - 49474 - ::1 - - 200 0 0 52
2018-07-24 09:44:59 ::1 POST /Service1.svc - 49474 - ::1 - - 200 0 0 82
2018-07-24 09:44:59 ::1 POST /Service1.svc - 49474 - ::1 - - 200 0 0 71
2018-07-24 09:44:59 ::1 POST /Service1.svc - 49474 - ::1 - - 200 0 0 121
2018-07-24 09:44:59 ::1 POST /Service1.svc - 49474 - ::1 - - 200 0 0 22
2018-07-24 09:44:59 ::1 POST /Service1.svc - 49474 - ::1 - - 200 0 0 46
2018-07-24 09:44:59 ::1 POST /Service1.svc - 49474 - ::1 - - 200 0 0 55
2018-07-24 09:45:05 ::1 POST /Service1.svc - 49474 - ::1 - - 200 0 0 26
2018-07-24 09:45:05 ::1 POST /Service1.svc - 49474 - ::1 - - 200 0 0 60
2018-07-24 09:45:05 ::1 POST /Service1.svc - 49474 - ::1 - - 200 0 0 22
2018-07-24 09:45:05 ::1 POST /Service1.svc - 49474 - ::1 - - 200 0 0 79
2018-07-24 09:45:05 ::1 POST /Service1.svc - 49474 - ::1 - - 200 0 0 57
2018-07-24 09:45:05 ::1 POST /Service1.svc - 49474 - ::1 - - 200 0 0 86
2018-07-24 09:45:05 ::1 POST /Service1.svc - 49474 - ::1 - - 200 0 0 49
2018-07-24 09:45:05 ::1 POST /Service1.svc - 49474 - ::1 - - 200 0 0 30
2018-07-24 09:45:05 ::1 POST /Service1.svc - 49474 - ::1 - - 200 0 0 92
2018-07-24 09:45:05 ::1 POST /Service1.svc - 49474 - ::1 - - 200 0 0 103
2018-07-24 09:45:11 ::1 POST /Service1.svc - 49474 - ::1 - - 200 0 0 15
2018-07-24 09:45:11 ::1 POST /Service1.svc - 49474 - ::1 - - 200 0 0 19
2018-07-24 09:45:11 ::1 POST /Service1.svc - 49474 - ::1 - - 200 0 0 442
2018-07-24 09:45:12 ::1 POST /Service1.svc - 49474 - ::1 - - 200 0 0 29
2018-07-24 09:45:12 ::1 POST /Service1.svc - 49474 - ::1 - - 200 0 0 71
2018-07-24 09:45:12 ::1 POST /Service1.svc - 49474 - ::1 - - 200 0 0 47
2018-07-24 09:45:14 ::1 POST /Service1.svc - 49474 - ::1 - - 200 0 0 18
2018-07-24 09:45:23 ::1 POST /Service1.svc - 49474 - ::1 - - 200 0 0 146
2018-07-24 09:45:23 ::1 POST /Service1.svc - 49474 - ::1 - - 200 0 0 155
2018-07-24 09:46:12 ::1 POST /Service1.svc - 49474 - ::1 - - 200 0 0 59
2018-07-24 09:46:12 ::1 POST /Service1.svc - 49474 - ::1 - - 200 0 0 33
2018-07-24 09:46:12 ::1 POST /Service1.svc - 49474 - ::1 - - 200 0 0 308
2018-07-24 09:46:16 ::1 POST /Service1.svc - 49474 - ::1 - - 200 0 0 3227
2018-07-24 09:46:18 ::1 POST /Service1.svc - 49474 - ::1 - - 200 0 0 100
2018-07-24 09:46:18 ::1 POST /Service1.svc - 49474 - ::1 - - 200 0 0 63
2018-07-24 09:46:18 ::1 POST /Service1.svc - 49474 - ::1 - - 200 0 0 28
2018-07-24 09:46:18 ::1 POST /Service1.svc - 49474 - ::1 - - 200 0 0 27
2018-07-24 09:46:18 ::1 POST /Service1.svc - 49474 - ::1 - - 200 0 0 106
2018-07-24 09:46:18 ::1 POST /Service1.svc - 49474 - ::1 - - 200 0 0 37
2018-07-24 09:46:18 ::1 POST /Service1.svc - 49474 - ::1 - - 200 0 0 34
2018-07-24 09:46:18 ::1 POST /Service1.svc - 49474 - ::1 - - 200 0 0 22
2018-07-24 09:46:26 ::1 POST /Service1.svc - 49474 - ::1 - - 500 0 0 7620
2018-07-24 09:55:32 ::1 POST /Service1.svc - 49474 - ::1 - - 200 0 0 57
2018-07-24 09:55:32 ::1 POST /Service1.svc - 49474 - ::1 - - 200 0 0 145
2018-07-24 09:55:32 ::1 POST /Service1.svc - 49474 - ::1 - - 200 0 0 177
2018-07-24 09:55:32 ::1 POST /Service1.svc - 49474 - ::1 - - 200 0 0 120
2018-07-24 09:55:38 ::1 POST /Service1.svc - 49474 - ::1 - - 200 0 0 87
2018-07-24 09:55:38 ::1 POST /Service1.svc - 49474 - ::1 - - 200 0 0 289
2018-07-24 09:55:38 ::1 POST /Service1.svc - 49474 - ::1 - - 200 0 0 53
2018-07-24 09:55:38 ::1 POST /Service1.svc - 49474 - ::1 - - 200 0 0 59
2018-07-24 09:55:38 ::1 POST /Service1.svc - 49474 - ::1 - - 200 0 0 180
2018-07-24 09:55:40 ::1 POST /Service1.svc - 49474 - ::1 - - 200 0 0 158
2018-07-24 09:55:40 ::1 POST /Service1.svc - 49474 - ::1 - - 200 0 0 97
2018-07-24 09:55:40 ::1 POST /Service1.svc - 49474 - ::1 - - 200 0 0 101
2018-07-24 09:55:40 ::1 POST /Service1.svc - 49474 - ::1 - - 200 0 0 97
2018-07-24 09:55:40 ::1 POST /Service1.svc - 49474 - ::1 - - 200 0 0 301
2018-07-24 09:55:40 ::1 POST /Service1.svc - 49474 - ::1 - - 200 0 0 117
2018-07-24 09:55:40 ::1 POST /Service1.svc - 49474 - ::1 - - 200 0 0 57
2018-07-24 09:55:50 ::1 POST /Service1.svc - 49474 - ::1 - - 500 0 0 9482
2018-07-24 09:55:51 ::1 POST /Service1.svc - 49474 - ::1 - - 200 0 0 80
2018-07-24 09:55:51 ::1 POST /Service1.svc - 49474 - ::1 - - 200 0 0 34
2018-07-24 09:55:51 ::1 POST /Service1.svc - 49474 - ::1 - - 200 0 0 110
2018-07-24 09:55:51 ::1 POST /Service1.svc - 49474 - ::1 - - 200 0 0 118
2018-07-24 09:55:58 ::1 POST /Service1.svc - 49474 - ::1 - - 200 0 0 174
2018-07-24 09:55:58 ::1 POST /Service1.svc - 49474 - ::1 - - 200 0 0 34
2018-07-24 09:55:58 ::1 POST /Service1.svc - 49474 - ::1 - - 200 0 0 19
2018-07-24 09:55:58 ::1 POST /Service1.svc - 49474 - ::1 - - 200 0 0 99
2018-07-24 09:55:58 ::1 POST /Service1.svc - 49474 - ::1 - - 200 0 0 535
2018-07-24 09:55:59 ::1 POST /Service1.svc - 49474 - ::1 - - 200 0 0 360
2018-07-24 09:55:59 ::1 POST /Service1.svc - 49474 - ::1 - - 200 0 0 28
2018-07-24 09:55:59 ::1 POST /Service1.svc - 49474 - ::1 - - 200 0 0 108
2018-07-24 09:55:59 ::1 POST /Service1.svc - 49474 - ::1 - - 200 0 0 84
2018-07-24 09:56:57 ::1 POST /Service1.svc - 49474 - ::1 - - 200 0 0 554
2018-07-24 09:56:57 ::1 POST /Service1.svc - 49474 - ::1 - - 200 0 0 109
2018-07-24 09:56:57 ::1 POST /Service1.svc - 49474 - ::1 - - 200 0 0 98
2018-07-24 09:56:57 ::1 POST /Service1.svc - 49474 - ::1 - - 200 0 0 134
2018-07-24 09:56:57 ::1 POST /Service1.svc - 49474 - ::1 - - 200 0 0 92
2018-07-24 09:56:58 ::1 POST /Service1.svc - 49474 - ::1 - - 200 0 0 834
2018-07-24 09:56:58 ::1 POST /Service1.svc - 49474 - ::1 - - 200 0 0 53
2018-07-24 09:56:58 ::1 POST /Service1.svc - 49474 - ::1 - - 200 0 0 168
#Software: Microsoft Internet Information Services 10.0
#Version: 1.0
#Date: 2018-07-24 09:59:29
#Fields: date time s-ip cs-method cs-uri-stem cs-uri-query s-port cs-username c-ip cs(User-Agent) cs(Referer) sc-status sc-substatus sc-win32-status time-taken
2018-07-24 09:59:29 ::1 POST /Service1.svc - 49474 - ::1 - - 415 0 0 13196
2018-07-24 09:59:29 ::1 POST /Service1.svc/mex - 49474 - ::1 - - 415 0 0 25
2018-07-24 09:59:34 ::1 GET /Service1.svc - 49474 - ::1 Mozilla/4.0+(compatible;+MSIE+6.0;+MS+Web+Services+Client+Protocol+4.0.30319.42000) - 200 0 0 5121
2018-07-24 09:59:34 ::1 GET /Service1.svc disco 49474 - ::1 Mozilla/4.0+(compatible;+MSIE+6.0;+MS+Web+Services+Client+Protocol+4.0.30319.42000) - 200 0 0 36
2018-07-24 09:59:34 ::1 GET /Service1.svc wsdl 49474 - ::1 Mozilla/4.0+(compatible;+MSIE+6.0;+MS+Web+Services+Client+Protocol+4.0.30319.42000) - 200 0 0 42
2018-07-24 09:59:34 ::1 GET /Service1.svc xsd=xsd0 49474 - ::1 Mozilla/4.0+(compatible;+MSIE+6.0;+MS+Web+Services+Client+Protocol+4.0.30319.42000) - 200 0 0 552
2018-07-24 09:59:34 ::1 GET /Service1.svc xsd=xsd2 49474 - ::1 Mozilla/4.0+(compatible;+MSIE+6.0;+MS+Web+Services+Client+Protocol+4.0.30319.42000) - 200 0 0 12
2018-07-24 09:59:34 ::1 GET /Service1.svc xsd=xsd3 49474 - ::1 Mozilla/4.0+(compatible;+MSIE+6.0;+MS+Web+Services+Client+Protocol+4.0.30319.42000) - 200 0 0 58
2018-07-24 09:59:34 ::1 GET /Service1.svc xsd=xsd1 49474 - ::1 Mozilla/4.0+(compatible;+MSIE+6.0;+MS+Web+Services+Client+Protocol+4.0.30319.42000) - 200 0 0 22
2018-07-24 09:59:57 ::1 GET /Service1.svc - 49474 - ::1 Mozilla/4.0+(compatible;+MSIE+6.0;+MS+Web+Services+Client+Protocol+4.0.30319.42000) - 200 0 0 46
2018-07-24 09:59:57 ::1 GET /Service1.svc/$metadata - 49474 - ::1 Mozilla/4.0+(compatible;+MSIE+6.0;+MS+Web+Services+Client+Protocol+4.0.30319.42000) - 400 0 0 75
2018-07-24 09:59:57 ::1 POST /Service1.svc/mex - 49474 - ::1 - - 415 0 0 63
2018-07-24 09:59:57 ::1 POST /Service1.svc - 49474 - ::1 - - 415 0 0 78
2018-07-24 09:59:57 ::1 GET /Service1.svc disco 49474 - ::1 Mozilla/4.0+(compatible;+MSIE+6.0;+MS+Web+Services+Client+Protocol+4.0.30319.42000) - 200 0 0 66
2018-07-24 09:59:57 ::1 GET /Service1.svc wsdl 49474 - ::1 Mozilla/4.0+(compatible;+MSIE+6.0;+MS+Web+Services+Client+Protocol+4.0.30319.42000) - 200 0 0 12
2018-07-24 09:59:57 ::1 GET /Service1.svc xsd=xsd0 49474 - ::1 Mozilla/4.0+(compatible;+MSIE+6.0;+MS+Web+Services+Client+Protocol+4.0.30319.42000) - 200 0 0 47
2018-07-24 09:59:57 ::1 GET /Service1.svc xsd=xsd2 49474 - ::1 Mozilla/4.0+(compatible;+MSIE+6.0;+MS+Web+Services+Client+Protocol+4.0.30319.42000) - 200 0 0 19
2018-07-24 09:59:57 ::1 GET /Service1.svc xsd=xsd3 49474 - ::1 Mozilla/4.0+(compatible;+MSIE+6.0;+MS+Web+Services+Client+Protocol+4.0.30319.42000) - 200 0 0 17
2018-07-24 09:59:57 ::1 GET /Service1.svc xsd=xsd1 49474 - ::1 Mozilla/4.0+(compatible;+MSIE+6.0;+MS+Web+Services+Client+Protocol+4.0.30319.42000) - 200 0 0 14
2018-07-24 10:00:39 ::1 GET /Service1.svc/$metadata - 49474 - ::1 Mozilla/4.0+(compatible;+MSIE+6.0;+MS+Web+Services+Client+Protocol+4.0.30319.42000) - 400 0 0 43
2018-07-24 10:00:39 ::1 POST /Service1.svc/mex - 49474 - ::1 - - 415 0 0 39
2018-07-24 10:00:39 ::1 GET /Service1.svc - 49474 - ::1 Mozilla/4.0+(compatible;+MSIE+6.0;+MS+Web+Services+Client+Protocol+4.0.30319.42000) - 200 0 0 71
2018-07-24 10:00:39 ::1 POST /Service1.svc - 49474 - ::1 - - 415 0 0 56
2018-07-24 10:00:39 ::1 GET /Service1.svc disco 49474 - ::1 Mozilla/4.0+(compatible;+MSIE+6.0;+MS+Web+Services+Client+Protocol+4.0.30319.42000) - 200 0 0 32
2018-07-24 10:00:39 ::1 GET /Service1.svc wsdl 49474 - ::1 Mozilla/4.0+(compatible;+MSIE+6.0;+MS+Web+Services+Client+Protocol+4.0.30319.42000) - 200 0 0 59
2018-07-24 10:00:39 ::1 GET /Service1.svc xsd=xsd0 49474 - ::1 Mozilla/4.0+(compatible;+MSIE+6.0;+MS+Web+Services+Client+Protocol+4.0.30319.42000) - 200 0 0 19
2018-07-24 10:00:39 ::1 GET /Service1.svc xsd=xsd2 49474 - ::1 Mozilla/4.0+(compatible;+MSIE+6.0;+MS+Web+Services+Client+Protocol+4.0.30319.42000) - 200 0 0 29
2018-07-24 10:00:39 ::1 GET /Service1.svc xsd=xsd3 49474 - ::1 Mozilla/4.0+(compatible;+MSIE+6.0;+MS+Web+Services+Client+Protocol+4.0.30319.42000) - 200 0 0 13
2018-07-24 10:00:39 ::1 GET /Service1.svc xsd=xsd1 49474 - ::1 Mozilla/4.0+(compatible;+MSIE+6.0;+MS+Web+Services+Client+Protocol+4.0.30319.42000) - 200 0 0 17
2018-07-24 10:01:41 ::1 POST /Service1.svc - 49474 - ::1 - - 200 0 0 1494
2018-07-24 10:01:41 ::1 POST /Service1.svc - 49474 - ::1 - - 200 0 0 68
2018-07-24 10:01:41 ::1 POST /Service1.svc - 49474 - ::1 - - 200 0 0 142
2018-07-24 10:01:41 ::1 POST /Service1.svc - 49474 - ::1 - - 200 0 0 211
2018-07-24 10:01:45 ::1 POST /Service1.svc - 49474 - ::1 - - 200 0 0 74
2018-07-24 10:01:45 ::1 POST /Service1.svc - 49474 - ::1 - - 200 0 0 124
2018-07-24 10:01:45 ::1 POST /Service1.svc - 49474 - ::1 - - 200 0 0 33
2018-07-24 10:01:45 ::1 POST /Service1.svc - 49474 - ::1 - - 200 0 0 59
2018-07-24 10:01:45 ::1 POST /Service1.svc - 49474 - ::1 - - 200 0 0 292
2018-07-24 10:01:47 ::1 POST /Service1.svc - 49474 - ::1 - - 200 0 0 673
2018-07-24 10:01:48 ::1 POST /Service1.svc - 49474 - ::1 - - 200 0 0 1323
2018-07-24 10:01:48 ::1 POST /Service1.svc - 49474 - ::1 - - 200 0 0 174
2018-07-24 10:01:48 ::1 POST /Service1.svc - 49474 - ::1 - - 200 0 0 47
2018-07-24 10:01:48 ::1 POST /Service1.svc - 49474 - ::1 - - 200 0 0 263
2018-07-24 10:01:48 ::1 POST /Service1.svc - 49474 - ::1 - - 200 0 0 76
2018-07-24 10:01:48 ::1 POST /Service1.svc - 49474 - ::1 - - 200 0 0 80
2018-07-24 10:01:50 ::1 POST /Service1.svc - 49474 - ::1 - - 500 0 0 1744
2018-07-24 10:01:52 ::1 POST /Service1.svc - 49474 - ::1 - - 200 0 0 267
2018-07-24 10:01:52 ::1 POST /Service1.svc - 49474 - ::1 - - 200 0 0 86
2018-07-24 10:01:52 ::1 POST /Service1.svc - 49474 - ::1 - - 200 0 0 33
2018-07-24 10:01:52 ::1 POST /Service1.svc - 49474 - ::1 - - 200 0 0 84
2018-07-24 10:01:59 ::1 POST /Service1.svc - 49474 - ::1 - - 200 0 0 62
2018-07-24 10:01:59 ::1 POST /Service1.svc - 49474 - ::1 - - 200 0 0 229
2018-07-24 10:01:59 ::1 POST /Service1.svc - 49474 - ::1 - - 200 0 0 93
2018-07-24 10:01:59 ::1 POST /Service1.svc - 49474 - ::1 - - 200 0 0 172
2018-07-24 10:02:00 ::1 POST /Service1.svc - 49474 - ::1 - - 200 0 0 364
2018-07-24 10:02:00 ::1 POST /Service1.svc - 49474 - ::1 - - 200 0 0 40
2018-07-24 10:02:00 ::1 POST /Service1.svc - 49474 - ::1 - - 200 0 0 112
2018-07-24 10:02:00 ::1 POST /Service1.svc - 49474 - ::1 - - 200 0 0 61
2018-07-24 10:02:00 ::1 POST /Service1.svc - 49474 - ::1 - - 200 0 0 85
2018-07-24 10:02:08 ::1 POST /Service1.svc - 49474 - ::1 - - 200 0 0 188
2018-07-24 10:02:08 ::1 POST /Service1.svc - 49474 - ::1 - - 200 0 0 94
2018-07-24 10:02:08 ::1 POST /Service1.svc - 49474 - ::1 - - 200 0 0 34
2018-07-24 10:02:15 ::1 POST /Service1.svc - 49474 - ::1 - - 200 0 0 77
2018-07-24 10:02:15 ::1 POST /Service1.svc - 49474 - ::1 - - 200 0 0 117
2018-07-24 10:02:15 ::1 POST /Service1.svc - 49474 - ::1 - - 200 0 0 75
2018-07-24 10:02:15 ::1 POST /Service1.svc - 49474 - ::1 - - 200 0 0 56
2018-07-24 10:02:15 ::1 POST /Service1.svc - 49474 - ::1 - - 200 0 0 72
2018-07-24 10:02:15 ::1 POST /Service1.svc - 49474 - ::1 - - 200 0 0 75
2018-07-24 10:02:15 ::1 POST /Service1.svc - 49474 - ::1 - - 200 0 0 392
2018-07-24 10:02:15 ::1 POST /Service1.svc - 49474 - ::1 - - 200 0 0 73
2018-07-24 10:02:19 ::1 POST /Service1.svc - 49474 - ::1 - - 500 0 0 3874
2018-07-24 10:03:35 ::1 POST /Service1.svc - 49474 - ::1 - - 200 0 0 44
2018-07-24 10:03:35 ::1 POST /Service1.svc - 49474 - ::1 - - 200 0 0 89
2018-07-24 10:03:35 ::1 POST /Service1.svc - 49474 - ::1 - - 200 0 0 55
2018-07-24 10:03:35 ::1 POST /Service1.svc - 49474 - ::1 - - 200 0 0 452
2018-07-24 10:03:43 ::1 POST /Service1.svc - 49474 - ::1 - - 200 0 0 107
2018-07-24 10:03:43 ::1 POST /Service1.svc - 49474 - ::1 - - 200 0 0 77
2018-07-24 10:03:43 ::1 POST /Service1.svc - 49474 - ::1 - - 200 0 0 35
2018-07-24 10:03:43 ::1 POST /Service1.svc - 49474 - ::1 - - 200 0 0 42
2018-07-24 10:03:43 ::1 POST /Service1.svc - 49474 - ::1 - - 200 0 0 114
2018-07-24 10:03:43 ::1 POST /Service1.svc - 49474 - ::1 - - 200 0 0 177
2018-07-24 10:03:43 ::1 POST /Service1.svc - 49474 - ::1 - - 200 0 0 203
2018-07-24 10:03:43 ::1 POST /Service1.svc - 49474 - ::1 - - 200 0 0 43
2018-07-24 10:03:44 ::1 POST /Service1.svc - 49474 - ::1 - - 200 0 0 124
2018-07-24 10:03:44 ::1 POST /Service1.svc - 49474 - ::1 - - 200 0 0 176
2018-07-24 10:03:44 ::1 POST /Service1.svc - 49474 - ::1 - - 200 0 0 31
2018-07-24 10:03:44 ::1 POST /Service1.svc - 49474 - ::1 - - 200 0 0 49
2018-07-24 10:03:46 ::1 POST /Service1.svc - 49474 - ::1 - - 500 0 0 2156
2018-07-24 10:03:56 ::1 POST /Service1.svc - 49474 - ::1 - - 200 0 0 42
2018-07-24 10:03:56 ::1 POST /Service1.svc - 49474 - ::1 - - 200 0 0 17
2018-07-24 10:03:56 ::1 POST /Service1.svc - 49474 - ::1 - - 200 0 0 16
2018-07-24 10:03:56 ::1 POST /Service1.svc - 49474 - ::1 - - 200 0 0 80
2018-07-24 10:03:56 ::1 POST /Service1.svc - 49474 - ::1 - - 200 0 0 35
2018-07-24 10:03:56 ::1 POST /Service1.svc - 49474 - ::1 - - 200 0 0 53
2018-07-24 10:03:56 ::1 POST /Service1.svc - 49474 - ::1 - - 200 0 0 26
2018-07-24 10:03:56 ::1 POST /Service1.svc - 49474 - ::1 - - 200 0 0 59
2018-07-24 10:03:56 ::1 POST /Service1.svc - 49474 - ::1 - - 200 0 0 73
2018-07-24 10:04:10 ::1 POST /Service1.svc - 49474 - ::1 - - 200 0 0 79
2018-07-24 10:04:10 ::1 POST /Service1.svc - 49474 - ::1 - - 200 0 0 33
2018-07-24 10:04:10 ::1 POST /Service1.svc - 49474 - ::1 - - 200 0 0 20
2018-07-24 10:04:10 ::1 POST /Service1.svc - 49474 - ::1 - - 200 0 0 15
2018-07-24 10:04:10 ::1 POST /Service1.svc - 49474 - ::1 - - 200 0 0 17
2018-07-24 10:04:10 ::1 POST /Service1.svc - 49474 - ::1 - - 200 0 0 33
2018-07-24 10:04:10 ::1 POST /Service1.svc - 49474 - ::1 - - 200 0 0 136
2018-07-24 10:04:10 ::1 POST /Service1.svc - 49474 - ::1 - - 200 0 0 34
2018-07-24 10:04:15 ::1 POST /Service1.svc - 49474 - ::1 - - 500 0 0 4495
2018-07-24 10:09:18 ::1 POST /Service1.svc - 49474 - ::1 - - 200 0 0 46
2018-07-24 10:09:18 ::1 POST /Service1.svc - 49474 - ::1 - - 200 0 0 197
2018-07-24 10:09:18 ::1 POST /Service1.svc - 49474 - ::1 - - 200 0 0 137
2018-07-24 10:09:18 ::1 POST /Service1.svc - 49474 - ::1 - - 200 0 0 95
2018-07-24 10:09:21 ::1 POST /Service1.svc - 49474 - ::1 - - 200 0 0 36
2018-07-24 10:09:21 ::1 POST /Service1.svc - 49474 - ::1 - - 200 0 0 19
2018-07-24 10:09:21 ::1 POST /Service1.svc - 49474 - ::1 - - 200 0 0 79
2018-07-24 10:09:21 ::1 POST /Service1.svc - 49474 - ::1 - - 200 0 0 289
2018-07-24 10:09:21 ::1 POST /Service1.svc - 49474 - ::1 - - 200 0 0 32
2018-07-24 10:09:21 ::1 POST /Service1.svc - 49474 - ::1 - - 200 0 0 150
2018-07-24 10:09:21 ::1 POST /Service1.svc - 49474 - ::1 - - 200 0 0 39
2018-07-24 10:09:23 ::1 POST /Service1.svc - 49474 - ::1 - - 200 0 0 423
2018-07-24 10:09:23 ::1 POST /Service1.svc - 49474 - ::1 - - 200 0 0 91
2018-07-24 10:09:23 ::1 POST /Service1.svc - 49474 - ::1 - - 200 0 0 92
2018-07-24 10:09:23 ::1 POST /Service1.svc - 49474 - ::1 - - 200 0 0 71
2018-07-24 10:09:23 ::1 POST /Service1.svc - 49474 - ::1 - - 200 0 0 36
2018-07-24 10:09:25 ::1 POST /Service1.svc - 49474 - ::1 - - 500 0 0 2092
2018-07-24 10:09:31 ::1 POST /Service1.svc - 49474 - ::1 - - 200 0 0 46
2018-07-24 10:09:31 ::1 POST /Service1.svc - 49474 - ::1 - - 200 0 0 215
2018-07-24 10:09:31 ::1 POST /Service1.svc - 49474 - ::1 - - 200 0 0 39
2018-07-24 10:09:31 ::1 POST /Service1.svc - 49474 - ::1 - - 200 0 0 90
2018-07-24 10:09:32 ::1 POST /Service1.svc - 49474 - ::1 - - 200 0 0 392
2018-07-24 10:09:32 ::1 POST /Service1.svc - 49474 - ::1 - - 200 0 0 95
2018-07-24 10:09:32 ::1 POST /Service1.svc - 49474 - ::1 - - 200 0 0 40
2018-07-24 10:09:32 ::1 POST /Service1.svc - 49474 - ::1 - - 200 0 0 27
2018-07-24 10:09:32 ::1 POST /Service1.svc - 49474 - ::1 - - 200 0 0 80
2018-07-24 10:09:38 ::1 POST /Service1.svc - 49474 - ::1 - - 200 0 0 508
2018-07-24 10:09:38 ::1 POST /Service1.svc - 49474 - ::1 - - 200 0 0 720
2018-07-24 10:09:38 ::1 POST /Service1.svc - 49474 - ::1 - - 200 0 0 64
2018-07-24 10:09:40 ::1 POST /Service1.svc - 49474 - ::1 - - 200 0 0 39
2018-07-24 10:09:40 ::1 POST /Service1.svc - 49474 - ::1 - - 200 0 0 76
2018-07-24 10:09:40 ::1 POST /Service1.svc - 49474 - ::1 - - 200 0 0 33
2018-07-24 10:09:42 ::1 POST /Service1.svc - 49474 - ::1 - - 200 0 0 36
2018-07-24 10:09:45 ::1 POST /Service1.svc - 49474 - ::1 - - 200 0 0 59
2018-07-24 10:09:45 ::1 POST /Service1.svc - 49474 - ::1 - - 200 0 0 51
2018-07-24 10:09:45 ::1 POST /Service1.svc - 49474 - ::1 - - 200 0 0 123
2018-07-24 10:09:45 ::1 POST /Service1.svc - 49474 - ::1 - - 200 0 0 459
2018-07-24 10:09:46 ::1 POST /Service1.svc - 49474 - ::1 - - 200 0 0 144
2018-07-24 10:09:46 ::1 POST /Service1.svc - 49474 - ::1 - - 200 0 0 213
2018-07-24 10:09:46 ::1 POST /Service1.svc - 49474 - ::1 - - 200 0 0 175
2018-07-24 10:09:46 ::1 POST /Service1.svc - 49474 - ::1 - - 200 0 0 123
2018-07-24 10:09:46 ::1 POST /Service1.svc - 49474 - ::1 - - 200 0 0 64
2018-07-24 10:09:46 ::1 POST /Service1.svc - 49474 - ::1 - - 200 0 0 277
2018-07-24 10:10:03 ::1 POST /Service1.svc - 49474 - ::1 - - 200 0 0 104
2018-07-24 10:10:03 ::1 POST /Service1.svc - 49474 - ::1 - - 200 0 0 58
2018-07-24 10:10:03 ::1 POST /Service1.svc - 49474 - ::1 - - 200 0 0 197
2018-07-24 10:10:03 ::1 POST /Service1.svc - 49474 - ::1 - - 200 0 0 29
2018-07-24 10:10:03 ::1 POST /Service1.svc - 49474 - ::1 - - 200 0 0 273
2018-07-24 10:10:03 ::1 POST /Service1.svc - 49474 - ::1 - - 200 0 0 190
2018-07-24 10:10:03 ::1 POST /Service1.svc - 49474 - ::1 - - 200 0 0 28
2018-07-24 10:10:03 ::1 POST /Service1.svc - 49474 - ::1 - - 200 0 0 25
2018-07-24 10:10:17 ::1 POST /Service1.svc - 49474 - ::1 - - 500 0 0 13333
2018-07-24 10:10:21 ::1 POST /Service1.svc - 49474 - ::1 - - 200 0 0 452
2018-07-24 10:10:21 ::1 POST /Service1.svc - 49474 - ::1 - - 200 0 0 72
2018-07-24 10:10:21 ::1 POST /Service1.svc - 49474 - ::1 - - 200 0 0 248
2018-07-24 10:10:21 ::1 POST /Service1.svc - 49474 - ::1 - - 200 0 0 523
2018-07-24 10:10:22 ::1 POST /Service1.svc - 49474 - ::1 - - 200 0 0 262
2018-07-24 10:10:22 ::1 POST /Service1.svc - 49474 - ::1 - - 200 0 0 457
2018-07-24 10:10:32 ::1 POST /Service1.svc - 49474 - ::1 - - 200 0 0 304
2018-07-24 10:10:32 ::1 POST /Service1.svc - 49474 - ::1 - - 200 0 0 307
2018-07-24 10:10:32 ::1 POST /Service1.svc - 49474 - ::1 - - 200 0 0 474
2018-07-24 10:10:33 ::1 POST /Service1.svc - 49474 - ::1 - - 200 0 0 237
2018-07-24 10:10:33 ::1 POST /Service1.svc - 49474 - ::1 - - 200 0 0 170
2018-07-24 10:10:33 ::1 POST /Service1.svc - 49474 - ::1 - - 200 0 0 70
2018-07-24 10:10:33 ::1 POST /Service1.svc - 49474 - ::1 - - 200 0 0 67
2018-07-24 10:10:33 ::1 POST /Service1.svc - 49474 - ::1 - - 200 0 0 228
2018-07-24 10:10:40 ::1 POST /Service1.svc - 49474 - ::1 - - 500 0 0 6933
2018-07-24 10:10:44 ::1 POST /Service1.svc - 49474 - ::1 - - 200 0 0 62
2018-07-24 10:10:44 ::1 POST /Service1.svc - 49474 - ::1 - - 200 0 0 37
2018-07-24 10:10:44 ::1 POST /Service1.svc - 49474 - ::1 - - 200 0 0 325
2018-07-24 10:10:44 ::1 POST /Service1.svc - 49474 - ::1 - - 200 0 0 294
2018-07-24 10:10:50 ::1 POST /Service1.svc - 49474 - ::1 - - 200 0 0 21
2018-07-24 10:10:50 ::1 POST /Service1.svc - 49474 - ::1 - - 200 0 0 65
2018-07-24 10:10:50 ::1 POST /Service1.svc - 49474 - ::1 - - 200 0 0 37
2018-07-24 10:10:50 ::1 POST /Service1.svc - 49474 - ::1 - - 200 0 0 223
2018-07-24 10:10:50 ::1 POST /Service1.svc - 49474 - ::1 - - 200 0 0 192
2018-07-24 10:10:50 ::1 POST /Service1.svc - 49474 - ::1 - - 200 0 0 241
2018-07-24 10:10:50 ::1 POST /Service1.svc - 49474 - ::1 - - 200 0 0 114
2018-07-24 10:10:51 ::1 POST /Service1.svc - 49474 - ::1 - - 200 0 0 81
2018-07-24 10:10:51 ::1 POST /Service1.svc - 49474 - ::1 - - 200 0 0 54
2018-07-24 10:10:51 ::1 POST /Service1.svc - 49474 - ::1 - - 200 0 0 94
2018-07-24 10:10:51 ::1 POST /Service1.svc - 49474 - ::1 - - 200 0 0 310
2018-07-24 10:10:51 ::1 POST /Service1.svc - 49474 - ::1 - - 200 0 0 58
2018-07-24 10:10:56 ::1 POST /Service1.svc - 49474 - ::1 - - 500 0 0 4454
2018-07-24 10:11:06 ::1 POST /Service1.svc - 49474 - ::1 - - 200 0 0 447
2018-07-24 10:11:06 ::1 POST /Service1.svc - 49474 - ::1 - - 200 0 0 352
2018-07-24 10:11:06 ::1 POST /Service1.svc - 49474 - ::1 - - 200 0 0 445
2018-07-24 10:11:06 ::1 POST /Service1.svc - 49474 - ::1 - - 200 0 0 138
#Software: Microsoft Internet Information Services 10.0
#Version: 1.0
#Date: 2018-07-24 11:33:57
#Fields: date time s-ip cs-method cs-uri-stem cs-uri-query s-port cs-username c-ip cs(User-Agent) cs(Referer) sc-status sc-substatus sc-win32-status time-taken
2018-07-24 11:33:57 ::1 POST /Service1.svc - 49474 - ::1 - - 200 0 0 132
2018-07-24 11:33:57 ::1 POST /Service1.svc - 49474 - ::1 - - 200 0 0 41
2018-07-24 11:33:57 ::1 POST /Service1.svc - 49474 - ::1 - - 200 0 0 77
2018-07-24 11:33:57 ::1 POST /Service1.svc - 49474 - ::1 - - 200 0 0 40
2018-07-24 11:34:01 ::1 POST /Service1.svc - 49474 - ::1 - - 200 0 0 22
2018-07-24 11:34:01 ::1 POST /Service1.svc - 49474 - ::1 - - 200 0 0 81
2018-07-24 11:34:01 ::1 POST /Service1.svc - 49474 - ::1 - - 200 0 0 19
2018-07-24 11:34:01 ::1 POST /Service1.svc - 49474 - ::1 - - 200 0 0 19
2018-07-24 11:34:01 ::1 POST /Service1.svc - 49474 - ::1 - - 200 0 0 16
2018-07-24 11:34:01 ::1 POST /Service1.svc - 49474 - ::1 - - 200 0 0 53
2018-07-24 11:34:01 ::1 POST /Service1.svc - 49474 - ::1 - - 200 0 0 52
2018-07-24 11:34:01 ::1 POST /Service1.svc - 49474 - ::1 - - 200 0 0 63
2018-07-24 11:34:01 ::1 POST /Service1.svc - 49474 - ::1 - - 200 0 0 34
2018-07-24 11:34:01 ::1 POST /Service1.svc - 49474 - ::1 - - 200 0 0 25
2018-07-24 11:34:01 ::1 POST /Service1.svc - 49474 - ::1 - - 200 0 0 103
2018-07-24 11:34:01 ::1 POST /Service1.svc - 49474 - ::1 - - 200 0 0 66
2018-07-24 11:34:03 ::1 POST /Service1.svc - 49474 - ::1 - - 500 0 0 1748
2018-07-24 11:34:11 ::1 POST /Service1.svc - 49474 - ::1 - - 200 0 0 51
2018-07-24 11:34:11 ::1 POST /Service1.svc - 49474 - ::1 - - 200 0 0 21
2018-07-24 11:34:11 ::1 POST /Service1.svc - 49474 - ::1 - - 200 0 0 33
2018-07-24 11:34:11 ::1 POST /Service1.svc - 49474 - ::1 - - 200 0 0 24
2018-07-24 11:34:11 ::1 POST /Service1.svc - 49474 - ::1 - - 200 0 0 122
2018-07-24 11:34:11 ::1 POST /Service1.svc - 49474 - ::1 - - 200 0 0 69
2018-07-24 11:34:11 ::1 POST /Service1.svc - 49474 - ::1 - - 200 0 0 57
2018-07-24 11:34:11 ::1 POST /Service1.svc - 49474 - ::1 - - 200 0 0 80
2018-07-24 11:34:11 ::1 POST /Service1.svc - 49474 - ::1 - - 200 0 0 76
2018-07-24 11:34:15 ::1 POST /Service1.svc - 49474 - ::1 - - 200 0 0 157
2018-07-24 11:34:15 ::1 POST /Service1.svc - 49474 - ::1 - - 200 0 0 27
2018-07-24 11:34:15 ::1 POST /Service1.svc - 49474 - ::1 - - 200 0 0 31
2018-07-24 11:34:15 ::1 POST /Service1.svc - 49474 - ::1 - - 200 0 0 181
2018-07-24 11:34:15 ::1 POST /Service1.svc - 49474 - ::1 - - 200 0 0 61
2018-07-24 11:34:15 ::1 POST /Service1.svc - 49474 - ::1 - - 200 0 0 96
2018-07-24 11:34:15 ::1 POST /Service1.svc - 49474 - ::1 - - 200 0 0 50
2018-07-24 11:34:15 ::1 POST /Service1.svc - 49474 - ::1 - - 200 0 0 35
2018-07-24 11:34:15 ::1 POST /Service1.svc - 49474 - ::1 - - 200 0 0 33
2018-07-24 11:34:15 ::1 POST /Service1.svc - 49474 - ::1 - - 200 0 0 37
2018-07-24 11:34:18 ::1 POST /Service1.svc - 49474 - ::1 - - 200 0 0 14
2018-07-24 11:34:18 ::1 POST /Service1.svc - 49474 - ::1 - - 200 0 0 13
2018-07-24 11:34:18 ::1 POST /Service1.svc - 49474 - ::1 - - 200 0 0 31
2018-07-24 11:34:20 ::1 POST /Service1.svc - 49474 - ::1 - - 200 0 0 29
2018-07-24 11:34:20 ::1 POST /Service1.svc - 49474 - ::1 - - 200 0 0 18
2018-07-24 11:34:20 ::1 POST /Service1.svc - 49474 - ::1 - - 200 0 0 19
2018-07-24 11:34:22 ::1 POST /Service1.svc - 49474 - ::1 - - 200 0 0 24
2018-07-24 11:34:31 ::1 POST /Service1.svc - 49474 - ::1 - - 200 0 0 149
2018-07-24 11:34:31 ::1 POST /Service1.svc - 49474 - ::1 - - 200 0 0 54
2018-07-24 11:34:59 ::1 POST /Service1.svc - 49474 - ::1 - - 200 0 0 144
2018-07-24 11:38:59 ::1 POST /Service1.svc - 49474 - ::1 - - 200 0 0 81
2018-07-24 11:38:59 ::1 POST /Service1.svc - 49474 - ::1 - - 200 0 0 83
2018-07-24 11:38:59 ::1 POST /Service1.svc - 49474 - ::1 - - 200 0 0 129
2018-07-24 11:38:59 ::1 POST /Service1.svc - 49474 - ::1 - - 200 0 0 79
2018-07-24 11:39:03 ::1 POST /Service1.svc - 49474 - ::1 - - 200 0 0 42
2018-07-24 11:39:03 ::1 POST /Service1.svc - 49474 - ::1 - - 200 0 0 66
2018-07-24 11:39:03 ::1 POST /Service1.svc - 49474 - ::1 - - 200 0 0 220
2018-07-24 11:39:03 ::1 POST /Service1.svc - 49474 - ::1 - - 200 0 0 235
2018-07-24 11:39:03 ::1 POST /Service1.svc - 49474 - ::1 - - 200 0 0 126
2018-07-24 11:39:04 ::1 POST /Service1.svc - 49474 - ::1 - - 200 0 0 82
2018-07-24 11:39:04 ::1 POST /Service1.svc - 49474 - ::1 - - 200 0 0 150
2018-07-24 11:39:04 ::1 POST /Service1.svc - 49474 - ::1 - - 200 0 0 34
2018-07-24 11:39:04 ::1 POST /Service1.svc - 49474 - ::1 - - 200 0 0 229
2018-07-24 11:39:04 ::1 POST /Service1.svc - 49474 - ::1 - - 200 0 0 48
2018-07-24 11:39:04 ::1 POST /Service1.svc - 49474 - ::1 - - 200 0 0 48
2018-07-24 11:39:04 ::1 POST /Service1.svc - 49474 - ::1 - - 200 0 0 155
2018-07-24 11:39:08 ::1 POST /Service1.svc - 49474 - ::1 - - 500 0 0 3710
2018-07-24 11:39:10 ::1 POST /Service1.svc - 49474 - ::1 - - 200 0 0 327
2018-07-24 11:39:10 ::1 POST /Service1.svc - 49474 - ::1 - - 200 0 0 51
2018-07-24 11:39:10 ::1 POST /Service1.svc - 49474 - ::1 - - 200 0 0 130
2018-07-24 11:39:10 ::1 POST /Service1.svc - 49474 - ::1 - - 200 0 0 186
2018-07-24 11:39:17 ::1 POST /Service1.svc - 49474 - ::1 - - 200 0 0 23
2018-07-24 11:39:17 ::1 POST /Service1.svc - 49474 - ::1 - - 200 0 0 39
2018-07-24 11:39:17 ::1 POST /Service1.svc - 49474 - ::1 - - 200 0 0 63
2018-07-24 11:39:17 ::1 POST /Service1.svc - 49474 - ::1 - - 200 0 0 221
2018-07-24 11:39:17 ::1 POST /Service1.svc - 49474 - ::1 - - 200 0 0 453
2018-07-24 11:39:18 ::1 POST /Service1.svc - 49474 - ::1 - - 200 0 0 192
2018-07-24 11:39:18 ::1 POST /Service1.svc - 49474 - ::1 - - 200 0 0 208
2018-07-24 11:39:18 ::1 POST /Service1.svc - 49474 - ::1 - - 200 0 0 70
2018-07-24 11:39:18 ::1 POST /Service1.svc - 49474 - ::1 - - 200 0 0 120
2018-07-24 11:39:20 ::1 POST /Service1.svc - 49474 - ::1 - - 200 0 0 47
2018-07-24 11:39:20 ::1 POST /Service1.svc - 49474 - ::1 - - 200 0 0 70
2018-07-24 11:39:20 ::1 POST /Service1.svc - 49474 - ::1 - - 200 0 0 43
2018-07-24 11:39:20 ::1 POST /Service1.svc - 49474 - ::1 - - 200 0 0 500
2018-07-24 11:39:20 ::1 POST /Service1.svc - 49474 - ::1 - - 200 0 0 162
2018-07-24 11:39:21 ::1 POST /Service1.svc - 49474 - ::1 - - 200 0 0 74
2018-07-24 11:39:21 ::1 POST /Service1.svc - 49474 - ::1 - - 200 0 0 206
2018-07-24 11:39:21 ::1 POST /Service1.svc - 49474 - ::1 - - 200 0 0 703
2018-07-24 11:39:21 ::1 POST /Service1.svc - 49474 - ::1 - - 200 0 0 39
2018-07-24 11:39:21 ::1 POST /Service1.svc - 49474 - ::1 - - 200 0 0 38
2018-07-24 11:39:24 ::1 POST /Service1.svc - 49474 - ::1 - - 200 0 0 79
2018-07-24 11:39:24 ::1 POST /Service1.svc - 49474 - ::1 - - 200 0 0 35
2018-07-24 11:39:24 ::1 POST /Service1.svc - 49474 - ::1 - - 200 0 0 68
2018-07-24 11:39:26 ::1 POST /Service1.svc - 49474 - ::1 - - 200 0 0 21
2018-07-24 11:39:26 ::1 POST /Service1.svc - 49474 - ::1 - - 200 0 0 60
2018-07-24 11:39:26 ::1 POST /Service1.svc - 49474 - ::1 - - 200 0 0 86
2018-07-24 11:39:27 ::1 POST /Service1.svc - 49474 - ::1 - - 200 0 0 27
2018-07-24 11:39:36 ::1 POST /Service1.svc - 49474 - ::1 - - 200 0 0 913
2018-07-24 11:39:36 ::1 POST /Service1.svc - 49474 - ::1 - - 200 0 0 153
2018-07-24 11:40:10 ::1 POST /Service1.svc - 49474 - ::1 - - 200 0 0 87
2018-07-24 11:40:10 ::1 POST /Service1.svc - 49474 - ::1 - - 200 0 0 26
2018-07-24 11:40:10 ::1 POST /Service1.svc - 49474 - ::1 - - 200 0 0 222
2018-07-24 11:40:10 ::1 POST /Service1.svc - 49474 - ::1 - - 200 0 0 605
2018-07-24 11:41:13 ::1 POST /Service1.svc - 49474 - ::1 - - 500 0 0 56055
