#Software: Microsoft Internet Information Services 10.0
#Version: 1.0
#Date: 2018-07-18 06:27:41
#Fields: date time s-ip cs-method cs-uri-stem cs-uri-query s-port cs-username c-ip cs(User-Agent) cs(Referer) sc-status sc-substatus sc-win32-status time-taken
2018-07-18 06:27:41 ::1 POST /Service1.svc - 49474 - ::1 - - 415 0 0 21331
2018-07-18 06:27:41 ::1 POST /Service1.svc/mex - 49474 - ::1 - - 415 0 0 7
2018-07-18 06:27:47 ::1 GET /Service1.svc - 49474 - ::1 Mozilla/4.0+(compatible;+MSIE+6.0;+MS+Web+Services+Client+Protocol+4.0.30319.42000) - 200 0 0 5084
2018-07-18 06:27:47 ::1 GET /Service1.svc disco 49474 - ::1 Mozilla/4.0+(compatible;+MSIE+6.0;+MS+Web+Services+Client+Protocol+4.0.30319.42000) - 200 0 0 7
2018-07-18 06:27:47 ::1 GET /Service1.svc wsdl 49474 - ::1 Mozilla/4.0+(compatible;+MSIE+6.0;+MS+Web+Services+Client+Protocol+4.0.30319.42000) - 200 0 0 96
2018-07-18 06:27:48 ::1 GET /Service1.svc xsd=xsd0 49474 - ::1 Mozilla/4.0+(compatible;+MSIE+6.0;+MS+Web+Services+Client+Protocol+4.0.30319.42000) - 200 0 0 997
2018-07-18 06:27:48 ::1 GET /Service1.svc xsd=xsd2 49474 - ::1 Mozilla/4.0+(compatible;+MSIE+6.0;+MS+Web+Services+Client+Protocol+4.0.30319.42000) - 200 0 0 6
2018-07-18 06:27:48 ::1 GET /Service1.svc xsd=xsd3 49474 - ::1 Mozilla/4.0+(compatible;+MSIE+6.0;+MS+Web+Services+Client+Protocol+4.0.30319.42000) - 200 0 0 5
2018-07-18 06:27:48 ::1 GET /Service1.svc xsd=xsd1 49474 - ::1 Mozilla/4.0+(compatible;+MSIE+6.0;+MS+Web+Services+Client+Protocol+4.0.30319.42000) - 200 0 0 13
2018-07-18 06:33:52 ::1 GET /Service1.svc - 49474 - ::1 Mozilla/4.0+(compatible;+MSIE+6.0;+MS+Web+Services+Client+Protocol+4.0.30319.42000) - 200 0 0 97
2018-07-18 06:33:52 ::1 GET /Service1.svc disco 49474 - ::1 Mozilla/4.0+(compatible;+MSIE+6.0;+MS+Web+Services+Client+Protocol+4.0.30319.42000) - 200 0 0 12
2018-07-18 06:33:52 ::1 GET /Service1.svc wsdl 49474 - ::1 Mozilla/4.0+(compatible;+MSIE+6.0;+MS+Web+Services+Client+Protocol+4.0.30319.42000) - 200 0 0 242
2018-07-18 06:33:52 ::1 GET /Service1.svc/$metadata - 49474 - ::1 Mozilla/4.0+(compatible;+MSIE+6.0;+MS+Web+Services+Client+Protocol+4.0.30319.42000) - 400 0 0 857
2018-07-18 06:33:53 ::1 GET /Service1.svc xsd=xsd0 49474 - ::1 Mozilla/4.0+(compatible;+MSIE+6.0;+MS+Web+Services+Client+Protocol+4.0.30319.42000) - 200 0 0 42
2018-07-18 06:33:53 ::1 GET /Service1.svc xsd=xsd2 49474 - ::1 Mozilla/4.0+(compatible;+MSIE+6.0;+MS+Web+Services+Client+Protocol+4.0.30319.42000) - 200 0 0 9
2018-07-18 06:33:53 ::1 GET /Service1.svc xsd=xsd3 49474 - ::1 Mozilla/4.0+(compatible;+MSIE+6.0;+MS+Web+Services+Client+Protocol+4.0.30319.42000) - 200 0 0 6
2018-07-18 06:33:53 ::1 GET /Service1.svc xsd=xsd1 49474 - ::1 Mozilla/4.0+(compatible;+MSIE+6.0;+MS+Web+Services+Client+Protocol+4.0.30319.42000) - 200 0 0 5
2018-07-18 06:33:55 ::1 POST /Service1.svc - 49474 - ::1 - - 415 0 0 25
2018-07-18 06:33:55 ::1 POST /Service1.svc/mex - 49474 - ::1 - - 415 0 0 35
2018-07-18 06:37:30 ::1 POST /Service1.svc - 49474 - ::1 - - 200 0 0 3567
2018-07-18 06:37:30 ::1 POST /Service1.svc - 49474 - ::1 - - 200 0 0 472
2018-07-18 06:37:31 ::1 POST /Service1.svc - 49474 - ::1 - - 200 0 0 531
2018-07-18 06:37:31 ::1 POST /Service1.svc - 49474 - ::1 - - 200 0 0 480
2018-07-18 06:38:00 ::1 POST /Service1.svc - 49474 - ::1 - - 200 0 0 49
2018-07-18 06:38:00 ::1 POST /Service1.svc - 49474 - ::1 - - 200 0 0 34
2018-07-18 06:38:00 ::1 POST /Service1.svc - 49474 - ::1 - - 200 0 0 78
2018-07-18 06:38:00 ::1 POST /Service1.svc - 49474 - ::1 - - 200 0 0 17
2018-07-18 06:38:03 ::1 POST /Service1.svc - 49474 - ::1 - - 200 0 0 13
2018-07-18 06:38:03 ::1 POST /Service1.svc - 49474 - ::1 - - 200 0 0 18
2018-07-18 06:38:03 ::1 POST /Service1.svc - 49474 - ::1 - - 200 0 0 23
2018-07-18 06:38:03 ::1 POST /Service1.svc - 49474 - ::1 - - 200 0 0 57
2018-07-18 06:38:03 ::1 POST /Service1.svc - 49474 - ::1 - - 200 0 0 54
2018-07-18 06:38:03 ::1 POST /Service1.svc - 49474 - ::1 - - 200 0 0 16
2018-07-18 06:38:03 ::1 POST /Service1.svc - 49474 - ::1 - - 200 0 0 11
2018-07-18 06:38:03 ::1 POST /Service1.svc - 49474 - ::1 - - 200 0 0 183
2018-07-18 06:38:04 ::1 POST /Service1.svc - 49474 - ::1 - - 200 0 0 502
2018-07-18 06:38:04 ::1 POST /Service1.svc - 49474 - ::1 - - 200 0 0 78
2018-07-18 06:38:04 ::1 POST /Service1.svc - 49474 - ::1 - - 200 0 0 137
2018-07-18 06:38:13 ::1 POST /Service1.svc - 49474 - ::1 - - 200 0 0 1821
2018-07-18 06:38:15 ::1 POST /Service1.svc - 49474 - ::1 - - 200 0 0 1027
2018-07-18 06:38:38 ::1 POST /Service1.svc - 49474 - ::1 - - 200 0 0 52
2018-07-18 06:38:48 ::1 POST /Service1.svc - 49474 - ::1 - - 200 0 0 46
2018-07-18 06:39:07 ::1 POST /Service1.svc - 49474 - ::1 - - 200 0 0 297
2018-07-18 06:39:13 ::1 POST /Service1.svc - 49474 - ::1 - - 200 0 0 110
2018-07-18 06:41:01 ::1 POST /Service1.svc - 49474 - ::1 - - 200 0 0 181
2018-07-18 06:41:01 ::1 POST /Service1.svc - 49474 - ::1 - - 200 0 0 128
2018-07-18 06:41:01 ::1 POST /Service1.svc - 49474 - ::1 - - 200 0 0 86
2018-07-18 06:41:01 ::1 POST /Service1.svc - 49474 - ::1 - - 200 0 0 20
2018-07-18 06:41:05 ::1 POST /Service1.svc - 49474 - ::1 - - 200 0 0 29
2018-07-18 06:41:05 ::1 POST /Service1.svc - 49474 - ::1 - - 200 0 0 17
2018-07-18 06:41:05 ::1 POST /Service1.svc - 49474 - ::1 - - 200 0 0 102
2018-07-18 06:41:05 ::1 POST /Service1.svc - 49474 - ::1 - - 200 0 0 22
2018-07-18 06:41:06 ::1 POST /Service1.svc - 49474 - ::1 - - 200 0 0 831
2018-07-18 06:41:06 ::1 POST /Service1.svc - 49474 - ::1 - - 200 0 0 330
2018-07-18 06:41:06 ::1 POST /Service1.svc - 49474 - ::1 - - 200 0 0 52
2018-07-18 06:41:11 ::1 POST /Service1.svc - 49474 - ::1 - - 200 0 0 14
2018-07-18 06:41:11 ::1 POST /Service1.svc - 49474 - ::1 - - 200 0 0 41
2018-07-18 06:41:11 ::1 POST /Service1.svc - 49474 - ::1 - - 200 0 0 21
2018-07-18 06:41:11 ::1 POST /Service1.svc - 49474 - ::1 - - 200 0 0 28
2018-07-18 06:41:11 ::1 POST /Service1.svc - 49474 - ::1 - - 200 0 0 24
2018-07-18 06:41:11 ::1 POST /Service1.svc - 49474 - ::1 - - 200 0 0 13
2018-07-18 06:41:11 ::1 POST /Service1.svc - 49474 - ::1 - - 200 0 0 22
2018-07-18 06:41:11 ::1 POST /Service1.svc - 49474 - ::1 - - 200 0 0 50
2018-07-18 06:41:11 ::1 POST /Service1.svc - 49474 - ::1 - - 200 0 0 75
2018-07-18 06:41:11 ::1 POST /Service1.svc - 49474 - ::1 - - 200 0 0 438
2018-07-18 06:41:12 ::1 POST /Service1.svc - 49474 - ::1 - - 200 0 0 166
2018-07-18 06:41:14 ::1 POST /Service1.svc - 49474 - ::1 - - 200 0 0 115
2018-07-18 06:41:14 ::1 POST /Service1.svc - 49474 - ::1 - - 200 0 0 102
2018-07-18 06:41:14 ::1 POST /Service1.svc - 49474 - ::1 - - 200 0 0 85
2018-07-18 06:41:25 ::1 POST /Service1.svc - 49474 - ::1 - - 200 0 0 37
2018-07-18 06:41:25 ::1 POST /Service1.svc - 49474 - ::1 - - 200 0 0 21
2018-07-18 06:41:25 ::1 POST /Service1.svc - 49474 - ::1 - - 200 0 0 25
2018-07-18 06:41:25 ::1 POST /Service1.svc - 49474 - ::1 - - 200 0 0 40
2018-07-18 06:41:25 ::1 POST /Service1.svc - 49474 - ::1 - - 200 0 0 70
2018-07-18 06:41:25 ::1 POST /Service1.svc - 49474 - ::1 - - 200 0 0 56
2018-07-18 06:41:25 ::1 POST /Service1.svc - 49474 - ::1 - - 200 0 0 64
2018-07-18 06:41:27 ::1 POST /Service1.svc - 49474 - ::1 - - 200 0 0 19
2018-07-18 06:41:27 ::1 POST /Service1.svc - 49474 - ::1 - - 200 0 0 20
2018-07-18 06:41:27 ::1 POST /Service1.svc - 49474 - ::1 - - 200 0 0 21
2018-07-18 06:41:27 ::1 POST /Service1.svc - 49474 - ::1 - - 200 0 0 27
2018-07-18 06:41:27 ::1 POST /Service1.svc - 49474 - ::1 - - 200 0 0 51
2018-07-18 06:41:27 ::1 POST /Service1.svc - 49474 - ::1 - - 200 0 0 32
2018-07-18 06:41:27 ::1 POST /Service1.svc - 49474 - ::1 - - 200 0 0 62
2018-07-18 06:41:27 ::1 POST /Service1.svc - 49474 - ::1 - - 200 0 0 58
2018-07-18 06:41:27 ::1 POST /Service1.svc - 49474 - ::1 - - 200 0 0 251
2018-07-18 06:41:27 ::1 POST /Service1.svc - 49474 - ::1 - - 200 0 0 45
2018-07-18 06:41:27 ::1 POST /Service1.svc - 49474 - ::1 - - 200 0 0 150
2018-07-18 06:41:30 ::1 POST /Service1.svc - 49474 - ::1 - - 200 0 0 47
2018-07-18 06:41:30 ::1 POST /Service1.svc - 49474 - ::1 - - 200 0 0 30
2018-07-18 06:41:30 ::1 POST /Service1.svc - 49474 - ::1 - - 200 0 0 14
2018-07-18 06:41:34 ::1 POST /Service1.svc - 49474 - ::1 - - 200 0 0 28
2018-07-18 06:41:34 ::1 POST /Service1.svc - 49474 - ::1 - - 200 0 0 104
2018-07-18 06:41:34 ::1 POST /Service1.svc - 49474 - ::1 - - 200 0 0 66
2018-07-18 06:41:34 ::1 POST /Service1.svc - 49474 - ::1 - - 200 0 0 68
2018-07-18 06:41:34 ::1 POST /Service1.svc - 49474 - ::1 - - 200 0 0 80
2018-07-18 06:41:34 ::1 POST /Service1.svc - 49474 - ::1 - - 200 0 0 73
2018-07-18 06:41:34 ::1 POST /Service1.svc - 49474 - ::1 - - 200 0 0 28
2018-07-18 06:41:37 ::1 POST /Service1.svc - 49474 - ::1 - - 200 0 0 24
2018-07-18 06:41:37 ::1 POST /Service1.svc - 49474 - ::1 - - 200 0 0 20
2018-07-18 06:41:37 ::1 POST /Service1.svc - 49474 - ::1 - - 200 0 0 27
2018-07-18 06:41:37 ::1 POST /Service1.svc - 49474 - ::1 - - 200 0 0 74
2018-07-18 06:42:36 ::1 POST /Service1.svc - 49474 - ::1 - - 200 0 0 84
2018-07-18 06:42:36 ::1 POST /Service1.svc - 49474 - ::1 - - 200 0 0 111
2018-07-18 06:42:36 ::1 POST /Service1.svc - 49474 - ::1 - - 200 0 0 335
2018-07-18 06:42:36 ::1 POST /Service1.svc - 49474 - ::1 - - 200 0 0 61
2018-07-18 06:42:40 ::1 POST /Service1.svc - 49474 - ::1 - - 200 0 0 22
2018-07-18 06:42:40 ::1 POST /Service1.svc - 49474 - ::1 - - 200 0 0 98
2018-07-18 06:42:40 ::1 POST /Service1.svc - 49474 - ::1 - - 200 0 0 112
2018-07-18 06:42:40 ::1 POST /Service1.svc - 49474 - ::1 - - 200 0 0 57
2018-07-18 06:42:40 ::1 POST /Service1.svc - 49474 - ::1 - - 200 0 0 101
2018-07-18 06:42:40 ::1 POST /Service1.svc - 49474 - ::1 - - 200 0 0 403
2018-07-18 06:42:41 ::1 POST /Service1.svc - 49474 - ::1 - - 200 0 0 151
2018-07-18 06:42:43 ::1 POST /Service1.svc - 49474 - ::1 - - 200 0 0 16
2018-07-18 06:42:43 ::1 POST /Service1.svc - 49474 - ::1 - - 200 0 0 48
2018-07-18 06:42:43 ::1 POST /Service1.svc - 49474 - ::1 - - 200 0 0 35
2018-07-18 06:42:43 ::1 POST /Service1.svc - 49474 - ::1 - - 200 0 0 108
2018-07-18 06:42:43 ::1 POST /Service1.svc - 49474 - ::1 - - 200 0 0 84
2018-07-18 06:42:43 ::1 POST /Service1.svc - 49474 - ::1 - - 200 0 0 19
2018-07-18 06:42:43 ::1 POST /Service1.svc - 49474 - ::1 - - 200 0 0 24
2018-07-18 06:42:43 ::1 POST /Service1.svc - 49474 - ::1 - - 200 0 0 72
2018-07-18 06:42:43 ::1 POST /Service1.svc - 49474 - ::1 - - 200 0 0 115
2018-07-18 06:42:43 ::1 POST /Service1.svc - 49474 - ::1 - - 200 0 0 88
2018-07-18 06:42:43 ::1 POST /Service1.svc - 49474 - ::1 - - 200 0 0 60
2018-07-18 06:42:54 ::1 POST /Service1.svc - 49474 - ::1 - - 200 0 0 158
2018-07-18 06:43:34 ::1 POST /Service1.svc - 49474 - ::1 - - 200 0 0 139
2018-07-18 06:43:55 ::1 POST /Service1.svc - 49474 - ::1 - - 200 0 0 62
2018-07-18 06:44:34 ::1 POST /Service1.svc - 49474 - ::1 - - 200 0 0 92
2018-07-18 06:44:34 ::1 POST /Service1.svc - 49474 - ::1 - - 200 0 0 124
2018-07-18 06:44:34 ::1 POST /Service1.svc - 49474 - ::1 - - 200 0 0 68
2018-07-18 06:45:57 ::1 POST /Service1.svc - 49474 - ::1 - - 200 0 0 198
2018-07-18 06:45:57 ::1 POST /Service1.svc - 49474 - ::1 - - 200 0 0 642
2018-07-18 06:45:58 ::1 POST /Service1.svc - 49474 - ::1 - - 200 0 0 563
2018-07-18 06:45:58 ::1 POST /Service1.svc - 49474 - ::1 - - 200 0 0 543
2018-07-18 06:46:03 ::1 POST /Service1.svc - 49474 - ::1 - - 200 0 0 290
2018-07-18 06:46:04 ::1 POST /Service1.svc - 49474 - ::1 - - 200 0 0 1464
2018-07-18 06:46:04 ::1 POST /Service1.svc - 49474 - ::1 - - 200 0 0 337
2018-07-18 06:46:04 ::1 POST /Service1.svc - 49474 - ::1 - - 200 0 0 487
2018-07-18 06:46:08 ::1 POST /Service1.svc - 49474 - ::1 - - 200 0 0 797
2018-07-18 06:46:08 ::1 POST /Service1.svc - 49474 - ::1 - - 200 0 0 285
2018-07-18 06:46:08 ::1 POST /Service1.svc - 49474 - ::1 - - 200 0 0 607
2018-07-18 06:46:10 ::1 POST /Service1.svc - 49474 - ::1 - - 200 0 0 269
2018-07-18 06:46:10 ::1 POST /Service1.svc - 49474 - ::1 - - 200 0 0 44
2018-07-18 06:46:10 ::1 POST /Service1.svc - 49474 - ::1 - - 200 0 0 485
2018-07-18 06:46:10 ::1 POST /Service1.svc - 49474 - ::1 - - 200 0 0 24
2018-07-18 06:46:10 ::1 POST /Service1.svc - 49474 - ::1 - - 200 0 0 153
2018-07-18 06:46:11 ::1 POST /Service1.svc - 49474 - ::1 - - 200 0 0 563
2018-07-18 06:46:11 ::1 POST /Service1.svc - 49474 - ::1 - - 200 0 0 615
2018-07-18 06:46:12 ::1 POST /Service1.svc - 49474 - ::1 - - 200 0 0 829
2018-07-18 06:46:16 ::1 POST /Service1.svc - 49474 - ::1 - - 200 0 0 606
2018-07-18 06:46:16 ::1 POST /Service1.svc - 49474 - ::1 - - 200 0 0 849
2018-07-18 06:46:25 ::1 POST /Service1.svc - 49474 - ::1 - - 200 0 0 102
2018-07-18 06:46:33 ::1 POST /Service1.svc - 49474 - ::1 - - 200 0 0 423
2018-07-18 06:47:51 ::1 POST /Service1.svc - 49474 - ::1 - - 200 0 0 36
2018-07-18 06:47:51 ::1 POST /Service1.svc - 49474 - ::1 - - 200 0 0 228
2018-07-18 06:47:51 ::1 POST /Service1.svc - 49474 - ::1 - - 200 0 0 70
2018-07-18 06:47:51 ::1 POST /Service1.svc - 49474 - ::1 - - 200 0 0 532
2018-07-18 06:47:53 ::1 POST /Service1.svc - 49474 - ::1 - - 200 0 0 309
2018-07-18 06:47:53 ::1 POST /Service1.svc - 49474 - ::1 - - 200 0 0 306
2018-07-18 06:47:53 ::1 POST /Service1.svc - 49474 - ::1 - - 200 0 0 286
2018-07-18 06:47:55 ::1 POST /Service1.svc - 49474 - ::1 - - 200 0 0 653
2018-07-18 06:59:09 ::1 POST /Service1.svc - 49474 - ::1 - - 200 0 0 111
2018-07-18 06:59:10 ::1 POST /Service1.svc - 49474 - ::1 - - 200 0 0 673
2018-07-18 06:59:10 ::1 POST /Service1.svc - 49474 - ::1 - - 200 0 0 834
2018-07-18 06:59:13 ::1 POST /Service1.svc - 49474 - ::1 - - 200 0 0 1119
2018-07-18 06:59:19 ::1 POST /Service1.svc - 49474 - ::1 - - 200 0 0 89
2018-07-18 06:59:19 ::1 POST /Service1.svc - 49474 - ::1 - - 200 0 0 51
2018-07-18 06:59:19 ::1 POST /Service1.svc - 49474 - ::1 - - 200 0 0 42
2018-07-18 06:59:19 ::1 POST /Service1.svc - 49474 - ::1 - - 200 0 0 110
2018-07-18 06:59:22 ::1 POST /Service1.svc - 49474 - ::1 - - 200 0 0 286
2018-07-18 06:59:22 ::1 POST /Service1.svc - 49474 - ::1 - - 200 0 0 284
2018-07-18 06:59:22 ::1 POST /Service1.svc - 49474 - ::1 - - 200 0 0 557
2018-07-18 06:59:23 ::1 POST /Service1.svc - 49474 - ::1 - - 200 0 0 577
2018-07-18 06:59:23 ::1 POST /Service1.svc - 49474 - ::1 - - 200 0 0 654
2018-07-18 06:59:25 ::1 POST /Service1.svc - 49474 - ::1 - - 200 0 0 732
2018-07-18 06:59:25 ::1 POST /Service1.svc - 49474 - ::1 - - 200 0 0 752
2018-07-18 06:59:27 ::1 POST /Service1.svc - 49474 - ::1 - - 200 0 0 1356
2018-07-18 06:59:27 ::1 POST /Service1.svc - 49474 - ::1 - - 200 0 0 137
2018-07-18 06:59:27 ::1 POST /Service1.svc - 49474 - ::1 - - 200 0 0 73
2018-07-18 06:59:27 ::1 POST /Service1.svc - 49474 - ::1 - - 200 0 0 355
2018-07-18 06:59:30 ::1 POST /Service1.svc - 49474 - ::1 - - 200 0 0 50
2018-07-18 06:59:30 ::1 POST /Service1.svc - 49474 - ::1 - - 200 0 0 526
2018-07-18 06:59:35 ::1 POST /Service1.svc - 49474 - ::1 - - 200 0 0 95
2018-07-18 06:59:42 ::1 POST /Service1.svc - 49474 - ::1 - - 200 0 0 140
2018-07-18 06:59:58 ::1 POST /Service1.svc - 49474 - ::1 - - 200 0 0 91
2018-07-18 06:59:58 ::1 POST /Service1.svc - 49474 - ::1 - - 200 0 0 247
2018-07-18 06:59:58 ::1 POST /Service1.svc - 49474 - ::1 - - 200 0 0 92
2018-07-18 06:59:58 ::1 POST /Service1.svc - 49474 - ::1 - - 200 0 0 156
2018-07-18 07:00:01 ::1 POST /Service1.svc - 49474 - ::1 - - 200 0 0 71
2018-07-18 07:00:01 ::1 POST /Service1.svc - 49474 - ::1 - - 200 0 0 77
2018-07-18 07:00:01 ::1 POST /Service1.svc - 49474 - ::1 - - 200 0 0 127
2018-07-18 07:00:01 ::1 POST /Service1.svc - 49474 - ::1 - - 200 0 0 48
2018-07-18 07:04:19 ::1 POST /Service1.svc - 49474 - ::1 - - 200 0 0 517
2018-07-18 07:04:20 ::1 POST /Service1.svc - 49474 - ::1 - - 200 0 0 891
2018-07-18 07:04:20 ::1 POST /Service1.svc - 49474 - ::1 - - 200 0 0 946
2018-07-18 07:04:21 ::1 POST /Service1.svc - 49474 - ::1 - - 200 0 0 121
2018-07-18 07:04:30 ::1 POST /Service1.svc - 49474 - ::1 - - 200 0 0 494
2018-07-18 07:04:30 ::1 POST /Service1.svc - 49474 - ::1 - - 200 0 0 803
2018-07-18 07:04:31 ::1 POST /Service1.svc - 49474 - ::1 - - 200 0 0 405
2018-07-18 07:04:31 ::1 POST /Service1.svc - 49474 - ::1 - - 200 0 0 836
2018-07-18 07:04:35 ::1 POST /Service1.svc - 49474 - ::1 - - 200 0 0 149
2018-07-18 07:04:35 ::1 POST /Service1.svc - 49474 - ::1 - - 200 0 0 95
2018-07-18 07:04:35 ::1 POST /Service1.svc - 49474 - ::1 - - 200 0 0 162
2018-07-18 07:04:36 ::1 POST /Service1.svc - 49474 - ::1 - - 200 0 0 847
2018-07-18 07:04:36 ::1 POST /Service1.svc - 49474 - ::1 - - 200 0 0 249
2018-07-18 07:04:36 ::1 POST /Service1.svc - 49474 - ::1 - - 200 0 0 65
2018-07-18 07:04:36 ::1 POST /Service1.svc - 49474 - ::1 - - 200 0 0 552
2018-07-18 07:04:36 ::1 POST /Service1.svc - 49474 - ::1 - - 200 0 0 114
2018-07-18 07:04:38 ::1 POST /Service1.svc - 49474 - ::1 - - 200 0 0 1010
2018-07-18 07:04:38 ::1 POST /Service1.svc - 49474 - ::1 - - 200 0 0 219
2018-07-18 07:04:38 ::1 POST /Service1.svc - 49474 - ::1 - - 200 0 0 86
2018-07-18 07:04:54 ::1 POST /Service1.svc - 49474 - ::1 - - 200 0 0 237
2018-07-18 07:04:54 ::1 POST /Service1.svc - 49474 - ::1 - - 200 0 0 102
2018-07-18 07:04:58 ::1 POST /Service1.svc - 49474 - ::1 - - 200 0 0 138
2018-07-18 07:05:05 ::1 POST /Service1.svc - 49474 - ::1 - - 200 0 0 774
2018-07-18 07:05:06 ::1 POST /Service1.svc - 49474 - ::1 - - 200 0 0 108
2018-07-18 07:05:13 ::1 POST /Service1.svc - 49474 - ::1 - - 200 0 0 840
2018-07-18 07:05:39 ::1 POST /Service1.svc - 49474 - ::1 - - 200 0 0 107
2018-07-18 07:05:45 ::1 POST /Service1.svc - 49474 - ::1 - - 200 0 0 136
2018-07-18 07:05:49 ::1 POST /Service1.svc - 49474 - ::1 - - 200 0 0 195
2018-07-18 07:05:49 ::1 POST /Service1.svc - 49474 - ::1 - - 200 0 0 116
2018-07-18 07:05:49 ::1 POST /Service1.svc - 49474 - ::1 - - 200 0 0 231
2018-07-18 07:05:49 ::1 POST /Service1.svc - 49474 - ::1 - - 200 0 0 204
2018-07-18 07:05:52 ::1 POST /Service1.svc - 49474 - ::1 - - 200 0 0 12
2018-07-18 07:05:52 ::1 POST /Service1.svc - 49474 - ::1 - - 200 0 0 18
2018-07-18 07:05:52 ::1 POST /Service1.svc - 49474 - ::1 - - 200 0 0 65
2018-07-18 07:05:52 ::1 POST /Service1.svc - 49474 - ::1 - - 200 0 0 94
2018-07-18 07:05:52 ::1 POST /Service1.svc - 49474 - ::1 - - 200 0 0 53
2018-07-18 07:05:52 ::1 POST /Service1.svc - 49474 - ::1 - - 200 0 0 17
2018-07-18 07:05:52 ::1 POST /Service1.svc - 49474 - ::1 - - 200 0 0 73
2018-07-18 07:05:52 ::1 POST /Service1.svc - 49474 - ::1 - - 200 0 0 118
2018-07-18 07:05:52 ::1 POST /Service1.svc - 49474 - ::1 - - 200 0 0 137
2018-07-18 07:05:52 ::1 POST /Service1.svc - 49474 - ::1 - - 200 0 0 22
2018-07-18 07:05:52 ::1 POST /Service1.svc - 49474 - ::1 - - 200 0 0 46
2018-07-18 07:05:55 ::1 POST /Service1.svc - 49474 - ::1 - - 200 0 0 24
2018-07-18 07:05:55 ::1 POST /Service1.svc - 49474 - ::1 - - 200 0 0 37
2018-07-18 07:05:57 ::1 POST /Service1.svc - 49474 - ::1 - - 200 0 0 91
2018-07-18 07:06:03 ::1 POST /Service1.svc - 49474 - ::1 - - 200 0 0 30
2018-07-18 07:06:04 ::1 POST /Service1.svc - 49474 - ::1 - - 200 0 0 27
2018-07-18 07:06:08 ::1 POST /Service1.svc - 49474 - ::1 - - 200 0 0 34
2018-07-18 07:06:08 ::1 POST /Service1.svc - 49474 - ::1 - - 200 0 0 22
2018-07-18 07:06:11 ::1 POST /Service1.svc - 49474 - ::1 - - 200 0 0 126
2018-07-18 07:06:14 ::1 POST /Service1.svc - 49474 - ::1 - - 200 0 0 37
2018-07-18 07:06:14 ::1 POST /Service1.svc - 49474 - ::1 - - 200 0 0 52
2018-07-18 07:06:18 ::1 POST /Service1.svc - 49474 - ::1 - - 200 0 0 85
2018-07-18 07:06:22 ::1 POST /Service1.svc - 49474 - ::1 - - 200 0 0 167
2018-07-18 07:06:30 ::1 POST /Service1.svc - 49474 - ::1 - - 200 0 0 21
2018-07-18 07:06:30 ::1 POST /Service1.svc - 49474 - ::1 - - 200 0 0 12
2018-07-18 07:06:30 ::1 POST /Service1.svc - 49474 - ::1 - - 200 0 0 28
2018-07-18 07:06:30 ::1 POST /Service1.svc - 49474 - ::1 - - 200 0 0 96
2018-07-18 07:06:33 ::1 POST /Service1.svc - 49474 - ::1 - - 200 0 0 65
2018-07-18 07:06:33 ::1 POST /Service1.svc - 49474 - ::1 - - 200 0 0 151
2018-07-18 07:06:33 ::1 POST /Service1.svc - 49474 - ::1 - - 200 0 0 57
2018-07-18 07:06:33 ::1 POST /Service1.svc - 49474 - ::1 - - 200 0 0 39
#Software: Microsoft Internet Information Services 10.0
#Version: 1.0
#Date: 2018-07-18 07:35:38
#Fields: date time s-ip cs-method cs-uri-stem cs-uri-query s-port cs-username c-ip cs(User-Agent) cs(Referer) sc-status sc-substatus sc-win32-status time-taken
2018-07-18 07:35:38 ::1 POST /Service1.svc - 49474 - ::1 - - 200 0 0 62
2018-07-18 07:35:38 ::1 POST /Service1.svc - 49474 - ::1 - - 200 0 0 20
2018-07-18 07:35:38 ::1 POST /Service1.svc - 49474 - ::1 - - 200 0 0 29
2018-07-18 07:35:38 ::1 POST /Service1.svc - 49474 - ::1 - - 200 0 0 126
2018-07-18 07:39:13 ::1 POST /Service1.svc - 49474 - ::1 - - 200 0 0 29
2018-07-18 07:39:13 ::1 POST /Service1.svc - 49474 - ::1 - - 200 0 0 43
2018-07-18 07:39:13 ::1 POST /Service1.svc - 49474 - ::1 - - 200 0 0 30
2018-07-18 07:39:13 ::1 POST /Service1.svc - 49474 - ::1 - - 200 0 0 54
#Software: Microsoft Internet Information Services 10.0
#Version: 1.0
#Date: 2018-07-18 08:41:45
#Fields: date time s-ip cs-method cs-uri-stem cs-uri-query s-port cs-username c-ip cs(User-Agent) cs(Referer) sc-status sc-substatus sc-win32-status time-taken
2018-07-18 08:41:45 ::1 POST /Service1.svc - 49474 - ::1 - - 200 0 0 3396
2018-07-18 08:41:45 ::1 POST /Service1.svc - 49474 - ::1 - - 200 0 0 84
2018-07-18 08:41:46 ::1 POST /Service1.svc - 49474 - ::1 - - 200 0 0 342
2018-07-18 08:41:46 ::1 POST /Service1.svc - 49474 - ::1 - - 200 0 0 71
2018-07-18 08:42:08 ::1 POST /Service1.svc - 49474 - ::1 - - 200 0 0 285
2018-07-18 08:42:08 ::1 POST /Service1.svc - 49474 - ::1 - - 200 0 0 115
2018-07-18 08:42:08 ::1 POST /Service1.svc - 49474 - ::1 - - 200 0 0 26
2018-07-18 08:42:08 ::1 POST /Service1.svc - 49474 - ::1 - - 200 0 0 101
2018-07-18 08:42:11 ::1 POST /Service1.svc - 49474 - ::1 - - 200 0 0 18
2018-07-18 08:42:11 ::1 POST /Service1.svc - 49474 - ::1 - - 200 0 0 133
2018-07-18 08:42:11 ::1 POST /Service1.svc - 49474 - ::1 - - 200 0 0 82
2018-07-18 08:42:11 ::1 POST /Service1.svc - 49474 - ::1 - - 200 0 0 64
2018-07-18 08:42:14 ::1 POST /Service1.svc - 49474 - ::1 - - 200 0 0 54
2018-07-18 08:42:14 ::1 POST /Service1.svc - 49474 - ::1 - - 200 0 0 18
2018-07-18 08:42:14 ::1 POST /Service1.svc - 49474 - ::1 - - 200 0 0 25
2018-07-18 08:42:14 ::1 POST /Service1.svc - 49474 - ::1 - - 200 0 0 56
2018-07-18 08:42:14 ::1 POST /Service1.svc - 49474 - ::1 - - 200 0 0 38
2018-07-18 08:42:14 ::1 POST /Service1.svc - 49474 - ::1 - - 200 0 0 82
2018-07-18 08:42:14 ::1 POST /Service1.svc - 49474 - ::1 - - 200 0 0 212
2018-07-18 08:42:14 ::1 POST /Service1.svc - 49474 - ::1 - - 200 0 0 118
2018-07-18 08:42:15 ::1 POST /Service1.svc - 49474 - ::1 - - 200 0 0 652
2018-07-18 08:42:15 ::1 POST /Service1.svc - 49474 - ::1 - - 200 0 0 34
2018-07-18 08:42:15 ::1 POST /Service1.svc - 49474 - ::1 - - 200 0 0 74
2018-07-18 08:42:37 ::1 POST /Service1.svc - 49474 - ::1 - - 200 0 0 29
2018-07-18 08:42:37 ::1 POST /Service1.svc - 49474 - ::1 - - 200 0 0 34
2018-07-18 08:42:41 ::1 POST /Service1.svc - 49474 - ::1 - - 200 0 0 106
2018-07-18 08:42:50 ::1 POST /Service1.svc - 49474 - ::1 - - 200 0 0 17
2018-07-18 08:42:50 ::1 POST /Service1.svc - 49474 - ::1 - - 200 0 0 54
2018-07-18 08:42:50 ::1 POST /Service1.svc - 49474 - ::1 - - 200 0 0 23
2018-07-18 08:42:50 ::1 POST /Service1.svc - 49474 - ::1 - - 200 0 0 97
2018-07-18 08:42:52 ::1 POST /Service1.svc - 49474 - ::1 - - 200 0 0 16
2018-07-18 08:42:52 ::1 POST /Service1.svc - 49474 - ::1 - - 200 0 0 19
2018-07-18 08:42:52 ::1 POST /Service1.svc - 49474 - ::1 - - 200 0 0 16
2018-07-18 08:42:52 ::1 POST /Service1.svc - 49474 - ::1 - - 200 0 0 39
2018-07-18 08:45:04 ::1 POST /Service1.svc - 49474 - ::1 - - 200 0 0 644
2018-07-18 08:45:04 ::1 POST /Service1.svc - 49474 - ::1 - - 200 0 0 680
2018-07-18 08:45:05 ::1 POST /Service1.svc - 49474 - ::1 - - 200 0 0 362
2018-07-18 08:45:05 ::1 POST /Service1.svc - 49474 - ::1 - - 200 0 0 660
2018-07-18 08:45:10 ::1 POST /Service1.svc - 49474 - ::1 - - 200 0 0 544
2018-07-18 08:45:10 ::1 POST /Service1.svc - 49474 - ::1 - - 200 0 0 225
2018-07-18 08:45:11 ::1 POST /Service1.svc - 49474 - ::1 - - 200 0 0 783
2018-07-18 08:45:11 ::1 POST /Service1.svc - 49474 - ::1 - - 200 0 0 981
2018-07-18 08:45:14 ::1 POST /Service1.svc - 49474 - ::1 - - 200 0 0 136
2018-07-18 08:45:14 ::1 POST /Service1.svc - 49474 - ::1 - - 200 0 0 405
2018-07-18 08:45:14 ::1 POST /Service1.svc - 49474 - ::1 - - 200 0 0 545
2018-07-18 08:45:16 ::1 POST /Service1.svc - 49474 - ::1 - - 200 0 0 611
2018-07-18 08:45:16 ::1 POST /Service1.svc - 49474 - ::1 - - 200 0 0 541
2018-07-18 08:45:16 ::1 POST /Service1.svc - 49474 - ::1 - - 200 0 0 133
2018-07-18 08:45:17 ::1 POST /Service1.svc - 49474 - ::1 - - 200 0 0 735
2018-07-18 08:45:17 ::1 POST /Service1.svc - 49474 - ::1 - - 200 0 0 136
2018-07-18 08:45:17 ::1 POST /Service1.svc - 49474 - ::1 - - 200 0 0 346
2018-07-18 08:45:19 ::1 POST /Service1.svc - 49474 - ::1 - - 200 0 0 569
2018-07-18 08:45:19 ::1 POST /Service1.svc - 49474 - ::1 - - 200 0 0 353
2018-07-18 08:45:33 ::1 POST /Service1.svc - 49474 - ::1 - - 200 0 0 6280
2018-07-18 08:45:36 ::1 POST /Service1.svc - 49474 - ::1 - - 200 0 0 147
2018-07-18 08:45:36 ::1 POST /Service1.svc - 49474 - ::1 - - 200 0 0 124
2018-07-18 08:45:39 ::1 POST /Service1.svc - 49474 - ::1 - - 200 0 0 89
2018-07-18 08:45:45 ::1 POST /Service1.svc - 49474 - ::1 - - 200 0 0 25
2018-07-18 08:45:45 ::1 POST /Service1.svc - 49474 - ::1 - - 200 0 0 128
2018-07-18 08:45:45 ::1 POST /Service1.svc - 49474 - ::1 - - 200 0 0 80
2018-07-18 08:45:45 ::1 POST /Service1.svc - 49474 - ::1 - - 200 0 0 95
2018-07-18 08:45:45 ::1 POST /Service1.svc - 49474 - ::1 - - 200 0 0 312
2018-07-18 08:45:45 ::1 POST /Service1.svc - 49474 - ::1 - - 200 0 0 114
2018-07-18 08:45:45 ::1 POST /Service1.svc - 49474 - ::1 - - 200 0 0 117
2018-07-18 08:45:54 ::1 POST /Service1.svc - 49474 - ::1 - - 200 0 0 598
