#Software: Microsoft Internet Information Services 10.0
#Version: 1.0
#Date: 2018-07-13 11:00:13
#Fields: date time s-ip cs-method cs-uri-stem cs-uri-query s-port cs-username c-ip cs(User-Agent) cs(Referer) sc-status sc-substatus sc-win32-status time-taken
2018-07-13 11:00:13 ::1 POST /Service1.svc - 49474 - ::1 - - 415 0 0 26576
2018-07-13 11:00:13 ::1 POST /Service1.svc/mex - 49474 - ::1 - - 415 0 0 7
2018-07-13 11:00:19 ::1 GET /Service1.svc - 49474 - ::1 Mozilla/4.0+(compatible;+MSIE+6.0;+MS+Web+Services+Client+Protocol+4.0.30319.42000) - 200 0 0 5998
2018-07-13 11:00:19 ::1 GET /Service1.svc disco 49474 - ::1 Mozilla/4.0+(compatible;+MSIE+6.0;+MS+Web+Services+Client+Protocol+4.0.30319.42000) - 200 0 0 36
2018-07-13 11:00:19 ::1 GET /Service1.svc wsdl 49474 - ::1 Mozilla/4.0+(compatible;+MSIE+6.0;+MS+Web+Services+Client+Protocol+4.0.30319.42000) - 200 0 0 150
2018-07-13 11:00:21 ::1 GET /Service1.svc xsd=xsd0 49474 - ::1 Mozilla/4.0+(compatible;+MSIE+6.0;+MS+Web+Services+Client+Protocol+4.0.30319.42000) - 200 0 0 1208
2018-07-13 11:00:21 ::1 GET /Service1.svc xsd=xsd2 49474 - ::1 Mozilla/4.0+(compatible;+MSIE+6.0;+MS+Web+Services+Client+Protocol+4.0.30319.42000) - 200 0 0 65
2018-07-13 11:00:21 ::1 GET /Service1.svc xsd=xsd3 49474 - ::1 Mozilla/4.0+(compatible;+MSIE+6.0;+MS+Web+Services+Client+Protocol+4.0.30319.42000) - 200 0 0 89
2018-07-13 11:00:21 ::1 GET /Service1.svc xsd=xsd1 49474 - ::1 Mozilla/4.0+(compatible;+MSIE+6.0;+MS+Web+Services+Client+Protocol+4.0.30319.42000) - 200 0 0 33
2018-07-13 11:09:23 ::1 POST /Service1.svc - 49474 - ::1 - - 200 0 0 16028
2018-07-13 11:09:23 ::1 POST /Service1.svc - 49474 - ::1 - - 200 0 0 111
2018-07-13 11:09:23 ::1 POST /Service1.svc - 49474 - ::1 - - 200 0 0 43
#Software: Microsoft Internet Information Services 10.0
#Version: 1.0
#Date: 2018-07-13 11:17:16
#Fields: date time s-ip cs-method cs-uri-stem cs-uri-query s-port cs-username c-ip cs(User-Agent) cs(Referer) sc-status sc-substatus sc-win32-status time-taken
2018-07-13 11:17:16 ::1 POST /Service1.svc - 49474 - ::1 - - 415 0 0 4987
2018-07-13 11:17:16 ::1 POST /Service1.svc/mex - 49474 - ::1 - - 415 0 0 7
2018-07-13 11:17:20 ::1 GET /Service1.svc - 49474 - ::1 Mozilla/4.0+(compatible;+MSIE+6.0;+MS+Web+Services+Client+Protocol+4.0.30319.42000) - 200 0 0 3525
2018-07-13 11:17:20 ::1 GET /Service1.svc disco 49474 - ::1 Mozilla/4.0+(compatible;+MSIE+6.0;+MS+Web+Services+Client+Protocol+4.0.30319.42000) - 200 0 0 10
2018-07-13 11:17:20 ::1 GET /Service1.svc wsdl 49474 - ::1 Mozilla/4.0+(compatible;+MSIE+6.0;+MS+Web+Services+Client+Protocol+4.0.30319.42000) - 200 0 0 33
2018-07-13 11:17:20 ::1 GET /Service1.svc xsd=xsd0 49474 - ::1 Mozilla/4.0+(compatible;+MSIE+6.0;+MS+Web+Services+Client+Protocol+4.0.30319.42000) - 200 0 0 383
2018-07-13 11:17:20 ::1 GET /Service1.svc xsd=xsd2 49474 - ::1 Mozilla/4.0+(compatible;+MSIE+6.0;+MS+Web+Services+Client+Protocol+4.0.30319.42000) - 200 0 0 10
2018-07-13 11:17:20 ::1 GET /Service1.svc xsd=xsd3 49474 - ::1 Mozilla/4.0+(compatible;+MSIE+6.0;+MS+Web+Services+Client+Protocol+4.0.30319.42000) - 200 0 0 18
2018-07-13 11:17:20 ::1 GET /Service1.svc xsd=xsd1 49474 - ::1 Mozilla/4.0+(compatible;+MSIE+6.0;+MS+Web+Services+Client+Protocol+4.0.30319.42000) - 200 0 0 16
2018-07-13 11:18:17 ::1 POST /Service1.svc - 49474 - ::1 - - 200 0 0 14936
2018-07-13 11:18:17 ::1 POST /Service1.svc - 49474 - ::1 - - 200 0 0 41
2018-07-13 11:18:17 ::1 POST /Service1.svc - 49474 - ::1 - - 200 0 0 94
2018-07-13 11:18:37 ::1 GET /Service1.svc - 49474 - ::1 Mozilla/4.0+(compatible;+MSIE+6.0;+MS+Web+Services+Client+Protocol+4.0.30319.42000) - 200 0 0 37
2018-07-13 11:18:37 ::1 GET /Service1.svc disco 49474 - ::1 Mozilla/4.0+(compatible;+MSIE+6.0;+MS+Web+Services+Client+Protocol+4.0.30319.42000) - 200 0 0 78
2018-07-13 11:18:37 ::1 GET /Service1.svc wsdl 49474 - ::1 Mozilla/4.0+(compatible;+MSIE+6.0;+MS+Web+Services+Client+Protocol+4.0.30319.42000) - 200 0 0 73
2018-07-13 11:18:37 ::1 GET /Service1.svc/$metadata - 49474 - ::1 Mozilla/4.0+(compatible;+MSIE+6.0;+MS+Web+Services+Client+Protocol+4.0.30319.42000) - 400 0 0 543
2018-07-13 11:18:37 ::1 GET /Service1.svc xsd=xsd0 49474 - ::1 Mozilla/4.0+(compatible;+MSIE+6.0;+MS+Web+Services+Client+Protocol+4.0.30319.42000) - 200 0 0 14
2018-07-13 11:18:37 ::1 GET /Service1.svc xsd=xsd2 49474 - ::1 Mozilla/4.0+(compatible;+MSIE+6.0;+MS+Web+Services+Client+Protocol+4.0.30319.42000) - 200 0 0 14
2018-07-13 11:18:37 ::1 GET /Service1.svc xsd=xsd3 49474 - ::1 Mozilla/4.0+(compatible;+MSIE+6.0;+MS+Web+Services+Client+Protocol+4.0.30319.42000) - 200 0 0 14
2018-07-13 11:18:37 ::1 GET /Service1.svc xsd=xsd1 49474 - ::1 Mozilla/4.0+(compatible;+MSIE+6.0;+MS+Web+Services+Client+Protocol+4.0.30319.42000) - 200 0 0 32
2018-07-13 11:18:41 ::1 POST /Service1.svc/mex - 49474 - ::1 - - 415 0 0 87
2018-07-13 11:18:41 ::1 POST /Service1.svc - 49474 - ::1 - - 415 0 0 90
2018-07-13 11:19:59 ::1 GET /Service1.svc - 49474 - ::1 Mozilla/4.0+(compatible;+MSIE+6.0;+MS+Web+Services+Client+Protocol+4.0.30319.42000) - 200 0 0 72
2018-07-13 11:19:59 ::1 GET /Service1.svc/$metadata - 49474 - ::1 Mozilla/4.0+(compatible;+MSIE+6.0;+MS+Web+Services+Client+Protocol+4.0.30319.42000) - 400 0 0 120
2018-07-13 11:19:59 ::1 POST /Service1.svc/mex - 49474 - ::1 - - 415 0 0 76
2018-07-13 11:19:59 ::1 GET /Service1.svc disco 49474 - ::1 Mozilla/4.0+(compatible;+MSIE+6.0;+MS+Web+Services+Client+Protocol+4.0.30319.42000) - 200 0 0 77
2018-07-13 11:19:59 ::1 POST /Service1.svc - 49474 - ::1 - - 415 0 0 95
2018-07-13 11:19:59 ::1 GET /Service1.svc wsdl 49474 - ::1 Mozilla/4.0+(compatible;+MSIE+6.0;+MS+Web+Services+Client+Protocol+4.0.30319.42000) - 200 0 0 35
2018-07-13 11:19:59 ::1 GET /Service1.svc xsd=xsd0 49474 - ::1 Mozilla/4.0+(compatible;+MSIE+6.0;+MS+Web+Services+Client+Protocol+4.0.30319.42000) - 200 0 0 10
2018-07-13 11:19:59 ::1 GET /Service1.svc xsd=xsd2 49474 - ::1 Mozilla/4.0+(compatible;+MSIE+6.0;+MS+Web+Services+Client+Protocol+4.0.30319.42000) - 200 0 0 7
2018-07-13 11:19:59 ::1 GET /Service1.svc xsd=xsd3 49474 - ::1 Mozilla/4.0+(compatible;+MSIE+6.0;+MS+Web+Services+Client+Protocol+4.0.30319.42000) - 200 0 0 4
2018-07-13 11:19:59 ::1 GET /Service1.svc xsd=xsd1 49474 - ::1 Mozilla/4.0+(compatible;+MSIE+6.0;+MS+Web+Services+Client+Protocol+4.0.30319.42000) - 200 0 0 7
2018-07-13 11:21:42 ::1 POST /Service1.svc - 49474 - ::1 - - 200 0 0 14774
2018-07-13 11:21:42 ::1 POST /Service1.svc - 49474 - ::1 - - 200 0 0 33
2018-07-13 11:21:42 ::1 POST /Service1.svc - 49474 - ::1 - - 200 0 0 57
2018-07-13 11:21:47 ::1 POST /Service1.svc - 49474 - ::1 - - 200 0 0 73
2018-07-13 11:21:47 ::1 POST /Service1.svc - 49474 - ::1 - - 200 0 0 85
2018-07-13 11:21:47 ::1 POST /Service1.svc - 49474 - ::1 - - 200 0 0 58
2018-07-13 11:21:47 ::1 POST /Service1.svc - 49474 - ::1 - - 200 0 0 104
2018-07-13 11:21:49 ::1 POST /Service1.svc - 49474 - ::1 - - 200 0 0 35
2018-07-13 11:21:49 ::1 POST /Service1.svc - 49474 - ::1 - - 200 0 0 152
2018-07-13 11:21:49 ::1 POST /Service1.svc - 49474 - ::1 - - 200 0 0 44
2018-07-13 11:21:49 ::1 POST /Service1.svc - 49474 - ::1 - - 200 0 0 102
2018-07-13 11:21:49 ::1 POST /Service1.svc - 49474 - ::1 - - 200 0 0 99
2018-07-13 11:21:49 ::1 POST /Service1.svc - 49474 - ::1 - - 200 0 0 135
2018-07-13 11:21:49 ::1 POST /Service1.svc - 49474 - ::1 - - 200 0 0 130
2018-07-13 11:22:08 ::1 POST /Service1.svc - 49474 - ::1 - - 200 0 0 14647
2018-07-13 11:22:23 ::1 POST /Service1.svc - 49474 - ::1 - - 200 0 0 14618
2018-07-13 11:22:23 ::1 POST /Service1.svc - 49474 - ::1 - - 200 0 0 50
2018-07-13 11:22:23 ::1 POST /Service1.svc - 49474 - ::1 - - 200 0 0 77
2018-07-13 11:22:23 ::1 POST /Service1.svc - 49474 - ::1 - - 200 0 0 65
2018-07-13 11:22:23 ::1 POST /Service1.svc - 49474 - ::1 - - 200 0 0 146
2018-07-13 11:22:23 ::1 POST /Service1.svc - 49474 - ::1 - - 200 0 0 154
2018-07-13 11:22:44 ::1 POST /Service1.svc - 49474 - ::1 - - 200 0 0 14687
2018-07-13 11:22:59 ::1 POST /Service1.svc - 49474 - ::1 - - 200 0 0 14610
2018-07-13 11:22:59 ::1 POST /Service1.svc - 49474 - ::1 - - 200 0 0 47
2018-07-13 11:22:59 ::1 POST /Service1.svc - 49474 - ::1 - - 200 0 0 105
2018-07-13 11:23:31 ::1 POST /Service1.svc - 49474 - ::1 - - 200 0 0 14669
2018-07-13 11:23:31 ::1 POST /Service1.svc - 49474 - ::1 - - 200 0 0 39
2018-07-13 11:23:31 ::1 POST /Service1.svc - 49474 - ::1 - - 200 0 0 80
2018-07-13 11:23:31 ::1 POST /Service1.svc - 49474 - ::1 - - 200 0 0 53
2018-07-13 11:23:31 ::1 POST /Service1.svc - 49474 - ::1 - - 200 0 0 109
2018-07-13 11:23:31 ::1 POST /Service1.svc - 49474 - ::1 - - 200 0 0 71
2018-07-13 11:23:37 ::1 POST /Service1.svc - 49474 - ::1 - - 200 0 0 58
2018-07-13 11:23:38 ::1 POST /Service1.svc - 49474 - ::1 - - 200 0 0 54
2018-07-13 11:23:38 ::1 POST /Service1.svc - 49474 - ::1 - - 200 0 0 37
2018-07-13 11:23:38 ::1 POST /Service1.svc - 49474 - ::1 - - 200 0 0 74
2018-07-13 11:23:38 ::1 POST /Service1.svc - 49474 - ::1 - - 200 0 0 105
2018-07-13 11:23:58 ::1 POST /Service1.svc - 49474 - ::1 - - 200 0 0 14664
2018-07-13 11:23:58 ::1 POST /Service1.svc - 49474 - ::1 - - 200 0 0 32
2018-07-13 11:23:58 ::1 POST /Service1.svc - 49474 - ::1 - - 200 0 0 122
