#Software: Microsoft Internet Information Services 10.0
#Version: 1.0
#Date: 2018-03-29 04:16:26
#Fields: date time s-ip cs-method cs-uri-stem cs-uri-query s-port cs-username c-ip cs(User-Agent) cs(Referer) sc-status sc-substatus sc-win32-status time-taken
2018-03-29 04:16:26 ::1 POST /Service1.svc - 49474 - ::1 - - 415 0 0 19702
2018-03-29 04:16:26 ::1 POST /Service1.svc/mex - 49474 - ::1 - - 415 0 0 15
2018-03-29 04:16:32 ::1 GET /Service1.svc - 49474 - ::1 Mozilla/4.0+(compatible;+MSIE+6.0;+MS+Web+Services+Client+Protocol+4.0.30319.42000) - 200 0 0 5908
2018-03-29 04:16:32 ::1 GET /Service1.svc disco 49474 - ::1 Mozilla/4.0+(compatible;+MSIE+6.0;+MS+Web+Services+Client+Protocol+4.0.30319.42000) - 200 0 0 76
2018-03-29 04:16:32 ::1 GET /Service1.svc wsdl 49474 - ::1 Mozilla/4.0+(compatible;+MSIE+6.0;+MS+Web+Services+Client+Protocol+4.0.30319.42000) - 200 0 0 116
2018-03-29 04:16:34 ::1 GET /Service1.svc xsd=xsd0 49474 - ::1 Mozilla/4.0+(compatible;+MSIE+6.0;+MS+Web+Services+Client+Protocol+4.0.30319.42000) - 200 0 0 1694
2018-03-29 04:16:34 ::1 GET /Service1.svc xsd=xsd2 49474 - ::1 Mozilla/4.0+(compatible;+MSIE+6.0;+MS+Web+Services+Client+Protocol+4.0.30319.42000) - 200 0 0 11
2018-03-29 04:16:34 ::1 GET /Service1.svc xsd=xsd3 49474 - ::1 Mozilla/4.0+(compatible;+MSIE+6.0;+MS+Web+Services+Client+Protocol+4.0.30319.42000) - 200 0 0 14
2018-03-29 04:16:34 ::1 GET /Service1.svc xsd=xsd1 49474 - ::1 Mozilla/4.0+(compatible;+MSIE+6.0;+MS+Web+Services+Client+Protocol+4.0.30319.42000) - 200 0 0 13
2018-03-29 04:19:14 ::1 POST /Service1.svc - 49474 - ::1 - - 200 0 0 4199
2018-03-29 04:19:20 ::1 POST /Service1.svc - 49474 - ::1 - - 200 0 0 311
2018-03-29 04:19:20 ::1 POST /Service1.svc - 49474 - ::1 - - 200 0 0 33
2018-03-29 04:19:56 ::1 POST /Service1.svc - 49474 - ::1 - - 200 0 0 235
2018-03-29 04:24:01 ::1 POST /Service1.svc - 49474 - ::1 - - 200 0 0 210
2018-03-29 04:24:05 ::1 POST /Service1.svc - 49474 - ::1 - - 200 0 0 25
2018-03-29 04:24:05 ::1 POST /Service1.svc - 49474 - ::1 - - 200 0 0 55
2018-03-29 04:24:24 ::1 POST /Service1.svc - 49474 - ::1 - - 200 0 0 67
2018-03-29 04:24:24 ::1 POST /Service1.svc - 49474 - ::1 - - 200 0 0 15
2018-03-29 04:28:15 ::1 POST /Service1.svc - 49474 - ::1 - - 200 0 0 525
2018-03-29 04:28:17 ::1 POST /Service1.svc - 49474 - ::1 - - 200 0 0 38
2018-03-29 04:28:17 ::1 POST /Service1.svc - 49474 - ::1 - - 200 0 0 94
2018-03-29 04:28:35 ::1 POST /Service1.svc - 49474 - ::1 - - 200 0 0 47
2018-03-29 04:28:35 ::1 POST /Service1.svc - 49474 - ::1 - - 200 0 0 8
2018-03-29 04:28:44 ::1 POST /Service1.svc - 49474 - ::1 - - 200 0 0 66
2018-03-29 04:33:07 ::1 POST /Service1.svc - 49474 - ::1 - - 200 0 0 44
2018-03-29 04:33:11 ::1 POST /Service1.svc - 49474 - ::1 - - 200 0 0 113
2018-03-29 04:33:20 ::1 POST /Service1.svc - 49474 - ::1 - - 200 0 0 20
2018-03-29 04:33:28 ::1 POST /Service1.svc - 49474 - ::1 - - 200 0 0 53
2018-03-29 04:40:11 ::1 POST /Service1.svc - 49474 - ::1 - - 200 0 0 68
2018-03-29 04:40:16 ::1 POST /Service1.svc - 49474 - ::1 - - 200 0 0 43
2018-03-29 04:40:16 ::1 POST /Service1.svc - 49474 - ::1 - - 200 0 0 38
2018-03-29 04:40:29 ::1 POST /Service1.svc - 49474 - ::1 - - 200 0 0 21
2018-03-29 04:40:29 ::1 POST /Service1.svc - 49474 - ::1 - - 200 0 0 71
2018-03-29 04:40:37 ::1 POST /Service1.svc - 49474 - ::1 - - 200 0 0 25
#Software: Microsoft Internet Information Services 10.0
#Version: 1.0
#Date: 2018-03-29 04:52:46
#Fields: date time s-ip cs-method cs-uri-stem cs-uri-query s-port cs-username c-ip cs(User-Agent) cs(Referer) sc-status sc-substatus sc-win32-status time-taken
2018-03-29 04:52:46 ::1 GET /Service1.svc - 49474 - ::1 Mozilla/5.0+(Windows+NT+10.0;+Win64;+x64)+AppleWebKit/537.36+(KHTML,+like+Gecko)+Chrome/65.0.3325.181+Safari/537.36 - 200 0 0 7989
2018-03-29 04:52:47 ::1 GET /favicon.ico - 49474 - ::1 Mozilla/5.0+(Windows+NT+10.0;+Win64;+x64)+AppleWebKit/537.36+(KHTML,+like+Gecko)+Chrome/65.0.3325.181+Safari/537.36 http://localhost:49474/Service1.svc 404 0 2 135
2018-03-29 04:52:48 ::1 GET /Service1.svc - 49474 - ::1 Mozilla/4.0+(compatible;+MSIE+6.0;+MS+Web+Services+Client+Protocol+4.0.30319.42000) - 200 0 0 26
2018-03-29 04:52:48 ::1 GET /Service1.svc disco 49474 - ::1 Mozilla/4.0+(compatible;+MSIE+6.0;+MS+Web+Services+Client+Protocol+4.0.30319.42000) - 200 0 0 31
2018-03-29 04:52:48 ::1 GET /Service1.svc/$metadata - 49474 - ::1 Mozilla/4.0+(compatible;+MSIE+6.0;+MS+Web+Services+Client+Protocol+4.0.30319.42000) - 400 0 0 597
2018-03-29 04:52:48 ::1 GET /Service1.svc wsdl 49474 - ::1 Mozilla/4.0+(compatible;+MSIE+6.0;+MS+Web+Services+Client+Protocol+4.0.30319.42000) - 200 0 0 566
2018-03-29 04:52:49 ::1 GET /Service1.svc xsd=xsd0 49474 - ::1 Mozilla/4.0+(compatible;+MSIE+6.0;+MS+Web+Services+Client+Protocol+4.0.30319.42000) - 200 0 0 348
2018-03-29 04:52:49 ::1 GET /Service1.svc xsd=xsd2 49474 - ::1 Mozilla/4.0+(compatible;+MSIE+6.0;+MS+Web+Services+Client+Protocol+4.0.30319.42000) - 200 0 0 9
2018-03-29 04:52:49 ::1 GET /Service1.svc xsd=xsd3 49474 - ::1 Mozilla/4.0+(compatible;+MSIE+6.0;+MS+Web+Services+Client+Protocol+4.0.30319.42000) - 200 0 0 4
2018-03-29 04:52:49 ::1 GET /Service1.svc xsd=xsd1 49474 - ::1 Mozilla/4.0+(compatible;+MSIE+6.0;+MS+Web+Services+Client+Protocol+4.0.30319.42000) - 200 0 0 14
2018-03-29 04:52:51 ::1 POST /Service1.svc - 49474 - ::1 - - 415 0 0 49
2018-03-29 04:52:51 ::1 POST /Service1.svc/mex - 49474 - ::1 - - 415 0 0 109
2018-03-29 04:53:22 ::1 POST /Service1.svc - 49474 - ::1 - - 200 0 0 457
2018-03-29 04:53:25 ::1 POST /Service1.svc - 49474 - ::1 - - 200 0 0 43
2018-03-29 04:53:25 ::1 POST /Service1.svc - 49474 - ::1 - - 200 0 0 37
#Software: Microsoft Internet Information Services 10.0
#Version: 1.0
#Date: 2018-03-29 05:08:29
#Fields: date time s-ip cs-method cs-uri-stem cs-uri-query s-port cs-username c-ip cs(User-Agent) cs(Referer) sc-status sc-substatus sc-win32-status time-taken
2018-03-29 05:08:29 ::1 POST /Service1.svc - 49474 - ::1 - - 415 0 0 5195
2018-03-29 05:08:29 ::1 POST /Service1.svc/mex - 49474 - ::1 - - 415 0 0 23
2018-03-29 05:08:31 ::1 GET /Service1.svc - 49474 - ::1 Mozilla/4.0+(compatible;+MSIE+6.0;+MS+Web+Services+Client+Protocol+4.0.30319.42000) - 200 0 0 1495
2018-03-29 05:08:31 ::1 GET /Service1.svc disco 49474 - ::1 Mozilla/4.0+(compatible;+MSIE+6.0;+MS+Web+Services+Client+Protocol+4.0.30319.42000) - 200 0 0 13
2018-03-29 05:08:31 ::1 GET /Service1.svc wsdl 49474 - ::1 Mozilla/4.0+(compatible;+MSIE+6.0;+MS+Web+Services+Client+Protocol+4.0.30319.42000) - 200 0 0 9
2018-03-29 05:08:31 ::1 GET /Service1.svc xsd=xsd0 49474 - ::1 Mozilla/4.0+(compatible;+MSIE+6.0;+MS+Web+Services+Client+Protocol+4.0.30319.42000) - 200 0 0 355
2018-03-29 05:08:31 ::1 GET /Service1.svc xsd=xsd2 49474 - ::1 Mozilla/4.0+(compatible;+MSIE+6.0;+MS+Web+Services+Client+Protocol+4.0.30319.42000) - 200 0 0 33
2018-03-29 05:08:31 ::1 GET /Service1.svc xsd=xsd3 49474 - ::1 Mozilla/4.0+(compatible;+MSIE+6.0;+MS+Web+Services+Client+Protocol+4.0.30319.42000) - 200 0 0 6
2018-03-29 05:08:31 ::1 GET /Service1.svc xsd=xsd1 49474 - ::1 Mozilla/4.0+(compatible;+MSIE+6.0;+MS+Web+Services+Client+Protocol+4.0.30319.42000) - 200 0 0 48
2018-03-29 05:09:02 ::1 GET /Service1.svc - 49474 - ::1 Mozilla/4.0+(compatible;+MSIE+6.0;+MS+Web+Services+Client+Protocol+4.0.30319.42000) - 200 0 0 12
2018-03-29 05:09:02 ::1 GET /Service1.svc disco 49474 - ::1 Mozilla/4.0+(compatible;+MSIE+6.0;+MS+Web+Services+Client+Protocol+4.0.30319.42000) - 200 0 0 22
2018-03-29 05:09:02 ::1 GET /Service1.svc wsdl 49474 - ::1 Mozilla/4.0+(compatible;+MSIE+6.0;+MS+Web+Services+Client+Protocol+4.0.30319.42000) - 200 0 0 15
2018-03-29 05:09:02 ::1 GET /Service1.svc/$metadata - 49474 - ::1 Mozilla/4.0+(compatible;+MSIE+6.0;+MS+Web+Services+Client+Protocol+4.0.30319.42000) - 400 0 0 210
2018-03-29 05:09:02 ::1 GET /Service1.svc xsd=xsd0 49474 - ::1 Mozilla/4.0+(compatible;+MSIE+6.0;+MS+Web+Services+Client+Protocol+4.0.30319.42000) - 200 0 0 51
2018-03-29 05:09:02 ::1 GET /Service1.svc xsd=xsd2 49474 - ::1 Mozilla/4.0+(compatible;+MSIE+6.0;+MS+Web+Services+Client+Protocol+4.0.30319.42000) - 200 0 0 31
2018-03-29 05:09:02 ::1 GET /Service1.svc xsd=xsd3 49474 - ::1 Mozilla/4.0+(compatible;+MSIE+6.0;+MS+Web+Services+Client+Protocol+4.0.30319.42000) - 200 0 0 46
2018-03-29 05:09:02 ::1 POST /Service1.svc/mex - 49474 - ::1 - - 415 0 0 63
2018-03-29 05:09:02 ::1 GET /Service1.svc xsd=xsd1 49474 - ::1 Mozilla/4.0+(compatible;+MSIE+6.0;+MS+Web+Services+Client+Protocol+4.0.30319.42000) - 200 0 0 54
2018-03-29 05:09:02 ::1 POST /Service1.svc - 49474 - ::1 - - 415 0 0 113
2018-03-29 05:11:09 ::1 POST /Service1.svc - 49474 - ::1 - - 200 0 0 541
#Software: Microsoft Internet Information Services 10.0
#Version: 1.0
#Date: 2018-03-29 05:14:18
#Fields: date time s-ip cs-method cs-uri-stem cs-uri-query s-port cs-username c-ip cs(User-Agent) cs(Referer) sc-status sc-substatus sc-win32-status time-taken
2018-03-29 05:14:18 ::1 POST /Service1.svc - 49474 - ::1 - - 415 0 0 10349
2018-03-29 05:14:18 ::1 POST /Service1.svc/mex - 49474 - ::1 - - 415 0 0 260
2018-03-29 05:14:20 ::1 GET /Service1.svc - 49474 - ::1 Mozilla/4.0+(compatible;+MSIE+6.0;+MS+Web+Services+Client+Protocol+4.0.30319.42000) - 200 0 0 1908
2018-03-29 05:14:20 ::1 GET /Service1.svc disco 49474 - ::1 Mozilla/4.0+(compatible;+MSIE+6.0;+MS+Web+Services+Client+Protocol+4.0.30319.42000) - 200 0 0 74
2018-03-29 05:14:20 ::1 GET /Service1.svc wsdl 49474 - ::1 Mozilla/4.0+(compatible;+MSIE+6.0;+MS+Web+Services+Client+Protocol+4.0.30319.42000) - 200 0 0 33
2018-03-29 05:14:21 ::1 GET /Service1.svc xsd=xsd0 49474 - ::1 Mozilla/4.0+(compatible;+MSIE+6.0;+MS+Web+Services+Client+Protocol+4.0.30319.42000) - 200 0 0 928
2018-03-29 05:14:21 ::1 GET /Service1.svc xsd=xsd2 49474 - ::1 Mozilla/4.0+(compatible;+MSIE+6.0;+MS+Web+Services+Client+Protocol+4.0.30319.42000) - 200 0 0 10
2018-03-29 05:14:21 ::1 GET /Service1.svc xsd=xsd3 49474 - ::1 Mozilla/4.0+(compatible;+MSIE+6.0;+MS+Web+Services+Client+Protocol+4.0.30319.42000) - 200 0 0 72
2018-03-29 05:14:21 ::1 GET /Service1.svc xsd=xsd1 49474 - ::1 Mozilla/4.0+(compatible;+MSIE+6.0;+MS+Web+Services+Client+Protocol+4.0.30319.42000) - 200 0 0 115
2018-03-29 05:15:19 ::1 GET /Service1.svc - 49474 - ::1 Mozilla/4.0+(compatible;+MSIE+6.0;+MS+Web+Services+Client+Protocol+4.0.30319.42000) - 200 0 0 42
2018-03-29 05:15:19 ::1 GET /Service1.svc disco 49474 - ::1 Mozilla/4.0+(compatible;+MSIE+6.0;+MS+Web+Services+Client+Protocol+4.0.30319.42000) - 200 0 0 15
2018-03-29 05:15:19 ::1 GET /Service1.svc wsdl 49474 - ::1 Mozilla/4.0+(compatible;+MSIE+6.0;+MS+Web+Services+Client+Protocol+4.0.30319.42000) - 200 0 0 51
2018-03-29 05:15:19 ::1 POST /Service1.svc - 49474 - ::1 - - 415 0 0 60
2018-03-29 05:15:19 ::1 GET /Service1.svc/$metadata - 49474 - ::1 Mozilla/4.0+(compatible;+MSIE+6.0;+MS+Web+Services+Client+Protocol+4.0.30319.42000) - 400 0 0 160
2018-03-29 05:15:19 ::1 GET /Service1.svc xsd=xsd0 49474 - ::1 Mozilla/4.0+(compatible;+MSIE+6.0;+MS+Web+Services+Client+Protocol+4.0.30319.42000) - 200 0 0 105
2018-03-29 05:15:19 ::1 POST /Service1.svc/mex - 49474 - ::1 - - 415 0 0 175
2018-03-29 05:15:19 ::1 GET /Service1.svc xsd=xsd2 49474 - ::1 Mozilla/4.0+(compatible;+MSIE+6.0;+MS+Web+Services+Client+Protocol+4.0.30319.42000) - 200 0 0 67
2018-03-29 05:15:19 ::1 GET /Service1.svc xsd=xsd3 49474 - ::1 Mozilla/4.0+(compatible;+MSIE+6.0;+MS+Web+Services+Client+Protocol+4.0.30319.42000) - 200 0 0 14
2018-03-29 05:15:19 ::1 GET /Service1.svc xsd=xsd1 49474 - ::1 Mozilla/4.0+(compatible;+MSIE+6.0;+MS+Web+Services+Client+Protocol+4.0.30319.42000) - 200 0 0 14
2018-03-29 05:15:45 ::1 POST /Service1.svc - 49474 - ::1 - - 200 0 0 492
2018-03-29 05:15:48 ::1 POST /Service1.svc - 49474 - ::1 - - 200 0 0 391
2018-03-29 05:15:48 ::1 POST /Service1.svc - 49474 - ::1 - - 200 0 0 261
2018-03-29 05:16:15 ::1 POST /Service1.svc - 49474 - ::1 - - 200 0 0 75
2018-03-29 05:16:15 ::1 POST /Service1.svc - 49474 - ::1 - - 200 0 0 15
2018-03-29 05:16:27 ::1 POST /Service1.svc - 49474 - ::1 - - 200 0 0 46
2018-03-29 05:19:13 ::1 POST /Service1.svc - 49474 - ::1 - - 200 0 0 25
2018-03-29 05:19:25 ::1 POST /Service1.svc - 49474 - ::1 - - 200 0 0 12
#Software: Microsoft Internet Information Services 10.0
#Version: 1.0
#Date: 2018-03-29 05:22:16
#Fields: date time s-ip cs-method cs-uri-stem cs-uri-query s-port cs-username c-ip cs(User-Agent) cs(Referer) sc-status sc-substatus sc-win32-status time-taken
2018-03-29 05:22:16 ::1 POST /Service1.svc - 49474 - ::1 - - 415 0 0 3736
2018-03-29 05:22:16 ::1 POST /Service1.svc/mex - 49474 - ::1 - - 415 0 0 45
2018-03-29 05:22:18 ::1 GET /Service1.svc - 49474 - ::1 Mozilla/4.0+(compatible;+MSIE+6.0;+MS+Web+Services+Client+Protocol+4.0.30319.42000) - 200 0 0 1213
2018-03-29 05:22:18 ::1 GET /Service1.svc disco 49474 - ::1 Mozilla/4.0+(compatible;+MSIE+6.0;+MS+Web+Services+Client+Protocol+4.0.30319.42000) - 200 0 0 7
2018-03-29 05:22:18 ::1 GET /Service1.svc wsdl 49474 - ::1 Mozilla/4.0+(compatible;+MSIE+6.0;+MS+Web+Services+Client+Protocol+4.0.30319.42000) - 200 0 0 21
2018-03-29 05:22:18 ::1 GET /Service1.svc xsd=xsd0 49474 - ::1 Mozilla/4.0+(compatible;+MSIE+6.0;+MS+Web+Services+Client+Protocol+4.0.30319.42000) - 200 0 0 431
2018-03-29 05:22:18 ::1 GET /Service1.svc xsd=xsd2 49474 - ::1 Mozilla/4.0+(compatible;+MSIE+6.0;+MS+Web+Services+Client+Protocol+4.0.30319.42000) - 200 0 0 20
2018-03-29 05:22:18 ::1 GET /Service1.svc xsd=xsd3 49474 - ::1 Mozilla/4.0+(compatible;+MSIE+6.0;+MS+Web+Services+Client+Protocol+4.0.30319.42000) - 200 0 0 16
2018-03-29 05:22:18 ::1 GET /Service1.svc xsd=xsd1 49474 - ::1 Mozilla/4.0+(compatible;+MSIE+6.0;+MS+Web+Services+Client+Protocol+4.0.30319.42000) - 200 0 0 15
2018-03-29 05:22:34 ::1 POST /Service1.svc - 49474 - ::1 - - 200 0 0 476
2018-03-29 05:22:37 ::1 POST /Service1.svc - 49474 - ::1 - - 200 0 0 92
2018-03-29 05:22:37 ::1 POST /Service1.svc - 49474 - ::1 - - 200 0 0 56
2018-03-29 05:24:13 ::1 POST /Service1.svc - 49474 - ::1 - - 200 0 0 156
2018-03-29 05:24:30 ::1 POST /Service1.svc - 49474 - ::1 - - 200 0 0 32
2018-03-29 05:31:11 ::1 POST /Service1.svc - 49474 - ::1 - - 200 0 0 78
2018-03-29 05:31:13 ::1 POST /Service1.svc - 49474 - ::1 - - 200 0 0 52
2018-03-29 05:31:13 ::1 POST /Service1.svc - 49474 - ::1 - - 200 0 0 92
2018-03-29 05:31:37 ::1 POST /Service1.svc - 49474 - ::1 - - 200 0 0 45
2018-03-29 05:31:42 ::1 POST /Service1.svc - 49474 - ::1 - - 200 0 0 60
2018-03-29 05:36:12 ::1 POST /Service1.svc - 49474 - ::1 - - 200 0 0 43
2018-03-29 05:36:14 ::1 POST /Service1.svc - 49474 - ::1 - - 200 0 0 148
2018-03-29 05:36:14 ::1 POST /Service1.svc - 49474 - ::1 - - 200 0 0 105
2018-03-29 05:37:04 ::1 POST /Service1.svc - 49474 - ::1 - - 200 0 0 55
2018-03-29 05:37:11 ::1 POST /Service1.svc - 49474 - ::1 - - 200 0 0 62
2018-03-29 05:44:09 ::1 POST /Service1.svc - 49474 - ::1 - - 200 0 0 105
2018-03-29 05:44:12 ::1 POST /Service1.svc - 49474 - ::1 - - 200 0 0 138
2018-03-29 05:44:12 ::1 POST /Service1.svc - 49474 - ::1 - - 200 0 0 189
2018-03-29 05:44:59 ::1 POST /Service1.svc - 49474 - ::1 - - 200 0 0 239
2018-03-29 05:45:01 ::1 POST /Service1.svc - 49474 - ::1 - - 200 0 0 103
2018-03-29 05:45:01 ::1 POST /Service1.svc - 49474 - ::1 - - 200 0 0 127
2018-03-29 05:45:03 ::1 POST /Service1.svc - 49474 - ::1 - - 200 0 0 66
2018-03-29 05:45:07 ::1 POST /Service1.svc - 49474 - ::1 - - 200 0 0 88
2018-03-29 05:45:09 ::1 POST /Service1.svc - 49474 - ::1 - - 200 0 0 435
2018-03-29 05:45:09 ::1 POST /Service1.svc - 49474 - ::1 - - 200 0 0 181
2018-03-29 05:46:44 ::1 POST /Service1.svc - 49474 - ::1 - - 200 0 0 27652
2018-03-29 05:48:04 ::1 POST /Service1.svc - 49474 - ::1 - - 200 0 0 33
2018-03-29 05:48:06 ::1 POST /Service1.svc - 49474 - ::1 - - 200 0 0 330
2018-03-29 05:48:06 ::1 POST /Service1.svc - 49474 - ::1 - - 200 0 0 52
2018-03-29 05:50:11 ::1 POST /Service1.svc - 49474 - ::1 - - 200 0 64 103357
#Software: Microsoft Internet Information Services 10.0
#Version: 1.0
#Date: 2018-03-29 05:53:39
#Fields: date time s-ip cs-method cs-uri-stem cs-uri-query s-port cs-username c-ip cs(User-Agent) cs(Referer) sc-status sc-substatus sc-win32-status time-taken
2018-03-29 05:53:39 ::1 POST /Service1.svc - 49474 - ::1 - - 415 0 0 8436
2018-03-29 05:53:39 ::1 POST /Service1.svc/mex - 49474 - ::1 - - 415 0 0 45
2018-03-29 05:53:41 ::1 GET /Service1.svc - 49474 - ::1 Mozilla/4.0+(compatible;+MSIE+6.0;+MS+Web+Services+Client+Protocol+4.0.30319.42000) - 200 0 0 2148
2018-03-29 05:53:41 ::1 GET /Service1.svc disco 49474 - ::1 Mozilla/4.0+(compatible;+MSIE+6.0;+MS+Web+Services+Client+Protocol+4.0.30319.42000) - 200 0 0 16
2018-03-29 05:53:41 ::1 GET /Service1.svc wsdl 49474 - ::1 Mozilla/4.0+(compatible;+MSIE+6.0;+MS+Web+Services+Client+Protocol+4.0.30319.42000) - 200 0 0 31
2018-03-29 05:53:41 ::1 GET /Service1.svc xsd=xsd0 49474 - ::1 Mozilla/4.0+(compatible;+MSIE+6.0;+MS+Web+Services+Client+Protocol+4.0.30319.42000) - 200 0 0 406
2018-03-29 05:53:41 ::1 GET /Service1.svc xsd=xsd2 49474 - ::1 Mozilla/4.0+(compatible;+MSIE+6.0;+MS+Web+Services+Client+Protocol+4.0.30319.42000) - 200 0 0 6
2018-03-29 05:53:41 ::1 GET /Service1.svc xsd=xsd3 49474 - ::1 Mozilla/4.0+(compatible;+MSIE+6.0;+MS+Web+Services+Client+Protocol+4.0.30319.42000) - 200 0 0 54
2018-03-29 05:53:41 ::1 GET /Service1.svc xsd=xsd1 49474 - ::1 Mozilla/4.0+(compatible;+MSIE+6.0;+MS+Web+Services+Client+Protocol+4.0.30319.42000) - 200 0 0 17
2018-03-29 05:54:01 ::1 GET /Service1.svc - 49474 - ::1 Mozilla/4.0+(compatible;+MSIE+6.0;+MS+Web+Services+Client+Protocol+4.0.30319.42000) - 200 0 0 82
2018-03-29 05:54:01 ::1 GET /Service1.svc disco 49474 - ::1 Mozilla/4.0+(compatible;+MSIE+6.0;+MS+Web+Services+Client+Protocol+4.0.30319.42000) - 200 0 0 85
2018-03-29 05:54:01 ::1 POST /Service1.svc/mex - 49474 - ::1 - - 415 0 0 164
2018-03-29 05:54:01 ::1 GET /Service1.svc/$metadata - 49474 - ::1 Mozilla/4.0+(compatible;+MSIE+6.0;+MS+Web+Services+Client+Protocol+4.0.30319.42000) - 400 0 0 341
2018-03-29 05:54:01 ::1 POST /Service1.svc - 49474 - ::1 - - 415 0 0 199
2018-03-29 05:54:01 ::1 GET /Service1.svc wsdl 49474 - ::1 Mozilla/4.0+(compatible;+MSIE+6.0;+MS+Web+Services+Client+Protocol+4.0.30319.42000) - 200 0 0 219
2018-03-29 05:54:01 ::1 GET /Service1.svc xsd=xsd0 49474 - ::1 Mozilla/4.0+(compatible;+MSIE+6.0;+MS+Web+Services+Client+Protocol+4.0.30319.42000) - 200 0 0 9
2018-03-29 05:54:01 ::1 GET /Service1.svc xsd=xsd2 49474 - ::1 Mozilla/4.0+(compatible;+MSIE+6.0;+MS+Web+Services+Client+Protocol+4.0.30319.42000) - 200 0 0 21
2018-03-29 05:54:01 ::1 GET /Service1.svc xsd=xsd3 49474 - ::1 Mozilla/4.0+(compatible;+MSIE+6.0;+MS+Web+Services+Client+Protocol+4.0.30319.42000) - 200 0 0 8
2018-03-29 05:54:01 ::1 GET /Service1.svc xsd=xsd1 49474 - ::1 Mozilla/4.0+(compatible;+MSIE+6.0;+MS+Web+Services+Client+Protocol+4.0.30319.42000) - 200 0 0 5
2018-03-29 05:54:34 ::1 POST /Service1.svc - 49474 - ::1 - - 200 0 0 1010
2018-03-29 05:54:41 ::1 POST /Service1.svc - 49474 - ::1 - - 200 0 0 90
2018-03-29 05:54:41 ::1 POST /Service1.svc - 49474 - ::1 - - 200 0 0 89
2018-03-29 05:55:36 ::1 POST /Service1.svc - 49474 - ::1 - - 200 0 0 306
2018-03-29 05:55:36 ::1 POST /Service1.svc - 49474 - ::1 - - 200 0 0 68
2018-03-29 05:55:51 ::1 POST /Service1.svc - 49474 - ::1 - - 200 0 0 70
2018-03-29 05:58:31 ::1 POST /Service1.svc - 49474 - ::1 - - 200 0 0 103
2018-03-29 05:58:42 ::1 POST /Service1.svc - 49474 - ::1 - - 200 0 0 39
2018-03-29 05:58:42 ::1 POST /Service1.svc - 49474 - ::1 - - 200 0 0 52
2018-03-29 05:59:05 ::1 POST /Service1.svc - 49474 - ::1 - - 200 0 0 121
2018-03-29 05:59:14 ::1 POST /Service1.svc - 49474 - ::1 - - 200 0 0 33
2018-03-29 05:59:20 ::1 POST /Service1.svc - 49474 - ::1 - - 200 0 0 76
#Software: Microsoft Internet Information Services 10.0
#Version: 1.0
#Date: 2018-03-29 06:08:52
#Fields: date time s-ip cs-method cs-uri-stem cs-uri-query s-port cs-username c-ip cs(User-Agent) cs(Referer) sc-status sc-substatus sc-win32-status time-taken
2018-03-29 06:08:52 ::1 POST /Service1.svc - 49474 - ::1 - - 415 0 0 4215
2018-03-29 06:08:52 ::1 POST /Service1.svc/mex - 49474 - ::1 - - 415 0 0 41
2018-03-29 06:08:53 ::1 GET /Service1.svc - 49474 - ::1 Mozilla/4.0+(compatible;+MSIE+6.0;+MS+Web+Services+Client+Protocol+4.0.30319.42000) - 200 0 0 1231
2018-03-29 06:08:53 ::1 GET /Service1.svc disco 49474 - ::1 Mozilla/4.0+(compatible;+MSIE+6.0;+MS+Web+Services+Client+Protocol+4.0.30319.42000) - 200 0 0 39
2018-03-29 06:08:53 ::1 GET /Service1.svc wsdl 49474 - ::1 Mozilla/4.0+(compatible;+MSIE+6.0;+MS+Web+Services+Client+Protocol+4.0.30319.42000) - 200 0 0 26
2018-03-29 06:08:53 ::1 GET /Service1.svc xsd=xsd0 49474 - ::1 Mozilla/4.0+(compatible;+MSIE+6.0;+MS+Web+Services+Client+Protocol+4.0.30319.42000) - 200 0 0 360
2018-03-29 06:08:53 ::1 GET /Service1.svc xsd=xsd2 49474 - ::1 Mozilla/4.0+(compatible;+MSIE+6.0;+MS+Web+Services+Client+Protocol+4.0.30319.42000) - 200 0 0 5
2018-03-29 06:08:53 ::1 GET /Service1.svc xsd=xsd3 49474 - ::1 Mozilla/4.0+(compatible;+MSIE+6.0;+MS+Web+Services+Client+Protocol+4.0.30319.42000) - 200 0 0 11
2018-03-29 06:08:53 ::1 GET /Service1.svc xsd=xsd1 49474 - ::1 Mozilla/4.0+(compatible;+MSIE+6.0;+MS+Web+Services+Client+Protocol+4.0.30319.42000) - 200 0 0 16
2018-03-29 06:09:15 ::1 GET /Service1.svc/$metadata - 49474 - ::1 Mozilla/4.0+(compatible;+MSIE+6.0;+MS+Web+Services+Client+Protocol+4.0.30319.42000) - 400 0 0 91
2018-03-29 06:09:15 ::1 GET /Service1.svc - 49474 - ::1 Mozilla/4.0+(compatible;+MSIE+6.0;+MS+Web+Services+Client+Protocol+4.0.30319.42000) - 200 0 0 110
2018-03-29 06:09:15 ::1 POST /Service1.svc - 49474 - ::1 - - 415 0 0 127
2018-03-29 06:09:15 ::1 POST /Service1.svc/mex - 49474 - ::1 - - 415 0 0 102
2018-03-29 06:09:15 ::1 GET /Service1.svc disco 49474 - ::1 Mozilla/4.0+(compatible;+MSIE+6.0;+MS+Web+Services+Client+Protocol+4.0.30319.42000) - 200 0 0 104
2018-03-29 06:09:15 ::1 GET /Service1.svc wsdl 49474 - ::1 Mozilla/4.0+(compatible;+MSIE+6.0;+MS+Web+Services+Client+Protocol+4.0.30319.42000) - 200 0 0 23
2018-03-29 06:09:15 ::1 GET /Service1.svc xsd=xsd0 49474 - ::1 Mozilla/4.0+(compatible;+MSIE+6.0;+MS+Web+Services+Client+Protocol+4.0.30319.42000) - 200 0 0 8
2018-03-29 06:09:15 ::1 GET /Service1.svc xsd=xsd2 49474 - ::1 Mozilla/4.0+(compatible;+MSIE+6.0;+MS+Web+Services+Client+Protocol+4.0.30319.42000) - 200 0 0 7
2018-03-29 06:09:15 ::1 GET /Service1.svc xsd=xsd3 49474 - ::1 Mozilla/4.0+(compatible;+MSIE+6.0;+MS+Web+Services+Client+Protocol+4.0.30319.42000) - 200 0 0 6
2018-03-29 06:09:15 ::1 GET /Service1.svc xsd=xsd1 49474 - ::1 Mozilla/4.0+(compatible;+MSIE+6.0;+MS+Web+Services+Client+Protocol+4.0.30319.42000) - 200 0 0 4
2018-03-29 06:10:26 ::1 POST /Service1.svc - 49474 - ::1 - - 200 0 0 1124
2018-03-29 06:10:33 ::1 POST /Service1.svc - 49474 - ::1 - - 200 0 0 81
2018-03-29 06:10:33 ::1 POST /Service1.svc - 49474 - ::1 - - 200 0 0 48
2018-03-29 06:10:54 ::1 POST /Service1.svc - 49474 - ::1 - - 200 0 0 335
2018-03-29 06:10:56 ::1 POST /Service1.svc - 49474 - ::1 - - 200 0 0 53
2018-03-29 06:11:00 ::1 POST /Service1.svc - 49474 - ::1 - - 200 0 0 30
2018-03-29 06:12:09 ::1 POST /Service1.svc - 49474 - ::1 - - 200 0 0 45
2018-03-29 06:12:17 ::1 POST /Service1.svc - 49474 - ::1 - - 200 0 0 113
2018-03-29 06:12:17 ::1 POST /Service1.svc - 49474 - ::1 - - 200 0 0 79
2018-03-29 06:12:35 ::1 POST /Service1.svc - 49474 - ::1 - - 200 0 0 169
2018-03-29 06:12:35 ::1 POST /Service1.svc - 49474 - ::1 - - 200 0 0 54
2018-03-29 06:12:39 ::1 POST /Service1.svc - 49474 - ::1 - - 200 0 0 28
#Software: Microsoft Internet Information Services 10.0
#Version: 1.0
#Date: 2018-03-29 06:14:36
#Fields: date time s-ip cs-method cs-uri-stem cs-uri-query s-port cs-username c-ip cs(User-Agent) cs(Referer) sc-status sc-substatus sc-win32-status time-taken
2018-03-29 06:14:36 ::1 POST /Service1.svc - 49474 - ::1 - - 415 0 0 4248
2018-03-29 06:14:36 ::1 POST /Service1.svc/mex - 49474 - ::1 - - 415 0 0 56
2018-03-29 06:14:38 ::1 GET /Service1.svc - 49474 - ::1 Mozilla/4.0+(compatible;+MSIE+6.0;+MS+Web+Services+Client+Protocol+4.0.30319.42000) - 200 0 0 1308
2018-03-29 06:14:38 ::1 GET /Service1.svc disco 49474 - ::1 Mozilla/4.0+(compatible;+MSIE+6.0;+MS+Web+Services+Client+Protocol+4.0.30319.42000) - 200 0 0 38
2018-03-29 06:14:38 ::1 GET /Service1.svc wsdl 49474 - ::1 Mozilla/4.0+(compatible;+MSIE+6.0;+MS+Web+Services+Client+Protocol+4.0.30319.42000) - 200 0 0 14
2018-03-29 06:14:38 ::1 GET /Service1.svc xsd=xsd0 49474 - ::1 Mozilla/4.0+(compatible;+MSIE+6.0;+MS+Web+Services+Client+Protocol+4.0.30319.42000) - 200 0 0 495
2018-03-29 06:14:38 ::1 GET /Service1.svc xsd=xsd2 49474 - ::1 Mozilla/4.0+(compatible;+MSIE+6.0;+MS+Web+Services+Client+Protocol+4.0.30319.42000) - 200 0 0 8
2018-03-29 06:14:38 ::1 GET /Service1.svc xsd=xsd3 49474 - ::1 Mozilla/4.0+(compatible;+MSIE+6.0;+MS+Web+Services+Client+Protocol+4.0.30319.42000) - 200 0 0 14
2018-03-29 06:14:38 ::1 GET /Service1.svc xsd=xsd1 49474 - ::1 Mozilla/4.0+(compatible;+MSIE+6.0;+MS+Web+Services+Client+Protocol+4.0.30319.42000) - 200 0 0 71
2018-03-29 06:15:42 ::1 POST /Service1.svc - 49474 - ::1 - - 200 0 0 409
2018-03-29 06:15:48 ::1 POST /Service1.svc - 49474 - ::1 - - 200 0 0 159
2018-03-29 06:15:48 ::1 POST /Service1.svc - 49474 - ::1 - - 200 0 0 122
2018-03-29 06:16:18 ::1 POST /Service1.svc - 49474 - ::1 - - 200 0 0 440
2018-03-29 06:16:20 ::1 POST /Service1.svc - 49474 - ::1 - - 200 0 0 83
2018-03-29 06:16:25 ::1 POST /Service1.svc - 49474 - ::1 - - 200 0 0 71
2018-03-29 06:17:10 ::1 POST /Service1.svc - 49474 - ::1 - - 200 0 0 252
2018-03-29 06:17:13 ::1 POST /Service1.svc - 49474 - ::1 - - 200 0 0 101
2018-03-29 06:17:13 ::1 POST /Service1.svc - 49474 - ::1 - - 200 0 0 72
2018-03-29 06:17:38 ::1 POST /Service1.svc - 49474 - ::1 - - 200 0 0 50
2018-03-29 06:17:38 ::1 POST /Service1.svc - 49474 - ::1 - - 200 0 0 61
2018-03-29 06:17:42 ::1 POST /Service1.svc - 49474 - ::1 - - 200 0 0 32
#Software: Microsoft Internet Information Services 10.0
#Version: 1.0
#Date: 2018-03-29 06:47:04
#Fields: date time s-ip cs-method cs-uri-stem cs-uri-query s-port cs-username c-ip cs(User-Agent) cs(Referer) sc-status sc-substatus sc-win32-status time-taken
2018-03-29 06:47:04 ::1 POST /Service1.svc - 49474 - ::1 - - 200 0 0 75
2018-03-29 06:47:25 ::1 POST /Service1.svc - 49474 - ::1 - - 200 0 0 19
2018-03-29 06:47:28 ::1 POST /Service1.svc - 49474 - ::1 - - 200 0 0 42
2018-03-29 06:47:28 ::1 POST /Service1.svc - 49474 - ::1 - - 200 0 0 62
2018-03-29 06:47:31 ::1 POST /Service1.svc - 49474 - ::1 - - 200 0 0 72
2018-03-29 06:47:35 ::1 POST /Service1.svc - 49474 - ::1 - - 200 0 0 18
2018-03-29 06:47:35 ::1 POST /Service1.svc - 49474 - ::1 - - 200 0 0 91
2018-03-29 06:47:40 ::1 POST /Service1.svc - 49474 - ::1 - - 200 0 0 22
2018-03-29 06:47:51 ::1 POST /Service1.svc - 49474 - ::1 - - 200 0 0 21
2018-03-29 06:47:52 ::1 POST /Service1.svc - 49474 - ::1 - - 200 0 0 20
2018-03-29 06:47:52 ::1 POST /Service1.svc - 49474 - ::1 - - 200 0 0 102
2018-03-29 06:49:10 ::1 POST /Service1.svc - 49474 - ::1 - - 200 0 0 178
#Software: Microsoft Internet Information Services 10.0
#Version: 1.0
#Date: 2018-03-29 06:52:10
#Fields: date time s-ip cs-method cs-uri-stem cs-uri-query s-port cs-username c-ip cs(User-Agent) cs(Referer) sc-status sc-substatus sc-win32-status time-taken
2018-03-29 06:52:10 ::1 POST /Service1.svc - 49474 - ::1 - - 415 0 0 5599
2018-03-29 06:52:10 ::1 POST /Service1.svc/mex - 49474 - ::1 - - 415 0 0 38
2018-03-29 06:52:12 ::1 GET /Service1.svc - 49474 - ::1 Mozilla/4.0+(compatible;+MSIE+6.0;+MS+Web+Services+Client+Protocol+4.0.30319.42000) - 200 0 0 1657
2018-03-29 06:52:12 ::1 GET /Service1.svc disco 49474 - ::1 Mozilla/4.0+(compatible;+MSIE+6.0;+MS+Web+Services+Client+Protocol+4.0.30319.42000) - 200 0 0 18
2018-03-29 06:52:12 ::1 GET /Service1.svc wsdl 49474 - ::1 Mozilla/4.0+(compatible;+MSIE+6.0;+MS+Web+Services+Client+Protocol+4.0.30319.42000) - 200 0 0 26
2018-03-29 06:52:12 ::1 GET /Service1.svc xsd=xsd0 49474 - ::1 Mozilla/4.0+(compatible;+MSIE+6.0;+MS+Web+Services+Client+Protocol+4.0.30319.42000) - 200 0 0 439
2018-03-29 06:52:12 ::1 GET /Service1.svc xsd=xsd2 49474 - ::1 Mozilla/4.0+(compatible;+MSIE+6.0;+MS+Web+Services+Client+Protocol+4.0.30319.42000) - 200 0 0 32
2018-03-29 06:52:12 ::1 GET /Service1.svc xsd=xsd3 49474 - ::1 Mozilla/4.0+(compatible;+MSIE+6.0;+MS+Web+Services+Client+Protocol+4.0.30319.42000) - 200 0 0 6
2018-03-29 06:52:12 ::1 GET /Service1.svc xsd=xsd1 49474 - ::1 Mozilla/4.0+(compatible;+MSIE+6.0;+MS+Web+Services+Client+Protocol+4.0.30319.42000) - 200 0 0 20
2018-03-29 06:52:39 ::1 GET /Service1.svc - 49474 - ::1 Mozilla/4.0+(compatible;+MSIE+6.0;+MS+Web+Services+Client+Protocol+4.0.30319.42000) - 200 0 0 132
2018-03-29 06:52:39 ::1 GET /Service1.svc disco 49474 - ::1 Mozilla/4.0+(compatible;+MSIE+6.0;+MS+Web+Services+Client+Protocol+4.0.30319.42000) - 200 0 0 100
2018-03-29 06:52:39 ::1 POST /Service1.svc/mex - 49474 - ::1 - - 415 0 0 140
2018-03-29 06:52:39 ::1 GET /Service1.svc/$metadata - 49474 - ::1 Mozilla/4.0+(compatible;+MSIE+6.0;+MS+Web+Services+Client+Protocol+4.0.30319.42000) - 400 0 0 320
2018-03-29 06:52:39 ::1 GET /Service1.svc wsdl 49474 - ::1 Mozilla/4.0+(compatible;+MSIE+6.0;+MS+Web+Services+Client+Protocol+4.0.30319.42000) - 200 0 0 95
2018-03-29 06:52:39 ::1 POST /Service1.svc - 49474 - ::1 - - 415 0 0 216
2018-03-29 06:52:39 ::1 GET /Service1.svc xsd=xsd0 49474 - ::1 Mozilla/4.0+(compatible;+MSIE+6.0;+MS+Web+Services+Client+Protocol+4.0.30319.42000) - 200 0 0 24
2018-03-29 06:52:39 ::1 GET /Service1.svc xsd=xsd2 49474 - ::1 Mozilla/4.0+(compatible;+MSIE+6.0;+MS+Web+Services+Client+Protocol+4.0.30319.42000) - 200 0 0 9
2018-03-29 06:52:39 ::1 GET /Service1.svc xsd=xsd3 49474 - ::1 Mozilla/4.0+(compatible;+MSIE+6.0;+MS+Web+Services+Client+Protocol+4.0.30319.42000) - 200 0 0 15
2018-03-29 06:52:39 ::1 GET /Service1.svc xsd=xsd1 49474 - ::1 Mozilla/4.0+(compatible;+MSIE+6.0;+MS+Web+Services+Client+Protocol+4.0.30319.42000) - 200 0 0 29
2018-03-29 06:53:14 ::1 POST /Service1.svc - 49474 - ::1 - - 200 0 0 761
2018-03-29 06:53:21 ::1 POST /Service1.svc - 49474 - ::1 - - 200 0 0 23
2018-03-29 06:53:21 ::1 POST /Service1.svc - 49474 - ::1 - - 200 0 0 162
2018-03-29 06:53:57 ::1 POST /Service1.svc - 49474 - ::1 - - 200 0 0 33
2018-03-29 06:57:22 ::1 POST /Service1.svc - 49474 - ::1 - - 200 0 0 135
2018-03-29 06:57:27 ::1 POST /Service1.svc - 49474 - ::1 - - 200 0 0 238
2018-03-29 06:57:27 ::1 POST /Service1.svc - 49474 - ::1 - - 200 0 0 209
2018-03-29 06:57:59 ::1 POST /Service1.svc - 49474 - ::1 - - 200 0 0 68
2018-03-29 06:59:42 ::1 POST /Service1.svc - 49474 - ::1 - - 200 0 0 100
2018-03-29 06:59:45 ::1 POST /Service1.svc - 49474 - ::1 - - 200 0 0 18
2018-03-29 06:59:45 ::1 POST /Service1.svc - 49474 - ::1 - - 200 0 0 106
2018-03-29 07:00:05 ::1 POST /Service1.svc - 49474 - ::1 - - 200 0 0 206
2018-03-29 07:00:08 ::1 POST /Service1.svc - 49474 - ::1 - - 200 0 0 18
2018-03-29 07:00:11 ::1 POST /Service1.svc - 49474 - ::1 - - 200 0 0 87
2018-03-29 07:00:59 ::1 POST /Service1.svc - 49474 - ::1 - - 200 0 0 255
2018-03-29 07:01:02 ::1 POST /Service1.svc - 49474 - ::1 - - 200 0 0 83
2018-03-29 07:01:02 ::1 POST /Service1.svc - 49474 - ::1 - - 200 0 0 293
2018-03-29 07:01:28 ::1 POST /Service1.svc - 49474 - ::1 - - 200 0 0 112
2018-03-29 07:01:28 ::1 POST /Service1.svc - 49474 - ::1 - - 200 0 0 42
2018-03-29 07:01:35 ::1 POST /Service1.svc - 49474 - ::1 - - 200 0 0 125
#Software: Microsoft Internet Information Services 10.0
#Version: 1.0
#Date: 2018-03-29 07:25:41
#Fields: date time s-ip cs-method cs-uri-stem cs-uri-query s-port cs-username c-ip cs(User-Agent) cs(Referer) sc-status sc-substatus sc-win32-status time-taken
2018-03-29 07:25:41 ::1 POST /Service1.svc - 49474 - ::1 - - 200 0 0 103
2018-03-29 07:25:44 ::1 POST /Service1.svc - 49474 - ::1 - - 200 0 0 40
2018-03-29 07:25:44 ::1 POST /Service1.svc - 49474 - ::1 - - 200 0 0 20
2018-03-29 07:25:51 ::1 POST /Service1.svc - 49474 - ::1 - - 200 0 0 35
2018-03-29 07:25:54 ::1 POST /Service1.svc - 49474 - ::1 - - 200 0 0 58
2018-03-29 07:25:54 ::1 POST /Service1.svc - 49474 - ::1 - - 200 0 0 74
2018-03-29 07:25:57 ::1 POST /Service1.svc - 49474 - ::1 - - 200 0 0 55
#Software: Microsoft Internet Information Services 10.0
#Version: 1.0
#Date: 2018-03-29 07:43:56
#Fields: date time s-ip cs-method cs-uri-stem cs-uri-query s-port cs-username c-ip cs(User-Agent) cs(Referer) sc-status sc-substatus sc-win32-status time-taken
2018-03-29 07:43:56 ::1 POST /Service1.svc - 49474 - ::1 - - 200 0 0 68
2018-03-29 07:49:19 ::1 POST /Service1.svc - 49474 - ::1 - - 200 0 0 33
2018-03-29 07:49:28 ::1 POST /Service1.svc - 49474 - ::1 - - 200 0 0 173
2018-03-29 07:49:32 ::1 POST /Service1.svc - 49474 - ::1 - - 200 0 0 27
2018-03-29 07:49:32 ::1 POST /Service1.svc - 49474 - ::1 - - 200 0 0 119
2018-03-29 07:49:37 ::1 POST /Service1.svc - 49474 - ::1 - - 200 0 0 28
#Software: Microsoft Internet Information Services 10.0
#Version: 1.0
#Date: 2018-03-29 09:20:58
#Fields: date time s-ip cs-method cs-uri-stem cs-uri-query s-port cs-username c-ip cs(User-Agent) cs(Referer) sc-status sc-substatus sc-win32-status time-taken
2018-03-29 09:20:58 ::1 POST /Service1.svc - 49474 - ::1 - - 415 0 0 82930
2018-03-29 09:20:58 ::1 POST /Service1.svc/mex - 49474 - ::1 - - 415 0 0 13
2018-03-29 09:21:05 ::1 GET /Service1.svc - 49474 - ::1 Mozilla/4.0+(compatible;+MSIE+6.0;+MS+Web+Services+Client+Protocol+4.0.30319.42000) - 200 0 0 5179
2018-03-29 09:21:05 ::1 GET /Service1.svc disco 49474 - ::1 Mozilla/4.0+(compatible;+MSIE+6.0;+MS+Web+Services+Client+Protocol+4.0.30319.42000) - 200 0 0 5
2018-03-29 09:21:05 ::1 GET /Service1.svc wsdl 49474 - ::1 Mozilla/4.0+(compatible;+MSIE+6.0;+MS+Web+Services+Client+Protocol+4.0.30319.42000) - 200 0 0 342
2018-03-29 09:21:11 ::1 GET /Service1.svc xsd=xsd0 49474 - ::1 Mozilla/4.0+(compatible;+MSIE+6.0;+MS+Web+Services+Client+Protocol+4.0.30319.42000) - 200 0 0 5051
2018-03-29 09:21:11 ::1 GET /Service1.svc xsd=xsd2 49474 - ::1 Mozilla/4.0+(compatible;+MSIE+6.0;+MS+Web+Services+Client+Protocol+4.0.30319.42000) - 200 0 0 52
2018-03-29 09:21:11 ::1 GET /Service1.svc xsd=xsd3 49474 - ::1 Mozilla/4.0+(compatible;+MSIE+6.0;+MS+Web+Services+Client+Protocol+4.0.30319.42000) - 200 0 0 12
2018-03-29 09:21:11 ::1 GET /Service1.svc xsd=xsd1 49474 - ::1 Mozilla/4.0+(compatible;+MSIE+6.0;+MS+Web+Services+Client+Protocol+4.0.30319.42000) - 200 0 0 14
2018-03-29 09:22:07 ::1 GET /Service1.svc - 49474 - ::1 Mozilla/4.0+(compatible;+MSIE+6.0;+MS+Web+Services+Client+Protocol+4.0.30319.42000) - 200 0 0 36
2018-03-29 09:22:07 ::1 GET /Service1.svc disco 49474 - ::1 Mozilla/4.0+(compatible;+MSIE+6.0;+MS+Web+Services+Client+Protocol+4.0.30319.42000) - 200 0 0 38
2018-03-29 09:22:07 ::1 GET /Service1.svc wsdl 49474 - ::1 Mozilla/4.0+(compatible;+MSIE+6.0;+MS+Web+Services+Client+Protocol+4.0.30319.42000) - 200 0 0 53
2018-03-29 09:22:07 ::1 GET /Service1.svc/$metadata - 49474 - ::1 Mozilla/4.0+(compatible;+MSIE+6.0;+MS+Web+Services+Client+Protocol+4.0.30319.42000) - 400 0 0 626
2018-03-29 09:22:07 ::1 GET /Service1.svc xsd=xsd0 49474 - ::1 Mozilla/4.0+(compatible;+MSIE+6.0;+MS+Web+Services+Client+Protocol+4.0.30319.42000) - 200 0 0 103
2018-03-29 09:22:07 ::1 GET /Service1.svc xsd=xsd2 49474 - ::1 Mozilla/4.0+(compatible;+MSIE+6.0;+MS+Web+Services+Client+Protocol+4.0.30319.42000) - 200 0 0 104
2018-03-29 09:22:07 ::1 GET /Service1.svc xsd=xsd3 49474 - ::1 Mozilla/4.0+(compatible;+MSIE+6.0;+MS+Web+Services+Client+Protocol+4.0.30319.42000) - 200 0 0 12
2018-03-29 09:22:07 ::1 GET /Service1.svc xsd=xsd1 49474 - ::1 Mozilla/4.0+(compatible;+MSIE+6.0;+MS+Web+Services+Client+Protocol+4.0.30319.42000) - 200 0 0 27
2018-03-29 09:22:09 ::1 POST /Service1.svc/mex - 49474 - ::1 - - 415 0 0 124
2018-03-29 09:22:09 ::1 POST /Service1.svc - 49474 - ::1 - - 415 0 0 213
2018-03-29 09:22:33 ::1 GET /Service1.svc/$metadata - 49474 - ::1 Mozilla/4.0+(compatible;+MSIE+6.0;+MS+Web+Services+Client+Protocol+4.0.30319.42000) - 400 0 0 101
2018-03-29 09:22:33 ::1 GET /Service1.svc - 49474 - ::1 Mozilla/4.0+(compatible;+MSIE+6.0;+MS+Web+Services+Client+Protocol+4.0.30319.42000) - 200 0 0 103
2018-03-29 09:22:33 ::1 POST /Service1.svc - 49474 - ::1 - - 415 0 0 143
2018-03-29 09:22:33 ::1 POST /Service1.svc/mex - 49474 - ::1 - - 415 0 0 150
2018-03-29 09:22:33 ::1 GET /Service1.svc disco 49474 - ::1 Mozilla/4.0+(compatible;+MSIE+6.0;+MS+Web+Services+Client+Protocol+4.0.30319.42000) - 200 0 0 89
2018-03-29 09:22:33 ::1 GET /Service1.svc wsdl 49474 - ::1 Mozilla/4.0+(compatible;+MSIE+6.0;+MS+Web+Services+Client+Protocol+4.0.30319.42000) - 200 0 0 27
2018-03-29 09:22:33 ::1 GET /Service1.svc xsd=xsd0 49474 - ::1 Mozilla/4.0+(compatible;+MSIE+6.0;+MS+Web+Services+Client+Protocol+4.0.30319.42000) - 200 0 0 9
2018-03-29 09:22:33 ::1 GET /Service1.svc xsd=xsd2 49474 - ::1 Mozilla/4.0+(compatible;+MSIE+6.0;+MS+Web+Services+Client+Protocol+4.0.30319.42000) - 200 0 0 66
2018-03-29 09:22:33 ::1 GET /Service1.svc xsd=xsd3 49474 - ::1 Mozilla/4.0+(compatible;+MSIE+6.0;+MS+Web+Services+Client+Protocol+4.0.30319.42000) - 200 0 0 10
2018-03-29 09:22:33 ::1 GET /Service1.svc xsd=xsd1 49474 - ::1 Mozilla/4.0+(compatible;+MSIE+6.0;+MS+Web+Services+Client+Protocol+4.0.30319.42000) - 200 0 0 4
2018-03-29 09:24:03 ::1 POST /Service1.svc - 49474 - ::1 - - 200 0 0 2018
2018-03-29 09:24:37 ::1 POST /Service1.svc - 49474 - ::1 - - 200 0 0 19486
2018-03-29 09:24:55 ::1 POST /Service1.svc - 49474 - ::1 - - 200 0 0 12250
2018-03-29 09:25:00 ::1 POST /Service1.svc - 49474 - ::1 - - 200 0 0 46
2018-03-29 09:25:03 ::1 POST /Service1.svc - 49474 - ::1 - - 200 0 0 21
2018-03-29 09:25:03 ::1 POST /Service1.svc - 49474 - ::1 - - 200 0 0 19
#Software: Microsoft Internet Information Services 10.0
#Version: 1.0
#Date: 2018-03-29 09:28:37
#Fields: date time s-ip cs-method cs-uri-stem cs-uri-query s-port cs-username c-ip cs(User-Agent) cs(Referer) sc-status sc-substatus sc-win32-status time-taken
2018-03-29 09:28:37 ::1 POST /Service1.svc - 49474 - ::1 - - 415 0 0 6551
2018-03-29 09:28:37 ::1 POST /Service1.svc/mex - 49474 - ::1 - - 415 0 0 15
2018-03-29 09:28:39 ::1 GET /Service1.svc - 49474 - ::1 Mozilla/4.0+(compatible;+MSIE+6.0;+MS+Web+Services+Client+Protocol+4.0.30319.42000) - 200 0 0 1388
2018-03-29 09:28:39 ::1 GET /Service1.svc disco 49474 - ::1 Mozilla/4.0+(compatible;+MSIE+6.0;+MS+Web+Services+Client+Protocol+4.0.30319.42000) - 200 0 0 25
2018-03-29 09:28:39 ::1 GET /Service1.svc wsdl 49474 - ::1 Mozilla/4.0+(compatible;+MSIE+6.0;+MS+Web+Services+Client+Protocol+4.0.30319.42000) - 200 0 0 23
2018-03-29 09:28:39 ::1 GET /Service1.svc xsd=xsd0 49474 - ::1 Mozilla/4.0+(compatible;+MSIE+6.0;+MS+Web+Services+Client+Protocol+4.0.30319.42000) - 200 0 0 410
2018-03-29 09:28:39 ::1 GET /Service1.svc xsd=xsd2 49474 - ::1 Mozilla/4.0+(compatible;+MSIE+6.0;+MS+Web+Services+Client+Protocol+4.0.30319.42000) - 200 0 0 7
2018-03-29 09:28:39 ::1 GET /Service1.svc xsd=xsd3 49474 - ::1 Mozilla/4.0+(compatible;+MSIE+6.0;+MS+Web+Services+Client+Protocol+4.0.30319.42000) - 200 0 0 102
2018-03-29 09:28:39 ::1 GET /Service1.svc xsd=xsd1 49474 - ::1 Mozilla/4.0+(compatible;+MSIE+6.0;+MS+Web+Services+Client+Protocol+4.0.30319.42000) - 200 0 0 69
2018-03-29 09:28:55 ::1 GET /Service1.svc/$metadata - 49474 - ::1 Mozilla/4.0+(compatible;+MSIE+6.0;+MS+Web+Services+Client+Protocol+4.0.30319.42000) - 400 0 0 151
2018-03-29 09:28:55 ::1 GET /Service1.svc - 49474 - ::1 Mozilla/4.0+(compatible;+MSIE+6.0;+MS+Web+Services+Client+Protocol+4.0.30319.42000) - 200 0 0 126
2018-03-29 09:28:55 ::1 GET /Service1.svc disco 49474 - ::1 Mozilla/4.0+(compatible;+MSIE+6.0;+MS+Web+Services+Client+Protocol+4.0.30319.42000) - 200 0 0 54
2018-03-29 09:28:55 ::1 GET /Service1.svc wsdl 49474 - ::1 Mozilla/4.0+(compatible;+MSIE+6.0;+MS+Web+Services+Client+Protocol+4.0.30319.42000) - 200 0 0 43
2018-03-29 09:28:55 ::1 GET /Service1.svc xsd=xsd0 49474 - ::1 Mozilla/4.0+(compatible;+MSIE+6.0;+MS+Web+Services+Client+Protocol+4.0.30319.42000) - 200 0 0 68
2018-03-29 09:28:55 ::1 GET /Service1.svc xsd=xsd2 49474 - ::1 Mozilla/4.0+(compatible;+MSIE+6.0;+MS+Web+Services+Client+Protocol+4.0.30319.42000) - 200 0 0 46
2018-03-29 09:28:55 ::1 GET /Service1.svc xsd=xsd3 49474 - ::1 Mozilla/4.0+(compatible;+MSIE+6.0;+MS+Web+Services+Client+Protocol+4.0.30319.42000) - 200 0 0 119
2018-03-29 09:28:55 ::1 GET /Service1.svc xsd=xsd1 49474 - ::1 Mozilla/4.0+(compatible;+MSIE+6.0;+MS+Web+Services+Client+Protocol+4.0.30319.42000) - 200 0 0 47
2018-03-29 09:28:56 ::1 POST /Service1.svc - 49474 - ::1 - - 415 0 0 39
2018-03-29 09:28:56 ::1 POST /Service1.svc/mex - 49474 - ::1 - - 415 0 0 44
2018-03-29 09:29:33 ::1 POST /Service1.svc - 49474 - ::1 - - 200 0 0 570
2018-03-29 09:29:41 ::1 POST /Service1.svc - 49474 - ::1 - - 200 0 0 175
2018-03-29 09:29:50 ::1 POST /Service1.svc - 49474 - ::1 - - 200 0 0 61
2018-03-29 09:29:52 ::1 POST /Service1.svc - 49474 - ::1 - - 200 0 0 70
2018-03-29 09:29:52 ::1 POST /Service1.svc - 49474 - ::1 - - 200 0 0 74
2018-03-29 09:30:14 ::1 POST /Service1.svc - 49474 - ::1 - - 200 0 0 539
2018-03-29 09:30:14 ::1 POST /Service1.svc - 49474 - ::1 - - 200 0 0 19
2018-03-29 09:30:18 ::1 POST /Service1.svc - 49474 - ::1 - - 200 0 0 20
2018-03-29 09:30:29 ::1 POST /Service1.svc - 49474 - ::1 - - 200 0 0 40
2018-03-29 09:30:48 ::1 POST /Service1.svc - 49474 - ::1 - - 200 0 0 42
2018-03-29 09:30:53 ::1 POST /Service1.svc - 49474 - ::1 - - 200 0 0 111
#Software: Microsoft Internet Information Services 10.0
#Version: 1.0
#Date: 2018-03-29 09:47:54
#Fields: date time s-ip cs-method cs-uri-stem cs-uri-query s-port cs-username c-ip cs(User-Agent) cs(Referer) sc-status sc-substatus sc-win32-status time-taken
2018-03-29 09:47:54 ::1 POST /Service1.svc - 49474 - ::1 - - 200 0 0 34
2018-03-29 09:47:58 ::1 POST /Service1.svc - 49474 - ::1 - - 200 0 0 21
2018-03-29 09:47:58 ::1 POST /Service1.svc - 49474 - ::1 - - 200 0 0 55
2018-03-29 09:47:58 ::1 POST /Service1.svc - 49474 - ::1 - - 200 0 0 143
#Software: Microsoft Internet Information Services 10.0
#Version: 1.0
#Date: 2018-03-29 10:42:28
#Fields: date time s-ip cs-method cs-uri-stem cs-uri-query s-port cs-username c-ip cs(User-Agent) cs(Referer) sc-status sc-substatus sc-win32-status time-taken
2018-03-29 10:42:28 ::1 POST /Service1.svc - 49474 - ::1 - - 200 0 0 176
2018-03-29 10:42:32 ::1 POST /Service1.svc - 49474 - ::1 - - 200 0 0 151
2018-03-29 10:42:32 ::1 POST /Service1.svc - 49474 - ::1 - - 200 0 0 99
2018-03-29 10:45:06 ::1 POST /Service1.svc - 49474 - ::1 - - 200 0 0 99
2018-03-29 10:45:09 ::1 POST /Service1.svc - 49474 - ::1 - - 200 0 0 352
2018-03-29 10:45:09 ::1 POST /Service1.svc - 49474 - ::1 - - 200 0 0 399
2018-03-29 10:46:21 ::1 POST /Service1.svc - 49474 - ::1 - - 200 0 0 99
2018-03-29 10:46:24 ::1 POST /Service1.svc - 49474 - ::1 - - 200 0 0 473
2018-03-29 10:46:24 ::1 POST /Service1.svc - 49474 - ::1 - - 200 0 0 409
2018-03-29 10:47:13 ::1 POST /Service1.svc - 49474 - ::1 - - 200 0 0 179
2018-03-29 10:50:21 ::1 POST /Service1.svc - 49474 - ::1 - - 200 0 0 266
2018-03-29 10:50:25 ::1 POST /Service1.svc - 49474 - ::1 - - 200 0 0 36
2018-03-29 10:50:25 ::1 POST /Service1.svc - 49474 - ::1 - - 200 0 0 75
#Software: Microsoft Internet Information Services 10.0
#Version: 1.0
#Date: 2018-03-29 11:36:43
#Fields: date time s-ip cs-method cs-uri-stem cs-uri-query s-port cs-username c-ip cs(User-Agent) cs(Referer) sc-status sc-substatus sc-win32-status time-taken
2018-03-29 11:36:43 ::1 POST /Service1.svc - 49474 - ::1 - - 415 0 0 11409
2018-03-29 11:36:44 ::1 POST /Service1.svc/mex - 49474 - ::1 - - 415 0 0 41
2018-03-29 11:36:47 ::1 GET /Service1.svc - 49474 - ::1 Mozilla/4.0+(compatible;+MSIE+6.0;+MS+Web+Services+Client+Protocol+4.0.30319.42000) - 200 0 0 2669
2018-03-29 11:36:47 ::1 GET /Service1.svc disco 49474 - ::1 Mozilla/4.0+(compatible;+MSIE+6.0;+MS+Web+Services+Client+Protocol+4.0.30319.42000) - 200 0 0 55
2018-03-29 11:36:47 ::1 GET /Service1.svc wsdl 49474 - ::1 Mozilla/4.0+(compatible;+MSIE+6.0;+MS+Web+Services+Client+Protocol+4.0.30319.42000) - 200 0 0 95
2018-03-29 11:36:47 ::1 GET /Service1.svc xsd=xsd0 49474 - ::1 Mozilla/4.0+(compatible;+MSIE+6.0;+MS+Web+Services+Client+Protocol+4.0.30319.42000) - 200 0 0 494
2018-03-29 11:36:47 ::1 GET /Service1.svc xsd=xsd2 49474 - ::1 Mozilla/4.0+(compatible;+MSIE+6.0;+MS+Web+Services+Client+Protocol+4.0.30319.42000) - 200 0 0 8
2018-03-29 11:36:47 ::1 GET /Service1.svc xsd=xsd3 49474 - ::1 Mozilla/4.0+(compatible;+MSIE+6.0;+MS+Web+Services+Client+Protocol+4.0.30319.42000) - 200 0 0 17
2018-03-29 11:36:47 ::1 GET /Service1.svc xsd=xsd1 49474 - ::1 Mozilla/4.0+(compatible;+MSIE+6.0;+MS+Web+Services+Client+Protocol+4.0.30319.42000) - 200 0 0 14
2018-03-29 11:37:51 ::1 POST /Service1.svc - 49474 - ::1 - - 200 0 0 1582
2018-03-29 11:38:01 ::1 POST /Service1.svc - 49474 - ::1 - - 200 0 0 29
2018-03-29 11:38:01 ::1 POST /Service1.svc - 49474 - ::1 - - 200 0 0 19
2018-03-29 11:39:37 ::1 POST /Service1.svc - 49474 - ::1 - - 200 0 0 1954
2018-03-29 11:39:37 ::1 POST /Service1.svc - 49474 - ::1 - - 200 0 0 325
2018-03-29 11:43:53 ::1 POST /Service1.svc - 49474 - ::1 - - 200 0 0 131
2018-03-29 11:43:56 ::1 POST /Service1.svc - 49474 - ::1 - - 200 0 0 70
2018-03-29 11:43:56 ::1 POST /Service1.svc - 49474 - ::1 - - 200 0 0 108
2018-03-29 11:44:41 ::1 POST /Service1.svc - 49474 - ::1 - - 200 0 0 330
2018-03-29 11:44:41 ::1 POST /Service1.svc - 49474 - ::1 - - 200 0 0 104
2018-03-29 11:44:51 ::1 POST /Service1.svc - 49474 - ::1 - - 200 0 0 136
#Software: Microsoft Internet Information Services 10.0
#Version: 1.0
#Date: 2018-03-29 12:24:13
#Fields: date time s-ip cs-method cs-uri-stem cs-uri-query s-port cs-username c-ip cs(User-Agent) cs(Referer) sc-status sc-substatus sc-win32-status time-taken
2018-03-29 12:24:13 ::1 POST /Service1.svc - 49474 - ::1 - - 200 0 0 335
2018-03-29 12:24:19 ::1 POST /Service1.svc - 49474 - ::1 - - 200 0 0 33
2018-03-29 12:24:19 ::1 POST /Service1.svc - 49474 - ::1 - - 200 0 0 74
2018-03-29 12:24:48 ::1 POST /Service1.svc - 49474 - ::1 - - 200 0 0 23
2018-03-29 12:28:10 ::1 POST /Service1.svc - 49474 - ::1 - - 200 0 0 52
2018-03-29 12:28:13 ::1 POST /Service1.svc - 49474 - ::1 - - 200 0 0 69
2018-03-29 12:28:13 ::1 POST /Service1.svc - 49474 - ::1 - - 200 0 0 96
2018-03-29 12:29:46 ::1 POST /Service1.svc - 49474 - ::1 - - 200 0 0 49
2018-03-29 12:29:49 ::1 POST /Service1.svc - 49474 - ::1 - - 200 0 0 103
2018-03-29 12:29:49 ::1 POST /Service1.svc - 49474 - ::1 - - 200 0 0 133
2018-03-29 12:30:25 ::1 POST /Service1.svc - 49474 - ::1 - - 200 0 0 48
2018-03-29 12:32:14 ::1 POST /Service1.svc - 49474 - ::1 - - 200 0 0 79
2018-03-29 12:32:17 ::1 POST /Service1.svc - 49474 - ::1 - - 200 0 0 212
2018-03-29 12:32:17 ::1 POST /Service1.svc - 49474 - ::1 - - 200 0 0 123
2018-03-29 12:33:19 ::1 POST /Service1.svc - 49474 - ::1 - - 200 0 0 57
2018-03-29 12:36:25 ::1 POST /Service1.svc - 49474 - ::1 - - 200 0 0 88
2018-03-29 12:36:27 ::1 POST /Service1.svc - 49474 - ::1 - - 200 0 0 103
2018-03-29 12:36:27 ::1 POST /Service1.svc - 49474 - ::1 - - 200 0 0 68
2018-03-29 12:37:06 ::1 POST /Service1.svc - 49474 - ::1 - - 200 0 0 30
2018-03-29 12:43:38 ::1 POST /Service1.svc - 49474 - ::1 - - 200 0 0 56
2018-03-29 12:43:41 ::1 POST /Service1.svc - 49474 - ::1 - - 200 0 0 122
2018-03-29 12:43:41 ::1 POST /Service1.svc - 49474 - ::1 - - 200 0 0 59
2018-03-29 12:47:28 ::1 POST /Service1.svc - 49474 - ::1 - - 200 0 0 397
2018-03-29 12:47:31 ::1 POST /Service1.svc - 49474 - ::1 - - 200 0 0 29
2018-03-29 12:47:31 ::1 POST /Service1.svc - 49474 - ::1 - - 200 0 0 43
2018-03-29 12:48:20 ::1 POST /Service1.svc - 49474 - ::1 - - 200 0 0 90
2018-03-29 12:49:14 ::1 POST /Service1.svc - 49474 - ::1 - - 200 0 0 49
2018-03-29 12:49:17 ::1 POST /Service1.svc - 49474 - ::1 - - 200 0 0 274
2018-03-29 12:49:17 ::1 POST /Service1.svc - 49474 - ::1 - - 200 0 0 85
2018-03-29 12:52:05 ::1 POST /Service1.svc - 49474 - ::1 - - 200 0 0 217
2018-03-29 12:52:22 ::1 POST /Service1.svc - 49474 - ::1 - - 200 0 0 77
2018-03-29 12:52:30 ::1 POST /Service1.svc - 49474 - ::1 - - 200 0 0 48
2018-03-29 12:52:30 ::1 POST /Service1.svc - 49474 - ::1 - - 200 0 0 57
2018-03-29 12:52:30 ::1 POST /Service1.svc - 49474 - ::1 - - 200 0 0 114
2018-03-29 12:52:53 ::1 POST /Service1.svc - 49474 - ::1 - - 200 0 0 49
2018-03-29 12:53:13 ::1 POST /Service1.svc - 49474 - ::1 - - 200 0 0 20
2018-03-29 12:53:21 ::1 POST /Service1.svc - 49474 - ::1 - - 200 0 0 25
2018-03-29 12:53:28 ::1 POST /Service1.svc - 49474 - ::1 - - 200 0 0 72
2018-03-29 12:54:01 ::1 POST /Service1.svc - 49474 - ::1 - - 200 0 0 182
2018-03-29 12:54:08 ::1 POST /Service1.svc - 49474 - ::1 - - 200 0 0 27
2018-03-29 12:54:09 ::1 POST /Service1.svc - 49474 - ::1 - - 200 0 0 12
2018-03-29 12:54:09 ::1 POST /Service1.svc - 49474 - ::1 - - 200 0 0 11
2018-03-29 12:54:10 ::1 POST /Service1.svc - 49474 - ::1 - - 200 0 0 10
2018-03-29 12:54:18 ::1 POST /Service1.svc - 49474 - ::1 - - 200 0 0 128
