#Software: Microsoft Internet Information Services 10.0
#Version: 1.0
#Date: 2018-06-23 11:03:44
#Fields: date time s-ip cs-method cs-uri-stem cs-uri-query s-port cs-username c-ip cs(User-Agent) cs(Referer) sc-status sc-substatus sc-win32-status time-taken
2018-06-23 11:03:44 ::1 POST /Service1.svc - 49474 - ::1 - - 415 0 0 19031
2018-06-23 11:03:44 ::1 POST /Service1.svc/mex - 49474 - ::1 - - 415 0 0 7
2018-06-23 11:03:49 ::1 GET /Service1.svc - 49474 - ::1 Mozilla/4.0+(compatible;+MSIE+6.0;+MS+Web+Services+Client+Protocol+4.0.30319.42000) - 200 0 0 5198
2018-06-23 11:03:49 ::1 GET /Service1.svc disco 49474 - ::1 Mozilla/4.0+(compatible;+MSIE+6.0;+MS+Web+Services+Client+Protocol+4.0.30319.42000) - 200 0 0 8
2018-06-23 11:03:49 ::1 GET /Service1.svc wsdl 49474 - ::1 Mozilla/4.0+(compatible;+MSIE+6.0;+MS+Web+Services+Client+Protocol+4.0.30319.42000) - 200 0 0 104
2018-06-23 11:03:51 ::1 GET /Service1.svc xsd=xsd0 49474 - ::1 Mozilla/4.0+(compatible;+MSIE+6.0;+MS+Web+Services+Client+Protocol+4.0.30319.42000) - 200 0 0 1124
2018-06-23 11:03:51 ::1 GET /Service1.svc xsd=xsd2 49474 - ::1 Mozilla/4.0+(compatible;+MSIE+6.0;+MS+Web+Services+Client+Protocol+4.0.30319.42000) - 200 0 0 11
2018-06-23 11:03:51 ::1 GET /Service1.svc xsd=xsd3 49474 - ::1 Mozilla/4.0+(compatible;+MSIE+6.0;+MS+Web+Services+Client+Protocol+4.0.30319.42000) - 200 0 0 15
2018-06-23 11:03:51 ::1 GET /Service1.svc xsd=xsd1 49474 - ::1 Mozilla/4.0+(compatible;+MSIE+6.0;+MS+Web+Services+Client+Protocol+4.0.30319.42000) - 200 0 0 18
#Software: Microsoft Internet Information Services 10.0
#Version: 1.0
#Date: 2018-06-23 12:07:13
#Fields: date time s-ip cs-method cs-uri-stem cs-uri-query s-port cs-username c-ip cs(User-Agent) cs(Referer) sc-status sc-substatus sc-win32-status time-taken
2018-06-23 12:07:13 ::1 POST /Service1.svc - 49474 - ::1 - - 200 0 0 3280
2018-06-23 12:07:13 ::1 POST /Service1.svc - 49474 - ::1 - - 200 0 0 333
2018-06-23 12:07:13 ::1 POST /Service1.svc - 49474 - ::1 - - 200 0 0 131
2018-06-23 12:07:14 ::1 POST /Service1.svc - 49474 - ::1 - - 200 0 0 219
2018-06-23 12:07:14 ::1 POST /Service1.svc - 49474 - ::1 - - 200 0 0 146
2018-06-23 12:07:14 ::1 POST /Service1.svc - 49474 - ::1 - - 200 0 0 103
2018-06-23 12:07:14 ::1 POST /Service1.svc - 49474 - ::1 - - 200 0 0 75
2018-06-23 12:07:14 ::1 POST /Service1.svc - 49474 - ::1 - - 200 0 0 73
2018-06-23 12:07:14 ::1 POST /Service1.svc - 49474 - ::1 - - 200 0 0 32
2018-06-23 12:07:19 ::1 POST /Service1.svc - 49474 - ::1 - - 200 0 0 42
2018-06-23 12:07:19 ::1 POST /Service1.svc - 49474 - ::1 - - 200 0 0 29
2018-06-23 12:07:19 ::1 POST /Service1.svc - 49474 - ::1 - - 200 0 0 76
2018-06-23 12:07:19 ::1 POST /Service1.svc - 49474 - ::1 - - 200 0 0 60
2018-06-23 12:07:19 ::1 POST /Service1.svc - 49474 - ::1 - - 200 0 0 50
2018-06-23 12:07:19 ::1 POST /Service1.svc - 49474 - ::1 - - 200 0 0 95
2018-06-23 12:07:19 ::1 POST /Service1.svc - 49474 - ::1 - - 200 0 0 20
2018-06-23 12:07:19 ::1 POST /Service1.svc - 49474 - ::1 - - 200 0 0 76
2018-06-23 12:07:19 ::1 POST /Service1.svc - 49474 - ::1 - - 200 0 0 47
2018-06-23 12:07:21 ::1 POST /Service1.svc - 49474 - ::1 - - 200 0 0 165
2018-06-23 12:07:23 ::1 POST /Service1.svc - 49474 - ::1 - - 200 0 0 21
2018-06-23 12:07:23 ::1 POST /Service1.svc - 49474 - ::1 - - 200 0 0 117
2018-06-23 12:07:23 ::1 POST /Service1.svc - 49474 - ::1 - - 200 0 0 84
2018-06-23 12:07:23 ::1 POST /Service1.svc - 49474 - ::1 - - 200 0 0 49
2018-06-23 12:07:23 ::1 POST /Service1.svc - 49474 - ::1 - - 200 0 0 41
2018-06-23 12:07:23 ::1 POST /Service1.svc - 49474 - ::1 - - 200 0 0 20
2018-06-23 12:07:23 ::1 POST /Service1.svc - 49474 - ::1 - - 200 0 0 58
2018-06-23 12:07:23 ::1 POST /Service1.svc - 49474 - ::1 - - 200 0 0 117
2018-06-23 12:07:23 ::1 POST /Service1.svc - 49474 - ::1 - - 200 0 0 49
2018-06-23 12:07:23 ::1 POST /Service1.svc - 49474 - ::1 - - 200 0 0 92
2018-06-23 12:07:24 ::1 POST /Service1.svc - 49474 - ::1 - - 200 0 0 132
2018-06-23 12:07:24 ::1 POST /Service1.svc - 49474 - ::1 - - 200 0 0 247
2018-06-23 12:07:27 ::1 POST /Service1.svc - 49474 - ::1 - - 200 0 0 21
2018-06-23 12:07:31 ::1 POST /Service1.svc - 49474 - ::1 - - 200 0 0 3797
2018-06-23 12:07:35 ::1 POST /Service1.svc - 49474 - ::1 - - 200 0 0 115
2018-06-23 12:07:35 ::1 POST /Service1.svc - 49474 - ::1 - - 200 0 0 22
2018-06-23 12:07:35 ::1 POST /Service1.svc - 49474 - ::1 - - 200 0 0 22
2018-06-23 12:07:35 ::1 POST /Service1.svc - 49474 - ::1 - - 200 0 0 24
2018-06-23 12:07:35 ::1 POST /Service1.svc - 49474 - ::1 - - 200 0 0 28
2018-06-23 12:07:35 ::1 POST /Service1.svc - 49474 - ::1 - - 200 0 0 168
2018-06-23 12:07:35 ::1 POST /Service1.svc - 49474 - ::1 - - 200 0 0 18
2018-06-23 12:07:35 ::1 POST /Service1.svc - 49474 - ::1 - - 200 0 0 19
2018-06-23 12:07:35 ::1 POST /Service1.svc - 49474 - ::1 - - 200 0 0 37
2018-06-23 12:07:35 ::1 POST /Service1.svc - 49474 - ::1 - - 200 0 0 194
2018-06-23 12:07:38 ::1 POST /Service1.svc - 49474 - ::1 - - 200 0 0 25
2018-06-23 12:07:38 ::1 POST /Service1.svc - 49474 - ::1 - - 200 0 0 44
2018-06-23 12:07:38 ::1 POST /Service1.svc - 49474 - ::1 - - 200 0 0 30
2018-06-23 12:07:38 ::1 POST /Service1.svc - 49474 - ::1 - - 200 0 0 57
2018-06-23 12:07:38 ::1 POST /Service1.svc - 49474 - ::1 - - 200 0 0 83
2018-06-23 12:07:38 ::1 POST /Service1.svc - 49474 - ::1 - - 200 0 0 57
2018-06-23 12:07:38 ::1 POST /Service1.svc - 49474 - ::1 - - 200 0 0 31
2018-06-23 12:07:38 ::1 POST /Service1.svc - 49474 - ::1 - - 200 0 0 15
2018-06-23 12:07:38 ::1 POST /Service1.svc - 49474 - ::1 - - 200 0 0 207
2018-06-23 12:07:45 ::1 POST /Service1.svc - 49474 - ::1 - - 200 0 0 23
2018-06-23 12:07:45 ::1 POST /Service1.svc - 49474 - ::1 - - 200 0 0 31
2018-06-23 12:07:45 ::1 POST /Service1.svc - 49474 - ::1 - - 200 0 0 15
2018-06-23 12:07:45 ::1 POST /Service1.svc - 49474 - ::1 - - 200 0 0 83
2018-06-23 12:07:45 ::1 POST /Service1.svc - 49474 - ::1 - - 200 0 0 80
2018-06-23 12:07:45 ::1 POST /Service1.svc - 49474 - ::1 - - 200 0 0 35
2018-06-23 12:07:45 ::1 POST /Service1.svc - 49474 - ::1 - - 200 0 0 37
2018-06-23 12:07:45 ::1 POST /Service1.svc - 49474 - ::1 - - 200 0 0 66
2018-06-23 12:07:45 ::1 POST /Service1.svc - 49474 - ::1 - - 200 0 0 110
2018-06-23 12:07:49 ::1 POST /Service1.svc - 49474 - ::1 - - 200 0 0 12
2018-06-23 12:07:49 ::1 POST /Service1.svc - 49474 - ::1 - - 200 0 0 18
2018-06-23 12:07:49 ::1 POST /Service1.svc - 49474 - ::1 - - 200 0 0 66
2018-06-23 12:07:49 ::1 POST /Service1.svc - 49474 - ::1 - - 200 0 0 75
2018-06-23 12:07:49 ::1 POST /Service1.svc - 49474 - ::1 - - 200 0 0 17
2018-06-23 12:07:49 ::1 POST /Service1.svc - 49474 - ::1 - - 200 0 0 17
2018-06-23 12:07:49 ::1 POST /Service1.svc - 49474 - ::1 - - 200 0 0 18
2018-06-23 12:07:49 ::1 POST /Service1.svc - 49474 - ::1 - - 200 0 0 24
2018-06-23 12:07:49 ::1 POST /Service1.svc - 49474 - ::1 - - 200 0 0 142
2018-06-23 12:07:49 ::1 POST /Service1.svc - 49474 - ::1 - - 200 0 0 104
2018-06-23 12:07:49 ::1 POST /Service1.svc - 49474 - ::1 - - 200 0 0 54
2018-06-23 12:07:49 ::1 POST /Service1.svc - 49474 - ::1 - - 200 0 0 79
2018-06-23 12:07:49 ::1 POST /Service1.svc - 49474 - ::1 - - 200 0 0 38
2018-06-23 12:07:49 ::1 POST /Service1.svc - 49474 - ::1 - - 200 0 0 36
2018-06-23 12:07:49 ::1 POST /Service1.svc - 49474 - ::1 - - 200 0 0 33
2018-06-23 12:07:49 ::1 POST /Service1.svc - 49474 - ::1 - - 200 0 0 148
2018-06-23 12:07:49 ::1 POST /Service1.svc - 49474 - ::1 - - 200 0 0 37
2018-06-23 12:07:49 ::1 POST /Service1.svc - 49474 - ::1 - - 200 0 0 36
2018-06-23 12:07:56 ::1 POST /Service1.svc - 49474 - ::1 - - 200 0 0 36
2018-06-23 12:07:56 ::1 POST /Service1.svc - 49474 - ::1 - - 200 0 0 61
2018-06-23 12:07:56 ::1 POST /Service1.svc - 49474 - ::1 - - 200 0 0 28
2018-06-23 12:07:56 ::1 POST /Service1.svc - 49474 - ::1 - - 200 0 0 23
2018-06-23 12:07:56 ::1 POST /Service1.svc - 49474 - ::1 - - 200 0 0 20
2018-06-23 12:07:56 ::1 POST /Service1.svc - 49474 - ::1 - - 200 0 0 17
2018-06-23 12:07:56 ::1 POST /Service1.svc - 49474 - ::1 - - 200 0 0 50
2018-06-23 12:07:56 ::1 POST /Service1.svc - 49474 - ::1 - - 200 0 0 78
2018-06-23 12:07:56 ::1 POST /Service1.svc - 49474 - ::1 - - 200 0 0 46
2018-06-23 12:08:09 ::1 POST /Service1.svc - 49474 - ::1 - - 200 0 0 17
2018-06-23 12:08:09 ::1 POST /Service1.svc - 49474 - ::1 - - 200 0 0 25
2018-06-23 12:08:09 ::1 POST /Service1.svc - 49474 - ::1 - - 200 0 0 73
2018-06-23 12:08:09 ::1 POST /Service1.svc - 49474 - ::1 - - 200 0 0 30
2018-06-23 12:08:09 ::1 POST /Service1.svc - 49474 - ::1 - - 200 0 0 25
2018-06-23 12:08:09 ::1 POST /Service1.svc - 49474 - ::1 - - 200 0 0 16
2018-06-23 12:08:09 ::1 POST /Service1.svc - 49474 - ::1 - - 200 0 0 81
2018-06-23 12:08:09 ::1 POST /Service1.svc - 49474 - ::1 - - 200 0 0 85
2018-06-23 12:08:09 ::1 POST /Service1.svc - 49474 - ::1 - - 200 0 0 50
2018-06-23 12:08:09 ::1 POST /Service1.svc - 49474 - ::1 - - 200 0 0 199
2018-06-23 12:08:12 ::1 POST /Service1.svc - 49474 - ::1 - - 200 0 0 65
2018-06-23 12:08:12 ::1 POST /Service1.svc - 49474 - ::1 - - 200 0 0 46
2018-06-23 12:08:12 ::1 POST /Service1.svc - 49474 - ::1 - - 200 0 0 40
2018-06-23 12:08:12 ::1 POST /Service1.svc - 49474 - ::1 - - 200 0 0 54
2018-06-23 12:08:12 ::1 POST /Service1.svc - 49474 - ::1 - - 200 0 0 20
2018-06-23 12:08:12 ::1 POST /Service1.svc - 49474 - ::1 - - 200 0 0 20
2018-06-23 12:08:12 ::1 POST /Service1.svc - 49474 - ::1 - - 200 0 0 90
2018-06-23 12:08:12 ::1 POST /Service1.svc - 49474 - ::1 - - 200 0 0 90
2018-06-23 12:08:12 ::1 POST /Service1.svc - 49474 - ::1 - - 200 0 0 28
2018-06-23 12:08:12 ::1 POST /Service1.svc - 49474 - ::1 - - 200 0 0 168
2018-06-23 12:08:15 ::1 POST /Service1.svc - 49474 - ::1 - - 200 0 0 202
2018-06-23 12:08:20 ::1 POST /Service1.svc - 49474 - ::1 - - 200 0 0 51
2018-06-23 12:08:20 ::1 POST /Service1.svc - 49474 - ::1 - - 200 0 0 56
2018-06-23 12:08:20 ::1 POST /Service1.svc - 49474 - ::1 - - 200 0 0 27
2018-06-23 12:08:20 ::1 POST /Service1.svc - 49474 - ::1 - - 200 0 0 164
2018-06-23 12:08:20 ::1 POST /Service1.svc - 49474 - ::1 - - 200 0 0 42
2018-06-23 12:08:20 ::1 POST /Service1.svc - 49474 - ::1 - - 200 0 0 83
2018-06-23 12:08:20 ::1 POST /Service1.svc - 49474 - ::1 - - 200 0 0 66
2018-06-23 12:08:20 ::1 POST /Service1.svc - 49474 - ::1 - - 200 0 0 21
2018-06-23 12:08:20 ::1 POST /Service1.svc - 49474 - ::1 - - 200 0 0 120
2018-06-23 12:08:20 ::1 POST /Service1.svc - 49474 - ::1 - - 200 0 0 43
2018-06-23 12:08:23 ::1 POST /Service1.svc - 49474 - ::1 - - 200 0 0 22
2018-06-23 12:08:23 ::1 POST /Service1.svc - 49474 - ::1 - - 200 0 0 37
2018-06-23 12:08:23 ::1 POST /Service1.svc - 49474 - ::1 - - 200 0 0 92
2018-06-23 12:08:23 ::1 POST /Service1.svc - 49474 - ::1 - - 200 0 0 66
2018-06-23 12:08:23 ::1 POST /Service1.svc - 49474 - ::1 - - 200 0 0 39
2018-06-23 12:08:23 ::1 POST /Service1.svc - 49474 - ::1 - - 200 0 0 34
2018-06-23 12:08:23 ::1 POST /Service1.svc - 49474 - ::1 - - 200 0 0 43
2018-06-23 12:08:23 ::1 POST /Service1.svc - 49474 - ::1 - - 200 0 0 64
2018-06-23 12:08:23 ::1 POST /Service1.svc - 49474 - ::1 - - 200 0 0 50
2018-06-23 12:08:30 ::1 POST /Service1.svc - 49474 - ::1 - - 200 0 0 112
2018-06-23 12:08:30 ::1 POST /Service1.svc - 49474 - ::1 - - 200 0 0 34
2018-06-23 12:08:30 ::1 POST /Service1.svc - 49474 - ::1 - - 200 0 0 36
2018-06-23 12:08:30 ::1 POST /Service1.svc - 49474 - ::1 - - 200 0 0 46
2018-06-23 12:08:30 ::1 POST /Service1.svc - 49474 - ::1 - - 200 0 0 19
2018-06-23 12:08:30 ::1 POST /Service1.svc - 49474 - ::1 - - 200 0 0 90
2018-06-23 12:08:30 ::1 POST /Service1.svc - 49474 - ::1 - - 200 0 0 41
2018-06-23 12:08:30 ::1 POST /Service1.svc - 49474 - ::1 - - 200 0 0 51
2018-06-23 12:08:30 ::1 POST /Service1.svc - 49474 - ::1 - - 200 0 0 23
2018-06-23 12:08:30 ::1 POST /Service1.svc - 49474 - ::1 - - 200 0 0 242
2018-06-23 12:08:32 ::1 POST /Service1.svc - 49474 - ::1 - - 200 0 0 19
2018-06-23 12:08:32 ::1 POST /Service1.svc - 49474 - ::1 - - 200 0 0 23
2018-06-23 12:08:32 ::1 POST /Service1.svc - 49474 - ::1 - - 200 0 0 28
2018-06-23 12:08:32 ::1 POST /Service1.svc - 49474 - ::1 - - 200 0 0 76
2018-06-23 12:08:32 ::1 POST /Service1.svc - 49474 - ::1 - - 200 0 0 49
2018-06-23 12:08:32 ::1 POST /Service1.svc - 49474 - ::1 - - 200 0 0 21
2018-06-23 12:08:32 ::1 POST /Service1.svc - 49474 - ::1 - - 200 0 0 21
2018-06-23 12:08:32 ::1 POST /Service1.svc - 49474 - ::1 - - 200 0 0 20
2018-06-23 12:08:32 ::1 POST /Service1.svc - 49474 - ::1 - - 200 0 0 29
2018-06-23 12:08:32 ::1 POST /Service1.svc - 49474 - ::1 - - 200 0 0 348
2018-06-23 12:08:32 ::1 POST /Service1.svc - 49474 - ::1 - - 200 0 0 42
2018-06-23 12:08:34 ::1 POST /Service1.svc - 49474 - ::1 - - 200 0 0 161
2018-06-23 12:08:34 ::1 POST /Service1.svc - 49474 - ::1 - - 200 0 0 129
2018-06-23 12:08:34 ::1 POST /Service1.svc - 49474 - ::1 - - 200 0 0 91
2018-06-23 12:08:34 ::1 POST /Service1.svc - 49474 - ::1 - - 200 0 0 44
2018-06-23 12:08:34 ::1 POST /Service1.svc - 49474 - ::1 - - 200 0 0 196
2018-06-23 12:08:34 ::1 POST /Service1.svc - 49474 - ::1 - - 200 0 0 28
2018-06-23 12:08:34 ::1 POST /Service1.svc - 49474 - ::1 - - 200 0 0 97
2018-06-23 12:08:34 ::1 POST /Service1.svc - 49474 - ::1 - - 200 0 0 87
2018-06-23 12:08:34 ::1 POST /Service1.svc - 49474 - ::1 - - 200 0 0 20
2018-06-23 12:08:34 ::1 POST /Service1.svc - 49474 - ::1 - - 200 0 0 16
2018-06-23 12:08:34 ::1 POST /Service1.svc - 49474 - ::1 - - 200 0 0 22
2018-06-23 12:08:34 ::1 POST /Service1.svc - 49474 - ::1 - - 200 0 0 144
2018-06-23 12:08:34 ::1 POST /Service1.svc - 49474 - ::1 - - 200 0 0 52
2018-06-23 12:08:35 ::1 POST /Service1.svc - 49474 - ::1 - - 200 0 0 72
2018-06-23 12:08:35 ::1 POST /Service1.svc - 49474 - ::1 - - 200 0 0 19
2018-06-23 12:08:35 ::1 POST /Service1.svc - 49474 - ::1 - - 200 0 0 17
2018-06-23 12:08:35 ::1 POST /Service1.svc - 49474 - ::1 - - 200 0 0 20
2018-06-23 12:08:35 ::1 POST /Service1.svc - 49474 - ::1 - - 200 0 0 73
2018-06-23 12:08:35 ::1 POST /Service1.svc - 49474 - ::1 - - 200 0 0 65
2018-06-23 12:08:35 ::1 POST /Service1.svc - 49474 - ::1 - - 200 0 0 44
2018-06-23 12:08:35 ::1 POST /Service1.svc - 49474 - ::1 - - 200 0 0 20
2018-06-23 12:08:35 ::1 POST /Service1.svc - 49474 - ::1 - - 200 0 0 18
2018-06-23 12:08:35 ::1 POST /Service1.svc - 49474 - ::1 - - 200 0 0 19
2018-06-23 12:08:37 ::1 POST /Service1.svc - 49474 - ::1 - - 200 0 0 69
2018-06-23 12:08:37 ::1 POST /Service1.svc - 49474 - ::1 - - 200 0 0 191
2018-06-23 12:08:40 ::1 POST /Service1.svc - 49474 - ::1 - - 200 0 0 22
2018-06-23 12:08:40 ::1 POST /Service1.svc - 49474 - ::1 - - 200 0 0 28
2018-06-23 12:08:40 ::1 POST /Service1.svc - 49474 - ::1 - - 200 0 0 78
2018-06-23 12:08:40 ::1 POST /Service1.svc - 49474 - ::1 - - 200 0 0 51
2018-06-23 12:08:40 ::1 POST /Service1.svc - 49474 - ::1 - - 200 0 0 23
2018-06-23 12:08:40 ::1 POST /Service1.svc - 49474 - ::1 - - 200 0 0 21
2018-06-23 12:08:40 ::1 POST /Service1.svc - 49474 - ::1 - - 200 0 0 19
2018-06-23 12:08:40 ::1 POST /Service1.svc - 49474 - ::1 - - 200 0 0 20
2018-06-23 12:08:40 ::1 POST /Service1.svc - 49474 - ::1 - - 200 0 0 54
2018-06-23 12:08:40 ::1 POST /Service1.svc - 49474 - ::1 - - 200 0 0 139
2018-06-23 12:08:43 ::1 POST /Service1.svc - 49474 - ::1 - - 200 0 0 58
2018-06-23 12:08:43 ::1 POST /Service1.svc - 49474 - ::1 - - 200 0 0 89
2018-06-23 12:08:43 ::1 POST /Service1.svc - 49474 - ::1 - - 200 0 0 143
2018-06-23 12:08:43 ::1 POST /Service1.svc - 49474 - ::1 - - 200 0 0 32
2018-06-23 12:08:43 ::1 POST /Service1.svc - 49474 - ::1 - - 200 0 0 19
2018-06-23 12:08:43 ::1 POST /Service1.svc - 49474 - ::1 - - 200 0 0 31
2018-06-23 12:08:43 ::1 POST /Service1.svc - 49474 - ::1 - - 200 0 0 98
2018-06-23 12:08:43 ::1 POST /Service1.svc - 49474 - ::1 - - 200 0 0 83
2018-06-23 12:08:43 ::1 POST /Service1.svc - 49474 - ::1 - - 200 0 0 45
