#Software: Microsoft Internet Information Services 10.0
#Version: 1.0
#Date: 2018-06-29 05:47:00
#Fields: date time s-ip cs-method cs-uri-stem cs-uri-query s-port cs-username c-ip cs(User-Agent) cs(Referer) sc-status sc-substatus sc-win32-status time-taken
2018-06-29 05:47:00 ::1 POST /Service1.svc - 49474 - ::1 - - 415 0 0 58310
2018-06-29 05:47:00 ::1 POST /Service1.svc/mex - 49474 - ::1 - - 415 0 0 7
2018-06-29 05:47:11 ::1 GET /Service1.svc - 49474 - ::1 Mozilla/4.0+(compatible;+MSIE+6.0;+MS+Web+Services+Client+Protocol+4.0.30319.42000) - 200 0 0 10286
2018-06-29 05:47:11 ::1 GET /Service1.svc disco 49474 - ::1 Mozilla/4.0+(compatible;+MSIE+6.0;+MS+Web+Services+Client+Protocol+4.0.30319.42000) - 200 0 0 220
2018-06-29 05:47:13 ::1 GET /Service1.svc wsdl 49474 - ::1 Mozilla/4.0+(compatible;+MSIE+6.0;+MS+Web+Services+Client+Protocol+4.0.30319.42000) - 200 0 0 534
2018-06-29 05:47:18 ::1 GET /Service1.svc xsd=xsd0 49474 - ::1 Mozilla/4.0+(compatible;+MSIE+6.0;+MS+Web+Services+Client+Protocol+4.0.30319.42000) - 200 0 0 4655
2018-06-29 05:47:18 ::1 GET /Service1.svc xsd=xsd2 49474 - ::1 Mozilla/4.0+(compatible;+MSIE+6.0;+MS+Web+Services+Client+Protocol+4.0.30319.42000) - 200 0 0 10
2018-06-29 05:47:18 ::1 GET /Service1.svc xsd=xsd3 49474 - ::1 Mozilla/4.0+(compatible;+MSIE+6.0;+MS+Web+Services+Client+Protocol+4.0.30319.42000) - 200 0 0 20
2018-06-29 05:47:18 ::1 GET /Service1.svc xsd=xsd1 49474 - ::1 Mozilla/4.0+(compatible;+MSIE+6.0;+MS+Web+Services+Client+Protocol+4.0.30319.42000) - 200 0 0 60
#Software: Microsoft Internet Information Services 10.0
#Version: 1.0
#Date: 2018-06-29 06:19:33
#Fields: date time s-ip cs-method cs-uri-stem cs-uri-query s-port cs-username c-ip cs(User-Agent) cs(Referer) sc-status sc-substatus sc-win32-status time-taken
2018-06-29 06:19:32 ::1 POST /Service1.svc - 49474 - ::1 - - 200 0 0 29166
2018-06-29 06:19:37 ::1 POST /Service1.svc - 49474 - ::1 - - 200 0 0 4001
2018-06-29 06:19:40 ::1 POST /Service1.svc - 49474 - ::1 - - 200 0 0 2602
2018-06-29 06:19:41 ::1 POST /Service1.svc - 49474 - ::1 - - 200 0 0 1262
2018-06-29 06:19:41 ::1 POST /Service1.svc - 49474 - ::1 - - 200 0 0 53
2018-06-29 06:19:41 ::1 POST /Service1.svc - 49474 - ::1 - - 200 0 0 23
2018-06-29 06:20:06 ::1 POST /Service1.svc - 49474 - ::1 - - 200 0 0 22
2018-06-29 06:20:06 ::1 POST /Service1.svc - 49474 - ::1 - - 200 0 0 14
2018-06-29 06:20:06 ::1 POST /Service1.svc - 49474 - ::1 - - 200 0 0 86
2018-06-29 06:20:06 ::1 POST /Service1.svc - 49474 - ::1 - - 200 0 0 74
2018-06-29 06:20:06 ::1 POST /Service1.svc - 49474 - ::1 - - 200 0 0 39
2018-06-29 06:20:06 ::1 POST /Service1.svc - 49474 - ::1 - - 200 0 0 64
2018-06-29 06:20:10 ::1 POST /Service1.svc - 49474 - ::1 - - 200 0 0 636
2018-06-29 06:20:10 ::1 POST /Service1.svc - 49474 - ::1 - - 200 0 0 513
2018-06-29 06:20:13 ::1 POST /Service1.svc - 49474 - ::1 - - 200 0 0 74
2018-06-29 06:20:13 ::1 POST /Service1.svc - 49474 - ::1 - - 200 0 0 41
2018-06-29 06:20:13 ::1 POST /Service1.svc - 49474 - ::1 - - 200 0 0 27
2018-06-29 06:20:13 ::1 POST /Service1.svc - 49474 - ::1 - - 200 0 0 17
2018-06-29 06:20:13 ::1 POST /Service1.svc - 49474 - ::1 - - 200 0 0 14
2018-06-29 06:20:13 ::1 POST /Service1.svc - 49474 - ::1 - - 200 0 0 57
2018-06-29 06:20:13 ::1 POST /Service1.svc - 49474 - ::1 - - 200 0 0 159
2018-06-29 06:20:13 ::1 POST /Service1.svc - 49474 - ::1 - - 200 0 0 37
2018-06-29 06:20:13 ::1 POST /Service1.svc - 49474 - ::1 - - 200 0 0 86
2018-06-29 06:20:13 ::1 POST /Service1.svc - 49474 - ::1 - - 200 0 0 82
2018-06-29 06:20:13 ::1 POST /Service1.svc - 49474 - ::1 - - 200 0 0 17
2018-06-29 06:20:13 ::1 POST /Service1.svc - 49474 - ::1 - - 200 0 0 35
2018-06-29 06:20:15 ::1 POST /Service1.svc - 49474 - ::1 - - 200 0 0 163
2018-06-29 06:20:15 ::1 POST /Service1.svc - 49474 - ::1 - - 200 0 0 685
2018-06-29 06:20:15 ::1 POST /Service1.svc - 49474 - ::1 - - 200 0 0 192
2018-06-29 06:20:16 ::1 POST /Service1.svc - 49474 - ::1 - - 200 0 0 200
2018-06-29 06:20:16 ::1 POST /Service1.svc - 49474 - ::1 - - 200 0 0 327
2018-06-29 06:20:21 ::1 POST /Service1.svc - 49474 - ::1 - - 200 0 0 22
2018-06-29 06:20:35 ::1 POST /Service1.svc - 49474 - ::1 - - 200 0 0 1337
2018-06-29 06:20:57 ::1 POST /Service1.svc - 49474 - ::1 - - 200 0 0 21
2018-06-29 06:20:57 ::1 POST /Service1.svc - 49474 - ::1 - - 200 0 0 38
2018-06-29 06:20:57 ::1 POST /Service1.svc - 49474 - ::1 - - 200 0 0 119
2018-06-29 06:21:01 ::1 POST /Service1.svc - 49474 - ::1 - - 200 0 0 15
2018-06-29 06:21:01 ::1 POST /Service1.svc - 49474 - ::1 - - 200 0 0 29
2018-06-29 06:21:01 ::1 POST /Service1.svc - 49474 - ::1 - - 200 0 0 140
2018-06-29 06:21:03 ::1 POST /Service1.svc - 49474 - ::1 - - 200 0 0 44
2018-06-29 06:21:10 ::1 POST /Service1.svc - 49474 - ::1 - - 200 0 0 24
2018-06-29 06:21:26 ::1 POST /Service1.svc - 49474 - ::1 - - 200 0 0 15510
2018-06-29 06:21:31 ::1 POST /Service1.svc - 49474 - ::1 - - 200 0 0 128
2018-06-29 06:24:32 ::1 POST /Service1.svc - 49474 - ::1 - - 200 0 0 77
2018-06-29 06:24:32 ::1 POST /Service1.svc - 49474 - ::1 - - 200 0 0 49
2018-06-29 06:24:32 ::1 POST /Service1.svc - 49474 - ::1 - - 200 0 0 43
2018-06-29 06:24:32 ::1 POST /Service1.svc - 49474 - ::1 - - 200 0 0 109
2018-06-29 06:24:32 ::1 POST /Service1.svc - 49474 - ::1 - - 200 0 0 117
2018-06-29 06:24:32 ::1 POST /Service1.svc - 49474 - ::1 - - 200 0 0 83
2018-06-29 06:24:32 ::1 POST /Service1.svc - 49474 - ::1 - - 200 0 0 207
2018-06-29 06:24:32 ::1 POST /Service1.svc - 49474 - ::1 - - 200 0 0 31
2018-06-29 06:24:32 ::1 POST /Service1.svc - 49474 - ::1 - - 200 0 0 196
2018-06-29 06:24:40 ::1 POST /Service1.svc - 49474 - ::1 - - 200 0 0 19
2018-06-29 06:24:40 ::1 POST /Service1.svc - 49474 - ::1 - - 200 0 0 29
2018-06-29 06:24:40 ::1 POST /Service1.svc - 49474 - ::1 - - 200 0 0 56
2018-06-29 06:24:40 ::1 POST /Service1.svc - 49474 - ::1 - - 200 0 0 25
2018-06-29 06:24:40 ::1 POST /Service1.svc - 49474 - ::1 - - 200 0 0 64
2018-06-29 06:24:40 ::1 POST /Service1.svc - 49474 - ::1 - - 200 0 0 27
2018-06-29 06:24:40 ::1 POST /Service1.svc - 49474 - ::1 - - 200 0 0 31
2018-06-29 06:24:40 ::1 POST /Service1.svc - 49474 - ::1 - - 200 0 0 86
2018-06-29 06:24:40 ::1 POST /Service1.svc - 49474 - ::1 - - 200 0 0 341
2018-06-29 06:24:45 ::1 POST /Service1.svc - 49474 - ::1 - - 200 0 0 71
2018-06-29 06:24:45 ::1 POST /Service1.svc - 49474 - ::1 - - 200 0 0 15
2018-06-29 06:24:45 ::1 POST /Service1.svc - 49474 - ::1 - - 200 0 0 56
2018-06-29 06:24:45 ::1 POST /Service1.svc - 49474 - ::1 - - 200 0 0 31
2018-06-29 06:24:45 ::1 POST /Service1.svc - 49474 - ::1 - - 200 0 0 52
2018-06-29 06:24:45 ::1 POST /Service1.svc - 49474 - ::1 - - 200 0 0 44
#Software: Microsoft Internet Information Services 10.0
#Version: 1.0
#Date: 2018-06-29 06:43:52
#Fields: date time s-ip cs-method cs-uri-stem cs-uri-query s-port cs-username c-ip cs(User-Agent) cs(Referer) sc-status sc-substatus sc-win32-status time-taken
2018-06-29 06:43:52 ::1 POST /Service1.svc - 49474 - ::1 - - 500 0 0 28457
2018-06-29 06:43:52 ::1 POST /Service1.svc/mex - 49474 - ::1 - - 500 0 0 283
2018-06-29 06:43:54 ::1 GET /Service1.svc - 49474 - ::1 Mozilla/4.0+(compatible;+MSIE+6.0;+MS+Web+Services+Client+Protocol+4.0.30319.42000) - 500 0 0 1336
2018-06-29 06:43:59 ::1 POST /Service1.svc - 49474 - ::1 - - 500 0 0 35
2018-06-29 06:43:59 ::1 POST /Service1.svc/mex - 49474 - ::1 - - 500 0 0 35
2018-06-29 06:43:59 ::1 GET /Service1.svc - 49474 - ::1 Mozilla/4.0+(compatible;+MSIE+6.0;+MS+Web+Services+Client+Protocol+4.0.30319.42000) - 500 0 0 95
#Software: Microsoft Internet Information Services 10.0
#Version: 1.0
#Date: 2018-06-29 06:45:08
#Fields: date time s-ip cs-method cs-uri-stem cs-uri-query s-port cs-username c-ip cs(User-Agent) cs(Referer) sc-status sc-substatus sc-win32-status time-taken
2018-06-29 06:45:08 ::1 POST /Service1.svc - 49474 - ::1 - - 415 0 0 16702
2018-06-29 06:45:08 ::1 POST /Service1.svc/mex - 49474 - ::1 - - 415 0 0 30
2018-06-29 06:45:14 ::1 GET /Service1.svc - 49474 - ::1 Mozilla/4.0+(compatible;+MSIE+6.0;+MS+Web+Services+Client+Protocol+4.0.30319.42000) - 200 0 0 5805
2018-06-29 06:45:14 ::1 GET /Service1.svc disco 49474 - ::1 Mozilla/4.0+(compatible;+MSIE+6.0;+MS+Web+Services+Client+Protocol+4.0.30319.42000) - 200 0 0 46
2018-06-29 06:45:14 ::1 GET /Service1.svc wsdl 49474 - ::1 Mozilla/4.0+(compatible;+MSIE+6.0;+MS+Web+Services+Client+Protocol+4.0.30319.42000) - 200 0 0 215
2018-06-29 06:45:17 ::1 GET /Service1.svc xsd=xsd0 49474 - ::1 Mozilla/4.0+(compatible;+MSIE+6.0;+MS+Web+Services+Client+Protocol+4.0.30319.42000) - 200 0 0 2240
2018-06-29 06:45:17 ::1 GET /Service1.svc xsd=xsd2 49474 - ::1 Mozilla/4.0+(compatible;+MSIE+6.0;+MS+Web+Services+Client+Protocol+4.0.30319.42000) - 200 0 0 16
2018-06-29 06:45:17 ::1 GET /Service1.svc xsd=xsd3 49474 - ::1 Mozilla/4.0+(compatible;+MSIE+6.0;+MS+Web+Services+Client+Protocol+4.0.30319.42000) - 200 0 0 18
2018-06-29 06:45:17 ::1 GET /Service1.svc xsd=xsd1 49474 - ::1 Mozilla/4.0+(compatible;+MSIE+6.0;+MS+Web+Services+Client+Protocol+4.0.30319.42000) - 200 0 0 17
2018-06-29 06:47:12 ::1 POST /Service1.svc - 49474 - ::1 - - 200 0 0 3276
2018-06-29 06:47:12 ::1 POST /Service1.svc - 49474 - ::1 - - 200 0 0 67
2018-06-29 06:47:12 ::1 POST /Service1.svc - 49474 - ::1 - - 200 0 0 73
2018-06-29 06:47:12 ::1 POST /Service1.svc - 49474 - ::1 - - 200 0 0 184
2018-06-29 06:47:12 ::1 POST /Service1.svc - 49474 - ::1 - - 200 0 0 18
2018-06-29 06:47:12 ::1 POST /Service1.svc - 49474 - ::1 - - 200 0 0 171
2018-06-29 06:47:18 ::1 POST /Service1.svc - 49474 - ::1 - - 200 0 0 30
2018-06-29 06:47:18 ::1 POST /Service1.svc - 49474 - ::1 - - 200 0 0 21
2018-06-29 06:47:18 ::1 POST /Service1.svc - 49474 - ::1 - - 200 0 0 123
2018-06-29 06:47:18 ::1 POST /Service1.svc - 49474 - ::1 - - 200 0 0 77
2018-06-29 06:47:18 ::1 POST /Service1.svc - 49474 - ::1 - - 200 0 0 56
2018-06-29 06:47:18 ::1 POST /Service1.svc - 49474 - ::1 - - 200 0 0 236
2018-06-29 06:47:20 ::1 POST /Service1.svc - 49474 - ::1 - - 200 0 0 170
2018-06-29 06:47:20 ::1 POST /Service1.svc - 49474 - ::1 - - 200 0 0 119
2018-06-29 06:47:20 ::1 POST /Service1.svc - 49474 - ::1 - - 200 0 0 68
2018-06-29 06:47:23 ::1 POST /Service1.svc - 49474 - ::1 - - 200 0 0 18
2018-06-29 06:47:23 ::1 POST /Service1.svc - 49474 - ::1 - - 200 0 0 15
2018-06-29 06:47:23 ::1 POST /Service1.svc - 49474 - ::1 - - 200 0 0 81
2018-06-29 06:47:23 ::1 POST /Service1.svc - 49474 - ::1 - - 200 0 0 23
2018-06-29 06:47:23 ::1 POST /Service1.svc - 49474 - ::1 - - 200 0 0 22
2018-06-29 06:47:23 ::1 POST /Service1.svc - 49474 - ::1 - - 200 0 0 71
2018-06-29 06:47:23 ::1 POST /Service1.svc - 49474 - ::1 - - 200 0 0 18
2018-06-29 06:47:23 ::1 POST /Service1.svc - 49474 - ::1 - - 200 0 0 17
2018-06-29 06:47:23 ::1 POST /Service1.svc - 49474 - ::1 - - 200 0 0 25
2018-06-29 06:47:23 ::1 POST /Service1.svc - 49474 - ::1 - - 200 0 0 226
2018-06-29 06:47:23 ::1 POST /Service1.svc - 49474 - ::1 - - 200 0 0 155
2018-06-29 06:47:23 ::1 POST /Service1.svc - 49474 - ::1 - - 200 0 0 84
2018-06-29 06:47:24 ::1 POST /Service1.svc - 49474 - ::1 - - 200 0 0 177
2018-06-29 06:47:24 ::1 POST /Service1.svc - 49474 - ::1 - - 200 0 0 128
2018-06-29 06:47:24 ::1 POST /Service1.svc - 49474 - ::1 - - 200 0 0 144
2018-06-29 06:47:24 ::1 POST /Service1.svc - 49474 - ::1 - - 200 0 0 51
2018-06-29 06:47:24 ::1 POST /Service1.svc - 49474 - ::1 - - 200 0 0 181
2018-06-29 06:47:27 ::1 POST /Service1.svc - 49474 - ::1 - - 200 0 0 15
2018-06-29 06:47:35 ::1 POST /Service1.svc - 49474 - ::1 - - 200 0 0 44
2018-06-29 06:47:54 ::1 POST /Service1.svc - 49474 - ::1 - - 200 0 0 83
2018-06-29 06:47:54 ::1 POST /Service1.svc - 49474 - ::1 - - 200 0 0 29
2018-06-29 06:47:54 ::1 POST /Service1.svc - 49474 - ::1 - - 200 0 0 65
2018-06-29 06:47:57 ::1 POST /Service1.svc - 49474 - ::1 - - 200 0 0 57
2018-06-29 06:47:57 ::1 POST /Service1.svc - 49474 - ::1 - - 200 0 0 31
2018-06-29 06:47:57 ::1 POST /Service1.svc - 49474 - ::1 - - 200 0 0 113
2018-06-29 06:48:00 ::1 POST /Service1.svc - 49474 - ::1 - - 200 0 0 27
2018-06-29 06:48:11 ::1 POST /Service1.svc - 49474 - ::1 - - 200 0 0 25
2018-06-29 06:48:13 ::1 POST /Service1.svc - 49474 - ::1 - - 200 0 0 1782
2018-06-29 06:48:16 ::1 POST /Service1.svc - 49474 - ::1 - - 200 0 0 115
2018-06-29 06:48:36 ::1 POST /Service1.svc - 49474 - ::1 - - 200 0 0 378
2018-06-29 06:48:36 ::1 POST /Service1.svc - 49474 - ::1 - - 200 0 0 68
2018-06-29 06:48:36 ::1 POST /Service1.svc - 49474 - ::1 - - 200 0 0 15
2018-06-29 06:48:36 ::1 POST /Service1.svc - 49474 - ::1 - - 200 0 0 27
2018-06-29 06:48:36 ::1 POST /Service1.svc - 49474 - ::1 - - 200 0 0 132
2018-06-29 06:48:36 ::1 POST /Service1.svc - 49474 - ::1 - - 200 0 0 39
2018-06-29 06:48:36 ::1 POST /Service1.svc - 49474 - ::1 - - 200 0 0 522
2018-06-29 06:48:36 ::1 POST /Service1.svc - 49474 - ::1 - - 200 0 0 66
2018-06-29 06:48:37 ::1 POST /Service1.svc - 49474 - ::1 - - 200 0 0 80
2018-06-29 06:48:37 ::1 POST /Service1.svc - 49474 - ::1 - - 200 0 0 110
2018-06-29 06:58:50 ::1 POST /Service1.svc - 49474 - ::1 - - 200 0 0 35
2018-06-29 06:58:50 ::1 POST /Service1.svc - 49474 - ::1 - - 200 0 0 115
2018-06-29 06:58:50 ::1 POST /Service1.svc - 49474 - ::1 - - 200 0 0 19
2018-06-29 06:58:50 ::1 POST /Service1.svc - 49474 - ::1 - - 200 0 0 23
2018-06-29 06:58:50 ::1 POST /Service1.svc - 49474 - ::1 - - 200 0 0 20
2018-06-29 06:58:50 ::1 POST /Service1.svc - 49474 - ::1 - - 200 0 0 54
2018-06-29 06:58:56 ::1 POST /Service1.svc - 49474 - ::1 - - 200 0 0 25
2018-06-29 06:58:56 ::1 POST /Service1.svc - 49474 - ::1 - - 200 0 0 24
2018-06-29 06:58:56 ::1 POST /Service1.svc - 49474 - ::1 - - 200 0 0 65
2018-06-29 06:58:56 ::1 POST /Service1.svc - 49474 - ::1 - - 200 0 0 123
2018-06-29 06:58:56 ::1 POST /Service1.svc - 49474 - ::1 - - 200 0 0 37
2018-06-29 06:58:56 ::1 POST /Service1.svc - 49474 - ::1 - - 200 0 0 27
2018-06-29 06:58:56 ::1 POST /Service1.svc - 49474 - ::1 - - 200 0 0 43
2018-06-29 06:58:56 ::1 POST /Service1.svc - 49474 - ::1 - - 200 0 0 52
2018-06-29 06:58:57 ::1 POST /Service1.svc - 49474 - ::1 - - 200 0 0 49
2018-06-29 06:58:57 ::1 POST /Service1.svc - 49474 - ::1 - - 200 0 0 212
2018-06-29 06:59:01 ::1 POST /Service1.svc - 49474 - ::1 - - 200 0 0 11
2018-06-29 06:59:01 ::1 POST /Service1.svc - 49474 - ::1 - - 200 0 0 17
2018-06-29 06:59:01 ::1 POST /Service1.svc - 49474 - ::1 - - 200 0 0 27
2018-06-29 06:59:01 ::1 POST /Service1.svc - 49474 - ::1 - - 200 0 0 65
2018-06-29 06:59:01 ::1 POST /Service1.svc - 49474 - ::1 - - 200 0 0 35
2018-06-29 06:59:01 ::1 POST /Service1.svc - 49474 - ::1 - - 200 0 0 74
2018-06-29 06:59:01 ::1 POST /Service1.svc - 49474 - ::1 - - 200 0 0 30
2018-06-29 06:59:01 ::1 POST /Service1.svc - 49474 - ::1 - - 200 0 0 33
2018-06-29 06:59:01 ::1 POST /Service1.svc - 49474 - ::1 - - 200 0 0 125
2018-06-29 06:59:01 ::1 POST /Service1.svc - 49474 - ::1 - - 200 0 0 24
2018-06-29 06:59:01 ::1 POST /Service1.svc - 49474 - ::1 - - 200 0 0 20
2018-06-29 06:59:01 ::1 POST /Service1.svc - 49474 - ::1 - - 200 0 0 37
2018-06-29 06:59:01 ::1 POST /Service1.svc - 49474 - ::1 - - 200 0 0 76
2018-06-29 06:59:02 ::1 POST /Service1.svc - 49474 - ::1 - - 200 0 0 55
2018-06-29 06:59:02 ::1 POST /Service1.svc - 49474 - ::1 - - 200 0 0 118
2018-06-29 06:59:02 ::1 POST /Service1.svc - 49474 - ::1 - - 200 0 0 171
2018-06-29 06:59:02 ::1 POST /Service1.svc - 49474 - ::1 - - 200 0 0 64
2018-06-29 06:59:05 ::1 POST /Service1.svc - 49474 - ::1 - - 200 0 0 85
2018-06-29 06:59:11 ::1 POST /Service1.svc - 49474 - ::1 - - 200 0 0 365
2018-06-29 06:59:36 ::1 POST /Service1.svc - 49474 - ::1 - - 200 0 0 122
2018-06-29 06:59:36 ::1 POST /Service1.svc - 49474 - ::1 - - 200 0 0 17
2018-06-29 06:59:36 ::1 POST /Service1.svc - 49474 - ::1 - - 200 0 0 30
2018-06-29 06:59:41 ::1 POST /Service1.svc - 49474 - ::1 - - 200 0 0 69
2018-06-29 06:59:41 ::1 POST /Service1.svc - 49474 - ::1 - - 200 0 0 80
2018-06-29 06:59:41 ::1 POST /Service1.svc - 49474 - ::1 - - 200 0 0 27
2018-06-29 06:59:43 ::1 POST /Service1.svc - 49474 - ::1 - - 200 0 0 77
2018-06-29 06:59:49 ::1 POST /Service1.svc - 49474 - ::1 - - 200 0 0 82
2018-06-29 07:00:11 ::1 POST /Service1.svc - 49474 - ::1 - - 200 0 0 35
2018-06-29 07:00:23 ::1 POST /Service1.svc - 49474 - ::1 - - 200 0 0 14
2018-06-29 07:00:32 ::1 POST /Service1.svc - 49474 - ::1 - - 200 0 0 17
2018-06-29 07:00:39 ::1 POST /Service1.svc - 49474 - ::1 - - 200 0 0 48
2018-06-29 07:00:39 ::1 POST /Service1.svc - 49474 - ::1 - - 200 0 0 15
2018-06-29 07:00:41 ::1 POST /Service1.svc - 49474 - ::1 - - 200 0 0 30
2018-06-29 07:00:47 ::1 POST /Service1.svc - 49474 - ::1 - - 200 0 0 196
2018-06-29 07:00:47 ::1 POST /Service1.svc - 49474 - ::1 - - 200 0 0 25
2018-06-29 07:00:47 ::1 POST /Service1.svc - 49474 - ::1 - - 200 0 0 67
2018-06-29 07:00:47 ::1 POST /Service1.svc - 49474 - ::1 - - 200 0 0 59
2018-06-29 07:00:47 ::1 POST /Service1.svc - 49474 - ::1 - - 200 0 0 68
2018-06-29 07:00:47 ::1 POST /Service1.svc - 49474 - ::1 - - 200 0 0 55
2018-06-29 07:00:47 ::1 POST /Service1.svc - 49474 - ::1 - - 200 0 0 93
2018-06-29 07:00:47 ::1 POST /Service1.svc - 49474 - ::1 - - 200 0 0 33
2018-06-29 07:00:47 ::1 POST /Service1.svc - 49474 - ::1 - - 200 0 0 57
2018-06-29 07:00:47 ::1 POST /Service1.svc - 49474 - ::1 - - 200 0 0 287
2018-06-29 07:00:50 ::1 POST /Service1.svc - 49474 - ::1 - - 200 0 0 28
2018-06-29 07:00:50 ::1 POST /Service1.svc - 49474 - ::1 - - 200 0 0 117
2018-06-29 07:00:50 ::1 POST /Service1.svc - 49474 - ::1 - - 200 0 0 104
2018-06-29 07:00:50 ::1 POST /Service1.svc - 49474 - ::1 - - 200 0 0 33
2018-06-29 07:00:50 ::1 POST /Service1.svc - 49474 - ::1 - - 200 0 0 74
2018-06-29 07:00:50 ::1 POST /Service1.svc - 49474 - ::1 - - 200 0 0 257
2018-06-29 07:10:28 ::1 POST /Service1.svc - 49474 - ::1 - - 200 0 0 121
2018-06-29 07:10:28 ::1 POST /Service1.svc - 49474 - ::1 - - 200 0 0 81
2018-06-29 07:10:28 ::1 POST /Service1.svc - 49474 - ::1 - - 200 0 0 24
2018-06-29 07:10:28 ::1 POST /Service1.svc - 49474 - ::1 - - 200 0 0 227
2018-06-29 07:10:28 ::1 POST /Service1.svc - 49474 - ::1 - - 200 0 0 78
2018-06-29 07:10:29 ::1 POST /Service1.svc - 49474 - ::1 - - 200 0 0 506
2018-06-29 07:10:34 ::1 POST /Service1.svc - 49474 - ::1 - - 200 0 0 27
2018-06-29 07:10:34 ::1 POST /Service1.svc - 49474 - ::1 - - 200 0 0 20
2018-06-29 07:10:34 ::1 POST /Service1.svc - 49474 - ::1 - - 200 0 0 34
2018-06-29 07:10:34 ::1 POST /Service1.svc - 49474 - ::1 - - 200 0 0 75
2018-06-29 07:10:34 ::1 POST /Service1.svc - 49474 - ::1 - - 200 0 0 49
2018-06-29 07:10:34 ::1 POST /Service1.svc - 49474 - ::1 - - 200 0 0 41
2018-06-29 07:10:34 ::1 POST /Service1.svc - 49474 - ::1 - - 200 0 0 132
2018-06-29 07:10:34 ::1 POST /Service1.svc - 49474 - ::1 - - 200 0 0 40
2018-06-29 07:10:35 ::1 POST /Service1.svc - 49474 - ::1 - - 200 0 0 233
2018-06-29 07:10:35 ::1 POST /Service1.svc - 49474 - ::1 - - 200 0 0 106
2018-06-29 07:10:36 ::1 POST /Service1.svc - 49474 - ::1 - - 200 0 0 11
2018-06-29 07:10:36 ::1 POST /Service1.svc - 49474 - ::1 - - 200 0 0 39
2018-06-29 07:10:36 ::1 POST /Service1.svc - 49474 - ::1 - - 200 0 0 34
2018-06-29 07:10:36 ::1 POST /Service1.svc - 49474 - ::1 - - 200 0 0 26
2018-06-29 07:10:36 ::1 POST /Service1.svc - 49474 - ::1 - - 200 0 0 73
2018-06-29 07:10:36 ::1 POST /Service1.svc - 49474 - ::1 - - 200 0 0 88
2018-06-29 07:10:36 ::1 POST /Service1.svc - 49474 - ::1 - - 200 0 0 59
2018-06-29 07:10:36 ::1 POST /Service1.svc - 49474 - ::1 - - 200 0 0 234
2018-06-29 07:10:36 ::1 POST /Service1.svc - 49474 - ::1 - - 200 0 0 106
2018-06-29 07:10:36 ::1 POST /Service1.svc - 49474 - ::1 - - 200 0 0 238
2018-06-29 07:10:37 ::1 POST /Service1.svc - 49474 - ::1 - - 200 0 0 89
2018-06-29 07:10:37 ::1 POST /Service1.svc - 49474 - ::1 - - 200 0 0 100
2018-06-29 07:10:37 ::1 POST /Service1.svc - 49474 - ::1 - - 200 0 0 44
2018-06-29 07:10:37 ::1 POST /Service1.svc - 49474 - ::1 - - 200 0 0 66
2018-06-29 07:10:37 ::1 POST /Service1.svc - 49474 - ::1 - - 200 0 0 232
2018-06-29 07:10:37 ::1 POST /Service1.svc - 49474 - ::1 - - 200 0 0 48
2018-06-29 07:10:37 ::1 POST /Service1.svc - 49474 - ::1 - - 200 0 0 198
2018-06-29 07:10:42 ::1 POST /Service1.svc - 49474 - ::1 - - 200 0 0 27
2018-06-29 07:10:44 ::1 POST /Service1.svc - 49474 - ::1 - - 200 0 0 61
2018-06-29 07:10:52 ::1 POST /Service1.svc - 49474 - ::1 - - 200 0 0 30
2018-06-29 07:11:11 ::1 POST /Service1.svc - 49474 - ::1 - - 200 0 0 145
2018-06-29 07:11:11 ::1 POST /Service1.svc - 49474 - ::1 - - 200 0 0 28
2018-06-29 07:11:11 ::1 POST /Service1.svc - 49474 - ::1 - - 200 0 0 77
2018-06-29 07:11:15 ::1 POST /Service1.svc - 49474 - ::1 - - 200 0 0 538
2018-06-29 07:11:15 ::1 POST /Service1.svc - 49474 - ::1 - - 200 0 0 49
2018-06-29 07:11:15 ::1 POST /Service1.svc - 49474 - ::1 - - 200 0 0 53
2018-06-29 07:11:16 ::1 POST /Service1.svc - 49474 - ::1 - - 200 0 0 129
2018-06-29 07:11:21 ::1 POST /Service1.svc - 49474 - ::1 - - 200 0 0 190
2018-06-29 07:11:21 ::1 POST /Service1.svc - 49474 - ::1 - - 200 0 0 772
2018-06-29 07:11:25 ::1 POST /Service1.svc - 49474 - ::1 - - 200 0 0 121
2018-06-29 07:11:39 ::1 POST /Service1.svc - 49474 - ::1 - - 200 0 0 26
2018-06-29 07:11:39 ::1 POST /Service1.svc - 49474 - ::1 - - 200 0 0 20
2018-06-29 07:11:39 ::1 POST /Service1.svc - 49474 - ::1 - - 200 0 0 25
2018-06-29 07:11:39 ::1 POST /Service1.svc - 49474 - ::1 - - 200 0 0 45
2018-06-29 07:11:39 ::1 POST /Service1.svc - 49474 - ::1 - - 200 0 0 38
2018-06-29 07:11:39 ::1 POST /Service1.svc - 49474 - ::1 - - 200 0 0 22
2018-06-29 07:11:39 ::1 POST /Service1.svc - 49474 - ::1 - - 200 0 0 154
2018-06-29 07:11:39 ::1 POST /Service1.svc - 49474 - ::1 - - 200 0 0 100
2018-06-29 07:11:39 ::1 POST /Service1.svc - 49474 - ::1 - - 200 0 0 159
2018-06-29 07:11:39 ::1 POST /Service1.svc - 49474 - ::1 - - 200 0 0 38
2018-06-29 07:11:40 ::1 POST /Service1.svc - 49474 - ::1 - - 200 0 0 51
2018-06-29 07:11:42 ::1 POST /Service1.svc - 49474 - ::1 - - 200 0 0 14
2018-06-29 07:11:42 ::1 POST /Service1.svc - 49474 - ::1 - - 200 0 0 98
2018-06-29 07:11:42 ::1 POST /Service1.svc - 49474 - ::1 - - 200 0 0 167
2018-06-29 07:11:42 ::1 POST /Service1.svc - 49474 - ::1 - - 200 0 0 63
2018-06-29 07:11:42 ::1 POST /Service1.svc - 49474 - ::1 - - 200 0 0 121
2018-06-29 07:11:42 ::1 POST /Service1.svc - 49474 - ::1 - - 200 0 0 190
2018-06-29 07:15:21 ::1 POST /Service1.svc - 49474 - ::1 - - 200 0 0 58
2018-06-29 07:15:21 ::1 POST /Service1.svc - 49474 - ::1 - - 200 0 0 44
2018-06-29 07:15:21 ::1 POST /Service1.svc - 49474 - ::1 - - 200 0 0 119
2018-06-29 07:15:21 ::1 POST /Service1.svc - 49474 - ::1 - - 200 0 0 102
2018-06-29 07:15:22 ::1 POST /Service1.svc - 49474 - ::1 - - 200 0 0 116
2018-06-29 07:15:22 ::1 POST /Service1.svc - 49474 - ::1 - - 200 0 0 311
2018-06-29 07:15:27 ::1 POST /Service1.svc - 49474 - ::1 - - 200 0 0 35
2018-06-29 07:15:27 ::1 POST /Service1.svc - 49474 - ::1 - - 200 0 0 17
2018-06-29 07:15:27 ::1 POST /Service1.svc - 49474 - ::1 - - 200 0 0 100
2018-06-29 07:15:27 ::1 POST /Service1.svc - 49474 - ::1 - - 200 0 0 100
2018-06-29 07:15:27 ::1 POST /Service1.svc - 49474 - ::1 - - 200 0 0 99
2018-06-29 07:15:27 ::1 POST /Service1.svc - 49474 - ::1 - - 200 0 0 152
2018-06-29 07:15:28 ::1 POST /Service1.svc - 49474 - ::1 - - 200 0 0 282
2018-06-29 07:15:28 ::1 POST /Service1.svc - 49474 - ::1 - - 200 0 0 153
2018-06-29 07:15:28 ::1 POST /Service1.svc - 49474 - ::1 - - 200 0 0 665
2018-06-29 07:15:28 ::1 POST /Service1.svc - 49474 - ::1 - - 200 0 0 61
2018-06-29 07:15:28 ::1 POST /Service1.svc - 49474 - ::1 - - 200 0 0 62
2018-06-29 07:15:31 ::1 POST /Service1.svc - 49474 - ::1 - - 200 0 0 344
2018-06-29 07:15:31 ::1 POST /Service1.svc - 49474 - ::1 - - 200 0 0 146
2018-06-29 07:15:31 ::1 POST /Service1.svc - 49474 - ::1 - - 200 0 0 30
2018-06-29 07:15:31 ::1 POST /Service1.svc - 49474 - ::1 - - 200 0 0 181
2018-06-29 07:15:31 ::1 POST /Service1.svc - 49474 - ::1 - - 200 0 0 158
2018-06-29 07:15:31 ::1 POST /Service1.svc - 49474 - ::1 - - 200 0 0 108
2018-06-29 07:15:31 ::1 POST /Service1.svc - 49474 - ::1 - - 200 0 0 85
2018-06-29 07:15:32 ::1 POST /Service1.svc - 49474 - ::1 - - 200 0 0 301
2018-06-29 07:15:32 ::1 POST /Service1.svc - 49474 - ::1 - - 200 0 0 77
2018-06-29 07:15:32 ::1 POST /Service1.svc - 49474 - ::1 - - 200 0 0 108
2018-06-29 07:15:32 ::1 POST /Service1.svc - 49474 - ::1 - - 200 0 0 99
2018-06-29 07:15:32 ::1 POST /Service1.svc - 49474 - ::1 - - 200 0 0 68
2018-06-29 07:15:32 ::1 POST /Service1.svc - 49474 - ::1 - - 200 0 0 78
2018-06-29 07:15:32 ::1 POST /Service1.svc - 49474 - ::1 - - 200 0 0 94
2018-06-29 07:15:33 ::1 POST /Service1.svc - 49474 - ::1 - - 200 0 0 221
2018-06-29 07:15:33 ::1 POST /Service1.svc - 49474 - ::1 - - 200 0 0 364
2018-06-29 07:15:33 ::1 POST /Service1.svc - 49474 - ::1 - - 200 0 0 531
2018-06-29 07:15:38 ::1 POST /Service1.svc - 49474 - ::1 - - 200 0 0 41
2018-06-29 07:15:44 ::1 POST /Service1.svc - 49474 - ::1 - - 200 0 0 63
2018-06-29 07:16:04 ::1 POST /Service1.svc - 49474 - ::1 - - 200 0 0 20
2018-06-29 07:16:04 ::1 POST /Service1.svc - 49474 - ::1 - - 200 0 0 81
2018-06-29 07:16:04 ::1 POST /Service1.svc - 49474 - ::1 - - 200 0 0 62
2018-06-29 07:16:08 ::1 POST /Service1.svc - 49474 - ::1 - - 200 0 0 49
2018-06-29 07:16:08 ::1 POST /Service1.svc - 49474 - ::1 - - 200 0 0 27
2018-06-29 07:16:08 ::1 POST /Service1.svc - 49474 - ::1 - - 200 0 0 48
2018-06-29 07:16:09 ::1 POST /Service1.svc - 49474 - ::1 - - 200 0 0 57
2018-06-29 07:16:09 ::1 POST /Service1.svc - 49474 - ::1 - - 200 0 0 46
2018-06-29 07:16:09 ::1 POST /Service1.svc - 49474 - ::1 - - 200 0 0 73
2018-06-29 07:16:19 ::1 POST /Service1.svc - 49474 - ::1 - - 200 0 0 40
2018-06-29 07:16:19 ::1 POST /Service1.svc - 49474 - ::1 - - 200 0 0 79
2018-06-29 07:16:19 ::1 POST /Service1.svc - 49474 - ::1 - - 200 0 0 36
2018-06-29 07:16:21 ::1 POST /Service1.svc - 49474 - ::1 - - 200 0 0 22
2018-06-29 07:16:30 ::1 POST /Service1.svc - 49474 - ::1 - - 200 0 0 17
2018-06-29 07:16:36 ::1 POST /Service1.svc - 49474 - ::1 - - 200 0 0 40
2018-06-29 07:16:39 ::1 POST /Service1.svc - 49474 - ::1 - - 200 0 0 11
2018-06-29 07:16:41 ::1 POST /Service1.svc - 49474 - ::1 - - 200 0 0 12
2018-06-29 07:16:52 ::1 POST /Service1.svc - 49474 - ::1 - - 200 0 0 23
2018-06-29 07:17:05 ::1 POST /Service1.svc - 49474 - ::1 - - 200 0 0 17
2018-06-29 07:17:05 ::1 POST /Service1.svc - 49474 - ::1 - - 200 0 0 62
2018-06-29 07:17:05 ::1 POST /Service1.svc - 49474 - ::1 - - 200 0 0 37
2018-06-29 07:17:05 ::1 POST /Service1.svc - 49474 - ::1 - - 200 0 0 83
2018-06-29 07:17:05 ::1 POST /Service1.svc - 49474 - ::1 - - 200 0 0 26
2018-06-29 07:17:05 ::1 POST /Service1.svc - 49474 - ::1 - - 200 0 0 66
2018-06-29 07:17:05 ::1 POST /Service1.svc - 49474 - ::1 - - 200 0 0 73
2018-06-29 07:17:05 ::1 POST /Service1.svc - 49474 - ::1 - - 200 0 0 70
2018-06-29 07:17:05 ::1 POST /Service1.svc - 49474 - ::1 - - 200 0 0 26
2018-06-29 07:17:05 ::1 POST /Service1.svc - 49474 - ::1 - - 200 0 0 83
2018-06-29 07:17:05 ::1 POST /Service1.svc - 49474 - ::1 - - 200 0 0 85
2018-06-29 07:17:07 ::1 POST /Service1.svc - 49474 - ::1 - - 200 0 0 38
2018-06-29 07:17:07 ::1 POST /Service1.svc - 49474 - ::1 - - 200 0 0 49
2018-06-29 07:17:07 ::1 POST /Service1.svc - 49474 - ::1 - - 200 0 0 105
2018-06-29 07:17:07 ::1 POST /Service1.svc - 49474 - ::1 - - 200 0 0 61
2018-06-29 07:17:07 ::1 POST /Service1.svc - 49474 - ::1 - - 200 0 0 31
2018-06-29 07:17:07 ::1 POST /Service1.svc - 49474 - ::1 - - 200 0 0 73
2018-06-29 07:25:04 ::1 POST /Service1.svc - 49474 - ::1 - - 200 0 0 193
2018-06-29 07:25:04 ::1 POST /Service1.svc - 49474 - ::1 - - 200 0 0 102
2018-06-29 07:25:04 ::1 POST /Service1.svc - 49474 - ::1 - - 200 0 0 115
2018-06-29 07:25:04 ::1 POST /Service1.svc - 49474 - ::1 - - 200 0 0 67
2018-06-29 07:25:04 ::1 POST /Service1.svc - 49474 - ::1 - - 200 0 0 193
2018-06-29 07:25:05 ::1 POST /Service1.svc - 49474 - ::1 - - 200 0 0 116
2018-06-29 07:25:33 ::1 POST /Service1.svc - 49474 - ::1 - - 200 0 0 30
2018-06-29 07:25:33 ::1 POST /Service1.svc - 49474 - ::1 - - 200 0 0 44
2018-06-29 07:25:33 ::1 POST /Service1.svc - 49474 - ::1 - - 200 0 0 40
2018-06-29 07:25:33 ::1 POST /Service1.svc - 49474 - ::1 - - 200 0 0 52
2018-06-29 07:25:33 ::1 POST /Service1.svc - 49474 - ::1 - - 200 0 0 73
2018-06-29 07:25:33 ::1 POST /Service1.svc - 49474 - ::1 - - 200 0 0 15
2018-06-29 07:25:33 ::1 POST /Service1.svc - 49474 - ::1 - - 200 0 0 75
2018-06-29 07:25:33 ::1 POST /Service1.svc - 49474 - ::1 - - 200 0 0 53
2018-06-29 07:25:33 ::1 POST /Service1.svc - 49474 - ::1 - - 200 0 0 24
2018-06-29 07:25:33 ::1 POST /Service1.svc - 49474 - ::1 - - 200 0 0 17
2018-06-29 07:25:34 ::1 POST /Service1.svc - 49474 - ::1 - - 200 0 0 89
2018-06-29 07:26:00 ::1 POST /Service1.svc - 49474 - ::1 - - 200 0 0 8545
2018-06-29 07:26:00 ::1 POST /Service1.svc - 49474 - ::1 - - 200 0 0 63
2018-06-29 07:26:00 ::1 POST /Service1.svc - 49474 - ::1 - - 200 0 0 41
2018-06-29 07:26:00 ::1 POST /Service1.svc - 49474 - ::1 - - 200 0 0 53
2018-06-29 07:26:00 ::1 POST /Service1.svc - 49474 - ::1 - - 200 0 0 19
2018-06-29 07:26:00 ::1 POST /Service1.svc - 49474 - ::1 - - 200 0 0 25
2018-06-29 07:26:00 ::1 POST /Service1.svc - 49474 - ::1 - - 200 0 0 302
2018-06-29 07:26:00 ::1 POST /Service1.svc - 49474 - ::1 - - 200 0 0 125
2018-06-29 07:26:00 ::1 POST /Service1.svc - 49474 - ::1 - - 200 0 0 12
2018-06-29 07:26:00 ::1 POST /Service1.svc - 49474 - ::1 - - 200 0 0 136
2018-06-29 07:26:00 ::1 POST /Service1.svc - 49474 - ::1 - - 200 0 0 84
2018-06-29 07:26:00 ::1 POST /Service1.svc - 49474 - ::1 - - 200 0 0 37
2018-06-29 07:26:01 ::1 POST /Service1.svc - 49474 - ::1 - - 200 0 0 477
2018-06-29 07:26:01 ::1 POST /Service1.svc - 49474 - ::1 - - 200 0 0 41
2018-06-29 07:26:01 ::1 POST /Service1.svc - 49474 - ::1 - - 200 0 0 43
2018-06-29 07:26:01 ::1 POST /Service1.svc - 49474 - ::1 - - 200 0 0 75
2018-06-29 07:26:01 ::1 POST /Service1.svc - 49474 - ::1 - - 200 0 0 134
2018-06-29 07:26:36 ::1 POST /Service1.svc - 49474 - ::1 - - 200 0 0 29
2018-06-29 07:26:41 ::1 POST /Service1.svc - 49474 - ::1 - - 200 0 0 30
2018-06-29 07:26:55 ::1 POST /Service1.svc - 49474 - ::1 - - 200 0 0 55
2018-06-29 07:26:55 ::1 POST /Service1.svc - 49474 - ::1 - - 200 0 0 41
2018-06-29 07:26:55 ::1 POST /Service1.svc - 49474 - ::1 - - 200 0 0 17
2018-06-29 07:27:09 ::1 POST /Service1.svc - 49474 - ::1 - - 200 0 0 18
2018-06-29 07:27:09 ::1 POST /Service1.svc - 49474 - ::1 - - 200 0 0 15
2018-06-29 07:27:09 ::1 POST /Service1.svc - 49474 - ::1 - - 200 0 0 33
2018-06-29 07:27:11 ::1 POST /Service1.svc - 49474 - ::1 - - 200 0 0 23
2018-06-29 07:27:17 ::1 POST /Service1.svc - 49474 - ::1 - - 200 0 0 51
2018-06-29 07:27:17 ::1 POST /Service1.svc - 49474 - ::1 - - 200 0 0 181
2018-06-29 07:27:19 ::1 POST /Service1.svc - 49474 - ::1 - - 200 0 0 84
2018-06-29 07:28:21 ::1 POST /Service1.svc - 49474 - ::1 - - 200 0 0 82
2018-06-29 07:28:21 ::1 POST /Service1.svc - 49474 - ::1 - - 200 0 0 19
2018-06-29 07:28:21 ::1 POST /Service1.svc - 49474 - ::1 - - 200 0 0 37
2018-06-29 07:28:21 ::1 POST /Service1.svc - 49474 - ::1 - - 200 0 0 98
2018-06-29 07:28:21 ::1 POST /Service1.svc - 49474 - ::1 - - 200 0 0 19
2018-06-29 07:28:21 ::1 POST /Service1.svc - 49474 - ::1 - - 200 0 0 33
2018-06-29 07:28:21 ::1 POST /Service1.svc - 49474 - ::1 - - 200 0 0 189
2018-06-29 07:28:21 ::1 POST /Service1.svc - 49474 - ::1 - - 200 0 0 41
2018-06-29 07:28:21 ::1 POST /Service1.svc - 49474 - ::1 - - 200 0 0 41
2018-06-29 07:28:21 ::1 POST /Service1.svc - 49474 - ::1 - - 200 0 0 44
2018-06-29 07:28:21 ::1 POST /Service1.svc - 49474 - ::1 - - 200 0 0 67
2018-06-29 07:28:22 ::1 POST /Service1.svc - 49474 - ::1 - - 200 0 0 164
2018-06-29 07:28:24 ::1 POST /Service1.svc - 49474 - ::1 - - 200 0 0 18
2018-06-29 07:28:24 ::1 POST /Service1.svc - 49474 - ::1 - - 200 0 0 29
2018-06-29 07:28:24 ::1 POST /Service1.svc - 49474 - ::1 - - 200 0 0 52
2018-06-29 07:28:24 ::1 POST /Service1.svc - 49474 - ::1 - - 200 0 0 37
2018-06-29 07:28:24 ::1 POST /Service1.svc - 49474 - ::1 - - 200 0 0 42
2018-06-29 07:28:24 ::1 POST /Service1.svc - 49474 - ::1 - - 200 0 0 95
#Software: Microsoft Internet Information Services 10.0
#Version: 1.0
#Date: 2018-06-29 09:21:25
#Fields: date time s-ip cs-method cs-uri-stem cs-uri-query s-port cs-username c-ip cs(User-Agent) cs(Referer) sc-status sc-substatus sc-win32-status time-taken
2018-06-29 09:21:25 ::1 POST /Service1.svc - 49474 - ::1 - - 415 0 0 36727
2018-06-29 09:21:25 ::1 POST /Service1.svc/mex - 49474 - ::1 - - 415 0 0 18
2018-06-29 09:21:40 ::1 GET /Service1.svc - 49474 - ::1 Mozilla/4.0+(compatible;+MSIE+6.0;+MS+Web+Services+Client+Protocol+4.0.30319.42000) - 200 0 0 13237
2018-06-29 09:21:40 ::1 GET /Service1.svc disco 49474 - ::1 Mozilla/4.0+(compatible;+MSIE+6.0;+MS+Web+Services+Client+Protocol+4.0.30319.42000) - 200 0 0 250
2018-06-29 09:21:41 ::1 GET /Service1.svc wsdl 49474 - ::1 Mozilla/4.0+(compatible;+MSIE+6.0;+MS+Web+Services+Client+Protocol+4.0.30319.42000) - 200 0 0 536
2018-06-29 09:21:47 ::1 GET /Service1.svc xsd=xsd0 49474 - ::1 Mozilla/4.0+(compatible;+MSIE+6.0;+MS+Web+Services+Client+Protocol+4.0.30319.42000) - 200 0 0 4810
2018-06-29 09:21:47 ::1 GET /Service1.svc xsd=xsd2 49474 - ::1 Mozilla/4.0+(compatible;+MSIE+6.0;+MS+Web+Services+Client+Protocol+4.0.30319.42000) - 200 0 0 39
2018-06-29 09:21:47 ::1 GET /Service1.svc xsd=xsd3 49474 - ::1 Mozilla/4.0+(compatible;+MSIE+6.0;+MS+Web+Services+Client+Protocol+4.0.30319.42000) - 200 0 0 100
2018-06-29 09:21:47 ::1 GET /Service1.svc xsd=xsd1 49474 - ::1 Mozilla/4.0+(compatible;+MSIE+6.0;+MS+Web+Services+Client+Protocol+4.0.30319.42000) - 200 0 0 22
2018-06-29 09:32:09 ::1 POST /Service1.svc - 49474 - ::1 - - 200 0 0 31713
2018-06-29 09:32:15 ::1 POST /Service1.svc - 49474 - ::1 - - 200 0 0 4639
2018-06-29 09:32:20 ::1 POST /Service1.svc - 49474 - ::1 - - 200 0 0 5454
2018-06-29 09:32:23 ::1 POST /Service1.svc - 49474 - ::1 - - 200 0 0 2537
2018-06-29 09:32:23 ::1 POST /Service1.svc - 49474 - ::1 - - 200 0 0 546
2018-06-29 09:32:23 ::1 POST /Service1.svc - 49474 - ::1 - - 200 0 0 280
2018-06-29 09:32:34 ::1 POST /Service1.svc - 49474 - ::1 - - 200 0 0 23
2018-06-29 09:32:34 ::1 POST /Service1.svc - 49474 - ::1 - - 200 0 0 254
2018-06-29 09:32:34 ::1 POST /Service1.svc - 49474 - ::1 - - 200 0 0 435
2018-06-29 09:32:35 ::1 POST /Service1.svc - 49474 - ::1 - - 200 0 0 158
2018-06-29 09:32:35 ::1 POST /Service1.svc - 49474 - ::1 - - 200 0 0 167
2018-06-29 09:32:35 ::1 POST /Service1.svc - 49474 - ::1 - - 200 0 0 227
2018-06-29 09:32:37 ::1 POST /Service1.svc - 49474 - ::1 - - 200 0 0 470
2018-06-29 09:32:39 ::1 POST /Service1.svc - 49474 - ::1 - - 200 0 0 152
2018-06-29 09:32:39 ::1 POST /Service1.svc - 49474 - ::1 - - 200 0 0 49
2018-06-29 09:32:39 ::1 POST /Service1.svc - 49474 - ::1 - - 200 0 0 129
2018-06-29 09:32:39 ::1 POST /Service1.svc - 49474 - ::1 - - 200 0 0 77
2018-06-29 09:32:39 ::1 POST /Service1.svc - 49474 - ::1 - - 200 0 0 147
2018-06-29 09:32:39 ::1 POST /Service1.svc - 49474 - ::1 - - 200 0 0 405
2018-06-29 09:32:40 ::1 POST /Service1.svc - 49474 - ::1 - - 200 0 0 160
2018-06-29 09:32:40 ::1 POST /Service1.svc - 49474 - ::1 - - 200 0 0 128
2018-06-29 09:32:40 ::1 POST /Service1.svc - 49474 - ::1 - - 200 0 0 54
2018-06-29 09:32:40 ::1 POST /Service1.svc - 49474 - ::1 - - 200 0 0 30
2018-06-29 09:32:40 ::1 POST /Service1.svc - 49474 - ::1 - - 200 0 0 264
2018-06-29 09:32:40 ::1 POST /Service1.svc - 49474 - ::1 - - 200 0 0 92
2018-06-29 09:32:42 ::1 POST /Service1.svc - 49474 - ::1 - - 200 0 0 736
2018-06-29 09:32:42 ::1 POST /Service1.svc - 49474 - ::1 - - 200 0 0 410
2018-06-29 09:32:52 ::1 POST /Service1.svc - 49474 - ::1 - - 200 0 0 1001
2018-06-29 09:32:52 ::1 POST /Service1.svc - 49474 - ::1 - - 200 0 0 218
2018-06-29 09:32:52 ::1 POST /Service1.svc - 49474 - ::1 - - 200 0 0 380
2018-06-29 09:32:56 ::1 POST /Service1.svc - 49474 - ::1 - - 200 0 0 148
2018-06-29 09:32:56 ::1 POST /Service1.svc - 49474 - ::1 - - 200 0 0 52
2018-06-29 09:32:56 ::1 POST /Service1.svc - 49474 - ::1 - - 200 0 0 108
2018-06-29 09:33:02 ::1 POST /Service1.svc - 49474 - ::1 - - 200 0 0 143
2018-06-29 09:33:02 ::1 POST /Service1.svc - 49474 - ::1 - - 200 0 0 79
2018-06-29 09:33:02 ::1 POST /Service1.svc - 49474 - ::1 - - 200 0 0 68
2018-06-29 09:33:08 ::1 POST /Service1.svc - 49474 - ::1 - - 200 0 0 46
2018-06-29 09:33:08 ::1 POST /Service1.svc - 49474 - ::1 - - 200 0 0 134
2018-06-29 09:33:08 ::1 POST /Service1.svc - 49474 - ::1 - - 200 0 0 19
2018-06-29 09:33:11 ::1 POST /Service1.svc - 49474 - ::1 - - 200 0 0 23
2018-06-29 09:33:11 ::1 POST /Service1.svc - 49474 - ::1 - - 200 0 0 153
2018-06-29 09:33:11 ::1 POST /Service1.svc - 49474 - ::1 - - 200 0 0 107
2018-06-29 09:33:13 ::1 POST /Service1.svc - 49474 - ::1 - - 200 0 0 17
2018-06-29 09:33:13 ::1 POST /Service1.svc - 49474 - ::1 - - 200 0 0 37
2018-06-29 09:33:13 ::1 POST /Service1.svc - 49474 - ::1 - - 200 0 0 65
2018-06-29 09:33:26 ::1 POST /Service1.svc - 49474 - ::1 - - 200 0 0 161
2018-06-29 09:33:26 ::1 POST /Service1.svc - 49474 - ::1 - - 200 0 0 72
2018-06-29 09:33:26 ::1 POST /Service1.svc - 49474 - ::1 - - 200 0 0 41
2018-06-29 09:33:28 ::1 POST /Service1.svc - 49474 - ::1 - - 200 0 0 278
2018-06-29 09:33:28 ::1 POST /Service1.svc - 49474 - ::1 - - 200 0 0 26
2018-06-29 09:33:28 ::1 POST /Service1.svc - 49474 - ::1 - - 200 0 0 132
2018-06-29 09:33:49 ::1 POST /Service1.svc - 49474 - ::1 - - 200 0 0 33
2018-06-29 09:33:49 ::1 POST /Service1.svc - 49474 - ::1 - - 200 0 0 80
2018-06-29 09:33:49 ::1 POST /Service1.svc - 49474 - ::1 - - 200 0 0 725
2018-06-29 09:33:57 ::1 POST /Service1.svc - 49474 - ::1 - - 200 0 0 183
2018-06-29 09:33:57 ::1 POST /Service1.svc - 49474 - ::1 - - 200 0 0 96
2018-06-29 09:33:57 ::1 POST /Service1.svc - 49474 - ::1 - - 200 0 0 135
2018-06-29 09:34:02 ::1 POST /Service1.svc - 49474 - ::1 - - 200 0 0 302
2018-06-29 09:34:02 ::1 POST /Service1.svc - 49474 - ::1 - - 200 0 0 275
2018-06-29 09:34:02 ::1 POST /Service1.svc - 49474 - ::1 - - 200 0 0 382
2018-06-29 09:34:02 ::1 POST /Service1.svc - 49474 - ::1 - - 200 0 0 223
2018-06-29 09:34:02 ::1 POST /Service1.svc - 49474 - ::1 - - 200 0 0 68
2018-06-29 09:34:03 ::1 POST /Service1.svc - 49474 - ::1 - - 200 0 0 150
2018-06-29 09:34:03 ::1 POST /Service1.svc - 49474 - ::1 - - 200 0 0 384
2018-06-29 09:34:05 ::1 POST /Service1.svc - 49474 - ::1 - - 200 0 0 238
2018-06-29 09:34:05 ::1 POST /Service1.svc - 49474 - ::1 - - 200 0 0 215
2018-06-29 09:34:05 ::1 POST /Service1.svc - 49474 - ::1 - - 200 0 0 248
2018-06-29 09:34:05 ::1 POST /Service1.svc - 49474 - ::1 - - 200 0 0 239
2018-06-29 09:34:05 ::1 POST /Service1.svc - 49474 - ::1 - - 200 0 0 264
2018-06-29 09:34:07 ::1 POST /Service1.svc - 49474 - ::1 - - 200 0 0 193
#Software: Microsoft Internet Information Services 10.0
#Version: 1.0
#Date: 2018-06-29 10:48:55
#Fields: date time s-ip cs-method cs-uri-stem cs-uri-query s-port cs-username c-ip cs(User-Agent) cs(Referer) sc-status sc-substatus sc-win32-status time-taken
2018-06-29 10:48:55 ::1 POST /Service1.svc - 49474 - ::1 - - 200 0 0 24491
2018-06-29 10:48:59 ::1 POST /Service1.svc - 49474 - ::1 - - 200 0 0 2579
2018-06-29 10:49:03 ::1 POST /Service1.svc - 49474 - ::1 - - 200 0 0 2905
2018-06-29 10:49:05 ::1 POST /Service1.svc - 49474 - ::1 - - 200 0 0 2052
2018-06-29 10:49:05 ::1 POST /Service1.svc - 49474 - ::1 - - 200 0 0 239
2018-06-29 10:49:05 ::1 POST /Service1.svc - 49474 - ::1 - - 200 0 0 107
2018-06-29 10:49:12 ::1 POST /Service1.svc - 49474 - ::1 - - 200 0 0 41
2018-06-29 10:49:12 ::1 POST /Service1.svc - 49474 - ::1 - - 200 0 0 76
2018-06-29 10:49:12 ::1 POST /Service1.svc - 49474 - ::1 - - 200 0 0 481
2018-06-29 10:49:12 ::1 POST /Service1.svc - 49474 - ::1 - - 200 0 0 206
2018-06-29 10:49:13 ::1 POST /Service1.svc - 49474 - ::1 - - 200 0 0 283
2018-06-29 10:49:13 ::1 POST /Service1.svc - 49474 - ::1 - - 200 0 0 139
2018-06-29 10:49:18 ::1 POST /Service1.svc - 49474 - ::1 - - 200 0 0 2095
2018-06-29 10:49:21 ::1 POST /Service1.svc - 49474 - ::1 - - 200 0 0 45
2018-06-29 10:49:21 ::1 POST /Service1.svc - 49474 - ::1 - - 200 0 0 49
2018-06-29 10:49:21 ::1 POST /Service1.svc - 49474 - ::1 - - 200 0 0 118
2018-06-29 10:49:21 ::1 POST /Service1.svc - 49474 - ::1 - - 200 0 0 138
2018-06-29 10:49:21 ::1 POST /Service1.svc - 49474 - ::1 - - 200 0 0 24
2018-06-29 10:49:21 ::1 POST /Service1.svc - 49474 - ::1 - - 200 0 0 150
2018-06-29 10:49:21 ::1 POST /Service1.svc - 49474 - ::1 - - 200 0 0 93
2018-06-29 10:49:21 ::1 POST /Service1.svc - 49474 - ::1 - - 200 0 0 40
2018-06-29 10:49:23 ::1 POST /Service1.svc - 49474 - ::1 - - 200 0 0 709
2018-06-29 10:49:23 ::1 POST /Service1.svc - 49474 - ::1 - - 200 0 0 57
2018-06-29 10:49:23 ::1 POST /Service1.svc - 49474 - ::1 - - 200 0 0 179
2018-06-29 10:49:23 ::1 POST /Service1.svc - 49474 - ::1 - - 200 0 0 43
2018-06-29 10:49:28 ::1 POST /Service1.svc - 49474 - ::1 - - 200 0 0 19
2018-06-29 10:49:28 ::1 POST /Service1.svc - 49474 - ::1 - - 200 0 0 56
2018-06-29 10:49:28 ::1 POST /Service1.svc - 49474 - ::1 - - 200 0 0 178
2018-06-29 10:49:28 ::1 POST /Service1.svc - 49474 - ::1 - - 200 0 0 114
2018-06-29 10:49:28 ::1 POST /Service1.svc - 49474 - ::1 - - 200 0 0 39
2018-06-29 10:49:28 ::1 POST /Service1.svc - 49474 - ::1 - - 200 0 0 33
2018-06-29 10:49:28 ::1 POST /Service1.svc - 49474 - ::1 - - 200 0 0 201
2018-06-29 10:49:31 ::1 POST /Service1.svc - 49474 - ::1 - - 200 0 0 82
2018-06-29 10:49:31 ::1 POST /Service1.svc - 49474 - ::1 - - 200 0 0 106
2018-06-29 10:49:31 ::1 POST /Service1.svc - 49474 - ::1 - - 200 0 0 41
2018-06-29 10:49:31 ::1 POST /Service1.svc - 49474 - ::1 - - 200 0 0 41
2018-06-29 10:49:31 ::1 POST /Service1.svc - 49474 - ::1 - - 200 0 0 20
2018-06-29 10:49:31 ::1 POST /Service1.svc - 49474 - ::1 - - 200 0 0 45
2018-06-29 10:49:31 ::1 POST /Service1.svc - 49474 - ::1 - - 200 0 0 23
2018-06-29 10:49:31 ::1 POST /Service1.svc - 49474 - ::1 - - 200 0 0 44
2018-06-29 10:49:31 ::1 POST /Service1.svc - 49474 - ::1 - - 200 0 0 58
2018-06-29 10:49:31 ::1 POST /Service1.svc - 49474 - ::1 - - 200 0 0 239
2018-06-29 10:49:32 ::1 POST /Service1.svc - 49474 - ::1 - - 200 0 0 676
2018-06-29 10:49:32 ::1 POST /Service1.svc - 49474 - ::1 - - 200 0 0 45
2018-06-29 10:49:34 ::1 POST /Service1.svc - 49474 - ::1 - - 200 0 0 27
2018-06-29 10:49:34 ::1 POST /Service1.svc - 49474 - ::1 - - 200 0 0 84
2018-06-29 10:49:34 ::1 POST /Service1.svc - 49474 - ::1 - - 200 0 0 59
2018-06-29 10:49:34 ::1 POST /Service1.svc - 49474 - ::1 - - 200 0 0 18
2018-06-29 10:49:34 ::1 POST /Service1.svc - 49474 - ::1 - - 200 0 0 478
2018-06-29 10:49:34 ::1 POST /Service1.svc - 49474 - ::1 - - 200 0 0 20
2018-06-29 10:49:36 ::1 POST /Service1.svc - 49474 - ::1 - - 200 0 0 441
2018-06-29 10:49:37 ::1 POST /Service1.svc - 49474 - ::1 - - 200 0 0 67
2018-06-29 10:49:37 ::1 POST /Service1.svc - 49474 - ::1 - - 200 0 0 34
2018-06-29 10:49:37 ::1 POST /Service1.svc - 49474 - ::1 - - 200 0 0 26
2018-06-29 10:49:37 ::1 POST /Service1.svc - 49474 - ::1 - - 200 0 0 38
2018-06-29 10:49:37 ::1 POST /Service1.svc - 49474 - ::1 - - 200 0 0 118
2018-06-29 10:49:37 ::1 POST /Service1.svc - 49474 - ::1 - - 200 0 0 69
2018-06-29 10:49:37 ::1 POST /Service1.svc - 49474 - ::1 - - 200 0 0 293
2018-06-29 10:49:37 ::1 POST /Service1.svc - 49474 - ::1 - - 200 0 0 32
2018-06-29 10:49:38 ::1 POST /Service1.svc - 49474 - ::1 - - 200 0 0 237
2018-06-29 10:49:38 ::1 POST /Service1.svc - 49474 - ::1 - - 200 0 0 186
2018-06-29 10:49:38 ::1 POST /Service1.svc - 49474 - ::1 - - 200 0 0 88
2018-06-29 10:49:38 ::1 POST /Service1.svc - 49474 - ::1 - - 200 0 0 55
2018-06-29 10:49:41 ::1 POST /Service1.svc - 49474 - ::1 - - 200 0 0 58
2018-06-29 10:49:41 ::1 POST /Service1.svc - 49474 - ::1 - - 200 0 0 112
2018-06-29 10:49:41 ::1 POST /Service1.svc - 49474 - ::1 - - 200 0 0 51
2018-06-29 10:49:41 ::1 POST /Service1.svc - 49474 - ::1 - - 200 0 0 44
2018-06-29 10:49:41 ::1 POST /Service1.svc - 49474 - ::1 - - 200 0 0 90
2018-06-29 10:49:41 ::1 POST /Service1.svc - 49474 - ::1 - - 200 0 0 66
#Software: Microsoft Internet Information Services 10.0
#Version: 1.0
#Date: 2018-06-29 12:26:31
#Fields: date time s-ip cs-method cs-uri-stem cs-uri-query s-port cs-username c-ip cs(User-Agent) cs(Referer) sc-status sc-substatus sc-win32-status time-taken
2018-06-29 12:26:30 ::1 POST /Service1.svc - 49474 - ::1 - - 200 0 0 21085
2018-06-29 12:26:35 ::1 POST /Service1.svc - 49474 - ::1 - - 200 0 0 3084
2018-06-29 12:26:38 ::1 POST /Service1.svc - 49474 - ::1 - - 200 0 0 2729
2018-06-29 12:26:42 ::1 POST /Service1.svc - 49474 - ::1 - - 200 0 0 1988
2018-06-29 12:26:42 ::1 POST /Service1.svc - 49474 - ::1 - - 200 0 0 161
2018-06-29 12:26:42 ::1 POST /Service1.svc - 49474 - ::1 - - 200 0 0 123
2018-06-29 12:26:51 ::1 POST /Service1.svc - 49474 - ::1 - - 200 0 0 85
2018-06-29 12:26:51 ::1 POST /Service1.svc - 49474 - ::1 - - 200 0 0 132
2018-06-29 12:26:51 ::1 POST /Service1.svc - 49474 - ::1 - - 200 0 0 27
2018-06-29 12:26:51 ::1 POST /Service1.svc - 49474 - ::1 - - 200 0 0 206
2018-06-29 12:26:51 ::1 POST /Service1.svc - 49474 - ::1 - - 200 0 0 75
2018-06-29 12:26:51 ::1 POST /Service1.svc - 49474 - ::1 - - 200 0 0 260
2018-06-29 12:26:56 ::1 POST /Service1.svc - 49474 - ::1 - - 200 0 0 1416
2018-06-29 12:26:58 ::1 POST /Service1.svc - 49474 - ::1 - - 200 0 0 18
2018-06-29 12:26:58 ::1 POST /Service1.svc - 49474 - ::1 - - 200 0 0 170
2018-06-29 12:26:58 ::1 POST /Service1.svc - 49474 - ::1 - - 200 0 0 71
2018-06-29 12:26:58 ::1 POST /Service1.svc - 49474 - ::1 - - 200 0 0 21
2018-06-29 12:26:58 ::1 POST /Service1.svc - 49474 - ::1 - - 200 0 0 241
2018-06-29 12:26:58 ::1 POST /Service1.svc - 49474 - ::1 - - 200 0 0 372
2018-06-29 12:26:59 ::1 POST /Service1.svc - 49474 - ::1 - - 200 0 0 282
2018-06-29 12:26:59 ::1 POST /Service1.svc - 49474 - ::1 - - 200 0 0 177
2018-06-29 12:26:59 ::1 POST /Service1.svc - 49474 - ::1 - - 200 0 0 282
2018-06-29 12:26:59 ::1 POST /Service1.svc - 49474 - ::1 - - 200 0 0 399
2018-06-29 12:26:59 ::1 POST /Service1.svc - 49474 - ::1 - - 200 0 0 24
2018-06-29 12:27:00 ::1 POST /Service1.svc - 49474 - ::1 - - 200 0 0 136
2018-06-29 12:27:00 ::1 POST /Service1.svc - 49474 - ::1 - - 200 0 0 307
2018-06-29 12:27:00 ::1 POST /Service1.svc - 49474 - ::1 - - 200 0 0 78
2018-06-29 12:27:00 ::1 POST /Service1.svc - 49474 - ::1 - - 200 0 0 135
2018-06-29 12:27:00 ::1 POST /Service1.svc - 49474 - ::1 - - 200 0 0 101
2018-06-29 12:27:01 ::1 POST /Service1.svc - 49474 - ::1 - - 200 0 0 168
2018-06-29 12:27:01 ::1 POST /Service1.svc - 49474 - ::1 - - 200 0 0 169
2018-06-29 12:27:02 ::1 POST /Service1.svc - 49474 - ::1 - - 200 0 0 390
2018-06-29 12:27:02 ::1 POST /Service1.svc - 49474 - ::1 - - 200 0 0 532
2018-06-29 12:27:06 ::1 POST /Service1.svc - 49474 - ::1 - - 200 0 0 99
2018-06-29 12:27:06 ::1 POST /Service1.svc - 49474 - ::1 - - 200 0 0 25
2018-06-29 12:27:06 ::1 POST /Service1.svc - 49474 - ::1 - - 200 0 0 72
2018-06-29 12:27:06 ::1 POST /Service1.svc - 49474 - ::1 - - 200 0 0 184
2018-06-29 12:27:06 ::1 POST /Service1.svc - 49474 - ::1 - - 200 0 0 16
2018-06-29 12:27:06 ::1 POST /Service1.svc - 49474 - ::1 - - 200 0 0 168
2018-06-29 12:27:06 ::1 POST /Service1.svc - 49474 - ::1 - - 200 0 0 323
2018-06-29 12:27:16 ::1 POST /Service1.svc - 49474 - ::1 - - 200 0 0 17
2018-06-29 12:27:16 ::1 POST /Service1.svc - 49474 - ::1 - - 200 0 0 19
2018-06-29 12:27:16 ::1 POST /Service1.svc - 49474 - ::1 - - 200 0 0 16
2018-06-29 12:27:16 ::1 POST /Service1.svc - 49474 - ::1 - - 200 0 0 223
2018-06-29 12:27:16 ::1 POST /Service1.svc - 49474 - ::1 - - 200 0 0 27
2018-06-29 12:27:16 ::1 POST /Service1.svc - 49474 - ::1 - - 200 0 0 127
2018-06-29 12:27:16 ::1 POST /Service1.svc - 49474 - ::1 - - 200 0 0 138
2018-06-29 12:27:16 ::1 POST /Service1.svc - 49474 - ::1 - - 200 0 0 60
2018-06-29 12:27:16 ::1 POST /Service1.svc - 49474 - ::1 - - 200 0 0 103
2018-06-29 12:27:17 ::1 POST /Service1.svc - 49474 - ::1 - - 200 0 0 86
2018-06-29 12:27:17 ::1 POST /Service1.svc - 49474 - ::1 - - 200 0 0 170
2018-06-29 12:27:17 ::1 POST /Service1.svc - 49474 - ::1 - - 200 0 0 112
2018-06-29 12:27:20 ::1 POST /Service1.svc - 49474 - ::1 - - 200 0 0 107
2018-06-29 12:27:20 ::1 POST /Service1.svc - 49474 - ::1 - - 200 0 0 58
2018-06-29 12:27:20 ::1 POST /Service1.svc - 49474 - ::1 - - 200 0 0 17
2018-06-29 12:27:20 ::1 POST /Service1.svc - 49474 - ::1 - - 200 0 0 26
2018-06-29 12:27:20 ::1 POST /Service1.svc - 49474 - ::1 - - 200 0 0 22
2018-06-29 12:27:20 ::1 POST /Service1.svc - 49474 - ::1 - - 200 0 0 199
2018-06-29 12:27:22 ::1 POST /Service1.svc - 49474 - ::1 - - 200 0 0 1365
2018-06-29 12:27:23 ::1 POST /Service1.svc - 49474 - ::1 - - 200 0 0 58
2018-06-29 12:27:23 ::1 POST /Service1.svc - 49474 - ::1 - - 200 0 0 71
2018-06-29 12:27:23 ::1 POST /Service1.svc - 49474 - ::1 - - 200 0 0 218
2018-06-29 12:27:23 ::1 POST /Service1.svc - 49474 - ::1 - - 200 0 0 41
2018-06-29 12:27:23 ::1 POST /Service1.svc - 49474 - ::1 - - 200 0 0 358
2018-06-29 12:27:23 ::1 POST /Service1.svc - 49474 - ::1 - - 200 0 0 45
2018-06-29 12:27:24 ::1 POST /Service1.svc - 49474 - ::1 - - 200 0 0 126
2018-06-29 12:27:24 ::1 POST /Service1.svc - 49474 - ::1 - - 200 0 0 58
2018-06-29 12:27:24 ::1 POST /Service1.svc - 49474 - ::1 - - 200 0 0 78
2018-06-29 12:27:24 ::1 POST /Service1.svc - 49474 - ::1 - - 200 0 0 206
2018-06-29 12:27:24 ::1 POST /Service1.svc - 49474 - ::1 - - 200 0 0 270
2018-06-29 12:27:24 ::1 POST /Service1.svc - 49474 - ::1 - - 200 0 0 43
2018-06-29 12:27:28 ::1 POST /Service1.svc - 49474 - ::1 - - 200 0 0 72
2018-06-29 12:27:28 ::1 POST /Service1.svc - 49474 - ::1 - - 200 0 0 86
2018-06-29 12:27:28 ::1 POST /Service1.svc - 49474 - ::1 - - 200 0 0 32
2018-06-29 12:27:28 ::1 POST /Service1.svc - 49474 - ::1 - - 200 0 0 71
2018-06-29 12:27:28 ::1 POST /Service1.svc - 49474 - ::1 - - 200 0 0 232
2018-06-29 12:27:28 ::1 POST /Service1.svc - 49474 - ::1 - - 200 0 0 39
