#Software: Microsoft Internet Information Services 10.0
#Version: 1.0
#Date: 2018-07-02 06:51:24
#Fields: date time s-ip cs-method cs-uri-stem cs-uri-query s-port cs-username c-ip cs(User-Agent) cs(Referer) sc-status sc-substatus sc-win32-status time-taken
2018-07-02 06:51:23 ::1 POST /Service1.svc - 49474 - ::1 - - 415 0 0 40267
2018-07-02 06:51:23 ::1 POST /Service1.svc/mex - 49474 - ::1 - - 415 0 0 11
2018-07-02 06:51:30 ::1 GET /Service1.svc - 49474 - ::1 Mozilla/4.0+(compatible;+MSIE+6.0;+MS+Web+Services+Client+Protocol+4.0.30319.42000) - 200 0 0 6335
2018-07-02 06:51:30 ::1 GET /Service1.svc disco 49474 - ::1 Mozilla/4.0+(compatible;+MSIE+6.0;+MS+Web+Services+Client+Protocol+4.0.30319.42000) - 200 0 0 128
2018-07-02 06:51:31 ::1 GET /Service1.svc wsdl 49474 - ::1 Mozilla/4.0+(compatible;+MSIE+6.0;+MS+Web+Services+Client+Protocol+4.0.30319.42000) - 200 0 0 495
2018-07-02 06:51:33 ::1 GET /Service1.svc xsd=xsd0 49474 - ::1 Mozilla/4.0+(compatible;+MSIE+6.0;+MS+Web+Services+Client+Protocol+4.0.30319.42000) - 200 0 0 1132
2018-07-02 06:51:33 ::1 GET /Service1.svc xsd=xsd2 49474 - ::1 Mozilla/4.0+(compatible;+MSIE+6.0;+MS+Web+Services+Client+Protocol+4.0.30319.42000) - 200 0 0 6
2018-07-02 06:51:33 ::1 GET /Service1.svc xsd=xsd3 49474 - ::1 Mozilla/4.0+(compatible;+MSIE+6.0;+MS+Web+Services+Client+Protocol+4.0.30319.42000) - 200 0 0 69
2018-07-02 06:51:33 ::1 GET /Service1.svc xsd=xsd1 49474 - ::1 Mozilla/4.0+(compatible;+MSIE+6.0;+MS+Web+Services+Client+Protocol+4.0.30319.42000) - 200 0 0 17
#Software: Microsoft Internet Information Services 10.0
#Version: 1.0
#Date: 2018-07-02 07:07:32
#Fields: date time s-ip cs-method cs-uri-stem cs-uri-query s-port cs-username c-ip cs(User-Agent) cs(Referer) sc-status sc-substatus sc-win32-status time-taken
2018-07-02 07:07:32 ::1 POST /Service1.svc - 49474 - ::1 - - 200 0 0 2869
2018-07-02 07:07:32 ::1 POST /Service1.svc - 49474 - ::1 - - 200 0 0 50
2018-07-02 07:07:32 ::1 POST /Service1.svc - 49474 - ::1 - - 200 0 0 62
2018-07-02 07:07:32 ::1 POST /Service1.svc - 49474 - ::1 - - 200 0 0 218
2018-07-02 07:07:32 ::1 POST /Service1.svc - 49474 - ::1 - - 200 0 0 24
2018-07-02 07:07:32 ::1 POST /Service1.svc - 49474 - ::1 - - 200 0 0 59
2018-07-02 07:07:36 ::1 POST /Service1.svc - 49474 - ::1 - - 200 0 0 20
2018-07-02 07:07:36 ::1 POST /Service1.svc - 49474 - ::1 - - 200 0 0 17
2018-07-02 07:07:36 ::1 POST /Service1.svc - 49474 - ::1 - - 200 0 0 40
2018-07-02 07:07:36 ::1 POST /Service1.svc - 49474 - ::1 - - 200 0 0 91
2018-07-02 07:07:36 ::1 POST /Service1.svc - 49474 - ::1 - - 200 0 0 37
2018-07-02 07:07:36 ::1 POST /Service1.svc - 49474 - ::1 - - 200 0 0 20
2018-07-02 07:07:36 ::1 POST /Service1.svc - 49474 - ::1 - - 200 0 0 176
2018-07-02 07:07:42 ::1 POST /Service1.svc - 49474 - ::1 - - 200 0 0 12
2018-07-02 07:07:42 ::1 POST /Service1.svc - 49474 - ::1 - - 200 0 0 18
2018-07-02 07:07:42 ::1 POST /Service1.svc - 49474 - ::1 - - 200 0 0 41
2018-07-02 07:07:42 ::1 POST /Service1.svc - 49474 - ::1 - - 200 0 0 38
2018-07-02 07:07:42 ::1 POST /Service1.svc - 49474 - ::1 - - 200 0 0 28
2018-07-02 07:07:42 ::1 POST /Service1.svc - 49474 - ::1 - - 200 0 0 44
2018-07-02 07:07:42 ::1 POST /Service1.svc - 49474 - ::1 - - 200 0 0 139
2018-07-02 07:07:42 ::1 POST /Service1.svc - 49474 - ::1 - - 200 0 0 38
2018-07-02 07:07:42 ::1 POST /Service1.svc - 49474 - ::1 - - 200 0 0 63
2018-07-02 07:07:42 ::1 POST /Service1.svc - 49474 - ::1 - - 200 0 0 96
2018-07-02 07:07:42 ::1 POST /Service1.svc - 49474 - ::1 - - 200 0 0 91
2018-07-02 07:07:42 ::1 POST /Service1.svc - 49474 - ::1 - - 200 0 0 33
2018-07-02 07:07:49 ::1 POST /Service1.svc - 49474 - ::1 - - 200 0 0 16
2018-07-02 07:07:49 ::1 POST /Service1.svc - 49474 - ::1 - - 200 0 0 20
2018-07-02 07:07:49 ::1 POST /Service1.svc - 49474 - ::1 - - 200 0 0 23
2018-07-02 07:07:49 ::1 POST /Service1.svc - 49474 - ::1 - - 200 0 0 33
2018-07-02 07:07:49 ::1 POST /Service1.svc - 49474 - ::1 - - 200 0 0 39
2018-07-02 07:07:49 ::1 POST /Service1.svc - 49474 - ::1 - - 200 0 0 19
2018-07-02 07:07:49 ::1 POST /Service1.svc - 49474 - ::1 - - 200 0 0 145
2018-07-02 07:07:54 ::1 POST /Service1.svc - 49474 - ::1 - - 200 0 0 66
2018-07-02 07:07:54 ::1 POST /Service1.svc - 49474 - ::1 - - 200 0 0 49
2018-07-02 07:07:54 ::1 POST /Service1.svc - 49474 - ::1 - - 200 0 0 31
2018-07-02 07:07:54 ::1 POST /Service1.svc - 49474 - ::1 - - 200 0 0 56
2018-07-02 07:07:54 ::1 POST /Service1.svc - 49474 - ::1 - - 200 0 0 138
2018-07-02 07:07:54 ::1 POST /Service1.svc - 49474 - ::1 - - 200 0 0 50
2018-07-02 07:07:54 ::1 POST /Service1.svc - 49474 - ::1 - - 200 0 0 145
2018-07-02 07:07:54 ::1 POST /Service1.svc - 49474 - ::1 - - 200 0 0 76
2018-07-02 07:07:54 ::1 POST /Service1.svc - 49474 - ::1 - - 200 0 0 105
2018-07-02 07:07:54 ::1 POST /Service1.svc - 49474 - ::1 - - 200 0 0 47
2018-07-02 07:07:55 ::1 POST /Service1.svc - 49474 - ::1 - - 200 0 0 58
2018-07-02 07:07:55 ::1 POST /Service1.svc - 49474 - ::1 - - 200 0 0 166
2018-07-02 07:08:04 ::1 POST /Service1.svc - 49474 - ::1 - - 200 0 0 23
2018-07-02 07:08:04 ::1 POST /Service1.svc - 49474 - ::1 - - 200 0 0 20
2018-07-02 07:08:04 ::1 POST /Service1.svc - 49474 - ::1 - - 200 0 0 25
2018-07-02 07:08:04 ::1 POST /Service1.svc - 49474 - ::1 - - 200 0 0 80
2018-07-02 07:08:04 ::1 POST /Service1.svc - 49474 - ::1 - - 200 0 0 92
2018-07-02 07:08:04 ::1 POST /Service1.svc - 49474 - ::1 - - 200 0 0 24
2018-07-02 07:08:04 ::1 POST /Service1.svc - 49474 - ::1 - - 200 0 0 417
2018-07-02 07:08:05 ::1 POST /Service1.svc - 49474 - ::1 - - 200 0 0 314
2018-07-02 07:08:05 ::1 POST /Service1.svc - 49474 - ::1 - - 200 0 0 319
2018-07-02 07:08:05 ::1 POST /Service1.svc - 49474 - ::1 - - 200 0 0 42
2018-07-02 07:08:05 ::1 POST /Service1.svc - 49474 - ::1 - - 200 0 0 114
2018-07-02 07:08:05 ::1 POST /Service1.svc - 49474 - ::1 - - 200 0 0 45
2018-07-02 07:08:09 ::1 POST /Service1.svc - 49474 - ::1 - - 200 0 0 109
2018-07-02 07:08:09 ::1 POST /Service1.svc - 49474 - ::1 - - 200 0 0 66
2018-07-02 07:08:09 ::1 POST /Service1.svc - 49474 - ::1 - - 200 0 0 34
2018-07-02 07:08:09 ::1 POST /Service1.svc - 49474 - ::1 - - 200 0 0 119
2018-07-02 07:08:09 ::1 POST /Service1.svc - 49474 - ::1 - - 200 0 0 37
2018-07-02 07:08:09 ::1 POST /Service1.svc - 49474 - ::1 - - 200 0 0 40
2018-07-02 07:08:09 ::1 POST /Service1.svc - 49474 - ::1 - - 200 0 0 88
2018-07-02 07:08:09 ::1 POST /Service1.svc - 49474 - ::1 - - 200 0 0 108
2018-07-02 07:08:09 ::1 POST /Service1.svc - 49474 - ::1 - - 200 0 0 55
2018-07-02 07:08:09 ::1 POST /Service1.svc - 49474 - ::1 - - 200 0 0 39
2018-07-02 07:08:09 ::1 POST /Service1.svc - 49474 - ::1 - - 200 0 0 60
2018-07-02 07:08:09 ::1 POST /Service1.svc - 49474 - ::1 - - 200 0 0 99
2018-07-02 07:08:10 ::1 POST /Service1.svc - 49474 - ::1 - - 200 0 0 81
2018-07-02 07:08:10 ::1 POST /Service1.svc - 49474 - ::1 - - 200 0 0 88
2018-07-02 07:08:10 ::1 POST /Service1.svc - 49474 - ::1 - - 200 0 0 117
2018-07-02 07:08:10 ::1 POST /Service1.svc - 49474 - ::1 - - 200 0 0 100
2018-07-02 07:08:10 ::1 POST /Service1.svc - 49474 - ::1 - - 200 0 0 23
2018-07-02 07:08:10 ::1 POST /Service1.svc - 49474 - ::1 - - 200 0 0 36
2018-07-02 07:08:11 ::1 POST /Service1.svc - 49474 - ::1 - - 200 0 0 106
2018-07-02 07:08:11 ::1 POST /Service1.svc - 49474 - ::1 - - 200 0 0 620
2018-07-02 07:08:11 ::1 POST /Service1.svc - 49474 - ::1 - - 200 0 0 43
2018-07-02 07:08:11 ::1 POST /Service1.svc - 49474 - ::1 - - 200 0 0 297
2018-07-02 07:08:12 ::1 POST /Service1.svc - 49474 - ::1 - - 200 0 0 268
2018-07-02 07:08:18 ::1 POST /Service1.svc - 49474 - ::1 - - 200 0 0 153
2018-07-02 07:08:33 ::1 POST /Service1.svc - 49474 - ::1 - - 200 0 0 35
2018-07-02 07:08:33 ::1 POST /Service1.svc - 49474 - ::1 - - 200 0 0 120
2018-07-02 07:08:33 ::1 POST /Service1.svc - 49474 - ::1 - - 200 0 0 80
2018-07-02 07:08:33 ::1 POST /Service1.svc - 49474 - ::1 - - 200 0 0 95
2018-07-02 07:08:33 ::1 POST /Service1.svc - 49474 - ::1 - - 200 0 0 19
2018-07-02 07:08:33 ::1 POST /Service1.svc - 49474 - ::1 - - 200 0 0 47
2018-07-02 07:08:33 ::1 POST /Service1.svc - 49474 - ::1 - - 200 0 0 94
2018-07-02 07:08:33 ::1 POST /Service1.svc - 49474 - ::1 - - 200 0 0 56
2018-07-02 07:08:33 ::1 POST /Service1.svc - 49474 - ::1 - - 200 0 0 70
2018-07-02 07:08:33 ::1 POST /Service1.svc - 49474 - ::1 - - 200 0 0 128
2018-07-02 07:08:33 ::1 POST /Service1.svc - 49474 - ::1 - - 200 0 0 45
2018-07-02 07:08:34 ::1 POST /Service1.svc - 49474 - ::1 - - 200 0 0 148
2018-07-02 07:08:34 ::1 POST /Service1.svc - 49474 - ::1 - - 200 0 0 115
2018-07-02 07:08:34 ::1 POST /Service1.svc - 49474 - ::1 - - 200 0 0 48
2018-07-02 07:08:35 ::1 POST /Service1.svc - 49474 - ::1 - - 200 0 0 101
2018-07-02 07:08:35 ::1 POST /Service1.svc - 49474 - ::1 - - 200 0 0 38
2018-07-02 07:08:35 ::1 POST /Service1.svc - 49474 - ::1 - - 200 0 0 102
2018-07-02 07:08:35 ::1 POST /Service1.svc - 49474 - ::1 - - 200 0 0 37
2018-07-02 07:08:35 ::1 POST /Service1.svc - 49474 - ::1 - - 200 0 0 83
2018-07-02 07:08:35 ::1 POST /Service1.svc - 49474 - ::1 - - 200 0 0 74
2018-07-02 07:08:35 ::1 POST /Service1.svc - 49474 - ::1 - - 200 0 0 85
2018-07-02 07:08:35 ::1 POST /Service1.svc - 49474 - ::1 - - 200 0 0 51
2018-07-02 07:08:35 ::1 POST /Service1.svc - 49474 - ::1 - - 200 0 0 63
2018-07-02 07:08:35 ::1 POST /Service1.svc - 49474 - ::1 - - 200 0 0 45
2018-07-02 07:08:37 ::1 POST /Service1.svc - 49474 - ::1 - - 200 0 0 59
2018-07-02 07:08:37 ::1 POST /Service1.svc - 49474 - ::1 - - 200 0 0 27
2018-07-02 07:08:37 ::1 POST /Service1.svc - 49474 - ::1 - - 200 0 0 19
2018-07-02 07:08:37 ::1 POST /Service1.svc - 49474 - ::1 - - 200 0 0 21
2018-07-02 07:08:37 ::1 POST /Service1.svc - 49474 - ::1 - - 200 0 0 159
2018-07-02 07:08:37 ::1 POST /Service1.svc - 49474 - ::1 - - 200 0 0 48
#Software: Microsoft Internet Information Services 10.0
#Version: 1.0
#Date: 2018-07-02 12:01:43
#Fields: date time s-ip cs-method cs-uri-stem cs-uri-query s-port cs-username c-ip cs(User-Agent) cs(Referer) sc-status sc-substatus sc-win32-status time-taken
2018-07-02 12:01:43 ::1 POST /Service1.svc - 49474 - ::1 - - 415 0 0 31710
2018-07-02 12:01:44 ::1 POST /Service1.svc/mex - 49474 - ::1 - - 415 0 0 45
2018-07-02 12:01:51 ::1 GET /Service1.svc - 49474 - ::1 Mozilla/4.0+(compatible;+MSIE+6.0;+MS+Web+Services+Client+Protocol+4.0.30319.42000) - 200 0 0 6608
2018-07-02 12:01:51 ::1 GET /Service1.svc disco 49474 - ::1 Mozilla/4.0+(compatible;+MSIE+6.0;+MS+Web+Services+Client+Protocol+4.0.30319.42000) - 200 0 0 84
2018-07-02 12:01:51 ::1 GET /Service1.svc wsdl 49474 - ::1 Mozilla/4.0+(compatible;+MSIE+6.0;+MS+Web+Services+Client+Protocol+4.0.30319.42000) - 200 0 0 145
2018-07-02 12:01:53 ::1 GET /Service1.svc xsd=xsd0 49474 - ::1 Mozilla/4.0+(compatible;+MSIE+6.0;+MS+Web+Services+Client+Protocol+4.0.30319.42000) - 200 0 0 1745
2018-07-02 12:01:53 ::1 GET /Service1.svc xsd=xsd2 49474 - ::1 Mozilla/4.0+(compatible;+MSIE+6.0;+MS+Web+Services+Client+Protocol+4.0.30319.42000) - 200 0 0 92
2018-07-02 12:01:53 ::1 GET /Service1.svc xsd=xsd3 49474 - ::1 Mozilla/4.0+(compatible;+MSIE+6.0;+MS+Web+Services+Client+Protocol+4.0.30319.42000) - 200 0 0 16
2018-07-02 12:01:53 ::1 GET /Service1.svc xsd=xsd1 49474 - ::1 Mozilla/4.0+(compatible;+MSIE+6.0;+MS+Web+Services+Client+Protocol+4.0.30319.42000) - 200 0 0 24
2018-07-02 12:06:12 ::1 POST /Service1.svc - 49474 - ::1 - - 200 0 0 9944
2018-07-02 12:06:14 ::1 POST /Service1.svc - 49474 - ::1 - - 200 0 0 1007
2018-07-02 12:06:15 ::1 POST /Service1.svc - 49474 - ::1 - - 200 0 0 1089
2018-07-02 12:06:15 ::1 POST /Service1.svc - 49474 - ::1 - - 200 0 0 526
2018-07-02 12:06:15 ::1 POST /Service1.svc - 49474 - ::1 - - 200 0 0 179
2018-07-02 12:06:15 ::1 POST /Service1.svc - 49474 - ::1 - - 200 0 0 17
2018-07-02 12:06:27 ::1 POST /Service1.svc - 49474 - ::1 - - 200 0 0 34
2018-07-02 12:06:27 ::1 POST /Service1.svc - 49474 - ::1 - - 200 0 0 83
2018-07-02 12:06:27 ::1 POST /Service1.svc - 49474 - ::1 - - 200 0 0 19
2018-07-02 12:06:27 ::1 POST /Service1.svc - 49474 - ::1 - - 200 0 0 48
2018-07-02 12:06:27 ::1 POST /Service1.svc - 49474 - ::1 - - 200 0 0 48
2018-07-02 12:06:27 ::1 POST /Service1.svc - 49474 - ::1 - - 200 0 0 17
2018-07-02 12:06:29 ::1 POST /Service1.svc - 49474 - ::1 - - 200 0 0 245
2018-07-02 12:06:29 ::1 POST /Service1.svc - 49474 - ::1 - - 200 0 0 252
2018-07-02 12:06:29 ::1 POST /Service1.svc - 49474 - ::1 - - 200 0 0 54
2018-07-02 12:06:29 ::1 POST /Service1.svc - 49474 - ::1 - - 200 0 0 170
2018-07-02 12:06:29 ::1 POST /Service1.svc - 49474 - ::1 - - 200 0 0 60
2018-07-02 12:06:29 ::1 POST /Service1.svc - 49474 - ::1 - - 200 0 0 281
2018-07-02 12:06:32 ::1 POST /Service1.svc - 49474 - ::1 - - 200 0 0 80
2018-07-02 12:06:32 ::1 POST /Service1.svc - 49474 - ::1 - - 200 0 0 22
2018-07-02 12:06:32 ::1 POST /Service1.svc - 49474 - ::1 - - 200 0 0 27
2018-07-02 12:06:32 ::1 POST /Service1.svc - 49474 - ::1 - - 200 0 0 98
2018-07-02 12:06:32 ::1 POST /Service1.svc - 49474 - ::1 - - 200 0 0 59
2018-07-02 12:06:32 ::1 POST /Service1.svc - 49474 - ::1 - - 200 0 0 62
2018-07-02 12:06:32 ::1 POST /Service1.svc - 49474 - ::1 - - 200 0 0 56
2018-07-02 12:06:32 ::1 POST /Service1.svc - 49474 - ::1 - - 200 0 0 50
2018-07-02 12:06:32 ::1 POST /Service1.svc - 49474 - ::1 - - 200 0 0 164
2018-07-02 12:06:32 ::1 POST /Service1.svc - 49474 - ::1 - - 200 0 0 159
2018-07-02 12:06:32 ::1 POST /Service1.svc - 49474 - ::1 - - 200 0 0 39
2018-07-02 12:06:32 ::1 POST /Service1.svc - 49474 - ::1 - - 200 0 0 32
2018-07-02 12:06:33 ::1 POST /Service1.svc - 49474 - ::1 - - 200 0 0 45
2018-07-02 12:06:33 ::1 POST /Service1.svc - 49474 - ::1 - - 200 0 0 26
2018-07-02 12:06:33 ::1 POST /Service1.svc - 49474 - ::1 - - 200 0 0 224
2018-07-02 12:06:33 ::1 POST /Service1.svc - 49474 - ::1 - - 200 0 0 81
2018-07-02 12:06:33 ::1 POST /Service1.svc - 49474 - ::1 - - 200 0 0 70
2018-07-02 12:06:33 ::1 POST /Service1.svc - 49474 - ::1 - - 200 0 0 199
2018-07-02 12:06:35 ::1 POST /Service1.svc - 49474 - ::1 - - 200 0 0 260
2018-07-02 12:06:35 ::1 POST /Service1.svc - 49474 - ::1 - - 200 0 0 290
2018-07-02 12:06:35 ::1 POST /Service1.svc - 49474 - ::1 - - 200 0 0 252
2018-07-02 12:06:35 ::1 POST /Service1.svc - 49474 - ::1 - - 200 0 0 260
2018-07-02 12:06:36 ::1 POST /Service1.svc - 49474 - ::1 - - 200 0 0 212
2018-07-02 12:06:40 ::1 POST /Service1.svc - 49474 - ::1 - - 200 0 0 104
2018-07-02 12:06:54 ::1 POST /Service1.svc - 49474 - ::1 - - 200 0 0 862
2018-07-02 12:07:11 ::1 POST /Service1.svc - 49474 - ::1 - - 200 0 0 156
2018-07-02 12:07:11 ::1 POST /Service1.svc - 49474 - ::1 - - 200 0 0 86
2018-07-02 12:07:11 ::1 POST /Service1.svc - 49474 - ::1 - - 200 0 0 199
2018-07-02 12:07:17 ::1 POST /Service1.svc - 49474 - ::1 - - 200 0 0 83
2018-07-02 12:07:17 ::1 POST /Service1.svc - 49474 - ::1 - - 200 0 0 113
2018-07-02 12:07:17 ::1 POST /Service1.svc - 49474 - ::1 - - 200 0 0 95
2018-07-02 12:07:25 ::1 POST /Service1.svc - 49474 - ::1 - - 200 0 0 284
2018-07-02 12:07:25 ::1 POST /Service1.svc - 49474 - ::1 - - 200 0 0 42
2018-07-02 12:07:25 ::1 POST /Service1.svc - 49474 - ::1 - - 200 0 0 155
2018-07-02 12:07:35 ::1 POST /Service1.svc - 49474 - ::1 - - 200 0 0 223
2018-07-02 12:07:41 ::1 POST /Service1.svc - 49474 - ::1 - - 200 0 0 94
2018-07-02 12:07:50 ::1 POST /Service1.svc - 49474 - ::1 - - 200 0 0 47
2018-07-02 12:07:55 ::1 POST /Service1.svc - 49474 - ::1 - - 200 0 0 23
2018-07-02 12:07:59 ::1 POST /Service1.svc - 49474 - ::1 - - 200 0 0 532
2018-07-02 12:07:59 ::1 POST /Service1.svc - 49474 - ::1 - - 200 0 0 35
2018-07-02 12:07:59 ::1 POST /Service1.svc - 49474 - ::1 - - 200 0 0 54
2018-07-02 12:07:59 ::1 POST /Service1.svc - 49474 - ::1 - - 200 0 0 171
2018-07-02 12:07:59 ::1 POST /Service1.svc - 49474 - ::1 - - 200 0 0 13
2018-07-02 12:08:00 ::1 POST /Service1.svc - 49474 - ::1 - - 200 0 0 126
2018-07-02 12:08:00 ::1 POST /Service1.svc - 49474 - ::1 - - 200 0 0 76
2018-07-02 12:08:00 ::1 POST /Service1.svc - 49474 - ::1 - - 200 0 0 66
2018-07-02 12:08:00 ::1 POST /Service1.svc - 49474 - ::1 - - 200 0 0 32
2018-07-02 12:08:00 ::1 POST /Service1.svc - 49474 - ::1 - - 200 0 0 28
2018-07-02 12:08:01 ::1 POST /Service1.svc - 49474 - ::1 - - 200 0 0 50
2018-07-02 12:08:04 ::1 POST /Service1.svc - 49474 - ::1 - - 200 0 0 48
2018-07-02 12:08:04 ::1 POST /Service1.svc - 49474 - ::1 - - 200 0 0 104
2018-07-02 12:08:04 ::1 POST /Service1.svc - 49474 - ::1 - - 200 0 0 29
2018-07-02 12:08:04 ::1 POST /Service1.svc - 49474 - ::1 - - 200 0 0 40
2018-07-02 12:08:04 ::1 POST /Service1.svc - 49474 - ::1 - - 200 0 0 14
2018-07-02 12:08:04 ::1 POST /Service1.svc - 49474 - ::1 - - 200 0 0 37
2018-07-02 12:08:04 ::1 POST /Service1.svc - 49474 - ::1 - - 200 0 0 185
2018-07-02 12:08:04 ::1 POST /Service1.svc - 49474 - ::1 - - 200 0 0 45
2018-07-02 12:08:04 ::1 POST /Service1.svc - 49474 - ::1 - - 200 0 0 51
2018-07-02 12:08:04 ::1 POST /Service1.svc - 49474 - ::1 - - 200 0 0 203
2018-07-02 12:08:05 ::1 POST /Service1.svc - 49474 - ::1 - - 200 0 0 467
2018-07-02 12:08:05 ::1 POST /Service1.svc - 49474 - ::1 - - 200 0 0 49
2018-07-02 12:08:06 ::1 POST /Service1.svc - 49474 - ::1 - - 200 0 0 68
2018-07-02 12:08:06 ::1 POST /Service1.svc - 49474 - ::1 - - 200 0 0 18
2018-07-02 12:08:06 ::1 POST /Service1.svc - 49474 - ::1 - - 200 0 0 99
2018-07-02 12:08:06 ::1 POST /Service1.svc - 49474 - ::1 - - 200 0 0 28
2018-07-02 12:08:06 ::1 POST /Service1.svc - 49474 - ::1 - - 200 0 0 71
2018-07-02 12:08:06 ::1 POST /Service1.svc - 49474 - ::1 - - 200 0 0 106
2018-07-02 12:08:06 ::1 POST /Service1.svc - 49474 - ::1 - - 200 0 0 182
2018-07-02 12:08:08 ::1 POST /Service1.svc - 49474 - ::1 - - 200 0 0 403
2018-07-02 12:08:08 ::1 POST /Service1.svc - 49474 - ::1 - - 200 0 0 190
2018-07-02 12:08:08 ::1 POST /Service1.svc - 49474 - ::1 - - 200 0 0 301
2018-07-02 12:08:08 ::1 POST /Service1.svc - 49474 - ::1 - - 200 0 0 36
2018-07-02 12:08:08 ::1 POST /Service1.svc - 49474 - ::1 - - 200 0 0 91
2018-07-02 12:08:21 ::1 POST /Service1.svc - 49474 - ::1 - - 200 0 0 100
2018-07-02 12:08:21 ::1 POST /Service1.svc - 49474 - ::1 - - 200 0 0 44
2018-07-02 12:08:21 ::1 POST /Service1.svc - 49474 - ::1 - - 200 0 0 53
2018-07-02 12:08:21 ::1 POST /Service1.svc - 49474 - ::1 - - 200 0 0 23
2018-07-02 12:08:41 ::1 POST /Service1.svc - 49474 - ::1 - - 200 0 0 25
2018-07-02 12:08:41 ::1 POST /Service1.svc - 49474 - ::1 - - 200 0 0 22
2018-07-02 12:08:41 ::1 POST /Service1.svc - 49474 - ::1 - - 200 0 0 49
2018-07-02 12:08:41 ::1 POST /Service1.svc - 49474 - ::1 - - 200 0 0 95
2018-07-02 12:08:41 ::1 POST /Service1.svc - 49474 - ::1 - - 200 0 0 24
2018-07-02 12:08:41 ::1 POST /Service1.svc - 49474 - ::1 - - 200 0 0 95
2018-07-02 12:08:43 ::1 POST /Service1.svc - 49474 - ::1 - - 200 0 0 30
2018-07-02 12:08:43 ::1 POST /Service1.svc - 49474 - ::1 - - 200 0 0 107
2018-07-02 12:08:43 ::1 POST /Service1.svc - 49474 - ::1 - - 200 0 0 113
2018-07-02 12:08:43 ::1 POST /Service1.svc - 49474 - ::1 - - 200 0 0 39
2018-07-02 12:08:43 ::1 POST /Service1.svc - 49474 - ::1 - - 200 0 0 76
2018-07-02 12:08:43 ::1 POST /Service1.svc - 49474 - ::1 - - 200 0 0 110
2018-07-02 12:10:30 ::1 POST /Service1.svc - 49474 - ::1 - - 200 0 0 217
2018-07-02 12:10:30 ::1 POST /Service1.svc - 49474 - ::1 - - 200 0 0 93
2018-07-02 12:10:30 ::1 POST /Service1.svc - 49474 - ::1 - - 200 0 0 88
2018-07-02 12:10:30 ::1 POST /Service1.svc - 49474 - ::1 - - 200 0 0 121
2018-07-02 12:10:30 ::1 POST /Service1.svc - 49474 - ::1 - - 200 0 0 334
2018-07-02 12:10:31 ::1 POST /Service1.svc - 49474 - ::1 - - 200 0 0 84
