#Software: Microsoft Internet Information Services 10.0
#Version: 1.0
#Date: 2018-07-04 11:12:00
#Fields: date time s-ip cs-method cs-uri-stem cs-uri-query s-port cs-username c-ip cs(User-Agent) cs(Referer) sc-status sc-substatus sc-win32-status time-taken
2018-07-04 11:11:59 ::1 POST /Service1.svc - 49474 - ::1 - - 415 0 0 17300
2018-07-04 11:11:59 ::1 POST /Service1.svc/mex - 49474 - ::1 - - 415 0 0 8
2018-07-04 11:12:05 ::1 GET /Service1.svc - 49474 - ::1 Mozilla/4.0+(compatible;+MSIE+6.0;+MS+Web+Services+Client+Protocol+4.0.30319.42000) - 200 0 0 4854
2018-07-04 11:12:05 ::1 GET /Service1.svc disco 49474 - ::1 Mozilla/4.0+(compatible;+MSIE+6.0;+MS+Web+Services+Client+Protocol+4.0.30319.42000) - 200 0 0 10
2018-07-04 11:12:05 ::1 GET /Service1.svc wsdl 49474 - ::1 Mozilla/4.0+(compatible;+MSIE+6.0;+MS+Web+Services+Client+Protocol+4.0.30319.42000) - 200 0 0 90
2018-07-04 11:12:06 ::1 GET /Service1.svc xsd=xsd0 49474 - ::1 Mozilla/4.0+(compatible;+MSIE+6.0;+MS+Web+Services+Client+Protocol+4.0.30319.42000) - 200 0 0 1208
2018-07-04 11:12:06 ::1 GET /Service1.svc xsd=xsd2 49474 - ::1 Mozilla/4.0+(compatible;+MSIE+6.0;+MS+Web+Services+Client+Protocol+4.0.30319.42000) - 200 0 0 10
2018-07-04 11:12:06 ::1 GET /Service1.svc xsd=xsd3 49474 - ::1 Mozilla/4.0+(compatible;+MSIE+6.0;+MS+Web+Services+Client+Protocol+4.0.30319.42000) - 200 0 0 14
2018-07-04 11:12:06 ::1 GET /Service1.svc xsd=xsd1 49474 - ::1 Mozilla/4.0+(compatible;+MSIE+6.0;+MS+Web+Services+Client+Protocol+4.0.30319.42000) - 200 0 0 16
2018-07-04 11:13:15 ::1 GET /Service1.svc - 49474 - ::1 Mozilla/4.0+(compatible;+MSIE+6.0;+MS+Web+Services+Client+Protocol+4.0.30319.42000) - 200 0 0 117
2018-07-04 11:13:15 ::1 GET /Service1.svc disco 49474 - ::1 Mozilla/4.0+(compatible;+MSIE+6.0;+MS+Web+Services+Client+Protocol+4.0.30319.42000) - 200 0 0 10
2018-07-04 11:13:15 ::1 GET /Service1.svc wsdl 49474 - ::1 Mozilla/4.0+(compatible;+MSIE+6.0;+MS+Web+Services+Client+Protocol+4.0.30319.42000) - 200 0 0 120
2018-07-04 11:13:15 ::1 GET /Service1.svc/$metadata - 49474 - ::1 Mozilla/4.0+(compatible;+MSIE+6.0;+MS+Web+Services+Client+Protocol+4.0.30319.42000) - 400 0 0 577
2018-07-04 11:13:16 ::1 GET /Service1.svc xsd=xsd0 49474 - ::1 Mozilla/4.0+(compatible;+MSIE+6.0;+MS+Web+Services+Client+Protocol+4.0.30319.42000) - 200 0 0 62
2018-07-04 11:13:16 ::1 GET /Service1.svc xsd=xsd2 49474 - ::1 Mozilla/4.0+(compatible;+MSIE+6.0;+MS+Web+Services+Client+Protocol+4.0.30319.42000) - 200 0 0 11
2018-07-04 11:13:16 ::1 GET /Service1.svc xsd=xsd3 49474 - ::1 Mozilla/4.0+(compatible;+MSIE+6.0;+MS+Web+Services+Client+Protocol+4.0.30319.42000) - 200 0 0 17
2018-07-04 11:13:16 ::1 GET /Service1.svc xsd=xsd1 49474 - ::1 Mozilla/4.0+(compatible;+MSIE+6.0;+MS+Web+Services+Client+Protocol+4.0.30319.42000) - 200 0 0 11
2018-07-04 11:13:22 ::1 POST /Service1.svc/mex - 49474 - ::1 - - 415 0 0 17
2018-07-04 11:13:22 ::1 POST /Service1.svc - 49474 - ::1 - - 415 0 0 38
2018-07-04 11:18:14 ::1 GET /Service1.svc - 49474 - ::1 Mozilla/4.0+(compatible;+MSIE+6.0;+MS+Web+Services+Client+Protocol+4.0.30319.42000) - 200 0 0 70
2018-07-04 11:18:14 ::1 GET /Service1.svc/$metadata - 49474 - ::1 Mozilla/4.0+(compatible;+MSIE+6.0;+MS+Web+Services+Client+Protocol+4.0.30319.42000) - 400 0 0 76
2018-07-04 11:18:14 ::1 GET /Service1.svc disco 49474 - ::1 Mozilla/4.0+(compatible;+MSIE+6.0;+MS+Web+Services+Client+Protocol+4.0.30319.42000) - 200 0 0 11
2018-07-04 11:18:14 ::1 GET /Service1.svc wsdl 49474 - ::1 Mozilla/4.0+(compatible;+MSIE+6.0;+MS+Web+Services+Client+Protocol+4.0.30319.42000) - 200 0 0 9
2018-07-04 11:18:14 ::1 GET /Service1.svc xsd=xsd0 49474 - ::1 Mozilla/4.0+(compatible;+MSIE+6.0;+MS+Web+Services+Client+Protocol+4.0.30319.42000) - 200 0 0 15
2018-07-04 11:18:14 ::1 GET /Service1.svc xsd=xsd2 49474 - ::1 Mozilla/4.0+(compatible;+MSIE+6.0;+MS+Web+Services+Client+Protocol+4.0.30319.42000) - 200 0 0 21
2018-07-04 11:18:14 ::1 GET /Service1.svc xsd=xsd3 49474 - ::1 Mozilla/4.0+(compatible;+MSIE+6.0;+MS+Web+Services+Client+Protocol+4.0.30319.42000) - 200 0 0 49
2018-07-04 11:18:14 ::1 POST /Service1.svc - 49474 - ::1 - - 415 0 0 30
2018-07-04 11:18:14 ::1 GET /Service1.svc xsd=xsd1 49474 - ::1 Mozilla/4.0+(compatible;+MSIE+6.0;+MS+Web+Services+Client+Protocol+4.0.30319.42000) - 200 0 0 26
2018-07-04 11:18:14 ::1 POST /Service1.svc/mex - 49474 - ::1 - - 415 0 0 121
#Software: Microsoft Internet Information Services 10.0
#Version: 1.0
#Date: 2018-07-04 11:40:12
#Fields: date time s-ip cs-method cs-uri-stem cs-uri-query s-port cs-username c-ip cs(User-Agent) cs(Referer) sc-status sc-substatus sc-win32-status time-taken
2018-07-04 11:40:12 ::1 POST /Service1.svc - 49474 - ::1 - - 415 0 0 8731
2018-07-04 11:40:12 ::1 POST /Service1.svc/mex - 49474 - ::1 - - 415 0 0 13
2018-07-04 11:40:17 ::1 GET /Service1.svc - 49474 - ::1 Mozilla/4.0+(compatible;+MSIE+6.0;+MS+Web+Services+Client+Protocol+4.0.30319.42000) - 200 0 0 4267
2018-07-04 11:40:17 ::1 GET /Service1.svc disco 49474 - ::1 Mozilla/4.0+(compatible;+MSIE+6.0;+MS+Web+Services+Client+Protocol+4.0.30319.42000) - 200 0 0 6
2018-07-04 11:40:17 ::1 GET /Service1.svc wsdl 49474 - ::1 Mozilla/4.0+(compatible;+MSIE+6.0;+MS+Web+Services+Client+Protocol+4.0.30319.42000) - 200 0 0 55
2018-07-04 11:40:17 ::1 GET /Service1.svc xsd=xsd0 49474 - ::1 Mozilla/4.0+(compatible;+MSIE+6.0;+MS+Web+Services+Client+Protocol+4.0.30319.42000) - 200 0 0 487
2018-07-04 11:40:17 ::1 GET /Service1.svc xsd=xsd2 49474 - ::1 Mozilla/4.0+(compatible;+MSIE+6.0;+MS+Web+Services+Client+Protocol+4.0.30319.42000) - 200 0 0 4
2018-07-04 11:40:17 ::1 GET /Service1.svc xsd=xsd3 49474 - ::1 Mozilla/4.0+(compatible;+MSIE+6.0;+MS+Web+Services+Client+Protocol+4.0.30319.42000) - 200 0 0 6
2018-07-04 11:40:17 ::1 GET /Service1.svc xsd=xsd1 49474 - ::1 Mozilla/4.0+(compatible;+MSIE+6.0;+MS+Web+Services+Client+Protocol+4.0.30319.42000) - 200 0 0 12
2018-07-04 11:40:44 ::1 POST /Service1.svc - 49474 - ::1 - - 415 0 0 28
2018-07-04 11:40:44 ::1 POST /Service1.svc/mex - 49474 - ::1 - - 415 0 0 65
2018-07-04 11:40:44 ::1 GET /Service1.svc - 49474 - ::1 Mozilla/4.0+(compatible;+MSIE+6.0;+MS+Web+Services+Client+Protocol+4.0.30319.42000) - 200 0 0 55
2018-07-04 11:40:44 ::1 GET /Service1.svc disco 49474 - ::1 Mozilla/4.0+(compatible;+MSIE+6.0;+MS+Web+Services+Client+Protocol+4.0.30319.42000) - 200 0 0 11
2018-07-04 11:40:44 ::1 GET /Service1.svc wsdl 49474 - ::1 Mozilla/4.0+(compatible;+MSIE+6.0;+MS+Web+Services+Client+Protocol+4.0.30319.42000) - 200 0 0 38
2018-07-04 11:40:44 ::1 GET /Service1.svc/$metadata - 49474 - ::1 Mozilla/4.0+(compatible;+MSIE+6.0;+MS+Web+Services+Client+Protocol+4.0.30319.42000) - 400 0 0 159
2018-07-04 11:40:44 ::1 GET /Service1.svc xsd=xsd0 49474 - ::1 Mozilla/4.0+(compatible;+MSIE+6.0;+MS+Web+Services+Client+Protocol+4.0.30319.42000) - 200 0 0 153
2018-07-04 11:40:44 ::1 GET /Service1.svc xsd=xsd2 49474 - ::1 Mozilla/4.0+(compatible;+MSIE+6.0;+MS+Web+Services+Client+Protocol+4.0.30319.42000) - 200 0 0 11
2018-07-04 11:40:44 ::1 GET /Service1.svc xsd=xsd3 49474 - ::1 Mozilla/4.0+(compatible;+MSIE+6.0;+MS+Web+Services+Client+Protocol+4.0.30319.42000) - 200 0 0 6
2018-07-04 11:40:44 ::1 GET /Service1.svc xsd=xsd1 49474 - ::1 Mozilla/4.0+(compatible;+MSIE+6.0;+MS+Web+Services+Client+Protocol+4.0.30319.42000) - 200 0 0 7
#Software: Microsoft Internet Information Services 10.0
#Version: 1.0
#Date: 2018-07-04 12:10:03
#Fields: date time s-ip cs-method cs-uri-stem cs-uri-query s-port cs-username c-ip cs(User-Agent) cs(Referer) sc-status sc-substatus sc-win32-status time-taken
2018-07-04 12:10:03 ::1 GET /Service1.svc - 49474 - ::1 Mozilla/5.0+(Windows+NT+10.0;+Win64;+x64)+AppleWebKit/537.36+(KHTML,+like+Gecko)+Chrome/67.0.3396.99+Safari/537.36 - 200 0 0 69303
2018-07-04 12:10:08 ::1 GET /favicon.ico - 49474 - ::1 Mozilla/5.0+(Windows+NT+10.0;+Win64;+x64)+AppleWebKit/537.36+(KHTML,+like+Gecko)+Chrome/67.0.3396.99+Safari/537.36 http://localhost:49474/Service1.svc 404 0 2 484
#Software: Microsoft Internet Information Services 10.0
#Version: 1.0
#Date: 2018-07-04 12:10:55
#Fields: date time s-ip cs-method cs-uri-stem cs-uri-query s-port cs-username c-ip cs(User-Agent) cs(Referer) sc-status sc-substatus sc-win32-status time-taken
2018-07-04 12:10:55 ::1 POST /Service1.svc - 49474 - ::1 - - 415 0 0 16366
2018-07-04 12:10:55 ::1 POST /Service1.svc/mex - 49474 - ::1 - - 415 0 0 38
2018-07-04 12:11:02 ::1 GET /Service1.svc - 49474 - ::1 Mozilla/4.0+(compatible;+MSIE+6.0;+MS+Web+Services+Client+Protocol+4.0.30319.42000) - 200 0 0 6465
2018-07-04 12:11:02 ::1 GET /Service1.svc disco 49474 - ::1 Mozilla/4.0+(compatible;+MSIE+6.0;+MS+Web+Services+Client+Protocol+4.0.30319.42000) - 200 0 0 39
2018-07-04 12:11:02 ::1 GET /Service1.svc wsdl 49474 - ::1 Mozilla/4.0+(compatible;+MSIE+6.0;+MS+Web+Services+Client+Protocol+4.0.30319.42000) - 200 0 0 161
2018-07-04 12:11:04 ::1 GET /Service1.svc xsd=xsd0 49474 - ::1 Mozilla/4.0+(compatible;+MSIE+6.0;+MS+Web+Services+Client+Protocol+4.0.30319.42000) - 200 0 0 1470
2018-07-04 12:11:04 ::1 GET /Service1.svc xsd=xsd2 49474 - ::1 Mozilla/4.0+(compatible;+MSIE+6.0;+MS+Web+Services+Client+Protocol+4.0.30319.42000) - 200 0 0 15
2018-07-04 12:11:04 ::1 GET /Service1.svc xsd=xsd3 49474 - ::1 Mozilla/4.0+(compatible;+MSIE+6.0;+MS+Web+Services+Client+Protocol+4.0.30319.42000) - 200 0 0 10
2018-07-04 12:11:04 ::1 GET /Service1.svc xsd=xsd1 49474 - ::1 Mozilla/4.0+(compatible;+MSIE+6.0;+MS+Web+Services+Client+Protocol+4.0.30319.42000) - 200 0 0 22
2018-07-04 12:20:05 ::1 GET /Service1.svc - 49474 - ::1 Mozilla/4.0+(compatible;+MSIE+6.0;+MS+Web+Services+Client+Protocol+4.0.30319.42000) - 200 0 0 88
2018-07-04 12:20:05 ::1 POST /Service1.svc/mex - 49474 - ::1 - - 415 0 0 306
2018-07-04 12:20:05 ::1 POST /Service1.svc - 49474 - ::1 - - 415 0 0 428
2018-07-04 12:20:05 ::1 GET /Service1.svc disco 49474 - ::1 Mozilla/4.0+(compatible;+MSIE+6.0;+MS+Web+Services+Client+Protocol+4.0.30319.42000) - 200 0 0 420
2018-07-04 12:20:05 ::1 GET /Service1.svc wsdl 49474 - ::1 Mozilla/4.0+(compatible;+MSIE+6.0;+MS+Web+Services+Client+Protocol+4.0.30319.42000) - 200 0 0 156
2018-07-04 12:20:05 ::1 GET /Service1.svc/$metadata - 49474 - ::1 Mozilla/4.0+(compatible;+MSIE+6.0;+MS+Web+Services+Client+Protocol+4.0.30319.42000) - 400 0 0 725
2018-07-04 12:20:05 ::1 GET /Service1.svc xsd=xsd0 49474 - ::1 Mozilla/4.0+(compatible;+MSIE+6.0;+MS+Web+Services+Client+Protocol+4.0.30319.42000) - 200 0 0 10
2018-07-04 12:20:05 ::1 GET /Service1.svc xsd=xsd2 49474 - ::1 Mozilla/4.0+(compatible;+MSIE+6.0;+MS+Web+Services+Client+Protocol+4.0.30319.42000) - 200 0 0 6
2018-07-04 12:20:05 ::1 GET /Service1.svc xsd=xsd3 49474 - ::1 Mozilla/4.0+(compatible;+MSIE+6.0;+MS+Web+Services+Client+Protocol+4.0.30319.42000) - 200 0 0 6
2018-07-04 12:20:05 ::1 GET /Service1.svc xsd=xsd1 49474 - ::1 Mozilla/4.0+(compatible;+MSIE+6.0;+MS+Web+Services+Client+Protocol+4.0.30319.42000) - 200 0 0 27
2018-07-04 12:20:30 ::1 GET /Service1.svc - 49474 - ::1 Mozilla/4.0+(compatible;+MSIE+6.0;+MS+Web+Services+Client+Protocol+4.0.30319.42000) - 200 0 0 135
2018-07-04 12:20:30 ::1 GET /Service1.svc/$metadata - 49474 - ::1 Mozilla/4.0+(compatible;+MSIE+6.0;+MS+Web+Services+Client+Protocol+4.0.30319.42000) - 400 0 0 150
2018-07-04 12:20:30 ::1 POST /Service1.svc/mex - 49474 - ::1 - - 415 0 0 160
2018-07-04 12:20:30 ::1 POST /Service1.svc - 49474 - ::1 - - 415 0 0 167
2018-07-04 12:20:30 ::1 GET /Service1.svc disco 49474 - ::1 Mozilla/4.0+(compatible;+MSIE+6.0;+MS+Web+Services+Client+Protocol+4.0.30319.42000) - 200 0 0 94
2018-07-04 12:20:30 ::1 GET /Service1.svc wsdl 49474 - ::1 Mozilla/4.0+(compatible;+MSIE+6.0;+MS+Web+Services+Client+Protocol+4.0.30319.42000) - 200 0 0 26
2018-07-04 12:20:30 ::1 GET /Service1.svc xsd=xsd0 49474 - ::1 Mozilla/4.0+(compatible;+MSIE+6.0;+MS+Web+Services+Client+Protocol+4.0.30319.42000) - 200 0 0 39
2018-07-04 12:20:30 ::1 GET /Service1.svc xsd=xsd2 49474 - ::1 Mozilla/4.0+(compatible;+MSIE+6.0;+MS+Web+Services+Client+Protocol+4.0.30319.42000) - 200 0 0 17
2018-07-04 12:20:30 ::1 GET /Service1.svc xsd=xsd3 49474 - ::1 Mozilla/4.0+(compatible;+MSIE+6.0;+MS+Web+Services+Client+Protocol+4.0.30319.42000) - 200 0 0 6
2018-07-04 12:20:30 ::1 GET /Service1.svc xsd=xsd1 49474 - ::1 Mozilla/4.0+(compatible;+MSIE+6.0;+MS+Web+Services+Client+Protocol+4.0.30319.42000) - 200 0 0 4
#Software: Microsoft Internet Information Services 10.0
#Version: 1.0
#Date: 2018-07-04 12:29:38
#Fields: date time s-ip cs-method cs-uri-stem cs-uri-query s-port cs-username c-ip cs(User-Agent) cs(Referer) sc-status sc-substatus sc-win32-status time-taken
2018-07-04 12:29:38 ::1 POST /Service1.svc - 49474 - ::1 - - 415 0 0 16402
2018-07-04 12:29:38 ::1 POST /Service1.svc/mex - 49474 - ::1 - - 415 0 0 69
2018-07-04 12:29:43 ::1 GET /Service1.svc - 49474 - ::1 Mozilla/4.0+(compatible;+MSIE+6.0;+MS+Web+Services+Client+Protocol+4.0.30319.42000) - 200 0 0 5225
2018-07-04 12:29:43 ::1 GET /Service1.svc disco 49474 - ::1 Mozilla/4.0+(compatible;+MSIE+6.0;+MS+Web+Services+Client+Protocol+4.0.30319.42000) - 200 0 0 70
2018-07-04 12:29:44 ::1 GET /Service1.svc wsdl 49474 - ::1 Mozilla/4.0+(compatible;+MSIE+6.0;+MS+Web+Services+Client+Protocol+4.0.30319.42000) - 200 0 0 478
2018-07-04 12:29:47 ::1 GET /Service1.svc xsd=xsd0 49474 - ::1 Mozilla/4.0+(compatible;+MSIE+6.0;+MS+Web+Services+Client+Protocol+4.0.30319.42000) - 200 0 0 1936
2018-07-04 12:29:47 ::1 GET /Service1.svc xsd=xsd2 49474 - ::1 Mozilla/4.0+(compatible;+MSIE+6.0;+MS+Web+Services+Client+Protocol+4.0.30319.42000) - 200 0 0 120
2018-07-04 12:29:47 ::1 GET /Service1.svc xsd=xsd3 49474 - ::1 Mozilla/4.0+(compatible;+MSIE+6.0;+MS+Web+Services+Client+Protocol+4.0.30319.42000) - 200 0 0 100
2018-07-04 12:29:47 ::1 GET /Service1.svc xsd=xsd1 49474 - ::1 Mozilla/4.0+(compatible;+MSIE+6.0;+MS+Web+Services+Client+Protocol+4.0.30319.42000) - 200 0 0 49
2018-07-04 12:30:15 ::1 GET /Service1.svc - 49474 - ::1 Mozilla/4.0+(compatible;+MSIE+6.0;+MS+Web+Services+Client+Protocol+4.0.30319.42000) - 200 0 0 149
2018-07-04 12:30:15 ::1 POST /Service1.svc - 49474 - ::1 - - 415 0 0 63
2018-07-04 12:30:15 ::1 GET /Service1.svc disco 49474 - ::1 Mozilla/4.0+(compatible;+MSIE+6.0;+MS+Web+Services+Client+Protocol+4.0.30319.42000) - 200 0 0 60
2018-07-04 12:30:15 ::1 POST /Service1.svc/mex - 49474 - ::1 - - 415 0 0 88
2018-07-04 12:30:15 ::1 GET /Service1.svc wsdl 49474 - ::1 Mozilla/4.0+(compatible;+MSIE+6.0;+MS+Web+Services+Client+Protocol+4.0.30319.42000) - 200 0 0 50
2018-07-04 12:30:15 ::1 GET /Service1.svc/$metadata - 49474 - ::1 Mozilla/4.0+(compatible;+MSIE+6.0;+MS+Web+Services+Client+Protocol+4.0.30319.42000) - 400 0 0 292
2018-07-04 12:30:15 ::1 GET /Service1.svc xsd=xsd0 49474 - ::1 Mozilla/4.0+(compatible;+MSIE+6.0;+MS+Web+Services+Client+Protocol+4.0.30319.42000) - 200 0 0 12
2018-07-04 12:30:15 ::1 GET /Service1.svc xsd=xsd2 49474 - ::1 Mozilla/4.0+(compatible;+MSIE+6.0;+MS+Web+Services+Client+Protocol+4.0.30319.42000) - 200 0 0 50
2018-07-04 12:30:15 ::1 GET /Service1.svc xsd=xsd3 49474 - ::1 Mozilla/4.0+(compatible;+MSIE+6.0;+MS+Web+Services+Client+Protocol+4.0.30319.42000) - 200 0 0 50
2018-07-04 12:30:15 ::1 GET /Service1.svc xsd=xsd1 49474 - ::1 Mozilla/4.0+(compatible;+MSIE+6.0;+MS+Web+Services+Client+Protocol+4.0.30319.42000) - 200 0 0 85
