#Software: Microsoft Internet Information Services 10.0
#Version: 1.0
#Date: 2018-04-13 08:11:23
#Fields: date time s-ip cs-method cs-uri-stem cs-uri-query s-port cs-username c-ip cs(User-Agent) cs(Referer) sc-status sc-substatus sc-win32-status time-taken
2018-04-13 08:11:23 ::1 POST /Service1.svc - 49474 - ::1 - - 415 0 0 9746
2018-04-13 08:11:23 ::1 POST /Service1.svc/mex - 49474 - ::1 - - 415 0 0 12
2018-04-13 08:11:25 ::1 GET /Service1.svc - 49474 - ::1 Mozilla/4.0+(compatible;+MSIE+6.0;+MS+Web+Services+Client+Protocol+4.0.30319.42000) - 200 0 0 2702
2018-04-13 08:11:25 ::1 GET /Service1.svc disco 49474 - ::1 Mozilla/4.0+(compatible;+MSIE+6.0;+MS+Web+Services+Client+Protocol+4.0.30319.42000) - 200 0 0 34
2018-04-13 08:11:25 ::1 GET /Service1.svc wsdl 49474 - ::1 Mozilla/4.0+(compatible;+MSIE+6.0;+MS+Web+Services+Client+Protocol+4.0.30319.42000) - 200 0 0 250
2018-04-13 08:11:27 ::1 GET /Service1.svc xsd=xsd0 49474 - ::1 Mozilla/4.0+(compatible;+MSIE+6.0;+MS+Web+Services+Client+Protocol+4.0.30319.42000) - 200 0 0 893
2018-04-13 08:11:27 ::1 GET /Service1.svc xsd=xsd2 49474 - ::1 Mozilla/4.0+(compatible;+MSIE+6.0;+MS+Web+Services+Client+Protocol+4.0.30319.42000) - 200 0 0 50
2018-04-13 08:11:27 ::1 GET /Service1.svc xsd=xsd3 49474 - ::1 Mozilla/4.0+(compatible;+MSIE+6.0;+MS+Web+Services+Client+Protocol+4.0.30319.42000) - 200 0 0 7
2018-04-13 08:11:27 ::1 GET /Service1.svc xsd=xsd1 49474 - ::1 Mozilla/4.0+(compatible;+MSIE+6.0;+MS+Web+Services+Client+Protocol+4.0.30319.42000) - 200 0 0 11
2018-04-13 08:12:44 ::1 GET /Service1.svc - 49474 - ::1 Mozilla/4.0+(compatible;+MSIE+6.0;+MS+Web+Services+Client+Protocol+4.0.30319.42000) - 200 0 0 225
2018-04-13 08:12:44 ::1 GET /Service1.svc/$metadata - 49474 - ::1 Mozilla/4.0+(compatible;+MSIE+6.0;+MS+Web+Services+Client+Protocol+4.0.30319.42000) - 400 0 0 572
2018-04-13 08:12:44 ::1 GET /Service1.svc disco 49474 - ::1 Mozilla/4.0+(compatible;+MSIE+6.0;+MS+Web+Services+Client+Protocol+4.0.30319.42000) - 200 0 0 108
2018-04-13 08:12:44 ::1 GET /Service1.svc wsdl 49474 - ::1 Mozilla/4.0+(compatible;+MSIE+6.0;+MS+Web+Services+Client+Protocol+4.0.30319.42000) - 200 0 0 34
2018-04-13 08:12:44 ::1 GET /Service1.svc xsd=xsd0 49474 - ::1 Mozilla/4.0+(compatible;+MSIE+6.0;+MS+Web+Services+Client+Protocol+4.0.30319.42000) - 200 0 0 45
2018-04-13 08:12:44 ::1 GET /Service1.svc xsd=xsd2 49474 - ::1 Mozilla/4.0+(compatible;+MSIE+6.0;+MS+Web+Services+Client+Protocol+4.0.30319.42000) - 200 0 0 71
2018-04-13 08:12:44 ::1 GET /Service1.svc xsd=xsd3 49474 - ::1 Mozilla/4.0+(compatible;+MSIE+6.0;+MS+Web+Services+Client+Protocol+4.0.30319.42000) - 200 0 0 57
2018-04-13 08:12:44 ::1 GET /Service1.svc xsd=xsd1 49474 - ::1 Mozilla/4.0+(compatible;+MSIE+6.0;+MS+Web+Services+Client+Protocol+4.0.30319.42000) - 200 0 0 67
2018-04-13 08:12:46 ::1 POST /Service1.svc/mex - 49474 - ::1 - - 415 0 0 9
2018-04-13 08:12:46 ::1 POST /Service1.svc - 49474 - ::1 - - 415 0 0 25
#Software: Microsoft Internet Information Services 10.0
#Version: 1.0
#Date: 2018-04-13 09:28:33
#Fields: date time s-ip cs-method cs-uri-stem cs-uri-query s-port cs-username c-ip cs(User-Agent) cs(Referer) sc-status sc-substatus sc-win32-status time-taken
2018-04-13 09:28:33 ::1 POST /Service1.svc - 49474 - ::1 - - 200 0 0 4469
2018-04-13 09:28:33 ::1 POST /Service1.svc - 49474 - ::1 - - 200 0 0 206
2018-04-13 09:28:33 ::1 POST /Service1.svc - 49474 - ::1 - - 200 0 0 18
2018-04-13 09:28:34 ::1 POST /Service1.svc - 49474 - ::1 - - 200 0 0 36
2018-04-13 09:28:34 ::1 POST /Service1.svc - 49474 - ::1 - - 200 0 0 45
2018-04-13 09:28:34 ::1 POST /Service1.svc - 49474 - ::1 - - 200 0 0 129
2018-04-13 09:28:37 ::1 POST /Service1.svc - 49474 - ::1 - - 200 0 0 234
2018-04-13 09:28:37 ::1 POST /Service1.svc - 49474 - ::1 - - 200 0 0 42
2018-04-13 09:28:37 ::1 POST /Service1.svc - 49474 - ::1 - - 200 0 0 473
2018-04-13 09:28:52 ::1 POST /Service1.svc - 49474 - ::1 - - 200 0 0 43
2018-04-13 09:28:56 ::1 POST /Service1.svc - 49474 - ::1 - - 200 0 0 43
2018-04-13 09:29:08 ::1 POST /Service1.svc - 49474 - ::1 - - 200 0 0 75
2018-04-13 09:29:15 ::1 POST /Service1.svc - 49474 - ::1 - - 200 0 0 13
#Software: Microsoft Internet Information Services 10.0
#Version: 1.0
#Date: 2018-04-13 09:45:30
#Fields: date time s-ip cs-method cs-uri-stem cs-uri-query s-port cs-username c-ip cs(User-Agent) cs(Referer) sc-status sc-substatus sc-win32-status time-taken
2018-04-13 09:45:30 ::1 POST /Service1.svc - 49474 - ::1 - - 200 0 0 72
2018-04-13 09:45:30 ::1 POST /Service1.svc - 49474 - ::1 - - 200 0 0 22
2018-04-13 09:45:30 ::1 POST /Service1.svc - 49474 - ::1 - - 200 0 0 20
2018-04-13 09:45:30 ::1 POST /Service1.svc - 49474 - ::1 - - 200 0 0 17
2018-04-13 09:45:32 ::1 POST /Service1.svc - 49474 - ::1 - - 200 0 0 77
2018-04-13 09:45:32 ::1 POST /Service1.svc - 49474 - ::1 - - 200 0 0 24
2018-04-13 09:45:32 ::1 POST /Service1.svc - 49474 - ::1 - - 200 0 0 55
2018-04-13 09:45:32 ::1 POST /Service1.svc - 49474 - ::1 - - 200 0 0 10
2018-04-13 09:45:35 ::1 POST /Service1.svc - 49474 - ::1 - - 200 0 0 43
2018-04-13 09:45:35 ::1 POST /Service1.svc - 49474 - ::1 - - 200 0 0 46
2018-04-13 09:45:35 ::1 POST /Service1.svc - 49474 - ::1 - - 200 0 0 50
2018-04-13 09:45:35 ::1 POST /Service1.svc - 49474 - ::1 - - 200 0 0 22
2018-04-13 09:45:35 ::1 POST /Service1.svc - 49474 - ::1 - - 200 0 0 374
2018-04-13 09:45:57 ::1 POST /Service1.svc - 49474 - ::1 - - 200 0 0 75
2018-04-13 09:46:01 ::1 POST /Service1.svc - 49474 - ::1 - - 200 0 0 31
2018-04-13 09:46:04 ::1 POST /Service1.svc - 49474 - ::1 - - 200 0 0 64
2018-04-13 09:47:45 ::1 POST /Service1.svc - 49474 - ::1 - - 200 0 0 73
2018-04-13 09:47:45 ::1 POST /Service1.svc - 49474 - ::1 - - 200 0 0 70
2018-04-13 09:48:03 ::1 POST /Service1.svc - 49474 - ::1 - - 200 0 0 74
#Software: Microsoft Internet Information Services 10.0
#Version: 1.0
#Date: 2018-04-13 10:04:23
#Fields: date time s-ip cs-method cs-uri-stem cs-uri-query s-port cs-username c-ip cs(User-Agent) cs(Referer) sc-status sc-substatus sc-win32-status time-taken
2018-04-13 10:04:23 ::1 POST /Service1.svc - 49474 - ::1 - - 200 0 0 68
2018-04-13 10:04:23 ::1 POST /Service1.svc - 49474 - ::1 - - 200 0 0 53
2018-04-13 10:04:23 ::1 POST /Service1.svc - 49474 - ::1 - - 200 0 0 16
2018-04-13 10:04:23 ::1 POST /Service1.svc - 49474 - ::1 - - 200 0 0 27
2018-04-13 10:04:23 ::1 POST /Service1.svc - 49474 - ::1 - - 200 0 0 21
2018-04-13 10:04:23 ::1 POST /Service1.svc - 49474 - ::1 - - 200 0 0 34
2018-04-13 10:04:23 ::1 POST /Service1.svc - 49474 - ::1 - - 200 0 0 35
2018-04-13 10:04:26 ::1 POST /Service1.svc - 49474 - ::1 - - 200 0 0 63
2018-04-13 10:04:26 ::1 POST /Service1.svc - 49474 - ::1 - - 200 0 0 47
2018-04-13 10:04:26 ::1 POST /Service1.svc - 49474 - ::1 - - 200 0 0 66
2018-04-13 10:04:26 ::1 POST /Service1.svc - 49474 - ::1 - - 200 0 0 27
2018-04-13 10:04:26 ::1 POST /Service1.svc - 49474 - ::1 - - 200 0 0 89
2018-04-13 10:04:35 ::1 POST /Service1.svc - 49474 - ::1 - - 200 0 0 62
2018-04-13 10:04:39 ::1 POST /Service1.svc - 49474 - ::1 - - 200 0 0 23
2018-04-13 10:04:48 ::1 POST /Service1.svc - 49474 - ::1 - - 200 0 0 108
2018-04-13 10:04:48 ::1 POST /Service1.svc - 49474 - ::1 - - 200 0 0 23
2018-04-13 10:04:48 ::1 POST /Service1.svc - 49474 - ::1 - - 200 0 0 35
2018-04-13 10:04:48 ::1 POST /Service1.svc - 49474 - ::1 - - 200 0 0 24
2018-04-13 10:04:48 ::1 POST /Service1.svc - 49474 - ::1 - - 200 0 0 73
2018-04-13 10:04:48 ::1 POST /Service1.svc - 49474 - ::1 - - 200 0 0 36
2018-04-13 10:04:48 ::1 POST /Service1.svc - 49474 - ::1 - - 200 0 0 33
2018-04-13 10:04:48 ::1 POST /Service1.svc - 49474 - ::1 - - 200 0 0 23
2018-04-13 10:04:48 ::1 POST /Service1.svc - 49474 - ::1 - - 200 0 0 25
2018-04-13 10:04:48 ::1 POST /Service1.svc - 49474 - ::1 - - 200 0 0 95
2018-04-13 10:04:48 ::1 POST /Service1.svc - 49474 - ::1 - - 200 0 0 44
2018-04-13 10:04:48 ::1 POST /Service1.svc - 49474 - ::1 - - 200 0 0 60
2018-04-13 10:04:48 ::1 POST /Service1.svc - 49474 - ::1 - - 200 0 0 68
2018-04-13 10:04:48 ::1 POST /Service1.svc - 49474 - ::1 - - 200 0 0 22
2018-04-13 10:04:48 ::1 POST /Service1.svc - 49474 - ::1 - - 200 0 0 45
2018-04-13 10:04:48 ::1 POST /Service1.svc - 49474 - ::1 - - 200 0 0 39
2018-04-13 10:04:48 ::1 POST /Service1.svc - 49474 - ::1 - - 200 0 0 81
2018-04-13 10:04:48 ::1 POST /Service1.svc - 49474 - ::1 - - 200 0 0 48
2018-04-13 10:04:48 ::1 POST /Service1.svc - 49474 - ::1 - - 200 0 0 52
2018-04-13 10:04:49 ::1 POST /Service1.svc - 49474 - ::1 - - 200 0 0 25
2018-04-13 10:04:49 ::1 POST /Service1.svc - 49474 - ::1 - - 200 0 0 24
2018-04-13 10:04:49 ::1 POST /Service1.svc - 49474 - ::1 - - 200 0 0 82
2018-04-13 10:04:49 ::1 POST /Service1.svc - 49474 - ::1 - - 200 0 0 36
2018-04-13 10:04:49 ::1 POST /Service1.svc - 49474 - ::1 - - 200 0 0 28
2018-04-13 10:04:49 ::1 POST /Service1.svc - 49474 - ::1 - - 200 0 0 44
2018-04-13 10:04:49 ::1 POST /Service1.svc - 49474 - ::1 - - 200 0 0 43
2018-04-13 10:04:49 ::1 POST /Service1.svc - 49474 - ::1 - - 200 0 0 56
2018-04-13 10:04:49 ::1 POST /Service1.svc - 49474 - ::1 - - 200 0 0 33
2018-04-13 10:04:49 ::1 POST /Service1.svc - 49474 - ::1 - - 200 0 0 132
2018-04-13 10:04:49 ::1 POST /Service1.svc - 49474 - ::1 - - 200 0 0 43
2018-04-13 10:04:49 ::1 POST /Service1.svc - 49474 - ::1 - - 200 0 0 26
2018-04-13 10:04:49 ::1 POST /Service1.svc - 49474 - ::1 - - 200 0 0 33
2018-04-13 10:04:49 ::1 POST /Service1.svc - 49474 - ::1 - - 200 0 0 34
2018-04-13 10:04:49 ::1 POST /Service1.svc - 49474 - ::1 - - 200 0 0 29
2018-04-13 10:04:49 ::1 POST /Service1.svc - 49474 - ::1 - - 200 0 0 100
2018-04-13 10:04:49 ::1 POST /Service1.svc - 49474 - ::1 - - 200 0 0 44
2018-04-13 10:04:49 ::1 POST /Service1.svc - 49474 - ::1 - - 200 0 0 26
2018-04-13 10:04:49 ::1 POST /Service1.svc - 49474 - ::1 - - 200 0 0 44
2018-04-13 10:04:49 ::1 POST /Service1.svc - 49474 - ::1 - - 200 0 0 30
2018-04-13 10:04:49 ::1 POST /Service1.svc - 49474 - ::1 - - 200 0 0 67
2018-04-13 10:04:50 ::1 POST /Service1.svc - 49474 - ::1 - - 200 0 0 18
2018-04-13 10:04:50 ::1 POST /Service1.svc - 49474 - ::1 - - 200 0 0 18
2018-04-13 10:04:50 ::1 POST /Service1.svc - 49474 - ::1 - - 200 0 0 18
2018-04-13 10:04:50 ::1 POST /Service1.svc - 49474 - ::1 - - 200 0 0 195
2018-04-13 10:04:50 ::1 POST /Service1.svc - 49474 - ::1 - - 200 0 0 23
2018-04-13 10:04:50 ::1 POST /Service1.svc - 49474 - ::1 - - 200 0 0 27
2018-04-13 10:04:50 ::1 POST /Service1.svc - 49474 - ::1 - - 200 0 0 33
2018-04-13 10:04:50 ::1 POST /Service1.svc - 49474 - ::1 - - 200 0 0 97
2018-04-13 10:04:50 ::1 POST /Service1.svc - 49474 - ::1 - - 200 0 0 22
2018-04-13 10:04:50 ::1 POST /Service1.svc - 49474 - ::1 - - 200 0 0 21
2018-04-13 10:04:50 ::1 POST /Service1.svc - 49474 - ::1 - - 200 0 0 94
2018-04-13 10:04:50 ::1 POST /Service1.svc - 49474 - ::1 - - 200 0 0 131
2018-04-13 10:04:50 ::1 POST /Service1.svc - 49474 - ::1 - - 200 0 0 34
2018-04-13 10:04:50 ::1 POST /Service1.svc - 49474 - ::1 - - 200 0 0 39
2018-04-13 10:04:50 ::1 POST /Service1.svc - 49474 - ::1 - - 200 0 0 20
2018-04-13 10:04:50 ::1 POST /Service1.svc - 49474 - ::1 - - 200 0 0 68
2018-04-13 10:04:50 ::1 POST /Service1.svc - 49474 - ::1 - - 200 0 0 28
2018-04-13 10:04:51 ::1 POST /Service1.svc - 49474 - ::1 - - 200 0 0 73
2018-04-13 10:04:51 ::1 POST /Service1.svc - 49474 - ::1 - - 200 0 0 137
2018-04-13 10:04:51 ::1 POST /Service1.svc - 49474 - ::1 - - 200 0 0 23
2018-04-13 10:04:51 ::1 POST /Service1.svc - 49474 - ::1 - - 200 0 0 18
2018-04-13 10:04:51 ::1 POST /Service1.svc - 49474 - ::1 - - 200 0 0 17
2018-04-13 10:04:51 ::1 POST /Service1.svc - 49474 - ::1 - - 200 0 0 35
2018-04-13 10:04:51 ::1 POST /Service1.svc - 49474 - ::1 - - 200 0 0 18
2018-04-13 10:04:51 ::1 POST /Service1.svc - 49474 - ::1 - - 200 0 0 97
2018-04-13 10:04:51 ::1 POST /Service1.svc - 49474 - ::1 - - 200 0 0 27
2018-04-13 10:04:51 ::1 POST /Service1.svc - 49474 - ::1 - - 200 0 0 32
2018-04-13 10:04:51 ::1 POST /Service1.svc - 49474 - ::1 - - 200 0 0 22
2018-04-13 10:04:51 ::1 POST /Service1.svc - 49474 - ::1 - - 200 0 0 32
2018-04-13 10:04:51 ::1 POST /Service1.svc - 49474 - ::1 - - 200 0 0 40
2018-04-13 10:04:51 ::1 POST /Service1.svc - 49474 - ::1 - - 200 0 0 24
2018-04-13 10:04:51 ::1 POST /Service1.svc - 49474 - ::1 - - 200 0 0 19
2018-04-13 10:04:51 ::1 POST /Service1.svc - 49474 - ::1 - - 200 0 0 17
2018-04-13 10:04:51 ::1 POST /Service1.svc - 49474 - ::1 - - 200 0 0 25
2018-04-13 10:04:51 ::1 POST /Service1.svc - 49474 - ::1 - - 200 0 0 22
2018-04-13 10:04:51 ::1 POST /Service1.svc - 49474 - ::1 - - 200 0 0 21
2018-04-13 10:04:51 ::1 POST /Service1.svc - 49474 - ::1 - - 200 0 0 19
2018-04-13 10:04:51 ::1 POST /Service1.svc - 49474 - ::1 - - 200 0 0 94
2018-04-13 10:04:51 ::1 POST /Service1.svc - 49474 - ::1 - - 200 0 0 21
2018-04-13 10:04:51 ::1 POST /Service1.svc - 49474 - ::1 - - 200 0 0 32
2018-04-13 10:04:51 ::1 POST /Service1.svc - 49474 - ::1 - - 200 0 0 29
2018-04-13 10:04:51 ::1 POST /Service1.svc - 49474 - ::1 - - 200 0 0 19
2018-04-13 10:04:51 ::1 POST /Service1.svc - 49474 - ::1 - - 200 0 0 20
2018-04-13 10:04:52 ::1 POST /Service1.svc - 49474 - ::1 - - 200 0 0 55
2018-04-13 10:04:52 ::1 POST /Service1.svc - 49474 - ::1 - - 200 0 0 33
2018-04-13 10:04:52 ::1 POST /Service1.svc - 49474 - ::1 - - 200 0 0 28
2018-04-13 10:04:52 ::1 POST /Service1.svc - 49474 - ::1 - - 200 0 0 30
2018-04-13 10:04:52 ::1 POST /Service1.svc - 49474 - ::1 - - 200 0 0 22
2018-04-13 10:04:52 ::1 POST /Service1.svc - 49474 - ::1 - - 200 0 0 95
2018-04-13 10:04:52 ::1 POST /Service1.svc - 49474 - ::1 - - 200 0 0 22
2018-04-13 10:04:52 ::1 POST /Service1.svc - 49474 - ::1 - - 200 0 0 41
2018-04-13 10:04:52 ::1 POST /Service1.svc - 49474 - ::1 - - 200 0 0 25
2018-04-13 10:04:52 ::1 POST /Service1.svc - 49474 - ::1 - - 200 0 0 103
2018-04-13 10:04:52 ::1 POST /Service1.svc - 49474 - ::1 - - 200 0 0 56
2018-04-13 10:04:52 ::1 POST /Service1.svc - 49474 - ::1 - - 200 0 0 41
2018-04-13 10:04:52 ::1 POST /Service1.svc - 49474 - ::1 - - 200 0 0 128
2018-04-13 10:04:52 ::1 POST /Service1.svc - 49474 - ::1 - - 200 0 0 23
2018-04-13 10:04:52 ::1 POST /Service1.svc - 49474 - ::1 - - 200 0 0 30
2018-04-13 10:04:52 ::1 POST /Service1.svc - 49474 - ::1 - - 200 0 0 16
2018-04-13 10:04:52 ::1 POST /Service1.svc - 49474 - ::1 - - 200 0 0 18
2018-04-13 10:04:52 ::1 POST /Service1.svc - 49474 - ::1 - - 200 0 0 18
2018-04-13 10:04:52 ::1 POST /Service1.svc - 49474 - ::1 - - 200 0 0 34
2018-04-13 10:04:52 ::1 POST /Service1.svc - 49474 - ::1 - - 200 0 0 18
2018-04-13 10:04:53 ::1 POST /Service1.svc - 49474 - ::1 - - 200 0 0 72
2018-04-13 10:04:53 ::1 POST /Service1.svc - 49474 - ::1 - - 200 0 0 33
2018-04-13 10:04:53 ::1 POST /Service1.svc - 49474 - ::1 - - 200 0 0 56
2018-04-13 10:04:53 ::1 POST /Service1.svc - 49474 - ::1 - - 200 0 0 30
2018-04-13 10:04:53 ::1 POST /Service1.svc - 49474 - ::1 - - 200 0 0 16
2018-04-13 10:04:53 ::1 POST /Service1.svc - 49474 - ::1 - - 200 0 0 18
2018-04-13 10:04:53 ::1 POST /Service1.svc - 49474 - ::1 - - 200 0 0 20
2018-04-13 10:04:53 ::1 POST /Service1.svc - 49474 - ::1 - - 200 0 0 17
2018-04-13 10:04:53 ::1 POST /Service1.svc - 49474 - ::1 - - 200 0 0 19
2018-04-13 10:04:53 ::1 POST /Service1.svc - 49474 - ::1 - - 200 0 0 216
2018-04-13 10:04:53 ::1 POST /Service1.svc - 49474 - ::1 - - 200 0 0 110
2018-04-13 10:04:53 ::1 POST /Service1.svc - 49474 - ::1 - - 200 0 0 34
2018-04-13 10:04:53 ::1 POST /Service1.svc - 49474 - ::1 - - 200 0 0 28
2018-04-13 10:04:53 ::1 POST /Service1.svc - 49474 - ::1 - - 200 0 0 29
2018-04-13 10:04:53 ::1 POST /Service1.svc - 49474 - ::1 - - 200 0 0 146
2018-04-13 10:04:53 ::1 POST /Service1.svc - 49474 - ::1 - - 200 0 0 23
2018-04-13 10:04:53 ::1 POST /Service1.svc - 49474 - ::1 - - 200 0 0 20
2018-04-13 10:04:53 ::1 POST /Service1.svc - 49474 - ::1 - - 200 0 0 18
2018-04-13 10:04:53 ::1 POST /Service1.svc - 49474 - ::1 - - 200 0 0 18
2018-04-13 10:04:54 ::1 POST /Service1.svc - 49474 - ::1 - - 200 0 0 71
2018-04-13 10:04:54 ::1 POST /Service1.svc - 49474 - ::1 - - 200 0 0 372
2018-04-13 10:04:54 ::1 POST /Service1.svc - 49474 - ::1 - - 200 0 0 30
2018-04-13 10:04:54 ::1 POST /Service1.svc - 49474 - ::1 - - 200 0 0 25
2018-04-13 10:04:54 ::1 POST /Service1.svc - 49474 - ::1 - - 200 0 0 103
2018-04-13 10:04:54 ::1 POST /Service1.svc - 49474 - ::1 - - 200 0 0 82
2018-04-13 10:04:54 ::1 POST /Service1.svc - 49474 - ::1 - - 200 0 0 27
2018-04-13 10:04:54 ::1 POST /Service1.svc - 49474 - ::1 - - 200 0 0 43
2018-04-13 10:04:54 ::1 POST /Service1.svc - 49474 - ::1 - - 200 0 0 46
2018-04-13 10:04:54 ::1 POST /Service1.svc - 49474 - ::1 - - 200 0 0 24
2018-04-13 10:04:54 ::1 POST /Service1.svc - 49474 - ::1 - - 200 0 0 24
2018-04-13 10:04:54 ::1 POST /Service1.svc - 49474 - ::1 - - 200 0 0 19
2018-04-13 10:04:54 ::1 POST /Service1.svc - 49474 - ::1 - - 200 0 0 18
2018-04-13 10:04:54 ::1 POST /Service1.svc - 49474 - ::1 - - 200 0 0 19
2018-04-13 10:04:54 ::1 POST /Service1.svc - 49474 - ::1 - - 200 0 0 22
2018-04-13 10:04:54 ::1 POST /Service1.svc - 49474 - ::1 - - 200 0 0 24
2018-04-13 10:04:54 ::1 POST /Service1.svc - 49474 - ::1 - - 200 0 0 18
2018-04-13 10:04:55 ::1 POST /Service1.svc - 49474 - ::1 - - 200 0 0 32
2018-04-13 10:04:55 ::1 POST /Service1.svc - 49474 - ::1 - - 200 0 0 23
2018-04-13 10:04:55 ::1 POST /Service1.svc - 49474 - ::1 - - 200 0 0 65
2018-04-13 10:04:55 ::1 POST /Service1.svc - 49474 - ::1 - - 200 0 0 163
2018-04-13 10:04:55 ::1 POST /Service1.svc - 49474 - ::1 - - 200 0 0 19
2018-04-13 10:04:55 ::1 POST /Service1.svc - 49474 - ::1 - - 200 0 0 23
2018-04-13 10:04:55 ::1 POST /Service1.svc - 49474 - ::1 - - 200 0 0 41
2018-04-13 10:04:55 ::1 POST /Service1.svc - 49474 - ::1 - - 200 0 0 21
2018-04-13 10:04:55 ::1 POST /Service1.svc - 49474 - ::1 - - 200 0 0 27
2018-04-13 10:04:55 ::1 POST /Service1.svc - 49474 - ::1 - - 200 0 0 23
2018-04-13 10:04:55 ::1 POST /Service1.svc - 49474 - ::1 - - 200 0 0 32
2018-04-13 10:04:55 ::1 POST /Service1.svc - 49474 - ::1 - - 200 0 0 33
2018-04-13 10:04:55 ::1 POST /Service1.svc - 49474 - ::1 - - 200 0 0 55
2018-04-13 10:04:55 ::1 POST /Service1.svc - 49474 - ::1 - - 200 0 0 23
2018-04-13 10:04:55 ::1 POST /Service1.svc - 49474 - ::1 - - 200 0 0 27
2018-04-13 10:04:55 ::1 POST /Service1.svc - 49474 - ::1 - - 200 0 0 24
2018-04-13 10:04:55 ::1 POST /Service1.svc - 49474 - ::1 - - 200 0 0 185
2018-04-13 10:04:55 ::1 POST /Service1.svc - 49474 - ::1 - - 200 0 0 18
2018-04-13 10:04:55 ::1 POST /Service1.svc - 49474 - ::1 - - 200 0 0 20
2018-04-13 10:04:55 ::1 POST /Service1.svc - 49474 - ::1 - - 200 0 0 20
2018-04-13 10:04:55 ::1 POST /Service1.svc - 49474 - ::1 - - 200 0 0 18
2018-04-13 10:04:56 ::1 POST /Service1.svc - 49474 - ::1 - - 200 0 0 19
2018-04-13 10:04:56 ::1 POST /Service1.svc - 49474 - ::1 - - 200 0 0 113
2018-04-13 10:04:56 ::1 POST /Service1.svc - 49474 - ::1 - - 200 0 0 35
2018-04-13 10:04:56 ::1 POST /Service1.svc - 49474 - ::1 - - 200 0 0 22
2018-04-13 10:04:56 ::1 POST /Service1.svc - 49474 - ::1 - - 200 0 0 25
2018-04-13 10:04:56 ::1 POST /Service1.svc - 49474 - ::1 - - 200 0 0 26
2018-04-13 10:04:56 ::1 POST /Service1.svc - 49474 - ::1 - - 200 0 0 79
2018-04-13 10:04:56 ::1 POST /Service1.svc - 49474 - ::1 - - 200 0 0 26
2018-04-13 10:04:56 ::1 POST /Service1.svc - 49474 - ::1 - - 200 0 0 58
2018-04-13 10:04:56 ::1 POST /Service1.svc - 49474 - ::1 - - 200 0 0 28
2018-04-13 10:04:56 ::1 POST /Service1.svc - 49474 - ::1 - - 200 0 0 66
2018-04-13 10:04:56 ::1 POST /Service1.svc - 49474 - ::1 - - 200 0 0 18
2018-04-13 10:04:56 ::1 POST /Service1.svc - 49474 - ::1 - - 200 0 0 23
2018-04-13 10:04:56 ::1 POST /Service1.svc - 49474 - ::1 - - 200 0 0 49
2018-04-13 10:04:56 ::1 POST /Service1.svc - 49474 - ::1 - - 200 0 0 26
2018-04-13 10:04:56 ::1 POST /Service1.svc - 49474 - ::1 - - 200 0 0 94
2018-04-13 10:04:56 ::1 POST /Service1.svc - 49474 - ::1 - - 200 0 0 21
2018-04-13 10:04:56 ::1 POST /Service1.svc - 49474 - ::1 - - 200 0 0 18
2018-04-13 10:04:56 ::1 POST /Service1.svc - 49474 - ::1 - - 200 0 0 19
2018-04-13 10:04:56 ::1 POST /Service1.svc - 49474 - ::1 - - 200 0 0 19
2018-04-13 10:04:56 ::1 POST /Service1.svc - 49474 - ::1 - - 200 0 0 18
2018-04-13 10:04:56 ::1 POST /Service1.svc - 49474 - ::1 - - 200 0 0 21
2018-04-13 10:04:56 ::1 POST /Service1.svc - 49474 - ::1 - - 200 0 0 57
2018-04-13 10:04:57 ::1 POST /Service1.svc - 49474 - ::1 - - 200 0 0 20
2018-04-13 10:04:57 ::1 POST /Service1.svc - 49474 - ::1 - - 200 0 0 20
2018-04-13 10:04:57 ::1 POST /Service1.svc - 49474 - ::1 - - 200 0 0 20
2018-04-13 10:04:57 ::1 POST /Service1.svc - 49474 - ::1 - - 200 0 0 15
2018-04-13 10:04:57 ::1 POST /Service1.svc - 49474 - ::1 - - 200 0 0 77
2018-04-13 10:04:57 ::1 POST /Service1.svc - 49474 - ::1 - - 200 0 0 102
2018-04-13 10:04:57 ::1 POST /Service1.svc - 49474 - ::1 - - 200 0 0 18
2018-04-13 10:04:57 ::1 POST /Service1.svc - 49474 - ::1 - - 200 0 0 21
2018-04-13 10:04:57 ::1 POST /Service1.svc - 49474 - ::1 - - 200 0 0 178
2018-04-13 10:04:57 ::1 POST /Service1.svc - 49474 - ::1 - - 200 0 0 23
2018-04-13 10:04:57 ::1 POST /Service1.svc - 49474 - ::1 - - 200 0 0 28
2018-04-13 10:04:57 ::1 POST /Service1.svc - 49474 - ::1 - - 200 0 0 18
2018-04-13 10:04:57 ::1 POST /Service1.svc - 49474 - ::1 - - 200 0 0 22
2018-04-13 10:04:57 ::1 POST /Service1.svc - 49474 - ::1 - - 200 0 0 61
2018-04-13 10:04:57 ::1 POST /Service1.svc - 49474 - ::1 - - 200 0 0 35
2018-04-13 10:04:57 ::1 POST /Service1.svc - 49474 - ::1 - - 200 0 0 19
2018-04-13 10:04:57 ::1 POST /Service1.svc - 49474 - ::1 - - 200 0 0 28
2018-04-13 10:04:57 ::1 POST /Service1.svc - 49474 - ::1 - - 200 0 0 21
2018-04-13 10:04:57 ::1 POST /Service1.svc - 49474 - ::1 - - 200 0 0 85
2018-04-13 10:04:57 ::1 POST /Service1.svc - 49474 - ::1 - - 200 0 0 23
2018-04-13 10:04:57 ::1 POST /Service1.svc - 49474 - ::1 - - 200 0 0 16
2018-04-13 10:04:58 ::1 POST /Service1.svc - 49474 - ::1 - - 200 0 0 21
2018-04-13 10:04:58 ::1 POST /Service1.svc - 49474 - ::1 - - 200 0 0 30
2018-04-13 10:04:58 ::1 POST /Service1.svc - 49474 - ::1 - - 200 0 0 15
2018-04-13 10:04:58 ::1 POST /Service1.svc - 49474 - ::1 - - 200 0 0 28
2018-04-13 10:04:58 ::1 POST /Service1.svc - 49474 - ::1 - - 200 0 0 21
2018-04-13 10:04:58 ::1 POST /Service1.svc - 49474 - ::1 - - 200 0 0 16
2018-04-13 10:04:58 ::1 POST /Service1.svc - 49474 - ::1 - - 200 0 0 17
2018-04-13 10:04:58 ::1 POST /Service1.svc - 49474 - ::1 - - 200 0 0 24
2018-04-13 10:04:58 ::1 POST /Service1.svc - 49474 - ::1 - - 200 0 0 27
2018-04-13 10:04:58 ::1 POST /Service1.svc - 49474 - ::1 - - 200 0 0 166
2018-04-13 10:04:58 ::1 POST /Service1.svc - 49474 - ::1 - - 200 0 0 24
2018-04-13 10:04:58 ::1 POST /Service1.svc - 49474 - ::1 - - 200 0 0 27
2018-04-13 10:04:58 ::1 POST /Service1.svc - 49474 - ::1 - - 200 0 0 44
2018-04-13 10:04:58 ::1 POST /Service1.svc - 49474 - ::1 - - 200 0 0 15
2018-04-13 10:04:58 ::1 POST /Service1.svc - 49474 - ::1 - - 200 0 0 28
2018-04-13 10:04:58 ::1 POST /Service1.svc - 49474 - ::1 - - 200 0 0 17
2018-04-13 10:04:58 ::1 POST /Service1.svc - 49474 - ::1 - - 200 0 0 19
2018-04-13 10:04:58 ::1 POST /Service1.svc - 49474 - ::1 - - 200 0 0 24
2018-04-13 10:04:58 ::1 POST /Service1.svc - 49474 - ::1 - - 200 0 0 34
2018-04-13 10:04:58 ::1 POST /Service1.svc - 49474 - ::1 - - 200 0 0 48
2018-04-13 10:04:58 ::1 POST /Service1.svc - 49474 - ::1 - - 200 0 0 23
2018-04-13 10:04:58 ::1 POST /Service1.svc - 49474 - ::1 - - 200 0 0 23
2018-04-13 10:04:58 ::1 POST /Service1.svc - 49474 - ::1 - - 200 0 0 30
2018-04-13 10:04:58 ::1 POST /Service1.svc - 49474 - ::1 - - 200 0 0 23
2018-04-13 10:05:00 ::1 POST /Service1.svc - 49474 - ::1 - - 200 0 0 172
2018-04-13 10:05:00 ::1 POST /Service1.svc - 49474 - ::1 - - 200 0 0 23
2018-04-13 10:05:00 ::1 POST /Service1.svc - 49474 - ::1 - - 200 0 0 19
2018-04-13 10:05:00 ::1 POST /Service1.svc - 49474 - ::1 - - 200 0 0 18
2018-04-13 10:05:00 ::1 POST /Service1.svc - 49474 - ::1 - - 200 0 0 25
2018-04-13 10:05:00 ::1 POST /Service1.svc - 49474 - ::1 - - 200 0 0 52
2018-04-13 10:05:00 ::1 POST /Service1.svc - 49474 - ::1 - - 200 0 0 27
2018-04-13 10:05:00 ::1 POST /Service1.svc - 49474 - ::1 - - 200 0 0 21
2018-04-13 10:05:00 ::1 POST /Service1.svc - 49474 - ::1 - - 200 0 0 20
2018-04-13 10:05:00 ::1 POST /Service1.svc - 49474 - ::1 - - 200 0 0 39
2018-04-13 10:05:00 ::1 POST /Service1.svc - 49474 - ::1 - - 200 0 0 16
2018-04-13 10:05:00 ::1 POST /Service1.svc - 49474 - ::1 - - 200 0 0 21
2018-04-13 10:05:00 ::1 POST /Service1.svc - 49474 - ::1 - - 200 0 0 30
2018-04-13 10:05:00 ::1 POST /Service1.svc - 49474 - ::1 - - 200 0 0 20
2018-04-13 10:05:00 ::1 POST /Service1.svc - 49474 - ::1 - - 200 0 0 15
2018-04-13 10:05:00 ::1 POST /Service1.svc - 49474 - ::1 - - 200 0 0 15
2018-04-13 10:05:00 ::1 POST /Service1.svc - 49474 - ::1 - - 200 0 0 15
2018-04-13 10:05:00 ::1 POST /Service1.svc - 49474 - ::1 - - 200 0 0 22
2018-04-13 10:05:00 ::1 POST /Service1.svc - 49474 - ::1 - - 200 0 0 143
2018-04-13 10:05:00 ::1 POST /Service1.svc - 49474 - ::1 - - 200 0 0 33
2018-04-13 10:05:00 ::1 POST /Service1.svc - 49474 - ::1 - - 200 0 0 26
2018-04-13 10:05:00 ::1 POST /Service1.svc - 49474 - ::1 - - 200 0 0 26
2018-04-13 10:05:00 ::1 POST /Service1.svc - 49474 - ::1 - - 200 0 0 62
2018-04-13 10:05:00 ::1 POST /Service1.svc - 49474 - ::1 - - 200 0 0 66
2018-04-13 10:05:00 ::1 POST /Service1.svc - 49474 - ::1 - - 200 0 0 24
2018-04-13 10:05:00 ::1 POST /Service1.svc - 49474 - ::1 - - 200 0 0 28
2018-04-13 10:05:01 ::1 POST /Service1.svc - 49474 - ::1 - - 200 0 0 25
2018-04-13 10:05:01 ::1 POST /Service1.svc - 49474 - ::1 - - 200 0 0 35
2018-04-13 10:05:01 ::1 POST /Service1.svc - 49474 - ::1 - - 200 0 0 16
2018-04-13 10:05:01 ::1 POST /Service1.svc - 49474 - ::1 - - 200 0 0 45
2018-04-13 10:05:01 ::1 POST /Service1.svc - 49474 - ::1 - - 200 0 0 26
2018-04-13 10:05:01 ::1 POST /Service1.svc - 49474 - ::1 - - 200 0 0 26
2018-04-13 10:05:01 ::1 POST /Service1.svc - 49474 - ::1 - - 200 0 0 74
2018-04-13 10:05:01 ::1 POST /Service1.svc - 49474 - ::1 - - 200 0 0 82
2018-04-13 10:05:01 ::1 POST /Service1.svc - 49474 - ::1 - - 200 0 0 239
2018-04-13 10:05:01 ::1 POST /Service1.svc - 49474 - ::1 - - 200 0 0 19
2018-04-13 10:05:01 ::1 POST /Service1.svc - 49474 - ::1 - - 200 0 0 18
2018-04-13 10:05:01 ::1 POST /Service1.svc - 49474 - ::1 - - 200 0 0 18
2018-04-13 10:05:01 ::1 POST /Service1.svc - 49474 - ::1 - - 200 0 0 18
2018-04-13 10:05:01 ::1 POST /Service1.svc - 49474 - ::1 - - 200 0 0 41
2018-04-13 10:05:01 ::1 POST /Service1.svc - 49474 - ::1 - - 200 0 0 67
2018-04-13 10:05:01 ::1 POST /Service1.svc - 49474 - ::1 - - 200 0 0 28
2018-04-13 10:05:01 ::1 POST /Service1.svc - 49474 - ::1 - - 200 0 0 20
2018-04-13 10:05:01 ::1 POST /Service1.svc - 49474 - ::1 - - 200 0 0 16
2018-04-13 10:05:01 ::1 POST /Service1.svc - 49474 - ::1 - - 200 0 0 29
2018-04-13 10:05:01 ::1 POST /Service1.svc - 49474 - ::1 - - 200 0 0 45
2018-04-13 10:05:01 ::1 POST /Service1.svc - 49474 - ::1 - - 200 0 0 20
2018-04-13 10:05:02 ::1 POST /Service1.svc - 49474 - ::1 - - 200 0 0 15
2018-04-13 10:05:02 ::1 POST /Service1.svc - 49474 - ::1 - - 200 0 0 14
2018-04-13 10:05:02 ::1 POST /Service1.svc - 49474 - ::1 - - 200 0 0 14
2018-04-13 10:05:02 ::1 POST /Service1.svc - 49474 - ::1 - - 200 0 0 19
2018-04-13 10:05:02 ::1 POST /Service1.svc - 49474 - ::1 - - 200 0 0 74
2018-04-13 10:05:02 ::1 POST /Service1.svc - 49474 - ::1 - - 200 0 0 34
2018-04-13 10:05:02 ::1 POST /Service1.svc - 49474 - ::1 - - 200 0 0 26
2018-04-13 10:05:02 ::1 POST /Service1.svc - 49474 - ::1 - - 200 0 0 26
2018-04-13 10:05:02 ::1 POST /Service1.svc - 49474 - ::1 - - 200 0 0 27
2018-04-13 10:05:02 ::1 POST /Service1.svc - 49474 - ::1 - - 200 0 0 18
2018-04-13 10:05:02 ::1 POST /Service1.svc - 49474 - ::1 - - 200 0 0 21
2018-04-13 10:05:02 ::1 POST /Service1.svc - 49474 - ::1 - - 200 0 0 15
2018-04-13 10:05:02 ::1 POST /Service1.svc - 49474 - ::1 - - 200 0 0 15
2018-04-13 10:05:02 ::1 POST /Service1.svc - 49474 - ::1 - - 200 0 0 30
2018-04-13 10:05:02 ::1 POST /Service1.svc - 49474 - ::1 - - 200 0 0 24
2018-04-13 10:05:02 ::1 POST /Service1.svc - 49474 - ::1 - - 200 0 0 21
2018-04-13 10:05:02 ::1 POST /Service1.svc - 49474 - ::1 - - 200 0 0 20
2018-04-13 10:05:02 ::1 POST /Service1.svc - 49474 - ::1 - - 200 0 0 84
2018-04-13 10:05:02 ::1 POST /Service1.svc - 49474 - ::1 - - 200 0 0 15
2018-04-13 10:05:02 ::1 POST /Service1.svc - 49474 - ::1 - - 200 0 0 17
2018-04-13 10:05:02 ::1 POST /Service1.svc - 49474 - ::1 - - 200 0 0 18
2018-04-13 10:05:02 ::1 POST /Service1.svc - 49474 - ::1 - - 200 0 0 27
2018-04-13 10:05:03 ::1 POST /Service1.svc - 49474 - ::1 - - 200 0 0 326
2018-04-13 10:05:03 ::1 POST /Service1.svc - 49474 - ::1 - - 200 0 0 72
2018-04-13 10:05:03 ::1 POST /Service1.svc - 49474 - ::1 - - 200 0 0 27
2018-04-13 10:05:03 ::1 POST /Service1.svc - 49474 - ::1 - - 200 0 0 26
2018-04-13 10:05:03 ::1 POST /Service1.svc - 49474 - ::1 - - 200 0 0 26
2018-04-13 10:05:03 ::1 POST /Service1.svc - 49474 - ::1 - - 200 0 0 40
2018-04-13 10:05:03 ::1 POST /Service1.svc - 49474 - ::1 - - 200 0 0 78
2018-04-13 10:05:03 ::1 POST /Service1.svc - 49474 - ::1 - - 200 0 0 96
2018-04-13 10:05:03 ::1 POST /Service1.svc - 49474 - ::1 - - 200 0 0 25
2018-04-13 10:05:03 ::1 POST /Service1.svc - 49474 - ::1 - - 200 0 0 18
2018-04-13 10:05:03 ::1 POST /Service1.svc - 49474 - ::1 - - 200 0 0 27
2018-04-13 10:05:03 ::1 POST /Service1.svc - 49474 - ::1 - - 200 0 0 23
2018-04-13 10:05:03 ::1 POST /Service1.svc - 49474 - ::1 - - 200 0 0 21
2018-04-13 10:05:03 ::1 POST /Service1.svc - 49474 - ::1 - - 200 0 0 20
2018-04-13 10:05:03 ::1 POST /Service1.svc - 49474 - ::1 - - 200 0 0 21
2018-04-13 10:05:03 ::1 POST /Service1.svc - 49474 - ::1 - - 200 0 0 20
2018-04-13 10:05:03 ::1 POST /Service1.svc - 49474 - ::1 - - 200 0 0 20
2018-04-13 10:05:03 ::1 POST /Service1.svc - 49474 - ::1 - - 200 0 0 70
2018-04-13 10:05:03 ::1 POST /Service1.svc - 49474 - ::1 - - 200 0 0 24
2018-04-13 10:05:03 ::1 POST /Service1.svc - 49474 - ::1 - - 200 0 0 16
2018-04-13 10:05:03 ::1 POST /Service1.svc - 49474 - ::1 - - 200 0 0 26
2018-04-13 10:05:03 ::1 POST /Service1.svc - 49474 - ::1 - - 200 0 0 29
2018-04-13 10:05:03 ::1 POST /Service1.svc - 49474 - ::1 - - 200 0 0 26
2018-04-13 10:05:03 ::1 POST /Service1.svc - 49474 - ::1 - - 200 0 0 74
2018-04-13 10:05:04 ::1 POST /Service1.svc - 49474 - ::1 - - 200 0 0 50
2018-04-13 10:05:04 ::1 POST /Service1.svc - 49474 - ::1 - - 200 0 0 31
2018-04-13 10:05:04 ::1 POST /Service1.svc - 49474 - ::1 - - 200 0 0 24
2018-04-13 10:05:04 ::1 POST /Service1.svc - 49474 - ::1 - - 200 0 0 15
2018-04-13 10:05:04 ::1 POST /Service1.svc - 49474 - ::1 - - 200 0 0 20
2018-04-13 10:05:04 ::1 POST /Service1.svc - 49474 - ::1 - - 200 0 0 33
2018-04-13 10:05:04 ::1 POST /Service1.svc - 49474 - ::1 - - 200 0 0 16
2018-04-13 10:05:04 ::1 POST /Service1.svc - 49474 - ::1 - - 200 0 0 20
2018-04-13 10:05:04 ::1 POST /Service1.svc - 49474 - ::1 - - 200 0 0 32
2018-04-13 10:05:04 ::1 POST /Service1.svc - 49474 - ::1 - - 200 0 0 147
2018-04-13 10:05:04 ::1 POST /Service1.svc - 49474 - ::1 - - 200 0 0 23
2018-04-13 10:05:04 ::1 POST /Service1.svc - 49474 - ::1 - - 200 0 0 19
2018-04-13 10:05:04 ::1 POST /Service1.svc - 49474 - ::1 - - 200 0 0 23
2018-04-13 10:05:04 ::1 POST /Service1.svc - 49474 - ::1 - - 200 0 0 20
2018-04-13 10:05:04 ::1 POST /Service1.svc - 49474 - ::1 - - 200 0 0 314
2018-04-13 10:05:04 ::1 POST /Service1.svc - 49474 - ::1 - - 200 0 0 106
2018-04-13 10:05:05 ::1 POST /Service1.svc - 49474 - ::1 - - 200 0 0 40
2018-04-13 10:05:05 ::1 POST /Service1.svc - 49474 - ::1 - - 200 0 0 77
2018-04-13 10:05:05 ::1 POST /Service1.svc - 49474 - ::1 - - 200 0 0 28
2018-04-13 10:05:05 ::1 POST /Service1.svc - 49474 - ::1 - - 200 0 0 51
2018-04-13 10:05:05 ::1 POST /Service1.svc - 49474 - ::1 - - 200 0 0 30
2018-04-13 10:05:05 ::1 POST /Service1.svc - 49474 - ::1 - - 200 0 0 37
2018-04-13 10:05:05 ::1 POST /Service1.svc - 49474 - ::1 - - 200 0 0 26
2018-04-13 10:05:05 ::1 POST /Service1.svc - 49474 - ::1 - - 200 0 0 15
2018-04-13 10:05:05 ::1 POST /Service1.svc - 49474 - ::1 - - 200 0 0 24
2018-04-13 10:05:05 ::1 POST /Service1.svc - 49474 - ::1 - - 200 0 0 17
2018-04-13 10:05:05 ::1 POST /Service1.svc - 49474 - ::1 - - 200 0 0 21
2018-04-13 10:05:05 ::1 POST /Service1.svc - 49474 - ::1 - - 200 0 0 60
2018-04-13 10:05:05 ::1 POST /Service1.svc - 49474 - ::1 - - 200 0 0 29
2018-04-13 10:05:05 ::1 POST /Service1.svc - 49474 - ::1 - - 200 0 0 22
2018-04-13 10:05:05 ::1 POST /Service1.svc - 49474 - ::1 - - 200 0 0 30
2018-04-13 10:05:05 ::1 POST /Service1.svc - 49474 - ::1 - - 200 0 0 21
2018-04-13 10:05:05 ::1 POST /Service1.svc - 49474 - ::1 - - 200 0 0 21
2018-04-13 10:05:05 ::1 POST /Service1.svc - 49474 - ::1 - - 200 0 0 23
2018-04-13 10:05:05 ::1 POST /Service1.svc - 49474 - ::1 - - 200 0 0 65
2018-04-13 10:05:05 ::1 POST /Service1.svc - 49474 - ::1 - - 200 0 0 62
2018-04-13 10:05:05 ::1 POST /Service1.svc - 49474 - ::1 - - 200 0 0 27
2018-04-13 10:05:05 ::1 POST /Service1.svc - 49474 - ::1 - - 200 0 0 23
2018-04-13 10:05:05 ::1 POST /Service1.svc - 49474 - ::1 - - 200 0 0 23
2018-04-13 10:05:05 ::1 POST /Service1.svc - 49474 - ::1 - - 200 0 0 50
2018-04-13 10:05:06 ::1 POST /Service1.svc - 49474 - ::1 - - 200 0 0 31
2018-04-13 10:05:06 ::1 POST /Service1.svc - 49474 - ::1 - - 200 0 0 26
2018-04-13 10:05:06 ::1 POST /Service1.svc - 49474 - ::1 - - 200 0 0 25
2018-04-13 10:05:06 ::1 POST /Service1.svc - 49474 - ::1 - - 200 0 0 35
2018-04-13 10:05:06 ::1 POST /Service1.svc - 49474 - ::1 - - 200 0 0 171
2018-04-13 10:05:06 ::1 POST /Service1.svc - 49474 - ::1 - - 200 0 0 102
2018-04-13 10:05:06 ::1 POST /Service1.svc - 49474 - ::1 - - 200 0 0 19
2018-04-13 10:05:06 ::1 POST /Service1.svc - 49474 - ::1 - - 200 0 0 21
2018-04-13 10:05:06 ::1 POST /Service1.svc - 49474 - ::1 - - 200 0 0 18
2018-04-13 10:05:06 ::1 POST /Service1.svc - 49474 - ::1 - - 200 0 0 19
2018-04-13 10:05:06 ::1 POST /Service1.svc - 49474 - ::1 - - 200 0 0 18
2018-04-13 10:05:06 ::1 POST /Service1.svc - 49474 - ::1 - - 200 0 0 94
2018-04-13 10:05:06 ::1 POST /Service1.svc - 49474 - ::1 - - 200 0 0 31
2018-04-13 10:05:06 ::1 POST /Service1.svc - 49474 - ::1 - - 200 0 0 15
2018-04-13 10:05:06 ::1 POST /Service1.svc - 49474 - ::1 - - 200 0 0 17
2018-04-13 10:05:06 ::1 POST /Service1.svc - 49474 - ::1 - - 200 0 0 15
2018-04-13 10:05:06 ::1 POST /Service1.svc - 49474 - ::1 - - 200 0 0 16
2018-04-13 10:05:06 ::1 POST /Service1.svc - 49474 - ::1 - - 200 0 0 19
2018-04-13 10:05:06 ::1 POST /Service1.svc - 49474 - ::1 - - 200 0 0 29
2018-04-13 10:05:06 ::1 POST /Service1.svc - 49474 - ::1 - - 200 0 0 20
2018-04-13 10:05:06 ::1 POST /Service1.svc - 49474 - ::1 - - 200 0 0 67
2018-04-13 10:05:06 ::1 POST /Service1.svc - 49474 - ::1 - - 200 0 0 42
2018-04-13 10:05:07 ::1 POST /Service1.svc - 49474 - ::1 - - 200 0 0 52
2018-04-13 10:05:07 ::1 POST /Service1.svc - 49474 - ::1 - - 200 0 0 16
2018-04-13 10:05:07 ::1 POST /Service1.svc - 49474 - ::1 - - 200 0 0 16
2018-04-13 10:05:07 ::1 POST /Service1.svc - 49474 - ::1 - - 200 0 0 23
2018-04-13 10:05:07 ::1 POST /Service1.svc - 49474 - ::1 - - 200 0 0 53
2018-04-13 10:05:07 ::1 POST /Service1.svc - 49474 - ::1 - - 200 0 0 52
2018-04-13 10:05:07 ::1 POST /Service1.svc - 49474 - ::1 - - 200 0 0 15
2018-04-13 10:05:07 ::1 POST /Service1.svc - 49474 - ::1 - - 200 0 0 20
2018-04-13 10:05:07 ::1 POST /Service1.svc - 49474 - ::1 - - 200 0 0 29
2018-04-13 10:05:07 ::1 POST /Service1.svc - 49474 - ::1 - - 200 0 0 61
2018-04-13 10:05:07 ::1 POST /Service1.svc - 49474 - ::1 - - 200 0 0 26
2018-04-13 10:05:07 ::1 POST /Service1.svc - 49474 - ::1 - - 200 0 0 22
2018-04-13 10:05:07 ::1 POST /Service1.svc - 49474 - ::1 - - 200 0 0 21
2018-04-13 10:05:07 ::1 POST /Service1.svc - 49474 - ::1 - - 200 0 0 316
2018-04-13 10:05:07 ::1 POST /Service1.svc - 49474 - ::1 - - 200 0 0 117
2018-04-13 10:05:07 ::1 POST /Service1.svc - 49474 - ::1 - - 200 0 0 19
2018-04-13 10:05:07 ::1 POST /Service1.svc - 49474 - ::1 - - 200 0 0 16
2018-04-13 10:05:07 ::1 POST /Service1.svc - 49474 - ::1 - - 200 0 0 18
2018-04-13 10:05:08 ::1 POST /Service1.svc - 49474 - ::1 - - 200 0 0 18
2018-04-13 10:05:08 ::1 POST /Service1.svc - 49474 - ::1 - - 200 0 0 19
2018-04-13 10:05:08 ::1 POST /Service1.svc - 49474 - ::1 - - 200 0 0 19
2018-04-13 10:05:08 ::1 POST /Service1.svc - 49474 - ::1 - - 200 0 0 69
2018-04-13 10:05:08 ::1 POST /Service1.svc - 49474 - ::1 - - 200 0 0 70
2018-04-13 10:05:08 ::1 POST /Service1.svc - 49474 - ::1 - - 200 0 0 22
2018-04-13 10:05:08 ::1 POST /Service1.svc - 49474 - ::1 - - 200 0 0 97
2018-04-13 10:05:08 ::1 POST /Service1.svc - 49474 - ::1 - - 200 0 0 17
2018-04-13 10:05:08 ::1 POST /Service1.svc - 49474 - ::1 - - 200 0 0 17
2018-04-13 10:05:08 ::1 POST /Service1.svc - 49474 - ::1 - - 200 0 0 16
2018-04-13 10:05:08 ::1 POST /Service1.svc - 49474 - ::1 - - 200 0 0 16
2018-04-13 10:05:08 ::1 POST /Service1.svc - 49474 - ::1 - - 200 0 0 25
2018-04-13 10:05:08 ::1 POST /Service1.svc - 49474 - ::1 - - 200 0 0 69
2018-04-13 10:05:08 ::1 POST /Service1.svc - 49474 - ::1 - - 200 0 0 33
2018-04-13 10:05:08 ::1 POST /Service1.svc - 49474 - ::1 - - 200 0 0 28
2018-04-13 10:05:08 ::1 POST /Service1.svc - 49474 - ::1 - - 200 0 0 15
2018-04-13 10:05:08 ::1 POST /Service1.svc - 49474 - ::1 - - 200 0 0 16
2018-04-13 10:05:08 ::1 POST /Service1.svc - 49474 - ::1 - - 200 0 0 15
2018-04-13 10:05:08 ::1 POST /Service1.svc - 49474 - ::1 - - 200 0 0 24
2018-04-13 10:05:08 ::1 POST /Service1.svc - 49474 - ::1 - - 200 0 0 44
2018-04-13 10:05:08 ::1 POST /Service1.svc - 49474 - ::1 - - 200 0 0 23
2018-04-13 10:05:08 ::1 POST /Service1.svc - 49474 - ::1 - - 200 0 0 24
2018-04-13 10:05:08 ::1 POST /Service1.svc - 49474 - ::1 - - 200 0 0 76
2018-04-13 10:05:08 ::1 POST /Service1.svc - 49474 - ::1 - - 200 0 0 16
2018-04-13 10:05:09 ::1 POST /Service1.svc - 49474 - ::1 - - 200 0 0 28
2018-04-13 10:05:09 ::1 POST /Service1.svc - 49474 - ::1 - - 200 0 0 14
2018-04-13 10:05:09 ::1 POST /Service1.svc - 49474 - ::1 - - 200 0 0 15
2018-04-13 10:05:09 ::1 POST /Service1.svc - 49474 - ::1 - - 200 0 0 23
2018-04-13 10:05:09 ::1 POST /Service1.svc - 49474 - ::1 - - 200 0 0 115
2018-04-13 10:05:09 ::1 POST /Service1.svc - 49474 - ::1 - - 200 0 0 45
2018-04-13 10:05:09 ::1 POST /Service1.svc - 49474 - ::1 - - 200 0 0 57
2018-04-13 10:05:09 ::1 POST /Service1.svc - 49474 - ::1 - - 200 0 0 18
2018-04-13 10:05:09 ::1 POST /Service1.svc - 49474 - ::1 - - 200 0 0 41
2018-04-13 10:05:09 ::1 POST /Service1.svc - 49474 - ::1 - - 200 0 0 39
2018-04-13 10:05:09 ::1 POST /Service1.svc - 49474 - ::1 - - 200 0 0 18
2018-04-13 10:05:09 ::1 POST /Service1.svc - 49474 - ::1 - - 200 0 0 21
2018-04-13 10:05:09 ::1 POST /Service1.svc - 49474 - ::1 - - 200 0 0 34
2018-04-13 10:05:09 ::1 POST /Service1.svc - 49474 - ::1 - - 200 0 0 15
2018-04-13 10:05:09 ::1 POST /Service1.svc - 49474 - ::1 - - 200 0 0 30
2018-04-13 10:05:09 ::1 POST /Service1.svc - 49474 - ::1 - - 200 0 0 61
2018-04-13 10:05:09 ::1 POST /Service1.svc - 49474 - ::1 - - 200 0 0 16
2018-04-13 10:05:09 ::1 POST /Service1.svc - 49474 - ::1 - - 200 0 0 21
2018-04-13 10:05:09 ::1 POST /Service1.svc - 49474 - ::1 - - 200 0 0 28
2018-04-13 10:05:09 ::1 POST /Service1.svc - 49474 - ::1 - - 200 0 0 21
2018-04-13 10:05:09 ::1 POST /Service1.svc - 49474 - ::1 - - 200 0 0 27
2018-04-13 10:05:09 ::1 POST /Service1.svc - 49474 - ::1 - - 200 0 0 77
2018-04-13 10:05:09 ::1 POST /Service1.svc - 49474 - ::1 - - 200 0 0 21
2018-04-13 10:05:09 ::1 POST /Service1.svc - 49474 - ::1 - - 200 0 0 20
2018-04-13 10:05:09 ::1 POST /Service1.svc - 49474 - ::1 - - 200 0 0 21
2018-04-13 10:05:09 ::1 POST /Service1.svc - 49474 - ::1 - - 200 0 0 21
2018-04-13 10:05:10 ::1 POST /Service1.svc - 49474 - ::1 - - 200 0 0 57
2018-04-13 10:05:10 ::1 POST /Service1.svc - 49474 - ::1 - - 200 0 0 23
2018-04-13 10:05:10 ::1 POST /Service1.svc - 49474 - ::1 - - 200 0 0 26
2018-04-13 10:05:10 ::1 POST /Service1.svc - 49474 - ::1 - - 200 0 0 47
2018-04-13 10:05:10 ::1 POST /Service1.svc - 49474 - ::1 - - 200 0 0 17
2018-04-13 10:05:10 ::1 POST /Service1.svc - 49474 - ::1 - - 200 0 0 16
2018-04-13 10:05:10 ::1 POST /Service1.svc - 49474 - ::1 - - 200 0 0 17
2018-04-13 10:05:10 ::1 POST /Service1.svc - 49474 - ::1 - - 200 0 0 30
2018-04-13 10:05:10 ::1 POST /Service1.svc - 49474 - ::1 - - 200 0 0 21
2018-04-13 10:05:10 ::1 POST /Service1.svc - 49474 - ::1 - - 200 0 0 102
2018-04-13 10:05:10 ::1 POST /Service1.svc - 49474 - ::1 - - 200 0 0 30
2018-04-13 10:05:10 ::1 POST /Service1.svc - 49474 - ::1 - - 200 0 0 54
2018-04-13 10:05:10 ::1 POST /Service1.svc - 49474 - ::1 - - 200 0 0 20
2018-04-13 10:05:10 ::1 POST /Service1.svc - 49474 - ::1 - - 200 0 0 22
2018-04-13 10:05:10 ::1 POST /Service1.svc - 49474 - ::1 - - 200 0 0 20
2018-04-13 10:05:10 ::1 POST /Service1.svc - 49474 - ::1 - - 200 0 0 16
2018-04-13 10:05:10 ::1 POST /Service1.svc - 49474 - ::1 - - 200 0 0 17
2018-04-13 10:05:10 ::1 POST /Service1.svc - 49474 - ::1 - - 200 0 0 48
2018-04-13 10:05:10 ::1 POST /Service1.svc - 49474 - ::1 - - 200 0 0 46
2018-04-13 10:05:10 ::1 POST /Service1.svc - 49474 - ::1 - - 200 0 0 24
2018-04-13 10:05:10 ::1 POST /Service1.svc - 49474 - ::1 - - 200 0 0 15
2018-04-13 10:05:10 ::1 POST /Service1.svc - 49474 - ::1 - - 200 0 0 24
2018-04-13 10:05:10 ::1 POST /Service1.svc - 49474 - ::1 - - 200 0 0 22
2018-04-13 10:05:10 ::1 POST /Service1.svc - 49474 - ::1 - - 200 0 0 88
2018-04-13 10:05:10 ::1 POST /Service1.svc - 49474 - ::1 - - 200 0 0 20
2018-04-13 10:05:10 ::1 POST /Service1.svc - 49474 - ::1 - - 200 0 0 22
2018-04-13 10:05:11 ::1 POST /Service1.svc - 49474 - ::1 - - 200 0 0 35
2018-04-13 10:05:11 ::1 POST /Service1.svc - 49474 - ::1 - - 200 0 0 59
2018-04-13 10:05:11 ::1 POST /Service1.svc - 49474 - ::1 - - 200 0 0 28
2018-04-13 10:05:11 ::1 POST /Service1.svc - 49474 - ::1 - - 200 0 0 23
2018-04-13 10:05:11 ::1 POST /Service1.svc - 49474 - ::1 - - 200 0 0 18
2018-04-13 10:05:11 ::1 POST /Service1.svc - 49474 - ::1 - - 200 0 0 18
2018-04-13 10:05:11 ::1 POST /Service1.svc - 49474 - ::1 - - 200 0 0 36
2018-04-13 10:05:11 ::1 POST /Service1.svc - 49474 - ::1 - - 200 0 0 91
2018-04-13 10:05:11 ::1 POST /Service1.svc - 49474 - ::1 - - 200 0 0 28
2018-04-13 10:05:11 ::1 POST /Service1.svc - 49474 - ::1 - - 200 0 0 30
2018-04-13 10:05:11 ::1 POST /Service1.svc - 49474 - ::1 - - 200 0 0 28
2018-04-13 10:05:11 ::1 POST /Service1.svc - 49474 - ::1 - - 200 0 0 139
2018-04-13 10:05:11 ::1 POST /Service1.svc - 49474 - ::1 - - 200 0 0 27
2018-04-13 10:05:11 ::1 POST /Service1.svc - 49474 - ::1 - - 200 0 0 48
2018-04-13 10:05:11 ::1 POST /Service1.svc - 49474 - ::1 - - 200 0 0 61
2018-04-13 10:05:11 ::1 POST /Service1.svc - 49474 - ::1 - - 200 0 0 32
2018-04-13 10:05:11 ::1 POST /Service1.svc - 49474 - ::1 - - 200 0 0 22
2018-04-13 10:05:11 ::1 POST /Service1.svc - 49474 - ::1 - - 200 0 0 23
2018-04-13 10:05:11 ::1 POST /Service1.svc - 49474 - ::1 - - 200 0 0 22
2018-04-13 10:05:11 ::1 POST /Service1.svc - 49474 - ::1 - - 200 0 0 63
2018-04-13 10:05:12 ::1 POST /Service1.svc - 49474 - ::1 - - 200 0 0 56
2018-04-13 10:05:12 ::1 POST /Service1.svc - 49474 - ::1 - - 200 0 0 21
2018-04-13 10:05:12 ::1 POST /Service1.svc - 49474 - ::1 - - 200 0 0 15
2018-04-13 10:05:12 ::1 POST /Service1.svc - 49474 - ::1 - - 200 0 0 27
2018-04-13 10:05:12 ::1 POST /Service1.svc - 49474 - ::1 - - 200 0 0 33
2018-04-13 10:05:12 ::1 POST /Service1.svc - 49474 - ::1 - - 200 0 0 27
2018-04-13 10:05:12 ::1 POST /Service1.svc - 49474 - ::1 - - 200 0 0 38
2018-04-13 10:05:12 ::1 POST /Service1.svc - 49474 - ::1 - - 200 0 0 23
2018-04-13 10:05:12 ::1 POST /Service1.svc - 49474 - ::1 - - 200 0 0 22
2018-04-13 10:05:12 ::1 POST /Service1.svc - 49474 - ::1 - - 200 0 0 103
2018-04-13 10:05:12 ::1 POST /Service1.svc - 49474 - ::1 - - 200 0 0 15
2018-04-13 10:05:12 ::1 POST /Service1.svc - 49474 - ::1 - - 200 0 0 21
2018-04-13 10:05:12 ::1 POST /Service1.svc - 49474 - ::1 - - 200 0 0 17
2018-04-13 10:05:12 ::1 POST /Service1.svc - 49474 - ::1 - - 200 0 0 21
2018-04-13 10:05:12 ::1 POST /Service1.svc - 49474 - ::1 - - 200 0 0 18
2018-04-13 10:05:12 ::1 POST /Service1.svc - 49474 - ::1 - - 200 0 0 32
2018-04-13 10:05:12 ::1 POST /Service1.svc - 49474 - ::1 - - 200 0 0 49
2018-04-13 10:05:12 ::1 POST /Service1.svc - 49474 - ::1 - - 200 0 0 22
2018-04-13 10:05:12 ::1 POST /Service1.svc - 49474 - ::1 - - 200 0 0 15
2018-04-13 10:05:12 ::1 POST /Service1.svc - 49474 - ::1 - - 200 0 0 15
2018-04-13 10:05:12 ::1 POST /Service1.svc - 49474 - ::1 - - 200 0 0 96
2018-04-13 10:05:12 ::1 POST /Service1.svc - 49474 - ::1 - - 200 0 0 21
2018-04-13 10:05:12 ::1 POST /Service1.svc - 49474 - ::1 - - 200 0 0 21
2018-04-13 10:05:13 ::1 POST /Service1.svc - 49474 - ::1 - - 200 0 0 177
2018-04-13 10:05:13 ::1 POST /Service1.svc - 49474 - ::1 - - 200 0 0 29
2018-04-13 10:05:13 ::1 POST /Service1.svc - 49474 - ::1 - - 200 0 0 25
2018-04-13 10:05:13 ::1 POST /Service1.svc - 49474 - ::1 - - 200 0 0 102
2018-04-13 10:05:13 ::1 POST /Service1.svc - 49474 - ::1 - - 200 0 0 80
2018-04-13 10:05:13 ::1 POST /Service1.svc - 49474 - ::1 - - 200 0 0 61
2018-04-13 10:05:13 ::1 POST /Service1.svc - 49474 - ::1 - - 200 0 0 117
2018-04-13 10:05:13 ::1 POST /Service1.svc - 49474 - ::1 - - 200 0 0 30
2018-04-13 10:05:13 ::1 POST /Service1.svc - 49474 - ::1 - - 200 0 0 17
2018-04-13 10:05:13 ::1 POST /Service1.svc - 49474 - ::1 - - 200 0 0 25
2018-04-13 10:05:13 ::1 POST /Service1.svc - 49474 - ::1 - - 200 0 0 23
2018-04-13 10:05:13 ::1 POST /Service1.svc - 49474 - ::1 - - 200 0 0 37
2018-04-13 10:05:13 ::1 POST /Service1.svc - 49474 - ::1 - - 200 0 0 72
2018-04-13 10:05:13 ::1 POST /Service1.svc - 49474 - ::1 - - 200 0 0 22
2018-04-13 10:05:13 ::1 POST /Service1.svc - 49474 - ::1 - - 200 0 0 20
2018-04-13 10:05:13 ::1 POST /Service1.svc - 49474 - ::1 - - 200 0 0 25
2018-04-13 10:05:13 ::1 POST /Service1.svc - 49474 - ::1 - - 200 0 0 65
2018-04-13 10:05:13 ::1 POST /Service1.svc - 49474 - ::1 - - 200 0 0 32
2018-04-13 10:05:13 ::1 POST /Service1.svc - 49474 - ::1 - - 200 0 0 22
2018-04-13 10:05:14 ::1 POST /Service1.svc - 49474 - ::1 - - 200 0 0 22
2018-04-13 10:05:14 ::1 POST /Service1.svc - 49474 - ::1 - - 200 0 0 20
2018-04-13 10:05:14 ::1 POST /Service1.svc - 49474 - ::1 - - 200 0 0 21
2018-04-13 10:05:14 ::1 POST /Service1.svc - 49474 - ::1 - - 200 0 0 51
2018-04-13 10:05:14 ::1 POST /Service1.svc - 49474 - ::1 - - 200 0 0 22
2018-04-13 10:05:14 ::1 POST /Service1.svc - 49474 - ::1 - - 200 0 0 61
2018-04-13 10:05:14 ::1 POST /Service1.svc - 49474 - ::1 - - 200 0 0 53
2018-04-13 10:05:14 ::1 POST /Service1.svc - 49474 - ::1 - - 200 0 0 65
2018-04-13 10:05:14 ::1 POST /Service1.svc - 49474 - ::1 - - 200 0 0 31
2018-04-13 10:05:14 ::1 POST /Service1.svc - 49474 - ::1 - - 200 0 0 99
2018-04-13 10:05:14 ::1 POST /Service1.svc - 49474 - ::1 - - 200 0 0 100
2018-04-13 10:05:14 ::1 POST /Service1.svc - 49474 - ::1 - - 200 0 0 27
2018-04-13 10:05:14 ::1 POST /Service1.svc - 49474 - ::1 - - 200 0 0 32
2018-04-13 10:05:14 ::1 POST /Service1.svc - 49474 - ::1 - - 200 0 0 21
2018-04-13 10:05:14 ::1 POST /Service1.svc - 49474 - ::1 - - 200 0 0 20
2018-04-13 10:05:14 ::1 POST /Service1.svc - 49474 - ::1 - - 200 0 0 42
2018-04-13 10:05:14 ::1 POST /Service1.svc - 49474 - ::1 - - 200 0 0 33
2018-04-13 10:05:15 ::1 POST /Service1.svc - 49474 - ::1 - - 200 0 0 220
2018-04-13 10:05:15 ::1 POST /Service1.svc - 49474 - ::1 - - 200 0 0 29
2018-04-13 10:05:15 ::1 POST /Service1.svc - 49474 - ::1 - - 200 0 0 26
2018-04-13 10:05:15 ::1 POST /Service1.svc - 49474 - ::1 - - 200 0 0 43
2018-04-13 10:05:15 ::1 POST /Service1.svc - 49474 - ::1 - - 200 0 0 124
2018-04-13 10:05:15 ::1 POST /Service1.svc - 49474 - ::1 - - 200 0 0 44
2018-04-13 10:05:15 ::1 POST /Service1.svc - 49474 - ::1 - - 200 0 0 36
2018-04-13 10:05:15 ::1 POST /Service1.svc - 49474 - ::1 - - 200 0 0 97
2018-04-13 10:05:15 ::1 POST /Service1.svc - 49474 - ::1 - - 200 0 0 22
2018-04-13 10:05:15 ::1 POST /Service1.svc - 49474 - ::1 - - 200 0 0 40
2018-04-13 10:05:15 ::1 POST /Service1.svc - 49474 - ::1 - - 200 0 0 15
2018-04-13 10:05:15 ::1 POST /Service1.svc - 49474 - ::1 - - 200 0 0 14
2018-04-13 10:05:15 ::1 POST /Service1.svc - 49474 - ::1 - - 200 0 0 15
2018-04-13 10:05:15 ::1 POST /Service1.svc - 49474 - ::1 - - 200 0 0 22
2018-04-13 10:05:15 ::1 POST /Service1.svc - 49474 - ::1 - - 200 0 0 128
2018-04-13 10:05:15 ::1 POST /Service1.svc - 49474 - ::1 - - 200 0 0 20
2018-04-13 10:05:15 ::1 POST /Service1.svc - 49474 - ::1 - - 200 0 0 20
2018-04-13 10:05:15 ::1 POST /Service1.svc - 49474 - ::1 - - 200 0 0 27
2018-04-13 10:05:15 ::1 POST /Service1.svc - 49474 - ::1 - - 200 0 0 27
2018-04-13 10:05:15 ::1 POST /Service1.svc - 49474 - ::1 - - 200 0 0 25
2018-04-13 10:05:16 ::1 POST /Service1.svc - 49474 - ::1 - - 200 0 0 215
2018-04-13 10:05:16 ::1 POST /Service1.svc - 49474 - ::1 - - 200 0 0 20
2018-04-13 10:05:16 ::1 POST /Service1.svc - 49474 - ::1 - - 200 0 0 20
2018-04-13 10:05:16 ::1 POST /Service1.svc - 49474 - ::1 - - 200 0 0 19
2018-04-13 10:05:16 ::1 POST /Service1.svc - 49474 - ::1 - - 200 0 0 19
2018-04-13 10:05:16 ::1 POST /Service1.svc - 49474 - ::1 - - 200 0 0 19
2018-04-13 10:05:16 ::1 POST /Service1.svc - 49474 - ::1 - - 200 0 0 35
2018-04-13 10:05:16 ::1 POST /Service1.svc - 49474 - ::1 - - 200 0 0 112
2018-04-13 10:05:16 ::1 POST /Service1.svc - 49474 - ::1 - - 200 0 0 15
2018-04-13 10:05:16 ::1 POST /Service1.svc - 49474 - ::1 - - 200 0 0 16
2018-04-13 10:05:16 ::1 POST /Service1.svc - 49474 - ::1 - - 200 0 0 16
2018-04-13 10:05:16 ::1 POST /Service1.svc - 49474 - ::1 - - 200 0 0 16
2018-04-13 10:05:16 ::1 POST /Service1.svc - 49474 - ::1 - - 200 0 0 23
2018-04-13 10:05:16 ::1 POST /Service1.svc - 49474 - ::1 - - 200 0 0 38
2018-04-13 10:05:16 ::1 POST /Service1.svc - 49474 - ::1 - - 200 0 0 23
2018-04-13 10:05:16 ::1 POST /Service1.svc - 49474 - ::1 - - 200 0 0 26
2018-04-13 10:05:16 ::1 POST /Service1.svc - 49474 - ::1 - - 200 0 0 22
2018-04-13 10:05:16 ::1 POST /Service1.svc - 49474 - ::1 - - 200 0 0 21
2018-04-13 10:05:16 ::1 POST /Service1.svc - 49474 - ::1 - - 200 0 0 69
2018-04-13 10:05:16 ::1 POST /Service1.svc - 49474 - ::1 - - 200 0 0 24
2018-04-13 10:05:16 ::1 POST /Service1.svc - 49474 - ::1 - - 200 0 0 21
2018-04-13 10:05:16 ::1 POST /Service1.svc - 49474 - ::1 - - 200 0 0 43
2018-04-13 10:05:16 ::1 POST /Service1.svc - 49474 - ::1 - - 200 0 0 37
2018-04-13 10:05:16 ::1 POST /Service1.svc - 49474 - ::1 - - 200 0 0 60
2018-04-13 10:05:16 ::1 POST /Service1.svc - 49474 - ::1 - - 200 0 0 20
2018-04-13 10:05:16 ::1 POST /Service1.svc - 49474 - ::1 - - 200 0 0 21
2018-04-13 10:05:17 ::1 POST /Service1.svc - 49474 - ::1 - - 200 0 0 40
2018-04-13 10:05:17 ::1 POST /Service1.svc - 49474 - ::1 - - 200 0 0 14
2018-04-13 10:05:17 ::1 POST /Service1.svc - 49474 - ::1 - - 200 0 0 17
2018-04-13 10:05:17 ::1 POST /Service1.svc - 49474 - ::1 - - 200 0 0 30
2018-04-13 10:05:17 ::1 POST /Service1.svc - 49474 - ::1 - - 200 0 0 25
2018-04-13 10:05:17 ::1 POST /Service1.svc - 49474 - ::1 - - 200 0 0 297
2018-04-13 10:05:17 ::1 POST /Service1.svc - 49474 - ::1 - - 200 0 0 19
2018-04-13 10:05:17 ::1 POST /Service1.svc - 49474 - ::1 - - 200 0 0 15
2018-04-13 10:05:17 ::1 POST /Service1.svc - 49474 - ::1 - - 200 0 0 15
2018-04-13 10:05:17 ::1 POST /Service1.svc - 49474 - ::1 - - 200 0 0 15
2018-04-13 10:05:17 ::1 POST /Service1.svc - 49474 - ::1 - - 200 0 0 41
2018-04-13 10:05:17 ::1 POST /Service1.svc - 49474 - ::1 - - 200 0 0 68
2018-04-13 10:05:17 ::1 POST /Service1.svc - 49474 - ::1 - - 200 0 0 54
2018-04-13 10:05:17 ::1 POST /Service1.svc - 49474 - ::1 - - 200 0 0 17
2018-04-13 10:05:17 ::1 POST /Service1.svc - 49474 - ::1 - - 200 0 0 64
2018-04-13 10:05:17 ::1 POST /Service1.svc - 49474 - ::1 - - 200 0 0 16
2018-04-13 10:05:17 ::1 POST /Service1.svc - 49474 - ::1 - - 200 0 0 21
2018-04-13 10:05:17 ::1 POST /Service1.svc - 49474 - ::1 - - 200 0 0 68
2018-04-13 10:05:17 ::1 POST /Service1.svc - 49474 - ::1 - - 200 0 0 33
2018-04-13 10:05:18 ::1 POST /Service1.svc - 49474 - ::1 - - 200 0 0 27
2018-04-13 10:05:18 ::1 POST /Service1.svc - 49474 - ::1 - - 200 0 0 17
2018-04-13 10:05:18 ::1 POST /Service1.svc - 49474 - ::1 - - 200 0 0 15
2018-04-13 10:05:18 ::1 POST /Service1.svc - 49474 - ::1 - - 200 0 0 15
2018-04-13 10:05:18 ::1 POST /Service1.svc - 49474 - ::1 - - 200 0 0 21
2018-04-13 10:05:18 ::1 POST /Service1.svc - 49474 - ::1 - - 200 0 0 14
2018-04-13 10:05:18 ::1 POST /Service1.svc - 49474 - ::1 - - 200 0 0 109
2018-04-13 10:05:18 ::1 POST /Service1.svc - 49474 - ::1 - - 200 0 0 39
2018-04-13 10:05:18 ::1 POST /Service1.svc - 49474 - ::1 - - 200 0 0 23
2018-04-13 10:05:18 ::1 POST /Service1.svc - 49474 - ::1 - - 200 0 0 29
2018-04-13 10:05:18 ::1 POST /Service1.svc - 49474 - ::1 - - 200 0 0 21
2018-04-13 10:05:18 ::1 POST /Service1.svc - 49474 - ::1 - - 200 0 0 99
2018-04-13 10:05:18 ::1 POST /Service1.svc - 49474 - ::1 - - 200 0 0 17
2018-04-13 10:05:18 ::1 POST /Service1.svc - 49474 - ::1 - - 200 0 0 25
2018-04-13 10:05:18 ::1 POST /Service1.svc - 49474 - ::1 - - 200 0 0 28
2018-04-13 10:05:18 ::1 POST /Service1.svc - 49474 - ::1 - - 200 0 0 25
2018-04-13 10:05:18 ::1 POST /Service1.svc - 49474 - ::1 - - 200 0 0 69
2018-04-13 10:05:18 ::1 POST /Service1.svc - 49474 - ::1 - - 200 0 0 18
2018-04-13 10:05:18 ::1 POST /Service1.svc - 49474 - ::1 - - 200 0 0 20
2018-04-13 10:05:18 ::1 POST /Service1.svc - 49474 - ::1 - - 200 0 0 36
2018-04-13 10:05:18 ::1 POST /Service1.svc - 49474 - ::1 - - 200 0 0 22
2018-04-13 10:05:18 ::1 POST /Service1.svc - 49474 - ::1 - - 200 0 0 20
2018-04-13 10:05:18 ::1 POST /Service1.svc - 49474 - ::1 - - 200 0 0 43
2018-04-13 10:05:18 ::1 POST /Service1.svc - 49474 - ::1 - - 200 0 0 50
2018-04-13 10:05:18 ::1 POST /Service1.svc - 49474 - ::1 - - 200 0 0 18
2018-04-13 10:05:18 ::1 POST /Service1.svc - 49474 - ::1 - - 200 0 0 16
2018-04-13 10:05:19 ::1 POST /Service1.svc - 49474 - ::1 - - 200 0 0 20
2018-04-13 10:05:19 ::1 POST /Service1.svc - 49474 - ::1 - - 200 0 0 15
2018-04-13 10:05:19 ::1 POST /Service1.svc - 49474 - ::1 - - 200 0 0 21
2018-04-13 10:05:19 ::1 POST /Service1.svc - 49474 - ::1 - - 200 0 0 28
2018-04-13 10:05:19 ::1 POST /Service1.svc - 49474 - ::1 - - 200 0 0 23
2018-04-13 10:05:19 ::1 POST /Service1.svc - 49474 - ::1 - - 200 0 0 21
2018-04-13 10:05:19 ::1 POST /Service1.svc - 49474 - ::1 - - 200 0 0 35
2018-04-13 10:05:19 ::1 POST /Service1.svc - 49474 - ::1 - - 200 0 0 20
2018-04-13 10:05:19 ::1 POST /Service1.svc - 49474 - ::1 - - 200 0 0 22
2018-04-13 10:05:19 ::1 POST /Service1.svc - 49474 - ::1 - - 200 0 0 43
2018-04-13 10:05:19 ::1 POST /Service1.svc - 49474 - ::1 - - 200 0 0 48
2018-04-13 10:05:19 ::1 POST /Service1.svc - 49474 - ::1 - - 200 0 0 28
2018-04-13 10:05:19 ::1 POST /Service1.svc - 49474 - ::1 - - 200 0 0 15
2018-04-13 10:05:19 ::1 POST /Service1.svc - 49474 - ::1 - - 200 0 0 14
2018-04-13 10:05:19 ::1 POST /Service1.svc - 49474 - ::1 - - 200 0 0 17
2018-04-13 10:05:19 ::1 POST /Service1.svc - 49474 - ::1 - - 200 0 0 35
2018-04-13 10:05:19 ::1 POST /Service1.svc - 49474 - ::1 - - 200 0 0 23
2018-04-13 10:05:19 ::1 POST /Service1.svc - 49474 - ::1 - - 200 0 0 52
2018-04-13 10:05:19 ::1 POST /Service1.svc - 49474 - ::1 - - 200 0 0 21
2018-04-13 10:05:19 ::1 POST /Service1.svc - 49474 - ::1 - - 200 0 0 36
2018-04-13 10:05:19 ::1 POST /Service1.svc - 49474 - ::1 - - 200 0 0 17
2018-04-13 10:05:19 ::1 POST /Service1.svc - 49474 - ::1 - - 200 0 0 15
2018-04-13 10:05:19 ::1 POST /Service1.svc - 49474 - ::1 - - 200 0 0 15
2018-04-13 10:05:19 ::1 POST /Service1.svc - 49474 - ::1 - - 200 0 0 24
2018-04-13 10:05:19 ::1 POST /Service1.svc - 49474 - ::1 - - 200 0 0 66
2018-04-13 10:05:20 ::1 POST /Service1.svc - 49474 - ::1 - - 200 0 0 97
2018-04-13 10:05:20 ::1 POST /Service1.svc - 49474 - ::1 - - 200 0 0 22
2018-04-13 10:05:20 ::1 POST /Service1.svc - 49474 - ::1 - - 200 0 0 22
2018-04-13 10:05:20 ::1 POST /Service1.svc - 49474 - ::1 - - 200 0 0 22
2018-04-13 10:05:20 ::1 POST /Service1.svc - 49474 - ::1 - - 200 0 0 19
2018-04-13 10:06:15 ::1 POST /Service1.svc - 49474 - ::1 - - 200 0 0 30
2018-04-13 10:06:15 ::1 POST /Service1.svc - 49474 - ::1 - - 200 0 0 59
2018-04-13 10:06:15 ::1 POST /Service1.svc - 49474 - ::1 - - 200 0 0 143
2018-04-13 10:06:15 ::1 POST /Service1.svc - 49474 - ::1 - - 200 0 0 65
2018-04-13 10:06:15 ::1 POST /Service1.svc - 49474 - ::1 - - 200 0 0 105
2018-04-13 10:06:15 ::1 POST /Service1.svc - 49474 - ::1 - - 200 0 0 156
2018-04-13 10:06:15 ::1 POST /Service1.svc - 49474 - ::1 - - 200 0 0 112
2018-04-13 10:06:18 ::1 POST /Service1.svc - 49474 - ::1 - - 200 0 0 125
2018-04-13 10:06:18 ::1 POST /Service1.svc - 49474 - ::1 - - 200 0 0 435
2018-04-13 10:06:18 ::1 POST /Service1.svc - 49474 - ::1 - - 200 0 0 462
2018-04-13 10:06:19 ::1 POST /Service1.svc - 49474 - ::1 - - 200 0 0 161
2018-04-13 10:06:19 ::1 POST /Service1.svc - 49474 - ::1 - - 200 0 0 81
2018-04-13 10:06:28 ::1 POST /Service1.svc - 49474 - ::1 - - 200 0 0 63
2018-04-13 10:06:32 ::1 POST /Service1.svc - 49474 - ::1 - - 200 0 0 98
2018-04-13 10:06:45 ::1 POST /Service1.svc - 49474 - ::1 - - 200 0 0 15
2018-04-13 10:17:44 ::1 POST /Service1.svc - 49474 - ::1 - - 200 0 0 49
2018-04-13 10:17:44 ::1 POST /Service1.svc - 49474 - ::1 - - 200 0 0 185
2018-04-13 10:17:44 ::1 POST /Service1.svc - 49474 - ::1 - - 200 0 0 51
2018-04-13 10:17:44 ::1 POST /Service1.svc - 49474 - ::1 - - 200 0 0 49
2018-04-13 10:17:44 ::1 POST /Service1.svc - 49474 - ::1 - - 200 0 0 44
2018-04-13 10:17:44 ::1 POST /Service1.svc - 49474 - ::1 - - 200 0 0 214
2018-04-13 10:17:44 ::1 POST /Service1.svc - 49474 - ::1 - - 200 0 0 71
2018-04-13 10:17:48 ::1 POST /Service1.svc - 49474 - ::1 - - 200 0 0 132
2018-04-13 10:17:48 ::1 POST /Service1.svc - 49474 - ::1 - - 200 0 0 18
2018-04-13 10:17:48 ::1 POST /Service1.svc - 49474 - ::1 - - 200 0 0 117
2018-04-13 10:17:48 ::1 POST /Service1.svc - 49474 - ::1 - - 200 0 0 93
2018-04-13 10:17:48 ::1 POST /Service1.svc - 49474 - ::1 - - 200 0 0 99
2018-04-13 10:17:58 ::1 POST /Service1.svc - 49474 - ::1 - - 200 0 0 141
2018-04-13 10:18:03 ::1 POST /Service1.svc - 49474 - ::1 - - 200 0 0 40
2018-04-13 10:18:05 ::1 POST /Service1.svc - 49474 - ::1 - - 200 0 0 43
2018-04-13 10:18:22 ::1 POST /Service1.svc - 49474 - ::1 - - 200 0 0 17118
2018-04-13 10:19:02 ::1 POST /Service1.svc - 49474 - ::1 - - 200 0 0 54
2018-04-13 10:23:44 ::1 POST /Service1.svc - 49474 - ::1 - - 200 0 0 108
2018-04-13 10:23:44 ::1 POST /Service1.svc - 49474 - ::1 - - 200 0 0 69
2018-04-13 10:23:44 ::1 POST /Service1.svc - 49474 - ::1 - - 200 0 0 130
2018-04-13 10:23:44 ::1 POST /Service1.svc - 49474 - ::1 - - 200 0 0 48
2018-04-13 10:23:44 ::1 POST /Service1.svc - 49474 - ::1 - - 200 0 0 55
2018-04-13 10:23:44 ::1 POST /Service1.svc - 49474 - ::1 - - 200 0 0 152
2018-04-13 10:23:44 ::1 POST /Service1.svc - 49474 - ::1 - - 200 0 0 96
2018-04-13 10:23:56 ::1 POST /Service1.svc - 49474 - ::1 - - 200 0 0 63
2018-04-13 10:24:14 ::1 POST /Service1.svc - 49474 - ::1 - - 200 0 0 80
2018-04-13 10:24:14 ::1 POST /Service1.svc - 49474 - ::1 - - 200 0 0 21
2018-04-13 10:24:14 ::1 POST /Service1.svc - 49474 - ::1 - - 200 0 0 32
2018-04-13 10:24:14 ::1 POST /Service1.svc - 49474 - ::1 - - 200 0 0 21
2018-04-13 10:24:14 ::1 POST /Service1.svc - 49474 - ::1 - - 200 0 0 28
2018-04-13 10:24:36 ::1 POST /Service1.svc - 49474 - ::1 - - 200 0 0 47
2018-04-13 10:24:45 ::1 POST /Service1.svc - 49474 - ::1 - - 200 0 0 22
2018-04-13 10:24:46 ::1 POST /Service1.svc - 49474 - ::1 - - 200 0 0 46
2018-04-13 10:24:46 ::1 POST /Service1.svc - 49474 - ::1 - - 200 0 0 123
2018-04-13 10:31:39 ::1 POST /Service1.svc - 49474 - ::1 - - 200 0 0 50
2018-04-13 10:31:39 ::1 POST /Service1.svc - 49474 - ::1 - - 200 0 0 87
2018-04-13 10:31:39 ::1 POST /Service1.svc - 49474 - ::1 - - 200 0 0 40
2018-04-13 10:31:39 ::1 POST /Service1.svc - 49474 - ::1 - - 200 0 0 142
2018-04-13 10:31:39 ::1 POST /Service1.svc - 49474 - ::1 - - 200 0 0 26
2018-04-13 10:31:39 ::1 POST /Service1.svc - 49474 - ::1 - - 200 0 0 107
2018-04-13 10:31:39 ::1 POST /Service1.svc - 49474 - ::1 - - 200 0 0 48
2018-04-13 10:31:42 ::1 POST /Service1.svc - 49474 - ::1 - - 200 0 0 66
2018-04-13 10:31:42 ::1 POST /Service1.svc - 49474 - ::1 - - 200 0 0 82
2018-04-13 10:31:42 ::1 POST /Service1.svc - 49474 - ::1 - - 200 0 0 86
2018-04-13 10:31:42 ::1 POST /Service1.svc - 49474 - ::1 - - 200 0 0 249
2018-04-13 10:31:42 ::1 POST /Service1.svc - 49474 - ::1 - - 200 0 0 74
2018-04-13 10:31:54 ::1 POST /Service1.svc - 49474 - ::1 - - 200 0 0 26
2018-04-13 10:32:04 ::1 POST /Service1.svc - 49474 - ::1 - - 200 0 0 22
2018-04-13 10:32:16 ::1 POST /Service1.svc - 49474 - ::1 - - 200 0 0 31
2018-04-13 10:32:46 ::1 POST /Service1.svc - 49474 - ::1 - - 200 0 0 31
2018-04-13 10:32:54 ::1 POST /Service1.svc - 49474 - ::1 - - 200 0 0 24
2018-04-13 10:32:58 ::1 POST /Service1.svc - 49474 - ::1 - - 200 0 0 39
2018-04-13 10:32:58 ::1 POST /Service1.svc - 49474 - ::1 - - 200 0 0 112
#Software: Microsoft Internet Information Services 10.0
#Version: 1.0
#Date: 2018-04-13 10:53:57
#Fields: date time s-ip cs-method cs-uri-stem cs-uri-query s-port cs-username c-ip cs(User-Agent) cs(Referer) sc-status sc-substatus sc-win32-status time-taken
2018-04-13 10:53:57 ::1 POST /Service1.svc - 49474 - ::1 - - 200 0 0 49
2018-04-13 10:53:57 ::1 POST /Service1.svc - 49474 - ::1 - - 200 0 0 16
2018-04-13 10:53:57 ::1 POST /Service1.svc - 49474 - ::1 - - 200 0 0 9
2018-04-13 10:53:58 ::1 POST /Service1.svc - 49474 - ::1 - - 200 0 0 9
2018-04-13 10:53:58 ::1 POST /Service1.svc - 49474 - ::1 - - 200 0 0 11
2018-04-13 10:53:58 ::1 POST /Service1.svc - 49474 - ::1 - - 200 0 0 22
2018-04-13 10:53:58 ::1 POST /Service1.svc - 49474 - ::1 - - 200 0 0 23
2018-04-13 10:54:01 ::1 POST /Service1.svc - 49474 - ::1 - - 200 0 0 49
2018-04-13 10:54:01 ::1 POST /Service1.svc - 49474 - ::1 - - 200 0 0 32
2018-04-13 10:54:01 ::1 POST /Service1.svc - 49474 - ::1 - - 200 0 0 52
2018-04-13 10:54:01 ::1 POST /Service1.svc - 49474 - ::1 - - 200 0 0 14
2018-04-13 10:54:01 ::1 POST /Service1.svc - 49474 - ::1 - - 200 0 0 76
2018-04-13 10:54:16 ::1 POST /Service1.svc - 49474 - ::1 - - 200 0 0 76
2018-04-13 10:54:22 ::1 POST /Service1.svc - 49474 - ::1 - - 200 0 0 22
2018-04-13 10:54:31 ::1 POST /Service1.svc - 49474 - ::1 - - 200 0 0 27
2018-04-13 10:54:58 ::1 POST /Service1.svc - 49474 - ::1 - - 200 0 0 33
2018-04-13 10:54:58 ::1 POST /Service1.svc - 49474 - ::1 - - 200 0 0 213
2018-04-13 10:55:03 ::1 POST /Service1.svc - 49474 - ::1 - - 200 0 0 50
2018-04-13 10:55:03 ::1 POST /Service1.svc - 49474 - ::1 - - 200 0 0 99
2018-04-13 10:55:21 ::1 POST /Service1.svc - 49474 - ::1 - - 200 0 0 32
2018-04-13 10:59:20 ::1 POST /Service1.svc - 49474 - ::1 - - 200 0 0 28
2018-04-13 10:59:20 ::1 POST /Service1.svc - 49474 - ::1 - - 200 0 0 60
2018-04-13 10:59:20 ::1 POST /Service1.svc - 49474 - ::1 - - 200 0 0 43
2018-04-13 10:59:20 ::1 POST /Service1.svc - 49474 - ::1 - - 200 0 0 26
2018-04-13 10:59:20 ::1 POST /Service1.svc - 49474 - ::1 - - 200 0 0 26
2018-04-13 10:59:20 ::1 POST /Service1.svc - 49474 - ::1 - - 200 0 0 55
2018-04-13 10:59:20 ::1 POST /Service1.svc - 49474 - ::1 - - 200 0 0 47
2018-04-13 10:59:47 ::1 POST /Service1.svc - 49474 - ::1 - - 200 0 0 32
2018-04-13 10:59:47 ::1 POST /Service1.svc - 49474 - ::1 - - 200 0 0 60
2018-04-13 10:59:47 ::1 POST /Service1.svc - 49474 - ::1 - - 200 0 0 81
2018-04-13 10:59:47 ::1 POST /Service1.svc - 49474 - ::1 - - 200 0 0 15
2018-04-13 10:59:47 ::1 POST /Service1.svc - 49474 - ::1 - - 200 0 0 43
2018-04-13 10:59:55 ::1 POST /Service1.svc - 49474 - ::1 - - 200 0 0 43
2018-04-13 10:59:59 ::1 POST /Service1.svc - 49474 - ::1 - - 200 0 0 21
2018-04-13 11:00:00 ::1 POST /Service1.svc - 49474 - ::1 - - 200 0 0 42
2018-04-13 11:00:00 ::1 POST /Service1.svc - 49474 - ::1 - - 200 0 0 214
2018-04-13 11:00:10 ::1 POST /Service1.svc - 49474 - ::1 - - 200 0 0 20
2018-04-13 11:00:45 ::1 POST /Service1.svc - 49474 - ::1 - - 200 0 0 211
#Software: Microsoft Internet Information Services 10.0
#Version: 1.0
#Date: 2018-04-13 13:03:18
#Fields: date time s-ip cs-method cs-uri-stem cs-uri-query s-port cs-username c-ip cs(User-Agent) cs(Referer) sc-status sc-substatus sc-win32-status time-taken
2018-04-13 13:03:18 ::1 POST /Service1.svc - 49474 - ::1 - - 200 0 0 367
2018-04-13 13:03:18 ::1 POST /Service1.svc - 49474 - ::1 - - 200 0 0 368
2018-04-13 13:03:20 ::1 POST /Service1.svc - 49474 - ::1 - - 200 0 0 315
2018-04-13 13:03:20 ::1 POST /Service1.svc - 49474 - ::1 - - 200 0 0 44
2018-04-13 13:03:20 ::1 POST /Service1.svc - 49474 - ::1 - - 200 0 0 119
2018-04-13 13:03:20 ::1 POST /Service1.svc - 49474 - ::1 - - 200 0 0 81
2018-04-13 13:03:20 ::1 POST /Service1.svc - 49474 - ::1 - - 200 0 0 69
2018-04-13 13:03:32 ::1 POST /Service1.svc - 49474 - ::1 - - 200 0 0 49
2018-04-13 13:03:32 ::1 POST /Service1.svc - 49474 - ::1 - - 200 0 0 82
2018-04-13 13:03:32 ::1 POST /Service1.svc - 49474 - ::1 - - 200 0 0 64
2018-04-13 13:03:32 ::1 POST /Service1.svc - 49474 - ::1 - - 200 0 0 18
2018-04-13 13:03:32 ::1 POST /Service1.svc - 49474 - ::1 - - 200 0 0 32
2018-04-13 13:03:48 ::1 POST /Service1.svc - 49474 - ::1 - - 200 0 0 32
2018-04-13 13:06:18 ::1 POST /Service1.svc - 49474 - ::1 - - 200 0 0 42
2018-04-13 13:06:18 ::1 POST /Service1.svc - 49474 - ::1 - - 200 0 0 248
2018-04-13 13:06:18 ::1 POST /Service1.svc - 49474 - ::1 - - 200 0 0 393
2018-04-13 13:06:19 ::1 POST /Service1.svc - 49474 - ::1 - - 200 0 0 91
2018-04-13 13:06:19 ::1 POST /Service1.svc - 49474 - ::1 - - 200 0 0 84
2018-04-13 13:06:19 ::1 POST /Service1.svc - 49474 - ::1 - - 200 0 0 338
2018-04-13 13:06:19 ::1 POST /Service1.svc - 49474 - ::1 - - 200 0 0 244
2018-04-13 13:06:24 ::1 POST /Service1.svc - 49474 - ::1 - - 200 0 0 125
2018-04-13 13:06:24 ::1 POST /Service1.svc - 49474 - ::1 - - 200 0 0 28
2018-04-13 13:06:24 ::1 POST /Service1.svc - 49474 - ::1 - - 200 0 0 144
2018-04-13 13:06:24 ::1 POST /Service1.svc - 49474 - ::1 - - 200 0 0 35
2018-04-13 13:06:24 ::1 POST /Service1.svc - 49474 - ::1 - - 200 0 0 61
2018-04-13 13:06:59 ::1 POST /Service1.svc - 49474 - ::1 - - 200 0 0 90
2018-04-13 13:07:11 ::1 POST /Service1.svc - 49474 - ::1 - - 200 0 0 99
2018-04-13 13:12:18 ::1 POST /Service1.svc - 49474 - ::1 - - 200 0 0 149
2018-04-13 13:12:18 ::1 POST /Service1.svc - 49474 - ::1 - - 200 0 0 80
2018-04-13 13:12:18 ::1 POST /Service1.svc - 49474 - ::1 - - 200 0 0 123
2018-04-13 13:12:18 ::1 POST /Service1.svc - 49474 - ::1 - - 200 0 0 301
2018-04-13 13:12:18 ::1 POST /Service1.svc - 49474 - ::1 - - 200 0 0 58
2018-04-13 13:12:18 ::1 POST /Service1.svc - 49474 - ::1 - - 200 0 0 58
2018-04-13 13:12:20 ::1 POST /Service1.svc - 49474 - ::1 - - 200 0 0 145
2018-04-13 13:12:26 ::1 POST /Service1.svc - 49474 - ::1 - - 200 0 0 339
2018-04-13 13:12:26 ::1 POST /Service1.svc - 49474 - ::1 - - 200 0 0 241
2018-04-13 13:12:26 ::1 POST /Service1.svc - 49474 - ::1 - - 200 0 0 173
2018-04-13 13:12:26 ::1 POST /Service1.svc - 49474 - ::1 - - 200 0 0 45
2018-04-13 13:12:26 ::1 POST /Service1.svc - 49474 - ::1 - - 200 0 0 418
2018-04-13 13:12:40 ::1 POST /Service1.svc - 49474 - ::1 - - 200 0 0 139
2018-04-13 13:14:50 ::1 POST /Service1.svc - 49474 - ::1 - - 200 0 0 32
2018-04-13 13:14:50 ::1 POST /Service1.svc - 49474 - ::1 - - 200 0 0 725
