#Software: Microsoft Internet Information Services 10.0
#Version: 1.0
#Date: 2018-04-12 04:23:10
#Fields: date time s-ip cs-method cs-uri-stem cs-uri-query s-port cs-username c-ip cs(User-Agent) cs(Referer) sc-status sc-substatus sc-win32-status time-taken
2018-04-12 04:23:10 ::1 POST /Service1.svc - 49474 - ::1 - - 415 0 0 11785
2018-04-12 04:23:10 ::1 POST /Service1.svc/mex - 49474 - ::1 - - 415 0 0 29
2018-04-12 04:23:13 ::1 GET /Service1.svc - 49474 - ::1 Mozilla/4.0+(compatible;+MSIE+6.0;+MS+Web+Services+Client+Protocol+4.0.30319.42000) - 200 0 0 2799
2018-04-12 04:23:13 ::1 GET /Service1.svc disco 49474 - ::1 Mozilla/4.0+(compatible;+MSIE+6.0;+MS+Web+Services+Client+Protocol+4.0.30319.42000) - 200 0 0 5
2018-04-12 04:23:13 ::1 GET /Service1.svc wsdl 49474 - ::1 Mozilla/4.0+(compatible;+MSIE+6.0;+MS+Web+Services+Client+Protocol+4.0.30319.42000) - 200 0 0 110
2018-04-12 04:23:15 ::1 GET /Service1.svc xsd=xsd0 49474 - ::1 Mozilla/4.0+(compatible;+MSIE+6.0;+MS+Web+Services+Client+Protocol+4.0.30319.42000) - 200 0 0 1921
2018-04-12 04:23:15 ::1 GET /Service1.svc xsd=xsd2 49474 - ::1 Mozilla/4.0+(compatible;+MSIE+6.0;+MS+Web+Services+Client+Protocol+4.0.30319.42000) - 200 0 0 7
2018-04-12 04:23:15 ::1 GET /Service1.svc xsd=xsd3 49474 - ::1 Mozilla/4.0+(compatible;+MSIE+6.0;+MS+Web+Services+Client+Protocol+4.0.30319.42000) - 200 0 0 15
2018-04-12 04:23:15 ::1 GET /Service1.svc xsd=xsd1 49474 - ::1 Mozilla/4.0+(compatible;+MSIE+6.0;+MS+Web+Services+Client+Protocol+4.0.30319.42000) - 200 0 0 14
2018-04-12 04:25:06 ::1 GET /Service1.svc - 49474 - ::1 Mozilla/4.0+(compatible;+MSIE+6.0;+MS+Web+Services+Client+Protocol+4.0.30319.42000) - 200 0 0 106
2018-04-12 04:25:06 ::1 GET /Service1.svc disco 49474 - ::1 Mozilla/4.0+(compatible;+MSIE+6.0;+MS+Web+Services+Client+Protocol+4.0.30319.42000) - 200 0 0 65
2018-04-12 04:25:06 ::1 GET /Service1.svc/$metadata - 49474 - ::1 Mozilla/4.0+(compatible;+MSIE+6.0;+MS+Web+Services+Client+Protocol+4.0.30319.42000) - 400 0 0 490
2018-04-12 04:25:06 ::1 GET /Service1.svc wsdl 49474 - ::1 Mozilla/4.0+(compatible;+MSIE+6.0;+MS+Web+Services+Client+Protocol+4.0.30319.42000) - 200 0 0 206
2018-04-12 04:25:06 ::1 GET /Service1.svc xsd=xsd0 49474 - ::1 Mozilla/4.0+(compatible;+MSIE+6.0;+MS+Web+Services+Client+Protocol+4.0.30319.42000) - 200 0 0 69
2018-04-12 04:25:06 ::1 GET /Service1.svc xsd=xsd2 49474 - ::1 Mozilla/4.0+(compatible;+MSIE+6.0;+MS+Web+Services+Client+Protocol+4.0.30319.42000) - 200 0 0 25
2018-04-12 04:25:06 ::1 GET /Service1.svc xsd=xsd3 49474 - ::1 Mozilla/4.0+(compatible;+MSIE+6.0;+MS+Web+Services+Client+Protocol+4.0.30319.42000) - 200 0 0 9
2018-04-12 04:25:06 ::1 GET /Service1.svc xsd=xsd1 49474 - ::1 Mozilla/4.0+(compatible;+MSIE+6.0;+MS+Web+Services+Client+Protocol+4.0.30319.42000) - 200 0 0 5
2018-04-12 04:25:07 ::1 POST /Service1.svc - 49474 - ::1 - - 415 0 0 106
2018-04-12 04:25:07 ::1 POST /Service1.svc/mex - 49474 - ::1 - - 415 0 0 139
2018-04-12 04:25:40 ::1 POST /Service1.svc - 49474 - ::1 - - 200 0 0 6056
2018-04-12 04:25:40 ::1 POST /Service1.svc - 49474 - ::1 - - 200 0 0 310
2018-04-12 04:25:40 ::1 POST /Service1.svc - 49474 - ::1 - - 200 0 0 17
2018-04-12 04:25:40 ::1 POST /Service1.svc - 49474 - ::1 - - 200 0 0 14
2018-04-12 04:25:40 ::1 POST /Service1.svc - 49474 - ::1 - - 200 0 0 35
2018-04-12 04:25:41 ::1 POST /Service1.svc - 49474 - ::1 - - 200 0 0 122
2018-04-12 04:25:41 ::1 POST /Service1.svc - 49474 - ::1 - - 200 0 0 57
2018-04-12 04:25:46 ::1 POST /Service1.svc - 49474 - ::1 - - 200 0 0 342
2018-04-12 04:25:46 ::1 POST /Service1.svc - 49474 - ::1 - - 200 0 0 33
2018-04-12 04:25:46 ::1 POST /Service1.svc - 49474 - ::1 - - 200 0 0 206
2018-04-12 04:25:46 ::1 POST /Service1.svc - 49474 - ::1 - - 200 0 0 31
2018-04-12 04:25:55 ::1 POST /Service1.svc - 49474 - ::1 - - 200 0 0 87
2018-04-12 04:26:36 ::1 POST /Service1.svc - 49474 - ::1 - - 200 0 0 77
2018-04-12 04:27:45 ::1 POST /Service1.svc - 49474 - ::1 - - 200 0 0 26
2018-04-12 04:27:45 ::1 POST /Service1.svc - 49474 - ::1 - - 200 0 0 29
2018-04-12 04:27:45 ::1 POST /Service1.svc - 49474 - ::1 - - 200 0 0 16
2018-04-12 04:27:52 ::1 POST /Service1.svc - 49474 - ::1 - - 200 0 0 64
2018-04-12 04:27:59 ::1 POST /Service1.svc - 49474 - ::1 - - 200 0 0 72
2018-04-12 04:28:05 ::1 POST /Service1.svc - 49474 - ::1 - - 200 0 0 18
2018-04-12 04:28:06 ::1 POST /Service1.svc - 49474 - ::1 - - 200 0 0 1688
2018-04-12 04:28:13 ::1 POST /Service1.svc - 49474 - ::1 - - 200 0 0 18
2018-04-12 04:28:13 ::1 POST /Service1.svc - 49474 - ::1 - - 200 0 0 19
2018-04-12 04:28:13 ::1 POST /Service1.svc - 49474 - ::1 - - 200 0 0 39
2018-04-12 04:28:13 ::1 POST /Service1.svc - 49474 - ::1 - - 200 0 0 9
2018-04-12 04:28:13 ::1 POST /Service1.svc - 49474 - ::1 - - 200 0 0 30
2018-04-12 04:28:13 ::1 POST /Service1.svc - 49474 - ::1 - - 200 0 0 20
2018-04-12 04:28:13 ::1 POST /Service1.svc - 49474 - ::1 - - 200 0 0 41
2018-04-12 04:28:18 ::1 POST /Service1.svc - 49474 - ::1 - - 200 0 0 33
2018-04-12 04:28:18 ::1 POST /Service1.svc - 49474 - ::1 - - 200 0 0 78
2018-04-12 04:28:18 ::1 POST /Service1.svc - 49474 - ::1 - - 200 0 0 68
2018-04-12 04:28:18 ::1 POST /Service1.svc - 49474 - ::1 - - 200 0 0 22
2018-04-12 04:28:29 ::1 POST /Service1.svc - 49474 - ::1 - - 200 0 0 16
2018-04-12 04:28:54 ::1 POST /Service1.svc - 49474 - ::1 - - 200 0 0 15
2018-04-12 04:29:02 ::1 POST /Service1.svc - 49474 - ::1 - - 200 0 0 24
2018-04-12 04:31:07 ::1 POST /Service1.svc - 49474 - ::1 - - 200 0 0 27
2018-04-12 04:33:42 ::1 POST /Service1.svc - 49474 - ::1 - - 200 0 0 47
2018-04-12 04:33:42 ::1 POST /Service1.svc - 49474 - ::1 - - 200 0 0 24
2018-04-12 04:33:42 ::1 POST /Service1.svc - 49474 - ::1 - - 200 0 0 10
2018-04-12 04:33:42 ::1 POST /Service1.svc - 49474 - ::1 - - 200 0 0 97
2018-04-12 04:33:42 ::1 POST /Service1.svc - 49474 - ::1 - - 200 0 0 17
2018-04-12 04:33:42 ::1 POST /Service1.svc - 49474 - ::1 - - 200 0 0 170
2018-04-12 04:33:42 ::1 POST /Service1.svc - 49474 - ::1 - - 200 0 0 22
2018-04-12 04:33:47 ::1 POST /Service1.svc - 49474 - ::1 - - 200 0 0 30
2018-04-12 04:33:47 ::1 POST /Service1.svc - 49474 - ::1 - - 200 0 0 19
2018-04-12 04:33:47 ::1 POST /Service1.svc - 49474 - ::1 - - 200 0 0 51
2018-04-12 04:33:47 ::1 POST /Service1.svc - 49474 - ::1 - - 200 0 0 52
2018-04-12 04:33:57 ::1 POST /Service1.svc - 49474 - ::1 - - 200 0 0 54
2018-04-12 04:35:01 ::1 POST /Service1.svc - 49474 - ::1 - - 200 0 0 29
#Software: Microsoft Internet Information Services 10.0
#Version: 1.0
#Date: 2018-04-12 05:07:33
#Fields: date time s-ip cs-method cs-uri-stem cs-uri-query s-port cs-username c-ip cs(User-Agent) cs(Referer) sc-status sc-substatus sc-win32-status time-taken
2018-04-12 05:07:33 ::1 POST /Service1.svc - 49474 - ::1 - - 200 0 0 70
2018-04-12 05:07:33 ::1 POST /Service1.svc - 49474 - ::1 - - 200 0 0 18
2018-04-12 05:07:33 ::1 POST /Service1.svc - 49474 - ::1 - - 200 0 0 36
2018-04-12 05:07:36 ::1 POST /Service1.svc - 49474 - ::1 - - 200 0 0 55
2018-04-12 05:07:36 ::1 POST /Service1.svc - 49474 - ::1 - - 200 0 0 107
2018-04-12 05:07:36 ::1 POST /Service1.svc - 49474 - ::1 - - 200 0 0 94
2018-04-12 05:07:36 ::1 POST /Service1.svc - 49474 - ::1 - - 200 0 0 24
2018-04-12 05:07:39 ::1 POST /Service1.svc - 49474 - ::1 - - 200 0 0 47
2018-04-12 05:07:39 ::1 POST /Service1.svc - 49474 - ::1 - - 200 0 0 24
2018-04-12 05:07:39 ::1 POST /Service1.svc - 49474 - ::1 - - 200 0 0 58
2018-04-12 05:07:39 ::1 POST /Service1.svc - 49474 - ::1 - - 200 0 0 47
2018-04-12 05:07:58 ::1 POST /Service1.svc - 49474 - ::1 - - 200 0 0 94
2018-04-12 05:08:04 ::1 POST /Service1.svc - 49474 - ::1 - - 200 0 0 41
2018-04-12 05:08:06 ::1 POST /Service1.svc - 49474 - ::1 - - 200 0 0 167
2018-04-12 05:08:06 ::1 POST /Service1.svc - 49474 - ::1 - - 200 0 0 337
2018-04-12 05:08:16 ::1 POST /Service1.svc - 49474 - ::1 - - 200 0 0 54
#Software: Microsoft Internet Information Services 10.0
#Version: 1.0
#Date: 2018-04-12 06:12:46
#Fields: date time s-ip cs-method cs-uri-stem cs-uri-query s-port cs-username c-ip cs(User-Agent) cs(Referer) sc-status sc-substatus sc-win32-status time-taken
2018-04-12 06:12:46 ::1 GET /Service1.svc - 49474 - ::1 Mozilla/4.0+(compatible;+MSIE+6.0;+MS+Web+Services+Client+Protocol+4.0.30319.42000) - 200 0 0 624
2018-04-12 06:12:46 ::1 GET /Service1.svc/$metadata - 49474 - ::1 Mozilla/4.0+(compatible;+MSIE+6.0;+MS+Web+Services+Client+Protocol+4.0.30319.42000) - 400 0 0 840
2018-04-12 06:12:46 ::1 GET /Service1.svc disco 49474 - ::1 Mozilla/4.0+(compatible;+MSIE+6.0;+MS+Web+Services+Client+Protocol+4.0.30319.42000) - 200 0 0 280
2018-04-12 06:12:46 ::1 GET /Service1.svc wsdl 49474 - ::1 Mozilla/4.0+(compatible;+MSIE+6.0;+MS+Web+Services+Client+Protocol+4.0.30319.42000) - 200 0 0 389
2018-04-12 06:12:47 ::1 GET /Service1.svc xsd=xsd0 49474 - ::1 Mozilla/4.0+(compatible;+MSIE+6.0;+MS+Web+Services+Client+Protocol+4.0.30319.42000) - 200 0 0 216
2018-04-12 06:12:47 ::1 GET /Service1.svc xsd=xsd2 49474 - ::1 Mozilla/4.0+(compatible;+MSIE+6.0;+MS+Web+Services+Client+Protocol+4.0.30319.42000) - 200 0 0 24
2018-04-12 06:12:47 ::1 GET /Service1.svc xsd=xsd3 49474 - ::1 Mozilla/4.0+(compatible;+MSIE+6.0;+MS+Web+Services+Client+Protocol+4.0.30319.42000) - 200 0 0 14
2018-04-12 06:12:47 ::1 GET /Service1.svc xsd=xsd1 49474 - ::1 Mozilla/4.0+(compatible;+MSIE+6.0;+MS+Web+Services+Client+Protocol+4.0.30319.42000) - 200 0 0 165
2018-04-12 06:12:47 ::1 POST /Service1.svc - 49474 - ::1 - - 415 0 0 347
2018-04-12 06:12:47 ::1 POST /Service1.svc/mex - 49474 - ::1 - - 415 0 0 344
2018-04-12 06:13:59 ::1 POST /Service1.svc - 49474 - ::1 - - 200 0 0 2715
2018-04-12 06:13:59 ::1 POST /Service1.svc - 49474 - ::1 - - 200 0 0 80
2018-04-12 06:13:59 ::1 POST /Service1.svc - 49474 - ::1 - - 200 0 0 55
2018-04-12 06:14:00 ::1 POST /Service1.svc - 49474 - ::1 - - 200 0 0 100
2018-04-12 06:14:00 ::1 POST /Service1.svc - 49474 - ::1 - - 200 0 0 110
2018-04-12 06:14:00 ::1 POST /Service1.svc - 49474 - ::1 - - 200 0 0 73
2018-04-12 06:14:00 ::1 POST /Service1.svc - 49474 - ::1 - - 200 0 0 11
2018-04-12 06:14:03 ::1 POST /Service1.svc - 49474 - ::1 - - 200 0 0 316
2018-04-12 06:14:03 ::1 POST /Service1.svc - 49474 - ::1 - - 200 0 0 191
2018-04-12 06:14:03 ::1 POST /Service1.svc - 49474 - ::1 - - 200 0 0 134
2018-04-12 06:14:03 ::1 POST /Service1.svc - 49474 - ::1 - - 200 0 0 143
2018-04-12 06:14:11 ::1 POST /Service1.svc - 49474 - ::1 - - 200 0 0 34
2018-04-12 06:14:11 ::1 POST /Service1.svc - 49474 - ::1 - - 200 0 0 26
2018-04-12 06:14:11 ::1 POST /Service1.svc - 49474 - ::1 - - 200 0 0 58
2018-04-12 06:14:14 ::1 POST /Service1.svc - 49474 - ::1 - - 200 0 0 27
2018-04-12 06:14:14 ::1 POST /Service1.svc - 49474 - ::1 - - 200 0 0 22
2018-04-12 06:14:14 ::1 POST /Service1.svc - 49474 - ::1 - - 200 0 0 62
2018-04-12 06:14:30 ::1 POST /Service1.svc - 49474 - ::1 - - 200 0 0 125
2018-04-12 06:14:30 ::1 POST /Service1.svc - 49474 - ::1 - - 200 0 0 100
2018-04-12 06:14:30 ::1 POST /Service1.svc - 49474 - ::1 - - 200 0 0 54
2018-04-12 06:14:47 ::1 POST /Service1.svc - 49474 - ::1 - - 200 0 0 51
2018-04-12 06:14:52 ::1 POST /Service1.svc - 49474 - ::1 - - 200 0 0 94
2018-04-12 06:14:57 ::1 POST /Service1.svc - 49474 - ::1 - - 200 0 0 244
2018-04-12 06:15:31 ::1 POST /Service1.svc - 49474 - ::1 - - 200 0 0 16
2018-04-12 06:15:31 ::1 POST /Service1.svc - 49474 - ::1 - - 200 0 0 18
2018-04-12 06:15:31 ::1 POST /Service1.svc - 49474 - ::1 - - 200 0 0 11
2018-04-12 06:15:34 ::1 POST /Service1.svc - 49474 - ::1 - - 200 0 0 39
2018-04-12 06:15:34 ::1 POST /Service1.svc - 49474 - ::1 - - 200 0 0 51
2018-04-12 06:15:34 ::1 POST /Service1.svc - 49474 - ::1 - - 200 0 0 13
2018-04-12 06:15:39 ::1 POST /Service1.svc - 49474 - ::1 - - 200 0 0 78
2018-04-12 06:15:39 ::1 POST /Service1.svc - 49474 - ::1 - - 200 0 0 55
2018-04-12 06:15:39 ::1 POST /Service1.svc - 49474 - ::1 - - 200 0 0 22
2018-04-12 06:15:39 ::1 POST /Service1.svc - 49474 - ::1 - - 200 0 0 74
2018-04-12 06:15:39 ::1 POST /Service1.svc - 49474 - ::1 - - 200 0 0 49
2018-04-12 06:15:39 ::1 POST /Service1.svc - 49474 - ::1 - - 200 0 0 31
2018-04-12 06:15:39 ::1 POST /Service1.svc - 49474 - ::1 - - 200 0 0 113
2018-04-12 06:15:43 ::1 POST /Service1.svc - 49474 - ::1 - - 200 0 0 167
2018-04-12 06:15:43 ::1 POST /Service1.svc - 49474 - ::1 - - 200 0 0 260
2018-04-12 06:15:43 ::1 POST /Service1.svc - 49474 - ::1 - - 200 0 0 111
2018-04-12 06:15:43 ::1 POST /Service1.svc - 49474 - ::1 - - 200 0 0 131
2018-04-12 06:16:06 ::1 POST /Service1.svc - 49474 - ::1 - - 200 0 0 179
2018-04-12 06:16:10 ::1 POST /Service1.svc - 49474 - ::1 - - 200 0 0 33
2018-04-12 06:16:17 ::1 POST /Service1.svc - 49474 - ::1 - - 200 0 0 37
2018-04-12 06:17:16 ::1 POST /Service1.svc - 49474 - ::1 - - 200 0 0 51
2018-04-12 06:17:16 ::1 POST /Service1.svc - 49474 - ::1 - - 200 0 0 16
2018-04-12 06:17:16 ::1 POST /Service1.svc - 49474 - ::1 - - 200 0 0 9
2018-04-12 06:17:16 ::1 POST /Service1.svc - 49474 - ::1 - - 200 0 0 16
2018-04-12 06:17:16 ::1 POST /Service1.svc - 49474 - ::1 - - 200 0 0 28
2018-04-12 06:17:16 ::1 POST /Service1.svc - 49474 - ::1 - - 200 0 0 35
2018-04-12 06:17:16 ::1 POST /Service1.svc - 49474 - ::1 - - 200 0 0 13
2018-04-12 06:17:19 ::1 POST /Service1.svc - 49474 - ::1 - - 200 0 0 64
2018-04-12 06:17:19 ::1 POST /Service1.svc - 49474 - ::1 - - 200 0 0 113
2018-04-12 06:17:19 ::1 POST /Service1.svc - 49474 - ::1 - - 200 0 0 54
2018-04-12 06:17:19 ::1 POST /Service1.svc - 49474 - ::1 - - 200 0 0 166
2018-04-12 06:17:32 ::1 POST /Service1.svc - 49474 - ::1 - - 200 0 0 70
2018-04-12 06:17:37 ::1 POST /Service1.svc - 49474 - ::1 - - 200 0 0 102
2018-04-12 06:18:14 ::1 POST /Service1.svc - 49474 - ::1 - - 200 0 0 111
2018-04-12 06:31:57 ::1 POST /Service1.svc - 49474 - ::1 - - 200 0 0 246
2018-04-12 06:31:57 ::1 POST /Service1.svc - 49474 - ::1 - - 200 0 0 75
2018-04-12 06:31:57 ::1 POST /Service1.svc - 49474 - ::1 - - 200 0 0 44
2018-04-12 06:32:00 ::1 POST /Service1.svc - 49474 - ::1 - - 200 0 0 141
2018-04-12 06:32:00 ::1 POST /Service1.svc - 49474 - ::1 - - 200 0 0 20
2018-04-12 06:32:00 ::1 POST /Service1.svc - 49474 - ::1 - - 200 0 0 192
2018-04-12 06:32:01 ::1 POST /Service1.svc - 49474 - ::1 - - 200 0 0 764
2018-04-12 06:32:04 ::1 POST /Service1.svc - 49474 - ::1 - - 200 0 0 46
2018-04-12 06:32:04 ::1 POST /Service1.svc - 49474 - ::1 - - 200 0 0 115
2018-04-12 06:32:04 ::1 POST /Service1.svc - 49474 - ::1 - - 200 0 0 89
2018-04-12 06:32:04 ::1 POST /Service1.svc - 49474 - ::1 - - 200 0 0 43
2018-04-12 06:32:30 ::1 POST /Service1.svc - 49474 - ::1 - - 200 0 0 36
2018-04-12 06:32:35 ::1 POST /Service1.svc - 49474 - ::1 - - 200 0 0 71
2018-04-12 06:32:39 ::1 POST /Service1.svc - 49474 - ::1 - - 200 0 0 70
2018-04-12 06:37:00 ::1 POST /Service1.svc - 49474 - ::1 - - 200 0 0 24
2018-04-12 06:37:00 ::1 POST /Service1.svc - 49474 - ::1 - - 200 0 0 28
2018-04-12 06:37:00 ::1 POST /Service1.svc - 49474 - ::1 - - 200 0 0 70
2018-04-12 06:37:00 ::1 POST /Service1.svc - 49474 - ::1 - - 200 0 0 40
2018-04-12 06:37:00 ::1 POST /Service1.svc - 49474 - ::1 - - 200 0 0 66
2018-04-12 06:37:00 ::1 POST /Service1.svc - 49474 - ::1 - - 200 0 0 47
2018-04-12 06:37:00 ::1 POST /Service1.svc - 49474 - ::1 - - 200 0 0 148
2018-04-12 06:37:05 ::1 POST /Service1.svc - 49474 - ::1 - - 200 0 0 550
2018-04-12 06:37:05 ::1 POST /Service1.svc - 49474 - ::1 - - 200 0 0 286
2018-04-12 06:37:05 ::1 POST /Service1.svc - 49474 - ::1 - - 200 0 0 139
2018-04-12 06:37:06 ::1 POST /Service1.svc - 49474 - ::1 - - 200 0 0 847
2018-04-12 06:37:20 ::1 POST /Service1.svc - 49474 - ::1 - - 200 0 0 131
2018-04-12 06:37:24 ::1 POST /Service1.svc - 49474 - ::1 - - 200 0 0 36
2018-04-12 06:37:28 ::1 POST /Service1.svc - 49474 - ::1 - - 200 0 0 26
2018-04-12 06:37:28 ::1 POST /Service1.svc - 49474 - ::1 - - 200 0 0 909
2018-04-12 06:37:35 ::1 POST /Service1.svc - 49474 - ::1 - - 200 0 0 59
2018-04-12 06:38:12 ::1 POST /Service1.svc - 49474 - ::1 - - 200 0 0 57
2018-04-12 06:38:12 ::1 POST /Service1.svc - 49474 - ::1 - - 200 0 0 373
2018-04-12 06:49:02 ::1 POST /Service1.svc - 49474 - ::1 - - 200 0 0 335
2018-04-12 06:49:02 ::1 POST /Service1.svc - 49474 - ::1 - - 200 0 0 66
2018-04-12 06:49:02 ::1 POST /Service1.svc - 49474 - ::1 - - 200 0 0 134
2018-04-12 06:49:04 ::1 POST /Service1.svc - 49474 - ::1 - - 200 0 0 132
2018-04-12 06:49:04 ::1 POST /Service1.svc - 49474 - ::1 - - 200 0 0 304
2018-04-12 06:49:04 ::1 POST /Service1.svc - 49474 - ::1 - - 200 0 0 240
2018-04-12 06:49:04 ::1 POST /Service1.svc - 49474 - ::1 - - 200 0 0 295
2018-04-12 06:49:08 ::1 POST /Service1.svc - 49474 - ::1 - - 200 0 0 170
2018-04-12 06:49:08 ::1 POST /Service1.svc - 49474 - ::1 - - 200 0 0 23
2018-04-12 06:49:08 ::1 POST /Service1.svc - 49474 - ::1 - - 200 0 0 734
2018-04-12 06:49:10 ::1 POST /Service1.svc - 49474 - ::1 - - 200 0 0 772
2018-04-12 06:49:26 ::1 POST /Service1.svc - 49474 - ::1 - - 200 0 0 271
2018-04-12 06:49:31 ::1 POST /Service1.svc - 49474 - ::1 - - 200 0 0 82
2018-04-12 06:49:33 ::1 POST /Service1.svc - 49474 - ::1 - - 200 0 0 380
2018-04-12 06:49:33 ::1 POST /Service1.svc - 49474 - ::1 - - 200 0 0 803
2018-04-12 06:49:42 ::1 POST /Service1.svc - 49474 - ::1 - - 200 0 0 207
2018-04-12 06:54:47 ::1 POST /Service1.svc - 49474 - ::1 - - 200 0 0 21
2018-04-12 06:54:47 ::1 POST /Service1.svc - 49474 - ::1 - - 200 0 0 16
2018-04-12 06:54:47 ::1 POST /Service1.svc - 49474 - ::1 - - 200 0 0 19
2018-04-12 06:54:47 ::1 POST /Service1.svc - 49474 - ::1 - - 200 0 0 17
2018-04-12 06:54:47 ::1 POST /Service1.svc - 49474 - ::1 - - 200 0 0 24
2018-04-12 06:54:47 ::1 POST /Service1.svc - 49474 - ::1 - - 200 0 0 38
2018-04-12 06:54:47 ::1 POST /Service1.svc - 49474 - ::1 - - 200 0 0 52
2018-04-12 06:54:51 ::1 POST /Service1.svc - 49474 - ::1 - - 200 0 0 71
2018-04-12 06:54:51 ::1 POST /Service1.svc - 49474 - ::1 - - 200 0 0 26
2018-04-12 06:54:51 ::1 POST /Service1.svc - 49474 - ::1 - - 200 0 0 111
2018-04-12 06:54:51 ::1 POST /Service1.svc - 49474 - ::1 - - 200 0 0 41
2018-04-12 06:55:04 ::1 POST /Service1.svc - 49474 - ::1 - - 200 0 0 113
2018-04-12 06:55:10 ::1 POST /Service1.svc - 49474 - ::1 - - 200 0 0 22
2018-04-12 06:55:16 ::1 POST /Service1.svc - 49474 - ::1 - - 200 0 0 25
2018-04-12 06:55:16 ::1 POST /Service1.svc - 49474 - ::1 - - 200 0 0 426
2018-04-12 06:55:26 ::1 POST /Service1.svc - 49474 - ::1 - - 200 0 0 63
#Software: Microsoft Internet Information Services 10.0
#Version: 1.0
#Date: 2018-04-12 07:42:30
#Fields: date time s-ip cs-method cs-uri-stem cs-uri-query s-port cs-username c-ip cs(User-Agent) cs(Referer) sc-status sc-substatus sc-win32-status time-taken
2018-04-12 07:42:30 ::1 POST /Service1.svc - 49474 - ::1 - - 200 0 0 138
2018-04-12 07:42:30 ::1 POST /Service1.svc - 49474 - ::1 - - 200 0 0 49
2018-04-12 07:42:30 ::1 POST /Service1.svc - 49474 - ::1 - - 200 0 0 49
2018-04-12 07:42:30 ::1 POST /Service1.svc - 49474 - ::1 - - 200 0 0 231
2018-04-12 07:42:30 ::1 POST /Service1.svc - 49474 - ::1 - - 200 0 0 91
2018-04-12 07:42:30 ::1 POST /Service1.svc - 49474 - ::1 - - 200 0 0 73
2018-04-12 07:42:31 ::1 POST /Service1.svc - 49474 - ::1 - - 200 0 0 112
2018-04-12 07:42:34 ::1 POST /Service1.svc - 49474 - ::1 - - 200 0 0 161
2018-04-12 07:42:34 ::1 POST /Service1.svc - 49474 - ::1 - - 200 0 0 43
2018-04-12 07:42:34 ::1 POST /Service1.svc - 49474 - ::1 - - 200 0 0 253
2018-04-12 07:42:34 ::1 POST /Service1.svc - 49474 - ::1 - - 200 0 0 38
2018-04-12 07:42:45 ::1 POST /Service1.svc - 49474 - ::1 - - 200 0 0 27
2018-04-12 07:42:50 ::1 POST /Service1.svc - 49474 - ::1 - - 200 0 0 133
2018-04-12 07:48:37 ::1 POST /Service1.svc - 49474 - ::1 - - 200 0 0 793
2018-04-12 07:48:37 ::1 POST /Service1.svc - 49474 - ::1 - - 200 0 0 59
2018-04-12 07:48:37 ::1 POST /Service1.svc - 49474 - ::1 - - 200 0 0 42
2018-04-12 07:48:37 ::1 POST /Service1.svc - 49474 - ::1 - - 200 0 0 245
2018-04-12 07:48:37 ::1 POST /Service1.svc - 49474 - ::1 - - 200 0 0 62
2018-04-12 07:48:37 ::1 POST /Service1.svc - 49474 - ::1 - - 200 0 0 89
2018-04-12 07:48:39 ::1 POST /Service1.svc - 49474 - ::1 - - 200 0 0 266
2018-04-12 07:48:43 ::1 POST /Service1.svc - 49474 - ::1 - - 200 0 0 160
2018-04-12 07:48:45 ::1 POST /Service1.svc - 49474 - ::1 - - 200 0 0 388
2018-04-12 07:48:45 ::1 POST /Service1.svc - 49474 - ::1 - - 200 0 0 39
2018-04-12 07:48:45 ::1 POST /Service1.svc - 49474 - ::1 - - 200 0 0 124
2018-04-12 07:48:45 ::1 POST /Service1.svc - 49474 - ::1 - - 200 0 0 106
2018-04-12 07:49:03 ::1 POST /Service1.svc - 49474 - ::1 - - 200 0 0 43
#Software: Microsoft Internet Information Services 10.0
#Version: 1.0
#Date: 2018-04-12 08:55:42
#Fields: date time s-ip cs-method cs-uri-stem cs-uri-query s-port cs-username c-ip cs(User-Agent) cs(Referer) sc-status sc-substatus sc-win32-status time-taken
2018-04-12 08:55:42 ::1 POST /Service1.svc - 49474 - ::1 - - 415 0 0 31283
2018-04-12 08:55:42 ::1 POST /Service1.svc/mex - 49474 - ::1 - - 415 0 0 82
2018-04-12 08:55:45 ::1 GET /Service1.svc - 49474 - ::1 Mozilla/4.0+(compatible;+MSIE+6.0;+MS+Web+Services+Client+Protocol+4.0.30319.42000) - 200 0 0 2704
2018-04-12 08:55:45 ::1 GET /Service1.svc disco 49474 - ::1 Mozilla/4.0+(compatible;+MSIE+6.0;+MS+Web+Services+Client+Protocol+4.0.30319.42000) - 200 0 0 29
2018-04-12 08:55:45 ::1 GET /Service1.svc wsdl 49474 - ::1 Mozilla/4.0+(compatible;+MSIE+6.0;+MS+Web+Services+Client+Protocol+4.0.30319.42000) - 200 0 0 234
2018-04-12 08:55:48 ::1 GET /Service1.svc xsd=xsd0 49474 - ::1 Mozilla/4.0+(compatible;+MSIE+6.0;+MS+Web+Services+Client+Protocol+4.0.30319.42000) - 200 0 0 1428
2018-04-12 08:55:48 ::1 GET /Service1.svc xsd=xsd2 49474 - ::1 Mozilla/4.0+(compatible;+MSIE+6.0;+MS+Web+Services+Client+Protocol+4.0.30319.42000) - 200 0 0 8
2018-04-12 08:55:48 ::1 GET /Service1.svc xsd=xsd3 49474 - ::1 Mozilla/4.0+(compatible;+MSIE+6.0;+MS+Web+Services+Client+Protocol+4.0.30319.42000) - 200 0 0 6
2018-04-12 08:55:48 ::1 GET /Service1.svc xsd=xsd1 49474 - ::1 Mozilla/4.0+(compatible;+MSIE+6.0;+MS+Web+Services+Client+Protocol+4.0.30319.42000) - 200 0 0 13
2018-04-12 08:55:57 ::1 POST /Service1.svc - 49474 - ::1 - - 200 0 0 29583
2018-04-12 08:55:59 ::1 POST /Service1.svc - 49474 - ::1 - - 200 0 0 44
2018-04-12 08:56:22 ::1 GET /Service1.svc - 49474 - ::1 Mozilla/4.0+(compatible;+MSIE+6.0;+MS+Web+Services+Client+Protocol+4.0.30319.42000) - 200 0 0 202
2018-04-12 08:56:22 ::1 GET /Service1.svc/$metadata - 49474 - ::1 Mozilla/4.0+(compatible;+MSIE+6.0;+MS+Web+Services+Client+Protocol+4.0.30319.42000) - 400 0 0 570
2018-04-12 08:56:22 ::1 GET /Service1.svc disco 49474 - ::1 Mozilla/4.0+(compatible;+MSIE+6.0;+MS+Web+Services+Client+Protocol+4.0.30319.42000) - 200 0 0 225
2018-04-12 08:56:22 ::1 GET /Service1.svc wsdl 49474 - ::1 Mozilla/4.0+(compatible;+MSIE+6.0;+MS+Web+Services+Client+Protocol+4.0.30319.42000) - 200 0 0 179
2018-04-12 08:56:22 ::1 GET /Service1.svc xsd=xsd0 49474 - ::1 Mozilla/4.0+(compatible;+MSIE+6.0;+MS+Web+Services+Client+Protocol+4.0.30319.42000) - 200 0 0 133
2018-04-12 08:56:22 ::1 GET /Service1.svc xsd=xsd2 49474 - ::1 Mozilla/4.0+(compatible;+MSIE+6.0;+MS+Web+Services+Client+Protocol+4.0.30319.42000) - 200 0 0 79
2018-04-12 08:56:22 ::1 POST /Service1.svc - 49474 - ::1 - - 415 0 0 65
2018-04-12 08:56:22 ::1 POST /Service1.svc/mex - 49474 - ::1 - - 415 0 0 81
2018-04-12 08:56:22 ::1 GET /Service1.svc xsd=xsd3 49474 - ::1 Mozilla/4.0+(compatible;+MSIE+6.0;+MS+Web+Services+Client+Protocol+4.0.30319.42000) - 200 0 0 87
2018-04-12 08:56:22 ::1 GET /Service1.svc xsd=xsd1 49474 - ::1 Mozilla/4.0+(compatible;+MSIE+6.0;+MS+Web+Services+Client+Protocol+4.0.30319.42000) - 200 0 0 5
2018-04-12 08:57:33 ::1 POST /Service1.svc - 49474 - ::1 - - 200 0 0 14695
2018-04-12 08:58:05 ::1 POST /Service1.svc - 49474 - ::1 - - 200 0 0 14663
#Software: Microsoft Internet Information Services 10.0
#Version: 1.0
#Date: 2018-04-12 09:30:03
#Fields: date time s-ip cs-method cs-uri-stem cs-uri-query s-port cs-username c-ip cs(User-Agent) cs(Referer) sc-status sc-substatus sc-win32-status time-taken
2018-04-12 09:30:03 ::1 POST /Service1.svc - 49474 - ::1 - - 415 0 0 15807
2018-04-12 09:30:03 ::1 POST /Service1.svc/mex - 49474 - ::1 - - 415 0 0 42
2018-04-12 09:30:06 ::1 GET /Service1.svc - 49474 - ::1 Mozilla/4.0+(compatible;+MSIE+6.0;+MS+Web+Services+Client+Protocol+4.0.30319.42000) - 200 0 0 2650
2018-04-12 09:30:06 ::1 GET /Service1.svc disco 49474 - ::1 Mozilla/4.0+(compatible;+MSIE+6.0;+MS+Web+Services+Client+Protocol+4.0.30319.42000) - 200 0 0 19
2018-04-12 09:30:06 ::1 GET /Service1.svc wsdl 49474 - ::1 Mozilla/4.0+(compatible;+MSIE+6.0;+MS+Web+Services+Client+Protocol+4.0.30319.42000) - 200 0 0 181
2018-04-12 09:30:07 ::1 GET /Service1.svc xsd=xsd0 49474 - ::1 Mozilla/4.0+(compatible;+MSIE+6.0;+MS+Web+Services+Client+Protocol+4.0.30319.42000) - 200 0 0 851
2018-04-12 09:30:07 ::1 GET /Service1.svc xsd=xsd2 49474 - ::1 Mozilla/4.0+(compatible;+MSIE+6.0;+MS+Web+Services+Client+Protocol+4.0.30319.42000) - 200 0 0 35
2018-04-12 09:30:07 ::1 GET /Service1.svc xsd=xsd3 49474 - ::1 Mozilla/4.0+(compatible;+MSIE+6.0;+MS+Web+Services+Client+Protocol+4.0.30319.42000) - 200 0 0 36
2018-04-12 09:30:07 ::1 GET /Service1.svc xsd=xsd1 49474 - ::1 Mozilla/4.0+(compatible;+MSIE+6.0;+MS+Web+Services+Client+Protocol+4.0.30319.42000) - 200 0 0 45
2018-04-12 09:31:08 ::1 GET /Service1.svc - 49474 - ::1 Mozilla/4.0+(compatible;+MSIE+6.0;+MS+Web+Services+Client+Protocol+4.0.30319.42000) - 200 0 0 82
2018-04-12 09:31:08 ::1 GET /Service1.svc disco 49474 - ::1 Mozilla/4.0+(compatible;+MSIE+6.0;+MS+Web+Services+Client+Protocol+4.0.30319.42000) - 200 0 0 109
2018-04-12 09:31:08 ::1 GET /Service1.svc/$metadata - 49474 - ::1 Mozilla/4.0+(compatible;+MSIE+6.0;+MS+Web+Services+Client+Protocol+4.0.30319.42000) - 400 0 0 434
2018-04-12 09:31:08 ::1 GET /Service1.svc wsdl 49474 - ::1 Mozilla/4.0+(compatible;+MSIE+6.0;+MS+Web+Services+Client+Protocol+4.0.30319.42000) - 200 0 0 102
2018-04-12 09:31:08 ::1 GET /Service1.svc xsd=xsd0 49474 - ::1 Mozilla/4.0+(compatible;+MSIE+6.0;+MS+Web+Services+Client+Protocol+4.0.30319.42000) - 200 0 0 96
2018-04-12 09:31:08 ::1 GET /Service1.svc xsd=xsd2 49474 - ::1 Mozilla/4.0+(compatible;+MSIE+6.0;+MS+Web+Services+Client+Protocol+4.0.30319.42000) - 200 0 0 17
2018-04-12 09:31:08 ::1 GET /Service1.svc xsd=xsd3 49474 - ::1 Mozilla/4.0+(compatible;+MSIE+6.0;+MS+Web+Services+Client+Protocol+4.0.30319.42000) - 200 0 0 40
2018-04-12 09:31:08 ::1 GET /Service1.svc xsd=xsd1 49474 - ::1 Mozilla/4.0+(compatible;+MSIE+6.0;+MS+Web+Services+Client+Protocol+4.0.30319.42000) - 200 0 0 78
2018-04-12 09:31:08 ::1 POST /Service1.svc - 49474 - ::1 - - 415 0 0 181
2018-04-12 09:31:08 ::1 POST /Service1.svc/mex - 49474 - ::1 - - 415 0 0 220
2018-04-12 09:32:13 ::1 POST /Service1.svc - 49474 - ::1 - - 200 0 0 2473
2018-04-12 09:32:13 ::1 POST /Service1.svc - 49474 - ::1 - - 200 0 0 298
2018-04-12 09:32:13 ::1 POST /Service1.svc - 49474 - ::1 - - 200 0 0 70
2018-04-12 09:32:14 ::1 POST /Service1.svc - 49474 - ::1 - - 200 0 0 27
2018-04-12 09:32:14 ::1 POST /Service1.svc - 49474 - ::1 - - 200 0 0 97
2018-04-12 09:32:14 ::1 POST /Service1.svc - 49474 - ::1 - - 200 0 0 51
2018-04-12 09:32:14 ::1 POST /Service1.svc - 49474 - ::1 - - 200 0 0 27
2018-04-12 09:32:21 ::1 POST /Service1.svc - 49474 - ::1 - - 200 0 0 295
2018-04-12 09:32:21 ::1 POST /Service1.svc - 49474 - ::1 - - 200 0 0 35
2018-04-12 09:32:21 ::1 POST /Service1.svc - 49474 - ::1 - - 200 0 0 701
2018-04-12 09:32:22 ::1 POST /Service1.svc - 49474 - ::1 - - 200 0 0 29
2018-04-12 09:32:36 ::1 POST /Service1.svc - 49474 - ::1 - - 200 0 0 43
2018-04-12 09:32:40 ::1 POST /Service1.svc - 49474 - ::1 - - 200 0 0 31
2018-04-12 09:32:40 ::1 POST /Service1.svc - 49474 - ::1 - - 200 0 0 817
2018-04-12 09:32:44 ::1 POST /Service1.svc - 49474 - ::1 - - 200 0 0 28
2018-04-12 09:32:45 ::1 POST /Service1.svc - 49474 - ::1 - - 200 0 0 26
2018-04-12 09:32:46 ::1 POST /Service1.svc - 49474 - ::1 - - 200 0 0 1246
2018-04-12 09:33:08 ::1 POST /Service1.svc - 49474 - ::1 - - 200 0 0 142
2018-04-12 09:34:28 ::1 POST /Service1.svc - 49474 - ::1 - - 200 0 0 26
2018-04-12 09:34:28 ::1 POST /Service1.svc - 49474 - ::1 - - 200 0 0 315
2018-04-12 09:34:28 ::1 POST /Service1.svc - 49474 - ::1 - - 200 0 0 97
2018-04-12 09:34:28 ::1 POST /Service1.svc - 49474 - ::1 - - 200 0 0 16
2018-04-12 09:34:28 ::1 POST /Service1.svc - 49474 - ::1 - - 200 0 0 37
2018-04-12 09:34:28 ::1 POST /Service1.svc - 49474 - ::1 - - 200 0 0 35
2018-04-12 09:34:28 ::1 POST /Service1.svc - 49474 - ::1 - - 200 0 0 110
2018-04-12 09:42:41 ::1 POST /Service1.svc - 49474 - ::1 - - 200 0 0 124
2018-04-12 09:42:41 ::1 POST /Service1.svc - 49474 - ::1 - - 200 0 0 600
2018-04-12 09:42:41 ::1 POST /Service1.svc - 49474 - ::1 - - 200 0 0 120
2018-04-12 09:42:41 ::1 POST /Service1.svc - 49474 - ::1 - - 200 0 0 15
2018-04-12 09:42:42 ::1 POST /Service1.svc - 49474 - ::1 - - 200 0 0 281
2018-04-12 09:42:42 ::1 POST /Service1.svc - 49474 - ::1 - - 200 0 0 96
2018-04-12 09:42:42 ::1 POST /Service1.svc - 49474 - ::1 - - 200 0 0 99
2018-04-12 09:42:45 ::1 POST /Service1.svc - 49474 - ::1 - - 200 0 0 113
2018-04-12 09:42:45 ::1 POST /Service1.svc - 49474 - ::1 - - 200 0 0 192
2018-04-12 09:42:45 ::1 POST /Service1.svc - 49474 - ::1 - - 200 0 0 86
2018-04-12 09:42:45 ::1 POST /Service1.svc - 49474 - ::1 - - 200 0 0 213
2018-04-12 09:42:58 ::1 POST /Service1.svc - 49474 - ::1 - - 200 0 0 31
2018-04-12 09:43:02 ::1 POST /Service1.svc - 49474 - ::1 - - 200 0 0 37
2018-04-12 09:43:06 ::1 POST /Service1.svc - 49474 - ::1 - - 200 0 0 18
2018-04-12 09:43:06 ::1 POST /Service1.svc - 49474 - ::1 - - 200 0 0 80
2018-04-12 09:46:53 ::1 POST /Service1.svc - 49474 - ::1 - - 200 0 0 107
2018-04-12 09:46:53 ::1 POST /Service1.svc - 49474 - ::1 - - 200 0 0 52
2018-04-12 09:46:53 ::1 POST /Service1.svc - 49474 - ::1 - - 200 0 0 18
2018-04-12 09:46:53 ::1 POST /Service1.svc - 49474 - ::1 - - 200 0 0 16
2018-04-12 09:46:53 ::1 POST /Service1.svc - 49474 - ::1 - - 200 0 0 19
2018-04-12 09:46:53 ::1 POST /Service1.svc - 49474 - ::1 - - 200 0 0 21
2018-04-12 09:46:53 ::1 POST /Service1.svc - 49474 - ::1 - - 200 0 0 143
2018-04-12 09:46:56 ::1 POST /Service1.svc - 49474 - ::1 - - 200 0 0 42
2018-04-12 09:46:56 ::1 POST /Service1.svc - 49474 - ::1 - - 200 0 0 28
2018-04-12 09:46:56 ::1 POST /Service1.svc - 49474 - ::1 - - 200 0 0 46
2018-04-12 09:46:56 ::1 POST /Service1.svc - 49474 - ::1 - - 200 0 0 34
2018-04-12 09:47:04 ::1 POST /Service1.svc - 49474 - ::1 - - 200 0 0 34
2018-04-12 09:47:10 ::1 POST /Service1.svc - 49474 - ::1 - - 200 0 0 122
2018-04-12 09:47:12 ::1 POST /Service1.svc - 49474 - ::1 - - 200 0 0 27
2018-04-12 09:47:53 ::1 POST /Service1.svc - 49474 - ::1 - - 200 0 0 169
2018-04-12 09:52:37 ::1 POST /Service1.svc - 49474 - ::1 - - 200 0 0 207
2018-04-12 09:52:37 ::1 POST /Service1.svc - 49474 - ::1 - - 200 0 0 595
2018-04-12 09:52:37 ::1 POST /Service1.svc - 49474 - ::1 - - 200 0 0 71
2018-04-12 09:52:37 ::1 POST /Service1.svc - 49474 - ::1 - - 200 0 0 49
2018-04-12 09:52:38 ::1 POST /Service1.svc - 49474 - ::1 - - 200 0 0 47
2018-04-12 09:52:38 ::1 POST /Service1.svc - 49474 - ::1 - - 200 0 0 172
2018-04-12 09:52:38 ::1 POST /Service1.svc - 49474 - ::1 - - 200 0 0 157
2018-04-12 09:52:41 ::1 POST /Service1.svc - 49474 - ::1 - - 200 0 0 41
2018-04-12 09:52:41 ::1 POST /Service1.svc - 49474 - ::1 - - 200 0 0 14
2018-04-12 09:52:41 ::1 POST /Service1.svc - 49474 - ::1 - - 200 0 0 36
2018-04-12 09:52:41 ::1 POST /Service1.svc - 49474 - ::1 - - 200 0 0 18
2018-04-12 09:52:56 ::1 POST /Service1.svc - 49474 - ::1 - - 200 0 0 45
2018-04-12 09:53:01 ::1 POST /Service1.svc - 49474 - ::1 - - 200 0 0 63
2018-04-12 09:53:05 ::1 POST /Service1.svc - 49474 - ::1 - - 200 0 0 13
2018-04-12 09:53:05 ::1 POST /Service1.svc - 49474 - ::1 - - 200 0 0 71
2018-04-12 09:53:16 ::1 POST /Service1.svc - 49474 - ::1 - - 200 0 0 179
2018-04-12 09:53:16 ::1 POST /Service1.svc - 49474 - ::1 - - 200 0 0 13
2018-04-12 09:53:17 ::1 POST /Service1.svc - 49474 - ::1 - - 200 0 0 40
#Software: Microsoft Internet Information Services 10.0
#Version: 1.0
#Date: 2018-04-12 10:16:21
#Fields: date time s-ip cs-method cs-uri-stem cs-uri-query s-port cs-username c-ip cs(User-Agent) cs(Referer) sc-status sc-substatus sc-win32-status time-taken
2018-04-12 10:16:21 ::1 POST /Service1.svc - 49474 - ::1 - - 200 0 0 30
2018-04-12 10:16:21 ::1 POST /Service1.svc - 49474 - ::1 - - 200 0 0 138
2018-04-12 10:16:21 ::1 POST /Service1.svc - 49474 - ::1 - - 200 0 0 225
2018-04-12 10:16:21 ::1 POST /Service1.svc - 49474 - ::1 - - 200 0 0 49
2018-04-12 10:16:21 ::1 POST /Service1.svc - 49474 - ::1 - - 200 0 0 26
2018-04-12 10:16:22 ::1 POST /Service1.svc - 49474 - ::1 - - 200 0 0 121
2018-04-12 10:16:22 ::1 POST /Service1.svc - 49474 - ::1 - - 200 0 0 31
2018-04-12 10:16:25 ::1 POST /Service1.svc - 49474 - ::1 - - 200 0 0 85
2018-04-12 10:16:25 ::1 POST /Service1.svc - 49474 - ::1 - - 200 0 0 75
2018-04-12 10:16:25 ::1 POST /Service1.svc - 49474 - ::1 - - 200 0 0 118
2018-04-12 10:16:25 ::1 POST /Service1.svc - 49474 - ::1 - - 200 0 0 237
2018-04-12 10:16:44 ::1 POST /Service1.svc - 49474 - ::1 - - 200 0 0 40
2018-04-12 10:16:51 ::1 POST /Service1.svc - 49474 - ::1 - - 200 0 0 29
2018-04-12 10:17:00 ::1 POST /Service1.svc - 49474 - ::1 - - 200 0 0 28
2018-04-12 10:17:00 ::1 POST /Service1.svc - 49474 - ::1 - - 200 0 0 209
2018-04-12 10:17:11 ::1 POST /Service1.svc - 49474 - ::1 - - 200 0 0 36
2018-04-12 10:17:11 ::1 POST /Service1.svc - 49474 - ::1 - - 200 0 0 90
2018-04-12 10:17:11 ::1 POST /Service1.svc - 49474 - ::1 - - 200 0 0 15
2018-04-12 10:17:11 ::1 POST /Service1.svc - 49474 - ::1 - - 200 0 0 12
2018-04-12 10:17:11 ::1 POST /Service1.svc - 49474 - ::1 - - 200 0 0 15
2018-04-12 10:17:11 ::1 POST /Service1.svc - 49474 - ::1 - - 200 0 0 16
2018-04-12 10:17:11 ::1 POST /Service1.svc - 49474 - ::1 - - 200 0 0 17
2018-04-12 10:17:29 ::1 POST /Service1.svc - 49474 - ::1 - - 200 0 0 90
2018-04-12 10:17:35 ::1 POST /Service1.svc - 49474 - ::1 - - 200 0 0 15
2018-04-12 10:17:55 ::1 POST /Service1.svc - 49474 - ::1 - - 200 0 0 24
2018-04-12 10:17:55 ::1 POST /Service1.svc - 49474 - ::1 - - 200 0 0 22
2018-04-12 10:17:55 ::1 POST /Service1.svc - 49474 - ::1 - - 200 0 0 29
2018-04-12 10:17:55 ::1 POST /Service1.svc - 49474 - ::1 - - 200 0 0 43
2018-04-12 10:19:33 ::1 POST /Service1.svc - 49474 - ::1 - - 200 0 0 103
2018-04-12 10:19:33 ::1 POST /Service1.svc - 49474 - ::1 - - 200 0 0 354
2018-04-12 10:19:33 ::1 POST /Service1.svc - 49474 - ::1 - - 200 0 0 222
2018-04-12 10:19:33 ::1 POST /Service1.svc - 49474 - ::1 - - 200 0 0 31
2018-04-12 10:19:33 ::1 POST /Service1.svc - 49474 - ::1 - - 200 0 0 28
2018-04-12 10:19:33 ::1 POST /Service1.svc - 49474 - ::1 - - 200 0 0 30
2018-04-12 10:19:34 ::1 POST /Service1.svc - 49474 - ::1 - - 200 0 0 223
2018-04-12 10:19:37 ::1 POST /Service1.svc - 49474 - ::1 - - 200 0 0 128
2018-04-12 10:19:37 ::1 POST /Service1.svc - 49474 - ::1 - - 200 0 0 87
2018-04-12 10:19:37 ::1 POST /Service1.svc - 49474 - ::1 - - 200 0 0 101
2018-04-12 10:19:37 ::1 POST /Service1.svc - 49474 - ::1 - - 200 0 0 398
2018-04-12 10:19:58 ::1 POST /Service1.svc - 49474 - ::1 - - 200 0 0 84
2018-04-12 10:20:05 ::1 POST /Service1.svc - 49474 - ::1 - - 200 0 0 805
2018-04-12 10:20:10 ::1 POST /Service1.svc - 49474 - ::1 - - 200 0 0 72
2018-04-12 10:20:10 ::1 POST /Service1.svc - 49474 - ::1 - - 200 0 0 265
2018-04-12 10:33:41 ::1 POST /Service1.svc - 49474 - ::1 - - 200 0 0 33
2018-04-12 10:33:41 ::1 POST /Service1.svc - 49474 - ::1 - - 200 0 0 84
2018-04-12 10:33:41 ::1 POST /Service1.svc - 49474 - ::1 - - 200 0 0 26
2018-04-12 10:33:41 ::1 POST /Service1.svc - 49474 - ::1 - - 200 0 0 155
2018-04-12 10:33:41 ::1 POST /Service1.svc - 49474 - ::1 - - 200 0 0 107
2018-04-12 10:33:42 ::1 POST /Service1.svc - 49474 - ::1 - - 200 0 0 227
2018-04-12 10:33:42 ::1 POST /Service1.svc - 49474 - ::1 - - 200 0 0 34
2018-04-12 10:33:44 ::1 POST /Service1.svc - 49474 - ::1 - - 200 0 0 103
2018-04-12 10:33:44 ::1 POST /Service1.svc - 49474 - ::1 - - 200 0 0 67
2018-04-12 10:33:44 ::1 POST /Service1.svc - 49474 - ::1 - - 200 0 0 132
2018-04-12 10:33:44 ::1 POST /Service1.svc - 49474 - ::1 - - 200 0 0 271
2018-04-12 10:34:09 ::1 POST /Service1.svc - 49474 - ::1 - - 200 0 0 73
2018-04-12 10:34:15 ::1 POST /Service1.svc - 49474 - ::1 - - 200 0 0 204
2018-04-12 10:34:35 ::1 POST /Service1.svc - 49474 - ::1 - - 200 0 0 395
2018-04-12 10:34:38 ::1 POST /Service1.svc - 49474 - ::1 - - 200 0 0 334
2018-04-12 10:34:38 ::1 POST /Service1.svc - 49474 - ::1 - - 200 0 0 677
2018-04-12 10:34:39 ::1 POST /Service1.svc - 49474 - ::1 - - 200 0 0 452
2018-04-12 10:34:39 ::1 POST /Service1.svc - 49474 - ::1 - - 200 0 0 285
2018-04-12 10:34:40 ::1 POST /Service1.svc - 49474 - ::1 - - 200 0 0 1133
2018-04-12 10:34:41 ::1 POST /Service1.svc - 49474 - ::1 - - 200 0 0 811
2018-04-12 10:34:41 ::1 POST /Service1.svc - 49474 - ::1 - - 200 0 0 316
2018-04-12 10:34:41 ::1 POST /Service1.svc - 49474 - ::1 - - 200 0 0 462
2018-04-12 10:34:42 ::1 POST /Service1.svc - 49474 - ::1 - - 200 0 0 220
2018-04-12 10:34:42 ::1 POST /Service1.svc - 49474 - ::1 - - 200 0 0 91
2018-04-12 10:34:42 ::1 POST /Service1.svc - 49474 - ::1 - - 200 0 0 96
2018-04-12 10:34:42 ::1 POST /Service1.svc - 49474 - ::1 - - 200 0 0 129
2018-04-12 10:34:49 ::1 POST /Service1.svc - 49474 - ::1 - - 200 0 0 237
2018-04-12 10:34:49 ::1 POST /Service1.svc - 49474 - ::1 - - 200 0 0 116
2018-04-12 10:34:51 ::1 POST /Service1.svc - 49474 - ::1 - - 200 0 0 23
2018-04-12 10:34:51 ::1 POST /Service1.svc - 49474 - ::1 - - 200 0 0 50
2018-04-12 10:35:00 ::1 POST /Service1.svc - 49474 - ::1 - - 200 0 0 28
2018-04-12 10:35:02 ::1 POST /Service1.svc - 49474 - ::1 - - 200 0 0 28
2018-04-12 10:35:02 ::1 POST /Service1.svc - 49474 - ::1 - - 200 0 0 88
2018-04-12 10:35:04 ::1 POST /Service1.svc - 49474 - ::1 - - 200 0 0 275
2018-04-12 10:35:27 ::1 POST /Service1.svc - 49474 - ::1 - - 200 0 0 47
2018-04-12 10:35:30 ::1 POST /Service1.svc - 49474 - ::1 - - 200 0 0 289
2018-04-12 10:35:30 ::1 POST /Service1.svc - 49474 - ::1 - - 200 0 0 99
2018-04-12 10:35:30 ::1 POST /Service1.svc - 49474 - ::1 - - 200 0 0 42
2018-04-12 10:35:30 ::1 POST /Service1.svc - 49474 - ::1 - - 200 0 0 120
2018-04-12 10:35:30 ::1 POST /Service1.svc - 49474 - ::1 - - 200 0 0 88
2018-04-12 10:35:31 ::1 POST /Service1.svc - 49474 - ::1 - - 200 0 0 823
2018-04-12 10:35:31 ::1 POST /Service1.svc - 49474 - ::1 - - 200 0 0 452
2018-04-12 10:35:31 ::1 POST /Service1.svc - 49474 - ::1 - - 200 0 0 29
2018-04-12 10:35:31 ::1 POST /Service1.svc - 49474 - ::1 - - 200 0 0 74
2018-04-12 10:35:31 ::1 POST /Service1.svc - 49474 - ::1 - - 200 0 0 150
2018-04-12 10:35:31 ::1 POST /Service1.svc - 49474 - ::1 - - 200 0 0 243
2018-04-12 10:35:33 ::1 POST /Service1.svc - 49474 - ::1 - - 200 0 0 95
2018-04-12 10:35:38 ::1 POST /Service1.svc - 49474 - ::1 - - 200 0 0 22
2018-04-12 10:35:38 ::1 POST /Service1.svc - 49474 - ::1 - - 200 0 0 108
2018-04-12 10:37:37 ::1 POST /Service1.svc - 49474 - ::1 - - 200 0 0 176
2018-04-12 10:37:40 ::1 POST /Service1.svc - 49474 - ::1 - - 200 0 0 598
2018-04-12 10:37:40 ::1 POST /Service1.svc - 49474 - ::1 - - 200 0 0 94
2018-04-12 10:37:40 ::1 POST /Service1.svc - 49474 - ::1 - - 200 0 0 44
2018-04-12 10:37:40 ::1 POST /Service1.svc - 49474 - ::1 - - 200 0 0 39
2018-04-12 10:37:40 ::1 POST /Service1.svc - 49474 - ::1 - - 200 0 0 196
2018-04-12 10:37:40 ::1 POST /Service1.svc - 49474 - ::1 - - 200 0 0 270
2018-04-12 10:37:40 ::1 POST /Service1.svc - 49474 - ::1 - - 200 0 0 54
#Software: Microsoft Internet Information Services 10.0
#Version: 1.0
#Date: 2018-04-12 11:17:14
#Fields: date time s-ip cs-method cs-uri-stem cs-uri-query s-port cs-username c-ip cs(User-Agent) cs(Referer) sc-status sc-substatus sc-win32-status time-taken
2018-04-12 11:17:14 ::1 POST /Service1.svc - 49474 - ::1 - - 200 0 0 77
2018-04-12 11:17:14 ::1 POST /Service1.svc - 49474 - ::1 - - 200 0 0 33
2018-04-12 11:17:14 ::1 POST /Service1.svc - 49474 - ::1 - - 200 0 0 12
2018-04-12 11:17:16 ::1 POST /Service1.svc - 49474 - ::1 - - 200 0 0 18
2018-04-12 11:17:16 ::1 POST /Service1.svc - 49474 - ::1 - - 200 0 0 49
2018-04-12 11:17:16 ::1 POST /Service1.svc - 49474 - ::1 - - 200 0 0 25
2018-04-12 11:17:16 ::1 POST /Service1.svc - 49474 - ::1 - - 200 0 0 43
2018-04-12 11:17:21 ::1 POST /Service1.svc - 49474 - ::1 - - 200 0 0 50
2018-04-12 11:17:21 ::1 POST /Service1.svc - 49474 - ::1 - - 200 0 0 15
2018-04-12 11:17:21 ::1 POST /Service1.svc - 49474 - ::1 - - 200 0 0 40
2018-04-12 11:17:21 ::1 POST /Service1.svc - 49474 - ::1 - - 200 0 0 20
2018-04-12 11:17:33 ::1 POST /Service1.svc - 49474 - ::1 - - 200 0 0 16
2018-04-12 11:17:37 ::1 POST /Service1.svc - 49474 - ::1 - - 200 0 0 73
2018-04-12 11:22:40 ::1 POST /Service1.svc - 49474 - ::1 - - 200 0 0 642
2018-04-12 11:22:40 ::1 POST /Service1.svc - 49474 - ::1 - - 200 0 0 45
2018-04-12 11:22:40 ::1 POST /Service1.svc - 49474 - ::1 - - 200 0 0 52
2018-04-12 11:22:40 ::1 POST /Service1.svc - 49474 - ::1 - - 200 0 0 38
2018-04-12 11:22:40 ::1 POST /Service1.svc - 49474 - ::1 - - 200 0 0 478
2018-04-12 11:22:40 ::1 POST /Service1.svc - 49474 - ::1 - - 200 0 0 26
2018-04-12 11:22:41 ::1 POST /Service1.svc - 49474 - ::1 - - 200 0 0 25
2018-04-12 11:22:44 ::1 POST /Service1.svc - 49474 - ::1 - - 200 0 0 590
2018-04-12 11:22:44 ::1 POST /Service1.svc - 49474 - ::1 - - 200 0 0 268
2018-04-12 11:22:44 ::1 POST /Service1.svc - 49474 - ::1 - - 200 0 0 127
2018-04-12 11:22:44 ::1 POST /Service1.svc - 49474 - ::1 - - 200 0 0 107
2018-04-12 11:22:58 ::1 POST /Service1.svc - 49474 - ::1 - - 200 0 0 45
2018-04-12 11:23:03 ::1 POST /Service1.svc - 49474 - ::1 - - 200 0 0 81
2018-04-12 11:23:22 ::1 POST /Service1.svc - 49474 - ::1 - - 200 0 0 140
2018-04-12 11:27:43 ::1 POST /Service1.svc - 49474 - ::1 - - 200 0 0 66
2018-04-12 11:27:43 ::1 POST /Service1.svc - 49474 - ::1 - - 200 0 0 24
2018-04-12 11:27:43 ::1 POST /Service1.svc - 49474 - ::1 - - 200 0 0 18
2018-04-12 11:27:43 ::1 POST /Service1.svc - 49474 - ::1 - - 200 0 0 14
2018-04-12 11:27:43 ::1 POST /Service1.svc - 49474 - ::1 - - 200 0 0 24
2018-04-12 11:27:43 ::1 POST /Service1.svc - 49474 - ::1 - - 200 0 0 17
2018-04-12 11:27:43 ::1 POST /Service1.svc - 49474 - ::1 - - 200 0 0 15
2018-04-12 11:27:48 ::1 POST /Service1.svc - 49474 - ::1 - - 200 0 0 55
2018-04-12 11:27:48 ::1 POST /Service1.svc - 49474 - ::1 - - 200 0 0 74
2018-04-12 11:27:48 ::1 POST /Service1.svc - 49474 - ::1 - - 200 0 0 95
2018-04-12 11:27:48 ::1 POST /Service1.svc - 49474 - ::1 - - 200 0 0 15
2018-04-12 11:27:58 ::1 POST /Service1.svc - 49474 - ::1 - - 200 0 0 31
2018-04-12 11:28:03 ::1 POST /Service1.svc - 49474 - ::1 - - 200 0 0 95
#Software: Microsoft Internet Information Services 10.0
#Version: 1.0
#Date: 2018-04-12 11:57:49
#Fields: date time s-ip cs-method cs-uri-stem cs-uri-query s-port cs-username c-ip cs(User-Agent) cs(Referer) sc-status sc-substatus sc-win32-status time-taken
2018-04-12 11:57:49 ::1 POST /Service1.svc - 49474 - ::1 - - 200 0 0 233
2018-04-12 11:57:49 ::1 POST /Service1.svc - 49474 - ::1 - - 200 0 0 169
2018-04-12 11:57:49 ::1 POST /Service1.svc - 49474 - ::1 - - 200 0 0 15
2018-04-12 11:57:49 ::1 POST /Service1.svc - 49474 - ::1 - - 200 0 0 82
2018-04-12 11:57:49 ::1 POST /Service1.svc - 49474 - ::1 - - 200 0 0 11
2018-04-12 11:57:49 ::1 POST /Service1.svc - 49474 - ::1 - - 200 0 0 33
2018-04-12 11:57:49 ::1 POST /Service1.svc - 49474 - ::1 - - 200 0 0 25
2018-04-12 11:57:52 ::1 POST /Service1.svc - 49474 - ::1 - - 200 0 0 75
2018-04-12 11:57:52 ::1 POST /Service1.svc - 49474 - ::1 - - 200 0 0 33
2018-04-12 11:57:52 ::1 POST /Service1.svc - 49474 - ::1 - - 200 0 0 210
2018-04-12 11:57:52 ::1 POST /Service1.svc - 49474 - ::1 - - 200 0 0 68
2018-04-12 11:58:07 ::1 POST /Service1.svc - 49474 - ::1 - - 200 0 0 82
2018-04-12 11:58:11 ::1 POST /Service1.svc - 49474 - ::1 - - 200 0 0 36
2018-04-12 11:58:23 ::1 POST /Service1.svc - 49474 - ::1 - - 200 0 0 79
2018-04-12 11:58:23 ::1 POST /Service1.svc - 49474 - ::1 - - 200 0 0 466
2018-04-12 11:59:46 ::1 POST /Service1.svc - 49474 - ::1 - - 200 0 0 222
2018-04-12 11:59:49 ::1 POST /Service1.svc - 49474 - ::1 - - 200 0 0 83
2018-04-12 11:59:49 ::1 POST /Service1.svc - 49474 - ::1 - - 200 0 0 43
2018-04-12 11:59:49 ::1 POST /Service1.svc - 49474 - ::1 - - 200 0 0 37
2018-04-12 11:59:49 ::1 POST /Service1.svc - 49474 - ::1 - - 200 0 0 90
2018-04-12 11:59:49 ::1 POST /Service1.svc - 49474 - ::1 - - 200 0 0 102
2018-04-12 11:59:49 ::1 POST /Service1.svc - 49474 - ::1 - - 200 0 0 194
2018-04-12 11:59:49 ::1 POST /Service1.svc - 49474 - ::1 - - 200 0 0 25
2018-04-12 11:59:49 ::1 POST /Service1.svc - 49474 - ::1 - - 200 0 0 31
2018-04-12 11:59:49 ::1 POST /Service1.svc - 49474 - ::1 - - 200 0 0 71
2018-04-12 11:59:49 ::1 POST /Service1.svc - 49474 - ::1 - - 200 0 0 45
2018-04-12 11:59:49 ::1 POST /Service1.svc - 49474 - ::1 - - 200 0 0 25
2018-04-12 11:59:49 ::1 POST /Service1.svc - 49474 - ::1 - - 200 0 0 44
2018-04-12 12:02:19 ::1 POST /Service1.svc - 49474 - ::1 - - 200 0 0 121
2018-04-12 12:02:55 ::1 POST /Service1.svc - 49474 - ::1 - - 200 0 0 1238
2018-04-12 12:12:01 ::1 POST /Service1.svc - 49474 - ::1 - - 200 0 0 825
2018-04-12 12:12:01 ::1 POST /Service1.svc - 49474 - ::1 - - 200 0 0 660
2018-04-12 12:12:01 ::1 POST /Service1.svc - 49474 - ::1 - - 200 0 0 218
2018-04-12 12:12:02 ::1 POST /Service1.svc - 49474 - ::1 - - 200 0 0 256
2018-04-12 12:12:03 ::1 POST /Service1.svc - 49474 - ::1 - - 200 0 0 915
2018-04-12 12:12:03 ::1 POST /Service1.svc - 49474 - ::1 - - 200 0 0 432
2018-04-12 12:12:03 ::1 POST /Service1.svc - 49474 - ::1 - - 200 0 0 320
2018-04-12 12:12:08 ::1 POST /Service1.svc - 49474 - ::1 - - 200 0 0 199
2018-04-12 12:12:08 ::1 POST /Service1.svc - 49474 - ::1 - - 200 0 0 29
2018-04-12 12:12:08 ::1 POST /Service1.svc - 49474 - ::1 - - 200 0 0 42
2018-04-12 12:12:08 ::1 POST /Service1.svc - 49474 - ::1 - - 200 0 0 375
2018-04-12 12:12:24 ::1 POST /Service1.svc - 49474 - ::1 - - 200 0 0 167
2018-04-12 12:12:31 ::1 POST /Service1.svc - 49474 - ::1 - - 200 0 0 62
2018-04-12 12:12:49 ::1 POST /Service1.svc - 49474 - ::1 - - 200 0 0 51
2018-04-12 12:12:49 ::1 POST /Service1.svc - 49474 - ::1 - - 200 0 0 292
2018-04-12 12:12:55 ::1 POST /Service1.svc - 49474 - ::1 - - 200 0 0 65
2018-04-12 12:12:55 ::1 POST /Service1.svc - 49474 - ::1 - - 200 0 0 36
2018-04-12 12:12:55 ::1 POST /Service1.svc - 49474 - ::1 - - 200 0 0 49
2018-04-12 12:12:55 ::1 POST /Service1.svc - 49474 - ::1 - - 200 0 0 49
2018-04-12 12:12:55 ::1 POST /Service1.svc - 49474 - ::1 - - 200 0 0 246
2018-04-12 12:12:55 ::1 POST /Service1.svc - 49474 - ::1 - - 200 0 0 231
2018-04-12 12:12:56 ::1 POST /Service1.svc - 49474 - ::1 - - 200 0 0 159
2018-04-12 12:12:58 ::1 POST /Service1.svc - 49474 - ::1 - - 200 0 0 38
2018-04-12 12:12:58 ::1 POST /Service1.svc - 49474 - ::1 - - 200 0 0 46
2018-04-12 12:12:58 ::1 POST /Service1.svc - 49474 - ::1 - - 200 0 0 52
2018-04-12 12:12:58 ::1 POST /Service1.svc - 49474 - ::1 - - 200 0 0 85
2018-04-12 12:13:11 ::1 POST /Service1.svc - 49474 - ::1 - - 200 0 0 54
#Software: Microsoft Internet Information Services 10.0
#Version: 1.0
#Date: 2018-04-12 12:32:12
#Fields: date time s-ip cs-method cs-uri-stem cs-uri-query s-port cs-username c-ip cs(User-Agent) cs(Referer) sc-status sc-substatus sc-win32-status time-taken
2018-04-12 12:32:12 ::1 POST /Service1.svc - 49474 - ::1 - - 200 0 0 346
2018-04-12 12:32:12 ::1 POST /Service1.svc - 49474 - ::1 - - 200 0 0 136
2018-04-12 12:32:12 ::1 POST /Service1.svc - 49474 - ::1 - - 200 0 0 275
2018-04-12 12:32:13 ::1 POST /Service1.svc - 49474 - ::1 - - 200 0 0 89
2018-04-12 12:32:13 ::1 POST /Service1.svc - 49474 - ::1 - - 200 0 0 546
2018-04-12 12:32:14 ::1 POST /Service1.svc - 49474 - ::1 - - 200 0 0 229
2018-04-12 12:32:14 ::1 POST /Service1.svc - 49474 - ::1 - - 200 0 0 479
2018-04-12 12:32:51 ::1 POST /Service1.svc - 49474 - ::1 - - 200 0 0 184
2018-04-12 12:32:51 ::1 POST /Service1.svc - 49474 - ::1 - - 200 0 0 90
2018-04-12 12:32:51 ::1 POST /Service1.svc - 49474 - ::1 - - 200 0 0 694
2018-04-12 12:32:52 ::1 POST /Service1.svc - 49474 - ::1 - - 200 0 0 190
2018-04-12 12:33:07 ::1 POST /Service1.svc - 49474 - ::1 - - 200 0 0 517
2018-04-12 12:33:12 ::1 POST /Service1.svc - 49474 - ::1 - - 200 0 0 218
2018-04-12 12:33:23 ::1 POST /Service1.svc - 49474 - ::1 - - 200 0 0 533
2018-04-12 12:33:23 ::1 POST /Service1.svc - 49474 - ::1 - - 200 0 0 48
2018-04-12 12:33:38 ::1 POST /Service1.svc - 49474 - ::1 - - 200 0 0 478
2018-04-12 12:33:40 ::1 POST /Service1.svc - 49474 - ::1 - - 200 0 0 623
2018-04-12 12:33:42 ::1 POST /Service1.svc - 49474 - ::1 - - 200 0 0 279
2018-04-12 12:33:46 ::1 POST /Service1.svc - 49474 - ::1 - - 200 0 0 293
2018-04-12 12:33:48 ::1 POST /Service1.svc - 49474 - ::1 - - 200 0 0 67
2018-04-12 12:33:50 ::1 POST /Service1.svc - 49474 - ::1 - - 200 0 0 662
2018-04-12 12:34:46 ::1 POST /Service1.svc - 49474 - ::1 - - 200 0 0 117
2018-04-12 12:34:58 ::1 POST /Service1.svc - 49474 - ::1 - - 200 0 0 229
2018-04-12 12:34:58 ::1 POST /Service1.svc - 49474 - ::1 - - 200 0 0 38
2018-04-12 12:34:58 ::1 POST /Service1.svc - 49474 - ::1 - - 200 0 0 34
2018-04-12 12:34:58 ::1 POST /Service1.svc - 49474 - ::1 - - 200 0 0 179
2018-04-12 12:34:58 ::1 POST /Service1.svc - 49474 - ::1 - - 200 0 0 90
2018-04-12 12:34:58 ::1 POST /Service1.svc - 49474 - ::1 - - 200 0 0 212
2018-04-12 12:34:59 ::1 POST /Service1.svc - 49474 - ::1 - - 200 0 0 478
2018-04-12 12:34:59 ::1 POST /Service1.svc - 49474 - ::1 - - 200 0 0 273
2018-04-12 12:35:00 ::1 POST /Service1.svc - 49474 - ::1 - - 200 0 0 890
2018-04-12 12:35:00 ::1 POST /Service1.svc - 49474 - ::1 - - 200 0 0 178
2018-04-12 12:35:00 ::1 POST /Service1.svc - 49474 - ::1 - - 200 0 0 518
2018-04-12 12:35:01 ::1 POST /Service1.svc - 49474 - ::1 - - 200 0 0 618
2018-04-12 12:37:46 ::1 POST /Service1.svc - 49474 - ::1 - - 200 0 0 105
2018-04-12 12:37:46 ::1 POST /Service1.svc - 49474 - ::1 - - 200 0 0 25
2018-04-12 12:37:46 ::1 POST /Service1.svc - 49474 - ::1 - - 200 0 0 19
2018-04-12 12:37:46 ::1 POST /Service1.svc - 49474 - ::1 - - 200 0 0 8
2018-04-12 12:37:46 ::1 POST /Service1.svc - 49474 - ::1 - - 200 0 0 64
2018-04-12 12:37:46 ::1 POST /Service1.svc - 49474 - ::1 - - 200 0 0 20
2018-04-12 12:37:46 ::1 POST /Service1.svc - 49474 - ::1 - - 200 0 0 45
2018-04-12 12:37:51 ::1 POST /Service1.svc - 49474 - ::1 - - 200 0 0 264
2018-04-12 12:37:51 ::1 POST /Service1.svc - 49474 - ::1 - - 200 0 0 319
2018-04-12 12:37:51 ::1 POST /Service1.svc - 49474 - ::1 - - 200 0 0 523
2018-04-12 12:37:53 ::1 POST /Service1.svc - 49474 - ::1 - - 200 0 0 605
2018-04-12 12:37:58 ::1 POST /Service1.svc - 49474 - ::1 - - 200 0 0 82
2018-04-12 12:38:16 ::1 POST /Service1.svc - 49474 - ::1 - - 200 0 0 596
2018-04-12 12:38:18 ::1 POST /Service1.svc - 49474 - ::1 - - 200 0 0 104
2018-04-12 12:38:18 ::1 POST /Service1.svc - 49474 - ::1 - - 200 0 0 103
2018-04-12 12:38:26 ::1 POST /Service1.svc - 49474 - ::1 - - 200 0 0 703
2018-04-12 12:38:27 ::1 POST /Service1.svc - 49474 - ::1 - - 200 0 0 31
2018-04-12 12:38:29 ::1 POST /Service1.svc - 49474 - ::1 - - 200 0 0 932
2018-04-12 12:39:03 ::1 POST /Service1.svc - 49474 - ::1 - - 200 0 0 232
