#Software: Microsoft Internet Information Services 10.0
#Version: 1.0
#Date: 2018-03-31 04:29:18
#Fields: date time s-ip cs-method cs-uri-stem cs-uri-query s-port cs-username c-ip cs(User-Agent) cs(Referer) sc-status sc-substatus sc-win32-status time-taken
2018-03-31 04:29:18 ::1 POST /Service1.svc - 49474 - ::1 - - 415 0 0 33491
2018-03-31 04:29:18 ::1 POST /Service1.svc/mex - 49474 - ::1 - - 415 0 0 49
2018-03-31 04:29:20 ::1 GET /Service1.svc - 49474 - ::1 Mozilla/4.0+(compatible;+MSIE+6.0;+MS+Web+Services+Client+Protocol+4.0.30319.42000) - 200 0 0 2436
2018-03-31 04:29:20 ::1 GET /Service1.svc disco 49474 - ::1 Mozilla/4.0+(compatible;+MSIE+6.0;+MS+Web+Services+Client+Protocol+4.0.30319.42000) - 200 0 0 5
2018-03-31 04:29:20 ::1 GET /Service1.svc wsdl 49474 - ::1 Mozilla/4.0+(compatible;+MSIE+6.0;+MS+Web+Services+Client+Protocol+4.0.30319.42000) - 200 0 0 82
2018-03-31 04:29:22 ::1 GET /Service1.svc xsd=xsd0 49474 - ::1 Mozilla/4.0+(compatible;+MSIE+6.0;+MS+Web+Services+Client+Protocol+4.0.30319.42000) - 200 0 0 1103
2018-03-31 04:29:22 ::1 GET /Service1.svc xsd=xsd2 49474 - ::1 Mozilla/4.0+(compatible;+MSIE+6.0;+MS+Web+Services+Client+Protocol+4.0.30319.42000) - 200 0 0 43
2018-03-31 04:29:22 ::1 GET /Service1.svc xsd=xsd3 49474 - ::1 Mozilla/4.0+(compatible;+MSIE+6.0;+MS+Web+Services+Client+Protocol+4.0.30319.42000) - 200 0 0 7
2018-03-31 04:29:22 ::1 GET /Service1.svc xsd=xsd1 49474 - ::1 Mozilla/4.0+(compatible;+MSIE+6.0;+MS+Web+Services+Client+Protocol+4.0.30319.42000) - 200 0 0 27
2018-03-31 04:30:15 ::1 GET /Service1.svc - 49474 - ::1 Mozilla/4.0+(compatible;+MSIE+6.0;+MS+Web+Services+Client+Protocol+4.0.30319.42000) - 200 0 0 80
2018-03-31 04:30:15 ::1 GET /Service1.svc disco 49474 - ::1 Mozilla/4.0+(compatible;+MSIE+6.0;+MS+Web+Services+Client+Protocol+4.0.30319.42000) - 200 0 0 12
2018-03-31 04:30:15 ::1 GET /Service1.svc wsdl 49474 - ::1 Mozilla/4.0+(compatible;+MSIE+6.0;+MS+Web+Services+Client+Protocol+4.0.30319.42000) - 200 0 0 110
2018-03-31 04:30:15 ::1 GET /Service1.svc/$metadata - 49474 - ::1 Mozilla/4.0+(compatible;+MSIE+6.0;+MS+Web+Services+Client+Protocol+4.0.30319.42000) - 400 0 0 447
2018-03-31 04:30:15 ::1 GET /Service1.svc xsd=xsd0 49474 - ::1 Mozilla/4.0+(compatible;+MSIE+6.0;+MS+Web+Services+Client+Protocol+4.0.30319.42000) - 200 0 0 12
2018-03-31 04:30:15 ::1 GET /Service1.svc xsd=xsd2 49474 - ::1 Mozilla/4.0+(compatible;+MSIE+6.0;+MS+Web+Services+Client+Protocol+4.0.30319.42000) - 200 0 0 15
2018-03-31 04:30:15 ::1 GET /Service1.svc xsd=xsd3 49474 - ::1 Mozilla/4.0+(compatible;+MSIE+6.0;+MS+Web+Services+Client+Protocol+4.0.30319.42000) - 200 0 0 17
2018-03-31 04:30:15 ::1 GET /Service1.svc xsd=xsd1 49474 - ::1 Mozilla/4.0+(compatible;+MSIE+6.0;+MS+Web+Services+Client+Protocol+4.0.30319.42000) - 200 0 0 17
2018-03-31 04:30:18 ::1 POST /Service1.svc/mex - 49474 - ::1 - - 415 0 0 53
2018-03-31 04:30:18 ::1 POST /Service1.svc - 49474 - ::1 - - 415 0 0 78
2018-03-31 04:32:24 ::1 POST /Service1.svc - 49474 - ::1 - - 200 0 0 927
2018-03-31 04:32:35 ::1 POST /Service1.svc - 49474 - ::1 - - 200 0 0 41
2018-03-31 04:32:35 ::1 POST /Service1.svc - 49474 - ::1 - - 200 0 0 47
2018-03-31 04:32:35 ::1 POST /Service1.svc - 49474 - ::1 - - 200 0 0 208
2018-03-31 04:32:39 ::1 POST /Service1.svc - 49474 - ::1 - - 200 0 0 47
2018-03-31 04:32:41 ::1 POST /Service1.svc - 49474 - ::1 - - 200 0 0 19
2018-03-31 04:32:41 ::1 POST /Service1.svc - 49474 - ::1 - - 200 0 0 95
2018-03-31 04:38:36 ::1 POST /Service1.svc - 49474 - ::1 - - 200 0 0 105
2018-03-31 04:38:36 ::1 POST /Service1.svc - 49474 - ::1 - - 200 0 0 22
2018-03-31 04:38:42 ::1 POST /Service1.svc - 49474 - ::1 - - 200 0 0 37
2018-03-31 04:38:48 ::1 POST /Service1.svc - 49474 - ::1 - - 200 0 0 24
2018-03-31 04:38:56 ::1 POST /Service1.svc - 49474 - ::1 - - 200 0 0 76
2018-03-31 04:39:06 ::1 POST /Service1.svc - 49474 - ::1 - - 200 0 0 106
2018-03-31 04:39:07 ::1 POST /Service1.svc - 49474 - ::1 - - 200 0 0 90
2018-03-31 04:39:07 ::1 POST /Service1.svc - 49474 - ::1 - - 200 0 0 13
2018-03-31 04:39:07 ::1 POST /Service1.svc - 49474 - ::1 - - 200 0 0 10
2018-03-31 04:39:15 ::1 POST /Service1.svc - 49474 - ::1 - - 200 0 0 20
2018-03-31 04:39:16 ::1 POST /Service1.svc - 49474 - ::1 - - 200 0 0 26
2018-03-31 04:39:16 ::1 POST /Service1.svc - 49474 - ::1 - - 200 0 0 16
2018-03-31 04:39:16 ::1 POST /Service1.svc - 49474 - ::1 - - 200 0 0 17
2018-03-31 04:39:20 ::1 POST /Service1.svc - 49474 - ::1 - - 200 0 0 14
2018-03-31 04:39:20 ::1 POST /Service1.svc - 49474 - ::1 - - 200 0 0 34
2018-03-31 04:39:20 ::1 POST /Service1.svc - 49474 - ::1 - - 200 0 0 18
2018-03-31 04:39:21 ::1 POST /Service1.svc - 49474 - ::1 - - 200 0 0 91
#Software: Microsoft Internet Information Services 10.0
#Version: 1.0
#Date: 2018-03-31 11:01:41
#Fields: date time s-ip cs-method cs-uri-stem cs-uri-query s-port cs-username c-ip cs(User-Agent) cs(Referer) sc-status sc-substatus sc-win32-status time-taken
2018-03-31 11:01:41 ::1 POST /Service1.svc - 49474 - ::1 - - 415 0 0 12047
2018-03-31 11:01:41 ::1 POST /Service1.svc/mex - 49474 - ::1 - - 415 0 0 17
2018-03-31 11:01:44 ::1 GET /Service1.svc - 49474 - ::1 Mozilla/4.0+(compatible;+MSIE+6.0;+MS+Web+Services+Client+Protocol+4.0.30319.42000) - 200 0 0 2631
2018-03-31 11:01:44 ::1 GET /Service1.svc disco 49474 - ::1 Mozilla/4.0+(compatible;+MSIE+6.0;+MS+Web+Services+Client+Protocol+4.0.30319.42000) - 200 0 0 35
2018-03-31 11:01:44 ::1 GET /Service1.svc wsdl 49474 - ::1 Mozilla/4.0+(compatible;+MSIE+6.0;+MS+Web+Services+Client+Protocol+4.0.30319.42000) - 200 0 0 83
2018-03-31 11:01:46 ::1 GET /Service1.svc xsd=xsd0 49474 - ::1 Mozilla/4.0+(compatible;+MSIE+6.0;+MS+Web+Services+Client+Protocol+4.0.30319.42000) - 200 0 0 1028
2018-03-31 11:01:46 ::1 GET /Service1.svc xsd=xsd2 49474 - ::1 Mozilla/4.0+(compatible;+MSIE+6.0;+MS+Web+Services+Client+Protocol+4.0.30319.42000) - 200 0 0 28
2018-03-31 11:01:46 ::1 GET /Service1.svc xsd=xsd3 49474 - ::1 Mozilla/4.0+(compatible;+MSIE+6.0;+MS+Web+Services+Client+Protocol+4.0.30319.42000) - 200 0 0 71
2018-03-31 11:01:46 ::1 GET /Service1.svc xsd=xsd1 49474 - ::1 Mozilla/4.0+(compatible;+MSIE+6.0;+MS+Web+Services+Client+Protocol+4.0.30319.42000) - 200 0 0 24
2018-03-31 11:02:24 ::1 GET /Service1.svc - 49474 - ::1 Mozilla/4.0+(compatible;+MSIE+6.0;+MS+Web+Services+Client+Protocol+4.0.30319.42000) - 200 0 0 97
2018-03-31 11:02:24 ::1 GET /Service1.svc disco 49474 - ::1 Mozilla/4.0+(compatible;+MSIE+6.0;+MS+Web+Services+Client+Protocol+4.0.30319.42000) - 200 0 0 12
2018-03-31 11:02:24 ::1 GET /Service1.svc wsdl 49474 - ::1 Mozilla/4.0+(compatible;+MSIE+6.0;+MS+Web+Services+Client+Protocol+4.0.30319.42000) - 200 0 0 49
2018-03-31 11:02:24 ::1 GET /Service1.svc/$metadata - 49474 - ::1 Mozilla/4.0+(compatible;+MSIE+6.0;+MS+Web+Services+Client+Protocol+4.0.30319.42000) - 400 0 0 342
2018-03-31 11:02:24 ::1 GET /Service1.svc xsd=xsd0 49474 - ::1 Mozilla/4.0+(compatible;+MSIE+6.0;+MS+Web+Services+Client+Protocol+4.0.30319.42000) - 200 0 0 29
2018-03-31 11:02:24 ::1 GET /Service1.svc xsd=xsd2 49474 - ::1 Mozilla/4.0+(compatible;+MSIE+6.0;+MS+Web+Services+Client+Protocol+4.0.30319.42000) - 200 0 0 202
2018-03-31 11:02:24 ::1 GET /Service1.svc xsd=xsd3 49474 - ::1 Mozilla/4.0+(compatible;+MSIE+6.0;+MS+Web+Services+Client+Protocol+4.0.30319.42000) - 200 0 0 42
2018-03-31 11:02:24 ::1 GET /Service1.svc xsd=xsd1 49474 - ::1 Mozilla/4.0+(compatible;+MSIE+6.0;+MS+Web+Services+Client+Protocol+4.0.30319.42000) - 200 0 0 45
2018-03-31 11:02:27 ::1 POST /Service1.svc/mex - 49474 - ::1 - - 415 0 0 36
2018-03-31 11:02:27 ::1 POST /Service1.svc - 49474 - ::1 - - 415 0 0 31
2018-03-31 11:03:32 ::1 POST /Service1.svc - 49474 - ::1 - - 200 0 0 635
2018-03-31 11:03:37 ::1 POST /Service1.svc - 49474 - ::1 - - 200 0 0 131
2018-03-31 11:03:37 ::1 POST /Service1.svc - 49474 - ::1 - - 200 0 0 30
2018-03-31 11:03:37 ::1 POST /Service1.svc - 49474 - ::1 - - 200 0 0 109
2018-03-31 11:03:51 ::1 POST /Service1.svc - 49474 - ::1 - - 200 0 0 254
2018-03-31 11:03:51 ::1 POST /Service1.svc - 49474 - ::1 - - 200 0 0 25
2018-03-31 11:04:30 ::1 POST /Service1.svc - 49474 - ::1 - - 200 0 0 165
