#Software: Microsoft Internet Information Services 10.0
#Version: 1.0
#Date: 2018-07-20 05:22:02
#Fields: date time s-ip cs-method cs-uri-stem cs-uri-query s-port cs-username c-ip cs(User-Agent) cs(Referer) sc-status sc-substatus sc-win32-status time-taken
2018-07-20 05:22:02 ::1 POST /Service1.svc - 49474 - ::1 - - 415 0 0 17683
2018-07-20 05:22:02 ::1 POST /Service1.svc/mex - 49474 - ::1 - - 415 0 0 47
2018-07-20 05:22:08 ::1 GET /Service1.svc - 49474 - ::1 Mozilla/4.0+(compatible;+MSIE+6.0;+MS+Web+Services+Client+Protocol+4.0.30319.42000) - 200 0 0 5350
2018-07-20 05:22:08 ::1 GET /Service1.svc disco 49474 - ::1 Mozilla/4.0+(compatible;+MSIE+6.0;+MS+Web+Services+Client+Protocol+4.0.30319.42000) - 200 0 0 29
2018-07-20 05:22:08 ::1 GET /Service1.svc wsdl 49474 - ::1 Mozilla/4.0+(compatible;+MSIE+6.0;+MS+Web+Services+Client+Protocol+4.0.30319.42000) - 200 0 0 209
2018-07-20 05:22:10 ::1 GET /Service1.svc xsd=xsd0 49474 - ::1 Mozilla/4.0+(compatible;+MSIE+6.0;+MS+Web+Services+Client+Protocol+4.0.30319.42000) - 200 0 0 1542
2018-07-20 05:22:10 ::1 GET /Service1.svc xsd=xsd2 49474 - ::1 Mozilla/4.0+(compatible;+MSIE+6.0;+MS+Web+Services+Client+Protocol+4.0.30319.42000) - 200 0 0 13
2018-07-20 05:22:10 ::1 GET /Service1.svc xsd=xsd3 49474 - ::1 Mozilla/4.0+(compatible;+MSIE+6.0;+MS+Web+Services+Client+Protocol+4.0.30319.42000) - 200 0 0 17
2018-07-20 05:22:10 ::1 GET /Service1.svc xsd=xsd1 49474 - ::1 Mozilla/4.0+(compatible;+MSIE+6.0;+MS+Web+Services+Client+Protocol+4.0.30319.42000) - 200 0 0 80
2018-07-20 05:23:47 ::1 GET /Service1.svc - 49474 - ::1 Mozilla/4.0+(compatible;+MSIE+6.0;+MS+Web+Services+Client+Protocol+4.0.30319.42000) - 200 0 0 177
2018-07-20 05:23:47 ::1 GET /Service1.svc/$metadata - 49474 - ::1 Mozilla/4.0+(compatible;+MSIE+6.0;+MS+Web+Services+Client+Protocol+4.0.30319.42000) - 400 0 0 348
2018-07-20 05:23:47 ::1 GET /Service1.svc disco 49474 - ::1 Mozilla/4.0+(compatible;+MSIE+6.0;+MS+Web+Services+Client+Protocol+4.0.30319.42000) - 200 0 0 221
2018-07-20 05:23:47 ::1 GET /Service1.svc wsdl 49474 - ::1 Mozilla/4.0+(compatible;+MSIE+6.0;+MS+Web+Services+Client+Protocol+4.0.30319.42000) - 200 0 0 57
2018-07-20 05:23:47 ::1 GET /Service1.svc xsd=xsd0 49474 - ::1 Mozilla/4.0+(compatible;+MSIE+6.0;+MS+Web+Services+Client+Protocol+4.0.30319.42000) - 200 0 0 84
2018-07-20 05:23:47 ::1 GET /Service1.svc xsd=xsd2 49474 - ::1 Mozilla/4.0+(compatible;+MSIE+6.0;+MS+Web+Services+Client+Protocol+4.0.30319.42000) - 200 0 0 176
2018-07-20 05:23:47 ::1 GET /Service1.svc xsd=xsd3 49474 - ::1 Mozilla/4.0+(compatible;+MSIE+6.0;+MS+Web+Services+Client+Protocol+4.0.30319.42000) - 200 0 0 75
2018-07-20 05:23:47 ::1 GET /Service1.svc xsd=xsd1 49474 - ::1 Mozilla/4.0+(compatible;+MSIE+6.0;+MS+Web+Services+Client+Protocol+4.0.30319.42000) - 200 0 0 20
2018-07-20 05:23:49 ::1 POST /Service1.svc/mex - 49474 - ::1 - - 415 0 0 447
2018-07-20 05:23:49 ::1 POST /Service1.svc - 49474 - ::1 - - 415 0 0 479
#Software: Microsoft Internet Information Services 10.0
#Version: 1.0
#Date: 2018-07-20 06:08:14
#Fields: date time s-ip cs-method cs-uri-stem cs-uri-query s-port cs-username c-ip cs(User-Agent) cs(Referer) sc-status sc-substatus sc-win32-status time-taken
2018-07-20 06:08:14 ::1 POST /Service1.svc - 49474 - ::1 - - 200 0 0 2456
2018-07-20 06:08:14 ::1 POST /Service1.svc - 49474 - ::1 - - 200 0 0 102
2018-07-20 06:08:14 ::1 POST /Service1.svc - 49474 - ::1 - - 200 0 0 61
2018-07-20 06:08:15 ::1 POST /Service1.svc - 49474 - ::1 - - 200 0 0 551
2018-07-20 06:08:20 ::1 POST /Service1.svc - 49474 - ::1 - - 200 0 0 15
2018-07-20 06:08:20 ::1 POST /Service1.svc - 49474 - ::1 - - 200 0 0 16
2018-07-20 06:08:20 ::1 POST /Service1.svc - 49474 - ::1 - - 200 0 0 27
2018-07-20 06:08:20 ::1 POST /Service1.svc - 49474 - ::1 - - 200 0 0 43
2018-07-20 06:08:23 ::1 POST /Service1.svc - 49474 - ::1 - - 200 0 0 10
2018-07-20 06:08:23 ::1 POST /Service1.svc - 49474 - ::1 - - 200 0 0 46
2018-07-20 06:08:23 ::1 POST /Service1.svc - 49474 - ::1 - - 200 0 0 64
2018-07-20 06:08:23 ::1 POST /Service1.svc - 49474 - ::1 - - 200 0 0 42
2018-07-20 06:08:23 ::1 POST /Service1.svc - 49474 - ::1 - - 200 0 0 24
2018-07-20 06:08:23 ::1 POST /Service1.svc - 49474 - ::1 - - 200 0 0 26
2018-07-20 06:08:23 ::1 POST /Service1.svc - 49474 - ::1 - - 200 0 0 17
2018-07-20 06:08:23 ::1 POST /Service1.svc - 49474 - ::1 - - 200 0 0 84
2018-07-20 06:08:23 ::1 POST /Service1.svc - 49474 - ::1 - - 200 0 0 252
2018-07-20 06:08:23 ::1 POST /Service1.svc - 49474 - ::1 - - 200 0 0 79
2018-07-20 06:08:23 ::1 POST /Service1.svc - 49474 - ::1 - - 200 0 0 117
2018-07-20 06:08:40 ::1 POST /Service1.svc - 49474 - ::1 - - 200 0 0 108
2018-07-20 06:08:40 ::1 POST /Service1.svc - 49474 - ::1 - - 200 0 0 16
2018-07-20 06:08:40 ::1 POST /Service1.svc - 49474 - ::1 - - 200 0 0 103
2018-07-20 06:09:26 ::1 POST /Service1.svc - 49474 - ::1 - - 200 0 0 75
2018-07-20 06:09:26 ::1 POST /Service1.svc - 49474 - ::1 - - 200 0 0 58
2018-07-20 06:09:26 ::1 POST /Service1.svc - 49474 - ::1 - - 200 0 0 26
2018-07-20 06:09:26 ::1 POST /Service1.svc - 49474 - ::1 - - 200 0 0 34
2018-07-20 06:09:28 ::1 POST /Service1.svc - 49474 - ::1 - - 200 0 0 38
2018-07-20 06:09:28 ::1 POST /Service1.svc - 49474 - ::1 - - 200 0 0 99
2018-07-20 06:09:28 ::1 POST /Service1.svc - 49474 - ::1 - - 200 0 0 40
2018-07-20 06:09:28 ::1 POST /Service1.svc - 49474 - ::1 - - 200 0 0 47
#Software: Microsoft Internet Information Services 10.0
#Version: 1.0
#Date: 2018-07-20 06:28:52
#Fields: date time s-ip cs-method cs-uri-stem cs-uri-query s-port cs-username c-ip cs(User-Agent) cs(Referer) sc-status sc-substatus sc-win32-status time-taken
2018-07-20 06:28:52 ::1 POST /Service1.svc - 49474 - ::1 - - 200 0 0 197
2018-07-20 06:28:54 ::1 POST /Service1.svc - 49474 - ::1 - - 200 0 0 822
2018-07-20 06:28:54 ::1 POST /Service1.svc - 49474 - ::1 - - 200 0 0 397
2018-07-20 06:28:55 ::1 POST /Service1.svc - 49474 - ::1 - - 200 0 0 211
2018-07-20 06:31:14 ::1 POST /Service1.svc - 49474 - ::1 - - 200 0 0 144
2018-07-20 06:31:14 ::1 POST /Service1.svc - 49474 - ::1 - - 200 0 0 33
2018-07-20 06:31:14 ::1 POST /Service1.svc - 49474 - ::1 - - 200 0 0 90
2018-07-20 06:31:14 ::1 POST /Service1.svc - 49474 - ::1 - - 200 0 0 151
2018-07-20 06:31:16 ::1 POST /Service1.svc - 49474 - ::1 - - 200 0 0 71
2018-07-20 06:31:16 ::1 POST /Service1.svc - 49474 - ::1 - - 200 0 0 69
2018-07-20 06:31:16 ::1 POST /Service1.svc - 49474 - ::1 - - 200 0 0 24
2018-07-20 06:31:16 ::1 POST /Service1.svc - 49474 - ::1 - - 200 0 0 132
2018-07-20 06:31:20 ::1 POST /Service1.svc - 49474 - ::1 - - 200 0 0 14
2018-07-20 06:31:20 ::1 POST /Service1.svc - 49474 - ::1 - - 200 0 0 40
2018-07-20 06:31:20 ::1 POST /Service1.svc - 49474 - ::1 - - 200 0 0 21
2018-07-20 06:31:20 ::1 POST /Service1.svc - 49474 - ::1 - - 200 0 0 78
2018-07-20 06:31:20 ::1 POST /Service1.svc - 49474 - ::1 - - 200 0 0 50
2018-07-20 06:31:20 ::1 POST /Service1.svc - 49474 - ::1 - - 200 0 0 31
2018-07-20 06:31:20 ::1 POST /Service1.svc - 49474 - ::1 - - 200 0 0 289
2018-07-20 06:31:20 ::1 POST /Service1.svc - 49474 - ::1 - - 200 0 0 81
2018-07-20 06:31:20 ::1 POST /Service1.svc - 49474 - ::1 - - 200 0 0 73
2018-07-20 06:31:20 ::1 POST /Service1.svc - 49474 - ::1 - - 200 0 0 17
2018-07-20 06:31:20 ::1 POST /Service1.svc - 49474 - ::1 - - 200 0 0 109
2018-07-20 06:31:28 ::1 POST /Service1.svc - 49474 - ::1 - - 200 0 0 676
2018-07-20 06:31:28 ::1 POST /Service1.svc - 49474 - ::1 - - 200 0 0 75
2018-07-20 06:31:30 ::1 POST /Service1.svc - 49474 - ::1 - - 200 0 0 477
2018-07-20 06:31:34 ::1 POST /Service1.svc - 49474 - ::1 - - 200 0 0 48
2018-07-20 06:31:34 ::1 POST /Service1.svc - 49474 - ::1 - - 200 0 0 17
2018-07-20 06:31:34 ::1 POST /Service1.svc - 49474 - ::1 - - 200 0 0 34
2018-07-20 06:31:49 ::1 POST /Service1.svc - 49474 - ::1 - - 200 0 0 36
2018-07-20 06:31:49 ::1 POST /Service1.svc - 49474 - ::1 - - 200 0 0 46
2018-07-20 06:31:49 ::1 POST /Service1.svc - 49474 - ::1 - - 200 0 0 59
2018-07-20 06:31:49 ::1 POST /Service1.svc - 49474 - ::1 - - 200 0 0 114
2018-07-20 06:31:52 ::1 POST /Service1.svc - 49474 - ::1 - - 200 0 0 22
2018-07-20 06:31:52 ::1 POST /Service1.svc - 49474 - ::1 - - 200 0 0 31
2018-07-20 06:31:52 ::1 POST /Service1.svc - 49474 - ::1 - - 200 0 0 44
2018-07-20 06:31:52 ::1 POST /Service1.svc - 49474 - ::1 - - 200 0 0 183
#Software: Microsoft Internet Information Services 10.0
#Version: 1.0
#Date: 2018-07-20 06:57:07
#Fields: date time s-ip cs-method cs-uri-stem cs-uri-query s-port cs-username c-ip cs(User-Agent) cs(Referer) sc-status sc-substatus sc-win32-status time-taken
2018-07-20 06:57:07 ::1 POST /Service1.svc - 49474 - ::1 - - 200 0 0 282
2018-07-20 06:57:07 ::1 POST /Service1.svc - 49474 - ::1 - - 200 0 0 61
2018-07-20 06:57:07 ::1 POST /Service1.svc - 49474 - ::1 - - 200 0 0 24
2018-07-20 06:57:07 ::1 POST /Service1.svc - 49474 - ::1 - - 200 0 0 88
2018-07-20 06:57:12 ::1 POST /Service1.svc - 49474 - ::1 - - 200 0 0 17
2018-07-20 06:57:12 ::1 POST /Service1.svc - 49474 - ::1 - - 200 0 0 81
2018-07-20 06:57:12 ::1 POST /Service1.svc - 49474 - ::1 - - 200 0 0 82
2018-07-20 06:57:12 ::1 POST /Service1.svc - 49474 - ::1 - - 200 0 0 21
2018-07-20 06:57:14 ::1 POST /Service1.svc - 49474 - ::1 - - 200 0 0 39
2018-07-20 06:57:14 ::1 POST /Service1.svc - 49474 - ::1 - - 200 0 0 37
2018-07-20 06:57:14 ::1 POST /Service1.svc - 49474 - ::1 - - 200 0 0 42
2018-07-20 06:57:14 ::1 POST /Service1.svc - 49474 - ::1 - - 200 0 0 180
2018-07-20 06:57:14 ::1 POST /Service1.svc - 49474 - ::1 - - 200 0 0 55
2018-07-20 06:57:14 ::1 POST /Service1.svc - 49474 - ::1 - - 200 0 0 59
2018-07-20 06:57:14 ::1 POST /Service1.svc - 49474 - ::1 - - 200 0 0 146
2018-07-20 06:57:14 ::1 POST /Service1.svc - 49474 - ::1 - - 200 0 0 164
2018-07-20 06:57:14 ::1 POST /Service1.svc - 49474 - ::1 - - 200 0 0 100
2018-07-20 06:57:14 ::1 POST /Service1.svc - 49474 - ::1 - - 200 0 0 78
2018-07-20 06:57:15 ::1 POST /Service1.svc - 49474 - ::1 - - 200 0 0 52
2018-07-20 06:57:35 ::1 POST /Service1.svc - 49474 - ::1 - - 200 0 0 25
2018-07-20 06:57:35 ::1 POST /Service1.svc - 49474 - ::1 - - 200 0 0 174
2018-07-20 06:57:35 ::1 POST /Service1.svc - 49474 - ::1 - - 200 0 0 27
2018-07-20 06:57:39 ::1 POST /Service1.svc - 49474 - ::1 - - 200 0 0 28
2018-07-20 06:57:39 ::1 POST /Service1.svc - 49474 - ::1 - - 200 0 0 54
2018-07-20 06:57:39 ::1 POST /Service1.svc - 49474 - ::1 - - 200 0 0 122
2018-07-20 06:57:42 ::1 POST /Service1.svc - 49474 - ::1 - - 200 0 0 56
2018-07-20 06:59:08 ::1 POST /Service1.svc - 49474 - ::1 - - 200 0 0 55
2018-07-20 06:59:08 ::1 POST /Service1.svc - 49474 - ::1 - - 200 0 0 46
2018-07-20 06:59:08 ::1 POST /Service1.svc - 49474 - ::1 - - 200 0 0 30
2018-07-20 06:59:08 ::1 POST /Service1.svc - 49474 - ::1 - - 200 0 0 86
2018-07-20 06:59:09 ::1 POST /Service1.svc - 49474 - ::1 - - 200 0 0 45
2018-07-20 06:59:09 ::1 POST /Service1.svc - 49474 - ::1 - - 200 0 0 50
2018-07-20 06:59:09 ::1 POST /Service1.svc - 49474 - ::1 - - 200 0 0 100
2018-07-20 06:59:09 ::1 POST /Service1.svc - 49474 - ::1 - - 200 0 0 76
2018-07-20 07:04:38 ::1 POST /Service1.svc - 49474 - ::1 - - 200 0 0 377
2018-07-20 07:04:39 ::1 POST /Service1.svc - 49474 - ::1 - - 200 0 0 652
2018-07-20 07:04:39 ::1 POST /Service1.svc - 49474 - ::1 - - 200 0 0 473
2018-07-20 07:04:39 ::1 POST /Service1.svc - 49474 - ::1 - - 200 0 0 350
2018-07-20 07:04:45 ::1 POST /Service1.svc - 49474 - ::1 - - 200 0 0 32
2018-07-20 07:04:45 ::1 POST /Service1.svc - 49474 - ::1 - - 200 0 0 58
2018-07-20 07:04:45 ::1 POST /Service1.svc - 49474 - ::1 - - 200 0 0 121
2018-07-20 07:04:45 ::1 POST /Service1.svc - 49474 - ::1 - - 200 0 0 101
2018-07-20 07:04:47 ::1 POST /Service1.svc - 49474 - ::1 - - 200 0 0 81
2018-07-20 07:04:47 ::1 POST /Service1.svc - 49474 - ::1 - - 200 0 0 86
2018-07-20 07:04:47 ::1 POST /Service1.svc - 49474 - ::1 - - 200 0 0 38
2018-07-20 07:04:47 ::1 POST /Service1.svc - 49474 - ::1 - - 200 0 0 90
2018-07-20 07:04:47 ::1 POST /Service1.svc - 49474 - ::1 - - 200 0 0 90
2018-07-20 07:04:47 ::1 POST /Service1.svc - 49474 - ::1 - - 200 0 0 65
2018-07-20 07:04:47 ::1 POST /Service1.svc - 49474 - ::1 - - 200 0 0 118
2018-07-20 07:04:47 ::1 POST /Service1.svc - 49474 - ::1 - - 200 0 0 193
2018-07-20 07:04:48 ::1 POST /Service1.svc - 49474 - ::1 - - 200 0 0 358
2018-07-20 07:04:48 ::1 POST /Service1.svc - 49474 - ::1 - - 200 0 0 239
2018-07-20 07:04:48 ::1 POST /Service1.svc - 49474 - ::1 - - 200 0 0 73
2018-07-20 07:05:15 ::1 POST /Service1.svc - 49474 - ::1 - - 200 0 0 1195
2018-07-20 07:05:16 ::1 POST /Service1.svc - 49474 - ::1 - - 200 0 0 888
2018-07-20 07:05:16 ::1 POST /Service1.svc - 49474 - ::1 - - 200 0 0 44
2018-07-20 07:05:42 ::1 POST /Service1.svc - 49474 - ::1 - - 200 0 0 55
2018-07-20 07:05:42 ::1 POST /Service1.svc - 49474 - ::1 - - 200 0 0 93
2018-07-20 07:05:42 ::1 POST /Service1.svc - 49474 - ::1 - - 200 0 0 47
2018-07-20 07:05:44 ::1 POST /Service1.svc - 49474 - ::1 - - 200 0 0 216
2018-07-20 07:05:44 ::1 POST /Service1.svc - 49474 - ::1 - - 200 0 0 90
2018-07-20 07:05:44 ::1 POST /Service1.svc - 49474 - ::1 - - 200 0 0 29
2018-07-20 07:05:56 ::1 POST /Service1.svc - 49474 - ::1 - - 200 0 0 143
2018-07-20 07:05:56 ::1 POST /Service1.svc - 49474 - ::1 - - 200 0 0 84
2018-07-20 07:05:56 ::1 POST /Service1.svc - 49474 - ::1 - - 200 0 0 35
2018-07-20 07:05:57 ::1 POST /Service1.svc - 49474 - ::1 - - 200 0 0 924
2018-07-20 07:05:59 ::1 POST /Service1.svc - 49474 - ::1 - - 200 0 0 48
2018-07-20 07:05:59 ::1 POST /Service1.svc - 49474 - ::1 - - 200 0 0 288
2018-07-20 07:05:59 ::1 POST /Service1.svc - 49474 - ::1 - - 200 0 0 147
2018-07-20 07:05:59 ::1 POST /Service1.svc - 49474 - ::1 - - 200 0 0 399
#Software: Microsoft Internet Information Services 10.0
#Version: 1.0
#Date: 2018-07-20 07:24:59
#Fields: date time s-ip cs-method cs-uri-stem cs-uri-query s-port cs-username c-ip cs(User-Agent) cs(Referer) sc-status sc-substatus sc-win32-status time-taken
2018-07-20 07:24:59 ::1 POST /Service1.svc - 49474 - ::1 - - 200 0 0 301
2018-07-20 07:25:01 ::1 POST /Service1.svc - 49474 - ::1 - - 200 0 0 577
2018-07-20 07:25:01 ::1 POST /Service1.svc - 49474 - ::1 - - 200 0 0 388
2018-07-20 07:25:02 ::1 POST /Service1.svc - 49474 - ::1 - - 200 0 0 690
2018-07-20 07:25:09 ::1 POST /Service1.svc - 49474 - ::1 - - 200 0 0 66
2018-07-20 07:25:09 ::1 POST /Service1.svc - 49474 - ::1 - - 200 0 0 762
2018-07-20 07:25:10 ::1 POST /Service1.svc - 49474 - ::1 - - 200 0 0 197
2018-07-20 07:25:10 ::1 POST /Service1.svc - 49474 - ::1 - - 200 0 0 111
2018-07-20 07:25:12 ::1 POST /Service1.svc - 49474 - ::1 - - 200 0 0 367
2018-07-20 07:25:12 ::1 POST /Service1.svc - 49474 - ::1 - - 200 0 0 257
2018-07-20 07:25:12 ::1 POST /Service1.svc - 49474 - ::1 - - 200 0 0 287
2018-07-20 07:25:12 ::1 POST /Service1.svc - 49474 - ::1 - - 200 0 0 402
2018-07-20 07:25:12 ::1 POST /Service1.svc - 49474 - ::1 - - 200 0 0 30
2018-07-20 07:25:13 ::1 POST /Service1.svc - 49474 - ::1 - - 200 0 0 157
2018-07-20 07:25:13 ::1 POST /Service1.svc - 49474 - ::1 - - 200 0 0 35
2018-07-20 07:25:13 ::1 POST /Service1.svc - 49474 - ::1 - - 200 0 0 155
2018-07-20 07:25:13 ::1 POST /Service1.svc - 49474 - ::1 - - 200 0 0 149
2018-07-20 07:25:13 ::1 POST /Service1.svc - 49474 - ::1 - - 200 0 0 26
2018-07-20 07:25:13 ::1 POST /Service1.svc - 49474 - ::1 - - 200 0 0 44
2018-07-20 07:25:24 ::1 POST /Service1.svc - 49474 - ::1 - - 200 0 0 479
2018-07-20 07:25:24 ::1 POST /Service1.svc - 49474 - ::1 - - 200 0 0 404
2018-07-20 07:25:24 ::1 POST /Service1.svc - 49474 - ::1 - - 200 0 0 223
2018-07-20 07:25:29 ::1 POST /Service1.svc - 49474 - ::1 - - 200 0 0 242
2018-07-20 07:25:29 ::1 POST /Service1.svc - 49474 - ::1 - - 200 0 0 30
2018-07-20 07:25:29 ::1 POST /Service1.svc - 49474 - ::1 - - 200 0 0 98
2018-07-20 07:25:31 ::1 POST /Service1.svc - 49474 - ::1 - - 200 0 0 78
2018-07-20 07:25:31 ::1 POST /Service1.svc - 49474 - ::1 - - 200 0 0 107
2018-07-20 07:25:31 ::1 POST /Service1.svc - 49474 - ::1 - - 200 0 0 68
2018-07-20 07:25:34 ::1 POST /Service1.svc - 49474 - ::1 - - 200 0 0 129
2018-07-20 07:26:27 ::1 POST /Service1.svc - 49474 - ::1 - - 200 0 0 156
2018-07-20 07:26:27 ::1 POST /Service1.svc - 49474 - ::1 - - 200 0 0 72
2018-07-20 07:26:27 ::1 POST /Service1.svc - 49474 - ::1 - - 200 0 0 50
2018-07-20 07:26:27 ::1 POST /Service1.svc - 49474 - ::1 - - 200 0 0 27
2018-07-20 07:26:29 ::1 POST /Service1.svc - 49474 - ::1 - - 200 0 0 33
2018-07-20 07:26:29 ::1 POST /Service1.svc - 49474 - ::1 - - 200 0 0 77
2018-07-20 07:26:29 ::1 POST /Service1.svc - 49474 - ::1 - - 200 0 0 39
2018-07-20 07:26:29 ::1 POST /Service1.svc - 49474 - ::1 - - 200 0 0 60
#Software: Microsoft Internet Information Services 10.0
#Version: 1.0
#Date: 2018-07-20 07:45:25
#Fields: date time s-ip cs-method cs-uri-stem cs-uri-query s-port cs-username c-ip cs(User-Agent) cs(Referer) sc-status sc-substatus sc-win32-status time-taken
2018-07-20 07:45:25 ::1 POST /Service1.svc - 49474 - ::1 - - 200 0 0 546
2018-07-20 07:45:25 ::1 POST /Service1.svc - 49474 - ::1 - - 200 0 0 165
2018-07-20 07:45:25 ::1 POST /Service1.svc - 49474 - ::1 - - 200 0 0 238
2018-07-20 07:45:27 ::1 POST /Service1.svc - 49474 - ::1 - - 200 0 0 900
2018-07-20 07:45:31 ::1 POST /Service1.svc - 49474 - ::1 - - 200 0 0 120
2018-07-20 07:45:31 ::1 POST /Service1.svc - 49474 - ::1 - - 200 0 0 39
2018-07-20 07:45:31 ::1 POST /Service1.svc - 49474 - ::1 - - 200 0 0 52
2018-07-20 07:45:31 ::1 POST /Service1.svc - 49474 - ::1 - - 200 0 0 103
2018-07-20 07:45:33 ::1 POST /Service1.svc - 49474 - ::1 - - 200 0 0 115
2018-07-20 07:45:33 ::1 POST /Service1.svc - 49474 - ::1 - - 200 0 0 76
2018-07-20 07:45:33 ::1 POST /Service1.svc - 49474 - ::1 - - 200 0 0 37
2018-07-20 07:45:33 ::1 POST /Service1.svc - 49474 - ::1 - - 200 0 0 169
2018-07-20 07:45:33 ::1 POST /Service1.svc - 49474 - ::1 - - 200 0 0 39
2018-07-20 07:45:33 ::1 POST /Service1.svc - 49474 - ::1 - - 200 0 0 55
2018-07-20 07:45:33 ::1 POST /Service1.svc - 49474 - ::1 - - 200 0 0 136
2018-07-20 07:45:33 ::1 POST /Service1.svc - 49474 - ::1 - - 200 0 0 83
2018-07-20 07:45:34 ::1 POST /Service1.svc - 49474 - ::1 - - 200 0 0 539
2018-07-20 07:45:34 ::1 POST /Service1.svc - 49474 - ::1 - - 200 0 0 126
2018-07-20 07:45:34 ::1 POST /Service1.svc - 49474 - ::1 - - 200 0 0 106
2018-07-20 07:45:39 ::1 POST /Service1.svc - 49474 - ::1 - - 200 0 0 129
2018-07-20 07:45:39 ::1 POST /Service1.svc - 49474 - ::1 - - 200 0 0 135
2018-07-20 07:45:39 ::1 POST /Service1.svc - 49474 - ::1 - - 200 0 0 353
2018-07-20 07:45:41 ::1 POST /Service1.svc - 49474 - ::1 - - 200 0 0 760
2018-07-20 07:45:41 ::1 POST /Service1.svc - 49474 - ::1 - - 200 0 0 102
2018-07-20 07:45:41 ::1 POST /Service1.svc - 49474 - ::1 - - 200 0 0 567
2018-07-20 07:45:41 ::1 POST /Service1.svc - 49474 - ::1 - - 200 0 0 52
2018-07-20 07:45:42 ::1 POST /Service1.svc - 49474 - ::1 - - 200 0 0 326
2018-07-20 07:45:42 ::1 POST /Service1.svc - 49474 - ::1 - - 200 0 0 135
2018-07-20 07:45:42 ::1 POST /Service1.svc - 49474 - ::1 - - 200 0 0 541
2018-07-20 07:45:48 ::1 POST /Service1.svc - 49474 - ::1 - - 200 0 0 89
2018-07-20 07:45:48 ::1 POST /Service1.svc - 49474 - ::1 - - 200 0 0 99
2018-07-20 07:45:48 ::1 POST /Service1.svc - 49474 - ::1 - - 200 0 0 71
2018-07-20 07:45:49 ::1 POST /Service1.svc - 49474 - ::1 - - 200 0 0 66
2018-07-20 07:45:49 ::1 POST /Service1.svc - 49474 - ::1 - - 200 0 0 91
2018-07-20 07:45:49 ::1 POST /Service1.svc - 49474 - ::1 - - 200 0 0 126
2018-07-20 07:45:51 ::1 POST /Service1.svc - 49474 - ::1 - - 200 0 0 288
2018-07-20 07:46:01 ::1 POST /Service1.svc - 49474 - ::1 - - 200 0 0 705
2018-07-20 07:46:01 ::1 POST /Service1.svc - 49474 - ::1 - - 200 0 0 907
2018-07-20 07:46:46 ::1 POST /Service1.svc - 49474 - ::1 - - 200 0 0 305
2018-07-20 07:46:46 ::1 POST /Service1.svc - 49474 - ::1 - - 200 0 0 46
2018-07-20 07:46:46 ::1 POST /Service1.svc - 49474 - ::1 - - 200 0 0 265
2018-07-20 07:46:46 ::1 POST /Service1.svc - 49474 - ::1 - - 200 0 0 140
2018-07-20 07:46:48 ::1 POST /Service1.svc - 49474 - ::1 - - 200 0 0 148
2018-07-20 07:46:48 ::1 POST /Service1.svc - 49474 - ::1 - - 200 0 0 131
2018-07-20 07:46:48 ::1 POST /Service1.svc - 49474 - ::1 - - 200 0 0 20
2018-07-20 07:46:48 ::1 POST /Service1.svc - 49474 - ::1 - - 200 0 0 188
2018-07-20 07:51:48 ::1 POST /Service1.svc - 49474 - ::1 - - 200 0 0 144
2018-07-20 07:51:49 ::1 POST /Service1.svc - 49474 - ::1 - - 200 0 0 496
2018-07-20 07:51:49 ::1 POST /Service1.svc - 49474 - ::1 - - 200 0 0 29
2018-07-20 07:51:50 ::1 POST /Service1.svc - 49474 - ::1 - - 200 0 0 936
2018-07-20 07:55:45 ::1 POST /Service1.svc - 49474 - ::1 - - 200 0 0 84
2018-07-20 07:55:45 ::1 POST /Service1.svc - 49474 - ::1 - - 200 0 0 119
2018-07-20 07:55:45 ::1 POST /Service1.svc - 49474 - ::1 - - 200 0 0 80
2018-07-20 07:55:45 ::1 POST /Service1.svc - 49474 - ::1 - - 200 0 0 255
2018-07-20 07:55:49 ::1 POST /Service1.svc - 49474 - ::1 - - 200 0 0 18
2018-07-20 07:55:49 ::1 POST /Service1.svc - 49474 - ::1 - - 200 0 0 66
2018-07-20 07:55:49 ::1 POST /Service1.svc - 49474 - ::1 - - 200 0 0 25
2018-07-20 07:55:49 ::1 POST /Service1.svc - 49474 - ::1 - - 200 0 0 279
2018-07-20 07:55:49 ::1 POST /Service1.svc - 49474 - ::1 - - 200 0 0 290
2018-07-20 07:55:50 ::1 POST /Service1.svc - 49474 - ::1 - - 200 0 0 397
2018-07-20 07:55:50 ::1 POST /Service1.svc - 49474 - ::1 - - 200 0 0 349
2018-07-20 07:55:52 ::1 POST /Service1.svc - 49474 - ::1 - - 200 0 0 1107
2018-07-20 07:55:52 ::1 POST /Service1.svc - 49474 - ::1 - - 200 0 0 208
2018-07-20 07:55:53 ::1 POST /Service1.svc - 49474 - ::1 - - 200 0 0 821
2018-07-20 07:55:53 ::1 POST /Service1.svc - 49474 - ::1 - - 200 0 0 475
2018-07-20 07:56:07 ::1 POST /Service1.svc - 49474 - ::1 - - 200 0 0 165
2018-07-20 07:56:07 ::1 POST /Service1.svc - 49474 - ::1 - - 200 0 0 109
2018-07-20 07:56:08 ::1 POST /Service1.svc - 49474 - ::1 - - 200 0 0 430
2018-07-20 07:56:08 ::1 POST /Service1.svc - 49474 - ::1 - - 200 0 0 242
2018-07-20 07:56:08 ::1 POST /Service1.svc - 49474 - ::1 - - 200 0 0 103
2018-07-20 07:56:08 ::1 POST /Service1.svc - 49474 - ::1 - - 200 0 0 605
2018-07-20 07:56:09 ::1 POST /Service1.svc - 49474 - ::1 - - 200 0 0 103
2018-07-20 07:56:09 ::1 POST /Service1.svc - 49474 - ::1 - - 200 0 0 119
2018-07-20 07:56:09 ::1 POST /Service1.svc - 49474 - ::1 - - 200 0 0 97
2018-07-20 07:56:09 ::1 POST /Service1.svc - 49474 - ::1 - - 200 0 0 174
2018-07-20 07:56:13 ::1 POST /Service1.svc - 49474 - ::1 - - 200 0 0 286
2018-07-20 07:56:13 ::1 POST /Service1.svc - 49474 - ::1 - - 200 0 0 152
2018-07-20 07:56:13 ::1 POST /Service1.svc - 49474 - ::1 - - 200 0 0 141
2018-07-20 07:56:15 ::1 POST /Service1.svc - 49474 - ::1 - - 200 0 0 313
2018-07-20 07:56:15 ::1 POST /Service1.svc - 49474 - ::1 - - 200 0 0 444
2018-07-20 07:56:15 ::1 POST /Service1.svc - 49474 - ::1 - - 200 0 0 60
2018-07-20 07:56:17 ::1 POST /Service1.svc - 49474 - ::1 - - 200 0 0 30
2018-07-20 07:56:32 ::1 POST /Service1.svc - 49474 - ::1 - - 200 0 0 196
2018-07-20 07:56:32 ::1 POST /Service1.svc - 49474 - ::1 - - 200 0 0 207
2018-07-20 07:59:46 ::1 POST /Service1.svc - 49474 - ::1 - - 200 0 0 64
2018-07-20 08:00:34 ::1 POST /Service1.svc - 49474 - ::1 - - 200 0 0 116
2018-07-20 08:00:34 ::1 POST /Service1.svc - 49474 - ::1 - - 200 0 0 83
2018-07-20 08:00:34 ::1 POST /Service1.svc - 49474 - ::1 - - 200 0 0 17
2018-07-20 08:00:34 ::1 POST /Service1.svc - 49474 - ::1 - - 200 0 0 29
2018-07-20 08:00:38 ::1 POST /Service1.svc - 49474 - ::1 - - 200 0 0 18
2018-07-20 08:00:38 ::1 POST /Service1.svc - 49474 - ::1 - - 200 0 0 27
2018-07-20 08:00:38 ::1 POST /Service1.svc - 49474 - ::1 - - 200 0 0 19
2018-07-20 08:00:38 ::1 POST /Service1.svc - 49474 - ::1 - - 200 0 0 155
#Software: Microsoft Internet Information Services 10.0
#Version: 1.0
#Date: 2018-07-20 09:28:16
#Fields: date time s-ip cs-method cs-uri-stem cs-uri-query s-port cs-username c-ip cs(User-Agent) cs(Referer) sc-status sc-substatus sc-win32-status time-taken
2018-07-20 09:28:16 ::1 POST /Service1.svc - 49474 - ::1 - - 200 0 0 2083
2018-07-20 09:28:17 ::1 POST /Service1.svc - 49474 - ::1 - - 200 0 0 148
2018-07-20 09:28:17 ::1 POST /Service1.svc - 49474 - ::1 - - 200 0 0 169
2018-07-20 09:28:17 ::1 POST /Service1.svc - 49474 - ::1 - - 200 0 0 128
2018-07-20 09:28:23 ::1 POST /Service1.svc - 49474 - ::1 - - 200 0 0 110
2018-07-20 09:28:23 ::1 POST /Service1.svc - 49474 - ::1 - - 200 0 0 37
2018-07-20 09:28:23 ::1 POST /Service1.svc - 49474 - ::1 - - 200 0 0 72
2018-07-20 09:28:23 ::1 POST /Service1.svc - 49474 - ::1 - - 200 0 0 135
2018-07-20 09:28:38 ::1 POST /Service1.svc - 49474 - ::1 - - 200 0 0 26
2018-07-20 09:28:38 ::1 POST /Service1.svc - 49474 - ::1 - - 200 0 0 27
2018-07-20 09:28:38 ::1 POST /Service1.svc - 49474 - ::1 - - 200 0 0 26
2018-07-20 09:28:38 ::1 POST /Service1.svc - 49474 - ::1 - - 200 0 0 53
2018-07-20 09:28:38 ::1 POST /Service1.svc - 49474 - ::1 - - 200 0 0 51
2018-07-20 09:28:38 ::1 POST /Service1.svc - 49474 - ::1 - - 200 0 0 57
2018-07-20 09:28:38 ::1 POST /Service1.svc - 49474 - ::1 - - 200 0 0 88
2018-07-20 09:28:38 ::1 POST /Service1.svc - 49474 - ::1 - - 200 0 0 107
2018-07-20 09:28:38 ::1 POST /Service1.svc - 49474 - ::1 - - 200 0 0 138
2018-07-20 09:28:39 ::1 POST /Service1.svc - 49474 - ::1 - - 200 0 0 540
2018-07-20 09:28:39 ::1 POST /Service1.svc - 49474 - ::1 - - 200 0 0 40
2018-07-20 09:28:39 ::1 POST /Service1.svc - 49474 - ::1 - - 200 0 0 140
2018-07-20 09:28:46 ::1 POST /Service1.svc - 49474 - ::1 - - 200 0 0 148
2018-07-20 09:28:46 ::1 POST /Service1.svc - 49474 - ::1 - - 200 0 0 192
2018-07-20 09:28:46 ::1 POST /Service1.svc - 49474 - ::1 - - 200 0 0 59
2018-07-20 09:28:46 ::1 POST /Service1.svc - 49474 - ::1 - - 200 0 0 47
2018-07-20 09:28:46 ::1 POST /Service1.svc - 49474 - ::1 - - 200 0 0 48
2018-07-20 09:28:48 ::1 POST /Service1.svc - 49474 - ::1 - - 200 0 0 231
2018-07-20 09:28:48 ::1 POST /Service1.svc - 49474 - ::1 - - 200 0 0 77
2018-07-20 09:28:48 ::1 POST /Service1.svc - 49474 - ::1 - - 200 0 0 143
2018-07-20 09:28:48 ::1 POST /Service1.svc - 49474 - ::1 - - 200 0 0 55
2018-07-20 09:28:48 ::1 POST /Service1.svc - 49474 - ::1 - - 200 0 0 73
2018-07-20 09:28:50 ::1 POST /Service1.svc - 49474 - ::1 - - 200 0 0 68
2018-07-20 09:28:50 ::1 POST /Service1.svc - 49474 - ::1 - - 200 0 0 15
2018-07-20 09:28:50 ::1 POST /Service1.svc - 49474 - ::1 - - 200 0 0 38
2018-07-20 09:28:52 ::1 POST /Service1.svc - 49474 - ::1 - - 200 0 0 48
2018-07-20 09:28:52 ::1 POST /Service1.svc - 49474 - ::1 - - 200 0 0 36
2018-07-20 09:28:52 ::1 POST /Service1.svc - 49474 - ::1 - - 200 0 0 18
2018-07-20 09:28:53 ::1 POST /Service1.svc - 49474 - ::1 - - 200 0 0 40
2018-07-20 09:30:05 ::1 POST /Service1.svc - 49474 - ::1 - - 200 0 0 50
2018-07-20 09:30:05 ::1 POST /Service1.svc - 49474 - ::1 - - 200 0 0 29
2018-07-20 09:30:05 ::1 POST /Service1.svc - 49474 - ::1 - - 200 0 0 23
2018-07-20 09:30:05 ::1 POST /Service1.svc - 49474 - ::1 - - 200 0 0 33
2018-07-20 09:30:05 ::1 POST /Service1.svc - 49474 - ::1 - - 200 0 0 27
2018-07-20 09:30:05 ::1 POST /Service1.svc - 49474 - ::1 - - 200 0 0 194
2018-07-20 09:30:05 ::1 POST /Service1.svc - 49474 - ::1 - - 200 0 0 17
2018-07-20 09:30:05 ::1 POST /Service1.svc - 49474 - ::1 - - 200 0 0 70
2018-07-20 09:32:28 ::1 POST /Service1.svc - 49474 - ::1 - - 200 0 0 67
2018-07-20 09:32:29 ::1 POST /Service1.svc - 49474 - ::1 - - 200 0 0 683
2018-07-20 09:32:29 ::1 POST /Service1.svc - 49474 - ::1 - - 200 0 0 259
2018-07-20 09:32:30 ::1 POST /Service1.svc - 49474 - ::1 - - 200 0 0 403
2018-07-20 09:32:52 ::1 POST /Service1.svc - 49474 - ::1 - - 200 0 0 856
2018-07-20 09:32:52 ::1 POST /Service1.svc - 49474 - ::1 - - 200 0 0 181
2018-07-20 09:32:52 ::1 POST /Service1.svc - 49474 - ::1 - - 200 0 0 25
2018-07-20 09:32:52 ::1 POST /Service1.svc - 49474 - ::1 - - 200 0 0 24
2018-07-20 09:33:04 ::1 POST /Service1.svc - 49474 - ::1 - - 200 0 0 147
2018-07-20 09:33:04 ::1 POST /Service1.svc - 49474 - ::1 - - 200 0 0 308
2018-07-20 09:33:04 ::1 POST /Service1.svc - 49474 - ::1 - - 200 0 0 524
2018-07-20 09:33:05 ::1 POST /Service1.svc - 49474 - ::1 - - 200 0 0 345
2018-07-20 09:33:05 ::1 POST /Service1.svc - 49474 - ::1 - - 200 0 0 572
2018-07-20 09:33:05 ::1 POST /Service1.svc - 49474 - ::1 - - 200 0 0 257
2018-07-20 09:33:05 ::1 POST /Service1.svc - 49474 - ::1 - - 200 0 0 96
2018-07-20 09:33:07 ::1 POST /Service1.svc - 49474 - ::1 - - 200 0 0 818
2018-07-20 09:33:09 ::1 POST /Service1.svc - 49474 - ::1 - - 200 0 0 1233
2018-07-20 09:33:09 ::1 POST /Service1.svc - 49474 - ::1 - - 200 0 0 874
2018-07-20 09:33:10 ::1 POST /Service1.svc - 49474 - ::1 - - 200 0 0 786
2018-07-20 09:33:10 ::1 POST /Service1.svc - 49474 - ::1 - - 200 0 0 661
2018-07-20 09:37:48 ::1 POST /Service1.svc - 49474 - ::1 - - 200 0 0 294
2018-07-20 09:37:48 ::1 POST /Service1.svc - 49474 - ::1 - - 200 0 0 92
2018-07-20 09:37:48 ::1 POST /Service1.svc - 49474 - ::1 - - 200 0 0 80
2018-07-20 09:37:48 ::1 POST /Service1.svc - 49474 - ::1 - - 200 0 0 72
2018-07-20 09:37:51 ::1 POST /Service1.svc - 49474 - ::1 - - 200 0 0 17
2018-07-20 09:37:51 ::1 POST /Service1.svc - 49474 - ::1 - - 200 0 0 116
2018-07-20 09:37:51 ::1 POST /Service1.svc - 49474 - ::1 - - 200 0 0 53
2018-07-20 09:37:51 ::1 POST /Service1.svc - 49474 - ::1 - - 200 0 0 68
2018-07-20 09:37:54 ::1 POST /Service1.svc - 49474 - ::1 - - 200 0 0 187
2018-07-20 09:37:54 ::1 POST /Service1.svc - 49474 - ::1 - - 200 0 0 33
2018-07-20 09:37:54 ::1 POST /Service1.svc - 49474 - ::1 - - 200 0 0 80
2018-07-20 09:37:54 ::1 POST /Service1.svc - 49474 - ::1 - - 200 0 0 179
2018-07-20 09:37:54 ::1 POST /Service1.svc - 49474 - ::1 - - 200 0 0 123
2018-07-20 09:37:54 ::1 POST /Service1.svc - 49474 - ::1 - - 200 0 0 117
2018-07-20 09:37:54 ::1 POST /Service1.svc - 49474 - ::1 - - 200 0 0 54
2018-07-20 09:37:54 ::1 POST /Service1.svc - 49474 - ::1 - - 200 0 0 84
2018-07-20 09:37:55 ::1 POST /Service1.svc - 49474 - ::1 - - 200 0 0 629
2018-07-20 09:37:55 ::1 POST /Service1.svc - 49474 - ::1 - - 200 0 0 15
2018-07-20 09:37:55 ::1 POST /Service1.svc - 49474 - ::1 - - 200 0 0 18
2018-07-20 09:37:55 ::1 POST /Service1.svc - 49474 - ::1 - - 200 0 0 35
2018-07-20 09:41:17 ::1 POST /Service1.svc - 49474 - ::1 - - 200 0 0 585
2018-07-20 09:41:17 ::1 POST /Service1.svc - 49474 - ::1 - - 200 0 0 166
2018-07-20 09:41:19 ::1 POST /Service1.svc - 49474 - ::1 - - 200 0 0 996
2018-07-20 09:41:20 ::1 POST /Service1.svc - 49474 - ::1 - - 200 0 0 1125
2018-07-20 09:41:23 ::1 POST /Service1.svc - 49474 - ::1 - - 200 0 0 515
2018-07-20 09:41:23 ::1 POST /Service1.svc - 49474 - ::1 - - 200 0 0 717
2018-07-20 09:41:24 ::1 POST /Service1.svc - 49474 - ::1 - - 200 0 0 285
2018-07-20 09:41:24 ::1 POST /Service1.svc - 49474 - ::1 - - 200 0 0 521
2018-07-20 09:41:27 ::1 POST /Service1.svc - 49474 - ::1 - - 200 0 0 297
2018-07-20 09:41:27 ::1 POST /Service1.svc - 49474 - ::1 - - 200 0 0 52
2018-07-20 09:41:27 ::1 POST /Service1.svc - 49474 - ::1 - - 200 0 0 58
2018-07-20 09:41:27 ::1 POST /Service1.svc - 49474 - ::1 - - 200 0 0 102
2018-07-20 09:41:27 ::1 POST /Service1.svc - 49474 - ::1 - - 200 0 0 29
2018-07-20 09:41:27 ::1 POST /Service1.svc - 49474 - ::1 - - 200 0 0 55
2018-07-20 09:41:27 ::1 POST /Service1.svc - 49474 - ::1 - - 200 0 0 619
2018-07-20 09:41:29 ::1 POST /Service1.svc - 49474 - ::1 - - 200 0 0 278
2018-07-20 09:41:29 ::1 POST /Service1.svc - 49474 - ::1 - - 200 0 0 424
2018-07-20 09:41:30 ::1 POST /Service1.svc - 49474 - ::1 - - 200 0 0 572
2018-07-20 09:41:30 ::1 POST /Service1.svc - 49474 - ::1 - - 200 0 0 81
2018-07-20 09:41:30 ::1 POST /Service1.svc - 49474 - ::1 - - 200 0 0 234
2018-07-20 09:43:48 ::1 POST /Service1.svc - 49474 - ::1 - - 200 0 0 70
2018-07-20 09:43:55 ::1 POST /Service1.svc - 49474 - ::1 - - 200 0 0 266
2018-07-20 09:43:55 ::1 POST /Service1.svc - 49474 - ::1 - - 200 0 0 160
2018-07-20 09:44:31 ::1 POST /Service1.svc - 49474 - ::1 - - 200 0 0 47
2018-07-20 09:44:31 ::1 POST /Service1.svc - 49474 - ::1 - - 200 0 0 32
2018-07-20 09:44:31 ::1 POST /Service1.svc - 49474 - ::1 - - 200 0 0 71
2018-07-20 09:44:31 ::1 POST /Service1.svc - 49474 - ::1 - - 200 0 0 93
2018-07-20 09:44:32 ::1 POST /Service1.svc - 49474 - ::1 - - 200 0 0 96
2018-07-20 09:44:32 ::1 POST /Service1.svc - 49474 - ::1 - - 200 0 0 30
2018-07-20 09:44:32 ::1 POST /Service1.svc - 49474 - ::1 - - 200 0 0 24
2018-07-20 09:44:32 ::1 POST /Service1.svc - 49474 - ::1 - - 200 0 0 32
2018-07-20 09:44:35 ::1 POST /Service1.svc - 49474 - ::1 - - 200 0 0 15
2018-07-20 09:44:35 ::1 POST /Service1.svc - 49474 - ::1 - - 200 0 0 19
2018-07-20 09:44:35 ::1 POST /Service1.svc - 49474 - ::1 - - 200 0 0 22
2018-07-20 09:44:35 ::1 POST /Service1.svc - 49474 - ::1 - - 200 0 0 35
2018-07-20 09:44:35 ::1 POST /Service1.svc - 49474 - ::1 - - 200 0 0 175
2018-07-20 09:44:35 ::1 POST /Service1.svc - 49474 - ::1 - - 200 0 0 74
2018-07-20 09:44:35 ::1 POST /Service1.svc - 49474 - ::1 - - 200 0 0 91
2018-07-20 09:44:35 ::1 POST /Service1.svc - 49474 - ::1 - - 200 0 0 267
2018-07-20 09:44:36 ::1 POST /Service1.svc - 49474 - ::1 - - 200 0 0 215
2018-07-20 09:44:36 ::1 POST /Service1.svc - 49474 - ::1 - - 200 0 0 79
2018-07-20 09:44:36 ::1 POST /Service1.svc - 49474 - ::1 - - 200 0 0 97
2018-07-20 09:44:39 ::1 POST /Service1.svc - 49474 - ::1 - - 200 0 0 45
2018-07-20 09:44:39 ::1 POST /Service1.svc - 49474 - ::1 - - 200 0 0 121
2018-07-20 09:44:39 ::1 POST /Service1.svc - 49474 - ::1 - - 200 0 0 78
2018-07-20 09:44:39 ::1 POST /Service1.svc - 49474 - ::1 - - 200 0 0 139
2018-07-20 09:44:39 ::1 POST /Service1.svc - 49474 - ::1 - - 200 0 0 152
2018-07-20 09:44:39 ::1 POST /Service1.svc - 49474 - ::1 - - 200 0 0 198
2018-07-20 09:44:39 ::1 POST /Service1.svc - 49474 - ::1 - - 200 0 0 36
2018-07-20 09:44:40 ::1 POST /Service1.svc - 49474 - ::1 - - 200 0 0 31
2018-07-20 09:44:40 ::1 POST /Service1.svc - 49474 - ::1 - - 200 0 0 157
2018-07-20 09:49:12 ::1 POST /Service1.svc - 49474 - ::1 - - 200 0 0 342
2018-07-20 09:49:12 ::1 POST /Service1.svc - 49474 - ::1 - - 200 0 0 477
2018-07-20 09:49:12 ::1 POST /Service1.svc - 49474 - ::1 - - 200 0 0 139
2018-07-20 09:49:14 ::1 POST /Service1.svc - 49474 - ::1 - - 200 0 0 893
2018-07-20 09:49:21 ::1 POST /Service1.svc - 49474 - ::1 - - 200 0 0 53
2018-07-20 09:49:21 ::1 POST /Service1.svc - 49474 - ::1 - - 200 0 0 90
2018-07-20 09:49:21 ::1 POST /Service1.svc - 49474 - ::1 - - 200 0 0 46
2018-07-20 09:49:21 ::1 POST /Service1.svc - 49474 - ::1 - - 200 0 0 83
2018-07-20 09:49:26 ::1 POST /Service1.svc - 49474 - ::1 - - 200 0 0 183
2018-07-20 09:49:26 ::1 POST /Service1.svc - 49474 - ::1 - - 200 0 0 243
2018-07-20 09:49:27 ::1 POST /Service1.svc - 49474 - ::1 - - 200 0 0 1128
2018-07-20 09:49:27 ::1 POST /Service1.svc - 49474 - ::1 - - 200 0 0 511
2018-07-20 09:49:27 ::1 POST /Service1.svc - 49474 - ::1 - - 200 0 0 263
2018-07-20 09:49:29 ::1 POST /Service1.svc - 49474 - ::1 - - 200 0 0 838
2018-07-20 09:49:29 ::1 POST /Service1.svc - 49474 - ::1 - - 200 0 0 285
2018-07-20 09:49:29 ::1 POST /Service1.svc - 49474 - ::1 - - 200 0 0 55
2018-07-20 09:49:30 ::1 POST /Service1.svc - 49474 - ::1 - - 200 0 0 893
2018-07-20 09:49:32 ::1 POST /Service1.svc - 49474 - ::1 - - 200 0 0 1279
2018-07-20 09:49:32 ::1 POST /Service1.svc - 49474 - ::1 - - 200 0 0 481
2018-07-20 09:49:32 ::1 POST /Service1.svc - 49474 - ::1 - - 200 0 0 70
2018-07-20 09:50:08 ::1 POST /Service1.svc - 49474 - ::1 - - 200 0 0 280
2018-07-20 09:50:08 ::1 POST /Service1.svc - 49474 - ::1 - - 200 0 0 588
2018-07-20 09:50:08 ::1 POST /Service1.svc - 49474 - ::1 - - 200 0 0 109
2018-07-20 09:50:10 ::1 POST /Service1.svc - 49474 - ::1 - - 200 0 0 835
2018-07-20 09:50:10 ::1 POST /Service1.svc - 49474 - ::1 - - 200 0 0 289
2018-07-20 09:50:11 ::1 POST /Service1.svc - 49474 - ::1 - - 200 0 0 819
2018-07-20 09:50:11 ::1 POST /Service1.svc - 49474 - ::1 - - 200 0 0 927
2018-07-20 09:50:13 ::1 POST /Service1.svc - 49474 - ::1 - - 200 0 0 1555
2018-07-20 09:50:16 ::1 POST /Service1.svc - 49474 - ::1 - - 200 0 0 2121
2018-07-20 09:50:16 ::1 POST /Service1.svc - 49474 - ::1 - - 200 0 0 667
2018-07-20 10:05:15 ::1 POST /Service1.svc - 49474 - ::1 - - 200 0 0 605
2018-07-20 10:05:15 ::1 POST /Service1.svc - 49474 - ::1 - - 200 0 0 307
2018-07-20 10:05:17 ::1 POST /Service1.svc - 49474 - ::1 - - 200 0 0 1012
2018-07-20 10:05:17 ::1 POST /Service1.svc - 49474 - ::1 - - 200 0 0 316
2018-07-20 10:05:21 ::1 POST /Service1.svc - 49474 - ::1 - - 200 0 0 136
2018-07-20 10:05:21 ::1 POST /Service1.svc - 49474 - ::1 - - 200 0 0 184
2018-07-20 10:05:21 ::1 POST /Service1.svc - 49474 - ::1 - - 200 0 0 95
2018-07-20 10:05:21 ::1 POST /Service1.svc - 49474 - ::1 - - 200 0 0 485
2018-07-20 10:05:23 ::1 POST /Service1.svc - 49474 - ::1 - - 200 0 0 47
2018-07-20 10:05:23 ::1 POST /Service1.svc - 49474 - ::1 - - 200 0 0 793
2018-07-20 10:05:25 ::1 POST /Service1.svc - 49474 - ::1 - - 200 0 0 634
2018-07-20 10:05:25 ::1 POST /Service1.svc - 49474 - ::1 - - 200 0 0 599
2018-07-20 10:05:25 ::1 POST /Service1.svc - 49474 - ::1 - - 200 0 0 284
2018-07-20 10:05:25 ::1 POST /Service1.svc - 49474 - ::1 - - 200 0 0 115
2018-07-20 10:05:26 ::1 POST /Service1.svc - 49474 - ::1 - - 200 0 0 134
2018-07-20 10:05:26 ::1 POST /Service1.svc - 49474 - ::1 - - 200 0 0 64
2018-07-20 10:05:26 ::1 POST /Service1.svc - 49474 - ::1 - - 200 0 0 166
2018-07-20 10:05:26 ::1 POST /Service1.svc - 49474 - ::1 - - 200 0 0 207
2018-07-20 10:05:26 ::1 POST /Service1.svc - 49474 - ::1 - - 200 0 0 28
2018-07-20 10:05:27 ::1 POST /Service1.svc - 49474 - ::1 - - 200 0 0 240
2018-07-20 10:05:29 ::1 POST /Service1.svc - 49474 - ::1 - - 200 0 0 471
2018-07-20 10:05:29 ::1 POST /Service1.svc - 49474 - ::1 - - 200 0 0 102
2018-07-20 10:05:29 ::1 POST /Service1.svc - 49474 - ::1 - - 200 0 0 350
2018-07-20 10:05:30 ::1 POST /Service1.svc - 49474 - ::1 - - 200 0 0 836
2018-07-20 10:05:30 ::1 POST /Service1.svc - 49474 - ::1 - - 200 0 0 477
2018-07-20 10:05:30 ::1 POST /Service1.svc - 49474 - ::1 - - 200 0 0 168
2018-07-20 10:05:30 ::1 POST /Service1.svc - 49474 - ::1 - - 200 0 0 214
2018-07-20 10:05:32 ::1 POST /Service1.svc - 49474 - ::1 - - 200 0 0 98
2018-07-20 10:05:32 ::1 POST /Service1.svc - 49474 - ::1 - - 200 0 0 141
2018-07-20 10:05:32 ::1 POST /Service1.svc - 49474 - ::1 - - 200 0 0 99
#Software: Microsoft Internet Information Services 10.0
#Version: 1.0
#Date: 2018-07-20 10:28:38
#Fields: date time s-ip cs-method cs-uri-stem cs-uri-query s-port cs-username c-ip cs(User-Agent) cs(Referer) sc-status sc-substatus sc-win32-status time-taken
2018-07-20 10:28:38 ::1 POST /Service1.svc - 49474 - ::1 - - 415 0 0 11835
2018-07-20 10:28:38 ::1 POST /Service1.svc/mex - 49474 - ::1 - - 415 0 0 11
2018-07-20 10:28:43 ::1 GET /Service1.svc - 49474 - ::1 Mozilla/4.0+(compatible;+MSIE+6.0;+MS+Web+Services+Client+Protocol+4.0.30319.42000) - 200 0 0 4531
2018-07-20 10:28:43 ::1 GET /Service1.svc disco 49474 - ::1 Mozilla/4.0+(compatible;+MSIE+6.0;+MS+Web+Services+Client+Protocol+4.0.30319.42000) - 200 0 0 70
2018-07-20 10:28:43 ::1 GET /Service1.svc wsdl 49474 - ::1 Mozilla/4.0+(compatible;+MSIE+6.0;+MS+Web+Services+Client+Protocol+4.0.30319.42000) - 200 0 0 190
2018-07-20 10:28:44 ::1 GET /Service1.svc xsd=xsd0 49474 - ::1 Mozilla/4.0+(compatible;+MSIE+6.0;+MS+Web+Services+Client+Protocol+4.0.30319.42000) - 200 0 0 632
2018-07-20 10:28:44 ::1 GET /Service1.svc xsd=xsd2 49474 - ::1 Mozilla/4.0+(compatible;+MSIE+6.0;+MS+Web+Services+Client+Protocol+4.0.30319.42000) - 200 0 0 13
2018-07-20 10:28:44 ::1 GET /Service1.svc xsd=xsd3 49474 - ::1 Mozilla/4.0+(compatible;+MSIE+6.0;+MS+Web+Services+Client+Protocol+4.0.30319.42000) - 200 0 0 15
2018-07-20 10:28:44 ::1 GET /Service1.svc xsd=xsd1 49474 - ::1 Mozilla/4.0+(compatible;+MSIE+6.0;+MS+Web+Services+Client+Protocol+4.0.30319.42000) - 200 0 0 16
2018-07-20 10:29:12 ::1 GET /Service1.svc - 49474 - ::1 Mozilla/4.0+(compatible;+MSIE+6.0;+MS+Web+Services+Client+Protocol+4.0.30319.42000) - 200 0 0 285
2018-07-20 10:29:12 ::1 GET /Service1.svc disco 49474 - ::1 Mozilla/4.0+(compatible;+MSIE+6.0;+MS+Web+Services+Client+Protocol+4.0.30319.42000) - 200 0 0 155
2018-07-20 10:29:12 ::1 GET /Service1.svc/$metadata - 49474 - ::1 Mozilla/4.0+(compatible;+MSIE+6.0;+MS+Web+Services+Client+Protocol+4.0.30319.42000) - 400 0 0 517
2018-07-20 10:29:12 ::1 GET /Service1.svc wsdl 49474 - ::1 Mozilla/4.0+(compatible;+MSIE+6.0;+MS+Web+Services+Client+Protocol+4.0.30319.42000) - 200 0 0 33
2018-07-20 10:29:12 ::1 GET /Service1.svc xsd=xsd0 49474 - ::1 Mozilla/4.0+(compatible;+MSIE+6.0;+MS+Web+Services+Client+Protocol+4.0.30319.42000) - 200 0 0 9
2018-07-20 10:29:12 ::1 GET /Service1.svc xsd=xsd2 49474 - ::1 Mozilla/4.0+(compatible;+MSIE+6.0;+MS+Web+Services+Client+Protocol+4.0.30319.42000) - 200 0 0 14
2018-07-20 10:29:12 ::1 GET /Service1.svc xsd=xsd3 49474 - ::1 Mozilla/4.0+(compatible;+MSIE+6.0;+MS+Web+Services+Client+Protocol+4.0.30319.42000) - 200 0 0 5
2018-07-20 10:29:12 ::1 GET /Service1.svc xsd=xsd1 49474 - ::1 Mozilla/4.0+(compatible;+MSIE+6.0;+MS+Web+Services+Client+Protocol+4.0.30319.42000) - 200 0 0 5
2018-07-20 10:29:12 ::1 POST /Service1.svc/mex - 49474 - ::1 - - 415 0 0 30
2018-07-20 10:29:12 ::1 POST /Service1.svc - 49474 - ::1 - - 415 0 0 16
2018-07-20 10:30:37 ::1 GET /Service1.svc/$metadata - 49474 - ::1 Mozilla/4.0+(compatible;+MSIE+6.0;+MS+Web+Services+Client+Protocol+4.0.30319.42000) - 400 0 0 96
2018-07-20 10:30:37 ::1 GET /Service1.svc - 49474 - ::1 Mozilla/4.0+(compatible;+MSIE+6.0;+MS+Web+Services+Client+Protocol+4.0.30319.42000) - 200 0 0 108
2018-07-20 10:30:37 ::1 POST /Service1.svc - 49474 - ::1 - - 415 0 0 37
2018-07-20 10:30:37 ::1 POST /Service1.svc/mex - 49474 - ::1 - - 415 0 0 59
2018-07-20 10:30:37 ::1 GET /Service1.svc disco 49474 - ::1 Mozilla/4.0+(compatible;+MSIE+6.0;+MS+Web+Services+Client+Protocol+4.0.30319.42000) - 200 0 0 49
2018-07-20 10:30:37 ::1 GET /Service1.svc wsdl 49474 - ::1 Mozilla/4.0+(compatible;+MSIE+6.0;+MS+Web+Services+Client+Protocol+4.0.30319.42000) - 200 0 0 24
2018-07-20 10:30:37 ::1 GET /Service1.svc xsd=xsd0 49474 - ::1 Mozilla/4.0+(compatible;+MSIE+6.0;+MS+Web+Services+Client+Protocol+4.0.30319.42000) - 200 0 0 12
2018-07-20 10:30:37 ::1 GET /Service1.svc xsd=xsd2 49474 - ::1 Mozilla/4.0+(compatible;+MSIE+6.0;+MS+Web+Services+Client+Protocol+4.0.30319.42000) - 200 0 0 17
2018-07-20 10:30:37 ::1 GET /Service1.svc xsd=xsd3 49474 - ::1 Mozilla/4.0+(compatible;+MSIE+6.0;+MS+Web+Services+Client+Protocol+4.0.30319.42000) - 200 0 0 25
2018-07-20 10:30:37 ::1 GET /Service1.svc xsd=xsd1 49474 - ::1 Mozilla/4.0+(compatible;+MSIE+6.0;+MS+Web+Services+Client+Protocol+4.0.30319.42000) - 200 0 0 156
2018-07-20 10:34:06 ::1 POST /Service1.svc - 49474 - ::1 - - 200 0 0 1487
2018-07-20 10:34:06 ::1 POST /Service1.svc - 49474 - ::1 - - 200 0 0 122
2018-07-20 10:34:06 ::1 POST /Service1.svc - 49474 - ::1 - - 200 0 0 65
2018-07-20 10:34:06 ::1 POST /Service1.svc - 49474 - ::1 - - 200 0 0 132
2018-07-20 10:34:10 ::1 POST /Service1.svc - 49474 - ::1 - - 200 0 0 19
2018-07-20 10:34:10 ::1 POST /Service1.svc - 49474 - ::1 - - 200 0 0 42
2018-07-20 10:34:10 ::1 POST /Service1.svc - 49474 - ::1 - - 200 0 0 19
2018-07-20 10:34:10 ::1 POST /Service1.svc - 49474 - ::1 - - 200 0 0 22
2018-07-20 10:34:14 ::1 POST /Service1.svc - 49474 - ::1 - - 200 0 0 42
2018-07-20 10:34:14 ::1 POST /Service1.svc - 49474 - ::1 - - 200 0 0 217
2018-07-20 10:34:14 ::1 POST /Service1.svc - 49474 - ::1 - - 200 0 0 142
2018-07-20 10:34:14 ::1 POST /Service1.svc - 49474 - ::1 - - 200 0 0 138
2018-07-20 10:34:14 ::1 POST /Service1.svc - 49474 - ::1 - - 200 0 0 68
2018-07-20 10:34:14 ::1 POST /Service1.svc - 49474 - ::1 - - 200 0 0 33
2018-07-20 10:34:14 ::1 POST /Service1.svc - 49474 - ::1 - - 200 0 0 198
2018-07-20 10:34:14 ::1 POST /Service1.svc - 49474 - ::1 - - 200 0 0 53
2018-07-20 10:34:15 ::1 POST /Service1.svc - 49474 - ::1 - - 200 0 0 70
2018-07-20 10:34:15 ::1 POST /Service1.svc - 49474 - ::1 - - 200 0 0 94
2018-07-20 10:34:15 ::1 POST /Service1.svc - 49474 - ::1 - - 200 0 0 81
2018-07-20 10:34:15 ::1 POST /Service1.svc - 49474 - ::1 - - 200 0 0 174
2018-07-20 10:34:20 ::1 POST /Service1.svc - 49474 - ::1 - - 200 0 0 145
2018-07-20 10:34:20 ::1 POST /Service1.svc - 49474 - ::1 - - 200 0 0 20
2018-07-20 10:34:20 ::1 POST /Service1.svc - 49474 - ::1 - - 200 0 0 58
2018-07-20 10:34:20 ::1 POST /Service1.svc - 49474 - ::1 - - 200 0 0 104
2018-07-20 10:34:20 ::1 POST /Service1.svc - 49474 - ::1 - - 200 0 0 153
2018-07-20 10:34:21 ::1 POST /Service1.svc - 49474 - ::1 - - 200 0 0 171
2018-07-20 10:34:21 ::1 POST /Service1.svc - 49474 - ::1 - - 200 0 0 76
2018-07-20 10:34:21 ::1 POST /Service1.svc - 49474 - ::1 - - 200 0 0 67
2018-07-20 10:34:21 ::1 POST /Service1.svc - 49474 - ::1 - - 200 0 0 92
2018-07-20 10:34:21 ::1 POST /Service1.svc - 49474 - ::1 - - 200 0 0 44
2018-07-20 10:35:11 ::1 POST /Service1.svc - 49474 - ::1 - - 200 0 0 98
2018-07-20 10:35:11 ::1 POST /Service1.svc - 49474 - ::1 - - 200 0 0 52
2018-07-20 10:35:11 ::1 POST /Service1.svc - 49474 - ::1 - - 200 0 0 41
2018-07-20 10:35:11 ::1 POST /Service1.svc - 49474 - ::1 - - 200 0 0 26
2018-07-20 10:35:12 ::1 POST /Service1.svc - 49474 - ::1 - - 200 0 0 21
2018-07-20 10:35:12 ::1 POST /Service1.svc - 49474 - ::1 - - 200 0 0 112
2018-07-20 10:35:12 ::1 POST /Service1.svc - 49474 - ::1 - - 200 0 0 53
2018-07-20 10:35:12 ::1 POST /Service1.svc - 49474 - ::1 - - 200 0 0 72
2018-07-20 10:35:15 ::1 POST /Service1.svc - 49474 - ::1 - - 200 0 0 95
2018-07-20 10:35:15 ::1 POST /Service1.svc - 49474 - ::1 - - 200 0 0 36
2018-07-20 10:35:15 ::1 POST /Service1.svc - 49474 - ::1 - - 200 0 0 38
2018-07-20 10:35:15 ::1 POST /Service1.svc - 49474 - ::1 - - 200 0 0 33
2018-07-20 10:35:15 ::1 POST /Service1.svc - 49474 - ::1 - - 200 0 0 97
2018-07-20 10:35:15 ::1 POST /Service1.svc - 49474 - ::1 - - 200 0 0 22
2018-07-20 10:35:15 ::1 POST /Service1.svc - 49474 - ::1 - - 200 0 0 82
2018-07-20 10:35:15 ::1 POST /Service1.svc - 49474 - ::1 - - 200 0 0 159
2018-07-20 10:35:15 ::1 POST /Service1.svc - 49474 - ::1 - - 200 0 0 133
2018-07-20 10:35:15 ::1 POST /Service1.svc - 49474 - ::1 - - 200 0 0 71
2018-07-20 10:35:15 ::1 POST /Service1.svc - 49474 - ::1 - - 200 0 0 91
2018-07-20 10:35:19 ::1 POST /Service1.svc - 49474 - ::1 - - 200 0 0 26
2018-07-20 10:35:19 ::1 POST /Service1.svc - 49474 - ::1 - - 200 0 0 46
2018-07-20 10:35:19 ::1 POST /Service1.svc - 49474 - ::1 - - 200 0 0 31
2018-07-20 10:35:19 ::1 POST /Service1.svc - 49474 - ::1 - - 200 0 0 62
2018-07-20 10:35:19 ::1 POST /Service1.svc - 49474 - ::1 - - 200 0 0 167
2018-07-20 10:35:19 ::1 POST /Service1.svc - 49474 - ::1 - - 200 0 0 115
2018-07-20 10:35:19 ::1 POST /Service1.svc - 49474 - ::1 - - 200 0 0 42
2018-07-20 10:35:19 ::1 POST /Service1.svc - 49474 - ::1 - - 200 0 0 116
2018-07-20 10:35:19 ::1 POST /Service1.svc - 49474 - ::1 - - 200 0 0 41
2018-07-20 10:35:26 ::1 POST /Service1.svc - 49474 - ::1 - - 200 0 0 25
2018-07-20 10:35:26 ::1 POST /Service1.svc - 49474 - ::1 - - 200 0 0 26
2018-07-20 10:35:26 ::1 POST /Service1.svc - 49474 - ::1 - - 200 0 0 22
2018-07-20 10:35:26 ::1 POST /Service1.svc - 49474 - ::1 - - 200 0 0 82
2018-07-20 10:35:28 ::1 POST /Service1.svc - 49474 - ::1 - - 200 0 0 195
2018-07-20 10:35:28 ::1 POST /Service1.svc - 49474 - ::1 - - 200 0 0 48
2018-07-20 10:35:28 ::1 POST /Service1.svc - 49474 - ::1 - - 200 0 0 24
2018-07-20 10:35:28 ::1 POST /Service1.svc - 49474 - ::1 - - 200 0 0 64
2018-07-20 10:40:57 ::1 POST /Service1.svc - 49474 - ::1 - - 200 0 0 102
2018-07-20 10:40:57 ::1 POST /Service1.svc - 49474 - ::1 - - 200 0 0 53
2018-07-20 10:40:57 ::1 POST /Service1.svc - 49474 - ::1 - - 200 0 0 38
2018-07-20 10:40:57 ::1 POST /Service1.svc - 49474 - ::1 - - 200 0 0 170
2018-07-20 10:41:01 ::1 POST /Service1.svc - 49474 - ::1 - - 200 0 0 28
2018-07-20 10:41:01 ::1 POST /Service1.svc - 49474 - ::1 - - 200 0 0 26
2018-07-20 10:41:01 ::1 POST /Service1.svc - 49474 - ::1 - - 200 0 0 23
2018-07-20 10:41:01 ::1 POST /Service1.svc - 49474 - ::1 - - 200 0 0 40
2018-07-20 10:41:03 ::1 POST /Service1.svc - 49474 - ::1 - - 200 0 0 35
2018-07-20 10:41:03 ::1 POST /Service1.svc - 49474 - ::1 - - 200 0 0 66
2018-07-20 10:41:03 ::1 POST /Service1.svc - 49474 - ::1 - - 200 0 0 19
2018-07-20 10:41:03 ::1 POST /Service1.svc - 49474 - ::1 - - 200 0 0 36
2018-07-20 10:41:03 ::1 POST /Service1.svc - 49474 - ::1 - - 200 0 0 75
2018-07-20 10:41:03 ::1 POST /Service1.svc - 49474 - ::1 - - 200 0 0 40
2018-07-20 10:41:03 ::1 POST /Service1.svc - 49474 - ::1 - - 200 0 0 81
2018-07-20 10:41:03 ::1 POST /Service1.svc - 49474 - ::1 - - 200 0 0 45
2018-07-20 10:41:03 ::1 POST /Service1.svc - 49474 - ::1 - - 200 0 0 101
2018-07-20 10:41:03 ::1 POST /Service1.svc - 49474 - ::1 - - 200 0 0 26
2018-07-20 10:41:03 ::1 POST /Service1.svc - 49474 - ::1 - - 200 0 0 19
2018-07-20 10:41:07 ::1 POST /Service1.svc - 49474 - ::1 - - 200 0 0 38
2018-07-20 10:41:07 ::1 POST /Service1.svc - 49474 - ::1 - - 200 0 0 70
2018-07-20 10:41:07 ::1 POST /Service1.svc - 49474 - ::1 - - 200 0 0 48
2018-07-20 10:41:07 ::1 POST /Service1.svc - 49474 - ::1 - - 200 0 0 290
2018-07-20 10:41:07 ::1 POST /Service1.svc - 49474 - ::1 - - 200 0 0 130
2018-07-20 10:41:07 ::1 POST /Service1.svc - 49474 - ::1 - - 200 0 0 136
2018-07-20 10:41:07 ::1 POST /Service1.svc - 49474 - ::1 - - 200 0 0 129
2018-07-20 10:41:07 ::1 POST /Service1.svc - 49474 - ::1 - - 200 0 0 57
2018-07-20 10:41:08 ::1 POST /Service1.svc - 49474 - ::1 - - 200 0 0 85
2018-07-20 10:42:08 ::1 POST /Service1.svc - 49474 - ::1 - - 200 0 0 229
2018-07-20 10:42:08 ::1 POST /Service1.svc - 49474 - ::1 - - 200 0 0 55
2018-07-20 10:42:08 ::1 POST /Service1.svc - 49474 - ::1 - - 200 0 0 179
2018-07-20 10:42:08 ::1 POST /Service1.svc - 49474 - ::1 - - 200 0 0 60
2018-07-20 10:42:11 ::1 POST /Service1.svc - 49474 - ::1 - - 200 0 0 26
2018-07-20 10:42:11 ::1 POST /Service1.svc - 49474 - ::1 - - 200 0 0 204
2018-07-20 10:42:11 ::1 POST /Service1.svc - 49474 - ::1 - - 200 0 0 25
2018-07-20 10:42:11 ::1 POST /Service1.svc - 49474 - ::1 - - 200 0 0 75
2018-07-20 10:43:57 ::1 POST /Service1.svc - 49474 - ::1 - - 200 0 0 318
2018-07-20 10:43:57 ::1 POST /Service1.svc - 49474 - ::1 - - 200 0 0 571
2018-07-20 10:43:57 ::1 POST /Service1.svc - 49474 - ::1 - - 200 0 0 229
2018-07-20 10:43:58 ::1 POST /Service1.svc - 49474 - ::1 - - 200 0 0 602
2018-07-20 10:44:02 ::1 POST /Service1.svc - 49474 - ::1 - - 200 0 0 284
2018-07-20 10:44:02 ::1 POST /Service1.svc - 49474 - ::1 - - 200 0 0 67
2018-07-20 10:44:02 ::1 POST /Service1.svc - 49474 - ::1 - - 200 0 0 432
2018-07-20 10:44:04 ::1 POST /Service1.svc - 49474 - ::1 - - 200 0 0 992
2018-07-20 10:44:07 ::1 POST /Service1.svc - 49474 - ::1 - - 200 0 0 663
2018-07-20 10:44:07 ::1 POST /Service1.svc - 49474 - ::1 - - 200 0 0 247
2018-07-20 10:44:07 ::1 POST /Service1.svc - 49474 - ::1 - - 200 0 0 258
2018-07-20 10:44:08 ::1 POST /Service1.svc - 49474 - ::1 - - 200 0 0 993
2018-07-20 10:44:08 ::1 POST /Service1.svc - 49474 - ::1 - - 200 0 0 158
2018-07-20 10:44:08 ::1 POST /Service1.svc - 49474 - ::1 - - 200 0 0 54
2018-07-20 10:44:08 ::1 POST /Service1.svc - 49474 - ::1 - - 200 0 0 259
2018-07-20 10:44:09 ::1 POST /Service1.svc - 49474 - ::1 - - 200 0 0 713
2018-07-20 10:44:11 ::1 POST /Service1.svc - 49474 - ::1 - - 200 0 0 355
2018-07-20 10:44:11 ::1 POST /Service1.svc - 49474 - ::1 - - 200 0 0 891
2018-07-20 10:44:13 ::1 POST /Service1.svc - 49474 - ::1 - - 200 0 0 928
2018-07-20 10:44:13 ::1 POST /Service1.svc - 49474 - ::1 - - 200 0 0 264
2018-07-20 10:44:14 ::1 POST /Service1.svc - 49474 - ::1 - - 200 0 0 893
2018-07-20 10:44:14 ::1 POST /Service1.svc - 49474 - ::1 - - 200 0 0 679
2018-07-20 10:44:16 ::1 POST /Service1.svc - 49474 - ::1 - - 200 0 0 1140
2018-07-20 10:44:16 ::1 POST /Service1.svc - 49474 - ::1 - - 200 0 0 764
2018-07-20 10:44:17 ::1 POST /Service1.svc - 49474 - ::1 - - 200 0 0 310
2018-07-20 10:44:19 ::1 POST /Service1.svc - 49474 - ::1 - - 200 0 0 1380
2018-07-20 10:44:19 ::1 POST /Service1.svc - 49474 - ::1 - - 200 0 0 286
2018-07-20 10:44:21 ::1 POST /Service1.svc - 49474 - ::1 - - 200 0 0 28
2018-07-20 10:44:21 ::1 POST /Service1.svc - 49474 - ::1 - - 200 0 0 84
2018-07-20 10:44:21 ::1 POST /Service1.svc - 49474 - ::1 - - 200 0 0 94
2018-07-20 10:44:21 ::1 POST /Service1.svc - 49474 - ::1 - - 200 0 0 151
2018-07-20 10:44:21 ::1 POST /Service1.svc - 49474 - ::1 - - 200 0 0 84
2018-07-20 10:44:21 ::1 POST /Service1.svc - 49474 - ::1 - - 200 0 0 197
2018-07-20 10:44:21 ::1 POST /Service1.svc - 49474 - ::1 - - 200 0 0 119
2018-07-20 10:44:21 ::1 POST /Service1.svc - 49474 - ::1 - - 200 0 0 112
2018-07-20 10:44:22 ::1 POST /Service1.svc - 49474 - ::1 - - 200 0 0 28
2018-07-20 10:44:41 ::1 POST /Service1.svc - 49474 - ::1 - - 200 0 0 36
2018-07-20 10:44:41 ::1 POST /Service1.svc - 49474 - ::1 - - 200 0 0 61
2018-07-20 10:44:41 ::1 POST /Service1.svc - 49474 - ::1 - - 200 0 0 71
2018-07-20 10:44:41 ::1 POST /Service1.svc - 49474 - ::1 - - 200 0 0 59
2018-07-20 10:44:43 ::1 POST /Service1.svc - 49474 - ::1 - - 200 0 0 87
2018-07-20 10:44:43 ::1 POST /Service1.svc - 49474 - ::1 - - 200 0 0 42
2018-07-20 10:44:43 ::1 POST /Service1.svc - 49474 - ::1 - - 200 0 0 38
2018-07-20 10:44:43 ::1 POST /Service1.svc - 49474 - ::1 - - 200 0 0 139
2018-07-20 10:47:39 ::1 POST /Service1.svc - 49474 - ::1 - - 200 0 0 143
2018-07-20 10:47:40 ::1 POST /Service1.svc - 49474 - ::1 - - 200 0 0 1220
2018-07-20 10:47:40 ::1 POST /Service1.svc - 49474 - ::1 - - 200 0 0 344
2018-07-20 10:47:40 ::1 POST /Service1.svc - 49474 - ::1 - - 200 0 0 55
2018-07-20 10:47:50 ::1 POST /Service1.svc - 49474 - ::1 - - 200 0 0 20
2018-07-20 10:47:50 ::1 POST /Service1.svc - 49474 - ::1 - - 200 0 0 16
2018-07-20 10:47:50 ::1 POST /Service1.svc - 49474 - ::1 - - 200 0 0 18
2018-07-20 10:47:50 ::1 POST /Service1.svc - 49474 - ::1 - - 200 0 0 53
2018-07-20 10:47:52 ::1 POST /Service1.svc - 49474 - ::1 - - 200 0 0 24
2018-07-20 10:47:52 ::1 POST /Service1.svc - 49474 - ::1 - - 200 0 0 65
2018-07-20 10:47:52 ::1 POST /Service1.svc - 49474 - ::1 - - 200 0 0 84
2018-07-20 10:47:52 ::1 POST /Service1.svc - 49474 - ::1 - - 200 0 0 61
2018-07-20 10:47:52 ::1 POST /Service1.svc - 49474 - ::1 - - 200 0 0 75
2018-07-20 10:47:52 ::1 POST /Service1.svc - 49474 - ::1 - - 200 0 0 235
2018-07-20 10:47:52 ::1 POST /Service1.svc - 49474 - ::1 - - 200 0 0 246
2018-07-20 10:47:54 ::1 POST /Service1.svc - 49474 - ::1 - - 200 0 0 239
2018-07-20 10:47:54 ::1 POST /Service1.svc - 49474 - ::1 - - 200 0 0 228
2018-07-20 10:47:54 ::1 POST /Service1.svc - 49474 - ::1 - - 200 0 0 103
2018-07-20 10:47:54 ::1 POST /Service1.svc - 49474 - ::1 - - 200 0 0 127
2018-07-20 10:47:58 ::1 POST /Service1.svc - 49474 - ::1 - - 200 0 0 120
2018-07-20 10:47:58 ::1 POST /Service1.svc - 49474 - ::1 - - 200 0 0 298
2018-07-20 10:47:58 ::1 POST /Service1.svc - 49474 - ::1 - - 200 0 0 72
2018-07-20 10:47:58 ::1 POST /Service1.svc - 49474 - ::1 - - 200 0 0 211
2018-07-20 10:47:58 ::1 POST /Service1.svc - 49474 - ::1 - - 200 0 0 42
2018-07-20 10:47:58 ::1 POST /Service1.svc - 49474 - ::1 - - 200 0 0 63
2018-07-20 10:47:59 ::1 POST /Service1.svc - 49474 - ::1 - - 200 0 0 168
2018-07-20 10:47:59 ::1 POST /Service1.svc - 49474 - ::1 - - 200 0 0 84
2018-07-20 10:47:59 ::1 POST /Service1.svc - 49474 - ::1 - - 200 0 0 124
2018-07-20 10:48:03 ::1 POST /Service1.svc - 49474 - ::1 - - 200 0 0 125
2018-07-20 11:03:24 ::1 POST /Service1.svc - 49474 - ::1 - - 200 0 0 83
2018-07-20 11:03:24 ::1 POST /Service1.svc - 49474 - ::1 - - 200 0 0 172
2018-07-20 11:03:24 ::1 POST /Service1.svc - 49474 - ::1 - - 200 0 0 252
2018-07-20 11:03:25 ::1 POST /Service1.svc - 49474 - ::1 - - 200 0 0 271
2018-07-20 11:03:31 ::1 POST /Service1.svc - 49474 - ::1 - - 200 0 0 43
2018-07-20 11:03:31 ::1 POST /Service1.svc - 49474 - ::1 - - 200 0 0 64
2018-07-20 11:03:31 ::1 POST /Service1.svc - 49474 - ::1 - - 200 0 0 709
2018-07-20 11:03:31 ::1 POST /Service1.svc - 49474 - ::1 - - 200 0 0 105
2018-07-20 11:03:34 ::1 POST /Service1.svc - 49474 - ::1 - - 200 0 0 14
2018-07-20 11:03:34 ::1 POST /Service1.svc - 49474 - ::1 - - 200 0 0 40
2018-07-20 11:03:34 ::1 POST /Service1.svc - 49474 - ::1 - - 200 0 0 53
2018-07-20 11:03:34 ::1 POST /Service1.svc - 49474 - ::1 - - 200 0 0 32
2018-07-20 11:03:34 ::1 POST /Service1.svc - 49474 - ::1 - - 200 0 0 18
2018-07-20 11:03:34 ::1 POST /Service1.svc - 49474 - ::1 - - 200 0 0 12
2018-07-20 11:03:34 ::1 POST /Service1.svc - 49474 - ::1 - - 200 0 0 15
2018-07-20 11:03:34 ::1 POST /Service1.svc - 49474 - ::1 - - 200 0 0 82
2018-07-20 11:03:34 ::1 POST /Service1.svc - 49474 - ::1 - - 200 0 0 158
2018-07-20 11:03:34 ::1 POST /Service1.svc - 49474 - ::1 - - 200 0 0 45
2018-07-20 11:03:34 ::1 POST /Service1.svc - 49474 - ::1 - - 200 0 0 19
2018-07-20 11:03:38 ::1 POST /Service1.svc - 49474 - ::1 - - 200 0 0 162
2018-07-20 11:03:38 ::1 POST /Service1.svc - 49474 - ::1 - - 200 0 0 97
2018-07-20 11:03:38 ::1 POST /Service1.svc - 49474 - ::1 - - 200 0 0 42
2018-07-20 11:03:38 ::1 POST /Service1.svc - 49474 - ::1 - - 200 0 0 49
2018-07-20 11:03:38 ::1 POST /Service1.svc - 49474 - ::1 - - 200 0 0 60
2018-07-20 11:03:38 ::1 POST /Service1.svc - 49474 - ::1 - - 200 0 0 65
2018-07-20 11:03:38 ::1 POST /Service1.svc - 49474 - ::1 - - 200 0 0 46
2018-07-20 11:03:38 ::1 POST /Service1.svc - 49474 - ::1 - - 200 0 0 73
2018-07-20 11:03:38 ::1 POST /Service1.svc - 49474 - ::1 - - 200 0 0 24
2018-07-20 11:03:47 ::1 POST /Service1.svc - 49474 - ::1 - - 200 0 0 17
2018-07-20 11:14:02 ::1 POST /Service1.svc - 49474 - ::1 - - 200 0 0 49
2018-07-20 11:14:02 ::1 POST /Service1.svc - 49474 - ::1 - - 200 0 0 67
2018-07-20 11:14:02 ::1 POST /Service1.svc - 49474 - ::1 - - 200 0 0 29
2018-07-20 11:14:02 ::1 POST /Service1.svc - 49474 - ::1 - - 200 0 0 24
2018-07-20 11:14:07 ::1 POST /Service1.svc - 49474 - ::1 - - 200 0 0 15
2018-07-20 11:14:07 ::1 POST /Service1.svc - 49474 - ::1 - - 200 0 0 13
2018-07-20 11:14:07 ::1 POST /Service1.svc - 49474 - ::1 - - 200 0 0 19
2018-07-20 11:14:07 ::1 POST /Service1.svc - 49474 - ::1 - - 200 0 0 62
2018-07-20 11:14:09 ::1 POST /Service1.svc - 49474 - ::1 - - 200 0 0 14
2018-07-20 11:14:09 ::1 POST /Service1.svc - 49474 - ::1 - - 200 0 0 17
2018-07-20 11:14:09 ::1 POST /Service1.svc - 49474 - ::1 - - 200 0 0 17
2018-07-20 11:14:09 ::1 POST /Service1.svc - 49474 - ::1 - - 200 0 0 52
2018-07-20 11:14:09 ::1 POST /Service1.svc - 49474 - ::1 - - 200 0 0 23
2018-07-20 11:14:09 ::1 POST /Service1.svc - 49474 - ::1 - - 200 0 0 51
2018-07-20 11:14:09 ::1 POST /Service1.svc - 49474 - ::1 - - 200 0 0 14
2018-07-20 11:14:09 ::1 POST /Service1.svc - 49474 - ::1 - - 200 0 0 40
2018-07-20 11:14:09 ::1 POST /Service1.svc - 49474 - ::1 - - 200 0 0 133
2018-07-20 11:14:09 ::1 POST /Service1.svc - 49474 - ::1 - - 200 0 0 49
2018-07-20 11:14:09 ::1 POST /Service1.svc - 49474 - ::1 - - 200 0 0 40
2018-07-20 11:14:12 ::1 POST /Service1.svc - 49474 - ::1 - - 200 0 0 43
2018-07-20 11:14:12 ::1 POST /Service1.svc - 49474 - ::1 - - 200 0 0 38
2018-07-20 11:14:12 ::1 POST /Service1.svc - 49474 - ::1 - - 200 0 0 54
2018-07-20 11:14:12 ::1 POST /Service1.svc - 49474 - ::1 - - 200 0 0 38
2018-07-20 11:14:12 ::1 POST /Service1.svc - 49474 - ::1 - - 200 0 0 41
2018-07-20 11:14:12 ::1 POST /Service1.svc - 49474 - ::1 - - 200 0 0 54
2018-07-20 11:14:12 ::1 POST /Service1.svc - 49474 - ::1 - - 200 0 0 100
2018-07-20 11:14:12 ::1 POST /Service1.svc - 49474 - ::1 - - 200 0 0 53
2018-07-20 11:14:12 ::1 POST /Service1.svc - 49474 - ::1 - - 200 0 0 11
2018-07-20 11:14:15 ::1 POST /Service1.svc - 49474 - ::1 - - 200 0 0 88
2018-07-20 11:18:00 ::1 POST /Service1.svc - 49474 - ::1 - - 200 0 0 702
2018-07-20 11:18:00 ::1 POST /Service1.svc - 49474 - ::1 - - 200 0 0 338
2018-07-20 11:18:00 ::1 POST /Service1.svc - 49474 - ::1 - - 200 0 0 359
2018-07-20 11:18:01 ::1 POST /Service1.svc - 49474 - ::1 - - 200 0 0 142
2018-07-20 11:18:06 ::1 POST /Service1.svc - 49474 - ::1 - - 200 0 0 158
2018-07-20 11:18:06 ::1 POST /Service1.svc - 49474 - ::1 - - 200 0 0 49
2018-07-20 11:18:06 ::1 POST /Service1.svc - 49474 - ::1 - - 200 0 0 116
2018-07-20 11:18:06 ::1 POST /Service1.svc - 49474 - ::1 - - 200 0 0 47
2018-07-20 11:18:08 ::1 POST /Service1.svc - 49474 - ::1 - - 200 0 0 205
2018-07-20 11:18:08 ::1 POST /Service1.svc - 49474 - ::1 - - 200 0 0 36
2018-07-20 11:18:08 ::1 POST /Service1.svc - 49474 - ::1 - - 200 0 0 166
2018-07-20 11:18:08 ::1 POST /Service1.svc - 49474 - ::1 - - 200 0 0 62
2018-07-20 11:18:08 ::1 POST /Service1.svc - 49474 - ::1 - - 200 0 0 185
2018-07-20 11:18:08 ::1 POST /Service1.svc - 49474 - ::1 - - 200 0 0 76
2018-07-20 11:18:08 ::1 POST /Service1.svc - 49474 - ::1 - - 200 0 0 123
2018-07-20 11:18:08 ::1 POST /Service1.svc - 49474 - ::1 - - 200 0 0 311
2018-07-20 11:18:09 ::1 POST /Service1.svc - 49474 - ::1 - - 200 0 0 116
2018-07-20 11:18:09 ::1 POST /Service1.svc - 49474 - ::1 - - 200 0 0 57
2018-07-20 11:18:09 ::1 POST /Service1.svc - 49474 - ::1 - - 200 0 0 69
2018-07-20 11:18:12 ::1 POST /Service1.svc - 49474 - ::1 - - 200 0 0 62
2018-07-20 11:18:12 ::1 POST /Service1.svc - 49474 - ::1 - - 200 0 0 74
2018-07-20 11:18:12 ::1 POST /Service1.svc - 49474 - ::1 - - 200 0 0 55
2018-07-20 11:18:12 ::1 POST /Service1.svc - 49474 - ::1 - - 200 0 0 42
2018-07-20 11:18:12 ::1 POST /Service1.svc - 49474 - ::1 - - 200 0 0 63
2018-07-20 11:18:12 ::1 POST /Service1.svc - 49474 - ::1 - - 200 0 0 38
2018-07-20 11:18:12 ::1 POST /Service1.svc - 49474 - ::1 - - 200 0 0 101
2018-07-20 11:18:12 ::1 POST /Service1.svc - 49474 - ::1 - - 200 0 0 94
2018-07-20 11:18:12 ::1 POST /Service1.svc - 49474 - ::1 - - 200 0 0 15
2018-07-20 11:18:14 ::1 POST /Service1.svc - 49474 - ::1 - - 200 0 0 28
2018-07-20 11:18:18 ::1 POST /Service1.svc - 49474 - ::1 - - 200 0 0 101
2018-07-20 11:18:29 ::1 POST /Service1.svc - 49474 - ::1 - - 200 0 0 40
#Software: Microsoft Internet Information Services 10.0
#Version: 1.0
#Date: 2018-07-20 11:58:46
#Fields: date time s-ip cs-method cs-uri-stem cs-uri-query s-port cs-username c-ip cs(User-Agent) cs(Referer) sc-status sc-substatus sc-win32-status time-taken
2018-07-20 11:58:46 ::1 POST /Service1.svc - 49474 - ::1 - - 200 0 0 202
2018-07-20 11:58:46 ::1 POST /Service1.svc - 49474 - ::1 - - 200 0 0 29
2018-07-20 11:58:46 ::1 POST /Service1.svc - 49474 - ::1 - - 200 0 0 22
2018-07-20 11:58:46 ::1 POST /Service1.svc - 49474 - ::1 - - 200 0 0 84
2018-07-20 11:58:50 ::1 POST /Service1.svc - 49474 - ::1 - - 200 0 0 39
2018-07-20 11:58:50 ::1 POST /Service1.svc - 49474 - ::1 - - 200 0 0 17
2018-07-20 11:58:50 ::1 POST /Service1.svc - 49474 - ::1 - - 200 0 0 20
2018-07-20 11:58:50 ::1 POST /Service1.svc - 49474 - ::1 - - 200 0 0 55
2018-07-20 11:58:52 ::1 POST /Service1.svc - 49474 - ::1 - - 200 0 0 10
2018-07-20 11:58:52 ::1 POST /Service1.svc - 49474 - ::1 - - 200 0 0 15
2018-07-20 11:58:52 ::1 POST /Service1.svc - 49474 - ::1 - - 200 0 0 15
2018-07-20 11:58:52 ::1 POST /Service1.svc - 49474 - ::1 - - 200 0 0 26
2018-07-20 11:58:52 ::1 POST /Service1.svc - 49474 - ::1 - - 200 0 0 75
2018-07-20 11:58:52 ::1 POST /Service1.svc - 49474 - ::1 - - 200 0 0 70
2018-07-20 11:58:52 ::1 POST /Service1.svc - 49474 - ::1 - - 200 0 0 29
2018-07-20 11:58:52 ::1 POST /Service1.svc - 49474 - ::1 - - 200 0 0 58
2018-07-20 11:58:52 ::1 POST /Service1.svc - 49474 - ::1 - - 200 0 0 111
2018-07-20 11:58:52 ::1 POST /Service1.svc - 49474 - ::1 - - 200 0 0 77
2018-07-20 11:58:52 ::1 POST /Service1.svc - 49474 - ::1 - - 200 0 0 45
2018-07-20 11:58:52 ::1 POST /Service1.svc - 49474 - ::1 - - 200 0 0 53
2018-07-20 11:58:52 ::1 POST /Service1.svc - 49474 - ::1 - - 200 0 0 100
2018-07-20 11:58:55 ::1 POST /Service1.svc - 49474 - ::1 - - 200 0 0 189
2018-07-20 11:58:55 ::1 POST /Service1.svc - 49474 - ::1 - - 200 0 0 59
2018-07-20 11:58:55 ::1 POST /Service1.svc - 49474 - ::1 - - 200 0 0 14
2018-07-20 11:58:57 ::1 POST /Service1.svc - 49474 - ::1 - - 200 0 0 247
2018-07-20 11:58:57 ::1 POST /Service1.svc - 49474 - ::1 - - 200 0 0 31
2018-07-20 11:58:57 ::1 POST /Service1.svc - 49474 - ::1 - - 200 0 0 31
2018-07-20 11:58:57 ::1 POST /Service1.svc - 49474 - ::1 - - 200 0 0 38
2018-07-20 11:58:57 ::1 POST /Service1.svc - 49474 - ::1 - - 200 0 0 91
2018-07-20 11:58:57 ::1 POST /Service1.svc - 49474 - ::1 - - 200 0 0 52
2018-07-20 11:58:57 ::1 POST /Service1.svc - 49474 - ::1 - - 200 0 0 83
2018-07-20 11:59:46 ::1 POST /Service1.svc - 49474 - ::1 - - 200 0 0 29
2018-07-20 11:59:46 ::1 POST /Service1.svc - 49474 - ::1 - - 200 0 0 78
2018-07-20 11:59:46 ::1 POST /Service1.svc - 49474 - ::1 - - 200 0 0 54
2018-07-20 11:59:46 ::1 POST /Service1.svc - 49474 - ::1 - - 200 0 0 38
2018-07-20 11:59:47 ::1 POST /Service1.svc - 49474 - ::1 - - 200 0 0 40
2018-07-20 11:59:47 ::1 POST /Service1.svc - 49474 - ::1 - - 200 0 0 44
2018-07-20 11:59:47 ::1 POST /Service1.svc - 49474 - ::1 - - 200 0 0 21
2018-07-20 11:59:47 ::1 POST /Service1.svc - 49474 - ::1 - - 200 0 0 93
#Software: Microsoft Internet Information Services 10.0
#Version: 1.0
#Date: 2018-07-20 12:15:48
#Fields: date time s-ip cs-method cs-uri-stem cs-uri-query s-port cs-username c-ip cs(User-Agent) cs(Referer) sc-status sc-substatus sc-win32-status time-taken
2018-07-20 12:15:48 ::1 POST /Service1.svc - 49474 - ::1 - - 200 0 0 262
2018-07-20 12:15:48 ::1 POST /Service1.svc - 49474 - ::1 - - 200 0 0 263
2018-07-20 12:15:48 ::1 POST /Service1.svc - 49474 - ::1 - - 200 0 0 40
2018-07-20 12:15:48 ::1 POST /Service1.svc - 49474 - ::1 - - 200 0 0 68
2018-07-20 12:15:54 ::1 POST /Service1.svc - 49474 - ::1 - - 200 0 0 97
2018-07-20 12:15:54 ::1 POST /Service1.svc - 49474 - ::1 - - 200 0 0 79
2018-07-20 12:15:54 ::1 POST /Service1.svc - 49474 - ::1 - - 200 0 0 50
2018-07-20 12:15:54 ::1 POST /Service1.svc - 49474 - ::1 - - 200 0 0 88
2018-07-20 12:15:56 ::1 POST /Service1.svc - 49474 - ::1 - - 200 0 0 11
2018-07-20 12:15:56 ::1 POST /Service1.svc - 49474 - ::1 - - 200 0 0 20
2018-07-20 12:15:56 ::1 POST /Service1.svc - 49474 - ::1 - - 200 0 0 38
2018-07-20 12:15:56 ::1 POST /Service1.svc - 49474 - ::1 - - 200 0 0 50
2018-07-20 12:15:56 ::1 POST /Service1.svc - 49474 - ::1 - - 200 0 0 49
2018-07-20 12:15:56 ::1 POST /Service1.svc - 49474 - ::1 - - 200 0 0 52
2018-07-20 12:15:56 ::1 POST /Service1.svc - 49474 - ::1 - - 200 0 0 29
2018-07-20 12:15:56 ::1 POST /Service1.svc - 49474 - ::1 - - 200 0 0 155
2018-07-20 12:15:56 ::1 POST /Service1.svc - 49474 - ::1 - - 200 0 0 203
2018-07-20 12:15:56 ::1 POST /Service1.svc - 49474 - ::1 - - 200 0 0 94
2018-07-20 12:15:56 ::1 POST /Service1.svc - 49474 - ::1 - - 200 0 0 48
2018-07-20 12:15:56 ::1 POST /Service1.svc - 49474 - ::1 - - 200 0 0 41
2018-07-20 12:15:57 ::1 POST /Service1.svc - 49474 - ::1 - - 200 0 0 75
2018-07-20 12:16:00 ::1 POST /Service1.svc - 49474 - ::1 - - 200 0 0 27
2018-07-20 12:16:00 ::1 POST /Service1.svc - 49474 - ::1 - - 200 0 0 37
2018-07-20 12:16:00 ::1 POST /Service1.svc - 49474 - ::1 - - 200 0 0 57
2018-07-20 12:16:00 ::1 POST /Service1.svc - 49474 - ::1 - - 200 0 0 250
2018-07-20 12:16:00 ::1 POST /Service1.svc - 49474 - ::1 - - 200 0 0 115
2018-07-20 12:16:01 ::1 POST /Service1.svc - 49474 - ::1 - - 200 0 0 189
2018-07-20 12:16:01 ::1 POST /Service1.svc - 49474 - ::1 - - 200 0 0 179
2018-07-20 12:16:01 ::1 POST /Service1.svc - 49474 - ::1 - - 200 0 0 148
2018-07-20 12:16:01 ::1 POST /Service1.svc - 49474 - ::1 - - 200 0 0 103
2018-07-20 12:16:01 ::1 POST /Service1.svc - 49474 - ::1 - - 200 0 0 73
2018-07-20 12:16:29 ::1 POST /Service1.svc - 49474 - ::1 - - 200 0 0 81
2018-07-20 12:16:29 ::1 POST /Service1.svc - 49474 - ::1 - - 200 0 0 29
2018-07-20 12:16:29 ::1 POST /Service1.svc - 49474 - ::1 - - 200 0 0 18
2018-07-20 12:16:29 ::1 POST /Service1.svc - 49474 - ::1 - - 200 0 0 90
2018-07-20 12:16:29 ::1 POST /Service1.svc - 49474 - ::1 - - 200 0 0 12
2018-07-20 12:16:29 ::1 POST /Service1.svc - 49474 - ::1 - - 200 0 0 77
2018-07-20 12:16:30 ::1 POST /Service1.svc - 49474 - ::1 - - 200 0 0 132
2018-07-20 12:16:30 ::1 POST /Service1.svc - 49474 - ::1 - - 200 0 0 102
2018-07-20 12:20:12 ::1 POST /Service1.svc - 49474 - ::1 - - 200 0 0 229
2018-07-20 12:20:12 ::1 POST /Service1.svc - 49474 - ::1 - - 200 0 0 118
2018-07-20 12:20:12 ::1 POST /Service1.svc - 49474 - ::1 - - 200 0 0 114
2018-07-20 12:20:12 ::1 POST /Service1.svc - 49474 - ::1 - - 200 0 0 482
2018-07-20 12:20:16 ::1 POST /Service1.svc - 49474 - ::1 - - 200 0 0 88
2018-07-20 12:20:16 ::1 POST /Service1.svc - 49474 - ::1 - - 200 0 0 21
2018-07-20 12:20:16 ::1 POST /Service1.svc - 49474 - ::1 - - 200 0 0 105
2018-07-20 12:20:16 ::1 POST /Service1.svc - 49474 - ::1 - - 200 0 0 129
2018-07-20 12:20:19 ::1 POST /Service1.svc - 49474 - ::1 - - 200 0 0 376
2018-07-20 12:20:19 ::1 POST /Service1.svc - 49474 - ::1 - - 200 0 0 99
2018-07-20 12:20:19 ::1 POST /Service1.svc - 49474 - ::1 - - 200 0 0 276
2018-07-20 12:20:19 ::1 POST /Service1.svc - 49474 - ::1 - - 200 0 0 228
2018-07-20 12:20:19 ::1 POST /Service1.svc - 49474 - ::1 - - 200 0 0 60
2018-07-20 12:20:20 ::1 POST /Service1.svc - 49474 - ::1 - - 200 0 0 371
2018-07-20 12:20:20 ::1 POST /Service1.svc - 49474 - ::1 - - 200 0 0 123
2018-07-20 12:20:20 ::1 POST /Service1.svc - 49474 - ::1 - - 200 0 0 66
2018-07-20 12:20:20 ::1 POST /Service1.svc - 49474 - ::1 - - 200 0 0 168
2018-07-20 12:20:20 ::1 POST /Service1.svc - 49474 - ::1 - - 200 0 0 278
2018-07-20 12:20:21 ::1 POST /Service1.svc - 49474 - ::1 - - 200 0 0 105
2018-07-20 12:20:21 ::1 POST /Service1.svc - 49474 - ::1 - - 200 0 0 548
2018-07-20 12:20:21 ::1 POST /Service1.svc - 49474 - ::1 - - 200 0 0 185
2018-07-20 12:20:26 ::1 POST /Service1.svc - 49474 - ::1 - - 200 0 0 412
2018-07-20 12:20:26 ::1 POST /Service1.svc - 49474 - ::1 - - 200 0 0 129
2018-07-20 12:20:26 ::1 POST /Service1.svc - 49474 - ::1 - - 200 0 0 49
2018-07-20 12:20:26 ::1 POST /Service1.svc - 49474 - ::1 - - 200 0 0 92
2018-07-20 12:20:28 ::1 POST /Service1.svc - 49474 - ::1 - - 200 0 0 1239
2018-07-20 12:20:28 ::1 POST /Service1.svc - 49474 - ::1 - - 200 0 0 320
2018-07-20 12:20:29 ::1 POST /Service1.svc - 49474 - ::1 - - 200 0 0 817
2018-07-20 12:20:31 ::1 POST /Service1.svc - 49474 - ::1 - - 200 0 0 1518
2018-07-20 12:20:32 ::1 POST /Service1.svc - 49474 - ::1 - - 200 0 0 1269
2018-07-20 12:20:32 ::1 POST /Service1.svc - 49474 - ::1 - - 200 0 0 398
2018-07-20 12:22:10 ::1 POST /Service1.svc - 49474 - ::1 - - 200 0 0 410
2018-07-20 12:22:10 ::1 POST /Service1.svc - 49474 - ::1 - - 200 0 0 47
2018-07-20 12:22:10 ::1 POST /Service1.svc - 49474 - ::1 - - 200 0 0 119
2018-07-20 12:22:10 ::1 POST /Service1.svc - 49474 - ::1 - - 200 0 0 283
2018-07-20 12:22:11 ::1 POST /Service1.svc - 49474 - ::1 - - 200 0 0 601
2018-07-20 12:22:11 ::1 POST /Service1.svc - 49474 - ::1 - - 200 0 0 106
2018-07-20 12:22:11 ::1 POST /Service1.svc - 49474 - ::1 - - 200 0 0 563
2018-07-20 12:22:12 ::1 POST /Service1.svc - 49474 - ::1 - - 200 0 0 286
2018-07-20 12:22:12 ::1 POST /Service1.svc - 49474 - ::1 - - 200 0 0 136
2018-07-20 12:22:17 ::1 POST /Service1.svc - 49474 - ::1 - - 200 0 0 483
2018-07-20 12:22:17 ::1 POST /Service1.svc - 49474 - ::1 - - 200 0 0 61
2018-07-20 12:22:17 ::1 POST /Service1.svc - 49474 - ::1 - - 200 0 0 77
2018-07-20 12:22:17 ::1 POST /Service1.svc - 49474 - ::1 - - 200 0 0 144
2018-07-20 12:22:17 ::1 POST /Service1.svc - 49474 - ::1 - - 200 0 0 59
2018-07-20 12:22:18 ::1 POST /Service1.svc - 49474 - ::1 - - 200 0 0 707
2018-07-20 12:22:18 ::1 POST /Service1.svc - 49474 - ::1 - - 200 0 0 148
2018-07-20 12:22:18 ::1 POST /Service1.svc - 49474 - ::1 - - 200 0 0 230
2018-07-20 12:22:18 ::1 POST /Service1.svc - 49474 - ::1 - - 200 0 0 79
2018-07-20 12:22:19 ::1 POST /Service1.svc - 49474 - ::1 - - 200 0 0 740
2018-07-20 12:25:03 ::1 POST /Service1.svc - 49474 - ::1 - - 200 0 0 898
2018-07-20 12:25:03 ::1 POST /Service1.svc - 49474 - ::1 - - 200 0 0 64
2018-07-20 12:25:03 ::1 POST /Service1.svc - 49474 - ::1 - - 200 0 0 312
2018-07-20 12:25:04 ::1 POST /Service1.svc - 49474 - ::1 - - 200 0 0 477
2018-07-20 12:25:07 ::1 POST /Service1.svc - 49474 - ::1 - - 200 0 0 189
2018-07-20 12:25:07 ::1 POST /Service1.svc - 49474 - ::1 - - 200 0 0 133
2018-07-20 12:25:09 ::1 POST /Service1.svc - 49474 - ::1 - - 200 0 0 1498
2018-07-20 12:25:09 ::1 POST /Service1.svc - 49474 - ::1 - - 200 0 0 148
2018-07-20 12:25:11 ::1 POST /Service1.svc - 49474 - ::1 - - 200 0 0 309
2018-07-20 12:25:11 ::1 POST /Service1.svc - 49474 - ::1 - - 200 0 0 268
2018-07-20 12:25:11 ::1 POST /Service1.svc - 49474 - ::1 - - 200 0 0 439
2018-07-20 12:25:11 ::1 POST /Service1.svc - 49474 - ::1 - - 200 0 0 119
2018-07-20 12:25:11 ::1 POST /Service1.svc - 49474 - ::1 - - 200 0 0 91
2018-07-20 12:25:12 ::1 POST /Service1.svc - 49474 - ::1 - - 200 0 0 83
2018-07-20 12:25:12 ::1 POST /Service1.svc - 49474 - ::1 - - 200 0 0 66
2018-07-20 12:25:12 ::1 POST /Service1.svc - 49474 - ::1 - - 200 0 0 253
2018-07-20 12:25:14 ::1 POST /Service1.svc - 49474 - ::1 - - 200 0 0 28
2018-07-20 12:25:14 ::1 POST /Service1.svc - 49474 - ::1 - - 200 0 0 39
2018-07-20 12:25:14 ::1 POST /Service1.svc - 49474 - ::1 - - 200 0 0 79
2018-07-20 12:25:14 ::1 POST /Service1.svc - 49474 - ::1 - - 200 0 0 56
2018-07-20 12:25:14 ::1 POST /Service1.svc - 49474 - ::1 - - 200 0 0 214
2018-07-20 12:25:14 ::1 POST /Service1.svc - 49474 - ::1 - - 200 0 0 177
2018-07-20 12:25:15 ::1 POST /Service1.svc - 49474 - ::1 - - 200 0 0 255
2018-07-20 12:25:15 ::1 POST /Service1.svc - 49474 - ::1 - - 200 0 0 361
2018-07-20 12:25:15 ::1 POST /Service1.svc - 49474 - ::1 - - 200 0 0 184
2018-07-20 12:25:15 ::1 POST /Service1.svc - 49474 - ::1 - - 200 0 0 33
2018-07-20 12:25:15 ::1 POST /Service1.svc - 49474 - ::1 - - 200 0 0 134
2018-07-20 12:25:15 ::1 POST /Service1.svc - 49474 - ::1 - - 200 0 0 79
2018-07-20 12:25:16 ::1 POST /Service1.svc - 49474 - ::1 - - 200 0 0 91
2018-07-20 12:25:20 ::1 POST /Service1.svc - 49474 - ::1 - - 200 0 0 202
2018-07-20 12:25:20 ::1 POST /Service1.svc - 49474 - ::1 - - 200 0 0 96
2018-07-20 12:25:20 ::1 POST /Service1.svc - 49474 - ::1 - - 200 0 0 26
2018-07-20 12:25:20 ::1 POST /Service1.svc - 49474 - ::1 - - 200 0 0 89
2018-07-20 12:25:20 ::1 POST /Service1.svc - 49474 - ::1 - - 200 0 0 187
2018-07-20 12:25:20 ::1 POST /Service1.svc - 49474 - ::1 - - 200 0 0 142
2018-07-20 12:25:22 ::1 POST /Service1.svc - 49474 - ::1 - - 200 0 0 811
2018-07-20 12:25:22 ::1 POST /Service1.svc - 49474 - ::1 - - 200 0 0 528
2018-07-20 12:25:22 ::1 POST /Service1.svc - 49474 - ::1 - - 200 0 0 164
2018-07-20 12:25:23 ::1 POST /Service1.svc - 49474 - ::1 - - 200 0 0 270
2018-07-20 12:36:09 ::1 POST /Service1.svc - 49474 - ::1 - - 200 0 0 110
2018-07-20 12:36:09 ::1 POST /Service1.svc - 49474 - ::1 - - 200 0 0 78
2018-07-20 12:36:09 ::1 POST /Service1.svc - 49474 - ::1 - - 200 0 0 131
2018-07-20 12:36:09 ::1 POST /Service1.svc - 49474 - ::1 - - 200 0 0 66
2018-07-20 12:36:13 ::1 POST /Service1.svc - 49474 - ::1 - - 200 0 0 44
2018-07-20 12:36:13 ::1 POST /Service1.svc - 49474 - ::1 - - 200 0 0 25
2018-07-20 12:36:13 ::1 POST /Service1.svc - 49474 - ::1 - - 200 0 0 59
2018-07-20 12:36:13 ::1 POST /Service1.svc - 49474 - ::1 - - 200 0 0 117
2018-07-20 12:36:15 ::1 POST /Service1.svc - 49474 - ::1 - - 200 0 0 20
2018-07-20 12:36:15 ::1 POST /Service1.svc - 49474 - ::1 - - 200 0 0 19
2018-07-20 12:36:15 ::1 POST /Service1.svc - 49474 - ::1 - - 200 0 0 15
2018-07-20 12:36:15 ::1 POST /Service1.svc - 49474 - ::1 - - 200 0 0 24
2018-07-20 12:36:15 ::1 POST /Service1.svc - 49474 - ::1 - - 200 0 0 36
2018-07-20 12:36:15 ::1 POST /Service1.svc - 49474 - ::1 - - 200 0 0 60
2018-07-20 12:36:15 ::1 POST /Service1.svc - 49474 - ::1 - - 200 0 0 41
2018-07-20 12:36:15 ::1 POST /Service1.svc - 49474 - ::1 - - 200 0 0 63
2018-07-20 12:36:15 ::1 POST /Service1.svc - 49474 - ::1 - - 200 0 0 151
2018-07-20 12:36:15 ::1 POST /Service1.svc - 49474 - ::1 - - 200 0 0 67
2018-07-20 12:36:15 ::1 POST /Service1.svc - 49474 - ::1 - - 200 0 0 30
2018-07-20 12:36:15 ::1 POST /Service1.svc - 49474 - ::1 - - 200 0 0 22
2018-07-20 12:36:15 ::1 POST /Service1.svc - 49474 - ::1 - - 200 0 0 155
2018-07-20 12:36:19 ::1 POST /Service1.svc - 49474 - ::1 - - 200 0 0 42
2018-07-20 12:36:19 ::1 POST /Service1.svc - 49474 - ::1 - - 200 0 0 28
2018-07-20 12:36:19 ::1 POST /Service1.svc - 49474 - ::1 - - 200 0 0 28
2018-07-20 12:36:19 ::1 POST /Service1.svc - 49474 - ::1 - - 200 0 0 166
2018-07-20 12:36:19 ::1 POST /Service1.svc - 49474 - ::1 - - 200 0 0 29
2018-07-20 12:36:19 ::1 POST /Service1.svc - 49474 - ::1 - - 200 0 0 55
2018-07-20 12:36:20 ::1 POST /Service1.svc - 49474 - ::1 - - 200 0 0 92
2018-07-20 12:36:20 ::1 POST /Service1.svc - 49474 - ::1 - - 200 0 0 67
2018-07-20 12:36:20 ::1 POST /Service1.svc - 49474 - ::1 - - 200 0 0 86
2018-07-20 12:36:20 ::1 POST /Service1.svc - 49474 - ::1 - - 200 0 0 29
