#Software: Microsoft Internet Information Services 10.0
#Version: 1.0
#Date: 2018-05-23 04:52:19
#Fields: date time s-ip cs-method cs-uri-stem cs-uri-query s-port cs-username c-ip cs(User-Agent) cs(Referer) sc-status sc-substatus sc-win32-status time-taken
2018-05-23 04:52:19 ::1 POST /Service1.svc - 49474 - ::1 - - 415 0 0 76625
2018-05-23 04:52:20 ::1 POST /Service1.svc/mex - 49474 - ::1 - - 415 0 0 9
2018-05-23 04:52:32 ::1 GET /Service1.svc - 49474 - ::1 Mozilla/4.0+(compatible;+MSIE+6.0;+MS+Web+Services+Client+Protocol+4.0.30319.42000) - 200 0 0 12091
2018-05-23 04:52:32 ::1 GET /Service1.svc disco 49474 - ::1 Mozilla/4.0+(compatible;+MSIE+6.0;+MS+Web+Services+Client+Protocol+4.0.30319.42000) - 200 0 0 112
2018-05-23 04:52:32 ::1 GET /Service1.svc wsdl 49474 - ::1 Mozilla/4.0+(compatible;+MSIE+6.0;+MS+Web+Services+Client+Protocol+4.0.30319.42000) - 200 0 0 301
2018-05-23 04:52:37 ::1 GET /Service1.svc xsd=xsd0 49474 - ::1 Mozilla/4.0+(compatible;+MSIE+6.0;+MS+Web+Services+Client+Protocol+4.0.30319.42000) - 200 0 0 2761
2018-05-23 04:52:37 ::1 GET /Service1.svc xsd=xsd2 49474 - ::1 Mozilla/4.0+(compatible;+MSIE+6.0;+MS+Web+Services+Client+Protocol+4.0.30319.42000) - 200 0 0 9
2018-05-23 04:52:37 ::1 GET /Service1.svc xsd=xsd3 49474 - ::1 Mozilla/4.0+(compatible;+MSIE+6.0;+MS+Web+Services+Client+Protocol+4.0.30319.42000) - 200 0 0 19
2018-05-23 04:52:37 ::1 GET /Service1.svc xsd=xsd1 49474 - ::1 Mozilla/4.0+(compatible;+MSIE+6.0;+MS+Web+Services+Client+Protocol+4.0.30319.42000) - 200 0 0 66
2018-05-23 05:01:13 ::1 POST /Service1.svc - 49474 - ::1 - - 200 0 0 36049
2018-05-23 05:01:15 ::1 POST /Service1.svc - 49474 - ::1 - - 200 0 0 1384
2018-05-23 05:01:16 ::1 POST /Service1.svc - 49474 - ::1 - - 200 0 0 1039
2018-05-23 05:01:18 ::1 POST /Service1.svc - 49474 - ::1 - - 200 0 0 1324
2018-05-23 05:01:33 ::1 POST /Service1.svc - 49474 - ::1 - - 200 0 0 54
2018-05-23 05:01:33 ::1 POST /Service1.svc - 49474 - ::1 - - 200 0 0 13
2018-05-23 05:01:33 ::1 POST /Service1.svc - 49474 - ::1 - - 200 0 0 57
2018-05-23 05:01:33 ::1 POST /Service1.svc - 49474 - ::1 - - 200 0 0 243
2018-05-23 05:01:35 ::1 POST /Service1.svc - 49474 - ::1 - - 200 0 0 1029
2018-05-23 05:01:35 ::1 POST /Service1.svc - 49474 - ::1 - - 200 0 0 464
2018-05-23 05:01:35 ::1 POST /Service1.svc - 49474 - ::1 - - 200 0 0 197
2018-05-23 05:01:39 ::1 POST /Service1.svc - 49474 - ::1 - - 200 0 0 55
2018-05-23 05:01:39 ::1 POST /Service1.svc - 49474 - ::1 - - 200 0 0 18
2018-05-23 05:01:39 ::1 POST /Service1.svc - 49474 - ::1 - - 200 0 0 68
2018-05-23 05:01:39 ::1 POST /Service1.svc - 49474 - ::1 - - 200 0 0 276
2018-05-23 05:01:40 ::1 POST /Service1.svc - 49474 - ::1 - - 200 0 0 805
2018-05-23 05:01:40 ::1 POST /Service1.svc - 49474 - ::1 - - 200 0 0 92
2018-05-23 05:01:40 ::1 POST /Service1.svc - 49474 - ::1 - - 200 0 0 150
2018-05-23 05:01:42 ::1 POST /Service1.svc - 49474 - ::1 - - 200 0 0 947
2018-05-23 05:01:42 ::1 POST /Service1.svc - 49474 - ::1 - - 200 0 0 577
2018-05-23 05:01:43 ::1 POST /Service1.svc - 49474 - ::1 - - 200 0 0 653
2018-05-23 05:01:45 ::1 POST /Service1.svc - 49474 - ::1 - - 200 0 0 101
2018-05-23 05:01:45 ::1 POST /Service1.svc - 49474 - ::1 - - 200 0 0 72
2018-05-23 05:01:58 ::1 POST /Service1.svc - 49474 - ::1 - - 200 0 0 126
2018-05-23 05:01:58 ::1 POST /Service1.svc - 49474 - ::1 - - 200 0 0 90
2018-05-23 05:01:58 ::1 POST /Service1.svc - 49474 - ::1 - - 200 0 0 108
2018-05-23 05:03:18 ::1 POST /Service1.svc - 49474 - ::1 - - 200 0 0 89
#Software: Microsoft Internet Information Services 10.0
#Version: 1.0
#Date: 2018-05-23 05:44:51
#Fields: date time s-ip cs-method cs-uri-stem cs-uri-query s-port cs-username c-ip cs(User-Agent) cs(Referer) sc-status sc-substatus sc-win32-status time-taken
2018-05-23 05:44:51 ::1 POST /Service1.svc - 49474 - ::1 - - 200 0 0 670
2018-05-23 05:44:51 ::1 POST /Service1.svc - 49474 - ::1 - - 200 0 0 126
2018-05-23 05:44:51 ::1 POST /Service1.svc - 49474 - ::1 - - 200 0 0 411
2018-05-23 05:44:52 ::1 POST /Service1.svc - 49474 - ::1 - - 200 0 0 679
2018-05-23 05:44:52 ::1 POST /Service1.svc - 49474 - ::1 - - 200 0 0 583
2018-05-23 05:44:53 ::1 POST /Service1.svc - 49474 - ::1 - - 200 0 0 425
2018-05-23 05:44:53 ::1 POST /Service1.svc - 49474 - ::1 - - 200 0 0 260
2018-05-23 05:44:55 ::1 POST /Service1.svc - 49474 - ::1 - - 200 0 0 72
2018-05-23 05:44:55 ::1 POST /Service1.svc - 49474 - ::1 - - 200 0 0 67
2018-05-23 05:44:55 ::1 POST /Service1.svc - 49474 - ::1 - - 200 0 0 30
2018-05-23 05:44:55 ::1 POST /Service1.svc - 49474 - ::1 - - 200 0 0 49
#Software: Microsoft Internet Information Services 10.0
#Version: 1.0
#Date: 2018-05-23 06:20:15
#Fields: date time s-ip cs-method cs-uri-stem cs-uri-query s-port cs-username c-ip cs(User-Agent) cs(Referer) sc-status sc-substatus sc-win32-status time-taken
2018-05-23 06:20:15 ::1 POST /Service1.svc - 49474 - ::1 - - 200 0 0 800
2018-05-23 06:20:16 ::1 POST /Service1.svc - 49474 - ::1 - - 200 0 0 475
2018-05-23 06:20:16 ::1 POST /Service1.svc - 49474 - ::1 - - 200 0 0 485
2018-05-23 06:20:17 ::1 POST /Service1.svc - 49474 - ::1 - - 200 0 0 187
2018-05-23 06:20:35 ::1 POST /Service1.svc - 49474 - ::1 - - 200 0 0 106
2018-05-23 06:20:35 ::1 POST /Service1.svc - 49474 - ::1 - - 200 0 0 59
2018-05-23 06:20:35 ::1 POST /Service1.svc - 49474 - ::1 - - 200 0 0 38
2018-05-23 06:20:35 ::1 POST /Service1.svc - 49474 - ::1 - - 200 0 0 87
2018-05-23 06:20:37 ::1 POST /Service1.svc - 49474 - ::1 - - 200 0 0 1177
2018-05-23 06:20:37 ::1 POST /Service1.svc - 49474 - ::1 - - 200 0 0 233
2018-05-23 06:20:37 ::1 POST /Service1.svc - 49474 - ::1 - - 200 0 0 112
2018-05-23 06:20:40 ::1 POST /Service1.svc - 49474 - ::1 - - 200 0 0 41
2018-05-23 06:20:40 ::1 POST /Service1.svc - 49474 - ::1 - - 200 0 0 34
2018-05-23 06:20:40 ::1 POST /Service1.svc - 49474 - ::1 - - 200 0 0 67
2018-05-23 06:20:40 ::1 POST /Service1.svc - 49474 - ::1 - - 200 0 0 297
2018-05-23 06:20:40 ::1 POST /Service1.svc - 49474 - ::1 - - 200 0 0 412
2018-05-23 06:20:41 ::1 POST /Service1.svc - 49474 - ::1 - - 200 0 0 444
2018-05-23 06:20:41 ::1 POST /Service1.svc - 49474 - ::1 - - 200 0 0 177
2018-05-23 06:20:41 ::1 POST /Service1.svc - 49474 - ::1 - - 200 0 0 420
2018-05-23 06:20:42 ::1 POST /Service1.svc - 49474 - ::1 - - 200 0 0 336
2018-05-23 06:20:42 ::1 POST /Service1.svc - 49474 - ::1 - - 200 0 0 358
2018-05-23 06:20:42 ::1 POST /Service1.svc - 49474 - ::1 - - 200 0 0 445
2018-05-23 06:20:46 ::1 POST /Service1.svc - 49474 - ::1 - - 200 0 0 103
2018-05-23 06:20:46 ::1 POST /Service1.svc - 49474 - ::1 - - 200 0 0 376
2018-05-23 06:20:47 ::1 POST /Service1.svc - 49474 - ::1 - - 200 0 0 399
2018-05-23 06:20:47 ::1 POST /Service1.svc - 49474 - ::1 - - 200 0 0 122
2018-05-23 06:20:53 ::1 POST /Service1.svc - 49474 - ::1 - - 200 0 0 199
2018-05-23 06:20:59 ::1 POST /Service1.svc - 49474 - ::1 - - 200 0 0 124
2018-05-23 06:21:00 ::1 POST /Service1.svc - 49474 - ::1 - - 200 0 0 26
2018-05-23 06:21:04 ::1 POST /Service1.svc - 49474 - ::1 - - 200 0 0 3877
2018-05-23 06:21:06 ::1 POST /Service1.svc - 49474 - ::1 - - 200 0 0 165
2018-05-23 06:21:06 ::1 POST /Service1.svc - 49474 - ::1 - - 200 0 0 80
2018-05-23 06:21:06 ::1 POST /Service1.svc - 49474 - ::1 - - 200 0 0 30
2018-05-23 06:21:06 ::1 POST /Service1.svc - 49474 - ::1 - - 200 0 0 64
2018-05-23 06:21:06 ::1 POST /Service1.svc - 49474 - ::1 - - 200 0 0 231
2018-05-23 06:21:07 ::1 POST /Service1.svc - 49474 - ::1 - - 200 0 0 825
2018-05-23 06:21:07 ::1 POST /Service1.svc - 49474 - ::1 - - 200 0 0 543
2018-05-23 06:21:07 ::1 POST /Service1.svc - 49474 - ::1 - - 200 0 0 331
2018-05-23 06:21:09 ::1 POST /Service1.svc - 49474 - ::1 - - 200 0 0 583
2018-05-23 06:21:09 ::1 POST /Service1.svc - 49474 - ::1 - - 200 0 0 343
2018-05-23 06:21:09 ::1 POST /Service1.svc - 49474 - ::1 - - 200 0 0 270
2018-05-23 06:21:11 ::1 POST /Service1.svc - 49474 - ::1 - - 200 0 0 1172
2018-05-23 06:21:16 ::1 POST /Service1.svc - 49474 - ::1 - - 200 0 0 138
2018-05-23 06:21:16 ::1 POST /Service1.svc - 49474 - ::1 - - 200 0 0 40
2018-05-23 06:21:16 ::1 POST /Service1.svc - 49474 - ::1 - - 200 0 0 110
2018-05-23 06:21:16 ::1 POST /Service1.svc - 49474 - ::1 - - 200 0 0 183
2018-05-23 06:21:16 ::1 POST /Service1.svc - 49474 - ::1 - - 200 0 0 197
2018-05-23 06:21:18 ::1 POST /Service1.svc - 49474 - ::1 - - 200 0 0 1342
2018-05-23 06:21:18 ::1 POST /Service1.svc - 49474 - ::1 - - 200 0 0 857
2018-05-23 06:21:18 ::1 POST /Service1.svc - 49474 - ::1 - - 200 0 0 99
2018-05-23 06:21:19 ::1 POST /Service1.svc - 49474 - ::1 - - 200 0 0 130
2018-05-23 06:21:19 ::1 POST /Service1.svc - 49474 - ::1 - - 200 0 0 470
2018-05-23 06:21:20 ::1 POST /Service1.svc - 49474 - ::1 - - 200 0 0 596
2018-05-23 06:21:22 ::1 POST /Service1.svc - 49474 - ::1 - - 200 0 0 279
2018-05-23 06:21:22 ::1 POST /Service1.svc - 49474 - ::1 - - 200 0 0 36
2018-05-23 06:21:22 ::1 POST /Service1.svc - 49474 - ::1 - - 200 0 0 90
2018-05-23 06:21:22 ::1 POST /Service1.svc - 49474 - ::1 - - 200 0 0 566
2018-05-23 06:21:27 ::1 POST /Service1.svc - 49474 - ::1 - - 200 0 0 124
2018-05-23 06:21:27 ::1 POST /Service1.svc - 49474 - ::1 - - 200 0 0 142
2018-05-23 06:21:27 ::1 POST /Service1.svc - 49474 - ::1 - - 200 0 0 207
2018-05-23 06:21:33 ::1 POST /Service1.svc - 49474 - ::1 - - 200 0 0 209
2018-05-23 06:21:42 ::1 POST /Service1.svc - 49474 - ::1 - - 200 0 0 108
2018-05-23 06:21:45 ::1 POST /Service1.svc - 49474 - ::1 - - 200 0 0 531
2018-05-23 06:21:46 ::1 POST /Service1.svc - 49474 - ::1 - - 200 0 0 45
2018-05-23 06:21:46 ::1 POST /Service1.svc - 49474 - ::1 - - 200 0 0 26
2018-05-23 06:21:46 ::1 POST /Service1.svc - 49474 - ::1 - - 200 0 0 22
2018-05-23 06:21:46 ::1 POST /Service1.svc - 49474 - ::1 - - 200 0 0 34
2018-05-23 06:21:46 ::1 POST /Service1.svc - 49474 - ::1 - - 200 0 0 117
2018-05-23 06:21:46 ::1 POST /Service1.svc - 49474 - ::1 - - 200 0 0 132
2018-05-23 06:21:46 ::1 POST /Service1.svc - 49474 - ::1 - - 200 0 0 88
2018-05-23 06:21:48 ::1 POST /Service1.svc - 49474 - ::1 - - 200 0 0 956
2018-05-23 06:21:49 ::1 POST /Service1.svc - 49474 - ::1 - - 200 0 0 1012
2018-05-23 06:21:49 ::1 POST /Service1.svc - 49474 - ::1 - - 200 0 0 69
2018-05-23 06:21:49 ::1 POST /Service1.svc - 49474 - ::1 - - 200 0 0 32
2018-05-23 06:21:49 ::1 POST /Service1.svc - 49474 - ::1 - - 200 0 0 56
2018-05-23 06:22:29 ::1 POST /Service1.svc - 49474 - ::1 - - 200 0 0 22951
2018-05-23 06:22:29 ::1 POST /Service1.svc - 49474 - ::1 - - 200 0 0 126
2018-05-23 06:22:29 ::1 POST /Service1.svc - 49474 - ::1 - - 200 0 0 598
2018-05-23 06:22:30 ::1 POST /Service1.svc - 49474 - ::1 - - 200 0 0 392
2018-05-23 06:22:41 ::1 POST /Service1.svc - 49474 - ::1 - - 200 0 0 74
2018-05-23 06:22:41 ::1 POST /Service1.svc - 49474 - ::1 - - 200 0 0 177
2018-05-23 06:22:41 ::1 POST /Service1.svc - 49474 - ::1 - - 200 0 0 47
2018-05-23 06:22:41 ::1 POST /Service1.svc - 49474 - ::1 - - 200 0 0 164
2018-05-23 06:22:41 ::1 POST /Service1.svc - 49474 - ::1 - - 200 0 0 51
2018-05-23 06:22:41 ::1 POST /Service1.svc - 49474 - ::1 - - 200 0 0 165
2018-05-23 06:22:42 ::1 POST /Service1.svc - 49474 - ::1 - - 200 0 0 894
2018-05-23 06:23:08 ::1 POST /Service1.svc - 49474 - ::1 - - 200 0 0 89
2018-05-23 06:23:08 ::1 POST /Service1.svc - 49474 - ::1 - - 200 0 0 125
2018-05-23 06:23:08 ::1 POST /Service1.svc - 49474 - ::1 - - 200 0 0 33
2018-05-23 06:23:08 ::1 POST /Service1.svc - 49474 - ::1 - - 200 0 0 30
2018-05-23 06:23:10 ::1 POST /Service1.svc - 49474 - ::1 - - 200 0 0 27
2018-05-23 06:23:10 ::1 POST /Service1.svc - 49474 - ::1 - - 200 0 0 30
2018-05-23 06:23:10 ::1 POST /Service1.svc - 49474 - ::1 - - 200 0 0 57
2018-05-23 06:23:10 ::1 POST /Service1.svc - 49474 - ::1 - - 200 0 0 100
2018-05-23 06:23:10 ::1 POST /Service1.svc - 49474 - ::1 - - 200 0 0 214
2018-05-23 06:23:10 ::1 POST /Service1.svc - 49474 - ::1 - - 200 0 0 65
2018-05-23 06:23:17 ::1 POST /Service1.svc - 49474 - ::1 - - 200 0 0 32
2018-05-23 06:23:17 ::1 POST /Service1.svc - 49474 - ::1 - - 200 0 0 23
2018-05-23 06:23:17 ::1 POST /Service1.svc - 49474 - ::1 - - 200 0 0 20
2018-05-23 06:23:17 ::1 POST /Service1.svc - 49474 - ::1 - - 200 0 0 23
2018-05-23 06:23:17 ::1 POST /Service1.svc - 49474 - ::1 - - 200 0 0 22
2018-05-23 06:23:17 ::1 POST /Service1.svc - 49474 - ::1 - - 200 0 0 19
2018-05-23 06:23:17 ::1 POST /Service1.svc - 49474 - ::1 - - 200 0 0 24
2018-05-23 06:23:17 ::1 POST /Service1.svc - 49474 - ::1 - - 200 0 0 96
2018-05-23 06:23:17 ::1 POST /Service1.svc - 49474 - ::1 - - 200 0 0 279
2018-05-23 06:23:20 ::1 POST /Service1.svc - 49474 - ::1 - - 200 0 0 418
2018-05-23 06:23:20 ::1 POST /Service1.svc - 49474 - ::1 - - 200 0 0 75
2018-05-23 06:23:20 ::1 POST /Service1.svc - 49474 - ::1 - - 200 0 0 78
2018-05-23 06:23:20 ::1 POST /Service1.svc - 49474 - ::1 - - 200 0 0 182
2018-05-23 06:23:21 ::1 POST /Service1.svc - 49474 - ::1 - - 200 0 0 778
2018-05-23 06:23:40 ::1 POST /Service1.svc - 49474 - ::1 - - 200 0 0 2547
2018-05-23 06:23:42 ::1 POST /Service1.svc - 49474 - ::1 - - 200 0 0 19
2018-05-23 06:23:42 ::1 POST /Service1.svc - 49474 - ::1 - - 200 0 0 64
2018-05-23 06:23:42 ::1 POST /Service1.svc - 49474 - ::1 - - 200 0 0 25
2018-05-23 06:23:42 ::1 POST /Service1.svc - 49474 - ::1 - - 200 0 0 36
2018-05-23 06:23:42 ::1 POST /Service1.svc - 49474 - ::1 - - 200 0 0 43
2018-05-23 06:23:42 ::1 POST /Service1.svc - 49474 - ::1 - - 200 0 0 39
2018-05-23 06:23:57 ::1 POST /Service1.svc - 49474 - ::1 - - 200 0 0 17
2018-05-23 06:23:57 ::1 POST /Service1.svc - 49474 - ::1 - - 200 0 0 21
2018-05-23 06:23:57 ::1 POST /Service1.svc - 49474 - ::1 - - 200 0 0 32
2018-05-23 06:23:57 ::1 POST /Service1.svc - 49474 - ::1 - - 200 0 0 30
2018-05-23 06:23:57 ::1 POST /Service1.svc - 49474 - ::1 - - 200 0 0 19
2018-05-23 06:23:57 ::1 POST /Service1.svc - 49474 - ::1 - - 200 0 0 34
2018-05-23 06:23:57 ::1 POST /Service1.svc - 49474 - ::1 - - 200 0 0 61
2018-05-23 06:23:57 ::1 POST /Service1.svc - 49474 - ::1 - - 200 0 0 44
2018-05-23 06:23:57 ::1 POST /Service1.svc - 49474 - ::1 - - 200 0 0 142
2018-05-23 06:23:59 ::1 POST /Service1.svc - 49474 - ::1 - - 200 0 0 54
2018-05-23 06:23:59 ::1 POST /Service1.svc - 49474 - ::1 - - 200 0 0 27
2018-05-23 06:23:59 ::1 POST /Service1.svc - 49474 - ::1 - - 200 0 0 38
2018-05-23 06:23:59 ::1 POST /Service1.svc - 49474 - ::1 - - 200 0 0 71
2018-05-23 06:23:59 ::1 POST /Service1.svc - 49474 - ::1 - - 200 0 0 106
2018-05-23 06:24:14 ::1 POST /Service1.svc - 49474 - ::1 - - 200 0 0 526
2018-05-23 06:24:16 ::1 POST /Service1.svc - 49474 - ::1 - - 200 0 0 50
2018-05-23 06:24:16 ::1 POST /Service1.svc - 49474 - ::1 - - 200 0 0 28
2018-05-23 06:24:16 ::1 POST /Service1.svc - 49474 - ::1 - - 200 0 0 23
2018-05-23 06:24:16 ::1 POST /Service1.svc - 49474 - ::1 - - 200 0 0 38
2018-05-23 06:24:16 ::1 POST /Service1.svc - 49474 - ::1 - - 200 0 0 137
2018-05-23 06:24:16 ::1 POST /Service1.svc - 49474 - ::1 - - 200 0 0 41
2018-05-23 06:25:27 ::1 POST /Service1.svc - 49474 - ::1 - - 200 0 0 85
2018-05-23 06:25:27 ::1 POST /Service1.svc - 49474 - ::1 - - 200 0 0 30
2018-05-23 06:25:27 ::1 POST /Service1.svc - 49474 - ::1 - - 200 0 0 43
2018-05-23 06:25:27 ::1 POST /Service1.svc - 49474 - ::1 - - 200 0 0 66
2018-05-23 06:25:29 ::1 POST /Service1.svc - 49474 - ::1 - - 200 0 0 63
2018-05-23 06:25:29 ::1 POST /Service1.svc - 49474 - ::1 - - 200 0 0 160
2018-05-23 06:25:29 ::1 POST /Service1.svc - 49474 - ::1 - - 200 0 0 50
2018-05-23 06:25:29 ::1 POST /Service1.svc - 49474 - ::1 - - 200 0 0 52
2018-05-23 06:25:29 ::1 POST /Service1.svc - 49474 - ::1 - - 200 0 0 199
2018-05-23 06:25:29 ::1 POST /Service1.svc - 49474 - ::1 - - 200 0 0 79
2018-05-23 06:25:33 ::1 POST /Service1.svc - 49474 - ::1 - - 200 0 0 12
2018-05-23 06:25:33 ::1 POST /Service1.svc - 49474 - ::1 - - 200 0 0 16
2018-05-23 06:25:38 ::1 POST /Service1.svc - 49474 - ::1 - - 200 0 0 13
2018-05-23 06:25:38 ::1 POST /Service1.svc - 49474 - ::1 - - 200 0 0 20
2018-05-23 06:25:38 ::1 POST /Service1.svc - 49474 - ::1 - - 200 0 0 24
2018-05-23 06:25:38 ::1 POST /Service1.svc - 49474 - ::1 - - 200 0 0 51
2018-05-23 06:25:38 ::1 POST /Service1.svc - 49474 - ::1 - - 200 0 0 132
2018-05-23 06:25:38 ::1 POST /Service1.svc - 49474 - ::1 - - 200 0 0 21
2018-05-23 06:25:38 ::1 POST /Service1.svc - 49474 - ::1 - - 200 0 0 47
2018-05-23 06:25:38 ::1 POST /Service1.svc - 49474 - ::1 - - 200 0 0 205
2018-05-23 06:25:38 ::1 POST /Service1.svc - 49474 - ::1 - - 200 0 0 339
2018-05-23 06:25:41 ::1 POST /Service1.svc - 49474 - ::1 - - 200 0 0 207
2018-05-23 06:25:41 ::1 POST /Service1.svc - 49474 - ::1 - - 200 0 0 96
2018-05-23 06:25:41 ::1 POST /Service1.svc - 49474 - ::1 - - 200 0 0 154
2018-05-23 06:25:41 ::1 POST /Service1.svc - 49474 - ::1 - - 200 0 0 539
2018-05-23 06:25:42 ::1 POST /Service1.svc - 49474 - ::1 - - 200 0 0 302
2018-05-23 06:25:53 ::1 POST /Service1.svc - 49474 - ::1 - - 200 0 0 501
2018-05-23 06:25:55 ::1 POST /Service1.svc - 49474 - ::1 - - 200 0 0 108
2018-05-23 06:25:55 ::1 POST /Service1.svc - 49474 - ::1 - - 200 0 0 21
2018-05-23 06:25:55 ::1 POST /Service1.svc - 49474 - ::1 - - 200 0 0 60
2018-05-23 06:25:55 ::1 POST /Service1.svc - 49474 - ::1 - - 200 0 0 75
2018-05-23 06:25:55 ::1 POST /Service1.svc - 49474 - ::1 - - 200 0 0 146
2018-05-23 06:25:55 ::1 POST /Service1.svc - 49474 - ::1 - - 200 0 0 54
2018-05-23 06:26:08 ::1 POST /Service1.svc - 49474 - ::1 - - 200 0 0 16
2018-05-23 06:26:08 ::1 POST /Service1.svc - 49474 - ::1 - - 200 0 0 14
2018-05-23 06:26:08 ::1 POST /Service1.svc - 49474 - ::1 - - 200 0 0 33
2018-05-23 06:26:08 ::1 POST /Service1.svc - 49474 - ::1 - - 200 0 0 139
#Software: Microsoft Internet Information Services 10.0
#Version: 1.0
#Date: 2018-05-23 09:49:37
#Fields: date time s-ip cs-method cs-uri-stem cs-uri-query s-port cs-username c-ip cs(User-Agent) cs(Referer) sc-status sc-substatus sc-win32-status time-taken
2018-05-23 09:49:36 ::1 POST /Service1.svc - 49474 - ::1 - - 415 0 0 25331
2018-05-23 09:49:36 ::1 POST /Service1.svc/mex - 49474 - ::1 - - 415 0 0 13
2018-05-23 09:49:42 ::1 GET /Service1.svc - 49474 - ::1 Mozilla/4.0+(compatible;+MSIE+6.0;+MS+Web+Services+Client+Protocol+4.0.30319.42000) - 200 0 0 4832
2018-05-23 09:49:42 ::1 GET /Service1.svc disco 49474 - ::1 Mozilla/4.0+(compatible;+MSIE+6.0;+MS+Web+Services+Client+Protocol+4.0.30319.42000) - 200 0 0 60
2018-05-23 09:49:42 ::1 GET /Service1.svc wsdl 49474 - ::1 Mozilla/4.0+(compatible;+MSIE+6.0;+MS+Web+Services+Client+Protocol+4.0.30319.42000) - 200 0 0 104
2018-05-23 09:49:43 ::1 GET /Service1.svc xsd=xsd0 49474 - ::1 Mozilla/4.0+(compatible;+MSIE+6.0;+MS+Web+Services+Client+Protocol+4.0.30319.42000) - 200 0 0 1050
2018-05-23 09:49:43 ::1 GET /Service1.svc xsd=xsd2 49474 - ::1 Mozilla/4.0+(compatible;+MSIE+6.0;+MS+Web+Services+Client+Protocol+4.0.30319.42000) - 200 0 0 20
2018-05-23 09:49:43 ::1 GET /Service1.svc xsd=xsd3 49474 - ::1 Mozilla/4.0+(compatible;+MSIE+6.0;+MS+Web+Services+Client+Protocol+4.0.30319.42000) - 200 0 0 15
2018-05-23 09:49:43 ::1 GET /Service1.svc xsd=xsd1 49474 - ::1 Mozilla/4.0+(compatible;+MSIE+6.0;+MS+Web+Services+Client+Protocol+4.0.30319.42000) - 200 0 0 14
#Software: Microsoft Internet Information Services 10.0
#Version: 1.0
#Date: 2018-05-23 11:08:57
#Fields: date time s-ip cs-method cs-uri-stem cs-uri-query s-port cs-username c-ip cs(User-Agent) cs(Referer) sc-status sc-substatus sc-win32-status time-taken
2018-05-23 11:08:57 ::1 POST /Service1.svc - 49474 - ::1 - - 200 0 0 2594
2018-05-23 11:08:57 ::1 POST /Service1.svc - 49474 - ::1 - - 200 0 0 351
2018-05-23 11:08:57 ::1 POST /Service1.svc - 49474 - ::1 - - 200 0 0 86
2018-05-23 11:08:58 ::1 POST /Service1.svc - 49474 - ::1 - - 200 0 0 228
2018-05-23 11:09:03 ::1 POST /Service1.svc - 49474 - ::1 - - 200 0 0 22
2018-05-23 11:09:03 ::1 POST /Service1.svc - 49474 - ::1 - - 200 0 0 28
2018-05-23 11:09:03 ::1 POST /Service1.svc - 49474 - ::1 - - 200 0 0 37
2018-05-23 11:09:03 ::1 POST /Service1.svc - 49474 - ::1 - - 200 0 0 36
2018-05-23 11:09:03 ::1 POST /Service1.svc - 49474 - ::1 - - 200 0 0 18
2018-05-23 11:09:05 ::1 POST /Service1.svc - 49474 - ::1 - - 200 0 0 36
2018-05-23 11:09:05 ::1 POST /Service1.svc - 49474 - ::1 - - 200 0 0 86
2018-05-23 11:09:05 ::1 POST /Service1.svc - 49474 - ::1 - - 200 0 0 80
2018-05-23 11:09:05 ::1 POST /Service1.svc - 49474 - ::1 - - 200 0 0 27
2018-05-23 11:09:05 ::1 POST /Service1.svc - 49474 - ::1 - - 200 0 0 126
2018-05-23 11:09:05 ::1 POST /Service1.svc - 49474 - ::1 - - 200 0 0 268
2018-05-23 11:09:05 ::1 POST /Service1.svc - 49474 - ::1 - - 200 0 0 159
2018-05-23 11:09:07 ::1 POST /Service1.svc - 49474 - ::1 - - 200 0 0 250
2018-05-23 11:09:07 ::1 POST /Service1.svc - 49474 - ::1 - - 200 0 0 443
2018-05-23 11:09:07 ::1 POST /Service1.svc - 49474 - ::1 - - 200 0 0 23
2018-05-23 11:09:07 ::1 POST /Service1.svc - 49474 - ::1 - - 200 0 0 395
2018-05-23 11:09:08 ::1 POST /Service1.svc - 49474 - ::1 - - 200 0 0 341
2018-05-23 11:09:08 ::1 POST /Service1.svc - 49474 - ::1 - - 200 0 0 291
2018-05-23 11:09:08 ::1 POST /Service1.svc - 49474 - ::1 - - 200 0 0 246
2018-05-23 11:09:08 ::1 POST /Service1.svc - 49474 - ::1 - - 200 0 0 168
2018-05-23 11:09:09 ::1 POST /Service1.svc - 49474 - ::1 - - 200 0 0 163
2018-05-23 11:09:09 ::1 POST /Service1.svc - 49474 - ::1 - - 200 0 0 199
2018-05-23 11:09:15 ::1 POST /Service1.svc - 49474 - ::1 - - 200 0 0 54
2018-05-23 11:09:15 ::1 POST /Service1.svc - 49474 - ::1 - - 200 0 0 42
2018-05-23 11:09:15 ::1 POST /Service1.svc - 49474 - ::1 - - 200 0 0 480
2018-05-23 11:09:23 ::1 POST /Service1.svc - 49474 - ::1 - - 200 0 0 23
2018-05-23 11:09:23 ::1 POST /Service1.svc - 49474 - ::1 - - 200 0 0 11
2018-05-23 11:09:23 ::1 POST /Service1.svc - 49474 - ::1 - - 200 0 0 10
2018-05-23 11:09:23 ::1 POST /Service1.svc - 49474 - ::1 - - 200 0 0 80
#Software: Microsoft Internet Information Services 10.0
#Version: 1.0
#Date: 2018-05-23 11:51:20
#Fields: date time s-ip cs-method cs-uri-stem cs-uri-query s-port cs-username c-ip cs(User-Agent) cs(Referer) sc-status sc-substatus sc-win32-status time-taken
2018-05-23 11:51:20 ::1 POST /Service1.svc - 49474 - ::1 - - 200 0 0 152
2018-05-23 11:51:20 ::1 POST /Service1.svc - 49474 - ::1 - - 200 0 0 12
2018-05-23 11:51:20 ::1 POST /Service1.svc - 49474 - ::1 - - 200 0 0 99
#Software: Microsoft Internet Information Services 10.0
#Version: 1.0
#Date: 2018-05-23 12:19:50
#Fields: date time s-ip cs-method cs-uri-stem cs-uri-query s-port cs-username c-ip cs(User-Agent) cs(Referer) sc-status sc-substatus sc-win32-status time-taken
2018-05-23 12:19:50 ::1 POST /Service1.svc - 49474 - ::1 - - 200 0 0 745
2018-05-23 12:19:50 ::1 POST /Service1.svc - 49474 - ::1 - - 200 0 0 269
2018-05-23 12:19:50 ::1 POST /Service1.svc - 49474 - ::1 - - 200 0 0 361
