#Software: Microsoft Internet Information Services 10.0
#Version: 1.0
#Date: 2018-04-02 05:25:47
#Fields: date time s-ip cs-method cs-uri-stem cs-uri-query s-port cs-username c-ip cs(User-Agent) cs(Referer) sc-status sc-substatus sc-win32-status time-taken
2018-04-02 05:25:47 ::1 POST /Service1.svc - 49474 - ::1 - - 415 0 0 36667
2018-04-02 05:25:47 ::1 POST /Service1.svc/mex - 49474 - ::1 - - 415 0 0 22
2018-04-02 05:25:50 ::1 GET /Service1.svc - 49474 - ::1 Mozilla/4.0+(compatible;+MSIE+6.0;+MS+Web+Services+Client+Protocol+4.0.30319.42000) - 200 0 0 3483
2018-04-02 05:25:50 ::1 GET /Service1.svc disco 49474 - ::1 Mozilla/4.0+(compatible;+MSIE+6.0;+MS+Web+Services+Client+Protocol+4.0.30319.42000) - 200 0 0 17
2018-04-02 05:25:52 ::1 GET /Service1.svc wsdl 49474 - ::1 Mozilla/4.0+(compatible;+MSIE+6.0;+MS+Web+Services+Client+Protocol+4.0.30319.42000) - 200 0 0 1038
2018-04-02 05:25:54 ::1 GET /Service1.svc xsd=xsd0 49474 - ::1 Mozilla/4.0+(compatible;+MSIE+6.0;+MS+Web+Services+Client+Protocol+4.0.30319.42000) - 200 0 0 1661
2018-04-02 05:25:54 ::1 GET /Service1.svc xsd=xsd2 49474 - ::1 Mozilla/4.0+(compatible;+MSIE+6.0;+MS+Web+Services+Client+Protocol+4.0.30319.42000) - 200 0 0 7
2018-04-02 05:25:54 ::1 GET /Service1.svc xsd=xsd3 49474 - ::1 Mozilla/4.0+(compatible;+MSIE+6.0;+MS+Web+Services+Client+Protocol+4.0.30319.42000) - 200 0 0 10
2018-04-02 05:25:54 ::1 GET /Service1.svc xsd=xsd1 49474 - ::1 Mozilla/4.0+(compatible;+MSIE+6.0;+MS+Web+Services+Client+Protocol+4.0.30319.42000) - 200 0 0 14
2018-04-02 05:27:52 ::1 POST /Service1.svc - 49474 - ::1 - - 200 0 0 996
2018-04-02 05:28:00 ::1 POST /Service1.svc - 49474 - ::1 - - 200 0 0 291
2018-04-02 05:28:03 ::1 POST /Service1.svc - 49474 - ::1 - - 200 0 0 48
2018-04-02 05:28:13 ::1 POST /Service1.svc - 49474 - ::1 - - 200 0 0 230
2018-04-02 05:28:13 ::1 POST /Service1.svc - 49474 - ::1 - - 200 0 0 101
2018-04-02 05:28:13 ::1 POST /Service1.svc - 49474 - ::1 - - 200 0 0 20
2018-04-02 05:28:15 ::1 POST /Service1.svc - 49474 - ::1 - - 200 0 0 77
2018-04-02 05:28:37 ::1 POST /Service1.svc - 49474 - ::1 - - 200 0 0 591
2018-04-02 05:28:39 ::1 POST /Service1.svc - 49474 - ::1 - - 200 0 0 158
2018-04-02 05:28:39 ::1 POST /Service1.svc - 49474 - ::1 - - 200 0 0 67
2018-04-02 05:28:48 ::1 POST /Service1.svc - 49474 - ::1 - - 200 0 0 23
2018-04-02 05:28:50 ::1 POST /Service1.svc - 49474 - ::1 - - 200 0 0 48
2018-04-02 05:28:52 ::1 POST /Service1.svc - 49474 - ::1 - - 200 0 0 98
2018-04-02 05:28:59 ::1 POST /Service1.svc - 49474 - ::1 - - 200 0 0 344
2018-04-02 05:29:04 ::1 POST /Service1.svc - 49474 - ::1 - - 200 0 0 55
2018-04-02 05:29:04 ::1 POST /Service1.svc - 49474 - ::1 - - 200 0 0 57
2018-04-02 05:30:17 ::1 POST /Service1.svc - 49474 - ::1 - - 200 0 0 190
2018-04-02 05:30:20 ::1 POST /Service1.svc - 49474 - ::1 - - 200 0 0 2340
2018-04-02 05:30:22 ::1 POST /Service1.svc - 49474 - ::1 - - 200 0 0 45
2018-04-02 05:30:22 ::1 POST /Service1.svc - 49474 - ::1 - - 200 0 0 22
2018-04-02 05:30:25 ::1 POST /Service1.svc - 49474 - ::1 - - 200 0 0 16
2018-04-02 05:30:25 ::1 POST /Service1.svc - 49474 - ::1 - - 200 0 0 24
2018-04-02 05:30:25 ::1 POST /Service1.svc - 49474 - ::1 - - 200 0 0 216
2018-04-02 05:30:29 ::1 POST /Service1.svc - 49474 - ::1 - - 200 0 0 67
2018-04-02 05:30:36 ::1 POST /Service1.svc - 49474 - ::1 - - 200 0 0 203
2018-04-02 05:30:42 ::1 POST /Service1.svc - 49474 - ::1 - - 200 0 0 59
2018-04-02 05:30:42 ::1 POST /Service1.svc - 49474 - ::1 - - 200 0 0 64
2018-04-02 05:30:42 ::1 POST /Service1.svc - 49474 - ::1 - - 200 0 0 69
2018-04-02 05:30:42 ::1 POST /Service1.svc - 49474 - ::1 - - 200 0 0 74
2018-04-02 05:30:56 ::1 POST /Service1.svc - 49474 - ::1 - - 200 0 0 133
2018-04-02 05:31:24 ::1 POST /Service1.svc - 49474 - ::1 - - 200 0 0 129
2018-04-02 05:31:52 ::1 POST /Service1.svc - 49474 - ::1 - - 200 0 0 68
2018-04-02 05:32:06 ::1 POST /Service1.svc - 49474 - ::1 - - 200 0 0 62
2018-04-02 05:32:17 ::1 POST /Service1.svc - 49474 - ::1 - - 200 0 0 16
2018-04-02 05:32:31 ::1 POST /Service1.svc - 49474 - ::1 - - 200 0 0 95
2018-04-02 05:32:39 ::1 POST /Service1.svc - 49474 - ::1 - - 200 0 0 138
2018-04-02 05:32:41 ::1 POST /Service1.svc - 49474 - ::1 - - 200 0 0 59
2018-04-02 05:32:41 ::1 POST /Service1.svc - 49474 - ::1 - - 200 0 0 14
2018-04-02 05:32:41 ::1 POST /Service1.svc - 49474 - ::1 - - 200 0 0 62
2018-04-02 05:32:41 ::1 POST /Service1.svc - 49474 - ::1 - - 200 0 0 64
2018-04-02 05:32:41 ::1 POST /Service1.svc - 49474 - ::1 - - 200 0 0 73
2018-04-02 05:32:41 ::1 POST /Service1.svc - 49474 - ::1 - - 200 0 0 26
2018-04-02 05:32:41 ::1 POST /Service1.svc - 49474 - ::1 - - 200 0 0 19
2018-04-02 05:32:41 ::1 POST /Service1.svc - 49474 - ::1 - - 200 0 0 9
2018-04-02 05:32:41 ::1 POST /Service1.svc - 49474 - ::1 - - 200 0 0 123
2018-04-02 05:32:41 ::1 POST /Service1.svc - 49474 - ::1 - - 200 0 0 52
2018-04-02 05:32:41 ::1 POST /Service1.svc - 49474 - ::1 - - 200 0 0 32
2018-04-02 05:32:41 ::1 POST /Service1.svc - 49474 - ::1 - - 200 0 0 13
2018-04-02 05:32:41 ::1 POST /Service1.svc - 49474 - ::1 - - 200 0 0 49
2018-04-02 05:32:41 ::1 POST /Service1.svc - 49474 - ::1 - - 200 0 0 50
2018-04-02 05:32:41 ::1 POST /Service1.svc - 49474 - ::1 - - 200 0 0 91
2018-04-02 05:32:41 ::1 POST /Service1.svc - 49474 - ::1 - - 200 0 0 16
2018-04-02 05:32:41 ::1 POST /Service1.svc - 49474 - ::1 - - 200 0 0 17
2018-04-02 05:32:41 ::1 POST /Service1.svc - 49474 - ::1 - - 200 0 0 21
2018-04-02 05:32:41 ::1 POST /Service1.svc - 49474 - ::1 - - 200 0 0 21
2018-04-02 05:32:41 ::1 POST /Service1.svc - 49474 - ::1 - - 200 0 0 86
2018-04-02 05:32:41 ::1 POST /Service1.svc - 49474 - ::1 - - 200 0 0 37
2018-04-02 05:32:41 ::1 POST /Service1.svc - 49474 - ::1 - - 200 0 0 25
2018-04-02 05:32:41 ::1 POST /Service1.svc - 49474 - ::1 - - 200 0 0 47
2018-04-02 05:32:41 ::1 POST /Service1.svc - 49474 - ::1 - - 200 0 0 14
2018-04-02 05:32:42 ::1 POST /Service1.svc - 49474 - ::1 - - 200 0 0 28
2018-04-02 05:32:51 ::1 POST /Service1.svc - 49474 - ::1 - - 200 0 0 9
2018-04-02 05:32:51 ::1 POST /Service1.svc - 49474 - ::1 - - 200 0 0 17
2018-04-02 05:32:51 ::1 POST /Service1.svc - 49474 - ::1 - - 200 0 0 9
2018-04-02 05:32:51 ::1 POST /Service1.svc - 49474 - ::1 - - 200 0 0 27
2018-04-02 05:32:51 ::1 POST /Service1.svc - 49474 - ::1 - - 200 0 0 15
2018-04-02 05:32:51 ::1 POST /Service1.svc - 49474 - ::1 - - 200 0 0 10
2018-04-02 05:32:51 ::1 POST /Service1.svc - 49474 - ::1 - - 200 0 0 13
2018-04-02 05:32:54 ::1 POST /Service1.svc - 49474 - ::1 - - 200 0 0 21
2018-04-02 05:33:01 ::1 POST /Service1.svc - 49474 - ::1 - - 200 0 0 98
2018-04-02 05:33:04 ::1 POST /Service1.svc - 49474 - ::1 - - 200 0 0 21
2018-04-02 05:33:04 ::1 POST /Service1.svc - 49474 - ::1 - - 200 0 0 276
2018-04-02 05:33:04 ::1 POST /Service1.svc - 49474 - ::1 - - 200 0 0 10
2018-04-02 05:33:04 ::1 POST /Service1.svc - 49474 - ::1 - - 200 0 0 12
2018-04-02 05:33:04 ::1 POST /Service1.svc - 49474 - ::1 - - 200 0 0 19
2018-04-02 05:33:04 ::1 POST /Service1.svc - 49474 - ::1 - - 200 0 0 18
2018-04-02 05:33:04 ::1 POST /Service1.svc - 49474 - ::1 - - 200 0 0 20
2018-04-02 05:33:04 ::1 POST /Service1.svc - 49474 - ::1 - - 200 0 0 17
2018-04-02 05:33:04 ::1 POST /Service1.svc - 49474 - ::1 - - 200 0 0 12
2018-04-02 05:33:04 ::1 POST /Service1.svc - 49474 - ::1 - - 200 0 0 20
2018-04-02 05:33:04 ::1 POST /Service1.svc - 49474 - ::1 - - 200 0 0 173
2018-04-02 05:33:04 ::1 POST /Service1.svc - 49474 - ::1 - - 200 0 0 157
2018-04-02 05:33:12 ::1 POST /Service1.svc - 49474 - ::1 - - 200 0 0 89
2018-04-02 05:33:14 ::1 POST /Service1.svc - 49474 - ::1 - - 200 0 0 43
2018-04-02 05:33:14 ::1 POST /Service1.svc - 49474 - ::1 - - 200 0 0 58
2018-04-02 05:33:21 ::1 POST /Service1.svc - 49474 - ::1 - - 200 0 0 66
2018-04-02 05:33:23 ::1 POST /Service1.svc - 49474 - ::1 - - 200 0 0 39
2018-04-02 05:33:23 ::1 POST /Service1.svc - 49474 - ::1 - - 200 0 0 32
2018-04-02 05:33:23 ::1 POST /Service1.svc - 49474 - ::1 - - 200 0 0 57
2018-04-02 05:33:23 ::1 POST /Service1.svc - 49474 - ::1 - - 200 0 0 39
2018-04-02 05:33:23 ::1 POST /Service1.svc - 49474 - ::1 - - 200 0 0 23
2018-04-02 05:33:23 ::1 POST /Service1.svc - 49474 - ::1 - - 200 0 0 17
2018-04-02 05:33:23 ::1 POST /Service1.svc - 49474 - ::1 - - 200 0 0 59
2018-04-02 05:33:23 ::1 POST /Service1.svc - 49474 - ::1 - - 200 0 0 74
2018-04-02 05:33:23 ::1 POST /Service1.svc - 49474 - ::1 - - 200 0 0 18
2018-04-02 05:33:23 ::1 POST /Service1.svc - 49474 - ::1 - - 200 0 0 13
2018-04-02 05:33:23 ::1 POST /Service1.svc - 49474 - ::1 - - 200 0 0 17
2018-04-02 05:33:23 ::1 POST /Service1.svc - 49474 - ::1 - - 200 0 0 21
2018-04-02 05:33:23 ::1 POST /Service1.svc - 49474 - ::1 - - 200 0 0 17
2018-04-02 05:33:23 ::1 POST /Service1.svc - 49474 - ::1 - - 200 0 0 16
2018-04-02 05:33:23 ::1 POST /Service1.svc - 49474 - ::1 - - 200 0 0 33
2018-04-02 05:33:23 ::1 POST /Service1.svc - 49474 - ::1 - - 200 0 0 66
2018-04-02 05:33:23 ::1 POST /Service1.svc - 49474 - ::1 - - 200 0 0 34
2018-04-02 05:33:23 ::1 POST /Service1.svc - 49474 - ::1 - - 200 0 0 16
2018-04-02 05:33:23 ::1 POST /Service1.svc - 49474 - ::1 - - 200 0 0 13
2018-04-02 05:33:23 ::1 POST /Service1.svc - 49474 - ::1 - - 200 0 0 18
2018-04-02 05:33:23 ::1 POST /Service1.svc - 49474 - ::1 - - 200 0 0 18
2018-04-02 05:33:23 ::1 POST /Service1.svc - 49474 - ::1 - - 200 0 0 12
2018-04-02 05:33:23 ::1 POST /Service1.svc - 49474 - ::1 - - 200 0 0 119
2018-04-02 05:33:26 ::1 POST /Service1.svc - 49474 - ::1 - - 200 0 0 40
2018-04-02 05:39:25 ::1 POST /Service1.svc - 49474 - ::1 - - 200 0 0 33
2018-04-02 05:39:32 ::1 POST /Service1.svc - 49474 - ::1 - - 200 0 0 52
2018-04-02 05:39:39 ::1 POST /Service1.svc - 49474 - ::1 - - 200 0 0 30
2018-04-02 05:39:45 ::1 POST /Service1.svc - 49474 - ::1 - - 200 0 0 66
2018-04-02 05:39:52 ::1 POST /Service1.svc - 49474 - ::1 - - 200 0 0 62
2018-04-02 05:39:54 ::1 POST /Service1.svc - 49474 - ::1 - - 200 0 0 42
2018-04-02 05:39:54 ::1 POST /Service1.svc - 49474 - ::1 - - 200 0 0 23
2018-04-02 05:39:54 ::1 POST /Service1.svc - 49474 - ::1 - - 200 0 0 24
2018-04-02 05:39:54 ::1 POST /Service1.svc - 49474 - ::1 - - 200 0 0 41
2018-04-02 05:39:56 ::1 POST /Service1.svc - 49474 - ::1 - - 200 0 0 39
2018-04-02 05:40:01 ::1 POST /Service1.svc - 49474 - ::1 - - 200 0 0 48
2018-04-02 05:40:03 ::1 POST /Service1.svc - 49474 - ::1 - - 200 0 0 53
2018-04-02 05:40:03 ::1 POST /Service1.svc - 49474 - ::1 - - 200 0 0 144
2018-04-02 05:40:03 ::1 POST /Service1.svc - 49474 - ::1 - - 200 0 0 18
2018-04-02 05:40:05 ::1 POST /Service1.svc - 49474 - ::1 - - 200 0 0 85
2018-04-02 05:40:10 ::1 POST /Service1.svc - 49474 - ::1 - - 200 0 0 26
2018-04-02 05:40:12 ::1 POST /Service1.svc - 49474 - ::1 - - 200 0 0 77
2018-04-02 05:40:14 ::1 POST /Service1.svc - 49474 - ::1 - - 200 0 0 34
2018-04-02 05:40:19 ::1 POST /Service1.svc - 49474 - ::1 - - 200 0 0 20
2018-04-02 05:40:22 ::1 POST /Service1.svc - 49474 - ::1 - - 200 0 0 72
2018-04-02 05:40:22 ::1 POST /Service1.svc - 49474 - ::1 - - 200 0 0 104
2018-04-02 05:40:23 ::1 POST /Service1.svc - 49474 - ::1 - - 200 0 0 22
2018-04-02 05:40:29 ::1 POST /Service1.svc - 49474 - ::1 - - 200 0 0 43
2018-04-02 05:40:31 ::1 POST /Service1.svc - 49474 - ::1 - - 200 0 0 43
2018-04-02 05:40:31 ::1 POST /Service1.svc - 49474 - ::1 - - 200 0 0 31
2018-04-02 05:40:31 ::1 POST /Service1.svc - 49474 - ::1 - - 200 0 0 120
2018-04-02 05:40:40 ::1 POST /Service1.svc - 49474 - ::1 - - 200 0 0 120
2018-04-02 05:47:04 ::1 POST /Service1.svc - 49474 - ::1 - - 200 0 0 48
2018-04-02 05:50:06 ::1 POST /Service1.svc - 49474 - ::1 - - 200 0 0 48
