#Software: Microsoft Internet Information Services 10.0
#Version: 1.0
#Date: 2018-05-26 10:13:29
#Fields: date time s-ip cs-method cs-uri-stem cs-uri-query s-port cs-username c-ip cs(User-Agent) cs(Referer) sc-status sc-substatus sc-win32-status time-taken
2018-05-26 10:13:29 ::1 POST /Service1.svc - 49474 - ::1 - - 415 0 0 99240
2018-05-26 10:13:29 ::1 POST /Service1.svc/mex - 49474 - ::1 - - 415 0 0 49
2018-05-26 10:13:37 ::1 GET /Service1.svc - 49474 - ::1 Mozilla/4.0+(compatible;+MSIE+6.0;+MS+Web+Services+Client+Protocol+4.0.30319.42000) - 200 0 0 6812
2018-05-26 10:13:37 ::1 GET /Service1.svc disco 49474 - ::1 Mozilla/4.0+(compatible;+MSIE+6.0;+MS+Web+Services+Client+Protocol+4.0.30319.42000) - 200 0 0 52
2018-05-26 10:13:37 ::1 GET /Service1.svc wsdl 49474 - ::1 Mozilla/4.0+(compatible;+MSIE+6.0;+MS+Web+Services+Client+Protocol+4.0.30319.42000) - 200 0 0 296
2018-05-26 10:13:42 ::1 GET /Service1.svc xsd=xsd0 49474 - ::1 Mozilla/4.0+(compatible;+MSIE+6.0;+MS+Web+Services+Client+Protocol+4.0.30319.42000) - 200 0 0 4137
2018-05-26 10:13:42 ::1 GET /Service1.svc xsd=xsd2 49474 - ::1 Mozilla/4.0+(compatible;+MSIE+6.0;+MS+Web+Services+Client+Protocol+4.0.30319.42000) - 200 0 0 30
2018-05-26 10:13:42 ::1 GET /Service1.svc xsd=xsd3 49474 - ::1 Mozilla/4.0+(compatible;+MSIE+6.0;+MS+Web+Services+Client+Protocol+4.0.30319.42000) - 200 0 0 14
2018-05-26 10:13:42 ::1 GET /Service1.svc xsd=xsd1 49474 - ::1 Mozilla/4.0+(compatible;+MSIE+6.0;+MS+Web+Services+Client+Protocol+4.0.30319.42000) - 200 0 0 50
#Software: Microsoft Internet Information Services 10.0
#Version: 1.0
#Date: 2018-05-26 10:54:16
#Fields: date time s-ip cs-method cs-uri-stem cs-uri-query s-port cs-username c-ip cs(User-Agent) cs(Referer) sc-status sc-substatus sc-win32-status time-taken
2018-05-26 10:54:16 ::1 GET /Service1.svc - 49474 - ::1 Mozilla/4.0+(compatible;+MSIE+6.0;+MS+Web+Services+Client+Protocol+4.0.30319.42000) - 200 0 0 140
2018-05-26 10:54:16 ::1 GET /Service1.svc disco 49474 - ::1 Mozilla/4.0+(compatible;+MSIE+6.0;+MS+Web+Services+Client+Protocol+4.0.30319.42000) - 200 0 0 126
2018-05-26 10:54:16 ::1 GET /Service1.svc/$metadata - 49474 - ::1 Mozilla/4.0+(compatible;+MSIE+6.0;+MS+Web+Services+Client+Protocol+4.0.30319.42000) - 400 0 0 618
2018-05-26 10:54:16 ::1 GET /Service1.svc wsdl 49474 - ::1 Mozilla/4.0+(compatible;+MSIE+6.0;+MS+Web+Services+Client+Protocol+4.0.30319.42000) - 200 0 0 113
2018-05-26 10:54:16 ::1 GET /Service1.svc xsd=xsd0 49474 - ::1 Mozilla/4.0+(compatible;+MSIE+6.0;+MS+Web+Services+Client+Protocol+4.0.30319.42000) - 200 0 0 28
2018-05-26 10:54:16 ::1 GET /Service1.svc xsd=xsd2 49474 - ::1 Mozilla/4.0+(compatible;+MSIE+6.0;+MS+Web+Services+Client+Protocol+4.0.30319.42000) - 200 0 0 33
2018-05-26 10:54:16 ::1 GET /Service1.svc xsd=xsd3 49474 - ::1 Mozilla/4.0+(compatible;+MSIE+6.0;+MS+Web+Services+Client+Protocol+4.0.30319.42000) - 200 0 0 24
2018-05-26 10:54:16 ::1 GET /Service1.svc xsd=xsd1 49474 - ::1 Mozilla/4.0+(compatible;+MSIE+6.0;+MS+Web+Services+Client+Protocol+4.0.30319.42000) - 200 0 0 36
2018-05-26 10:54:19 ::1 POST /Service1.svc/mex - 49474 - ::1 - - 415 0 0 12
2018-05-26 10:54:19 ::1 POST /Service1.svc - 49474 - ::1 - - 415 0 0 6
2018-05-26 10:56:18 ::1 POST /Service1.svc - 49474 - ::1 - - 200 0 0 2744
2018-05-26 10:56:18 ::1 POST /Service1.svc - 49474 - ::1 - - 200 0 0 424
2018-05-26 10:56:19 ::1 POST /Service1.svc - 49474 - ::1 - - 200 0 0 317
2018-05-26 10:56:19 ::1 POST /Service1.svc - 49474 - ::1 - - 200 0 0 213
2018-05-26 10:56:19 ::1 POST /Service1.svc - 49474 - ::1 - - 200 0 0 23
2018-05-26 10:56:19 ::1 POST /Service1.svc - 49474 - ::1 - - 200 0 0 36
2018-05-26 10:56:19 ::1 POST /Service1.svc - 49474 - ::1 - - 200 0 0 25
2018-05-26 10:56:19 ::1 POST /Service1.svc - 49474 - ::1 - - 200 0 0 55
2018-05-26 10:56:19 ::1 POST /Service1.svc - 49474 - ::1 - - 200 0 0 83
2018-05-26 10:56:19 ::1 POST /Service1.svc - 49474 - ::1 - - 200 0 0 75
2018-05-26 10:56:19 ::1 POST /Service1.svc - 49474 - ::1 - - 200 0 0 89
2018-05-26 10:56:19 ::1 POST /Service1.svc - 49474 - ::1 - - 200 0 0 56
2018-05-26 10:56:19 ::1 POST /Service1.svc - 49474 - ::1 - - 200 0 0 44
2018-05-26 10:56:22 ::1 POST /Service1.svc - 49474 - ::1 - - 200 0 0 10
2018-05-26 10:56:22 ::1 POST /Service1.svc - 49474 - ::1 - - 200 0 0 16
2018-05-26 10:56:22 ::1 POST /Service1.svc - 49474 - ::1 - - 200 0 0 19
2018-05-26 10:56:22 ::1 POST /Service1.svc - 49474 - ::1 - - 200 0 0 38
2018-05-26 10:56:22 ::1 POST /Service1.svc - 49474 - ::1 - - 200 0 0 151
2018-05-26 10:56:22 ::1 POST /Service1.svc - 49474 - ::1 - - 200 0 0 21
2018-05-26 10:56:22 ::1 POST /Service1.svc - 49474 - ::1 - - 200 0 0 161
2018-05-26 10:56:22 ::1 POST /Service1.svc - 49474 - ::1 - - 200 0 0 20
2018-05-26 10:56:22 ::1 POST /Service1.svc - 49474 - ::1 - - 200 0 0 32
2018-05-26 10:56:22 ::1 POST /Service1.svc - 49474 - ::1 - - 200 0 0 23
2018-05-26 10:56:22 ::1 POST /Service1.svc - 49474 - ::1 - - 200 0 0 40
2018-05-26 10:56:22 ::1 POST /Service1.svc - 49474 - ::1 - - 200 0 0 104
2018-05-26 10:56:22 ::1 POST /Service1.svc - 49474 - ::1 - - 200 0 0 40
2018-05-26 10:56:23 ::1 POST /Service1.svc - 49474 - ::1 - - 200 0 0 250
2018-05-26 10:56:26 ::1 POST /Service1.svc - 49474 - ::1 - - 200 0 0 72
2018-05-26 10:56:26 ::1 POST /Service1.svc - 49474 - ::1 - - 200 0 0 34
2018-05-26 10:56:26 ::1 POST /Service1.svc - 49474 - ::1 - - 200 0 0 41
2018-05-26 10:56:26 ::1 POST /Service1.svc - 49474 - ::1 - - 200 0 0 34
2018-05-26 10:56:26 ::1 POST /Service1.svc - 49474 - ::1 - - 200 0 0 36
2018-05-26 10:56:26 ::1 POST /Service1.svc - 49474 - ::1 - - 200 0 0 22
2018-05-26 10:56:26 ::1 POST /Service1.svc - 49474 - ::1 - - 200 0 0 51
2018-05-26 10:56:26 ::1 POST /Service1.svc - 49474 - ::1 - - 200 0 0 60
2018-05-26 10:56:26 ::1 POST /Service1.svc - 49474 - ::1 - - 200 0 0 21
2018-05-26 10:56:26 ::1 POST /Service1.svc - 49474 - ::1 - - 200 0 0 23
2018-05-26 10:56:26 ::1 POST /Service1.svc - 49474 - ::1 - - 200 0 0 17
2018-05-26 10:56:26 ::1 POST /Service1.svc - 49474 - ::1 - - 200 0 0 26
2018-05-26 10:56:26 ::1 POST /Service1.svc - 49474 - ::1 - - 200 0 0 77
2018-05-26 10:56:29 ::1 POST /Service1.svc - 49474 - ::1 - - 200 0 0 37
2018-05-26 10:56:29 ::1 POST /Service1.svc - 49474 - ::1 - - 200 0 0 36
2018-05-26 10:56:29 ::1 POST /Service1.svc - 49474 - ::1 - - 200 0 0 42
2018-05-26 10:56:29 ::1 POST /Service1.svc - 49474 - ::1 - - 200 0 0 45
2018-05-26 10:56:29 ::1 POST /Service1.svc - 49474 - ::1 - - 200 0 0 26
2018-05-26 10:56:29 ::1 POST /Service1.svc - 49474 - ::1 - - 200 0 0 27
2018-05-26 10:56:29 ::1 POST /Service1.svc - 49474 - ::1 - - 200 0 0 71
2018-05-26 10:56:29 ::1 POST /Service1.svc - 49474 - ::1 - - 200 0 0 55
2018-05-26 10:56:29 ::1 POST /Service1.svc - 49474 - ::1 - - 200 0 0 19
2018-05-26 10:56:29 ::1 POST /Service1.svc - 49474 - ::1 - - 200 0 0 17
2018-05-26 10:56:29 ::1 POST /Service1.svc - 49474 - ::1 - - 200 0 0 22
2018-05-26 10:56:29 ::1 POST /Service1.svc - 49474 - ::1 - - 200 0 0 24
2018-05-26 10:56:29 ::1 POST /Service1.svc - 49474 - ::1 - - 200 0 0 29
2018-05-26 10:56:29 ::1 POST /Service1.svc - 49474 - ::1 - - 200 0 0 341
2018-05-26 10:56:29 ::1 POST /Service1.svc - 49474 - ::1 - - 200 0 0 48
2018-05-26 10:56:31 ::1 POST /Service1.svc - 49474 - ::1 - - 200 0 0 213
2018-05-26 10:56:31 ::1 POST /Service1.svc - 49474 - ::1 - - 200 0 0 96
2018-05-26 10:56:31 ::1 POST /Service1.svc - 49474 - ::1 - - 200 0 0 125
2018-05-26 10:56:31 ::1 POST /Service1.svc - 49474 - ::1 - - 200 0 0 119
2018-05-26 10:56:31 ::1 POST /Service1.svc - 49474 - ::1 - - 200 0 0 40
2018-05-26 11:00:06 ::1 POST /Service1.svc - 49474 - ::1 - - 200 0 0 126
2018-05-26 11:00:06 ::1 POST /Service1.svc - 49474 - ::1 - - 200 0 0 20
2018-05-26 11:00:06 ::1 POST /Service1.svc - 49474 - ::1 - - 200 0 0 49
2018-05-26 11:00:06 ::1 POST /Service1.svc - 49474 - ::1 - - 200 0 0 69
2018-05-26 11:00:06 ::1 POST /Service1.svc - 49474 - ::1 - - 200 0 0 24
2018-05-26 11:00:06 ::1 POST /Service1.svc - 49474 - ::1 - - 200 0 0 31
2018-05-26 11:00:06 ::1 POST /Service1.svc - 49474 - ::1 - - 200 0 0 95
2018-05-26 11:00:06 ::1 POST /Service1.svc - 49474 - ::1 - - 200 0 0 499
2018-05-26 11:00:06 ::1 POST /Service1.svc - 49474 - ::1 - - 200 0 0 27
2018-05-26 11:00:06 ::1 POST /Service1.svc - 49474 - ::1 - - 200 0 0 29
2018-05-26 11:00:07 ::1 POST /Service1.svc - 49474 - ::1 - - 200 0 0 50
2018-05-26 11:00:07 ::1 POST /Service1.svc - 49474 - ::1 - - 200 0 0 21
2018-05-26 11:00:07 ::1 POST /Service1.svc - 49474 - ::1 - - 200 0 0 28
2018-05-26 11:00:10 ::1 POST /Service1.svc - 49474 - ::1 - - 200 0 0 28
2018-05-26 11:00:10 ::1 POST /Service1.svc - 49474 - ::1 - - 200 0 0 39
2018-05-26 11:00:10 ::1 POST /Service1.svc - 49474 - ::1 - - 200 0 0 27
2018-05-26 11:00:10 ::1 POST /Service1.svc - 49474 - ::1 - - 200 0 0 24
2018-05-26 11:00:10 ::1 POST /Service1.svc - 49474 - ::1 - - 200 0 0 17
2018-05-26 11:00:10 ::1 POST /Service1.svc - 49474 - ::1 - - 200 0 0 46
2018-05-26 11:00:10 ::1 POST /Service1.svc - 49474 - ::1 - - 200 0 0 34
2018-05-26 11:00:10 ::1 POST /Service1.svc - 49474 - ::1 - - 200 0 0 20
2018-05-26 11:00:10 ::1 POST /Service1.svc - 49474 - ::1 - - 200 0 0 126
2018-05-26 11:00:10 ::1 POST /Service1.svc - 49474 - ::1 - - 200 0 0 49
2018-05-26 11:00:10 ::1 POST /Service1.svc - 49474 - ::1 - - 200 0 0 47
2018-05-26 11:00:10 ::1 POST /Service1.svc - 49474 - ::1 - - 200 0 0 61
2018-05-26 11:00:10 ::1 POST /Service1.svc - 49474 - ::1 - - 200 0 0 33
2018-05-26 11:00:10 ::1 POST /Service1.svc - 49474 - ::1 - - 200 0 0 40
2018-05-26 11:00:10 ::1 POST /Service1.svc - 49474 - ::1 - - 200 0 0 86
2018-05-26 11:00:11 ::1 POST /Service1.svc - 49474 - ::1 - - 200 0 0 86
2018-05-26 11:00:11 ::1 POST /Service1.svc - 49474 - ::1 - - 200 0 0 24
2018-05-26 11:00:11 ::1 POST /Service1.svc - 49474 - ::1 - - 200 0 0 87
2018-05-26 11:00:11 ::1 POST /Service1.svc - 49474 - ::1 - - 200 0 0 61
2018-05-26 11:00:11 ::1 POST /Service1.svc - 49474 - ::1 - - 200 0 0 74
2018-05-26 11:01:12 ::1 POST /Service1.svc - 49474 - ::1 - - 200 0 0 18
2018-05-26 11:01:12 ::1 POST /Service1.svc - 49474 - ::1 - - 200 0 0 83
2018-05-26 11:01:12 ::1 POST /Service1.svc - 49474 - ::1 - - 200 0 0 36
2018-05-26 11:01:12 ::1 POST /Service1.svc - 49474 - ::1 - - 200 0 0 28
2018-05-26 11:01:12 ::1 POST /Service1.svc - 49474 - ::1 - - 200 0 0 23
2018-05-26 11:01:12 ::1 POST /Service1.svc - 49474 - ::1 - - 200 0 0 188
2018-05-26 11:01:12 ::1 POST /Service1.svc - 49474 - ::1 - - 200 0 0 25
2018-05-26 11:01:12 ::1 POST /Service1.svc - 49474 - ::1 - - 200 0 0 94
2018-05-26 11:01:12 ::1 POST /Service1.svc - 49474 - ::1 - - 200 0 0 32
2018-05-26 11:01:12 ::1 POST /Service1.svc - 49474 - ::1 - - 200 0 0 30
2018-05-26 11:01:12 ::1 POST /Service1.svc - 49474 - ::1 - - 200 0 0 84
2018-05-26 11:01:12 ::1 POST /Service1.svc - 49474 - ::1 - - 200 0 0 114
2018-05-26 11:01:12 ::1 POST /Service1.svc - 49474 - ::1 - - 200 0 0 57
2018-05-26 11:01:16 ::1 POST /Service1.svc - 49474 - ::1 - - 200 0 0 27
2018-05-26 11:01:16 ::1 POST /Service1.svc - 49474 - ::1 - - 200 0 0 19
2018-05-26 11:01:16 ::1 POST /Service1.svc - 49474 - ::1 - - 200 0 0 26
2018-05-26 11:01:16 ::1 POST /Service1.svc - 49474 - ::1 - - 200 0 0 71
2018-05-26 11:01:16 ::1 POST /Service1.svc - 49474 - ::1 - - 200 0 0 30
2018-05-26 11:01:16 ::1 POST /Service1.svc - 49474 - ::1 - - 200 0 0 24
2018-05-26 11:01:16 ::1 POST /Service1.svc - 49474 - ::1 - - 200 0 0 17
2018-05-26 11:01:16 ::1 POST /Service1.svc - 49474 - ::1 - - 200 0 0 13
2018-05-26 11:01:16 ::1 POST /Service1.svc - 49474 - ::1 - - 200 0 0 13
2018-05-26 11:01:16 ::1 POST /Service1.svc - 49474 - ::1 - - 200 0 0 116
2018-05-26 11:01:16 ::1 POST /Service1.svc - 49474 - ::1 - - 200 0 0 26
2018-05-26 11:01:16 ::1 POST /Service1.svc - 49474 - ::1 - - 200 0 0 25
2018-05-26 11:01:16 ::1 POST /Service1.svc - 49474 - ::1 - - 200 0 0 18
2018-05-26 11:01:16 ::1 POST /Service1.svc - 49474 - ::1 - - 200 0 0 290
2018-05-26 11:01:17 ::1 POST /Service1.svc - 49474 - ::1 - - 200 0 0 289
2018-05-26 11:01:17 ::1 POST /Service1.svc - 49474 - ::1 - - 200 0 0 202
2018-05-26 11:01:19 ::1 POST /Service1.svc - 49474 - ::1 - - 200 0 0 81
2018-05-26 11:01:19 ::1 POST /Service1.svc - 49474 - ::1 - - 200 0 0 49
2018-05-26 11:01:19 ::1 POST /Service1.svc - 49474 - ::1 - - 200 0 0 32
2018-05-26 11:01:19 ::1 POST /Service1.svc - 49474 - ::1 - - 200 0 0 65
2018-05-26 11:01:19 ::1 POST /Service1.svc - 49474 - ::1 - - 200 0 0 105
2018-05-26 11:01:19 ::1 POST /Service1.svc - 49474 - ::1 - - 200 0 0 67
2018-05-26 11:01:19 ::1 POST /Service1.svc - 49474 - ::1 - - 200 0 0 179
2018-05-26 11:01:19 ::1 POST /Service1.svc - 49474 - ::1 - - 200 0 0 36
2018-05-26 11:01:19 ::1 POST /Service1.svc - 49474 - ::1 - - 200 0 0 25
2018-05-26 11:01:19 ::1 POST /Service1.svc - 49474 - ::1 - - 200 0 0 42
2018-05-26 11:01:19 ::1 POST /Service1.svc - 49474 - ::1 - - 200 0 0 138
2018-05-26 11:01:19 ::1 POST /Service1.svc - 49474 - ::1 - - 200 0 0 37
2018-05-26 11:01:19 ::1 POST /Service1.svc - 49474 - ::1 - - 200 0 0 26
2018-05-26 11:01:20 ::1 POST /Service1.svc - 49474 - ::1 - - 200 0 0 354
2018-05-26 11:01:20 ::1 POST /Service1.svc - 49474 - ::1 - - 200 0 0 74
2018-05-26 11:01:20 ::1 POST /Service1.svc - 49474 - ::1 - - 200 0 0 172
2018-05-26 11:01:20 ::1 POST /Service1.svc - 49474 - ::1 - - 200 0 0 27
2018-05-26 11:01:21 ::1 POST /Service1.svc - 49474 - ::1 - - 200 0 0 632
2018-05-26 11:01:21 ::1 POST /Service1.svc - 49474 - ::1 - - 200 0 0 151
2018-05-26 11:01:21 ::1 POST /Service1.svc - 49474 - ::1 - - 200 0 0 74
2018-05-26 11:01:22 ::1 POST /Service1.svc - 49474 - ::1 - - 200 0 0 140
2018-05-26 11:01:22 ::1 POST /Service1.svc - 49474 - ::1 - - 200 0 0 70
2018-05-26 11:01:22 ::1 POST /Service1.svc - 49474 - ::1 - - 200 0 0 47
2018-05-26 11:01:36 ::1 POST /Service1.svc - 49474 - ::1 - - 200 0 0 96
2018-05-26 11:01:38 ::1 POST /Service1.svc - 49474 - ::1 - - 200 0 0 198
2018-05-26 11:01:45 ::1 POST /Service1.svc - 49474 - ::1 - - 200 0 0 38
2018-05-26 11:01:45 ::1 POST /Service1.svc - 49474 - ::1 - - 200 0 0 32
2018-05-26 11:01:45 ::1 POST /Service1.svc - 49474 - ::1 - - 200 0 0 65
2018-05-26 11:01:45 ::1 POST /Service1.svc - 49474 - ::1 - - 200 0 0 27
2018-05-26 11:01:45 ::1 POST /Service1.svc - 49474 - ::1 - - 200 0 0 58
2018-05-26 11:01:45 ::1 POST /Service1.svc - 49474 - ::1 - - 200 0 0 18
2018-05-26 11:01:45 ::1 POST /Service1.svc - 49474 - ::1 - - 200 0 0 17
2018-05-26 11:01:45 ::1 POST /Service1.svc - 49474 - ::1 - - 200 0 0 19
2018-05-26 11:01:45 ::1 POST /Service1.svc - 49474 - ::1 - - 200 0 0 26
2018-05-26 11:01:45 ::1 POST /Service1.svc - 49474 - ::1 - - 200 0 0 81
2018-05-26 11:01:45 ::1 POST /Service1.svc - 49474 - ::1 - - 200 0 0 95
2018-05-26 11:01:45 ::1 POST /Service1.svc - 49474 - ::1 - - 200 0 0 57
2018-05-26 11:01:45 ::1 POST /Service1.svc - 49474 - ::1 - - 200 0 0 52
2018-05-26 11:01:48 ::1 POST /Service1.svc - 49474 - ::1 - - 200 0 0 17
2018-05-26 11:01:48 ::1 POST /Service1.svc - 49474 - ::1 - - 200 0 0 72
2018-05-26 11:01:48 ::1 POST /Service1.svc - 49474 - ::1 - - 200 0 0 18
2018-05-26 11:01:48 ::1 POST /Service1.svc - 49474 - ::1 - - 200 0 0 21
2018-05-26 11:01:48 ::1 POST /Service1.svc - 49474 - ::1 - - 200 0 0 69
2018-05-26 11:01:48 ::1 POST /Service1.svc - 49474 - ::1 - - 200 0 0 30
2018-05-26 11:01:48 ::1 POST /Service1.svc - 49474 - ::1 - - 200 0 0 20
2018-05-26 11:01:48 ::1 POST /Service1.svc - 49474 - ::1 - - 200 0 0 53
2018-05-26 11:01:48 ::1 POST /Service1.svc - 49474 - ::1 - - 200 0 0 32
2018-05-26 11:01:48 ::1 POST /Service1.svc - 49474 - ::1 - - 200 0 0 22
2018-05-26 11:01:48 ::1 POST /Service1.svc - 49474 - ::1 - - 200 0 0 46
2018-05-26 11:01:48 ::1 POST /Service1.svc - 49474 - ::1 - - 200 0 0 50
2018-05-26 11:01:48 ::1 POST /Service1.svc - 49474 - ::1 - - 200 0 0 114
2018-05-26 11:03:32 ::1 POST /Service1.svc - 49474 - ::1 - - 200 0 0 28
2018-05-26 11:03:32 ::1 POST /Service1.svc - 49474 - ::1 - - 200 0 0 34
2018-05-26 11:03:32 ::1 POST /Service1.svc - 49474 - ::1 - - 200 0 0 181
2018-05-26 11:03:32 ::1 POST /Service1.svc - 49474 - ::1 - - 200 0 0 41
2018-05-26 11:03:32 ::1 POST /Service1.svc - 49474 - ::1 - - 200 0 0 226
2018-05-26 11:03:32 ::1 POST /Service1.svc - 49474 - ::1 - - 200 0 0 63
2018-05-26 11:03:32 ::1 POST /Service1.svc - 49474 - ::1 - - 200 0 0 103
2018-05-26 11:03:32 ::1 POST /Service1.svc - 49474 - ::1 - - 200 0 0 92
2018-05-26 11:03:33 ::1 POST /Service1.svc - 49474 - ::1 - - 200 0 0 198
2018-05-26 11:03:33 ::1 POST /Service1.svc - 49474 - ::1 - - 200 0 0 33
2018-05-26 11:03:33 ::1 POST /Service1.svc - 49474 - ::1 - - 200 0 0 48
2018-05-26 11:03:33 ::1 POST /Service1.svc - 49474 - ::1 - - 200 0 0 170
2018-05-26 11:03:33 ::1 POST /Service1.svc - 49474 - ::1 - - 200 0 0 36
2018-05-26 11:03:36 ::1 POST /Service1.svc - 49474 - ::1 - - 200 0 0 42
2018-05-26 11:03:36 ::1 POST /Service1.svc - 49474 - ::1 - - 200 0 0 39
2018-05-26 11:03:36 ::1 POST /Service1.svc - 49474 - ::1 - - 200 0 0 58
2018-05-26 11:03:36 ::1 POST /Service1.svc - 49474 - ::1 - - 200 0 0 42
2018-05-26 11:03:36 ::1 POST /Service1.svc - 49474 - ::1 - - 200 0 0 52
2018-05-26 11:03:36 ::1 POST /Service1.svc - 49474 - ::1 - - 200 0 0 38
2018-05-26 11:03:36 ::1 POST /Service1.svc - 49474 - ::1 - - 200 0 0 52
2018-05-26 11:03:36 ::1 POST /Service1.svc - 49474 - ::1 - - 200 0 0 19
2018-05-26 11:03:36 ::1 POST /Service1.svc - 49474 - ::1 - - 200 0 0 22
2018-05-26 11:03:36 ::1 POST /Service1.svc - 49474 - ::1 - - 200 0 0 82
2018-05-26 11:03:36 ::1 POST /Service1.svc - 49474 - ::1 - - 200 0 0 83
2018-05-26 11:03:36 ::1 POST /Service1.svc - 49474 - ::1 - - 200 0 0 73
2018-05-26 11:03:36 ::1 POST /Service1.svc - 49474 - ::1 - - 200 0 0 36
2018-05-26 11:03:36 ::1 POST /Service1.svc - 49474 - ::1 - - 200 0 0 99
2018-05-26 11:03:37 ::1 POST /Service1.svc - 49474 - ::1 - - 200 0 0 75
2018-05-26 11:03:37 ::1 POST /Service1.svc - 49474 - ::1 - - 200 0 0 96
2018-05-26 11:03:37 ::1 POST /Service1.svc - 49474 - ::1 - - 200 0 0 22
2018-05-26 11:03:37 ::1 POST /Service1.svc - 49474 - ::1 - - 200 0 0 40
2018-05-26 11:03:37 ::1 POST /Service1.svc - 49474 - ::1 - - 200 0 0 106
2018-05-26 11:03:37 ::1 POST /Service1.svc - 49474 - ::1 - - 200 0 0 84
