#Software: Microsoft Internet Information Services 10.0
#Version: 1.0
#Date: 2018-03-24 13:52:38
#Fields: date time s-ip cs-method cs-uri-stem cs-uri-query s-port cs-username c-ip cs(User-Agent) cs(Referer) sc-status sc-substatus sc-win32-status time-taken
2018-03-24 13:52:38 ::1 POST /Service1.svc - 49474 - ::1 - - 415 0 0 25737
2018-03-24 13:52:38 ::1 POST /Service1.svc/mex - 49474 - ::1 - - 415 0 0 23
2018-03-24 13:52:41 ::1 GET /Service1.svc - 49474 - ::1 Mozilla/4.0+(compatible;+MSIE+6.0;+MS+Web+Services+Client+Protocol+4.0.30319.42000) - 200 0 0 2953
2018-03-24 13:52:41 ::1 GET /Service1.svc disco 49474 - ::1 Mozilla/4.0+(compatible;+MSIE+6.0;+MS+Web+Services+Client+Protocol+4.0.30319.42000) - 200 0 0 70
2018-03-24 13:52:41 ::1 GET /Service1.svc wsdl 49474 - ::1 Mozilla/4.0+(compatible;+MSIE+6.0;+MS+Web+Services+Client+Protocol+4.0.30319.42000) - 200 0 0 365
2018-03-24 13:52:43 ::1 GET /Service1.svc xsd=xsd0 49474 - ::1 Mozilla/4.0+(compatible;+MSIE+6.0;+MS+Web+Services+Client+Protocol+4.0.30319.42000) - 200 0 0 1027
2018-03-24 13:52:43 ::1 GET /Service1.svc xsd=xsd2 49474 - ::1 Mozilla/4.0+(compatible;+MSIE+6.0;+MS+Web+Services+Client+Protocol+4.0.30319.42000) - 200 0 0 8
2018-03-24 13:52:43 ::1 GET /Service1.svc xsd=xsd3 49474 - ::1 Mozilla/4.0+(compatible;+MSIE+6.0;+MS+Web+Services+Client+Protocol+4.0.30319.42000) - 200 0 0 13
2018-03-24 13:52:43 ::1 GET /Service1.svc xsd=xsd1 49474 - ::1 Mozilla/4.0+(compatible;+MSIE+6.0;+MS+Web+Services+Client+Protocol+4.0.30319.42000) - 200 0 0 14
2018-03-24 13:55:35 ::1 POST /Service1.svc - 49474 - ::1 - - 200 0 0 6602
2018-03-24 13:55:35 ::1 POST /Service1.svc - 49474 - ::1 - - 200 0 0 14
2018-03-24 13:55:50 ::1 POST /Service1.svc - 49474 - ::1 - - 200 0 0 87
2018-03-24 13:55:50 ::1 POST /Service1.svc - 49474 - ::1 - - 200 0 0 26
2018-03-24 13:55:50 ::1 POST /Service1.svc - 49474 - ::1 - - 200 0 0 134
2018-03-24 13:55:53 ::1 POST /Service1.svc - 49474 - ::1 - - 200 0 0 55
2018-03-24 13:55:53 ::1 POST /Service1.svc - 49474 - ::1 - - 200 0 0 12
2018-03-24 13:55:53 ::1 POST /Service1.svc - 49474 - ::1 - - 200 0 0 152
2018-03-24 13:55:56 ::1 POST /Service1.svc - 49474 - ::1 - - 200 0 0 18
2018-03-24 13:56:00 ::1 POST /Service1.svc - 49474 - ::1 - - 200 0 0 25
2018-03-24 13:56:00 ::1 POST /Service1.svc - 49474 - ::1 - - 200 0 0 15
2018-03-24 13:56:00 ::1 POST /Service1.svc - 49474 - ::1 - - 200 0 0 45
2018-03-24 13:56:00 ::1 POST /Service1.svc - 49474 - ::1 - - 200 0 0 18
2018-03-24 13:56:00 ::1 POST /Service1.svc - 49474 - ::1 - - 200 0 0 13
2018-03-24 13:56:00 ::1 POST /Service1.svc - 49474 - ::1 - - 200 0 0 13
2018-03-24 13:56:00 ::1 POST /Service1.svc - 49474 - ::1 - - 200 0 0 27
2018-03-24 13:56:25 ::1 POST /Service1.svc - 49474 - ::1 - - 200 0 0 38
2018-03-24 13:57:06 ::1 POST /Service1.svc - 49474 - ::1 - - 200 0 0 48
2018-03-24 13:57:06 ::1 POST /Service1.svc - 49474 - ::1 - - 200 0 0 74
2018-03-24 13:57:13 ::1 POST /Service1.svc - 49474 - ::1 - - 200 0 0 11
2018-03-24 13:57:13 ::1 POST /Service1.svc - 49474 - ::1 - - 200 0 0 17
2018-03-24 13:57:25 ::1 POST /Service1.svc - 49474 - ::1 - - 200 0 0 64
2018-03-24 13:57:25 ::1 POST /Service1.svc - 49474 - ::1 - - 200 0 0 30
2018-03-24 14:02:41 ::1 POST /Service1.svc - 49474 - ::1 - - 200 0 0 80
2018-03-24 14:02:41 ::1 POST /Service1.svc - 49474 - ::1 - - 200 0 0 12
