#Software: Microsoft Internet Information Services 10.0
#Version: 1.0
#Date: 2018-04-26 04:55:42
#Fields: date time s-ip cs-method cs-uri-stem cs-uri-query s-port cs-username c-ip cs(User-Agent) cs(Referer) sc-status sc-substatus sc-win32-status time-taken
2018-04-26 04:55:42 ::1 POST /Service1.svc - 49474 - ::1 - - 415 0 0 20086
2018-04-26 04:55:42 ::1 POST /Service1.svc/mex - 49474 - ::1 - - 415 0 0 13
2018-04-26 04:55:47 ::1 GET /Service1.svc - 49474 - ::1 Mozilla/4.0+(compatible;+MSIE+6.0;+MS+Web+Services+Client+Protocol+4.0.30319.42000) - 200 0 0 4011
2018-04-26 04:55:47 ::1 GET /Service1.svc disco 49474 - ::1 Mozilla/4.0+(compatible;+MSIE+6.0;+MS+Web+Services+Client+Protocol+4.0.30319.42000) - 200 0 0 16
2018-04-26 04:55:47 ::1 GET /Service1.svc wsdl 49474 - ::1 Mozilla/4.0+(compatible;+MSIE+6.0;+MS+Web+Services+Client+Protocol+4.0.30319.42000) - 200 0 0 115
2018-04-26 04:55:48 ::1 GET /Service1.svc xsd=xsd0 49474 - ::1 Mozilla/4.0+(compatible;+MSIE+6.0;+MS+Web+Services+Client+Protocol+4.0.30319.42000) - 200 0 0 1088
2018-04-26 04:55:48 ::1 GET /Service1.svc xsd=xsd2 49474 - ::1 Mozilla/4.0+(compatible;+MSIE+6.0;+MS+Web+Services+Client+Protocol+4.0.30319.42000) - 200 0 0 7
2018-04-26 04:55:48 ::1 GET /Service1.svc xsd=xsd3 49474 - ::1 Mozilla/4.0+(compatible;+MSIE+6.0;+MS+Web+Services+Client+Protocol+4.0.30319.42000) - 200 0 0 4
2018-04-26 04:55:48 ::1 GET /Service1.svc xsd=xsd1 49474 - ::1 Mozilla/4.0+(compatible;+MSIE+6.0;+MS+Web+Services+Client+Protocol+4.0.30319.42000) - 200 0 0 11
2018-04-26 04:56:36 ::1 GET /Service1.svc - 49474 - ::1 Mozilla/4.0+(compatible;+MSIE+6.0;+MS+Web+Services+Client+Protocol+4.0.30319.42000) - 200 0 0 139
2018-04-26 04:56:36 ::1 GET /Service1.svc disco 49474 - ::1 Mozilla/4.0+(compatible;+MSIE+6.0;+MS+Web+Services+Client+Protocol+4.0.30319.42000) - 200 0 0 68
2018-04-26 04:56:36 ::1 GET /Service1.svc/$metadata - 49474 - ::1 Mozilla/4.0+(compatible;+MSIE+6.0;+MS+Web+Services+Client+Protocol+4.0.30319.42000) - 400 0 0 422
2018-04-26 04:56:36 ::1 GET /Service1.svc wsdl 49474 - ::1 Mozilla/4.0+(compatible;+MSIE+6.0;+MS+Web+Services+Client+Protocol+4.0.30319.42000) - 200 0 0 70
2018-04-26 04:56:36 ::1 GET /Service1.svc xsd=xsd0 49474 - ::1 Mozilla/4.0+(compatible;+MSIE+6.0;+MS+Web+Services+Client+Protocol+4.0.30319.42000) - 200 0 0 68
2018-04-26 04:56:36 ::1 GET /Service1.svc xsd=xsd2 49474 - ::1 Mozilla/4.0+(compatible;+MSIE+6.0;+MS+Web+Services+Client+Protocol+4.0.30319.42000) - 200 0 0 10
2018-04-26 04:56:36 ::1 GET /Service1.svc xsd=xsd3 49474 - ::1 Mozilla/4.0+(compatible;+MSIE+6.0;+MS+Web+Services+Client+Protocol+4.0.30319.42000) - 200 0 0 85
2018-04-26 04:56:36 ::1 GET /Service1.svc xsd=xsd1 49474 - ::1 Mozilla/4.0+(compatible;+MSIE+6.0;+MS+Web+Services+Client+Protocol+4.0.30319.42000) - 200 0 0 34
2018-04-26 04:56:39 ::1 POST /Service1.svc/mex - 49474 - ::1 - - 415 0 0 55
2018-04-26 04:56:39 ::1 POST /Service1.svc - 49474 - ::1 - - 415 0 0 89
2018-04-26 04:58:03 ::1 POST /Service1.svc - 49474 - ::1 - - 200 0 0 2100
2018-04-26 04:58:03 ::1 POST /Service1.svc - 49474 - ::1 - - 200 0 0 140
2018-04-26 04:58:03 ::1 POST /Service1.svc - 49474 - ::1 - - 200 0 0 223
2018-04-26 04:58:03 ::1 POST /Service1.svc - 49474 - ::1 - - 200 0 0 343
2018-04-26 04:58:04 ::1 POST /Service1.svc - 49474 - ::1 - - 200 0 0 34
2018-04-26 04:58:04 ::1 POST /Service1.svc - 49474 - ::1 - - 200 0 0 14
2018-04-26 04:58:04 ::1 POST /Service1.svc - 49474 - ::1 - - 200 0 0 13
2018-04-26 04:58:04 ::1 POST /Service1.svc - 49474 - ::1 - - 200 0 0 12
2018-04-26 04:58:04 ::1 POST /Service1.svc - 49474 - ::1 - - 200 0 0 170
2018-04-26 04:58:04 ::1 POST /Service1.svc - 49474 - ::1 - - 200 0 0 12
2018-04-26 04:58:04 ::1 POST /Service1.svc - 49474 - ::1 - - 200 0 0 12
2018-04-26 04:58:04 ::1 POST /Service1.svc - 49474 - ::1 - - 200 0 0 15
2018-04-26 04:58:13 ::1 POST /Service1.svc - 49474 - ::1 - - 200 0 0 30
2018-04-26 04:58:13 ::1 POST /Service1.svc - 49474 - ::1 - - 200 0 0 48
2018-04-26 04:58:13 ::1 POST /Service1.svc - 49474 - ::1 - - 200 0 0 80
2018-04-26 04:58:13 ::1 POST /Service1.svc - 49474 - ::1 - - 200 0 0 111
2018-04-26 04:58:13 ::1 POST /Service1.svc - 49474 - ::1 - - 200 0 0 44
2018-04-26 04:58:13 ::1 POST /Service1.svc - 49474 - ::1 - - 200 0 0 80
2018-04-26 04:58:13 ::1 POST /Service1.svc - 49474 - ::1 - - 200 0 0 60
2018-04-26 04:58:13 ::1 POST /Service1.svc - 49474 - ::1 - - 200 0 0 38
2018-04-26 04:58:13 ::1 POST /Service1.svc - 49474 - ::1 - - 200 0 0 159
2018-04-26 04:58:13 ::1 POST /Service1.svc - 49474 - ::1 - - 200 0 0 63
2018-04-26 04:58:13 ::1 POST /Service1.svc - 49474 - ::1 - - 200 0 0 54
2018-04-26 04:58:13 ::1 POST /Service1.svc - 49474 - ::1 - - 200 0 0 86
2018-04-26 04:58:14 ::1 POST /Service1.svc - 49474 - ::1 - - 200 0 0 202
2018-04-26 04:58:14 ::1 POST /Service1.svc - 49474 - ::1 - - 200 0 0 130
2018-04-26 05:00:24 ::1 POST /Service1.svc - 49474 - ::1 - - 200 0 0 34
2018-04-26 05:00:24 ::1 POST /Service1.svc - 49474 - ::1 - - 200 0 0 118
2018-04-26 05:00:24 ::1 POST /Service1.svc - 49474 - ::1 - - 200 0 0 57
2018-04-26 05:00:24 ::1 POST /Service1.svc - 49474 - ::1 - - 200 0 0 53
2018-04-26 05:00:24 ::1 POST /Service1.svc - 49474 - ::1 - - 200 0 0 71
2018-04-26 05:00:24 ::1 POST /Service1.svc - 49474 - ::1 - - 200 0 0 79
2018-04-26 05:00:24 ::1 POST /Service1.svc - 49474 - ::1 - - 200 0 0 43
2018-04-26 05:00:24 ::1 POST /Service1.svc - 49474 - ::1 - - 200 0 0 22
2018-04-26 05:00:24 ::1 POST /Service1.svc - 49474 - ::1 - - 200 0 0 53
2018-04-26 05:00:24 ::1 POST /Service1.svc - 49474 - ::1 - - 200 0 0 23
2018-04-26 05:00:24 ::1 POST /Service1.svc - 49474 - ::1 - - 200 0 0 15
2018-04-26 05:00:24 ::1 POST /Service1.svc - 49474 - ::1 - - 200 0 0 62
#Software: Microsoft Internet Information Services 10.0
#Version: 1.0
#Date: 2018-04-26 07:00:46
#Fields: date time s-ip cs-method cs-uri-stem cs-uri-query s-port cs-username c-ip cs(User-Agent) cs(Referer) sc-status sc-substatus sc-win32-status time-taken
2018-04-26 07:00:46 ::1 POST /Service1.svc - 49474 - ::1 - - 415 0 0 17380
2018-04-26 07:00:46 ::1 POST /Service1.svc/mex - 49474 - ::1 - - 415 0 0 13
2018-04-26 07:00:50 ::1 GET /Service1.svc - 49474 - ::1 Mozilla/4.0+(compatible;+MSIE+6.0;+MS+Web+Services+Client+Protocol+4.0.30319.42000) - 200 0 0 3302
2018-04-26 07:00:50 ::1 GET /Service1.svc disco 49474 - ::1 Mozilla/4.0+(compatible;+MSIE+6.0;+MS+Web+Services+Client+Protocol+4.0.30319.42000) - 200 0 0 9
2018-04-26 07:00:50 ::1 GET /Service1.svc wsdl 49474 - ::1 Mozilla/4.0+(compatible;+MSIE+6.0;+MS+Web+Services+Client+Protocol+4.0.30319.42000) - 200 0 0 104
2018-04-26 07:00:50 ::1 GET /Service1.svc xsd=xsd0 49474 - ::1 Mozilla/4.0+(compatible;+MSIE+6.0;+MS+Web+Services+Client+Protocol+4.0.30319.42000) - 200 0 0 519
2018-04-26 07:00:50 ::1 GET /Service1.svc xsd=xsd2 49474 - ::1 Mozilla/4.0+(compatible;+MSIE+6.0;+MS+Web+Services+Client+Protocol+4.0.30319.42000) - 200 0 0 33
2018-04-26 07:00:50 ::1 GET /Service1.svc xsd=xsd3 49474 - ::1 Mozilla/4.0+(compatible;+MSIE+6.0;+MS+Web+Services+Client+Protocol+4.0.30319.42000) - 200 0 0 38
2018-04-26 07:00:50 ::1 GET /Service1.svc xsd=xsd1 49474 - ::1 Mozilla/4.0+(compatible;+MSIE+6.0;+MS+Web+Services+Client+Protocol+4.0.30319.42000) - 200 0 0 31
2018-04-26 07:01:04 ::1 GET /Service1.svc - 49474 - ::1 Mozilla/4.0+(compatible;+MSIE+6.0;+MS+Web+Services+Client+Protocol+4.0.30319.42000) - 200 0 0 13
2018-04-26 07:01:04 ::1 GET /Service1.svc/$metadata - 49474 - ::1 Mozilla/4.0+(compatible;+MSIE+6.0;+MS+Web+Services+Client+Protocol+4.0.30319.42000) - 400 0 0 121
2018-04-26 07:01:04 ::1 GET /Service1.svc disco 49474 - ::1 Mozilla/4.0+(compatible;+MSIE+6.0;+MS+Web+Services+Client+Protocol+4.0.30319.42000) - 200 0 0 101
2018-04-26 07:01:04 ::1 GET /Service1.svc wsdl 49474 - ::1 Mozilla/4.0+(compatible;+MSIE+6.0;+MS+Web+Services+Client+Protocol+4.0.30319.42000) - 200 0 0 14
2018-04-26 07:01:04 ::1 GET /Service1.svc xsd=xsd0 49474 - ::1 Mozilla/4.0+(compatible;+MSIE+6.0;+MS+Web+Services+Client+Protocol+4.0.30319.42000) - 200 0 0 6
2018-04-26 07:01:04 ::1 GET /Service1.svc xsd=xsd2 49474 - ::1 Mozilla/4.0+(compatible;+MSIE+6.0;+MS+Web+Services+Client+Protocol+4.0.30319.42000) - 200 0 0 10
2018-04-26 07:01:04 ::1 GET /Service1.svc xsd=xsd3 49474 - ::1 Mozilla/4.0+(compatible;+MSIE+6.0;+MS+Web+Services+Client+Protocol+4.0.30319.42000) - 200 0 0 57
2018-04-26 07:01:04 ::1 GET /Service1.svc xsd=xsd1 49474 - ::1 Mozilla/4.0+(compatible;+MSIE+6.0;+MS+Web+Services+Client+Protocol+4.0.30319.42000) - 200 0 0 11
2018-04-26 07:01:04 ::1 POST /Service1.svc - 49474 - ::1 - - 415 0 0 5
2018-04-26 07:01:04 ::1 POST /Service1.svc/mex - 49474 - ::1 - - 415 0 0 10
2018-04-26 07:16:15 ::1 GET /Service1.svc/$metadata - 49474 - ::1 Mozilla/4.0+(compatible;+MSIE+6.0;+MS+Web+Services+Client+Protocol+4.0.30319.42000) - 400 0 0 83
2018-04-26 07:16:15 ::1 POST /Service1.svc - 49474 - ::1 - - 415 0 0 31
2018-04-26 07:16:15 ::1 POST /Service1.svc/mex - 49474 - ::1 - - 415 0 0 35
2018-04-26 07:16:15 ::1 GET /Service1.svc - 49474 - ::1 Mozilla/4.0+(compatible;+MSIE+6.0;+MS+Web+Services+Client+Protocol+4.0.30319.42000) - 200 0 0 96
2018-04-26 07:16:15 ::1 GET /Service1.svc disco 49474 - ::1 Mozilla/4.0+(compatible;+MSIE+6.0;+MS+Web+Services+Client+Protocol+4.0.30319.42000) - 200 0 0 7
2018-04-26 07:16:15 ::1 GET /Service1.svc wsdl 49474 - ::1 Mozilla/4.0+(compatible;+MSIE+6.0;+MS+Web+Services+Client+Protocol+4.0.30319.42000) - 200 0 0 9
2018-04-26 07:16:15 ::1 GET /Service1.svc xsd=xsd0 49474 - ::1 Mozilla/4.0+(compatible;+MSIE+6.0;+MS+Web+Services+Client+Protocol+4.0.30319.42000) - 200 0 0 6
2018-04-26 07:16:15 ::1 GET /Service1.svc xsd=xsd2 49474 - ::1 Mozilla/4.0+(compatible;+MSIE+6.0;+MS+Web+Services+Client+Protocol+4.0.30319.42000) - 200 0 0 6
2018-04-26 07:16:15 ::1 GET /Service1.svc xsd=xsd3 49474 - ::1 Mozilla/4.0+(compatible;+MSIE+6.0;+MS+Web+Services+Client+Protocol+4.0.30319.42000) - 200 0 0 5
2018-04-26 07:16:15 ::1 GET /Service1.svc xsd=xsd1 49474 - ::1 Mozilla/4.0+(compatible;+MSIE+6.0;+MS+Web+Services+Client+Protocol+4.0.30319.42000) - 200 0 0 5
#Software: Microsoft Internet Information Services 10.0
#Version: 1.0
#Date: 2018-04-26 08:03:09
#Fields: date time s-ip cs-method cs-uri-stem cs-uri-query s-port cs-username c-ip cs(User-Agent) cs(Referer) sc-status sc-substatus sc-win32-status time-taken
2018-04-26 08:03:09 ::1 POST /Service1.svc - 49474 - ::1 - - 200 0 0 6500
2018-04-26 08:03:09 ::1 POST /Service1.svc - 49474 - ::1 - - 200 0 0 24
2018-04-26 08:03:09 ::1 POST /Service1.svc - 49474 - ::1 - - 200 0 0 25
2018-04-26 08:03:09 ::1 POST /Service1.svc - 49474 - ::1 - - 200 0 0 186
2018-04-26 08:03:10 ::1 POST /Service1.svc - 49474 - ::1 - - 200 0 0 146
2018-04-26 08:03:10 ::1 POST /Service1.svc - 49474 - ::1 - - 200 0 0 40
2018-04-26 08:03:10 ::1 POST /Service1.svc - 49474 - ::1 - - 200 0 0 20
2018-04-26 08:03:10 ::1 POST /Service1.svc - 49474 - ::1 - - 200 0 0 19
2018-04-26 08:03:10 ::1 POST /Service1.svc - 49474 - ::1 - - 200 0 0 170
2018-04-26 08:03:10 ::1 POST /Service1.svc - 49474 - ::1 - - 200 0 0 41
2018-04-26 08:03:10 ::1 POST /Service1.svc - 49474 - ::1 - - 200 0 0 17
2018-04-26 08:03:10 ::1 POST /Service1.svc - 49474 - ::1 - - 200 0 0 26
2018-04-26 08:03:15 ::1 POST /Service1.svc - 49474 - ::1 - - 200 0 0 19
2018-04-26 08:03:15 ::1 POST /Service1.svc - 49474 - ::1 - - 200 0 0 12
2018-04-26 08:03:15 ::1 POST /Service1.svc - 49474 - ::1 - - 200 0 0 14
2018-04-26 08:03:15 ::1 POST /Service1.svc - 49474 - ::1 - - 200 0 0 32
2018-04-26 08:03:15 ::1 POST /Service1.svc - 49474 - ::1 - - 200 0 0 46
2018-04-26 08:03:15 ::1 POST /Service1.svc - 49474 - ::1 - - 200 0 0 22
2018-04-26 08:03:15 ::1 POST /Service1.svc - 49474 - ::1 - - 200 0 0 468
2018-04-26 08:03:15 ::1 POST /Service1.svc - 49474 - ::1 - - 200 0 0 37
2018-04-26 08:03:15 ::1 POST /Service1.svc - 49474 - ::1 - - 200 0 0 37
2018-04-26 08:03:15 ::1 POST /Service1.svc - 49474 - ::1 - - 200 0 0 23
2018-04-26 08:03:15 ::1 POST /Service1.svc - 49474 - ::1 - - 200 0 0 77
2018-04-26 08:03:15 ::1 POST /Service1.svc - 49474 - ::1 - - 200 0 0 25
2018-04-26 08:03:16 ::1 POST /Service1.svc - 49474 - ::1 - - 200 0 0 191
2018-04-26 08:03:16 ::1 POST /Service1.svc - 49474 - ::1 - - 200 0 0 194
2018-04-26 08:03:23 ::1 POST /Service1.svc - 49474 - ::1 - - 200 0 0 17
2018-04-26 08:03:23 ::1 POST /Service1.svc - 49474 - ::1 - - 200 0 0 35
2018-04-26 08:03:42 ::1 POST /Service1.svc - 49474 - ::1 - - 200 0 0 370
2018-04-26 08:03:42 ::1 POST /Service1.svc - 49474 - ::1 - - 200 0 0 16
2018-04-26 08:03:42 ::1 POST /Service1.svc - 49474 - ::1 - - 200 0 0 11
2018-04-26 08:03:53 ::1 POST /Service1.svc - 49474 - ::1 - - 200 0 0 21
2018-04-26 08:03:53 ::1 POST /Service1.svc - 49474 - ::1 - - 200 0 0 20
2018-04-26 08:03:53 ::1 POST /Service1.svc - 49474 - ::1 - - 200 0 0 38
2018-04-26 08:03:53 ::1 POST /Service1.svc - 49474 - ::1 - - 200 0 0 16
2018-04-26 08:03:53 ::1 POST /Service1.svc - 49474 - ::1 - - 200 0 0 13
2018-04-26 08:03:53 ::1 POST /Service1.svc - 49474 - ::1 - - 200 0 0 13
2018-04-26 08:03:53 ::1 POST /Service1.svc - 49474 - ::1 - - 200 0 0 20
2018-04-26 08:03:53 ::1 POST /Service1.svc - 49474 - ::1 - - 200 0 0 37
2018-04-26 08:03:53 ::1 POST /Service1.svc - 49474 - ::1 - - 200 0 0 44
2018-04-26 08:03:53 ::1 POST /Service1.svc - 49474 - ::1 - - 200 0 0 47
2018-04-26 08:03:53 ::1 POST /Service1.svc - 49474 - ::1 - - 200 0 0 23
2018-04-26 08:03:53 ::1 POST /Service1.svc - 49474 - ::1 - - 200 0 0 32
2018-04-26 08:03:53 ::1 POST /Service1.svc - 49474 - ::1 - - 200 0 0 46
2018-04-26 08:03:53 ::1 POST /Service1.svc - 49474 - ::1 - - 200 0 0 40
2018-04-26 08:03:53 ::1 POST /Service1.svc - 49474 - ::1 - - 200 0 0 106
2018-04-26 08:03:53 ::1 POST /Service1.svc - 49474 - ::1 - - 200 0 0 26
2018-04-26 08:03:53 ::1 POST /Service1.svc - 49474 - ::1 - - 200 0 0 13
2018-04-26 08:03:53 ::1 POST /Service1.svc - 49474 - ::1 - - 200 0 0 14
2018-04-26 08:03:53 ::1 POST /Service1.svc - 49474 - ::1 - - 200 0 0 12
2018-04-26 08:03:53 ::1 POST /Service1.svc - 49474 - ::1 - - 200 0 0 13
2018-04-26 08:03:53 ::1 POST /Service1.svc - 49474 - ::1 - - 200 0 0 15
2018-04-26 08:03:53 ::1 POST /Service1.svc - 49474 - ::1 - - 200 0 0 21
2018-04-26 08:03:53 ::1 POST /Service1.svc - 49474 - ::1 - - 200 0 0 166
2018-04-26 08:03:53 ::1 POST /Service1.svc - 49474 - ::1 - - 200 0 0 18
2018-04-26 08:04:06 ::1 POST /Service1.svc - 49474 - ::1 - - 200 0 0 23
2018-04-26 08:04:06 ::1 POST /Service1.svc - 49474 - ::1 - - 200 0 0 43
2018-04-26 08:04:06 ::1 POST /Service1.svc - 49474 - ::1 - - 200 0 0 38
2018-04-26 08:04:06 ::1 POST /Service1.svc - 49474 - ::1 - - 200 0 0 30
2018-04-26 08:04:06 ::1 POST /Service1.svc - 49474 - ::1 - - 200 0 0 35
2018-04-26 08:04:06 ::1 POST /Service1.svc - 49474 - ::1 - - 200 0 0 176
2018-04-26 08:04:06 ::1 POST /Service1.svc - 49474 - ::1 - - 200 0 0 103
2018-04-26 08:04:06 ::1 POST /Service1.svc - 49474 - ::1 - - 200 0 0 21
2018-04-26 08:04:06 ::1 POST /Service1.svc - 49474 - ::1 - - 200 0 0 18
2018-04-26 08:04:06 ::1 POST /Service1.svc - 49474 - ::1 - - 200 0 0 13
2018-04-26 08:04:06 ::1 POST /Service1.svc - 49474 - ::1 - - 200 0 0 20
2018-04-26 08:04:06 ::1 POST /Service1.svc - 49474 - ::1 - - 200 0 0 33
2018-04-26 08:04:08 ::1 POST /Service1.svc - 49474 - ::1 - - 200 0 0 33
2018-04-26 08:04:08 ::1 POST /Service1.svc - 49474 - ::1 - - 200 0 0 37
2018-04-26 08:04:08 ::1 POST /Service1.svc - 49474 - ::1 - - 200 0 0 20
2018-04-26 08:04:08 ::1 POST /Service1.svc - 49474 - ::1 - - 200 0 0 40
2018-04-26 08:04:08 ::1 POST /Service1.svc - 49474 - ::1 - - 200 0 0 21
2018-04-26 08:04:08 ::1 POST /Service1.svc - 49474 - ::1 - - 200 0 0 77
2018-04-26 08:04:08 ::1 POST /Service1.svc - 49474 - ::1 - - 200 0 0 34
2018-04-26 08:04:08 ::1 POST /Service1.svc - 49474 - ::1 - - 200 0 0 78
2018-04-26 08:04:08 ::1 POST /Service1.svc - 49474 - ::1 - - 200 0 0 27
2018-04-26 08:04:08 ::1 POST /Service1.svc - 49474 - ::1 - - 200 0 0 24
2018-04-26 08:04:08 ::1 POST /Service1.svc - 49474 - ::1 - - 200 0 0 62
2018-04-26 08:04:08 ::1 POST /Service1.svc - 49474 - ::1 - - 200 0 0 87
2018-04-26 08:04:08 ::1 POST /Service1.svc - 49474 - ::1 - - 200 0 0 77
2018-04-26 08:04:08 ::1 POST /Service1.svc - 49474 - ::1 - - 200 0 0 37
2018-04-26 08:04:17 ::1 POST /Service1.svc - 49474 - ::1 - - 200 0 0 17
2018-04-26 08:04:17 ::1 POST /Service1.svc - 49474 - ::1 - - 200 0 0 60
2018-04-26 08:04:17 ::1 POST /Service1.svc - 49474 - ::1 - - 200 0 0 34
2018-04-26 08:04:17 ::1 POST /Service1.svc - 49474 - ::1 - - 200 0 0 28
2018-04-26 08:04:17 ::1 POST /Service1.svc - 49474 - ::1 - - 200 0 0 23
2018-04-26 08:04:17 ::1 POST /Service1.svc - 49474 - ::1 - - 200 0 0 37
2018-04-26 08:04:17 ::1 POST /Service1.svc - 49474 - ::1 - - 200 0 0 94
2018-04-26 08:04:17 ::1 POST /Service1.svc - 49474 - ::1 - - 200 0 0 53
2018-04-26 08:04:17 ::1 POST /Service1.svc - 49474 - ::1 - - 200 0 0 23
2018-04-26 08:04:17 ::1 POST /Service1.svc - 49474 - ::1 - - 200 0 0 19
2018-04-26 08:04:17 ::1 POST /Service1.svc - 49474 - ::1 - - 200 0 0 77
2018-04-26 08:04:17 ::1 POST /Service1.svc - 49474 - ::1 - - 200 0 0 21
2018-04-26 08:04:33 ::1 POST /Service1.svc - 49474 - ::1 - - 200 0 0 32
2018-04-26 08:04:33 ::1 POST /Service1.svc - 49474 - ::1 - - 200 0 0 28
2018-04-26 08:04:33 ::1 POST /Service1.svc - 49474 - ::1 - - 200 0 0 37
2018-04-26 08:04:33 ::1 POST /Service1.svc - 49474 - ::1 - - 200 0 0 19
2018-04-26 08:04:33 ::1 POST /Service1.svc - 49474 - ::1 - - 200 0 0 24
2018-04-26 08:04:33 ::1 POST /Service1.svc - 49474 - ::1 - - 200 0 0 18
2018-04-26 08:04:33 ::1 POST /Service1.svc - 49474 - ::1 - - 200 0 0 27
2018-04-26 08:04:33 ::1 POST /Service1.svc - 49474 - ::1 - - 200 0 0 54
2018-04-26 08:04:33 ::1 POST /Service1.svc - 49474 - ::1 - - 200 0 0 46
2018-04-26 08:04:33 ::1 POST /Service1.svc - 49474 - ::1 - - 200 0 0 35
2018-04-26 08:04:33 ::1 POST /Service1.svc - 49474 - ::1 - - 200 0 0 21
2018-04-26 08:04:33 ::1 POST /Service1.svc - 49474 - ::1 - - 200 0 0 38
2018-04-26 08:04:33 ::1 POST /Service1.svc - 49474 - ::1 - - 200 0 0 16
2018-04-26 08:04:33 ::1 POST /Service1.svc - 49474 - ::1 - - 200 0 0 39
#Software: Microsoft Internet Information Services 10.0
#Version: 1.0
#Date: 2018-04-26 08:20:02
#Fields: date time s-ip cs-method cs-uri-stem cs-uri-query s-port cs-username c-ip cs(User-Agent) cs(Referer) sc-status sc-substatus sc-win32-status time-taken
2018-04-26 08:20:02 ::1 POST /Service1.svc - 49474 - ::1 - - 200 0 0 97
2018-04-26 08:20:02 ::1 POST /Service1.svc - 49474 - ::1 - - 200 0 0 16
2018-04-26 08:20:02 ::1 POST /Service1.svc - 49474 - ::1 - - 200 0 0 50
2018-04-26 08:20:02 ::1 POST /Service1.svc - 49474 - ::1 - - 200 0 0 44
2018-04-26 08:20:02 ::1 POST /Service1.svc - 49474 - ::1 - - 200 0 0 29
2018-04-26 08:20:02 ::1 POST /Service1.svc - 49474 - ::1 - - 200 0 0 29
2018-04-26 08:20:02 ::1 POST /Service1.svc - 49474 - ::1 - - 200 0 0 13
2018-04-26 08:20:02 ::1 POST /Service1.svc - 49474 - ::1 - - 200 0 0 12
2018-04-26 08:20:02 ::1 POST /Service1.svc - 49474 - ::1 - - 200 0 0 14
2018-04-26 08:20:02 ::1 POST /Service1.svc - 49474 - ::1 - - 200 0 0 19
2018-04-26 08:20:02 ::1 POST /Service1.svc - 49474 - ::1 - - 200 0 0 19
2018-04-26 08:20:02 ::1 POST /Service1.svc - 49474 - ::1 - - 200 0 0 48
2018-04-26 08:22:33 ::1 POST /Service1.svc - 49474 - ::1 - - 200 0 0 164
2018-04-26 08:22:33 ::1 POST /Service1.svc - 49474 - ::1 - - 200 0 0 17
2018-04-26 08:22:33 ::1 POST /Service1.svc - 49474 - ::1 - - 200 0 0 27
2018-04-26 08:22:33 ::1 POST /Service1.svc - 49474 - ::1 - - 200 0 0 27
2018-04-26 08:22:33 ::1 POST /Service1.svc - 49474 - ::1 - - 200 0 0 13
2018-04-26 08:22:33 ::1 POST /Service1.svc - 49474 - ::1 - - 200 0 0 19
2018-04-26 08:22:33 ::1 POST /Service1.svc - 49474 - ::1 - - 200 0 0 19
2018-04-26 08:22:33 ::1 POST /Service1.svc - 49474 - ::1 - - 200 0 0 137
2018-04-26 08:22:33 ::1 POST /Service1.svc - 49474 - ::1 - - 200 0 0 21
2018-04-26 08:22:33 ::1 POST /Service1.svc - 49474 - ::1 - - 200 0 0 46
2018-04-26 08:22:33 ::1 POST /Service1.svc - 49474 - ::1 - - 200 0 0 170
2018-04-26 08:22:33 ::1 POST /Service1.svc - 49474 - ::1 - - 200 0 0 26
2018-04-26 08:22:42 ::1 POST /Service1.svc - 49474 - ::1 - - 200 0 0 18
2018-04-26 08:22:42 ::1 POST /Service1.svc - 49474 - ::1 - - 200 0 0 17
2018-04-26 08:22:42 ::1 POST /Service1.svc - 49474 - ::1 - - 200 0 0 25
2018-04-26 08:22:42 ::1 POST /Service1.svc - 49474 - ::1 - - 200 0 0 74
2018-04-26 08:22:42 ::1 POST /Service1.svc - 49474 - ::1 - - 200 0 0 18
2018-04-26 08:22:42 ::1 POST /Service1.svc - 49474 - ::1 - - 200 0 0 38
2018-04-26 08:22:42 ::1 POST /Service1.svc - 49474 - ::1 - - 200 0 0 48
2018-04-26 08:22:42 ::1 POST /Service1.svc - 49474 - ::1 - - 200 0 0 42
2018-04-26 08:22:42 ::1 POST /Service1.svc - 49474 - ::1 - - 200 0 0 32
2018-04-26 08:22:42 ::1 POST /Service1.svc - 49474 - ::1 - - 200 0 0 20
2018-04-26 08:22:42 ::1 POST /Service1.svc - 49474 - ::1 - - 200 0 0 20
2018-04-26 08:22:42 ::1 POST /Service1.svc - 49474 - ::1 - - 200 0 0 59
2018-04-26 08:22:42 ::1 POST /Service1.svc - 49474 - ::1 - - 200 0 0 43
2018-04-26 08:22:42 ::1 POST /Service1.svc - 49474 - ::1 - - 200 0 0 171
2018-04-26 08:22:49 ::1 POST /Service1.svc - 49474 - ::1 - - 200 0 0 12
2018-04-26 08:22:49 ::1 POST /Service1.svc - 49474 - ::1 - - 200 0 0 8
2018-04-26 08:22:49 ::1 POST /Service1.svc - 49474 - ::1 - - 200 0 0 11
2018-04-26 08:22:49 ::1 POST /Service1.svc - 49474 - ::1 - - 200 0 0 13
2018-04-26 08:22:49 ::1 POST /Service1.svc - 49474 - ::1 - - 200 0 0 18
2018-04-26 08:22:49 ::1 POST /Service1.svc - 49474 - ::1 - - 200 0 0 135
2018-04-26 08:22:49 ::1 POST /Service1.svc - 49474 - ::1 - - 200 0 0 18
2018-04-26 08:22:49 ::1 POST /Service1.svc - 49474 - ::1 - - 200 0 0 13
2018-04-26 08:22:49 ::1 POST /Service1.svc - 49474 - ::1 - - 200 0 0 18
2018-04-26 08:22:49 ::1 POST /Service1.svc - 49474 - ::1 - - 200 0 0 19
2018-04-26 08:22:49 ::1 POST /Service1.svc - 49474 - ::1 - - 200 0 0 18
2018-04-26 08:22:49 ::1 POST /Service1.svc - 49474 - ::1 - - 200 0 0 45
2018-04-26 08:22:49 ::1 POST /Service1.svc - 49474 - ::1 - - 200 0 0 114
2018-04-26 08:22:49 ::1 POST /Service1.svc - 49474 - ::1 - - 200 0 0 17
2018-04-26 08:22:49 ::1 POST /Service1.svc - 49474 - ::1 - - 200 0 0 59
2018-04-26 08:22:49 ::1 POST /Service1.svc - 49474 - ::1 - - 200 0 0 21
2018-04-26 08:22:49 ::1 POST /Service1.svc - 49474 - ::1 - - 200 0 0 68
2018-04-26 08:22:49 ::1 POST /Service1.svc - 49474 - ::1 - - 200 0 0 38
2018-04-26 08:22:49 ::1 POST /Service1.svc - 49474 - ::1 - - 200 0 0 28
2018-04-26 08:22:49 ::1 POST /Service1.svc - 49474 - ::1 - - 200 0 0 55
2018-04-26 08:22:49 ::1 POST /Service1.svc - 49474 - ::1 - - 200 0 0 20
2018-04-26 08:22:49 ::1 POST /Service1.svc - 49474 - ::1 - - 200 0 0 21
2018-04-26 08:22:49 ::1 POST /Service1.svc - 49474 - ::1 - - 200 0 0 133
2018-04-26 08:22:49 ::1 POST /Service1.svc - 49474 - ::1 - - 200 0 0 38
2018-04-26 08:22:51 ::1 POST /Service1.svc - 49474 - ::1 - - 200 0 0 193
2018-04-26 08:22:51 ::1 POST /Service1.svc - 49474 - ::1 - - 200 0 0 83
2018-04-26 08:22:51 ::1 POST /Service1.svc - 49474 - ::1 - - 200 0 0 210
2018-04-26 08:22:51 ::1 POST /Service1.svc - 49474 - ::1 - - 200 0 0 268
2018-04-26 08:22:51 ::1 POST /Service1.svc - 49474 - ::1 - - 200 0 0 62
2018-04-26 08:22:54 ::1 POST /Service1.svc - 49474 - ::1 - - 200 0 0 172
2018-04-26 08:22:57 ::1 POST /Service1.svc - 49474 - ::1 - - 200 0 0 449
2018-04-26 08:23:11 ::1 POST /Service1.svc - 49474 - ::1 - - 200 0 0 51
2018-04-26 08:23:11 ::1 POST /Service1.svc - 49474 - ::1 - - 200 0 0 15
2018-04-26 08:23:11 ::1 POST /Service1.svc - 49474 - ::1 - - 200 0 0 114
2018-04-26 08:23:13 ::1 POST /Service1.svc - 49474 - ::1 - - 200 0 0 62
2018-04-26 08:23:13 ::1 POST /Service1.svc - 49474 - ::1 - - 200 0 0 18
2018-04-26 08:23:13 ::1 POST /Service1.svc - 49474 - ::1 - - 200 0 0 51
2018-04-26 08:23:16 ::1 POST /Service1.svc - 49474 - ::1 - - 200 0 0 122
2018-04-26 08:23:22 ::1 POST /Service1.svc - 49474 - ::1 - - 200 0 0 81
2018-04-26 08:23:33 ::1 POST /Service1.svc - 49474 - ::1 - - 200 0 0 10580
2018-04-26 08:23:35 ::1 POST /Service1.svc - 49474 - ::1 - - 200 0 0 61
2018-04-26 08:23:35 ::1 POST /Service1.svc - 49474 - ::1 - - 200 0 0 172
2018-04-26 08:23:35 ::1 POST /Service1.svc - 49474 - ::1 - - 200 0 0 142
2018-04-26 08:24:24 ::1 POST /Service1.svc - 49474 - ::1 - - 200 0 0 16
2018-04-26 08:24:24 ::1 POST /Service1.svc - 49474 - ::1 - - 200 0 0 19
2018-04-26 08:24:24 ::1 POST /Service1.svc - 49474 - ::1 - - 200 0 0 85
2018-04-26 08:24:24 ::1 POST /Service1.svc - 49474 - ::1 - - 200 0 0 20
2018-04-26 08:24:24 ::1 POST /Service1.svc - 49474 - ::1 - - 200 0 0 42
2018-04-26 08:24:24 ::1 POST /Service1.svc - 49474 - ::1 - - 200 0 0 40
2018-04-26 08:24:24 ::1 POST /Service1.svc - 49474 - ::1 - - 200 0 0 17
2018-04-26 08:24:24 ::1 POST /Service1.svc - 49474 - ::1 - - 200 0 0 30
2018-04-26 08:24:24 ::1 POST /Service1.svc - 49474 - ::1 - - 200 0 0 61
2018-04-26 08:24:24 ::1 POST /Service1.svc - 49474 - ::1 - - 200 0 0 20
2018-04-26 08:24:24 ::1 POST /Service1.svc - 49474 - ::1 - - 200 0 0 34
2018-04-26 08:24:24 ::1 POST /Service1.svc - 49474 - ::1 - - 200 0 0 100
2018-04-26 08:24:24 ::1 POST /Service1.svc - 49474 - ::1 - - 200 0 0 83
2018-04-26 08:24:24 ::1 POST /Service1.svc - 49474 - ::1 - - 200 0 0 32
2018-04-26 08:24:24 ::1 POST /Service1.svc - 49474 - ::1 - - 200 0 0 48
2018-04-26 08:24:24 ::1 POST /Service1.svc - 49474 - ::1 - - 200 0 0 16
2018-04-26 08:24:24 ::1 POST /Service1.svc - 49474 - ::1 - - 200 0 0 16
2018-04-26 08:24:31 ::1 POST /Service1.svc - 49474 - ::1 - - 200 0 0 58
2018-04-26 08:24:35 ::1 POST /Service1.svc - 49474 - ::1 - - 200 0 0 37
2018-04-26 08:24:49 ::1 POST /Service1.svc - 49474 - ::1 - - 200 0 0 11
2018-04-26 08:24:49 ::1 POST /Service1.svc - 49474 - ::1 - - 200 0 0 19
2018-04-26 08:24:49 ::1 POST /Service1.svc - 49474 - ::1 - - 200 0 0 41
2018-04-26 08:24:51 ::1 POST /Service1.svc - 49474 - ::1 - - 200 0 0 96
2018-04-26 08:24:51 ::1 POST /Service1.svc - 49474 - ::1 - - 200 0 0 17
2018-04-26 08:24:51 ::1 POST /Service1.svc - 49474 - ::1 - - 200 0 0 31
2018-04-26 08:24:56 ::1 POST /Service1.svc - 49474 - ::1 - - 200 0 0 50
2018-04-26 08:25:05 ::1 POST /Service1.svc - 49474 - ::1 - - 200 0 0 65
2018-04-26 08:25:09 ::1 POST /Service1.svc - 49474 - ::1 - - 200 0 0 3749
2018-04-26 08:25:11 ::1 POST /Service1.svc - 49474 - ::1 - - 200 0 0 24
2018-04-26 08:25:11 ::1 POST /Service1.svc - 49474 - ::1 - - 200 0 0 121
2018-04-26 08:25:11 ::1 POST /Service1.svc - 49474 - ::1 - - 200 0 0 32
2018-04-26 08:25:11 ::1 POST /Service1.svc - 49474 - ::1 - - 200 0 0 147
2018-04-26 08:25:21 ::1 POST /Service1.svc - 49474 - ::1 - - 200 0 0 13
2018-04-26 08:25:21 ::1 POST /Service1.svc - 49474 - ::1 - - 200 0 0 13
2018-04-26 08:25:21 ::1 POST /Service1.svc - 49474 - ::1 - - 200 0 0 12
2018-04-26 08:25:21 ::1 POST /Service1.svc - 49474 - ::1 - - 200 0 0 16
2018-04-26 08:25:33 ::1 POST /Service1.svc - 49474 - ::1 - - 200 0 0 138
2018-04-26 08:25:35 ::1 POST /Service1.svc - 49474 - ::1 - - 200 0 0 10
2018-04-26 08:25:35 ::1 POST /Service1.svc - 49474 - ::1 - - 200 0 0 19
2018-04-26 08:25:35 ::1 POST /Service1.svc - 49474 - ::1 - - 200 0 0 36
2018-04-26 08:25:35 ::1 POST /Service1.svc - 49474 - ::1 - - 200 0 0 39
2018-04-26 08:25:47 ::1 POST /Service1.svc - 49474 - ::1 - - 200 0 0 32
2018-04-26 08:25:47 ::1 POST /Service1.svc - 49474 - ::1 - - 200 0 0 32
2018-04-26 08:25:47 ::1 POST /Service1.svc - 49474 - ::1 - - 200 0 0 21
2018-04-26 08:25:47 ::1 POST /Service1.svc - 49474 - ::1 - - 200 0 0 33
#Software: Microsoft Internet Information Services 10.0
#Version: 1.0
#Date: 2018-04-26 08:28:45
#Fields: date time s-ip cs-method cs-uri-stem cs-uri-query s-port cs-username c-ip cs(User-Agent) cs(Referer) sc-status sc-substatus sc-win32-status time-taken
2018-04-26 08:28:45 ::1 POST /Service1.svc - 49474 - ::1 - - 415 0 0 4709
2018-04-26 08:28:45 ::1 POST /Service1.svc/mex - 49474 - ::1 - - 415 0 0 8
2018-04-26 08:28:48 ::1 GET /Service1.svc - 49474 - ::1 Mozilla/4.0+(compatible;+MSIE+6.0;+MS+Web+Services+Client+Protocol+4.0.30319.42000) - 200 0 0 3248
2018-04-26 08:28:48 ::1 GET /Service1.svc disco 49474 - ::1 Mozilla/4.0+(compatible;+MSIE+6.0;+MS+Web+Services+Client+Protocol+4.0.30319.42000) - 200 0 0 70
2018-04-26 08:28:48 ::1 GET /Service1.svc wsdl 49474 - ::1 Mozilla/4.0+(compatible;+MSIE+6.0;+MS+Web+Services+Client+Protocol+4.0.30319.42000) - 200 0 0 39
2018-04-26 08:28:48 ::1 GET /Service1.svc xsd=xsd0 49474 - ::1 Mozilla/4.0+(compatible;+MSIE+6.0;+MS+Web+Services+Client+Protocol+4.0.30319.42000) - 200 0 0 505
2018-04-26 08:28:48 ::1 GET /Service1.svc xsd=xsd2 49474 - ::1 Mozilla/4.0+(compatible;+MSIE+6.0;+MS+Web+Services+Client+Protocol+4.0.30319.42000) - 200 0 0 55
2018-04-26 08:28:48 ::1 GET /Service1.svc xsd=xsd3 49474 - ::1 Mozilla/4.0+(compatible;+MSIE+6.0;+MS+Web+Services+Client+Protocol+4.0.30319.42000) - 200 0 0 20
2018-04-26 08:28:48 ::1 GET /Service1.svc xsd=xsd1 49474 - ::1 Mozilla/4.0+(compatible;+MSIE+6.0;+MS+Web+Services+Client+Protocol+4.0.30319.42000) - 200 0 0 20
2018-04-26 08:29:13 ::1 GET /Service1.svc/$metadata - 49474 - ::1 Mozilla/4.0+(compatible;+MSIE+6.0;+MS+Web+Services+Client+Protocol+4.0.30319.42000) - 400 0 0 24
2018-04-26 08:29:13 ::1 GET /Service1.svc - 49474 - ::1 Mozilla/4.0+(compatible;+MSIE+6.0;+MS+Web+Services+Client+Protocol+4.0.30319.42000) - 200 0 0 6
2018-04-26 08:29:13 ::1 GET /Service1.svc disco 49474 - ::1 Mozilla/4.0+(compatible;+MSIE+6.0;+MS+Web+Services+Client+Protocol+4.0.30319.42000) - 200 0 0 17
2018-04-26 08:29:13 ::1 GET /Service1.svc wsdl 49474 - ::1 Mozilla/4.0+(compatible;+MSIE+6.0;+MS+Web+Services+Client+Protocol+4.0.30319.42000) - 200 0 0 23
2018-04-26 08:29:13 ::1 GET /Service1.svc xsd=xsd0 49474 - ::1 Mozilla/4.0+(compatible;+MSIE+6.0;+MS+Web+Services+Client+Protocol+4.0.30319.42000) - 200 0 0 19
2018-04-26 08:29:13 ::1 GET /Service1.svc xsd=xsd2 49474 - ::1 Mozilla/4.0+(compatible;+MSIE+6.0;+MS+Web+Services+Client+Protocol+4.0.30319.42000) - 200 0 0 10
2018-04-26 08:29:13 ::1 GET /Service1.svc xsd=xsd3 49474 - ::1 Mozilla/4.0+(compatible;+MSIE+6.0;+MS+Web+Services+Client+Protocol+4.0.30319.42000) - 200 0 0 11
2018-04-26 08:29:13 ::1 GET /Service1.svc xsd=xsd1 49474 - ::1 Mozilla/4.0+(compatible;+MSIE+6.0;+MS+Web+Services+Client+Protocol+4.0.30319.42000) - 200 0 0 162
2018-04-26 08:29:13 ::1 POST /Service1.svc - 49474 - ::1 - - 415 0 0 158
2018-04-26 08:29:13 ::1 POST /Service1.svc/mex - 49474 - ::1 - - 415 0 0 180
2018-04-26 08:29:40 ::1 POST /Service1.svc - 49474 - ::1 - - 200 0 0 555
2018-04-26 08:29:40 ::1 POST /Service1.svc - 49474 - ::1 - - 200 0 0 120
2018-04-26 08:29:40 ::1 POST /Service1.svc - 49474 - ::1 - - 200 0 0 89
2018-04-26 08:29:40 ::1 POST /Service1.svc - 49474 - ::1 - - 200 0 0 186
2018-04-26 08:29:40 ::1 POST /Service1.svc - 49474 - ::1 - - 200 0 0 37
2018-04-26 08:29:40 ::1 POST /Service1.svc - 49474 - ::1 - - 200 0 0 57
2018-04-26 08:29:40 ::1 POST /Service1.svc - 49474 - ::1 - - 200 0 0 121
2018-04-26 08:29:40 ::1 POST /Service1.svc - 49474 - ::1 - - 200 0 0 192
2018-04-26 08:29:40 ::1 POST /Service1.svc - 49474 - ::1 - - 200 0 0 26
2018-04-26 08:29:41 ::1 POST /Service1.svc - 49474 - ::1 - - 200 0 0 34
2018-04-26 08:29:41 ::1 POST /Service1.svc - 49474 - ::1 - - 200 0 0 108
2018-04-26 08:29:41 ::1 POST /Service1.svc - 49474 - ::1 - - 200 0 0 44
2018-04-26 08:29:45 ::1 POST /Service1.svc - 49474 - ::1 - - 200 0 0 18
2018-04-26 08:29:45 ::1 POST /Service1.svc - 49474 - ::1 - - 200 0 0 12
2018-04-26 08:29:45 ::1 POST /Service1.svc - 49474 - ::1 - - 200 0 0 11
2018-04-26 08:29:45 ::1 POST /Service1.svc - 49474 - ::1 - - 200 0 0 23
2018-04-26 08:29:45 ::1 POST /Service1.svc - 49474 - ::1 - - 200 0 0 16
2018-04-26 08:29:45 ::1 POST /Service1.svc - 49474 - ::1 - - 200 0 0 14
2018-04-26 08:29:45 ::1 POST /Service1.svc - 49474 - ::1 - - 200 0 0 12
2018-04-26 08:29:45 ::1 POST /Service1.svc - 49474 - ::1 - - 200 0 0 115
2018-04-26 08:29:45 ::1 POST /Service1.svc - 49474 - ::1 - - 200 0 0 601
2018-04-26 08:29:45 ::1 POST /Service1.svc - 49474 - ::1 - - 200 0 0 49
2018-04-26 08:29:45 ::1 POST /Service1.svc - 49474 - ::1 - - 200 0 0 19
2018-04-26 08:29:45 ::1 POST /Service1.svc - 49474 - ::1 - - 200 0 0 22
2018-04-26 08:29:46 ::1 POST /Service1.svc - 49474 - ::1 - - 200 0 0 38
2018-04-26 08:29:46 ::1 POST /Service1.svc - 49474 - ::1 - - 200 0 0 113
2018-04-26 08:29:46 ::1 POST /Service1.svc - 49474 - ::1 - - 200 0 0 120
2018-04-26 08:29:46 ::1 POST /Service1.svc - 49474 - ::1 - - 200 0 0 53
2018-04-26 08:29:48 ::1 POST /Service1.svc - 49474 - ::1 - - 200 0 0 26
2018-04-26 08:29:48 ::1 POST /Service1.svc - 49474 - ::1 - - 200 0 0 23
2018-04-26 08:29:48 ::1 POST /Service1.svc - 49474 - ::1 - - 200 0 0 14
2018-04-26 08:29:48 ::1 POST /Service1.svc - 49474 - ::1 - - 200 0 0 21
2018-04-26 08:29:48 ::1 POST /Service1.svc - 49474 - ::1 - - 200 0 0 18
2018-04-26 08:29:48 ::1 POST /Service1.svc - 49474 - ::1 - - 200 0 0 53
2018-04-26 08:29:48 ::1 POST /Service1.svc - 49474 - ::1 - - 200 0 0 44
2018-04-26 08:29:48 ::1 POST /Service1.svc - 49474 - ::1 - - 200 0 0 46
2018-04-26 08:29:48 ::1 POST /Service1.svc - 49474 - ::1 - - 200 0 0 14
2018-04-26 08:29:48 ::1 POST /Service1.svc - 49474 - ::1 - - 200 0 0 12
2018-04-26 08:29:48 ::1 POST /Service1.svc - 49474 - ::1 - - 200 0 0 15
2018-04-26 08:29:48 ::1 POST /Service1.svc - 49474 - ::1 - - 200 0 0 16
2018-04-26 08:29:48 ::1 POST /Service1.svc - 49474 - ::1 - - 200 0 0 56
2018-04-26 08:29:48 ::1 POST /Service1.svc - 49474 - ::1 - - 200 0 0 38
2018-04-26 08:29:48 ::1 POST /Service1.svc - 49474 - ::1 - - 200 0 0 20
2018-04-26 08:29:48 ::1 POST /Service1.svc - 49474 - ::1 - - 200 0 0 41
2018-04-26 08:29:48 ::1 POST /Service1.svc - 49474 - ::1 - - 200 0 0 139
2018-04-26 08:29:55 ::1 POST /Service1.svc - 49474 - ::1 - - 200 0 0 18
2018-04-26 08:29:55 ::1 POST /Service1.svc - 49474 - ::1 - - 200 0 0 24
2018-04-26 08:29:55 ::1 POST /Service1.svc - 49474 - ::1 - - 200 0 0 44
2018-04-26 08:29:55 ::1 POST /Service1.svc - 49474 - ::1 - - 200 0 0 82
2018-04-26 08:29:55 ::1 POST /Service1.svc - 49474 - ::1 - - 200 0 0 60
2018-04-26 08:29:55 ::1 POST /Service1.svc - 49474 - ::1 - - 200 0 0 57
2018-04-26 08:29:55 ::1 POST /Service1.svc - 49474 - ::1 - - 200 0 0 29
2018-04-26 08:29:55 ::1 POST /Service1.svc - 49474 - ::1 - - 200 0 0 18
2018-04-26 08:29:55 ::1 POST /Service1.svc - 49474 - ::1 - - 200 0 0 52
2018-04-26 08:29:55 ::1 POST /Service1.svc - 49474 - ::1 - - 200 0 0 147
2018-04-26 08:29:55 ::1 POST /Service1.svc - 49474 - ::1 - - 200 0 0 106
2018-04-26 08:29:55 ::1 POST /Service1.svc - 49474 - ::1 - - 200 0 0 79
2018-04-26 08:29:56 ::1 POST /Service1.svc - 49474 - ::1 - - 200 0 0 44
2018-04-26 08:29:56 ::1 POST /Service1.svc - 49474 - ::1 - - 200 0 0 58
2018-04-26 08:29:56 ::1 POST /Service1.svc - 49474 - ::1 - - 200 0 0 40
2018-04-26 08:29:56 ::1 POST /Service1.svc - 49474 - ::1 - - 200 0 0 41
2018-04-26 08:29:56 ::1 POST /Service1.svc - 49474 - ::1 - - 200 0 0 70
2018-04-26 08:29:56 ::1 POST /Service1.svc - 49474 - ::1 - - 200 0 0 36
2018-04-26 08:29:56 ::1 POST /Service1.svc - 49474 - ::1 - - 200 0 0 90
2018-04-26 08:29:56 ::1 POST /Service1.svc - 49474 - ::1 - - 200 0 0 51
2018-04-26 08:29:56 ::1 POST /Service1.svc - 49474 - ::1 - - 200 0 0 74
2018-04-26 08:29:56 ::1 POST /Service1.svc - 49474 - ::1 - - 200 0 0 83
2018-04-26 08:29:56 ::1 POST /Service1.svc - 49474 - ::1 - - 200 0 0 48
2018-04-26 08:29:56 ::1 POST /Service1.svc - 49474 - ::1 - - 200 0 0 43
2018-04-26 08:29:56 ::1 POST /Service1.svc - 49474 - ::1 - - 200 0 0 119
2018-04-26 08:29:56 ::1 POST /Service1.svc - 49474 - ::1 - - 200 0 0 52
2018-04-26 08:29:57 ::1 POST /Service1.svc - 49474 - ::1 - - 200 0 0 39
2018-04-26 08:29:57 ::1 POST /Service1.svc - 49474 - ::1 - - 200 0 0 122
2018-04-26 08:30:19 ::1 POST /Service1.svc - 49474 - ::1 - - 200 0 0 127
2018-04-26 08:30:32 ::1 POST /Service1.svc - 49474 - ::1 - - 200 0 0 22
2018-04-26 08:30:36 ::1 POST /Service1.svc - 49474 - ::1 - - 200 0 0 14
2018-04-26 08:30:36 ::1 POST /Service1.svc - 49474 - ::1 - - 200 0 0 26
2018-04-26 08:30:36 ::1 POST /Service1.svc - 49474 - ::1 - - 200 0 0 45
2018-04-26 08:30:36 ::1 POST /Service1.svc - 49474 - ::1 - - 200 0 0 45
2018-04-26 08:30:36 ::1 POST /Service1.svc - 49474 - ::1 - - 200 0 0 48
2018-04-26 08:30:36 ::1 POST /Service1.svc - 49474 - ::1 - - 200 0 0 20
2018-04-26 08:30:36 ::1 POST /Service1.svc - 49474 - ::1 - - 200 0 0 19
2018-04-26 08:30:36 ::1 POST /Service1.svc - 49474 - ::1 - - 200 0 0 23
2018-04-26 08:30:36 ::1 POST /Service1.svc - 49474 - ::1 - - 200 0 0 32
2018-04-26 08:30:36 ::1 POST /Service1.svc - 49474 - ::1 - - 200 0 0 34
2018-04-26 08:30:36 ::1 POST /Service1.svc - 49474 - ::1 - - 200 0 0 12
2018-04-26 08:30:36 ::1 POST /Service1.svc - 49474 - ::1 - - 200 0 0 23
#Software: Microsoft Internet Information Services 10.0
#Version: 1.0
#Date: 2018-04-26 09:34:30
#Fields: date time s-ip cs-method cs-uri-stem cs-uri-query s-port cs-username c-ip cs(User-Agent) cs(Referer) sc-status sc-substatus sc-win32-status time-taken
2018-04-26 09:34:30 ::1 POST /Service1.svc - 49474 - ::1 - - 200 0 0 478
2018-04-26 09:34:30 ::1 POST /Service1.svc - 49474 - ::1 - - 200 0 0 21
2018-04-26 09:34:30 ::1 POST /Service1.svc - 49474 - ::1 - - 200 0 0 104
2018-04-26 09:34:30 ::1 POST /Service1.svc - 49474 - ::1 - - 200 0 0 33
2018-04-26 09:34:30 ::1 POST /Service1.svc - 49474 - ::1 - - 200 0 0 20
2018-04-26 09:34:30 ::1 POST /Service1.svc - 49474 - ::1 - - 200 0 0 16
2018-04-26 09:34:30 ::1 POST /Service1.svc - 49474 - ::1 - - 200 0 0 13
2018-04-26 09:34:30 ::1 POST /Service1.svc - 49474 - ::1 - - 200 0 0 14
2018-04-26 09:34:30 ::1 POST /Service1.svc - 49474 - ::1 - - 200 0 0 22
2018-04-26 09:34:30 ::1 POST /Service1.svc - 49474 - ::1 - - 200 0 0 30
2018-04-26 09:34:30 ::1 POST /Service1.svc - 49474 - ::1 - - 200 0 0 71
2018-04-26 09:34:30 ::1 POST /Service1.svc - 49474 - ::1 - - 200 0 0 27
2018-04-26 09:34:39 ::1 POST /Service1.svc - 49474 - ::1 - - 200 0 0 26
2018-04-26 09:34:39 ::1 POST /Service1.svc - 49474 - ::1 - - 200 0 0 22
2018-04-26 09:34:39 ::1 POST /Service1.svc - 49474 - ::1 - - 200 0 0 19
2018-04-26 09:34:39 ::1 POST /Service1.svc - 49474 - ::1 - - 200 0 0 20
2018-04-26 09:34:39 ::1 POST /Service1.svc - 49474 - ::1 - - 200 0 0 20
2018-04-26 09:34:39 ::1 POST /Service1.svc - 49474 - ::1 - - 200 0 0 52
2018-04-26 09:34:39 ::1 POST /Service1.svc - 49474 - ::1 - - 200 0 0 47
2018-04-26 09:34:39 ::1 POST /Service1.svc - 49474 - ::1 - - 200 0 0 20
2018-04-26 09:34:39 ::1 POST /Service1.svc - 49474 - ::1 - - 200 0 0 39
2018-04-26 09:34:39 ::1 POST /Service1.svc - 49474 - ::1 - - 200 0 0 14
2018-04-26 09:34:39 ::1 POST /Service1.svc - 49474 - ::1 - - 200 0 0 13
2018-04-26 09:34:39 ::1 POST /Service1.svc - 49474 - ::1 - - 200 0 0 18
2018-04-26 09:34:39 ::1 POST /Service1.svc - 49474 - ::1 - - 200 0 0 46
2018-04-26 09:34:49 ::1 POST /Service1.svc - 49474 - ::1 - - 200 0 0 247
2018-04-26 09:34:49 ::1 POST /Service1.svc - 49474 - ::1 - - 200 0 0 155
2018-04-26 09:35:09 ::1 POST /Service1.svc - 49474 - ::1 - - 200 0 0 109
2018-04-26 09:35:10 ::1 POST /Service1.svc - 49474 - ::1 - - 200 0 0 12
2018-04-26 09:35:10 ::1 POST /Service1.svc - 49474 - ::1 - - 200 0 0 14
2018-04-26 09:35:10 ::1 POST /Service1.svc - 49474 - ::1 - - 200 0 0 66
2018-04-26 09:35:12 ::1 POST /Service1.svc - 49474 - ::1 - - 200 0 0 37
2018-04-26 09:35:12 ::1 POST /Service1.svc - 49474 - ::1 - - 200 0 0 10
2018-04-26 09:35:14 ::1 POST /Service1.svc - 49474 - ::1 - - 200 0 0 25
2018-04-26 09:35:28 ::1 POST /Service1.svc - 49474 - ::1 - - 200 0 0 65
2018-04-26 09:35:28 ::1 POST /Service1.svc - 49474 - ::1 - - 200 0 0 32
2018-04-26 09:35:28 ::1 POST /Service1.svc - 49474 - ::1 - - 200 0 0 19
2018-04-26 09:35:28 ::1 POST /Service1.svc - 49474 - ::1 - - 200 0 0 45
2018-04-26 09:35:52 ::1 POST /Service1.svc - 49474 - ::1 - - 200 0 0 89
2018-04-26 09:35:52 ::1 POST /Service1.svc - 49474 - ::1 - - 200 0 0 36
2018-04-26 09:35:52 ::1 POST /Service1.svc - 49474 - ::1 - - 200 0 0 49
2018-04-26 09:35:52 ::1 POST /Service1.svc - 49474 - ::1 - - 200 0 0 61
2018-04-26 09:35:52 ::1 POST /Service1.svc - 49474 - ::1 - - 200 0 0 57
2018-04-26 09:35:52 ::1 POST /Service1.svc - 49474 - ::1 - - 200 0 0 95
2018-04-26 09:35:52 ::1 POST /Service1.svc - 49474 - ::1 - - 200 0 0 42
2018-04-26 09:35:52 ::1 POST /Service1.svc - 49474 - ::1 - - 200 0 0 33
2018-04-26 09:35:52 ::1 POST /Service1.svc - 49474 - ::1 - - 200 0 0 11
2018-04-26 09:35:52 ::1 POST /Service1.svc - 49474 - ::1 - - 200 0 0 38
2018-04-26 09:35:52 ::1 POST /Service1.svc - 49474 - ::1 - - 200 0 0 29
2018-04-26 09:35:52 ::1 POST /Service1.svc - 49474 - ::1 - - 200 0 0 29
2018-04-26 09:35:55 ::1 POST /Service1.svc - 49474 - ::1 - - 200 0 0 26
2018-04-26 09:35:55 ::1 POST /Service1.svc - 49474 - ::1 - - 200 0 0 35
2018-04-26 09:35:55 ::1 POST /Service1.svc - 49474 - ::1 - - 200 0 0 50
2018-04-26 09:35:55 ::1 POST /Service1.svc - 49474 - ::1 - - 200 0 0 26
2018-04-26 09:35:55 ::1 POST /Service1.svc - 49474 - ::1 - - 200 0 0 43
2018-04-26 09:35:55 ::1 POST /Service1.svc - 49474 - ::1 - - 200 0 0 30
2018-04-26 09:35:55 ::1 POST /Service1.svc - 49474 - ::1 - - 200 0 0 14
2018-04-26 09:35:55 ::1 POST /Service1.svc - 49474 - ::1 - - 200 0 0 15
2018-04-26 09:35:55 ::1 POST /Service1.svc - 49474 - ::1 - - 200 0 0 20
2018-04-26 09:35:55 ::1 POST /Service1.svc - 49474 - ::1 - - 200 0 0 17
2018-04-26 09:35:55 ::1 POST /Service1.svc - 49474 - ::1 - - 200 0 0 30
2018-04-26 09:35:55 ::1 POST /Service1.svc - 49474 - ::1 - - 200 0 0 60
2018-04-26 09:35:55 ::1 POST /Service1.svc - 49474 - ::1 - - 200 0 0 38
2018-04-26 09:35:55 ::1 POST /Service1.svc - 49474 - ::1 - - 200 0 0 36
2018-04-26 09:35:55 ::1 POST /Service1.svc - 49474 - ::1 - - 200 0 0 49
2018-04-26 09:35:55 ::1 POST /Service1.svc - 49474 - ::1 - - 200 0 0 72
2018-04-26 09:35:55 ::1 POST /Service1.svc - 49474 - ::1 - - 200 0 0 50
2018-04-26 09:35:59 ::1 POST /Service1.svc - 49474 - ::1 - - 200 0 0 20
2018-04-26 09:35:59 ::1 POST /Service1.svc - 49474 - ::1 - - 200 0 0 24
2018-04-26 09:35:59 ::1 POST /Service1.svc - 49474 - ::1 - - 200 0 0 20
2018-04-26 09:35:59 ::1 POST /Service1.svc - 49474 - ::1 - - 200 0 0 73
2018-04-26 09:35:59 ::1 POST /Service1.svc - 49474 - ::1 - - 200 0 0 22
2018-04-26 09:35:59 ::1 POST /Service1.svc - 49474 - ::1 - - 200 0 0 56
2018-04-26 09:35:59 ::1 POST /Service1.svc - 49474 - ::1 - - 200 0 0 41
2018-04-26 09:35:59 ::1 POST /Service1.svc - 49474 - ::1 - - 200 0 0 20
2018-04-26 09:35:59 ::1 POST /Service1.svc - 49474 - ::1 - - 200 0 0 41
2018-04-26 09:35:59 ::1 POST /Service1.svc - 49474 - ::1 - - 200 0 0 25
2018-04-26 09:35:59 ::1 POST /Service1.svc - 49474 - ::1 - - 200 0 0 73
2018-04-26 09:35:59 ::1 POST /Service1.svc - 49474 - ::1 - - 200 0 0 62
2018-04-26 09:36:01 ::1 POST /Service1.svc - 49474 - ::1 - - 200 0 0 20
2018-04-26 09:36:01 ::1 POST /Service1.svc - 49474 - ::1 - - 200 0 0 20
2018-04-26 09:36:01 ::1 POST /Service1.svc - 49474 - ::1 - - 200 0 0 19
2018-04-26 09:36:01 ::1 POST /Service1.svc - 49474 - ::1 - - 200 0 0 21
2018-04-26 09:36:01 ::1 POST /Service1.svc - 49474 - ::1 - - 200 0 0 30
2018-04-26 09:36:01 ::1 POST /Service1.svc - 49474 - ::1 - - 200 0 0 22
2018-04-26 09:36:01 ::1 POST /Service1.svc - 49474 - ::1 - - 200 0 0 38
2018-04-26 09:36:01 ::1 POST /Service1.svc - 49474 - ::1 - - 200 0 0 47
2018-04-26 09:36:01 ::1 POST /Service1.svc - 49474 - ::1 - - 200 0 0 68
2018-04-26 09:36:01 ::1 POST /Service1.svc - 49474 - ::1 - - 200 0 0 18
2018-04-26 09:36:01 ::1 POST /Service1.svc - 49474 - ::1 - - 200 0 0 19
2018-04-26 09:36:01 ::1 POST /Service1.svc - 49474 - ::1 - - 200 0 0 24
2018-04-26 09:36:01 ::1 POST /Service1.svc - 49474 - ::1 - - 200 0 0 131
2018-04-26 09:36:09 ::1 POST /Service1.svc - 49474 - ::1 - - 200 0 0 51
2018-04-26 09:36:09 ::1 POST /Service1.svc - 49474 - ::1 - - 200 0 0 99
2018-04-26 09:36:17 ::1 POST /Service1.svc - 49474 - ::1 - - 200 0 0 67
2018-04-26 09:36:17 ::1 POST /Service1.svc - 49474 - ::1 - - 200 0 0 200
2018-04-26 09:36:17 ::1 POST /Service1.svc - 49474 - ::1 - - 200 0 0 50
2018-04-26 09:36:17 ::1 POST /Service1.svc - 49474 - ::1 - - 200 0 0 62
2018-04-26 09:36:20 ::1 POST /Service1.svc - 49474 - ::1 - - 200 0 0 15
2018-04-26 09:36:21 ::1 POST /Service1.svc - 49474 - ::1 - - 200 0 0 8
2018-04-26 09:36:31 ::1 POST /Service1.svc - 49474 - ::1 - - 200 0 0 129
2018-04-26 09:36:32 ::1 POST /Service1.svc - 49474 - ::1 - - 200 0 0 11
2018-04-26 09:36:32 ::1 POST /Service1.svc - 49474 - ::1 - - 200 0 0 14
2018-04-26 09:36:34 ::1 POST /Service1.svc - 49474 - ::1 - - 200 0 0 10
2018-04-26 09:36:34 ::1 POST /Service1.svc - 49474 - ::1 - - 200 0 0 13
2018-04-26 09:36:34 ::1 POST /Service1.svc - 49474 - ::1 - - 200 0 0 21
2018-04-26 09:36:40 ::1 POST /Service1.svc - 49474 - ::1 - - 200 0 0 39
2018-04-26 09:36:40 ::1 POST /Service1.svc - 49474 - ::1 - - 200 0 0 57
2018-04-26 09:36:43 ::1 POST /Service1.svc - 49474 - ::1 - - 200 0 0 11
2018-04-26 09:36:43 ::1 POST /Service1.svc - 49474 - ::1 - - 200 0 0 16
2018-04-26 09:36:44 ::1 POST /Service1.svc - 49474 - ::1 - - 200 0 0 21
2018-04-26 09:36:44 ::1 POST /Service1.svc - 49474 - ::1 - - 200 0 0 11
2018-04-26 09:37:01 ::1 POST /Service1.svc - 49474 - ::1 - - 200 0 0 59
2018-04-26 09:37:01 ::1 POST /Service1.svc - 49474 - ::1 - - 200 0 0 25
2018-04-26 09:37:01 ::1 POST /Service1.svc - 49474 - ::1 - - 200 0 0 21
2018-04-26 09:37:01 ::1 POST /Service1.svc - 49474 - ::1 - - 200 0 0 36
2018-04-26 09:37:01 ::1 POST /Service1.svc - 49474 - ::1 - - 200 0 0 19
2018-04-26 09:37:01 ::1 POST /Service1.svc - 49474 - ::1 - - 200 0 0 29
2018-04-26 09:37:01 ::1 POST /Service1.svc - 49474 - ::1 - - 200 0 0 20
2018-04-26 09:37:01 ::1 POST /Service1.svc - 49474 - ::1 - - 200 0 0 41
2018-04-26 09:37:01 ::1 POST /Service1.svc - 49474 - ::1 - - 200 0 0 11
2018-04-26 09:37:01 ::1 POST /Service1.svc - 49474 - ::1 - - 200 0 0 16
2018-04-26 09:37:01 ::1 POST /Service1.svc - 49474 - ::1 - - 200 0 0 13
2018-04-26 09:37:01 ::1 POST /Service1.svc - 49474 - ::1 - - 200 0 0 15
2018-04-26 09:37:05 ::1 POST /Service1.svc - 49474 - ::1 - - 200 0 0 12
2018-04-26 09:37:11 ::1 POST /Service1.svc - 49474 - ::1 - - 200 0 0 80
2018-04-26 09:37:11 ::1 POST /Service1.svc - 49474 - ::1 - - 200 0 0 21
2018-04-26 09:37:11 ::1 POST /Service1.svc - 49474 - ::1 - - 200 0 0 50
2018-04-26 09:37:11 ::1 POST /Service1.svc - 49474 - ::1 - - 200 0 0 33
2018-04-26 09:37:11 ::1 POST /Service1.svc - 49474 - ::1 - - 200 0 0 23
2018-04-26 09:37:11 ::1 POST /Service1.svc - 49474 - ::1 - - 200 0 0 20
2018-04-26 09:37:11 ::1 POST /Service1.svc - 49474 - ::1 - - 200 0 0 64
2018-04-26 09:37:11 ::1 POST /Service1.svc - 49474 - ::1 - - 200 0 0 18
2018-04-26 09:37:11 ::1 POST /Service1.svc - 49474 - ::1 - - 200 0 0 27
2018-04-26 09:37:11 ::1 POST /Service1.svc - 49474 - ::1 - - 200 0 0 26
2018-04-26 09:37:11 ::1 POST /Service1.svc - 49474 - ::1 - - 200 0 0 34
2018-04-26 09:37:11 ::1 POST /Service1.svc - 49474 - ::1 - - 200 0 0 79
2018-04-26 09:39:57 ::1 POST /Service1.svc - 49474 - ::1 - - 200 0 0 23
2018-04-26 09:39:57 ::1 POST /Service1.svc - 49474 - ::1 - - 200 0 0 39
2018-04-26 09:39:57 ::1 POST /Service1.svc - 49474 - ::1 - - 200 0 0 23
2018-04-26 09:39:57 ::1 POST /Service1.svc - 49474 - ::1 - - 200 0 0 83
2018-04-26 09:39:57 ::1 POST /Service1.svc - 49474 - ::1 - - 200 0 0 13
2018-04-26 09:39:57 ::1 POST /Service1.svc - 49474 - ::1 - - 200 0 0 38
2018-04-26 09:39:57 ::1 POST /Service1.svc - 49474 - ::1 - - 200 0 0 37
2018-04-26 09:39:57 ::1 POST /Service1.svc - 49474 - ::1 - - 200 0 0 43
2018-04-26 09:39:57 ::1 POST /Service1.svc - 49474 - ::1 - - 200 0 0 44
2018-04-26 09:39:57 ::1 POST /Service1.svc - 49474 - ::1 - - 200 0 0 21
2018-04-26 09:39:57 ::1 POST /Service1.svc - 49474 - ::1 - - 200 0 0 68
2018-04-26 09:39:57 ::1 POST /Service1.svc - 49474 - ::1 - - 200 0 0 38
2018-04-26 09:40:06 ::1 POST /Service1.svc - 49474 - ::1 - - 200 0 0 45
2018-04-26 09:40:06 ::1 POST /Service1.svc - 49474 - ::1 - - 200 0 0 20
2018-04-26 09:40:06 ::1 POST /Service1.svc - 49474 - ::1 - - 200 0 0 65
2018-04-26 09:40:06 ::1 POST /Service1.svc - 49474 - ::1 - - 200 0 0 15
2018-04-26 09:40:06 ::1 POST /Service1.svc - 49474 - ::1 - - 200 0 0 22
2018-04-26 09:40:06 ::1 POST /Service1.svc - 49474 - ::1 - - 200 0 0 14
2018-04-26 09:40:06 ::1 POST /Service1.svc - 49474 - ::1 - - 200 0 0 12
2018-04-26 09:40:06 ::1 POST /Service1.svc - 49474 - ::1 - - 200 0 0 33
2018-04-26 09:40:06 ::1 POST /Service1.svc - 49474 - ::1 - - 200 0 0 26
2018-04-26 09:40:06 ::1 POST /Service1.svc - 49474 - ::1 - - 200 0 0 83
2018-04-26 09:40:06 ::1 POST /Service1.svc - 49474 - ::1 - - 200 0 0 51
2018-04-26 09:40:06 ::1 POST /Service1.svc - 49474 - ::1 - - 200 0 0 24
2018-04-26 09:40:33 ::1 POST /Service1.svc - 49474 - ::1 - - 200 0 0 131
2018-04-26 09:45:09 ::1 POST /Service1.svc - 49474 - ::1 - - 200 0 0 278
2018-04-26 09:45:09 ::1 POST /Service1.svc - 49474 - ::1 - - 200 0 0 24
2018-04-26 09:45:09 ::1 POST /Service1.svc - 49474 - ::1 - - 200 0 0 20
2018-04-26 09:45:09 ::1 POST /Service1.svc - 49474 - ::1 - - 200 0 0 123
2018-04-26 09:45:09 ::1 POST /Service1.svc - 49474 - ::1 - - 200 0 0 14
2018-04-26 09:45:09 ::1 POST /Service1.svc - 49474 - ::1 - - 200 0 0 34
2018-04-26 09:45:09 ::1 POST /Service1.svc - 49474 - ::1 - - 200 0 0 11
2018-04-26 09:45:09 ::1 POST /Service1.svc - 49474 - ::1 - - 200 0 0 82
2018-04-26 09:45:09 ::1 POST /Service1.svc - 49474 - ::1 - - 200 0 0 75
2018-04-26 09:45:09 ::1 POST /Service1.svc - 49474 - ::1 - - 200 0 0 23
2018-04-26 09:45:09 ::1 POST /Service1.svc - 49474 - ::1 - - 200 0 0 27
2018-04-26 09:45:09 ::1 POST /Service1.svc - 49474 - ::1 - - 200 0 0 31
2018-04-26 09:45:09 ::1 POST /Service1.svc - 49474 - ::1 - - 200 0 0 63
2018-04-26 09:45:09 ::1 POST /Service1.svc - 49474 - ::1 - - 200 0 0 32
2018-04-26 09:45:09 ::1 POST /Service1.svc - 49474 - ::1 - - 200 0 0 15
2018-04-26 09:45:09 ::1 POST /Service1.svc - 49474 - ::1 - - 200 0 0 21
2018-04-26 09:45:09 ::1 POST /Service1.svc - 49474 - ::1 - - 200 0 0 25
2018-04-26 09:45:09 ::1 POST /Service1.svc - 49474 - ::1 - - 200 0 0 19
2018-04-26 09:45:09 ::1 POST /Service1.svc - 49474 - ::1 - - 200 0 0 146
2018-04-26 09:45:09 ::1 POST /Service1.svc - 49474 - ::1 - - 200 0 0 36
2018-04-26 09:45:10 ::1 POST /Service1.svc - 49474 - ::1 - - 200 0 0 102
2018-04-26 09:45:10 ::1 POST /Service1.svc - 49474 - ::1 - - 200 0 0 43
2018-04-26 09:45:10 ::1 POST /Service1.svc - 49474 - ::1 - - 200 0 0 107
2018-04-26 09:45:10 ::1 POST /Service1.svc - 49474 - ::1 - - 200 0 0 106
2018-04-26 09:45:34 ::1 POST /Service1.svc - 49474 - ::1 - - 200 0 0 10
2018-04-26 09:45:34 ::1 POST /Service1.svc - 49474 - ::1 - - 200 0 0 89
2018-04-26 09:45:34 ::1 POST /Service1.svc - 49474 - ::1 - - 200 0 0 33
2018-04-26 09:45:34 ::1 POST /Service1.svc - 49474 - ::1 - - 200 0 0 30
2018-04-26 09:45:34 ::1 POST /Service1.svc - 49474 - ::1 - - 200 0 0 19
2018-04-26 09:45:34 ::1 POST /Service1.svc - 49474 - ::1 - - 200 0 0 17
2018-04-26 09:45:34 ::1 POST /Service1.svc - 49474 - ::1 - - 200 0 0 17
2018-04-26 09:45:34 ::1 POST /Service1.svc - 49474 - ::1 - - 200 0 0 57
2018-04-26 09:45:34 ::1 POST /Service1.svc - 49474 - ::1 - - 200 0 0 32
2018-04-26 09:45:34 ::1 POST /Service1.svc - 49474 - ::1 - - 200 0 0 93
2018-04-26 09:45:34 ::1 POST /Service1.svc - 49474 - ::1 - - 200 0 0 14
2018-04-26 09:45:34 ::1 POST /Service1.svc - 49474 - ::1 - - 200 0 0 66
2018-04-26 09:45:37 ::1 POST /Service1.svc - 49474 - ::1 - - 200 0 0 42
2018-04-26 09:53:14 ::1 POST /Service1.svc - 49474 - ::1 - - 200 0 0 86
2018-04-26 09:53:14 ::1 POST /Service1.svc - 49474 - ::1 - - 200 0 0 106
2018-04-26 09:53:14 ::1 POST /Service1.svc - 49474 - ::1 - - 200 0 0 27
2018-04-26 09:53:14 ::1 POST /Service1.svc - 49474 - ::1 - - 200 0 0 58
2018-04-26 09:53:14 ::1 POST /Service1.svc - 49474 - ::1 - - 200 0 0 38
2018-04-26 09:53:14 ::1 POST /Service1.svc - 49474 - ::1 - - 200 0 0 48
2018-04-26 09:53:14 ::1 POST /Service1.svc - 49474 - ::1 - - 200 0 0 47
2018-04-26 09:53:14 ::1 POST /Service1.svc - 49474 - ::1 - - 200 0 0 18
2018-04-26 09:53:14 ::1 POST /Service1.svc - 49474 - ::1 - - 200 0 0 42
2018-04-26 09:53:14 ::1 POST /Service1.svc - 49474 - ::1 - - 200 0 0 48
2018-04-26 09:53:14 ::1 POST /Service1.svc - 49474 - ::1 - - 200 0 0 59
2018-04-26 09:53:14 ::1 POST /Service1.svc - 49474 - ::1 - - 200 0 0 17
2018-04-26 09:53:22 ::1 POST /Service1.svc - 49474 - ::1 - - 200 0 0 59
2018-04-26 09:53:22 ::1 POST /Service1.svc - 49474 - ::1 - - 200 0 0 15
2018-04-26 09:53:22 ::1 POST /Service1.svc - 49474 - ::1 - - 200 0 0 48
2018-04-26 09:53:22 ::1 POST /Service1.svc - 49474 - ::1 - - 200 0 0 15
2018-04-26 09:53:22 ::1 POST /Service1.svc - 49474 - ::1 - - 200 0 0 37
2018-04-26 09:53:22 ::1 POST /Service1.svc - 49474 - ::1 - - 200 0 0 22
2018-04-26 09:53:22 ::1 POST /Service1.svc - 49474 - ::1 - - 200 0 0 18
2018-04-26 09:53:22 ::1 POST /Service1.svc - 49474 - ::1 - - 200 0 0 20
2018-04-26 09:53:22 ::1 POST /Service1.svc - 49474 - ::1 - - 200 0 0 54
2018-04-26 09:53:22 ::1 POST /Service1.svc - 49474 - ::1 - - 200 0 0 36
2018-04-26 09:53:22 ::1 POST /Service1.svc - 49474 - ::1 - - 200 0 0 43
2018-04-26 09:53:22 ::1 POST /Service1.svc - 49474 - ::1 - - 200 0 0 73
2018-04-26 09:53:34 ::1 POST /Service1.svc - 49474 - ::1 - - 200 0 0 77
2018-04-26 09:56:16 ::1 POST /Service1.svc - 49474 - ::1 - - 200 0 0 30
2018-04-26 09:56:16 ::1 POST /Service1.svc - 49474 - ::1 - - 200 0 0 33
2018-04-26 09:56:53 ::1 POST /Service1.svc - 49474 - ::1 - - 200 0 0 87
2018-04-26 09:56:53 ::1 POST /Service1.svc - 49474 - ::1 - - 200 0 0 56
2018-04-26 09:56:53 ::1 POST /Service1.svc - 49474 - ::1 - - 200 0 0 169
2018-04-26 09:56:53 ::1 POST /Service1.svc - 49474 - ::1 - - 200 0 0 24
2018-04-26 09:57:18 ::1 POST /Service1.svc - 49474 - ::1 - - 200 0 0 21
2018-04-26 09:57:39 ::1 POST /Service1.svc - 49474 - ::1 - - 200 0 0 26
2018-04-26 09:57:39 ::1 POST /Service1.svc - 49474 - ::1 - - 200 0 0 31
2018-04-26 09:57:39 ::1 POST /Service1.svc - 49474 - ::1 - - 200 0 0 41
2018-04-26 09:57:39 ::1 POST /Service1.svc - 49474 - ::1 - - 200 0 0 29
2018-04-26 09:59:57 ::1 POST /Service1.svc - 49474 - ::1 - - 200 0 0 30
2018-04-26 09:59:57 ::1 POST /Service1.svc - 49474 - ::1 - - 200 0 0 196
2018-04-26 09:59:57 ::1 POST /Service1.svc - 49474 - ::1 - - 200 0 0 37
2018-04-26 09:59:57 ::1 POST /Service1.svc - 49474 - ::1 - - 200 0 0 41
2018-04-26 09:59:57 ::1 POST /Service1.svc - 49474 - ::1 - - 200 0 0 13
2018-04-26 09:59:57 ::1 POST /Service1.svc - 49474 - ::1 - - 200 0 0 18
2018-04-26 09:59:57 ::1 POST /Service1.svc - 49474 - ::1 - - 200 0 0 21
2018-04-26 09:59:57 ::1 POST /Service1.svc - 49474 - ::1 - - 200 0 0 21
2018-04-26 09:59:57 ::1 POST /Service1.svc - 49474 - ::1 - - 200 0 0 282
2018-04-26 09:59:57 ::1 POST /Service1.svc - 49474 - ::1 - - 200 0 0 50
2018-04-26 09:59:57 ::1 POST /Service1.svc - 49474 - ::1 - - 200 0 0 26
2018-04-26 09:59:57 ::1 POST /Service1.svc - 49474 - ::1 - - 200 0 0 33
2018-04-26 10:00:03 ::1 POST /Service1.svc - 49474 - ::1 - - 200 0 0 16
2018-04-26 10:00:03 ::1 POST /Service1.svc - 49474 - ::1 - - 200 0 0 14
2018-04-26 10:00:03 ::1 POST /Service1.svc - 49474 - ::1 - - 200 0 0 17
2018-04-26 10:00:03 ::1 POST /Service1.svc - 49474 - ::1 - - 200 0 0 79
2018-04-26 10:00:03 ::1 POST /Service1.svc - 49474 - ::1 - - 200 0 0 34
2018-04-26 10:00:03 ::1 POST /Service1.svc - 49474 - ::1 - - 200 0 0 13
2018-04-26 10:00:03 ::1 POST /Service1.svc - 49474 - ::1 - - 200 0 0 19
2018-04-26 10:00:03 ::1 POST /Service1.svc - 49474 - ::1 - - 200 0 0 24
2018-04-26 10:00:03 ::1 POST /Service1.svc - 49474 - ::1 - - 200 0 0 20
2018-04-26 10:00:03 ::1 POST /Service1.svc - 49474 - ::1 - - 200 0 0 28
2018-04-26 10:00:03 ::1 POST /Service1.svc - 49474 - ::1 - - 200 0 0 82
2018-04-26 10:00:03 ::1 POST /Service1.svc - 49474 - ::1 - - 200 0 0 70
2018-04-26 10:03:39 ::1 POST /Service1.svc - 49474 - ::1 - - 200 0 0 31
2018-04-26 10:07:52 ::1 POST /Service1.svc - 49474 - ::1 - - 200 0 0 523
2018-04-26 10:07:52 ::1 POST /Service1.svc - 49474 - ::1 - - 200 0 0 97
2018-04-26 10:07:52 ::1 POST /Service1.svc - 49474 - ::1 - - 200 0 0 45
2018-04-26 10:07:52 ::1 POST /Service1.svc - 49474 - ::1 - - 200 0 0 77
2018-04-26 10:07:52 ::1 POST /Service1.svc - 49474 - ::1 - - 200 0 0 80
2018-04-26 10:07:52 ::1 POST /Service1.svc - 49474 - ::1 - - 200 0 0 84
2018-04-26 10:07:52 ::1 POST /Service1.svc - 49474 - ::1 - - 200 0 0 94
2018-04-26 10:07:52 ::1 POST /Service1.svc - 49474 - ::1 - - 200 0 0 68
2018-04-26 10:07:52 ::1 POST /Service1.svc - 49474 - ::1 - - 200 0 0 41
2018-04-26 10:07:52 ::1 POST /Service1.svc - 49474 - ::1 - - 200 0 0 115
2018-04-26 10:07:53 ::1 POST /Service1.svc - 49474 - ::1 - - 200 0 0 32
2018-04-26 10:07:53 ::1 POST /Service1.svc - 49474 - ::1 - - 200 0 0 16
2018-04-26 10:07:56 ::1 POST /Service1.svc - 49474 - ::1 - - 200 0 0 55
2018-04-26 10:07:56 ::1 POST /Service1.svc - 49474 - ::1 - - 200 0 0 116
2018-04-26 10:07:56 ::1 POST /Service1.svc - 49474 - ::1 - - 200 0 0 24
2018-04-26 10:07:56 ::1 POST /Service1.svc - 49474 - ::1 - - 200 0 0 174
2018-04-26 10:07:56 ::1 POST /Service1.svc - 49474 - ::1 - - 200 0 0 82
2018-04-26 10:07:56 ::1 POST /Service1.svc - 49474 - ::1 - - 200 0 0 86
2018-04-26 10:07:56 ::1 POST /Service1.svc - 49474 - ::1 - - 200 0 0 15
2018-04-26 10:07:56 ::1 POST /Service1.svc - 49474 - ::1 - - 200 0 0 73
2018-04-26 10:07:56 ::1 POST /Service1.svc - 49474 - ::1 - - 200 0 0 37
2018-04-26 10:07:56 ::1 POST /Service1.svc - 49474 - ::1 - - 200 0 0 21
2018-04-26 10:07:56 ::1 POST /Service1.svc - 49474 - ::1 - - 200 0 0 20
2018-04-26 10:07:56 ::1 POST /Service1.svc - 49474 - ::1 - - 200 0 0 14
2018-04-26 10:08:13 ::1 POST /Service1.svc - 49474 - ::1 - - 200 0 0 58
2018-04-26 10:08:53 ::1 POST /Service1.svc - 49474 - ::1 - - 200 0 0 32
2018-04-26 10:08:53 ::1 POST /Service1.svc - 49474 - ::1 - - 200 0 0 79
2018-04-26 10:08:53 ::1 POST /Service1.svc - 49474 - ::1 - - 200 0 0 21
2018-04-26 10:08:53 ::1 POST /Service1.svc - 49474 - ::1 - - 200 0 0 49
2018-04-26 10:08:53 ::1 POST /Service1.svc - 49474 - ::1 - - 200 0 0 190
2018-04-26 10:08:53 ::1 POST /Service1.svc - 49474 - ::1 - - 200 0 0 73
2018-04-26 10:08:53 ::1 POST /Service1.svc - 49474 - ::1 - - 200 0 0 44
2018-04-26 10:08:53 ::1 POST /Service1.svc - 49474 - ::1 - - 200 0 0 93
2018-04-26 10:08:53 ::1 POST /Service1.svc - 49474 - ::1 - - 200 0 0 31
2018-04-26 10:08:53 ::1 POST /Service1.svc - 49474 - ::1 - - 200 0 0 41
2018-04-26 10:08:53 ::1 POST /Service1.svc - 49474 - ::1 - - 200 0 0 32
2018-04-26 10:08:53 ::1 POST /Service1.svc - 49474 - ::1 - - 200 0 0 160
2018-04-26 10:09:00 ::1 POST /Service1.svc - 49474 - ::1 - - 200 0 0 9
2018-04-26 10:09:00 ::1 POST /Service1.svc - 49474 - ::1 - - 200 0 0 17
2018-04-26 10:09:00 ::1 POST /Service1.svc - 49474 - ::1 - - 200 0 0 50
2018-04-26 10:09:00 ::1 POST /Service1.svc - 49474 - ::1 - - 200 0 0 48
2018-04-26 10:09:00 ::1 POST /Service1.svc - 49474 - ::1 - - 200 0 0 64
2018-04-26 10:09:00 ::1 POST /Service1.svc - 49474 - ::1 - - 200 0 0 32
2018-04-26 10:09:00 ::1 POST /Service1.svc - 49474 - ::1 - - 200 0 0 21
2018-04-26 10:09:00 ::1 POST /Service1.svc - 49474 - ::1 - - 200 0 0 118
2018-04-26 10:09:00 ::1 POST /Service1.svc - 49474 - ::1 - - 200 0 0 45
2018-04-26 10:09:00 ::1 POST /Service1.svc - 49474 - ::1 - - 200 0 0 20
2018-04-26 10:09:00 ::1 POST /Service1.svc - 49474 - ::1 - - 200 0 0 18
2018-04-26 10:09:00 ::1 POST /Service1.svc - 49474 - ::1 - - 200 0 0 32
2018-04-26 10:09:16 ::1 POST /Service1.svc - 49474 - ::1 - - 200 0 0 56
2018-04-26 10:19:28 ::1 POST /Service1.svc - 49474 - ::1 - - 200 0 0 188
2018-04-26 10:19:28 ::1 POST /Service1.svc - 49474 - ::1 - - 200 0 0 26
2018-04-26 10:19:28 ::1 POST /Service1.svc - 49474 - ::1 - - 200 0 0 24
2018-04-26 10:19:28 ::1 POST /Service1.svc - 49474 - ::1 - - 200 0 0 24
2018-04-26 10:19:28 ::1 POST /Service1.svc - 49474 - ::1 - - 200 0 0 39
2018-04-26 10:19:28 ::1 POST /Service1.svc - 49474 - ::1 - - 200 0 0 49
2018-04-26 10:19:28 ::1 POST /Service1.svc - 49474 - ::1 - - 200 0 0 69
2018-04-26 10:19:28 ::1 POST /Service1.svc - 49474 - ::1 - - 200 0 0 101
2018-04-26 10:19:28 ::1 POST /Service1.svc - 49474 - ::1 - - 200 0 0 46
2018-04-26 10:19:28 ::1 POST /Service1.svc - 49474 - ::1 - - 200 0 0 38
2018-04-26 10:19:28 ::1 POST /Service1.svc - 49474 - ::1 - - 200 0 0 36
2018-04-26 10:19:28 ::1 POST /Service1.svc - 49474 - ::1 - - 200 0 0 46
2018-04-26 10:19:31 ::1 POST /Service1.svc - 49474 - ::1 - - 200 0 0 127
2018-04-26 10:19:31 ::1 POST /Service1.svc - 49474 - ::1 - - 200 0 0 142
2018-04-26 10:19:31 ::1 POST /Service1.svc - 49474 - ::1 - - 200 0 0 208
2018-04-26 10:19:31 ::1 POST /Service1.svc - 49474 - ::1 - - 200 0 0 240
2018-04-26 10:19:31 ::1 POST /Service1.svc - 49474 - ::1 - - 200 0 0 123
2018-04-26 10:19:31 ::1 POST /Service1.svc - 49474 - ::1 - - 200 0 0 53
2018-04-26 10:19:31 ::1 POST /Service1.svc - 49474 - ::1 - - 200 0 0 114
2018-04-26 10:19:32 ::1 POST /Service1.svc - 49474 - ::1 - - 200 0 0 152
2018-04-26 10:19:32 ::1 POST /Service1.svc - 49474 - ::1 - - 200 0 0 77
2018-04-26 10:19:32 ::1 POST /Service1.svc - 49474 - ::1 - - 200 0 0 94
2018-04-26 10:19:32 ::1 POST /Service1.svc - 49474 - ::1 - - 200 0 0 62
2018-04-26 10:19:32 ::1 POST /Service1.svc - 49474 - ::1 - - 200 0 0 115
2018-04-26 10:19:56 ::1 POST /Service1.svc - 49474 - ::1 - - 200 0 0 368
2018-04-26 10:20:05 ::1 POST /Service1.svc - 49474 - ::1 - - 200 0 0 54
2018-04-26 10:20:14 ::1 POST /Service1.svc - 49474 - ::1 - - 200 0 0 181
2018-04-26 10:20:19 ::1 POST /Service1.svc - 49474 - ::1 - - 200 0 0 55
#Software: Microsoft Internet Information Services 10.0
#Version: 1.0
#Date: 2018-04-26 10:39:52
#Fields: date time s-ip cs-method cs-uri-stem cs-uri-query s-port cs-username c-ip cs(User-Agent) cs(Referer) sc-status sc-substatus sc-win32-status time-taken
2018-04-26 10:39:52 ::1 POST /Service1.svc - 49474 - ::1 - - 200 0 0 597
2018-04-26 10:39:52 ::1 POST /Service1.svc - 49474 - ::1 - - 200 0 0 124
2018-04-26 10:39:52 ::1 POST /Service1.svc - 49474 - ::1 - - 200 0 0 32
2018-04-26 10:39:52 ::1 POST /Service1.svc - 49474 - ::1 - - 200 0 0 24
2018-04-26 10:39:52 ::1 POST /Service1.svc - 49474 - ::1 - - 200 0 0 19
2018-04-26 10:39:52 ::1 POST /Service1.svc - 49474 - ::1 - - 200 0 0 14
2018-04-26 10:39:52 ::1 POST /Service1.svc - 49474 - ::1 - - 200 0 0 58
2018-04-26 10:39:52 ::1 POST /Service1.svc - 49474 - ::1 - - 200 0 0 79
2018-04-26 10:39:52 ::1 POST /Service1.svc - 49474 - ::1 - - 200 0 0 32
2018-04-26 10:39:52 ::1 POST /Service1.svc - 49474 - ::1 - - 200 0 0 18
2018-04-26 10:39:52 ::1 POST /Service1.svc - 49474 - ::1 - - 200 0 0 15
2018-04-26 10:39:52 ::1 POST /Service1.svc - 49474 - ::1 - - 200 0 0 53
