#Software: Microsoft Internet Information Services 10.0
#Version: 1.0
#Date: 2018-09-06 11:00:58
#Fields: date time s-ip cs-method cs-uri-stem cs-uri-query s-port cs-username c-ip cs(User-Agent) cs(Referer) sc-status sc-substatus sc-win32-status time-taken
2018-09-06 11:00:58 ::1 GET /UserLogin/Login - 62268 - ::1 Mozilla/5.0+(Windows+NT+10.0;+WOW64;+Trident/7.0;+rv:11.0)+like+Gecko - 404 0 0 22120
2018-09-06 11:01:12 ::1 GET / - 62268 - ::1 Mozilla/5.0+(Windows+NT+10.0;+WOW64;+Trident/7.0;+rv:11.0)+like+Gecko - 200 0 64 57721
2018-09-06 11:04:06 ::1 GET / - 62268 - ::1 Mozilla/5.0+(Windows+NT+10.0;+WOW64;+Trident/7.0;+rv:11.0)+like+Gecko - 200 0 0 19064
2018-09-06 11:04:06 ::1 GET /Content/site.css - 62268 - ::1 Mozilla/5.0+(Windows+NT+10.0;+WOW64;+Trident/7.0;+rv:11.0)+like+Gecko http://localhost:62268/ 200 0 0 37
2018-09-06 11:04:06 ::1 GET /Scripts/modernizr-2.6.2.js - 62268 - ::1 Mozilla/5.0+(Windows+NT+10.0;+WOW64;+Trident/7.0;+rv:11.0)+like+Gecko http://localhost:62268/ 200 0 0 91
2018-09-06 11:04:06 ::1 GET /Content/bootstrap.css - 62268 - ::1 Mozilla/5.0+(Windows+NT+10.0;+WOW64;+Trident/7.0;+rv:11.0)+like+Gecko http://localhost:62268/ 200 0 0 114
2018-09-06 11:04:06 ::1 GET /Scripts/respond.js - 62268 - ::1 Mozilla/5.0+(Windows+NT+10.0;+WOW64;+Trident/7.0;+rv:11.0)+like+Gecko http://localhost:62268/ 200 0 0 119
2018-09-06 11:04:06 ::1 GET /Scripts/bootstrap.js - 62268 - ::1 Mozilla/5.0+(Windows+NT+10.0;+WOW64;+Trident/7.0;+rv:11.0)+like+Gecko http://localhost:62268/ 200 0 0 124
2018-09-06 11:04:06 ::1 GET /Scripts/jquery-1.10.2.js - 62268 - ::1 Mozilla/5.0+(Windows+NT+10.0;+WOW64;+Trident/7.0;+rv:11.0)+like+Gecko http://localhost:62268/ 200 0 0 160
2018-09-06 11:04:15 ::1 GET /UserLogin/LoginUser - 62268 - ::1 Mozilla/5.0+(Windows+NT+10.0;+WOW64;+Trident/7.0;+rv:11.0)+like+Gecko - 200 0 0 3333
2018-09-06 11:05:59 ::1 POST /UserLogin/LoginUser - 62268 - ::1 Mozilla/5.0+(Windows+NT+10.0;+WOW64;+Trident/7.0;+rv:11.0)+like+Gecko http://localhost:62268/UserLogin/LoginUser 302 0 0 3830
2018-09-06 11:06:00 ::1 GET /UserLogin - 62268 - ::1 Mozilla/5.0+(Windows+NT+10.0;+WOW64;+Trident/7.0;+rv:11.0)+like+Gecko http://localhost:62268/UserLogin/LoginUser 200 0 0 1148
2018-09-06 11:15:37 ::1 GET /UserLogin/UserLogin - 62268 - ::1 Mozilla/5.0+(Windows+NT+10.0;+WOW64;+Trident/7.0;+rv:11.0)+like+Gecko - 404 0 0 4828
2018-09-06 11:18:29 ::1 GET /UserLogin/LoginUser - 62268 - ::1 Mozilla/5.0+(Windows+NT+10.0;+WOW64;+Trident/7.0;+rv:11.0)+like+Gecko - 200 0 0 17013
2018-09-06 11:18:29 ::1 GET /Content/bootstrap.css - 62268 - ::1 Mozilla/5.0+(Windows+NT+10.0;+WOW64;+Trident/7.0;+rv:11.0)+like+Gecko http://localhost:62268/UserLogin/LoginUser 304 0 0 10
2018-09-06 11:18:29 ::1 GET /Content/site.css - 62268 - ::1 Mozilla/5.0+(Windows+NT+10.0;+WOW64;+Trident/7.0;+rv:11.0)+like+Gecko http://localhost:62268/UserLogin/LoginUser 304 0 0 7
2018-09-06 11:18:29 ::1 GET /Scripts/modernizr-2.6.2.js - 62268 - ::1 Mozilla/5.0+(Windows+NT+10.0;+WOW64;+Trident/7.0;+rv:11.0)+like+Gecko http://localhost:62268/UserLogin/LoginUser 304 0 0 9
2018-09-06 11:18:29 ::1 GET /Scripts/jquery-1.10.2.js - 62268 - ::1 Mozilla/5.0+(Windows+NT+10.0;+WOW64;+Trident/7.0;+rv:11.0)+like+Gecko http://localhost:62268/UserLogin/LoginUser 304 0 0 6
2018-09-06 11:18:29 ::1 GET /Scripts/bootstrap.js - 62268 - ::1 Mozilla/5.0+(Windows+NT+10.0;+WOW64;+Trident/7.0;+rv:11.0)+like+Gecko http://localhost:62268/UserLogin/LoginUser 304 0 0 39
2018-09-06 11:18:29 ::1 GET /Scripts/respond.js - 62268 - ::1 Mozilla/5.0+(Windows+NT+10.0;+WOW64;+Trident/7.0;+rv:11.0)+like+Gecko http://localhost:62268/UserLogin/LoginUser 304 0 0 31
2018-09-06 11:18:53 ::1 POST /UserLogin/LoginUser - 62268 - ::1 Mozilla/5.0+(Windows+NT+10.0;+WOW64;+Trident/7.0;+rv:11.0)+like+Gecko http://localhost:62268/UserLogin/LoginUser 302 0 0 2638
2018-09-06 11:18:53 ::1 GET /UserLogin - 62268 - ::1 Mozilla/5.0+(Windows+NT+10.0;+WOW64;+Trident/7.0;+rv:11.0)+like+Gecko http://localhost:62268/UserLogin/LoginUser 200 0 0 893
#Software: Microsoft Internet Information Services 10.0
#Version: 1.0
#Date: 2018-09-06 11:25:30
#Fields: date time s-ip cs-method cs-uri-stem cs-uri-query s-port cs-username c-ip cs(User-Agent) cs(Referer) sc-status sc-substatus sc-win32-status time-taken
2018-09-06 11:25:30 ::1 GET /UserLogin/Index - 62268 - ::1 Mozilla/5.0+(Windows+NT+10.0;+WOW64;+Trident/7.0;+rv:11.0)+like+Gecko - 200 0 64 19665
2018-09-06 11:25:30 ::1 GET /UserLogin/loginUser - 62268 - ::1 Mozilla/5.0+(Windows+NT+10.0;+WOW64;+Trident/7.0;+rv:11.0)+like+Gecko - 200 0 0 9311
2018-09-06 11:25:30 ::1 GET /Scripts/jquery-1.10.2.js - 62268 - ::1 Mozilla/5.0+(Windows+NT+10.0;+WOW64;+Trident/7.0;+rv:11.0)+like+Gecko http://localhost:62268/UserLogin/loginUser 304 0 0 83
2018-09-06 11:25:30 ::1 GET /Scripts/bootstrap.js - 62268 - ::1 Mozilla/5.0+(Windows+NT+10.0;+WOW64;+Trident/7.0;+rv:11.0)+like+Gecko http://localhost:62268/UserLogin/loginUser 304 0 0 136
2018-09-06 11:25:30 ::1 GET /Content/site.css - 62268 - ::1 Mozilla/5.0+(Windows+NT+10.0;+WOW64;+Trident/7.0;+rv:11.0)+like+Gecko http://localhost:62268/UserLogin/loginUser 304 0 0 136
2018-09-06 11:25:30 ::1 GET /Scripts/modernizr-2.6.2.js - 62268 - ::1 Mozilla/5.0+(Windows+NT+10.0;+WOW64;+Trident/7.0;+rv:11.0)+like+Gecko http://localhost:62268/UserLogin/loginUser 304 0 0 136
2018-09-06 11:25:30 ::1 GET /Content/bootstrap.css - 62268 - ::1 Mozilla/5.0+(Windows+NT+10.0;+WOW64;+Trident/7.0;+rv:11.0)+like+Gecko http://localhost:62268/UserLogin/loginUser 304 0 0 144
2018-09-06 11:25:30 ::1 GET /Scripts/respond.js - 62268 - ::1 Mozilla/5.0+(Windows+NT+10.0;+WOW64;+Trident/7.0;+rv:11.0)+like+Gecko http://localhost:62268/UserLogin/loginUser 304 0 0 145
2018-09-06 11:25:52 ::1 POST /UserLogin/loginUser - 62268 - ::1 Mozilla/5.0+(Windows+NT+10.0;+WOW64;+Trident/7.0;+rv:11.0)+like+Gecko http://localhost:62268/UserLogin/loginUser 302 0 0 555
2018-09-06 11:25:52 ::1 GET /UserLogin - 62268 - ::1 Mozilla/5.0+(Windows+NT+10.0;+WOW64;+Trident/7.0;+rv:11.0)+like+Gecko http://localhost:62268/UserLogin/loginUser 200 0 0 11
2018-09-06 11:27:34 ::1 GET /UserLogin/Create - 62268 - ::1 Mozilla/5.0+(Windows+NT+10.0;+WOW64;+Trident/7.0;+rv:11.0)+like+Gecko http://localhost:62268/UserLogin 404 0 0 394
