#Software: Microsoft Internet Information Services 10.0
#Version: 1.0
#Date: 2018-08-29 09:51:09
#Fields: date time s-ip cs-method cs-uri-stem cs-uri-query s-port cs-username c-ip cs(User-Agent) cs(Referer) sc-status sc-substatus sc-win32-status time-taken
2018-08-29 09:51:08 ::1 GET /MyController/Index - 63045 - ::1 Mozilla/5.0+(Windows+NT+10.0;+WOW64;+Trident/7.0;+rv:11.0)+like+Gecko - 404 0 0 35533
2018-08-29 09:51:20 ::1 GET / - 63045 - ::1 Mozilla/5.0+(Windows+NT+10.0;+WOW64;+Trident/7.0;+rv:11.0)+like+Gecko - 200 0 64 59955
2018-08-29 09:55:44 ::1 GET / - 63045 - ::1 Mozilla/5.0+(Windows+NT+10.0;+WOW64;+Trident/7.0;+rv:11.0)+like+Gecko - 200 0 0 59
2018-08-29 09:55:44 ::1 GET /Content/bootstrap.css - 63045 - ::1 Mozilla/5.0+(Windows+NT+10.0;+WOW64;+Trident/7.0;+rv:11.0)+like+Gecko http://localhost:63045/ 200 0 0 42
2018-08-29 09:55:44 ::1 GET /Content/site.css - 63045 - ::1 Mozilla/5.0+(Windows+NT+10.0;+WOW64;+Trident/7.0;+rv:11.0)+like+Gecko http://localhost:63045/ 200 0 0 63
2018-08-29 09:55:44 ::1 GET /Scripts/modernizr-2.6.2.js - 63045 - ::1 Mozilla/5.0+(Windows+NT+10.0;+WOW64;+Trident/7.0;+rv:11.0)+like+Gecko http://localhost:63045/ 200 0 0 84
2018-08-29 09:55:44 ::1 GET /Scripts/bootstrap.js - 63045 - ::1 Mozilla/5.0+(Windows+NT+10.0;+WOW64;+Trident/7.0;+rv:11.0)+like+Gecko http://localhost:63045/ 200 0 0 111
2018-08-29 09:55:44 ::1 GET /Scripts/respond.js - 63045 - ::1 Mozilla/5.0+(Windows+NT+10.0;+WOW64;+Trident/7.0;+rv:11.0)+like+Gecko http://localhost:63045/ 200 0 0 131
2018-08-29 09:55:44 ::1 GET /Scripts/jquery-1.10.2.js - 63045 - ::1 Mozilla/5.0+(Windows+NT+10.0;+WOW64;+Trident/7.0;+rv:11.0)+like+Gecko http://localhost:63045/ 200 0 0 180
2018-08-29 09:56:09 ::1 GET / - 63045 - ::1 Mozilla/5.0+(Windows+NT+10.0;+WOW64;+Trident/7.0;+rv:11.0)+like+Gecko - 200 0 0 55
2018-08-29 09:56:30 ::1 GET /MyController/Index - 63045 - ::1 Mozilla/5.0+(Windows+NT+10.0;+WOW64;+Trident/7.0;+rv:11.0)+like+Gecko - 404 0 0 6
2018-08-29 09:59:12 ::1 GET /My/Index - 63045 - ::1 Mozilla/5.0+(Windows+NT+10.0;+WOW64;+Trident/7.0;+rv:11.0)+like+Gecko - 200 0 0 10809
2018-08-29 09:59:12 ::1 GET /Content/bootstrap.css - 63045 - ::1 Mozilla/5.0+(Windows+NT+10.0;+WOW64;+Trident/7.0;+rv:11.0)+like+Gecko http://localhost:63045/My/Index 304 0 0 12
2018-08-29 09:59:12 ::1 GET /Scripts/modernizr-2.6.2.js - 63045 - ::1 Mozilla/5.0+(Windows+NT+10.0;+WOW64;+Trident/7.0;+rv:11.0)+like+Gecko http://localhost:63045/My/Index 304 0 0 21
2018-08-29 09:59:12 ::1 GET /Content/site.css - 63045 - ::1 Mozilla/5.0+(Windows+NT+10.0;+WOW64;+Trident/7.0;+rv:11.0)+like+Gecko http://localhost:63045/My/Index 304 0 0 35
2018-08-29 09:59:12 ::1 GET /Scripts/jquery-1.10.2.js - 63045 - ::1 Mozilla/5.0+(Windows+NT+10.0;+WOW64;+Trident/7.0;+rv:11.0)+like+Gecko http://localhost:63045/My/Index 304 0 0 35
2018-08-29 09:59:12 ::1 GET /Scripts/bootstrap.js - 63045 - ::1 Mozilla/5.0+(Windows+NT+10.0;+WOW64;+Trident/7.0;+rv:11.0)+like+Gecko http://localhost:63045/My/Index 304 0 0 39
2018-08-29 09:59:12 ::1 GET /Scripts/respond.js - 63045 - ::1 Mozilla/5.0+(Windows+NT+10.0;+WOW64;+Trident/7.0;+rv:11.0)+like+Gecko http://localhost:63045/My/Index 304 0 0 37
2018-08-29 09:59:30 ::1 GET /My/Index1 - 63045 - ::1 Mozilla/5.0+(Windows+NT+10.0;+WOW64;+Trident/7.0;+rv:11.0)+like+Gecko - 200 0 0 12
2018-08-29 09:59:42 ::1 GET /My/Index - 63045 - ::1 Mozilla/5.0+(Windows+NT+10.0;+WOW64;+Trident/7.0;+rv:11.0)+like+Gecko - 200 0 0 6
2018-08-29 10:15:27 ::1 GET /My/Index - 63045 - ::1 Mozilla/5.0+(Windows+NT+10.0;+WOW64;+Trident/7.0;+rv:11.0)+like+Gecko - 200 0 0 24513
2018-08-29 10:15:27 ::1 GET /Content/bootstrap.css - 63045 - ::1 Mozilla/5.0+(Windows+NT+10.0;+WOW64;+Trident/7.0;+rv:11.0)+like+Gecko http://localhost:63045/My/Index 304 0 0 64
2018-08-29 10:15:27 ::1 GET /Content/site.css - 63045 - ::1 Mozilla/5.0+(Windows+NT+10.0;+WOW64;+Trident/7.0;+rv:11.0)+like+Gecko http://localhost:63045/My/Index 304 0 0 64
2018-08-29 10:15:27 ::1 GET /Scripts/modernizr-2.6.2.js - 63045 - ::1 Mozilla/5.0+(Windows+NT+10.0;+WOW64;+Trident/7.0;+rv:11.0)+like+Gecko http://localhost:63045/My/Index 304 0 0 124
2018-08-29 10:15:27 ::1 GET /Scripts/jquery-1.10.2.js - 63045 - ::1 Mozilla/5.0+(Windows+NT+10.0;+WOW64;+Trident/7.0;+rv:11.0)+like+Gecko http://localhost:63045/My/Index 304 0 0 68
2018-08-29 10:15:27 ::1 GET /Scripts/bootstrap.js - 63045 - ::1 Mozilla/5.0+(Windows+NT+10.0;+WOW64;+Trident/7.0;+rv:11.0)+like+Gecko http://localhost:63045/My/Index 304 0 0 68
2018-08-29 10:15:27 ::1 GET /Scripts/respond.js - 63045 - ::1 Mozilla/5.0+(Windows+NT+10.0;+WOW64;+Trident/7.0;+rv:11.0)+like+Gecko http://localhost:63045/My/Index 304 0 0 110
2018-08-29 10:16:53 ::1 GET /My/Index - 63045 - ::1 Mozilla/5.0+(Windows+NT+10.0;+WOW64;+Trident/7.0;+rv:11.0)+like+Gecko - 200 0 0 912
2018-08-29 10:20:46 ::1 GET /My/Index - 63045 - ::1 Mozilla/5.0+(Windows+NT+10.0;+WOW64;+Trident/7.0;+rv:11.0)+like+Gecko - 200 0 0 19195
2018-08-29 10:20:46 ::1 GET /Scripts/modernizr-2.6.2.js - 63045 - ::1 Mozilla/5.0+(Windows+NT+10.0;+WOW64;+Trident/7.0;+rv:11.0)+like+Gecko http://localhost:63045/My/Index 304 0 0 17
2018-08-29 10:20:46 ::1 GET /Content/bootstrap.css - 63045 - ::1 Mozilla/5.0+(Windows+NT+10.0;+WOW64;+Trident/7.0;+rv:11.0)+like+Gecko http://localhost:63045/My/Index 304 0 0 21
2018-08-29 10:20:46 ::1 GET /Content/site.css - 63045 - ::1 Mozilla/5.0+(Windows+NT+10.0;+WOW64;+Trident/7.0;+rv:11.0)+like+Gecko http://localhost:63045/My/Index 304 0 0 67
2018-08-29 10:20:46 ::1 GET /Scripts/jquery-1.10.2.js - 63045 - ::1 Mozilla/5.0+(Windows+NT+10.0;+WOW64;+Trident/7.0;+rv:11.0)+like+Gecko http://localhost:63045/My/Index 304 0 0 72
2018-08-29 10:20:46 ::1 GET /Scripts/bootstrap.js - 63045 - ::1 Mozilla/5.0+(Windows+NT+10.0;+WOW64;+Trident/7.0;+rv:11.0)+like+Gecko http://localhost:63045/My/Index 304 0 0 68
2018-08-29 10:20:46 ::1 GET /Scripts/respond.js - 63045 - ::1 Mozilla/5.0+(Windows+NT+10.0;+WOW64;+Trident/7.0;+rv:11.0)+like+Gecko http://localhost:63045/My/Index 304 0 0 113
