#Software: Microsoft Internet Information Services 10.0
#Version: 1.0
#Date: 2018-08-30 06:15:10
#Fields: date time s-ip cs-method cs-uri-stem cs-uri-query s-port cs-username c-ip cs(User-Agent) cs(Referer) sc-status sc-substatus sc-win32-status time-taken
2018-08-30 06:15:10 ::1 GET / - 62603 - ::1 Mozilla/5.0+(Windows+NT+10.0;+WOW64;+Trident/7.0;+rv:11.0)+like+Gecko - 304 0 0 4504
2018-08-30 06:15:10 ::1 GET /js/jquery.min.js - 62603 - ::1 Mozilla/5.0+(Windows+NT+10.0;+WOW64;+Trident/7.0;+rv:11.0)+like+Gecko http://localhost:62603/ 304 0 0 11
2018-08-30 06:15:10 ::1 GET /css/templatemo_style.css - 62603 - ::1 Mozilla/5.0+(Windows+NT+10.0;+WOW64;+Trident/7.0;+rv:11.0)+like+Gecko http://localhost:62603/ 304 0 0 64
2018-08-30 06:15:10 ::1 GET /css/ddsmoothmenu.css - 62603 - ::1 Mozilla/5.0+(Windows+NT+10.0;+WOW64;+Trident/7.0;+rv:11.0)+like+Gecko http://localhost:62603/ 304 0 0 161
2018-08-30 06:15:10 ::1 GET /images/applications.png - 62603 - ::1 Mozilla/5.0+(Windows+NT+10.0;+WOW64;+Trident/7.0;+rv:11.0)+like+Gecko http://localhost:62603/ 304 0 0 152
2018-08-30 06:15:10 ::1 GET /images/desktop_aurora_borealis.png - 62603 - ::1 Mozilla/5.0+(Windows+NT+10.0;+WOW64;+Trident/7.0;+rv:11.0)+like+Gecko http://localhost:62603/ 304 0 0 180
2018-08-30 06:15:10 ::1 GET /js/logging.js - 62603 - ::1 Mozilla/5.0+(Windows+NT+10.0;+WOW64;+Trident/7.0;+rv:11.0)+like+Gecko http://localhost:62603/ 304 0 0 208
2018-08-30 06:15:10 ::1 GET /images/invoice.png - 62603 - ::1 Mozilla/5.0+(Windows+NT+10.0;+WOW64;+Trident/7.0;+rv:11.0)+like+Gecko http://localhost:62603/ 304 0 0 120
2018-08-30 06:15:10 ::1 GET /images/preferences.png - 62603 - ::1 Mozilla/5.0+(Windows+NT+10.0;+WOW64;+Trident/7.0;+rv:11.0)+like+Gecko http://localhost:62603/ 304 0 0 170
2018-08-30 06:15:10 ::1 GET /images/presentation.png - 62603 - ::1 Mozilla/5.0+(Windows+NT+10.0;+WOW64;+Trident/7.0;+rv:11.0)+like+Gecko http://localhost:62603/ 304 0 0 142
2018-08-30 06:15:10 ::1 GET /images/templatemo_image_01.jpg - 62603 - ::1 Mozilla/5.0+(Windows+NT+10.0;+WOW64;+Trident/7.0;+rv:11.0)+like+Gecko http://localhost:62603/ 304 0 0 85
2018-08-30 06:15:10 ::1 GET /images/templatemo_image_02.jpg - 62603 - ::1 Mozilla/5.0+(Windows+NT+10.0;+WOW64;+Trident/7.0;+rv:11.0)+like+Gecko http://localhost:62603/ 304 0 0 74
2018-08-30 06:15:10 ::1 GET /images/footer_icon.png - 62603 - ::1 Mozilla/5.0+(Windows+NT+10.0;+WOW64;+Trident/7.0;+rv:11.0)+like+Gecko http://localhost:62603/ 304 0 0 24
2018-08-30 06:15:10 ::1 GET /js/ddsmoothmenu.js - 62603 - ::1 Mozilla/5.0+(Windows+NT+10.0;+WOW64;+Trident/7.0;+rv:11.0)+like+Gecko http://localhost:62603/ 304 0 0 389
2018-08-30 06:15:11 ::1 GET /js/swfobject/swfobject.js - 62603 - ::1 Mozilla/5.0+(Windows+NT+10.0;+WOW64;+Trident/7.0;+rv:11.0)+like+Gecko http://localhost:62603/ 304 0 0 765
2018-08-30 06:15:11 ::1 GET /images/templatemo_button.png - 62603 - ::1 Mozilla/5.0+(Windows+NT+10.0;+WOW64;+Trident/7.0;+rv:11.0)+like+Gecko http://localhost:62603/ 304 0 0 4
2018-08-30 06:15:11 ::1 GET /images/templatemo_middle.jpg - 62603 - ::1 Mozilla/5.0+(Windows+NT+10.0;+WOW64;+Trident/7.0;+rv:11.0)+like+Gecko http://localhost:62603/ 304 0 0 6
2018-08-30 06:15:11 ::1 GET /images/templatemo_header_bg.jpg - 62603 - ::1 Mozilla/5.0+(Windows+NT+10.0;+WOW64;+Trident/7.0;+rv:11.0)+like+Gecko http://localhost:62603/ 304 0 0 28
2018-08-30 06:15:11 ::1 GET /images/templatemo_menu_hover.png - 62603 - ::1 Mozilla/5.0+(Windows+NT+10.0;+WOW64;+Trident/7.0;+rv:11.0)+like+Gecko http://localhost:62603/ 404 0 2 125
2018-08-30 06:15:11 ::1 GET /images/templatemo_smm.png - 62603 - ::1 Mozilla/5.0+(Windows+NT+10.0;+WOW64;+Trident/7.0;+rv:11.0)+like+Gecko http://localhost:62603/ 404 0 2 100
2018-08-30 06:15:11 ::1 GET /images/twitter.png - 62603 - ::1 Mozilla/5.0+(Windows+NT+10.0;+WOW64;+Trident/7.0;+rv:11.0)+like+Gecko http://localhost:62603/ 304 0 0 125
2018-08-30 06:15:11 ::1 GET /piecemaker.swf - 62603 - ::1 Mozilla/5.0+(Windows+NT+10.0;+WOW64;+Trident/7.0;+rv:11.0)+like+Gecko http://localhost:62603/ 304 0 0 444
2018-08-30 06:15:11 ::1 GET /images/facebook.png - 62603 - ::1 Mozilla/5.0+(Windows+NT+10.0;+WOW64;+Trident/7.0;+rv:11.0)+like+Gecko http://localhost:62603/ 304 0 0 125
2018-08-30 06:15:11 ::1 GET /images/templatemo_smt.png - 62603 - ::1 Mozilla/5.0+(Windows+NT+10.0;+WOW64;+Trident/7.0;+rv:11.0)+like+Gecko http://localhost:62603/ 404 0 2 7
2018-08-30 06:15:11 ::1 GET /images/templatemo_smb.png - 62603 - ::1 Mozilla/5.0+(Windows+NT+10.0;+WOW64;+Trident/7.0;+rv:11.0)+like+Gecko http://localhost:62603/ 404 0 2 7
2018-08-30 06:15:11 ::1 GET /images/feed.png - 62603 - ::1 Mozilla/5.0+(Windows+NT+10.0;+WOW64;+Trident/7.0;+rv:11.0)+like+Gecko http://localhost:62603/ 304 0 0 194
2018-08-30 06:15:14 ::1 GET /piecemaker.xml - 62603 - ::1 Mozilla/5.0+(Windows+NT+10.0;+WOW64;+Trident/7.0;+rv:11.0)+like+Gecko http://localhost:62603/piecemaker.swf 304 0 0 788
2018-08-30 06:15:14 ::1 GET /css/piecemaker.css - 62603 - ::1 Mozilla/5.0+(Windows+NT+10.0;+WOW64;+Trident/7.0;+rv:11.0)+like+Gecko http://localhost:62603/piecemaker.swf 304 0 0 23
2018-08-30 06:15:14 ::1 GET /contents/piecemaker1.png - 62603 - ::1 Mozilla/5.0+(Windows+NT+10.0;+WOW64;+Trident/7.0;+rv:11.0)+like+Gecko http://localhost:62603/piecemaker.swf 304 0 0 42
2018-08-30 06:15:14 ::1 GET /contents/piecemaker2.png - 62603 - ::1 Mozilla/5.0+(Windows+NT+10.0;+WOW64;+Trident/7.0;+rv:11.0)+like+Gecko http://localhost:62603/piecemaker.swf 304 0 0 55
2018-08-30 06:15:15 ::1 GET /contents/piecemaker3.png - 62603 - ::1 Mozilla/5.0+(Windows+NT+10.0;+WOW64;+Trident/7.0;+rv:11.0)+like+Gecko http://localhost:62603/piecemaker.swf 304 0 0 186
2018-08-30 06:15:15 ::1 GET /contents/piecemaker4.png - 62603 - ::1 Mozilla/5.0+(Windows+NT+10.0;+WOW64;+Trident/7.0;+rv:11.0)+like+Gecko http://localhost:62603/piecemaker.swf 304 0 0 92
2018-08-30 06:15:33 ::1 GET /default.aspx - 62603 - ::1 Mozilla/5.0+(Windows+NT+10.0;+WOW64;+Trident/7.0;+rv:11.0)+like+Gecko - 200 0 0 7332
2018-08-30 06:17:16 ::1 GET /index.html - 62603 - ::1 Mozilla/5.0+(Windows+NT+10.0;+WOW64;+Trident/7.0;+rv:11.0)+like+Gecko http://localhost:62603/default.aspx 200 0 0 68
2018-08-30 06:17:16 ::1 GET /images/templatemo_smm.png - 62603 - ::1 Mozilla/5.0+(Windows+NT+10.0;+WOW64;+Trident/7.0;+rv:11.0)+like+Gecko http://localhost:62603/index.html 404 0 2 5
2018-08-30 06:17:16 ::1 GET /images/templatemo_menu_hover.png - 62603 - ::1 Mozilla/5.0+(Windows+NT+10.0;+WOW64;+Trident/7.0;+rv:11.0)+like+Gecko http://localhost:62603/index.html 404 0 2 2
2018-08-30 06:17:16 ::1 GET /images/templatemo_smt.png - 62603 - ::1 Mozilla/5.0+(Windows+NT+10.0;+WOW64;+Trident/7.0;+rv:11.0)+like+Gecko http://localhost:62603/index.html 404 0 2 4
2018-08-30 06:17:16 ::1 GET /images/templatemo_smb.png - 62603 - ::1 Mozilla/5.0+(Windows+NT+10.0;+WOW64;+Trident/7.0;+rv:11.0)+like+Gecko http://localhost:62603/index.html 404 0 2 2
2018-08-30 06:17:27 ::1 GET /about.html - 62603 - ::1 Mozilla/5.0+(Windows+NT+10.0;+WOW64;+Trident/7.0;+rv:11.0)+like+Gecko http://localhost:62603/index.html 200 0 0 99
2018-08-30 06:17:27 ::1 GET /images/templatemo_smb.png - 62603 - ::1 Mozilla/5.0+(Windows+NT+10.0;+WOW64;+Trident/7.0;+rv:11.0)+like+Gecko http://localhost:62603/about.html 404 0 2 44
2018-08-30 06:17:27 ::1 GET /images/templatemo_menu_hover.png - 62603 - ::1 Mozilla/5.0+(Windows+NT+10.0;+WOW64;+Trident/7.0;+rv:11.0)+like+Gecko http://localhost:62603/about.html 404 0 2 50
2018-08-30 06:17:27 ::1 GET /images/templatemo_smm.png - 62603 - ::1 Mozilla/5.0+(Windows+NT+10.0;+WOW64;+Trident/7.0;+rv:11.0)+like+Gecko http://localhost:62603/about.html 404 0 2 50
2018-08-30 06:17:27 ::1 GET /images/templatemo_smt.png - 62603 - ::1 Mozilla/5.0+(Windows+NT+10.0;+WOW64;+Trident/7.0;+rv:11.0)+like+Gecko http://localhost:62603/about.html 404 0 2 52
2018-08-30 06:17:35 ::1 GET /portfolio.html - 62603 - ::1 Mozilla/5.0+(Windows+NT+10.0;+WOW64;+Trident/7.0;+rv:11.0)+like+Gecko http://localhost:62603/about.html 200 0 0 46
2018-08-30 06:17:35 ::1 GET /images/portfolio/01.jpg - 62603 - ::1 Mozilla/5.0+(Windows+NT+10.0;+WOW64;+Trident/7.0;+rv:11.0)+like+Gecko http://localhost:62603/portfolio.html 200 0 0 97
2018-08-30 06:17:35 ::1 GET /images/portfolio/08.jpg - 62603 - ::1 Mozilla/5.0+(Windows+NT+10.0;+WOW64;+Trident/7.0;+rv:11.0)+like+Gecko http://localhost:62603/portfolio.html 200 0 0 139
2018-08-30 06:17:35 ::1 GET /images/portfolio/02.jpg - 62603 - ::1 Mozilla/5.0+(Windows+NT+10.0;+WOW64;+Trident/7.0;+rv:11.0)+like+Gecko http://localhost:62603/portfolio.html 200 0 0 47
2018-08-30 06:17:35 ::1 GET /images/portfolio/03.jpg - 62603 - ::1 Mozilla/5.0+(Windows+NT+10.0;+WOW64;+Trident/7.0;+rv:11.0)+like+Gecko http://localhost:62603/portfolio.html 200 0 0 53
2018-08-30 06:17:35 ::1 GET /js/lightbox.js - 62603 - ::1 Mozilla/5.0+(Windows+NT+10.0;+WOW64;+Trident/7.0;+rv:11.0)+like+Gecko http://localhost:62603/portfolio.html 200 0 0 210
2018-08-30 06:17:35 ::1 GET /js/scriptaculous.js load=effects,builder 62603 - ::1 Mozilla/5.0+(Windows+NT+10.0;+WOW64;+Trident/7.0;+rv:11.0)+like+Gecko http://localhost:62603/portfolio.html 200 0 0 220
2018-08-30 06:17:35 ::1 GET /images/portfolio/05.jpg - 62603 - ::1 Mozilla/5.0+(Windows+NT+10.0;+WOW64;+Trident/7.0;+rv:11.0)+like+Gecko http://localhost:62603/portfolio.html 200 0 0 38
2018-08-30 06:17:35 ::1 GET /images/portfolio/06.jpg - 62603 - ::1 Mozilla/5.0+(Windows+NT+10.0;+WOW64;+Trident/7.0;+rv:11.0)+like+Gecko http://localhost:62603/portfolio.html 200 0 0 41
2018-08-30 06:17:35 ::1 GET /images/portfolio/04.jpg - 62603 - ::1 Mozilla/5.0+(Windows+NT+10.0;+WOW64;+Trident/7.0;+rv:11.0)+like+Gecko http://localhost:62603/portfolio.html 200 0 0 77
2018-08-30 06:17:35 ::1 GET /css/lightbox.css - 62603 - ::1 Mozilla/5.0+(Windows+NT+10.0;+WOW64;+Trident/7.0;+rv:11.0)+like+Gecko http://localhost:62603/portfolio.html 200 0 0 487
2018-08-30 06:17:35 ::1 GET /images/portfolio/07.jpg - 62603 - ::1 Mozilla/5.0+(Windows+NT+10.0;+WOW64;+Trident/7.0;+rv:11.0)+like+Gecko http://localhost:62603/portfolio.html 200 0 0 365
2018-08-30 06:17:36 ::1 GET /js/prototype.js - 62603 - ::1 Mozilla/5.0+(Windows+NT+10.0;+WOW64;+Trident/7.0;+rv:11.0)+like+Gecko http://localhost:62603/portfolio.html 200 0 0 980
2018-08-30 06:17:36 ::1 GET /js/effects.js - 62603 - ::1 Mozilla/5.0+(Windows+NT+10.0;+WOW64;+Trident/7.0;+rv:11.0)+like+Gecko http://localhost:62603/portfolio.html 200 0 0 47
2018-08-30 06:17:36 ::1 GET /js/builder.js - 62603 - ::1 Mozilla/5.0+(Windows+NT+10.0;+WOW64;+Trident/7.0;+rv:11.0)+like+Gecko http://localhost:62603/portfolio.html 200 0 0 33
2018-08-30 06:17:36 ::1 GET /images/loading.gif - 62603 - ::1 Mozilla/5.0+(Windows+NT+10.0;+WOW64;+Trident/7.0;+rv:11.0)+like+Gecko http://localhost:62603/portfolio.html 200 0 0 16
2018-08-30 06:17:36 ::1 GET /images/templatemo_menu_hover.png - 62603 - ::1 Mozilla/5.0+(Windows+NT+10.0;+WOW64;+Trident/7.0;+rv:11.0)+like+Gecko http://localhost:62603/portfolio.html 404 0 2 1
2018-08-30 06:17:36 ::1 GET /images/closelabel.gif - 62603 - ::1 Mozilla/5.0+(Windows+NT+10.0;+WOW64;+Trident/7.0;+rv:11.0)+like+Gecko http://localhost:62603/portfolio.html 200 0 0 37
2018-08-30 06:17:36 ::1 GET /images/templatemo_smt.png - 62603 - ::1 Mozilla/5.0+(Windows+NT+10.0;+WOW64;+Trident/7.0;+rv:11.0)+like+Gecko http://localhost:62603/portfolio.html 404 0 2 22
2018-08-30 06:17:36 ::1 GET /images/templatemo_smb.png - 62603 - ::1 Mozilla/5.0+(Windows+NT+10.0;+WOW64;+Trident/7.0;+rv:11.0)+like+Gecko http://localhost:62603/portfolio.html 404 0 2 19
2018-08-30 06:17:36 ::1 GET /images/templatemo_smm.png - 62603 - ::1 Mozilla/5.0+(Windows+NT+10.0;+WOW64;+Trident/7.0;+rv:11.0)+like+Gecko http://localhost:62603/portfolio.html 404 0 2 22
2018-08-30 06:17:51 ::1 GET /images/templatemo_menu_hover.png - 62603 - ::1 Mozilla/5.0+(Windows+NT+10.0;+WOW64;+Trident/7.0;+rv:11.0)+like+Gecko http://localhost:62603/portfolio.html 404 0 2 6
2018-08-30 06:17:51 ::1 GET /images/templatemo_smm.png - 62603 - ::1 Mozilla/5.0+(Windows+NT+10.0;+WOW64;+Trident/7.0;+rv:11.0)+like+Gecko http://localhost:62603/portfolio.html 404 0 2 10
2018-08-30 06:17:51 ::1 GET /images/templatemo_smt.png - 62603 - ::1 Mozilla/5.0+(Windows+NT+10.0;+WOW64;+Trident/7.0;+rv:11.0)+like+Gecko http://localhost:62603/portfolio.html 404 0 2 8
2018-08-30 06:17:51 ::1 GET /images/templatemo_smb.png - 62603 - ::1 Mozilla/5.0+(Windows+NT+10.0;+WOW64;+Trident/7.0;+rv:11.0)+like+Gecko http://localhost:62603/portfolio.html 404 0 2 12
2018-08-30 06:17:54 ::1 GET /images/templatemo_smt.png - 62603 - ::1 Mozilla/5.0+(Windows+NT+10.0;+WOW64;+Trident/7.0;+rv:11.0)+like+Gecko http://localhost:62603/about.html 404 0 2 17
2018-08-30 06:17:54 ::1 GET /images/templatemo_smm.png - 62603 - ::1 Mozilla/5.0+(Windows+NT+10.0;+WOW64;+Trident/7.0;+rv:11.0)+like+Gecko http://localhost:62603/about.html 404 0 2 22
2018-08-30 06:17:54 ::1 GET /images/templatemo_menu_hover.png - 62603 - ::1 Mozilla/5.0+(Windows+NT+10.0;+WOW64;+Trident/7.0;+rv:11.0)+like+Gecko http://localhost:62603/about.html 404 0 2 25
2018-08-30 06:17:54 ::1 GET /images/templatemo_smb.png - 62603 - ::1 Mozilla/5.0+(Windows+NT+10.0;+WOW64;+Trident/7.0;+rv:11.0)+like+Gecko http://localhost:62603/about.html 404 0 2 25
2018-08-30 06:17:56 ::1 GET /blog.html - 62603 - ::1 Mozilla/5.0+(Windows+NT+10.0;+WOW64;+Trident/7.0;+rv:11.0)+like+Gecko http://localhost:62603/about.html 200 0 0 68
2018-08-30 06:17:56 ::1 GET /images/templatemo_image_04.jpg - 62603 - ::1 Mozilla/5.0+(Windows+NT+10.0;+WOW64;+Trident/7.0;+rv:11.0)+like+Gecko http://localhost:62603/blog.html 200 0 0 45
2018-08-30 06:17:56 ::1 GET /images/templatemo_image_03.jpg - 62603 - ::1 Mozilla/5.0+(Windows+NT+10.0;+WOW64;+Trident/7.0;+rv:11.0)+like+Gecko http://localhost:62603/blog.html 200 0 0 61
2018-08-30 06:17:56 ::1 GET /images/templatemo_image_05.jpg - 62603 - ::1 Mozilla/5.0+(Windows+NT+10.0;+WOW64;+Trident/7.0;+rv:11.0)+like+Gecko http://localhost:62603/blog.html 200 0 0 63
2018-08-30 06:17:56 ::1 GET /images/templatemo_smt.png - 62603 - ::1 Mozilla/5.0+(Windows+NT+10.0;+WOW64;+Trident/7.0;+rv:11.0)+like+Gecko http://localhost:62603/blog.html 404 0 2 3
2018-08-30 06:17:56 ::1 GET /images/templatemo_smm.png - 62603 - ::1 Mozilla/5.0+(Windows+NT+10.0;+WOW64;+Trident/7.0;+rv:11.0)+like+Gecko http://localhost:62603/blog.html 404 0 2 31
2018-08-30 06:17:56 ::1 GET /images/templatemo_menu_hover.png - 62603 - ::1 Mozilla/5.0+(Windows+NT+10.0;+WOW64;+Trident/7.0;+rv:11.0)+like+Gecko http://localhost:62603/blog.html 404 0 2 35
2018-08-30 06:17:56 ::1 GET /images/templatemo_smb.png - 62603 - ::1 Mozilla/5.0+(Windows+NT+10.0;+WOW64;+Trident/7.0;+rv:11.0)+like+Gecko http://localhost:62603/blog.html 404 0 2 27
2018-08-30 06:17:56 ::1 GET /images/templatemo_list.png - 62603 - ::1 Mozilla/5.0+(Windows+NT+10.0;+WOW64;+Trident/7.0;+rv:11.0)+like+Gecko http://localhost:62603/blog.html 200 0 0 38
2018-08-30 06:18:02 ::1 GET /contact.html - 62603 - ::1 Mozilla/5.0+(Windows+NT+10.0;+WOW64;+Trident/7.0;+rv:11.0)+like+Gecko http://localhost:62603/blog.html 200 0 0 58
2018-08-30 06:18:02 ::1 GET /images/templatemo_smb.png - 62603 - ::1 Mozilla/5.0+(Windows+NT+10.0;+WOW64;+Trident/7.0;+rv:11.0)+like+Gecko http://localhost:62603/contact.html 404 0 2 35
2018-08-30 06:18:02 ::1 GET /images/templatemo_menu_hover.png - 62603 - ::1 Mozilla/5.0+(Windows+NT+10.0;+WOW64;+Trident/7.0;+rv:11.0)+like+Gecko http://localhost:62603/contact.html 404 0 2 35
2018-08-30 06:18:02 ::1 GET /images/templatemo_smt.png - 62603 - ::1 Mozilla/5.0+(Windows+NT+10.0;+WOW64;+Trident/7.0;+rv:11.0)+like+Gecko http://localhost:62603/contact.html 404 0 2 50
2018-08-30 06:18:02 ::1 GET /images/templatemo_smm.png - 62603 - ::1 Mozilla/5.0+(Windows+NT+10.0;+WOW64;+Trident/7.0;+rv:11.0)+like+Gecko http://localhost:62603/contact.html 404 0 2 47
2018-08-30 06:18:28 ::1 GET /images/templatemo_smm.png - 62603 - ::1 Mozilla/5.0+(Windows+NT+10.0;+WOW64;+Trident/7.0;+rv:11.0)+like+Gecko http://localhost:62603/blog.html 404 0 2 16
2018-08-30 06:18:28 ::1 GET /images/templatemo_smt.png - 62603 - ::1 Mozilla/5.0+(Windows+NT+10.0;+WOW64;+Trident/7.0;+rv:11.0)+like+Gecko http://localhost:62603/blog.html 404 0 2 7
2018-08-30 06:18:28 ::1 GET /images/templatemo_smb.png - 62603 - ::1 Mozilla/5.0+(Windows+NT+10.0;+WOW64;+Trident/7.0;+rv:11.0)+like+Gecko http://localhost:62603/blog.html 404 0 2 29
2018-08-30 06:18:28 ::1 GET /images/templatemo_menu_hover.png - 62603 - ::1 Mozilla/5.0+(Windows+NT+10.0;+WOW64;+Trident/7.0;+rv:11.0)+like+Gecko http://localhost:62603/blog.html 404 0 2 23
2018-08-30 06:20:24 ::1 GET /images/templatemo_smt.png - 62603 - ::1 Mozilla/5.0+(Windows+NT+10.0;+WOW64;+Trident/7.0;+rv:11.0)+like+Gecko http://localhost:62603/about.html 404 0 2 19
2018-08-30 06:20:24 ::1 GET /images/templatemo_smm.png - 62603 - ::1 Mozilla/5.0+(Windows+NT+10.0;+WOW64;+Trident/7.0;+rv:11.0)+like+Gecko http://localhost:62603/about.html 404 0 2 22
2018-08-30 06:20:24 ::1 GET /images/templatemo_smb.png - 62603 - ::1 Mozilla/5.0+(Windows+NT+10.0;+WOW64;+Trident/7.0;+rv:11.0)+like+Gecko http://localhost:62603/about.html 404 0 2 28
2018-08-30 06:20:24 ::1 GET /images/templatemo_menu_hover.png - 62603 - ::1 Mozilla/5.0+(Windows+NT+10.0;+WOW64;+Trident/7.0;+rv:11.0)+like+Gecko http://localhost:62603/about.html 404 0 2 28
2018-08-30 06:20:53 ::1 GET /images/templatemo_smt.png - 62603 - ::1 Mozilla/5.0+(Windows+NT+10.0;+WOW64;+Trident/7.0;+rv:11.0)+like+Gecko http://localhost:62603/index.html 404 0 2 28
2018-08-30 06:20:53 ::1 GET /images/templatemo_menu_hover.png - 62603 - ::1 Mozilla/5.0+(Windows+NT+10.0;+WOW64;+Trident/7.0;+rv:11.0)+like+Gecko http://localhost:62603/index.html 404 0 2 31
2018-08-30 06:20:53 ::1 GET /images/templatemo_smm.png - 62603 - ::1 Mozilla/5.0+(Windows+NT+10.0;+WOW64;+Trident/7.0;+rv:11.0)+like+Gecko http://localhost:62603/index.html 404 0 2 34
2018-08-30 06:20:53 ::1 GET /images/templatemo_smb.png - 62603 - ::1 Mozilla/5.0+(Windows+NT+10.0;+WOW64;+Trident/7.0;+rv:11.0)+like+Gecko http://localhost:62603/index.html 404 0 2 34
2018-08-30 06:23:45 ::1 GET /default.aspx - 62603 - ::1 Mozilla/5.0+(Windows+NT+10.0;+WOW64;+Trident/7.0;+rv:11.0)+like+Gecko - 200 0 0 1618
#Software: Microsoft Internet Information Services 10.0
#Version: 1.0
#Date: 2018-08-30 06:45:01
#Fields: date time s-ip cs-method cs-uri-stem cs-uri-query s-port cs-username c-ip cs(User-Agent) cs(Referer) sc-status sc-substatus sc-win32-status time-taken
2018-08-30 06:45:01 ::1 GET /default.aspx - 62603 - ::1 Mozilla/5.0+(Windows+NT+10.0;+WOW64;+Trident/7.0;+rv:11.0)+like+Gecko - 200 0 0 3042
2018-08-30 06:47:22 ::1 GET /default.aspx - 62603 - ::1 Mozilla/5.0+(Windows+NT+10.0;+WOW64;+Trident/7.0;+rv:11.0)+like+Gecko - 200 0 0 1907
2018-08-30 06:48:42 ::1 GET /default.aspx - 62603 - ::1 Mozilla/5.0+(Windows+NT+10.0;+WOW64;+Trident/7.0;+rv:11.0)+like+Gecko - 200 0 0 2204
2018-08-30 06:52:47 ::1 GET /default.aspx - 62603 - ::1 Mozilla/5.0+(Windows+NT+10.0;+WOW64;+Trident/7.0;+rv:11.0)+like+Gecko - 200 0 0 2097
2018-08-30 06:55:02 ::1 GET /default.aspx - 62603 - ::1 Mozilla/5.0+(Windows+NT+10.0;+WOW64;+Trident/7.0;+rv:11.0)+like+Gecko - 200 0 0 2166
2018-08-30 06:59:18 ::1 GET /default.aspx - 62603 - ::1 Mozilla/5.0+(Windows+NT+10.0;+WOW64;+Trident/7.0;+rv:11.0)+like+Gecko - 200 0 0 20
2018-08-30 07:00:04 ::1 GET /default.aspx - 62603 - ::1 Mozilla/5.0+(Windows+NT+10.0;+WOW64;+Trident/7.0;+rv:11.0)+like+Gecko - 200 0 0 2298
2018-08-30 07:00:42 ::1 GET /default.aspx - 62603 - ::1 Mozilla/5.0+(Windows+NT+10.0;+WOW64;+Trident/7.0;+rv:11.0)+like+Gecko - 200 0 0 3771
2018-08-30 07:01:08 ::1 GET /default.aspx - 62603 - ::1 Mozilla/5.0+(Windows+NT+10.0;+WOW64;+Trident/7.0;+rv:11.0)+like+Gecko - 200 0 0 2372
2018-08-30 07:02:55 ::1 GET /default.aspx - 62603 - ::1 Mozilla/5.0+(Windows+NT+10.0;+WOW64;+Trident/7.0;+rv:11.0)+like+Gecko - 200 0 0 2571
2018-08-30 07:07:07 ::1 GET /default.aspx - 62603 - ::1 Mozilla/5.0+(Windows+NT+10.0;+WOW64;+Trident/7.0;+rv:11.0)+like+Gecko - 200 0 0 1897
2018-08-30 07:11:44 ::1 GET /default.aspx - 62603 - ::1 Mozilla/5.0+(Windows+NT+10.0;+WOW64;+Trident/7.0;+rv:11.0)+like+Gecko - 200 0 0 1758
2018-08-30 07:13:25 ::1 GET /default.aspx - 62603 - ::1 Mozilla/5.0+(Windows+NT+10.0;+WOW64;+Trident/7.0;+rv:11.0)+like+Gecko - 200 0 0 1957
2018-08-30 07:14:46 ::1 POST /default.aspx - 62603 - ::1 Mozilla/5.0+(Windows+NT+10.0;+WOW64;+Trident/7.0;+rv:11.0)+like+Gecko http://localhost:62603/default.aspx 200 0 0 87
2018-08-30 07:18:20 ::1 GET /default.aspx - 62603 - ::1 Mozilla/5.0+(Windows+NT+10.0;+WOW64;+Trident/7.0;+rv:11.0)+like+Gecko - 200 0 0 2994
2018-08-30 07:19:51 ::1 GET /default.aspx - 62603 - ::1 Mozilla/5.0+(Windows+NT+10.0;+WOW64;+Trident/7.0;+rv:11.0)+like+Gecko - 200 0 0 2227
2018-08-30 07:20:27 ::1 GET /default.aspx - 62603 - ::1 Mozilla/5.0+(Windows+NT+10.0;+WOW64;+Trident/7.0;+rv:11.0)+like+Gecko - 200 0 0 3083
2018-08-30 07:21:29 ::1 GET /default.aspx - 62603 - ::1 Mozilla/5.0+(Windows+NT+10.0;+WOW64;+Trident/7.0;+rv:11.0)+like+Gecko - 200 0 0 1829
2018-08-30 07:21:54 ::1 GET /default.aspx - 62603 - ::1 Mozilla/5.0+(Windows+NT+10.0;+WOW64;+Trident/7.0;+rv:11.0)+like+Gecko - 200 0 0 2422
#Software: Microsoft Internet Information Services 10.0
#Version: 1.0
#Date: 2018-08-30 07:48:17
#Fields: date time s-ip cs-method cs-uri-stem cs-uri-query s-port cs-username c-ip cs(User-Agent) cs(Referer) sc-status sc-substatus sc-win32-status time-taken
2018-08-30 07:48:17 ::1 GET /default.aspx - 62603 - ::1 Mozilla/5.0+(Windows+NT+10.0;+WOW64;+Trident/7.0;+rv:11.0)+like+Gecko - 200 0 0 2087
2018-08-30 07:49:21 ::1 GET /default.aspx - 62603 - ::1 Mozilla/5.0+(Windows+NT+10.0;+WOW64;+Trident/7.0;+rv:11.0)+like+Gecko - 200 0 0 1724
2018-08-30 07:49:59 ::1 GET /default.aspx - 62603 - ::1 Mozilla/5.0+(Windows+NT+10.0;+WOW64;+Trident/7.0;+rv:11.0)+like+Gecko - 200 0 0 1577
2018-08-30 07:52:28 ::1 GET /default.aspx - 62603 - ::1 Mozilla/5.0+(Windows+NT+10.0;+WOW64;+Trident/7.0;+rv:11.0)+like+Gecko - 200 0 0 2223
2018-08-30 07:53:38 ::1 GET /default.aspx - 62603 - ::1 Mozilla/5.0+(Windows+NT+10.0;+WOW64;+Trident/7.0;+rv:11.0)+like+Gecko - 200 0 0 1788
2018-08-30 07:54:24 ::1 GET /default.aspx - 62603 - ::1 Mozilla/5.0+(Windows+NT+10.0;+WOW64;+Trident/7.0;+rv:11.0)+like+Gecko - 200 0 0 2824
2018-08-30 07:55:48 ::1 GET /default.aspx - 62603 - ::1 Mozilla/5.0+(Windows+NT+10.0;+WOW64;+Trident/7.0;+rv:11.0)+like+Gecko - 200 0 0 2350
#Software: Microsoft Internet Information Services 10.0
#Version: 1.0
#Date: 2018-08-30 09:06:43
#Fields: date time s-ip cs-method cs-uri-stem cs-uri-query s-port cs-username c-ip cs(User-Agent) cs(Referer) sc-status sc-substatus sc-win32-status time-taken
2018-08-30 09:06:43 ::1 GET /default.aspx - 62603 - ::1 Mozilla/5.0+(Windows+NT+10.0;+WOW64;+Trident/7.0;+rv:11.0)+like+Gecko - 200 0 0 4885
2018-08-30 09:06:43 ::1 GET /css/ddsmoothmenu.css - 62603 - ::1 Mozilla/5.0+(Windows+NT+10.0;+WOW64;+Trident/7.0;+rv:11.0)+like+Gecko http://localhost:62603/default.aspx 304 0 0 382
2018-08-30 09:06:43 ::1 GET /css/templatemo_style.css - 62603 - ::1 Mozilla/5.0+(Windows+NT+10.0;+WOW64;+Trident/7.0;+rv:11.0)+like+Gecko http://localhost:62603/default.aspx 304 0 0 395
2018-08-30 09:06:43 ::1 GET /images/applications.png - 62603 - ::1 Mozilla/5.0+(Windows+NT+10.0;+WOW64;+Trident/7.0;+rv:11.0)+like+Gecko http://localhost:62603/default.aspx 304 0 0 379
2018-08-30 09:06:43 ::1 GET /js/jquery.min.js - 62603 - ::1 Mozilla/5.0+(Windows+NT+10.0;+WOW64;+Trident/7.0;+rv:11.0)+like+Gecko http://localhost:62603/default.aspx 304 0 0 448
2018-08-30 09:06:43 ::1 GET /images/desktop_aurora_borealis.png - 62603 - ::1 Mozilla/5.0+(Windows+NT+10.0;+WOW64;+Trident/7.0;+rv:11.0)+like+Gecko http://localhost:62603/default.aspx 304 0 0 148
2018-08-30 09:06:43 ::1 GET /images/invoice.png - 62603 - ::1 Mozilla/5.0+(Windows+NT+10.0;+WOW64;+Trident/7.0;+rv:11.0)+like+Gecko http://localhost:62603/default.aspx 304 0 0 272
2018-08-30 09:06:43 ::1 GET /images/preferences.png - 62603 - ::1 Mozilla/5.0+(Windows+NT+10.0;+WOW64;+Trident/7.0;+rv:11.0)+like+Gecko http://localhost:62603/default.aspx 304 0 0 255
2018-08-30 09:06:43 ::1 GET /js/logging.js - 62603 - ::1 Mozilla/5.0+(Windows+NT+10.0;+WOW64;+Trident/7.0;+rv:11.0)+like+Gecko http://localhost:62603/default.aspx 304 0 0 162
2018-08-30 09:06:43 ::1 GET /images/templatemo_image_01.jpg - 62603 - ::1 Mozilla/5.0+(Windows+NT+10.0;+WOW64;+Trident/7.0;+rv:11.0)+like+Gecko http://localhost:62603/default.aspx 304 0 0 68
2018-08-30 09:06:43 ::1 GET /images/templatemo_image_02.jpg - 62603 - ::1 Mozilla/5.0+(Windows+NT+10.0;+WOW64;+Trident/7.0;+rv:11.0)+like+Gecko http://localhost:62603/default.aspx 304 0 0 72
2018-08-30 09:06:43 ::1 GET /images/presentation.png - 62603 - ::1 Mozilla/5.0+(Windows+NT+10.0;+WOW64;+Trident/7.0;+rv:11.0)+like+Gecko http://localhost:62603/default.aspx 304 0 0 278
2018-08-30 09:06:43 ::1 GET /images/footer_icon.png - 62603 - ::1 Mozilla/5.0+(Windows+NT+10.0;+WOW64;+Trident/7.0;+rv:11.0)+like+Gecko http://localhost:62603/default.aspx 304 0 0 59
2018-08-30 09:06:44 ::1 GET /js/ddsmoothmenu.js - 62603 - ::1 Mozilla/5.0+(Windows+NT+10.0;+WOW64;+Trident/7.0;+rv:11.0)+like+Gecko http://localhost:62603/default.aspx 304 0 0 869
2018-08-30 09:06:45 ::1 GET /js/swfobject/swfobject.js - 62603 - ::1 Mozilla/5.0+(Windows+NT+10.0;+WOW64;+Trident/7.0;+rv:11.0)+like+Gecko http://localhost:62603/default.aspx 304 0 0 2092
2018-08-30 09:06:45 ::1 GET /images/templatemo_header_bg.jpg - 62603 - ::1 Mozilla/5.0+(Windows+NT+10.0;+WOW64;+Trident/7.0;+rv:11.0)+like+Gecko http://localhost:62603/default.aspx 304 0 0 5
2018-08-30 09:06:45 ::1 GET /images/templatemo_middle.jpg - 62603 - ::1 Mozilla/5.0+(Windows+NT+10.0;+WOW64;+Trident/7.0;+rv:11.0)+like+Gecko http://localhost:62603/default.aspx 304 0 0 22
2018-08-30 09:06:45 ::1 GET /images/templatemo_button.png - 62603 - ::1 Mozilla/5.0+(Windows+NT+10.0;+WOW64;+Trident/7.0;+rv:11.0)+like+Gecko http://localhost:62603/default.aspx 304 0 0 38
2018-08-30 09:06:45 ::1 GET /images/facebook.png - 62603 - ::1 Mozilla/5.0+(Windows+NT+10.0;+WOW64;+Trident/7.0;+rv:11.0)+like+Gecko http://localhost:62603/default.aspx 304 0 0 48
2018-08-30 09:06:45 ::1 GET /images/feed.png - 62603 - ::1 Mozilla/5.0+(Windows+NT+10.0;+WOW64;+Trident/7.0;+rv:11.0)+like+Gecko http://localhost:62603/default.aspx 304 0 0 98
2018-08-30 09:06:45 ::1 GET /images/twitter.png - 62603 - ::1 Mozilla/5.0+(Windows+NT+10.0;+WOW64;+Trident/7.0;+rv:11.0)+like+Gecko http://localhost:62603/default.aspx 304 0 0 78
2018-08-30 09:06:46 ::1 GET /piecemaker.swf - 62603 - ::1 Mozilla/5.0+(Windows+NT+10.0;+WOW64;+Trident/7.0;+rv:11.0)+like+Gecko http://localhost:62603/default.aspx 304 0 0 764
2018-08-30 09:06:46 ::1 GET /piecemaker.xml - 62603 - ::1 Mozilla/5.0+(Windows+NT+10.0;+WOW64;+Trident/7.0;+rv:11.0)+like+Gecko http://localhost:62603/piecemaker.swf 304 0 0 25
2018-08-30 09:06:46 ::1 GET /css/piecemaker.css - 62603 - ::1 Mozilla/5.0+(Windows+NT+10.0;+WOW64;+Trident/7.0;+rv:11.0)+like+Gecko http://localhost:62603/piecemaker.swf 304 0 0 43
2018-08-30 09:06:46 ::1 GET /contents/piecemaker1.png - 62603 - ::1 Mozilla/5.0+(Windows+NT+10.0;+WOW64;+Trident/7.0;+rv:11.0)+like+Gecko http://localhost:62603/piecemaker.swf 304 0 0 208
2018-08-30 09:06:48 ::1 GET /contents/piecemaker2.png - 62603 - ::1 Mozilla/5.0+(Windows+NT+10.0;+WOW64;+Trident/7.0;+rv:11.0)+like+Gecko http://localhost:62603/piecemaker.swf 304 0 0 91
2018-08-30 09:06:48 ::1 GET /contents/piecemaker3.png - 62603 - ::1 Mozilla/5.0+(Windows+NT+10.0;+WOW64;+Trident/7.0;+rv:11.0)+like+Gecko http://localhost:62603/piecemaker.swf 304 0 0 107
2018-08-30 09:06:48 ::1 GET /contents/piecemaker4.png - 62603 - ::1 Mozilla/5.0+(Windows+NT+10.0;+WOW64;+Trident/7.0;+rv:11.0)+like+Gecko http://localhost:62603/piecemaker.swf 304 0 0 58
