#Software: Microsoft Internet Information Services 10.0
#Version: 1.0
#Date: 2018-08-29 08:19:59
#Fields: date time s-ip cs-method cs-uri-stem cs-uri-query s-port cs-username c-ip cs(User-Agent) cs(Referer) sc-status sc-substatus sc-win32-status time-taken
2018-08-29 08:19:58 ::1 GET /WebForm1.aspx - 62603 - ::1 Mozilla/5.0+(Windows+NT+10.0;+WOW64;+Trident/7.0;+rv:11.0)+like+Gecko - 200 0 0 3820
2018-08-29 08:19:58 ::1 GET /js/jquery.min.js - 62603 - ::1 Mozilla/5.0+(Windows+NT+10.0;+WOW64;+Trident/7.0;+rv:11.0)+like+Gecko http://localhost:62603/WebForm1.aspx 200 0 0 85
2018-08-29 08:19:58 ::1 GET /js/swfobject/swfobject.js - 62603 - ::1 Mozilla/5.0+(Windows+NT+10.0;+WOW64;+Trident/7.0;+rv:11.0)+like+Gecko http://localhost:62603/WebForm1.aspx 200 0 0 106
2018-08-29 08:19:58 ::1 GET /js/ddsmoothmenu.js - 62603 - ::1 Mozilla/5.0+(Windows+NT+10.0;+WOW64;+Trident/7.0;+rv:11.0)+like+Gecko http://localhost:62603/WebForm1.aspx 200 0 0 134
2018-08-29 08:19:58 ::1 GET /css/templatemo_style.css - 62603 - ::1 Mozilla/5.0+(Windows+NT+10.0;+WOW64;+Trident/7.0;+rv:11.0)+like+Gecko http://localhost:62603/WebForm1.aspx 200 0 0 164
2018-08-29 08:19:58 ::1 GET /css/ddsmoothmenu.css - 62603 - ::1 Mozilla/5.0+(Windows+NT+10.0;+WOW64;+Trident/7.0;+rv:11.0)+like+Gecko http://localhost:62603/WebForm1.aspx 200 0 0 173
2018-08-29 08:19:58 ::1 GET /images/applications.png - 62603 - ::1 Mozilla/5.0+(Windows+NT+10.0;+WOW64;+Trident/7.0;+rv:11.0)+like+Gecko http://localhost:62603/WebForm1.aspx 200 0 0 177
2018-08-29 08:19:58 ::1 GET /js/logging.js - 62603 - ::1 Mozilla/5.0+(Windows+NT+10.0;+WOW64;+Trident/7.0;+rv:11.0)+like+Gecko http://localhost:62603/WebForm1.aspx 200 0 0 40
2018-08-29 08:19:58 ::1 GET /images/desktop_aurora_borealis.png - 62603 - ::1 Mozilla/5.0+(Windows+NT+10.0;+WOW64;+Trident/7.0;+rv:11.0)+like+Gecko http://localhost:62603/WebForm1.aspx 200 0 0 230
2018-08-29 08:19:58 ::1 GET /images/preferences.png - 62603 - ::1 Mozilla/5.0+(Windows+NT+10.0;+WOW64;+Trident/7.0;+rv:11.0)+like+Gecko http://localhost:62603/WebForm1.aspx 200 0 0 199
2018-08-29 08:19:58 ::1 GET /images/presentation.png - 62603 - ::1 Mozilla/5.0+(Windows+NT+10.0;+WOW64;+Trident/7.0;+rv:11.0)+like+Gecko http://localhost:62603/WebForm1.aspx 200 0 0 202
2018-08-29 08:19:58 ::1 GET /images/footer_icon.png - 62603 - ::1 Mozilla/5.0+(Windows+NT+10.0;+WOW64;+Trident/7.0;+rv:11.0)+like+Gecko http://localhost:62603/WebForm1.aspx 200 0 0 10
2018-08-29 08:19:58 ::1 GET /images/invoice.png - 62603 - ::1 Mozilla/5.0+(Windows+NT+10.0;+WOW64;+Trident/7.0;+rv:11.0)+like+Gecko http://localhost:62603/WebForm1.aspx 200 0 0 273
2018-08-29 08:19:58 ::1 GET /images/templatemo_image_02.jpg - 62603 - ::1 Mozilla/5.0+(Windows+NT+10.0;+WOW64;+Trident/7.0;+rv:11.0)+like+Gecko http://localhost:62603/WebForm1.aspx 200 0 0 236
2018-08-29 08:19:58 ::1 GET /images/templatemo_image_01.jpg - 62603 - ::1 Mozilla/5.0+(Windows+NT+10.0;+WOW64;+Trident/7.0;+rv:11.0)+like+Gecko http://localhost:62603/WebForm1.aspx 200 0 0 304
2018-08-29 08:20:00 ::1 GET /images/templatemo_button.png - 62603 - ::1 Mozilla/5.0+(Windows+NT+10.0;+WOW64;+Trident/7.0;+rv:11.0)+like+Gecko http://localhost:62603/WebForm1.aspx 200 0 0 4
2018-08-29 08:20:00 ::1 GET /piecemaker.swf - 62603 - ::1 Mozilla/5.0+(Windows+NT+10.0;+WOW64;+Trident/7.0;+rv:11.0)+like+Gecko http://localhost:62603/WebForm1.aspx 200 0 0 131
2018-08-29 08:20:39 ::1 GET /css/templatemo_style.css - 62603 - ::1 Mozilla/5.0+(Windows+NT+10.0;+WOW64;+Trident/7.0;+rv:11.0)+like+Gecko - 200 0 0 99
2018-08-29 08:21:18 ::1 GET /Default.aspx - 62603 - ::1 Mozilla/5.0+(Windows+NT+10.0;+WOW64;+Trident/7.0;+rv:11.0)+like+Gecko - 200 0 0 71
2018-08-29 08:21:18 ::1 GET /js/jquery.min.js - 62603 - ::1 Mozilla/5.0+(Windows+NT+10.0;+WOW64;+Trident/7.0;+rv:11.0)+like+Gecko http://localhost:62603/Default.aspx 304 0 0 12
2018-08-29 08:21:18 ::1 GET /js/ddsmoothmenu.js - 62603 - ::1 Mozilla/5.0+(Windows+NT+10.0;+WOW64;+Trident/7.0;+rv:11.0)+like+Gecko http://localhost:62603/Default.aspx 304 0 0 113
2018-08-29 08:21:18 ::1 GET /css/ddsmoothmenu.css - 62603 - ::1 Mozilla/5.0+(Windows+NT+10.0;+WOW64;+Trident/7.0;+rv:11.0)+like+Gecko http://localhost:62603/Default.aspx 304 0 0 124
2018-08-29 08:21:18 ::1 GET /images/desktop_aurora_borealis.png - 62603 - ::1 Mozilla/5.0+(Windows+NT+10.0;+WOW64;+Trident/7.0;+rv:11.0)+like+Gecko http://localhost:62603/Default.aspx 304 0 0 115
2018-08-29 08:21:18 ::1 GET /images/applications.png - 62603 - ::1 Mozilla/5.0+(Windows+NT+10.0;+WOW64;+Trident/7.0;+rv:11.0)+like+Gecko http://localhost:62603/Default.aspx 304 0 0 163
2018-08-29 08:21:18 ::1 GET /images/presentation.png - 62603 - ::1 Mozilla/5.0+(Windows+NT+10.0;+WOW64;+Trident/7.0;+rv:11.0)+like+Gecko http://localhost:62603/Default.aspx 304 0 0 68
2018-08-29 08:21:18 ::1 GET /js/swfobject/swfobject.js - 62603 - ::1 Mozilla/5.0+(Windows+NT+10.0;+WOW64;+Trident/7.0;+rv:11.0)+like+Gecko http://localhost:62603/Default.aspx 304 0 0 214
2018-08-29 08:21:18 ::1 GET /images/invoice.png - 62603 - ::1 Mozilla/5.0+(Windows+NT+10.0;+WOW64;+Trident/7.0;+rv:11.0)+like+Gecko http://localhost:62603/Default.aspx 304 0 0 209
2018-08-29 08:21:18 ::1 GET /images/preferences.png - 62603 - ::1 Mozilla/5.0+(Windows+NT+10.0;+WOW64;+Trident/7.0;+rv:11.0)+like+Gecko http://localhost:62603/Default.aspx 304 0 0 153
2018-08-29 08:21:18 ::1 GET /images/templatemo_image_01.jpg - 62603 - ::1 Mozilla/5.0+(Windows+NT+10.0;+WOW64;+Trident/7.0;+rv:11.0)+like+Gecko http://localhost:62603/Default.aspx 304 0 0 23
2018-08-29 08:21:18 ::1 GET /images/footer_icon.png - 62603 - ::1 Mozilla/5.0+(Windows+NT+10.0;+WOW64;+Trident/7.0;+rv:11.0)+like+Gecko http://localhost:62603/Default.aspx 304 0 0 41
2018-08-29 08:21:18 ::1 GET /js/logging.js - 62603 - ::1 Mozilla/5.0+(Windows+NT+10.0;+WOW64;+Trident/7.0;+rv:11.0)+like+Gecko http://localhost:62603/Default.aspx 304 0 0 18
2018-08-29 08:21:18 ::1 GET /images/templatemo_image_02.jpg - 62603 - ::1 Mozilla/5.0+(Windows+NT+10.0;+WOW64;+Trident/7.0;+rv:11.0)+like+Gecko http://localhost:62603/Default.aspx 304 0 0 51
2018-08-29 08:21:18 ::1 GET /images/templatemo_button.png - 62603 - ::1 Mozilla/5.0+(Windows+NT+10.0;+WOW64;+Trident/7.0;+rv:11.0)+like+Gecko http://localhost:62603/Default.aspx 304 0 0 21
2018-08-29 08:21:18 ::1 GET /piecemaker.swf - 62603 - ::1 Mozilla/5.0+(Windows+NT+10.0;+WOW64;+Trident/7.0;+rv:11.0)+like+Gecko http://localhost:62603/Default.aspx 304 0 0 152
2018-08-29 08:21:22 ::1 GET /images/templatemo_header_bg.jpg - 62603 - ::1 Mozilla/5.0+(Windows+NT+10.0;+WOW64;+Trident/7.0;+rv:11.0)+like+Gecko http://localhost:62603/Default.aspx 200 0 0 371
2018-08-29 08:21:22 ::1 GET /images/templatemo_middle.jpg - 62603 - ::1 Mozilla/5.0+(Windows+NT+10.0;+WOW64;+Trident/7.0;+rv:11.0)+like+Gecko http://localhost:62603/Default.aspx 200 0 0 384
2018-08-29 08:21:22 ::1 GET /images/feed.png - 62603 - ::1 Mozilla/5.0+(Windows+NT+10.0;+WOW64;+Trident/7.0;+rv:11.0)+like+Gecko http://localhost:62603/Default.aspx 200 0 0 433
2018-08-29 08:21:22 ::1 GET /images/twitter.png - 62603 - ::1 Mozilla/5.0+(Windows+NT+10.0;+WOW64;+Trident/7.0;+rv:11.0)+like+Gecko http://localhost:62603/Default.aspx 200 0 0 433
2018-08-29 08:21:22 ::1 GET /images/facebook.png - 62603 - ::1 Mozilla/5.0+(Windows+NT+10.0;+WOW64;+Trident/7.0;+rv:11.0)+like+Gecko http://localhost:62603/Default.aspx 200 0 0 451
2018-08-29 08:21:25 ::1 GET /favicon.ico - 62603 - ::1 Mozilla/5.0+(Windows+NT+10.0;+WOW64;+Trident/7.0;+rv:11.0)+like+Gecko - 404 0 2 112
2018-08-29 08:21:26 ::1 GET /piecemaker.xml - 62603 - ::1 Mozilla/5.0+(Windows+NT+10.0;+WOW64;+Trident/7.0;+rv:11.0)+like+Gecko http://localhost:62603/piecemaker.swf 200 0 0 35
2018-08-29 08:21:26 ::1 GET /css/piecemaker.css - 62603 - ::1 Mozilla/5.0+(Windows+NT+10.0;+WOW64;+Trident/7.0;+rv:11.0)+like+Gecko http://localhost:62603/piecemaker.swf 200 0 0 71
2018-08-29 08:21:27 ::1 GET /contents/piecemaker1.png - 62603 - ::1 Mozilla/5.0+(Windows+NT+10.0;+WOW64;+Trident/7.0;+rv:11.0)+like+Gecko http://localhost:62603/piecemaker.swf 200 0 0 37
2018-08-29 08:21:27 ::1 GET /contents/piecemaker2.png - 62603 - ::1 Mozilla/5.0+(Windows+NT+10.0;+WOW64;+Trident/7.0;+rv:11.0)+like+Gecko http://localhost:62603/piecemaker.swf 200 0 0 96
2018-08-29 08:21:27 ::1 GET /contents/piecemaker3.png - 62603 - ::1 Mozilla/5.0+(Windows+NT+10.0;+WOW64;+Trident/7.0;+rv:11.0)+like+Gecko http://localhost:62603/piecemaker.swf 200 0 0 80
2018-08-29 08:21:27 ::1 GET /contents/piecemaker4.png - 62603 - ::1 Mozilla/5.0+(Windows+NT+10.0;+WOW64;+Trident/7.0;+rv:11.0)+like+Gecko http://localhost:62603/piecemaker.swf 200 0 0 19
2018-08-29 08:25:26 ::1 GET /css/templatemo_style.css - 62603 - ::1 Mozilla/5.0+(Windows+NT+10.0;+WOW64;+Trident/7.0;+rv:11.0)+like+Gecko - 200 0 0 242
2018-08-29 08:30:01 ::1 GET /Default.aspx - 62603 - ::1 Mozilla/5.0+(Windows+NT+10.0;+WOW64;+Trident/7.0;+rv:11.0)+like+Gecko - 200 0 0 2309
2018-08-29 08:30:01 ::1 GET /js/jquery.min.js - 62603 - ::1 Mozilla/5.0+(Windows+NT+10.0;+WOW64;+Trident/7.0;+rv:11.0)+like+Gecko http://localhost:62603/Default.aspx 304 0 0 12
2018-08-29 08:30:01 ::1 GET /images/applications.png - 62603 - ::1 Mozilla/5.0+(Windows+NT+10.0;+WOW64;+Trident/7.0;+rv:11.0)+like+Gecko http://localhost:62603/Default.aspx 304 0 0 68
2018-08-29 08:30:01 ::1 GET /css/ddsmoothmenu.css - 62603 - ::1 Mozilla/5.0+(Windows+NT+10.0;+WOW64;+Trident/7.0;+rv:11.0)+like+Gecko http://localhost:62603/Default.aspx 304 0 0 132
2018-08-29 08:30:01 ::1 GET /js/ddsmoothmenu.js - 62603 - ::1 Mozilla/5.0+(Windows+NT+10.0;+WOW64;+Trident/7.0;+rv:11.0)+like+Gecko http://localhost:62603/Default.aspx 304 0 0 118
2018-08-29 08:30:01 ::1 GET /css/templatemo_style.css - 62603 - ::1 Mozilla/5.0+(Windows+NT+10.0;+WOW64;+Trident/7.0;+rv:11.0)+like+Gecko http://localhost:62603/Default.aspx 304 0 0 137
2018-08-29 08:30:01 ::1 GET /images/desktop_aurora_borealis.png - 62603 - ::1 Mozilla/5.0+(Windows+NT+10.0;+WOW64;+Trident/7.0;+rv:11.0)+like+Gecko http://localhost:62603/Default.aspx 304 0 0 131
2018-08-29 08:30:01 ::1 GET /js/swfobject/swfobject.js - 62603 - ::1 Mozilla/5.0+(Windows+NT+10.0;+WOW64;+Trident/7.0;+rv:11.0)+like+Gecko http://localhost:62603/Default.aspx 304 0 0 220
2018-08-29 08:30:01 ::1 GET /images/invoice.png - 62603 - ::1 Mozilla/5.0+(Windows+NT+10.0;+WOW64;+Trident/7.0;+rv:11.0)+like+Gecko http://localhost:62603/Default.aspx 304 0 0 143
2018-08-29 08:30:01 ::1 GET /images/preferences.png - 62603 - ::1 Mozilla/5.0+(Windows+NT+10.0;+WOW64;+Trident/7.0;+rv:11.0)+like+Gecko http://localhost:62603/Default.aspx 304 0 0 101
2018-08-29 08:30:01 ::1 GET /images/presentation.png - 62603 - ::1 Mozilla/5.0+(Windows+NT+10.0;+WOW64;+Trident/7.0;+rv:11.0)+like+Gecko http://localhost:62603/Default.aspx 304 0 0 123
2018-08-29 08:30:01 ::1 GET /images/templatemo_image_01.jpg - 62603 - ::1 Mozilla/5.0+(Windows+NT+10.0;+WOW64;+Trident/7.0;+rv:11.0)+like+Gecko http://localhost:62603/Default.aspx 304 0 0 123
2018-08-29 08:30:01 ::1 GET /js/logging.js - 62603 - ::1 Mozilla/5.0+(Windows+NT+10.0;+WOW64;+Trident/7.0;+rv:11.0)+like+Gecko http://localhost:62603/Default.aspx 304 0 0 57
2018-08-29 08:30:01 ::1 GET /images/templatemo_image_02.jpg - 62603 - ::1 Mozilla/5.0+(Windows+NT+10.0;+WOW64;+Trident/7.0;+rv:11.0)+like+Gecko http://localhost:62603/Default.aspx 304 0 0 57
2018-08-29 08:30:01 ::1 GET /images/footer_icon.png - 62603 - ::1 Mozilla/5.0+(Windows+NT+10.0;+WOW64;+Trident/7.0;+rv:11.0)+like+Gecko http://localhost:62603/Default.aspx 304 0 0 75
2018-08-29 08:30:01 ::1 GET /images/templatemo_button.png - 62603 - ::1 Mozilla/5.0+(Windows+NT+10.0;+WOW64;+Trident/7.0;+rv:11.0)+like+Gecko http://localhost:62603/Default.aspx 304 0 0 25
2018-08-29 08:30:01 ::1 GET /piecemaker.swf - 62603 - ::1 Mozilla/5.0+(Windows+NT+10.0;+WOW64;+Trident/7.0;+rv:11.0)+like+Gecko http://localhost:62603/Default.aspx 304 0 0 120
2018-08-29 08:30:03 ::1 GET /images/templatemo_middle.jpg - 62603 - ::1 Mozilla/5.0+(Windows+NT+10.0;+WOW64;+Trident/7.0;+rv:11.0)+like+Gecko http://localhost:62603/Default.aspx 304 0 0 36
2018-08-29 08:30:03 ::1 GET /images/templatemo_header_bg.jpg - 62603 - ::1 Mozilla/5.0+(Windows+NT+10.0;+WOW64;+Trident/7.0;+rv:11.0)+like+Gecko http://localhost:62603/Default.aspx 304 0 0 40
2018-08-29 08:30:03 ::1 GET /images/twitter.png - 62603 - ::1 Mozilla/5.0+(Windows+NT+10.0;+WOW64;+Trident/7.0;+rv:11.0)+like+Gecko http://localhost:62603/Default.aspx 304 0 0 80
2018-08-29 08:30:03 ::1 GET /images/facebook.png - 62603 - ::1 Mozilla/5.0+(Windows+NT+10.0;+WOW64;+Trident/7.0;+rv:11.0)+like+Gecko http://localhost:62603/Default.aspx 304 0 0 106
2018-08-29 08:30:03 ::1 GET /images/feed.png - 62603 - ::1 Mozilla/5.0+(Windows+NT+10.0;+WOW64;+Trident/7.0;+rv:11.0)+like+Gecko http://localhost:62603/Default.aspx 304 0 0 97
2018-08-29 08:30:03 ::1 GET /favicon.ico - 62603 - ::1 Mozilla/5.0+(Windows+NT+10.0;+WOW64;+Trident/7.0;+rv:11.0)+like+Gecko - 404 0 2 6
2018-08-29 08:30:05 ::1 GET /piecemaker.xml - 62603 - ::1 Mozilla/5.0+(Windows+NT+10.0;+WOW64;+Trident/7.0;+rv:11.0)+like+Gecko http://localhost:62603/piecemaker.swf 304 0 0 26
2018-08-29 08:30:05 ::1 GET /css/piecemaker.css - 62603 - ::1 Mozilla/5.0+(Windows+NT+10.0;+WOW64;+Trident/7.0;+rv:11.0)+like+Gecko http://localhost:62603/piecemaker.swf 304 0 0 24
2018-08-29 08:30:05 ::1 GET /contents/piecemaker1.png - 62603 - ::1 Mozilla/5.0+(Windows+NT+10.0;+WOW64;+Trident/7.0;+rv:11.0)+like+Gecko http://localhost:62603/piecemaker.swf 304 0 0 20
2018-08-29 08:30:05 ::1 GET /contents/piecemaker2.png - 62603 - ::1 Mozilla/5.0+(Windows+NT+10.0;+WOW64;+Trident/7.0;+rv:11.0)+like+Gecko http://localhost:62603/piecemaker.swf 304 0 0 25
2018-08-29 08:30:05 ::1 GET /contents/piecemaker3.png - 62603 - ::1 Mozilla/5.0+(Windows+NT+10.0;+WOW64;+Trident/7.0;+rv:11.0)+like+Gecko http://localhost:62603/piecemaker.swf 304 0 0 21
2018-08-29 08:30:05 ::1 GET /contents/piecemaker4.png - 62603 - ::1 Mozilla/5.0+(Windows+NT+10.0;+WOW64;+Trident/7.0;+rv:11.0)+like+Gecko http://localhost:62603/piecemaker.swf 304 0 0 26
2018-08-29 08:30:25 ::1 GET /css/templatemo_style.css - 62603 - ::1 Mozilla/5.0+(Windows+NT+10.0;+WOW64;+Trident/7.0;+rv:11.0)+like+Gecko - 200 0 0 450
2018-08-29 08:34:06 ::1 GET /Default.aspx - 62603 - ::1 Mozilla/5.0+(Windows+NT+10.0;+WOW64;+Trident/7.0;+rv:11.0)+like+Gecko - 200 0 0 2730
2018-08-29 08:34:06 ::1 GET /css/templatemo_style.css - 62603 - ::1 Mozilla/5.0+(Windows+NT+10.0;+WOW64;+Trident/7.0;+rv:11.0)+like+Gecko http://localhost:62603/Default.aspx 304 0 0 39
2018-08-29 08:34:06 ::1 GET /js/jquery.min.js - 62603 - ::1 Mozilla/5.0+(Windows+NT+10.0;+WOW64;+Trident/7.0;+rv:11.0)+like+Gecko http://localhost:62603/Default.aspx 304 0 0 51
2018-08-29 08:34:06 ::1 GET /css/ddsmoothmenu.css - 62603 - ::1 Mozilla/5.0+(Windows+NT+10.0;+WOW64;+Trident/7.0;+rv:11.0)+like+Gecko http://localhost:62603/Default.aspx 304 0 0 81
2018-08-29 08:34:06 ::1 GET /images/applications.png - 62603 - ::1 Mozilla/5.0+(Windows+NT+10.0;+WOW64;+Trident/7.0;+rv:11.0)+like+Gecko http://localhost:62603/Default.aspx 304 0 0 352
2018-08-29 08:34:06 ::1 GET /js/ddsmoothmenu.js - 62603 - ::1 Mozilla/5.0+(Windows+NT+10.0;+WOW64;+Trident/7.0;+rv:11.0)+like+Gecko http://localhost:62603/Default.aspx 304 0 0 353
2018-08-29 08:34:06 ::1 GET /images/invoice.png - 62603 - ::1 Mozilla/5.0+(Windows+NT+10.0;+WOW64;+Trident/7.0;+rv:11.0)+like+Gecko http://localhost:62603/Default.aspx 304 0 0 298
2018-08-29 08:34:06 ::1 GET /js/swfobject/swfobject.js - 62603 - ::1 Mozilla/5.0+(Windows+NT+10.0;+WOW64;+Trident/7.0;+rv:11.0)+like+Gecko http://localhost:62603/Default.aspx 304 0 0 386
2018-08-29 08:34:06 ::1 GET /images/desktop_aurora_borealis.png - 62603 - ::1 Mozilla/5.0+(Windows+NT+10.0;+WOW64;+Trident/7.0;+rv:11.0)+like+Gecko http://localhost:62603/Default.aspx 304 0 0 314
2018-08-29 08:34:06 ::1 GET /images/preferences.png - 62603 - ::1 Mozilla/5.0+(Windows+NT+10.0;+WOW64;+Trident/7.0;+rv:11.0)+like+Gecko http://localhost:62603/Default.aspx 304 0 0 357
2018-08-29 08:34:06 ::1 GET /images/footer_icon.png - 62603 - ::1 Mozilla/5.0+(Windows+NT+10.0;+WOW64;+Trident/7.0;+rv:11.0)+like+Gecko http://localhost:62603/Default.aspx 304 0 0 222
2018-08-29 08:34:06 ::1 GET /images/presentation.png - 62603 - ::1 Mozilla/5.0+(Windows+NT+10.0;+WOW64;+Trident/7.0;+rv:11.0)+like+Gecko http://localhost:62603/Default.aspx 304 0 0 222
2018-08-29 08:34:06 ::1 GET /images/templatemo_image_01.jpg - 62603 - ::1 Mozilla/5.0+(Windows+NT+10.0;+WOW64;+Trident/7.0;+rv:11.0)+like+Gecko http://localhost:62603/Default.aspx 304 0 0 222
2018-08-29 08:34:06 ::1 GET /js/logging.js - 62603 - ::1 Mozilla/5.0+(Windows+NT+10.0;+WOW64;+Trident/7.0;+rv:11.0)+like+Gecko http://localhost:62603/Default.aspx 304 0 0 222
2018-08-29 08:34:06 ::1 GET /images/templatemo_image_02.jpg - 62603 - ::1 Mozilla/5.0+(Windows+NT+10.0;+WOW64;+Trident/7.0;+rv:11.0)+like+Gecko http://localhost:62603/Default.aspx 304 0 0 423
2018-08-29 08:34:08 ::1 GET /images/templatemo_button.png - 62603 - ::1 Mozilla/5.0+(Windows+NT+10.0;+WOW64;+Trident/7.0;+rv:11.0)+like+Gecko http://localhost:62603/Default.aspx 304 0 0 49
2018-08-29 08:34:08 ::1 GET /images/templatemo_middle.jpg - 62603 - ::1 Mozilla/5.0+(Windows+NT+10.0;+WOW64;+Trident/7.0;+rv:11.0)+like+Gecko http://localhost:62603/Default.aspx 304 0 0 33
2018-08-29 08:34:08 ::1 GET /images/templatemo_header_bg.jpg - 62603 - ::1 Mozilla/5.0+(Windows+NT+10.0;+WOW64;+Trident/7.0;+rv:11.0)+like+Gecko http://localhost:62603/Default.aspx 304 0 0 23
2018-08-29 08:34:08 ::1 GET /piecemaker.swf - 62603 - ::1 Mozilla/5.0+(Windows+NT+10.0;+WOW64;+Trident/7.0;+rv:11.0)+like+Gecko http://localhost:62603/Default.aspx 304 0 0 271
2018-08-29 08:34:08 ::1 GET /images/facebook.png - 62603 - ::1 Mozilla/5.0+(Windows+NT+10.0;+WOW64;+Trident/7.0;+rv:11.0)+like+Gecko http://localhost:62603/Default.aspx 304 0 0 142
2018-08-29 08:34:08 ::1 GET /images/feed.png - 62603 - ::1 Mozilla/5.0+(Windows+NT+10.0;+WOW64;+Trident/7.0;+rv:11.0)+like+Gecko http://localhost:62603/Default.aspx 304 0 0 118
2018-08-29 08:34:08 ::1 GET /images/twitter.png - 62603 - ::1 Mozilla/5.0+(Windows+NT+10.0;+WOW64;+Trident/7.0;+rv:11.0)+like+Gecko http://localhost:62603/Default.aspx 304 0 0 118
2018-08-29 08:34:09 ::1 GET /piecemaker.xml - 62603 - ::1 Mozilla/5.0+(Windows+NT+10.0;+WOW64;+Trident/7.0;+rv:11.0)+like+Gecko http://localhost:62603/piecemaker.swf 304 0 0 303
2018-08-29 08:34:09 ::1 GET /css/piecemaker.css - 62603 - ::1 Mozilla/5.0+(Windows+NT+10.0;+WOW64;+Trident/7.0;+rv:11.0)+like+Gecko http://localhost:62603/piecemaker.swf 304 0 0 216
2018-08-29 08:34:09 ::1 GET /contents/piecemaker1.png - 62603 - ::1 Mozilla/5.0+(Windows+NT+10.0;+WOW64;+Trident/7.0;+rv:11.0)+like+Gecko http://localhost:62603/piecemaker.swf 304 0 0 41
2018-08-29 08:34:09 ::1 GET /contents/piecemaker2.png - 62603 - ::1 Mozilla/5.0+(Windows+NT+10.0;+WOW64;+Trident/7.0;+rv:11.0)+like+Gecko http://localhost:62603/piecemaker.swf 304 0 0 167
2018-08-29 08:34:09 ::1 GET /contents/piecemaker3.png - 62603 - ::1 Mozilla/5.0+(Windows+NT+10.0;+WOW64;+Trident/7.0;+rv:11.0)+like+Gecko http://localhost:62603/piecemaker.swf 304 0 0 116
2018-08-29 08:34:10 ::1 GET /contents/piecemaker4.png - 62603 - ::1 Mozilla/5.0+(Windows+NT+10.0;+WOW64;+Trident/7.0;+rv:11.0)+like+Gecko http://localhost:62603/piecemaker.swf 304 0 0 124
2018-08-29 08:38:07 ::1 GET /Default.aspx - 62603 - ::1 Mozilla/5.0+(Windows+NT+10.0;+WOW64;+Trident/7.0;+rv:11.0)+like+Gecko - 200 0 0 2380
2018-08-29 08:38:07 ::1 GET /css/templatemo_style.css - 62603 - ::1 Mozilla/5.0+(Windows+NT+10.0;+WOW64;+Trident/7.0;+rv:11.0)+like+Gecko http://localhost:62603/Default.aspx 304 0 0 116
2018-08-29 08:38:07 ::1 GET /js/ddsmoothmenu.js - 62603 - ::1 Mozilla/5.0+(Windows+NT+10.0;+WOW64;+Trident/7.0;+rv:11.0)+like+Gecko http://localhost:62603/Default.aspx 304 0 0 284
2018-08-29 08:38:07 ::1 GET /images/applications.png - 62603 - ::1 Mozilla/5.0+(Windows+NT+10.0;+WOW64;+Trident/7.0;+rv:11.0)+like+Gecko http://localhost:62603/Default.aspx 304 0 0 284
2018-08-29 08:38:07 ::1 GET /js/jquery.min.js - 62603 - ::1 Mozilla/5.0+(Windows+NT+10.0;+WOW64;+Trident/7.0;+rv:11.0)+like+Gecko http://localhost:62603/Default.aspx 304 0 0 284
2018-08-29 08:38:07 ::1 GET /js/swfobject/swfobject.js - 62603 - ::1 Mozilla/5.0+(Windows+NT+10.0;+WOW64;+Trident/7.0;+rv:11.0)+like+Gecko http://localhost:62603/Default.aspx 304 0 0 426
2018-08-29 08:38:07 ::1 GET /css/ddsmoothmenu.css - 62603 - ::1 Mozilla/5.0+(Windows+NT+10.0;+WOW64;+Trident/7.0;+rv:11.0)+like+Gecko http://localhost:62603/Default.aspx 304 0 0 483
2018-08-29 08:38:07 ::1 GET /js/logging.js - 62603 - ::1 Mozilla/5.0+(Windows+NT+10.0;+WOW64;+Trident/7.0;+rv:11.0)+like+Gecko http://localhost:62603/Default.aspx 304 0 0 377
2018-08-29 08:38:08 ::1 GET /images/desktop_aurora_borealis.png - 62603 - ::1 Mozilla/5.0+(Windows+NT+10.0;+WOW64;+Trident/7.0;+rv:11.0)+like+Gecko http://localhost:62603/Default.aspx 304 0 0 810
2018-08-29 08:38:08 ::1 GET /images/invoice.png - 62603 - ::1 Mozilla/5.0+(Windows+NT+10.0;+WOW64;+Trident/7.0;+rv:11.0)+like+Gecko http://localhost:62603/Default.aspx 304 0 0 552
2018-08-29 08:38:08 ::1 GET /images/preferences.png - 62603 - ::1 Mozilla/5.0+(Windows+NT+10.0;+WOW64;+Trident/7.0;+rv:11.0)+like+Gecko http://localhost:62603/Default.aspx 304 0 0 552
2018-08-29 08:38:08 ::1 GET /images/presentation.png - 62603 - ::1 Mozilla/5.0+(Windows+NT+10.0;+WOW64;+Trident/7.0;+rv:11.0)+like+Gecko http://localhost:62603/Default.aspx 304 0 0 818
2018-08-29 08:38:08 ::1 GET /images/templatemo_image_01.jpg - 62603 - ::1 Mozilla/5.0+(Windows+NT+10.0;+WOW64;+Trident/7.0;+rv:11.0)+like+Gecko http://localhost:62603/Default.aspx 304 0 0 649
2018-08-29 08:38:08 ::1 GET /images/templatemo_button.png - 62603 - ::1 Mozilla/5.0+(Windows+NT+10.0;+WOW64;+Trident/7.0;+rv:11.0)+like+Gecko http://localhost:62603/Default.aspx 304 0 0 495
2018-08-29 08:38:08 ::1 GET /images/feed.png - 62603 - ::1 Mozilla/5.0+(Windows+NT+10.0;+WOW64;+Trident/7.0;+rv:11.0)+like+Gecko http://localhost:62603/Default.aspx 304 0 0 495
2018-08-29 08:38:08 ::1 GET /images/templatemo_header_bg.jpg - 62603 - ::1 Mozilla/5.0+(Windows+NT+10.0;+WOW64;+Trident/7.0;+rv:11.0)+like+Gecko http://localhost:62603/Default.aspx 304 0 0 229
2018-08-29 08:38:08 ::1 GET /images/templatemo_middle.jpg - 62603 - ::1 Mozilla/5.0+(Windows+NT+10.0;+WOW64;+Trident/7.0;+rv:11.0)+like+Gecko http://localhost:62603/Default.aspx 304 0 0 565
2018-08-29 08:38:08 ::1 GET /images/templatemo_image_02.jpg - 62603 - ::1 Mozilla/5.0+(Windows+NT+10.0;+WOW64;+Trident/7.0;+rv:11.0)+like+Gecko http://localhost:62603/Default.aspx 304 0 0 769
2018-08-29 08:38:08 ::1 GET /images/facebook.png - 62603 - ::1 Mozilla/5.0+(Windows+NT+10.0;+WOW64;+Trident/7.0;+rv:11.0)+like+Gecko http://localhost:62603/Default.aspx 304 0 0 394
2018-08-29 08:38:08 ::1 GET /images/twitter.png - 62603 - ::1 Mozilla/5.0+(Windows+NT+10.0;+WOW64;+Trident/7.0;+rv:11.0)+like+Gecko http://localhost:62603/Default.aspx 304 0 0 165
2018-08-29 08:38:08 ::1 GET /images/footer_icon.png - 62603 - ::1 Mozilla/5.0+(Windows+NT+10.0;+WOW64;+Trident/7.0;+rv:11.0)+like+Gecko http://localhost:62603/Default.aspx 304 0 0 200
2018-08-29 08:38:08 ::1 GET /piecemaker.swf - 62603 - ::1 Mozilla/5.0+(Windows+NT+10.0;+WOW64;+Trident/7.0;+rv:11.0)+like+Gecko http://localhost:62603/Default.aspx 304 0 0 207
2018-08-29 08:38:09 ::1 GET /piecemaker.xml - 62603 - ::1 Mozilla/5.0+(Windows+NT+10.0;+WOW64;+Trident/7.0;+rv:11.0)+like+Gecko http://localhost:62603/piecemaker.swf 304 0 0 125
2018-08-29 08:38:09 ::1 GET /css/piecemaker.css - 62603 - ::1 Mozilla/5.0+(Windows+NT+10.0;+WOW64;+Trident/7.0;+rv:11.0)+like+Gecko http://localhost:62603/piecemaker.swf 304 0 0 48
2018-08-29 08:38:09 ::1 GET /contents/piecemaker1.png - 62603 - ::1 Mozilla/5.0+(Windows+NT+10.0;+WOW64;+Trident/7.0;+rv:11.0)+like+Gecko http://localhost:62603/piecemaker.swf 304 0 0 20
2018-08-29 08:38:09 ::1 GET /contents/piecemaker2.png - 62603 - ::1 Mozilla/5.0+(Windows+NT+10.0;+WOW64;+Trident/7.0;+rv:11.0)+like+Gecko http://localhost:62603/piecemaker.swf 304 0 0 21
2018-08-29 08:38:09 ::1 GET /contents/piecemaker3.png - 62603 - ::1 Mozilla/5.0+(Windows+NT+10.0;+WOW64;+Trident/7.0;+rv:11.0)+like+Gecko http://localhost:62603/piecemaker.swf 304 0 0 91
2018-08-29 08:38:09 ::1 GET /contents/piecemaker4.png - 62603 - ::1 Mozilla/5.0+(Windows+NT+10.0;+WOW64;+Trident/7.0;+rv:11.0)+like+Gecko http://localhost:62603/piecemaker.swf 304 0 0 229
2018-08-29 08:42:40 ::1 GET /Default.aspx - 62603 - ::1 Mozilla/5.0+(Windows+NT+10.0;+WOW64;+Trident/7.0;+rv:11.0)+like+Gecko - 200 0 0 2505
2018-08-29 08:42:40 ::1 GET /css/templatemo_style.css - 62603 - ::1 Mozilla/5.0+(Windows+NT+10.0;+WOW64;+Trident/7.0;+rv:11.0)+like+Gecko http://localhost:62603/Default.aspx 304 0 0 17
2018-08-29 08:42:40 ::1 GET /css/ddsmoothmenu.css - 62603 - ::1 Mozilla/5.0+(Windows+NT+10.0;+WOW64;+Trident/7.0;+rv:11.0)+like+Gecko http://localhost:62603/Default.aspx 304 0 0 17
2018-08-29 08:42:40 ::1 GET /js/swfobject/swfobject.js - 62603 - ::1 Mozilla/5.0+(Windows+NT+10.0;+WOW64;+Trident/7.0;+rv:11.0)+like+Gecko http://localhost:62603/Default.aspx 304 0 0 18
2018-08-29 08:42:40 ::1 GET /js/jquery.min.js - 62603 - ::1 Mozilla/5.0+(Windows+NT+10.0;+WOW64;+Trident/7.0;+rv:11.0)+like+Gecko http://localhost:62603/Default.aspx 304 0 0 26
2018-08-29 08:42:40 ::1 GET /js/ddsmoothmenu.js - 62603 - ::1 Mozilla/5.0+(Windows+NT+10.0;+WOW64;+Trident/7.0;+rv:11.0)+like+Gecko http://localhost:62603/Default.aspx 304 0 0 43
2018-08-29 08:42:40 ::1 GET /images/applications.png - 62603 - ::1 Mozilla/5.0+(Windows+NT+10.0;+WOW64;+Trident/7.0;+rv:11.0)+like+Gecko http://localhost:62603/Default.aspx 304 0 0 79
2018-08-29 08:42:40 ::1 GET /js/logging.js - 62603 - ::1 Mozilla/5.0+(Windows+NT+10.0;+WOW64;+Trident/7.0;+rv:11.0)+like+Gecko http://localhost:62603/Default.aspx 304 0 0 104
2018-08-29 08:42:40 ::1 GET /images/desktop_aurora_borealis.png - 62603 - ::1 Mozilla/5.0+(Windows+NT+10.0;+WOW64;+Trident/7.0;+rv:11.0)+like+Gecko http://localhost:62603/Default.aspx 304 0 0 96
2018-08-29 08:42:40 ::1 GET /images/invoice.png - 62603 - ::1 Mozilla/5.0+(Windows+NT+10.0;+WOW64;+Trident/7.0;+rv:11.0)+like+Gecko http://localhost:62603/Default.aspx 304 0 0 293
2018-08-29 08:42:40 ::1 GET /images/preferences.png - 62603 - ::1 Mozilla/5.0+(Windows+NT+10.0;+WOW64;+Trident/7.0;+rv:11.0)+like+Gecko http://localhost:62603/Default.aspx 304 0 0 350
2018-08-29 08:42:40 ::1 GET /images/presentation.png - 62603 - ::1 Mozilla/5.0+(Windows+NT+10.0;+WOW64;+Trident/7.0;+rv:11.0)+like+Gecko http://localhost:62603/Default.aspx 304 0 0 491
2018-08-29 08:42:40 ::1 GET /images/footer_icon.png - 62603 - ::1 Mozilla/5.0+(Windows+NT+10.0;+WOW64;+Trident/7.0;+rv:11.0)+like+Gecko http://localhost:62603/Default.aspx 304 0 0 486
2018-08-29 08:42:40 ::1 GET /images/templatemo_image_02.jpg - 62603 - ::1 Mozilla/5.0+(Windows+NT+10.0;+WOW64;+Trident/7.0;+rv:11.0)+like+Gecko http://localhost:62603/Default.aspx 304 0 0 486
2018-08-29 08:42:40 ::1 GET /images/templatemo_image_01.jpg - 62603 - ::1 Mozilla/5.0+(Windows+NT+10.0;+WOW64;+Trident/7.0;+rv:11.0)+like+Gecko http://localhost:62603/Default.aspx 304 0 0 687
2018-08-29 08:42:41 ::1 GET /images/templatemo_button.png - 62603 - ::1 Mozilla/5.0+(Windows+NT+10.0;+WOW64;+Trident/7.0;+rv:11.0)+like+Gecko http://localhost:62603/Default.aspx 304 0 0 324
2018-08-29 08:42:41 ::1 GET /piecemaker.swf - 62603 - ::1 Mozilla/5.0+(Windows+NT+10.0;+WOW64;+Trident/7.0;+rv:11.0)+like+Gecko http://localhost:62603/Default.aspx 304 0 0 252
2018-08-29 08:42:41 ::1 GET /images/twitter.png - 62603 - ::1 Mozilla/5.0+(Windows+NT+10.0;+WOW64;+Trident/7.0;+rv:11.0)+like+Gecko http://localhost:62603/Default.aspx 304 0 0 252
2018-08-29 08:42:41 ::1 GET /images/feed.png - 62603 - ::1 Mozilla/5.0+(Windows+NT+10.0;+WOW64;+Trident/7.0;+rv:11.0)+like+Gecko http://localhost:62603/Default.aspx 304 0 0 380
2018-08-29 08:42:41 ::1 GET /images/facebook.png - 62603 - ::1 Mozilla/5.0+(Windows+NT+10.0;+WOW64;+Trident/7.0;+rv:11.0)+like+Gecko http://localhost:62603/Default.aspx 304 0 0 380
2018-08-29 08:42:41 ::1 GET /images/templatemo_middle.jpg - 62603 - ::1 Mozilla/5.0+(Windows+NT+10.0;+WOW64;+Trident/7.0;+rv:11.0)+like+Gecko http://localhost:62603/Default.aspx 304 0 0 333
2018-08-29 08:42:41 ::1 GET /images/templatemo_header_bg.jpg - 62603 - ::1 Mozilla/5.0+(Windows+NT+10.0;+WOW64;+Trident/7.0;+rv:11.0)+like+Gecko http://localhost:62603/Default.aspx 304 0 0 515
2018-08-29 08:42:41 ::1 GET /piecemaker.xml - 62603 - ::1 Mozilla/5.0+(Windows+NT+10.0;+WOW64;+Trident/7.0;+rv:11.0)+like+Gecko http://localhost:62603/piecemaker.swf 304 0 0 135
2018-08-29 08:42:41 ::1 GET /css/piecemaker.css - 62603 - ::1 Mozilla/5.0+(Windows+NT+10.0;+WOW64;+Trident/7.0;+rv:11.0)+like+Gecko http://localhost:62603/piecemaker.swf 304 0 0 32
2018-08-29 08:42:41 ::1 GET /contents/piecemaker1.png - 62603 - ::1 Mozilla/5.0+(Windows+NT+10.0;+WOW64;+Trident/7.0;+rv:11.0)+like+Gecko http://localhost:62603/piecemaker.swf 304 0 0 24
2018-08-29 08:42:42 ::1 GET /contents/piecemaker2.png - 62603 - ::1 Mozilla/5.0+(Windows+NT+10.0;+WOW64;+Trident/7.0;+rv:11.0)+like+Gecko http://localhost:62603/piecemaker.swf 304 0 0 97
2018-08-29 08:42:42 ::1 GET /contents/piecemaker3.png - 62603 - ::1 Mozilla/5.0+(Windows+NT+10.0;+WOW64;+Trident/7.0;+rv:11.0)+like+Gecko http://localhost:62603/piecemaker.swf 304 0 0 14
2018-08-29 08:42:42 ::1 GET /contents/piecemaker4.png - 62603 - ::1 Mozilla/5.0+(Windows+NT+10.0;+WOW64;+Trident/7.0;+rv:11.0)+like+Gecko http://localhost:62603/piecemaker.swf 304 0 0 25
2018-08-29 08:42:45 ::1 GET /Default.aspx - 62603 - ::1 Mozilla/5.0+(Windows+NT+10.0;+WOW64;+Trident/7.0;+rv:11.0)+like+Gecko - 200 0 0 47
2018-08-29 08:44:52 ::1 GET /images/templatemo_header_bg.jpg - 62603 - ::1 - - 200 0 0 6
2018-08-29 08:44:59 ::1 GET /Default.aspx - 62603 - ::1 Mozilla/5.0+(Windows+NT+10.0;+WOW64;+Trident/7.0;+rv:11.0)+like+Gecko - 200 0 0 1991
2018-08-29 08:48:01 ::1 GET /Default.aspx - 62603 - ::1 Mozilla/5.0+(Windows+NT+10.0;+WOW64;+Trident/7.0;+rv:11.0)+like+Gecko - 200 0 0 1936
2018-08-29 08:48:01 ::1 GET /css/templatemo_style.css - 62603 - ::1 Mozilla/5.0+(Windows+NT+10.0;+WOW64;+Trident/7.0;+rv:11.0)+like+Gecko http://localhost:62603/Default.aspx 304 0 0 155
2018-08-29 08:48:01 ::1 GET /js/jquery.min.js - 62603 - ::1 Mozilla/5.0+(Windows+NT+10.0;+WOW64;+Trident/7.0;+rv:11.0)+like+Gecko http://localhost:62603/Default.aspx 304 0 0 154
2018-08-29 08:48:01 ::1 GET /images/applications.png - 62603 - ::1 Mozilla/5.0+(Windows+NT+10.0;+WOW64;+Trident/7.0;+rv:11.0)+like+Gecko http://localhost:62603/Default.aspx 304 0 0 165
2018-08-29 08:48:01 ::1 GET /js/ddsmoothmenu.js - 62603 - ::1 Mozilla/5.0+(Windows+NT+10.0;+WOW64;+Trident/7.0;+rv:11.0)+like+Gecko http://localhost:62603/Default.aspx 304 0 0 165
2018-08-29 08:48:01 ::1 GET /js/logging.js - 62603 - ::1 Mozilla/5.0+(Windows+NT+10.0;+WOW64;+Trident/7.0;+rv:11.0)+like+Gecko http://localhost:62603/Default.aspx 304 0 0 23
2018-08-29 08:48:01 ::1 GET /css/ddsmoothmenu.css - 62603 - ::1 Mozilla/5.0+(Windows+NT+10.0;+WOW64;+Trident/7.0;+rv:11.0)+like+Gecko http://localhost:62603/Default.aspx 304 0 0 178
2018-08-29 08:48:01 ::1 GET /images/templatemo_image_01.jpg - 62603 - ::1 Mozilla/5.0+(Windows+NT+10.0;+WOW64;+Trident/7.0;+rv:11.0)+like+Gecko http://localhost:62603/Default.aspx 304 0 0 93
2018-08-29 08:48:01 ::1 GET /images/desktop_aurora_borealis.png - 62603 - ::1 Mozilla/5.0+(Windows+NT+10.0;+WOW64;+Trident/7.0;+rv:11.0)+like+Gecko http://localhost:62603/Default.aspx 304 0 0 221
2018-08-29 08:48:01 ::1 GET /images/preferences.png - 62603 - ::1 Mozilla/5.0+(Windows+NT+10.0;+WOW64;+Trident/7.0;+rv:11.0)+like+Gecko http://localhost:62603/Default.aspx 304 0 0 210
2018-08-29 08:48:01 ::1 GET /images/invoice.png - 62603 - ::1 Mozilla/5.0+(Windows+NT+10.0;+WOW64;+Trident/7.0;+rv:11.0)+like+Gecko http://localhost:62603/Default.aspx 304 0 0 211
2018-08-29 08:48:01 ::1 GET /images/presentation.png - 62603 - ::1 Mozilla/5.0+(Windows+NT+10.0;+WOW64;+Trident/7.0;+rv:11.0)+like+Gecko http://localhost:62603/Default.aspx 304 0 0 319
2018-08-29 08:48:01 ::1 GET /js/swfobject/swfobject.js - 62603 - ::1 Mozilla/5.0+(Windows+NT+10.0;+WOW64;+Trident/7.0;+rv:11.0)+like+Gecko http://localhost:62603/Default.aspx 304 0 0 498
2018-08-29 08:48:01 ::1 GET /images/footer_icon.png - 62603 - ::1 Mozilla/5.0+(Windows+NT+10.0;+WOW64;+Trident/7.0;+rv:11.0)+like+Gecko http://localhost:62603/Default.aspx 304 0 0 287
2018-08-29 08:48:01 ::1 GET /images/templatemo_image_02.jpg - 62603 - ::1 Mozilla/5.0+(Windows+NT+10.0;+WOW64;+Trident/7.0;+rv:11.0)+like+Gecko http://localhost:62603/Default.aspx 304 0 0 424
2018-08-29 08:48:02 ::1 GET /images/templatemo_middle.jpg - 62603 - ::1 Mozilla/5.0+(Windows+NT+10.0;+WOW64;+Trident/7.0;+rv:11.0)+like+Gecko http://localhost:62603/Default.aspx 304 0 0 239
2018-08-29 08:48:02 ::1 GET /images/templatemo_button.png - 62603 - ::1 Mozilla/5.0+(Windows+NT+10.0;+WOW64;+Trident/7.0;+rv:11.0)+like+Gecko http://localhost:62603/Default.aspx 304 0 0 426
2018-08-29 08:48:02 ::1 GET /images/feed.png - 62603 - ::1 Mozilla/5.0+(Windows+NT+10.0;+WOW64;+Trident/7.0;+rv:11.0)+like+Gecko http://localhost:62603/Default.aspx 304 0 0 396
2018-08-29 08:48:02 ::1 GET /piecemaker.swf - 62603 - ::1 Mozilla/5.0+(Windows+NT+10.0;+WOW64;+Trident/7.0;+rv:11.0)+like+Gecko http://localhost:62603/Default.aspx 304 0 0 683
2018-08-29 08:48:02 ::1 GET /images/twitter.png - 62603 - ::1 Mozilla/5.0+(Windows+NT+10.0;+WOW64;+Trident/7.0;+rv:11.0)+like+Gecko http://localhost:62603/Default.aspx 304 0 0 498
2018-08-29 08:48:02 ::1 GET /images/facebook.png - 62603 - ::1 Mozilla/5.0+(Windows+NT+10.0;+WOW64;+Trident/7.0;+rv:11.0)+like+Gecko http://localhost:62603/Default.aspx 304 0 0 498
2018-08-29 08:48:02 ::1 GET /piecemaker.xml - 62603 - ::1 Mozilla/5.0+(Windows+NT+10.0;+WOW64;+Trident/7.0;+rv:11.0)+like+Gecko http://localhost:62603/piecemaker.swf 304 0 0 46
2018-08-29 08:48:02 ::1 GET /css/piecemaker.css - 62603 - ::1 Mozilla/5.0+(Windows+NT+10.0;+WOW64;+Trident/7.0;+rv:11.0)+like+Gecko http://localhost:62603/piecemaker.swf 304 0 0 23
2018-08-29 08:48:02 ::1 GET /contents/piecemaker1.png - 62603 - ::1 Mozilla/5.0+(Windows+NT+10.0;+WOW64;+Trident/7.0;+rv:11.0)+like+Gecko http://localhost:62603/piecemaker.swf 304 0 0 18
2018-08-29 08:48:03 ::1 GET /contents/piecemaker2.png - 62603 - ::1 Mozilla/5.0+(Windows+NT+10.0;+WOW64;+Trident/7.0;+rv:11.0)+like+Gecko http://localhost:62603/piecemaker.swf 304 0 0 119
2018-08-29 08:48:03 ::1 GET /contents/piecemaker3.png - 62603 - ::1 Mozilla/5.0+(Windows+NT+10.0;+WOW64;+Trident/7.0;+rv:11.0)+like+Gecko http://localhost:62603/piecemaker.swf 304 0 0 109
2018-08-29 08:48:03 ::1 GET /contents/piecemaker4.png - 62603 - ::1 Mozilla/5.0+(Windows+NT+10.0;+WOW64;+Trident/7.0;+rv:11.0)+like+Gecko http://localhost:62603/piecemaker.swf 304 0 0 216
2018-08-29 08:53:20 ::1 GET /Default.aspx - 62603 - ::1 Mozilla/5.0+(Windows+NT+10.0;+WOW64;+Trident/7.0;+rv:11.0)+like+Gecko - 200 0 0 2067
2018-08-29 08:53:20 ::1 GET /css/templatemo_style.css - 62603 - ::1 Mozilla/5.0+(Windows+NT+10.0;+WOW64;+Trident/7.0;+rv:11.0)+like+Gecko http://localhost:62603/Default.aspx 304 0 0 5
2018-08-29 08:53:20 ::1 GET /css/ddsmoothmenu.css - 62603 - ::1 Mozilla/5.0+(Windows+NT+10.0;+WOW64;+Trident/7.0;+rv:11.0)+like+Gecko http://localhost:62603/Default.aspx 304 0 0 38
2018-08-29 08:53:20 ::1 GET /js/swfobject/swfobject.js - 62603 - ::1 Mozilla/5.0+(Windows+NT+10.0;+WOW64;+Trident/7.0;+rv:11.0)+like+Gecko http://localhost:62603/Default.aspx 304 0 0 38
2018-08-29 08:53:20 ::1 GET /js/jquery.min.js - 62603 - ::1 Mozilla/5.0+(Windows+NT+10.0;+WOW64;+Trident/7.0;+rv:11.0)+like+Gecko http://localhost:62603/Default.aspx 304 0 0 38
2018-08-29 08:53:20 ::1 GET /js/ddsmoothmenu.js - 62603 - ::1 Mozilla/5.0+(Windows+NT+10.0;+WOW64;+Trident/7.0;+rv:11.0)+like+Gecko http://localhost:62603/Default.aspx 304 0 0 38
2018-08-29 08:53:20 ::1 GET /images/applications.png - 62603 - ::1 Mozilla/5.0+(Windows+NT+10.0;+WOW64;+Trident/7.0;+rv:11.0)+like+Gecko http://localhost:62603/Default.aspx 304 0 0 98
2018-08-29 08:53:20 ::1 GET /js/logging.js - 62603 - ::1 Mozilla/5.0+(Windows+NT+10.0;+WOW64;+Trident/7.0;+rv:11.0)+like+Gecko http://localhost:62603/Default.aspx 304 0 0 102
2018-08-29 08:53:20 ::1 GET /images/desktop_aurora_borealis.png - 62603 - ::1 Mozilla/5.0+(Windows+NT+10.0;+WOW64;+Trident/7.0;+rv:11.0)+like+Gecko http://localhost:62603/Default.aspx 304 0 0 115
2018-08-29 08:53:20 ::1 GET /images/preferences.png - 62603 - ::1 Mozilla/5.0+(Windows+NT+10.0;+WOW64;+Trident/7.0;+rv:11.0)+like+Gecko http://localhost:62603/Default.aspx 304 0 0 115
2018-08-29 08:53:20 ::1 GET /images/invoice.png - 62603 - ::1 Mozilla/5.0+(Windows+NT+10.0;+WOW64;+Trident/7.0;+rv:11.0)+like+Gecko http://localhost:62603/Default.aspx 304 0 0 180
2018-08-29 08:53:20 ::1 GET /images/presentation.png - 62603 - ::1 Mozilla/5.0+(Windows+NT+10.0;+WOW64;+Trident/7.0;+rv:11.0)+like+Gecko http://localhost:62603/Default.aspx 304 0 0 180
2018-08-29 08:53:20 ::1 GET /images/templatemo_image_01.jpg - 62603 - ::1 Mozilla/5.0+(Windows+NT+10.0;+WOW64;+Trident/7.0;+rv:11.0)+like+Gecko http://localhost:62603/Default.aspx 304 0 0 142
2018-08-29 08:53:20 ::1 GET /images/templatemo_image_02.jpg - 62603 - ::1 Mozilla/5.0+(Windows+NT+10.0;+WOW64;+Trident/7.0;+rv:11.0)+like+Gecko http://localhost:62603/Default.aspx 304 0 0 234
2018-08-29 08:53:20 ::1 GET /images/footer_icon.png - 62603 - ::1 Mozilla/5.0+(Windows+NT+10.0;+WOW64;+Trident/7.0;+rv:11.0)+like+Gecko http://localhost:62603/Default.aspx 304 0 0 244
2018-08-29 08:53:20 ::1 GET /images/templatemo_button.png - 62603 - ::1 Mozilla/5.0+(Windows+NT+10.0;+WOW64;+Trident/7.0;+rv:11.0)+like+Gecko http://localhost:62603/Default.aspx 304 0 0 91
2018-08-29 08:53:20 ::1 GET /images/feed.png - 62603 - ::1 Mozilla/5.0+(Windows+NT+10.0;+WOW64;+Trident/7.0;+rv:11.0)+like+Gecko http://localhost:62603/Default.aspx 304 0 0 37
2018-08-29 08:53:20 ::1 GET /images/templatemo_header_bg.jpg - 62603 - ::1 Mozilla/5.0+(Windows+NT+10.0;+WOW64;+Trident/7.0;+rv:11.0)+like+Gecko http://localhost:62603/Default.aspx 304 0 0 38
2018-08-29 08:53:20 ::1 GET /images/twitter.png - 62603 - ::1 Mozilla/5.0+(Windows+NT+10.0;+WOW64;+Trident/7.0;+rv:11.0)+like+Gecko http://localhost:62603/Default.aspx 304 0 0 96
2018-08-29 08:53:20 ::1 GET /images/facebook.png - 62603 - ::1 Mozilla/5.0+(Windows+NT+10.0;+WOW64;+Trident/7.0;+rv:11.0)+like+Gecko http://localhost:62603/Default.aspx 304 0 0 97
#Software: Microsoft Internet Information Services 10.0
#Version: 1.0
#Date: 2018-08-29 09:12:57
#Fields: date time s-ip cs-method cs-uri-stem cs-uri-query s-port cs-username c-ip cs(User-Agent) cs(Referer) sc-status sc-substatus sc-win32-status time-taken
2018-08-29 09:12:57 ::1 GET /Default.aspx - 62603 - ::1 Mozilla/5.0+(Windows+NT+10.0;+WOW64;+Trident/7.0;+rv:11.0)+like+Gecko - 200 0 0 2886
2018-08-29 09:12:57 ::1 GET /js/jquery.min.js - 62603 - ::1 Mozilla/5.0+(Windows+NT+10.0;+WOW64;+Trident/7.0;+rv:11.0)+like+Gecko http://localhost:62603/Default.aspx 304 0 0 109
2018-08-29 09:12:57 ::1 GET /js/ddsmoothmenu.js - 62603 - ::1 Mozilla/5.0+(Windows+NT+10.0;+WOW64;+Trident/7.0;+rv:11.0)+like+Gecko http://localhost:62603/Default.aspx 304 0 0 109
2018-08-29 09:12:57 ::1 GET /css/templatemo_style.css - 62603 - ::1 Mozilla/5.0+(Windows+NT+10.0;+WOW64;+Trident/7.0;+rv:11.0)+like+Gecko http://localhost:62603/Default.aspx 304 0 0 192
2018-08-29 09:12:57 ::1 GET /css/ddsmoothmenu.css - 62603 - ::1 Mozilla/5.0+(Windows+NT+10.0;+WOW64;+Trident/7.0;+rv:11.0)+like+Gecko http://localhost:62603/Default.aspx 304 0 0 191
2018-08-29 09:12:57 ::1 GET /images/applications.png - 62603 - ::1 Mozilla/5.0+(Windows+NT+10.0;+WOW64;+Trident/7.0;+rv:11.0)+like+Gecko http://localhost:62603/Default.aspx 304 0 0 181
2018-08-29 09:12:57 ::1 GET /js/swfobject/swfobject.js - 62603 - ::1 Mozilla/5.0+(Windows+NT+10.0;+WOW64;+Trident/7.0;+rv:11.0)+like+Gecko http://localhost:62603/Default.aspx 304 0 0 384
2018-08-29 09:12:57 ::1 GET /js/logging.js - 62603 - ::1 Mozilla/5.0+(Windows+NT+10.0;+WOW64;+Trident/7.0;+rv:11.0)+like+Gecko http://localhost:62603/Default.aspx 304 0 0 273
2018-08-29 09:12:57 ::1 GET /images/presentation.png - 62603 - ::1 Mozilla/5.0+(Windows+NT+10.0;+WOW64;+Trident/7.0;+rv:11.0)+like+Gecko http://localhost:62603/Default.aspx 304 0 0 355
2018-08-29 09:12:57 ::1 GET /images/desktop_aurora_borealis.png - 62603 - ::1 Mozilla/5.0+(Windows+NT+10.0;+WOW64;+Trident/7.0;+rv:11.0)+like+Gecko http://localhost:62603/Default.aspx 304 0 0 428
2018-08-29 09:12:57 ::1 GET /images/preferences.png - 62603 - ::1 Mozilla/5.0+(Windows+NT+10.0;+WOW64;+Trident/7.0;+rv:11.0)+like+Gecko http://localhost:62603/Default.aspx 304 0 0 401
2018-08-29 09:12:57 ::1 GET /images/invoice.png - 62603 - ::1 Mozilla/5.0+(Windows+NT+10.0;+WOW64;+Trident/7.0;+rv:11.0)+like+Gecko http://localhost:62603/Default.aspx 304 0 0 402
2018-08-29 09:12:57 ::1 GET /images/templatemo_image_01.jpg - 62603 - ::1 Mozilla/5.0+(Windows+NT+10.0;+WOW64;+Trident/7.0;+rv:11.0)+like+Gecko http://localhost:62603/Default.aspx 304 0 0 314
2018-08-29 09:12:57 ::1 GET /images/templatemo_image_02.jpg - 62603 - ::1 Mozilla/5.0+(Windows+NT+10.0;+WOW64;+Trident/7.0;+rv:11.0)+like+Gecko http://localhost:62603/Default.aspx 304 0 0 281
2018-08-29 09:12:57 ::1 GET /images/twitter.png - 62603 - ::1 Mozilla/5.0+(Windows+NT+10.0;+WOW64;+Trident/7.0;+rv:11.0)+like+Gecko http://localhost:62603/Default.aspx 304 0 0 153
2018-08-29 09:12:57 ::1 GET /images/footer_icon.png - 62603 - ::1 Mozilla/5.0+(Windows+NT+10.0;+WOW64;+Trident/7.0;+rv:11.0)+like+Gecko http://localhost:62603/Default.aspx 304 0 0 291
2018-08-29 09:12:57 ::1 GET /images/templatemo_button.png - 62603 - ::1 Mozilla/5.0+(Windows+NT+10.0;+WOW64;+Trident/7.0;+rv:11.0)+like+Gecko http://localhost:62603/Default.aspx 304 0 0 305
2018-08-29 09:12:57 ::1 GET /images/templatemo_middle.jpg - 62603 - ::1 Mozilla/5.0+(Windows+NT+10.0;+WOW64;+Trident/7.0;+rv:11.0)+like+Gecko http://localhost:62603/Default.aspx 304 0 0 172
2018-08-29 09:12:57 ::1 GET /images/templatemo_header_bg.jpg - 62603 - ::1 Mozilla/5.0+(Windows+NT+10.0;+WOW64;+Trident/7.0;+rv:11.0)+like+Gecko http://localhost:62603/Default.aspx 304 0 0 184
2018-08-29 09:12:57 ::1 GET /piecemaker.swf - 62603 - ::1 Mozilla/5.0+(Windows+NT+10.0;+WOW64;+Trident/7.0;+rv:11.0)+like+Gecko http://localhost:62603/Default.aspx 304 0 0 338
2018-08-29 09:12:58 ::1 GET /images/feed.png - 62603 - ::1 Mozilla/5.0+(Windows+NT+10.0;+WOW64;+Trident/7.0;+rv:11.0)+like+Gecko http://localhost:62603/Default.aspx 304 0 0 423
2018-08-29 09:12:58 ::1 GET /images/facebook.png - 62603 - ::1 Mozilla/5.0+(Windows+NT+10.0;+WOW64;+Trident/7.0;+rv:11.0)+like+Gecko http://localhost:62603/Default.aspx 304 0 0 331
2018-08-29 09:12:58 ::1 GET /piecemaker.xml - 62603 - ::1 Mozilla/5.0+(Windows+NT+10.0;+WOW64;+Trident/7.0;+rv:11.0)+like+Gecko http://localhost:62603/piecemaker.swf 304 0 0 66
2018-08-29 09:12:58 ::1 GET /css/piecemaker.css - 62603 - ::1 Mozilla/5.0+(Windows+NT+10.0;+WOW64;+Trident/7.0;+rv:11.0)+like+Gecko http://localhost:62603/piecemaker.swf 304 0 0 33
2018-08-29 09:12:58 ::1 GET /contents/piecemaker1.png - 62603 - ::1 Mozilla/5.0+(Windows+NT+10.0;+WOW64;+Trident/7.0;+rv:11.0)+like+Gecko http://localhost:62603/piecemaker.swf 304 0 0 46
2018-08-29 09:12:58 ::1 GET /contents/piecemaker2.png - 62603 - ::1 Mozilla/5.0+(Windows+NT+10.0;+WOW64;+Trident/7.0;+rv:11.0)+like+Gecko http://localhost:62603/piecemaker.swf 304 0 0 97
2018-08-29 09:12:58 ::1 GET /contents/piecemaker3.png - 62603 - ::1 Mozilla/5.0+(Windows+NT+10.0;+WOW64;+Trident/7.0;+rv:11.0)+like+Gecko http://localhost:62603/piecemaker.swf 304 0 0 63
2018-08-29 09:12:58 ::1 GET /contents/piecemaker4.png - 62603 - ::1 Mozilla/5.0+(Windows+NT+10.0;+WOW64;+Trident/7.0;+rv:11.0)+like+Gecko http://localhost:62603/piecemaker.swf 304 0 0 210
2018-08-29 09:13:50 ::1 GET /Default.aspx - 62603 - ::1 Mozilla/5.0+(Windows+NT+10.0;+WOW64;+Trident/7.0;+rv:11.0)+like+Gecko - 200 0 0 2171
2018-08-29 09:14:16 ::1 GET /Default.aspx - 62603 - ::1 Mozilla/5.0+(Windows+NT+10.0;+WOW64;+Trident/7.0;+rv:11.0)+like+Gecko - 200 0 0 2355
2018-08-29 09:15:24 ::1 GET /Default.aspx - 62603 - ::1 Mozilla/5.0+(Windows+NT+10.0;+WOW64;+Trident/7.0;+rv:11.0)+like+Gecko - 200 0 0 6
2018-08-29 09:22:22 ::1 GET /Default.aspx - 62603 - ::1 Mozilla/5.0+(Windows+NT+10.0;+WOW64;+Trident/7.0;+rv:11.0)+like+Gecko - 200 0 0 1607
2018-08-29 09:22:22 ::1 GET /css/templatemo_style.css - 62603 - ::1 Mozilla/5.0+(Windows+NT+10.0;+WOW64;+Trident/7.0;+rv:11.0)+like+Gecko http://localhost:62603/Default.aspx 304 0 0 10
2018-08-29 09:22:22 ::1 GET /js/swfobject/swfobject.js - 62603 - ::1 Mozilla/5.0+(Windows+NT+10.0;+WOW64;+Trident/7.0;+rv:11.0)+like+Gecko http://localhost:62603/Default.aspx 304 0 0 32
2018-08-29 09:22:22 ::1 GET /js/jquery.min.js - 62603 - ::1 Mozilla/5.0+(Windows+NT+10.0;+WOW64;+Trident/7.0;+rv:11.0)+like+Gecko http://localhost:62603/Default.aspx 304 0 0 8
2018-08-29 09:22:22 ::1 GET /images/applications.png - 62603 - ::1 Mozilla/5.0+(Windows+NT+10.0;+WOW64;+Trident/7.0;+rv:11.0)+like+Gecko http://localhost:62603/Default.aspx 304 0 0 82
2018-08-29 09:22:22 ::1 GET /images/desktop_aurora_borealis.png - 62603 - ::1 Mozilla/5.0+(Windows+NT+10.0;+WOW64;+Trident/7.0;+rv:11.0)+like+Gecko http://localhost:62603/Default.aspx 304 0 0 82
2018-08-29 09:22:22 ::1 GET /css/ddsmoothmenu.css - 62603 - ::1 Mozilla/5.0+(Windows+NT+10.0;+WOW64;+Trident/7.0;+rv:11.0)+like+Gecko http://localhost:62603/Default.aspx 304 0 0 141
2018-08-29 09:22:22 ::1 GET /images/invoice.png - 62603 - ::1 Mozilla/5.0+(Windows+NT+10.0;+WOW64;+Trident/7.0;+rv:11.0)+like+Gecko http://localhost:62603/Default.aspx 304 0 0 132
2018-08-29 09:22:22 ::1 GET /js/ddsmoothmenu.js - 62603 - ::1 Mozilla/5.0+(Windows+NT+10.0;+WOW64;+Trident/7.0;+rv:11.0)+like+Gecko http://localhost:62603/Default.aspx 304 0 0 141
2018-08-29 09:22:22 ::1 GET /images/preferences.png - 62603 - ::1 Mozilla/5.0+(Windows+NT+10.0;+WOW64;+Trident/7.0;+rv:11.0)+like+Gecko http://localhost:62603/Default.aspx 304 0 0 236
2018-08-29 09:22:22 ::1 GET /images/presentation.png - 62603 - ::1 Mozilla/5.0+(Windows+NT+10.0;+WOW64;+Trident/7.0;+rv:11.0)+like+Gecko http://localhost:62603/Default.aspx 304 0 0 236
2018-08-29 09:22:22 ::1 GET /images/templatemo_image_01.jpg - 62603 - ::1 Mozilla/5.0+(Windows+NT+10.0;+WOW64;+Trident/7.0;+rv:11.0)+like+Gecko http://localhost:62603/Default.aspx 304 0 0 265
2018-08-29 09:22:22 ::1 GET /images/templatemo_image_02.jpg - 62603 - ::1 Mozilla/5.0+(Windows+NT+10.0;+WOW64;+Trident/7.0;+rv:11.0)+like+Gecko http://localhost:62603/Default.aspx 304 0 0 261
2018-08-29 09:22:22 ::1 GET /images/footer_icon.png - 62603 - ::1 Mozilla/5.0+(Windows+NT+10.0;+WOW64;+Trident/7.0;+rv:11.0)+like+Gecko http://localhost:62603/Default.aspx 304 0 0 324
2018-08-29 09:22:22 ::1 GET /js/logging.js - 62603 - ::1 Mozilla/5.0+(Windows+NT+10.0;+WOW64;+Trident/7.0;+rv:11.0)+like+Gecko http://localhost:62603/Default.aspx 304 0 0 357
2018-08-29 09:22:22 ::1 GET /images/templatemo_button.png - 62603 - ::1 Mozilla/5.0+(Windows+NT+10.0;+WOW64;+Trident/7.0;+rv:11.0)+like+Gecko http://localhost:62603/Default.aspx 304 0 0 16
2018-08-29 09:22:22 ::1 GET /piecemaker.swf - 62603 - ::1 Mozilla/5.0+(Windows+NT+10.0;+WOW64;+Trident/7.0;+rv:11.0)+like+Gecko http://localhost:62603/Default.aspx 304 0 0 106
2018-08-29 09:22:22 ::1 GET /images/templatemo_middle.jpg - 62603 - ::1 Mozilla/5.0+(Windows+NT+10.0;+WOW64;+Trident/7.0;+rv:11.0)+like+Gecko http://localhost:62603/Default.aspx 304 0 0 109
2018-08-29 09:22:22 ::1 GET /images/templatemo_header_bg.jpg - 62603 - ::1 Mozilla/5.0+(Windows+NT+10.0;+WOW64;+Trident/7.0;+rv:11.0)+like+Gecko http://localhost:62603/Default.aspx 304 0 0 109
2018-08-29 09:22:22 ::1 GET /images/twitter.png - 62603 - ::1 Mozilla/5.0+(Windows+NT+10.0;+WOW64;+Trident/7.0;+rv:11.0)+like+Gecko http://localhost:62603/Default.aspx 304 0 0 109
2018-08-29 09:22:22 ::1 GET /images/feed.png - 62603 - ::1 Mozilla/5.0+(Windows+NT+10.0;+WOW64;+Trident/7.0;+rv:11.0)+like+Gecko http://localhost:62603/Default.aspx 304 0 0 123
2018-08-29 09:22:22 ::1 GET /images/facebook.png - 62603 - ::1 Mozilla/5.0+(Windows+NT+10.0;+WOW64;+Trident/7.0;+rv:11.0)+like+Gecko http://localhost:62603/Default.aspx 304 0 0 185
2018-08-29 09:22:23 ::1 GET /piecemaker.xml - 62603 - ::1 Mozilla/5.0+(Windows+NT+10.0;+WOW64;+Trident/7.0;+rv:11.0)+like+Gecko http://localhost:62603/piecemaker.swf 304 0 0 23
2018-08-29 09:22:23 ::1 GET /css/piecemaker.css - 62603 - ::1 Mozilla/5.0+(Windows+NT+10.0;+WOW64;+Trident/7.0;+rv:11.0)+like+Gecko http://localhost:62603/piecemaker.swf 304 0 0 35
2018-08-29 09:22:23 ::1 GET /contents/piecemaker1.png - 62603 - ::1 Mozilla/5.0+(Windows+NT+10.0;+WOW64;+Trident/7.0;+rv:11.0)+like+Gecko http://localhost:62603/piecemaker.swf 304 0 0 80
2018-08-29 09:22:23 ::1 GET /contents/piecemaker2.png - 62603 - ::1 Mozilla/5.0+(Windows+NT+10.0;+WOW64;+Trident/7.0;+rv:11.0)+like+Gecko http://localhost:62603/piecemaker.swf 304 0 0 53
2018-08-29 09:22:23 ::1 GET /contents/piecemaker3.png - 62603 - ::1 Mozilla/5.0+(Windows+NT+10.0;+WOW64;+Trident/7.0;+rv:11.0)+like+Gecko http://localhost:62603/piecemaker.swf 304 0 0 8
2018-08-29 09:22:23 ::1 GET /contents/piecemaker4.png - 62603 - ::1 Mozilla/5.0+(Windows+NT+10.0;+WOW64;+Trident/7.0;+rv:11.0)+like+Gecko http://localhost:62603/piecemaker.swf 304 0 0 9
2018-08-29 09:23:16 ::1 GET /Default.aspx - 62603 - ::1 Mozilla/5.0+(Windows+NT+10.0;+WOW64;+Trident/7.0;+rv:11.0)+like+Gecko - 200 0 0 1752
2018-08-29 09:23:59 ::1 GET /Default.aspx - 62603 - ::1 Mozilla/5.0+(Windows+NT+10.0;+WOW64;+Trident/7.0;+rv:11.0)+like+Gecko - 200 0 0 1522
2018-08-29 09:24:48 ::1 GET /Default.aspx - 62603 - ::1 Mozilla/5.0+(Windows+NT+10.0;+WOW64;+Trident/7.0;+rv:11.0)+like+Gecko - 200 0 0 2709
2018-08-29 09:25:10 ::1 GET /Default.aspx - 62603 - ::1 Mozilla/5.0+(Windows+NT+10.0;+WOW64;+Trident/7.0;+rv:11.0)+like+Gecko - 200 0 0 1956
2018-08-29 09:25:29 ::1 GET /Default.aspx - 62603 - ::1 Mozilla/5.0+(Windows+NT+10.0;+WOW64;+Trident/7.0;+rv:11.0)+like+Gecko - 200 0 0 2533
2018-08-29 09:25:56 ::1 GET /Default.aspx - 62603 - ::1 Mozilla/5.0+(Windows+NT+10.0;+WOW64;+Trident/7.0;+rv:11.0)+like+Gecko - 200 0 0 2262
2018-08-29 09:26:20 ::1 GET /Default.aspx - 62603 - ::1 Mozilla/5.0+(Windows+NT+10.0;+WOW64;+Trident/7.0;+rv:11.0)+like+Gecko - 200 0 0 1706
2018-08-29 09:35:15 ::1 GET /Default.aspx - 62603 - ::1 Mozilla/5.0+(Windows+NT+10.0;+WOW64;+Trident/7.0;+rv:11.0)+like+Gecko - 200 0 0 7
2018-08-29 09:35:15 ::1 GET /js/jquery.min.js - 62603 - ::1 Mozilla/5.0+(Windows+NT+10.0;+WOW64;+Trident/7.0;+rv:11.0)+like+Gecko http://localhost:62603/Default.aspx 304 0 0 54
2018-08-29 09:35:15 ::1 GET /css/templatemo_style.css - 62603 - ::1 Mozilla/5.0+(Windows+NT+10.0;+WOW64;+Trident/7.0;+rv:11.0)+like+Gecko http://localhost:62603/Default.aspx 304 0 0 277
2018-08-29 09:35:15 ::1 GET /css/ddsmoothmenu.css - 62603 - ::1 Mozilla/5.0+(Windows+NT+10.0;+WOW64;+Trident/7.0;+rv:11.0)+like+Gecko http://localhost:62603/Default.aspx 304 0 0 266
2018-08-29 09:35:15 ::1 GET /js/ddsmoothmenu.js - 62603 - ::1 Mozilla/5.0+(Windows+NT+10.0;+WOW64;+Trident/7.0;+rv:11.0)+like+Gecko http://localhost:62603/Default.aspx 304 0 0 260
2018-08-29 09:35:15 ::1 GET /images/desktop_aurora_borealis.png - 62603 - ::1 Mozilla/5.0+(Windows+NT+10.0;+WOW64;+Trident/7.0;+rv:11.0)+like+Gecko http://localhost:62603/Default.aspx 304 0 0 291
2018-08-29 09:35:15 ::1 GET /images/applications.png - 62603 - ::1 Mozilla/5.0+(Windows+NT+10.0;+WOW64;+Trident/7.0;+rv:11.0)+like+Gecko http://localhost:62603/Default.aspx 304 0 0 398
2018-08-29 09:35:15 ::1 GET /images/invoice.png - 62603 - ::1 Mozilla/5.0+(Windows+NT+10.0;+WOW64;+Trident/7.0;+rv:11.0)+like+Gecko http://localhost:62603/Default.aspx 304 0 0 142
2018-08-29 09:35:15 ::1 GET /js/swfobject/swfobject.js - 62603 - ::1 Mozilla/5.0+(Windows+NT+10.0;+WOW64;+Trident/7.0;+rv:11.0)+like+Gecko http://localhost:62603/Default.aspx 304 0 0 502
2018-08-29 09:35:15 ::1 GET /images/presentation.png - 62603 - ::1 Mozilla/5.0+(Windows+NT+10.0;+WOW64;+Trident/7.0;+rv:11.0)+like+Gecko http://localhost:62603/Default.aspx 304 0 0 229
2018-08-29 09:35:15 ::1 GET /images/preferences.png - 62603 - ::1 Mozilla/5.0+(Windows+NT+10.0;+WOW64;+Trident/7.0;+rv:11.0)+like+Gecko http://localhost:62603/Default.aspx 304 0 0 229
2018-08-29 09:35:15 ::1 GET /images/templatemo_image_01.jpg - 62603 - ::1 Mozilla/5.0+(Windows+NT+10.0;+WOW64;+Trident/7.0;+rv:11.0)+like+Gecko http://localhost:62603/Default.aspx 304 0 0 223
2018-08-29 09:35:15 ::1 GET /images/templatemo_button.png - 62603 - ::1 Mozilla/5.0+(Windows+NT+10.0;+WOW64;+Trident/7.0;+rv:11.0)+like+Gecko http://localhost:62603/Default.aspx 304 0 0 158
2018-08-29 09:35:15 ::1 GET /js/logging.js - 62603 - ::1 Mozilla/5.0+(Windows+NT+10.0;+WOW64;+Trident/7.0;+rv:11.0)+like+Gecko http://localhost:62603/Default.aspx 304 0 0 246
2018-08-29 09:35:15 ::1 GET /images/templatemo_image_02.jpg - 62603 - ::1 Mozilla/5.0+(Windows+NT+10.0;+WOW64;+Trident/7.0;+rv:11.0)+like+Gecko http://localhost:62603/Default.aspx 304 0 0 284
2018-08-29 09:35:15 ::1 GET /images/templatemo_middle.jpg - 62603 - ::1 Mozilla/5.0+(Windows+NT+10.0;+WOW64;+Trident/7.0;+rv:11.0)+like+Gecko http://localhost:62603/Default.aspx 304 0 0 203
2018-08-29 09:35:15 ::1 GET /images/footer_icon.png - 62603 - ::1 Mozilla/5.0+(Windows+NT+10.0;+WOW64;+Trident/7.0;+rv:11.0)+like+Gecko http://localhost:62603/Default.aspx 304 0 0 279
2018-08-29 09:35:15 ::1 GET /images/templatemo_header_bg.jpg - 62603 - ::1 Mozilla/5.0+(Windows+NT+10.0;+WOW64;+Trident/7.0;+rv:11.0)+like+Gecko http://localhost:62603/Default.aspx 304 0 0 168
2018-08-29 09:35:15 ::1 GET /images/twitter.png - 62603 - ::1 Mozilla/5.0+(Windows+NT+10.0;+WOW64;+Trident/7.0;+rv:11.0)+like+Gecko http://localhost:62603/Default.aspx 304 0 0 282
2018-08-29 09:35:15 ::1 GET /images/facebook.png - 62603 - ::1 Mozilla/5.0+(Windows+NT+10.0;+WOW64;+Trident/7.0;+rv:11.0)+like+Gecko http://localhost:62603/Default.aspx 304 0 0 251
2018-08-29 09:35:15 ::1 GET /images/feed.png - 62603 - ::1 Mozilla/5.0+(Windows+NT+10.0;+WOW64;+Trident/7.0;+rv:11.0)+like+Gecko http://localhost:62603/Default.aspx 304 0 0 274
2018-08-29 09:35:16 ::1 GET /piecemaker.swf - 62603 - ::1 Mozilla/5.0+(Windows+NT+10.0;+WOW64;+Trident/7.0;+rv:11.0)+like+Gecko http://localhost:62603/Default.aspx 304 0 0 207
2018-08-29 09:35:16 ::1 GET /piecemaker.xml - 62603 - ::1 Mozilla/5.0+(Windows+NT+10.0;+WOW64;+Trident/7.0;+rv:11.0)+like+Gecko http://localhost:62603/piecemaker.swf 304 0 0 28
2018-08-29 09:35:16 ::1 GET /css/piecemaker.css - 62603 - ::1 Mozilla/5.0+(Windows+NT+10.0;+WOW64;+Trident/7.0;+rv:11.0)+like+Gecko http://localhost:62603/piecemaker.swf 304 0 0 19
2018-08-29 09:35:16 ::1 GET /contents/piecemaker1.png - 62603 - ::1 Mozilla/5.0+(Windows+NT+10.0;+WOW64;+Trident/7.0;+rv:11.0)+like+Gecko http://localhost:62603/piecemaker.swf 304 0 0 22
2018-08-29 09:35:16 ::1 GET /contents/piecemaker2.png - 62603 - ::1 Mozilla/5.0+(Windows+NT+10.0;+WOW64;+Trident/7.0;+rv:11.0)+like+Gecko http://localhost:62603/piecemaker.swf 304 0 0 37
2018-08-29 09:35:16 ::1 GET /contents/piecemaker3.png - 62603 - ::1 Mozilla/5.0+(Windows+NT+10.0;+WOW64;+Trident/7.0;+rv:11.0)+like+Gecko http://localhost:62603/piecemaker.swf 304 0 0 41
2018-08-29 09:35:17 ::1 GET /contents/piecemaker4.png - 62603 - ::1 Mozilla/5.0+(Windows+NT+10.0;+WOW64;+Trident/7.0;+rv:11.0)+like+Gecko http://localhost:62603/piecemaker.swf 304 0 0 117
#Software: Microsoft Internet Information Services 10.0
#Version: 1.0
#Date: 2018-08-29 11:13:16
#Fields: date time s-ip cs-method cs-uri-stem cs-uri-query s-port cs-username c-ip cs(User-Agent) cs(Referer) sc-status sc-substatus sc-win32-status time-taken
2018-08-29 11:13:16 ::1 GET / - 62603 - ::1 Mozilla/5.0+(Windows+NT+10.0;+WOW64;+Trident/7.0;+rv:11.0)+like+Gecko - 200 0 0 2507
2018-08-29 11:13:16 ::1 GET /css/templatemo_style.css - 62603 - ::1 Mozilla/5.0+(Windows+NT+10.0;+WOW64;+Trident/7.0;+rv:11.0)+like+Gecko http://localhost:62603/ 304 0 0 90
2018-08-29 11:13:16 ::1 GET /js/jquery.min.js - 62603 - ::1 Mozilla/5.0+(Windows+NT+10.0;+WOW64;+Trident/7.0;+rv:11.0)+like+Gecko http://localhost:62603/ 304 0 0 58
2018-08-29 11:13:16 ::1 GET /css/ddsmoothmenu.css - 62603 - ::1 Mozilla/5.0+(Windows+NT+10.0;+WOW64;+Trident/7.0;+rv:11.0)+like+Gecko http://localhost:62603/ 304 0 0 275
2018-08-29 11:13:16 ::1 GET /images/applications.png - 62603 - ::1 Mozilla/5.0+(Windows+NT+10.0;+WOW64;+Trident/7.0;+rv:11.0)+like+Gecko http://localhost:62603/ 304 0 0 244
2018-08-29 11:13:16 ::1 GET /js/ddsmoothmenu.js - 62603 - ::1 Mozilla/5.0+(Windows+NT+10.0;+WOW64;+Trident/7.0;+rv:11.0)+like+Gecko http://localhost:62603/ 304 0 0 301
2018-08-29 11:13:16 ::1 GET /js/logging.js - 62603 - ::1 Mozilla/5.0+(Windows+NT+10.0;+WOW64;+Trident/7.0;+rv:11.0)+like+Gecko http://localhost:62603/ 304 0 0 52
2018-08-29 11:13:16 ::1 GET /js/swfobject/swfobject.js - 62603 - ::1 Mozilla/5.0+(Windows+NT+10.0;+WOW64;+Trident/7.0;+rv:11.0)+like+Gecko http://localhost:62603/ 304 0 0 411
2018-08-29 11:13:16 ::1 GET /images/desktop_aurora_borealis.png - 62603 - ::1 Mozilla/5.0+(Windows+NT+10.0;+WOW64;+Trident/7.0;+rv:11.0)+like+Gecko http://localhost:62603/ 304 0 0 355
2018-08-29 11:13:16 ::1 GET /images/preferences.png - 62603 - ::1 Mozilla/5.0+(Windows+NT+10.0;+WOW64;+Trident/7.0;+rv:11.0)+like+Gecko http://localhost:62603/ 304 0 0 193
2018-08-29 11:13:16 ::1 GET /images/invoice.png - 62603 - ::1 Mozilla/5.0+(Windows+NT+10.0;+WOW64;+Trident/7.0;+rv:11.0)+like+Gecko http://localhost:62603/ 304 0 0 343
2018-08-29 11:13:16 ::1 GET /images/presentation.png - 62603 - ::1 Mozilla/5.0+(Windows+NT+10.0;+WOW64;+Trident/7.0;+rv:11.0)+like+Gecko http://localhost:62603/ 304 0 0 193
2018-08-29 11:13:16 ::1 GET /images/templatemo_image_01.jpg - 62603 - ::1 Mozilla/5.0+(Windows+NT+10.0;+WOW64;+Trident/7.0;+rv:11.0)+like+Gecko http://localhost:62603/ 304 0 0 305
2018-08-29 11:13:16 ::1 GET /images/footer_icon.png - 62603 - ::1 Mozilla/5.0+(Windows+NT+10.0;+WOW64;+Trident/7.0;+rv:11.0)+like+Gecko http://localhost:62603/ 304 0 0 147
2018-08-29 11:13:16 ::1 GET /images/templatemo_image_02.jpg - 62603 - ::1 Mozilla/5.0+(Windows+NT+10.0;+WOW64;+Trident/7.0;+rv:11.0)+like+Gecko http://localhost:62603/ 304 0 0 303
2018-08-29 11:13:17 ::1 GET /images/templatemo_button.png - 62603 - ::1 Mozilla/5.0+(Windows+NT+10.0;+WOW64;+Trident/7.0;+rv:11.0)+like+Gecko http://localhost:62603/ 304 0 0 25
2018-08-29 11:13:17 ::1 GET /piecemaker.swf - 62603 - ::1 Mozilla/5.0+(Windows+NT+10.0;+WOW64;+Trident/7.0;+rv:11.0)+like+Gecko http://localhost:62603/ 304 0 0 462
2018-08-29 11:13:19 ::1 GET /images/templatemo_middle.jpg - 62603 - ::1 Mozilla/5.0+(Windows+NT+10.0;+WOW64;+Trident/7.0;+rv:11.0)+like+Gecko http://localhost:62603/ 304 0 0 120
2018-08-29 11:13:19 ::1 GET /images/templatemo_menu_hover.png - 62603 - ::1 Mozilla/5.0+(Windows+NT+10.0;+WOW64;+Trident/7.0;+rv:11.0)+like+Gecko http://localhost:62603/ 404 0 2 109
2018-08-29 11:13:19 ::1 GET /images/templatemo_smm.png - 62603 - ::1 Mozilla/5.0+(Windows+NT+10.0;+WOW64;+Trident/7.0;+rv:11.0)+like+Gecko http://localhost:62603/ 404 0 2 108
2018-08-29 11:13:19 ::1 GET /images/templatemo_header_bg.jpg - 62603 - ::1 Mozilla/5.0+(Windows+NT+10.0;+WOW64;+Trident/7.0;+rv:11.0)+like+Gecko http://localhost:62603/ 304 0 0 110
2018-08-29 11:13:19 ::1 GET /images/templatemo_smt.png - 62603 - ::1 Mozilla/5.0+(Windows+NT+10.0;+WOW64;+Trident/7.0;+rv:11.0)+like+Gecko http://localhost:62603/ 404 0 2 19
2018-08-29 11:13:19 ::1 GET /images/templatemo_smb.png - 62603 - ::1 Mozilla/5.0+(Windows+NT+10.0;+WOW64;+Trident/7.0;+rv:11.0)+like+Gecko http://localhost:62603/ 404 0 2 22
2018-08-29 11:13:19 ::1 GET /images/facebook.png - 62603 - ::1 Mozilla/5.0+(Windows+NT+10.0;+WOW64;+Trident/7.0;+rv:11.0)+like+Gecko http://localhost:62603/ 304 0 0 64
2018-08-29 11:13:19 ::1 GET /images/feed.png - 62603 - ::1 Mozilla/5.0+(Windows+NT+10.0;+WOW64;+Trident/7.0;+rv:11.0)+like+Gecko http://localhost:62603/ 304 0 0 64
2018-08-29 11:13:19 ::1 GET /images/twitter.png - 62603 - ::1 Mozilla/5.0+(Windows+NT+10.0;+WOW64;+Trident/7.0;+rv:11.0)+like+Gecko http://localhost:62603/ 304 0 0 74
2018-08-29 11:13:23 ::1 GET /piecemaker.xml - 62603 - ::1 Mozilla/5.0+(Windows+NT+10.0;+WOW64;+Trident/7.0;+rv:11.0)+like+Gecko http://localhost:62603/piecemaker.swf 304 0 0 60
2018-08-29 11:13:23 ::1 GET /css/piecemaker.css - 62603 - ::1 Mozilla/5.0+(Windows+NT+10.0;+WOW64;+Trident/7.0;+rv:11.0)+like+Gecko http://localhost:62603/piecemaker.swf 304 0 0 61
2018-08-29 11:13:24 ::1 GET /contents/piecemaker1.png - 62603 - ::1 Mozilla/5.0+(Windows+NT+10.0;+WOW64;+Trident/7.0;+rv:11.0)+like+Gecko http://localhost:62603/piecemaker.swf 304 0 0 70
2018-08-29 11:13:24 ::1 GET /contents/piecemaker2.png - 62603 - ::1 Mozilla/5.0+(Windows+NT+10.0;+WOW64;+Trident/7.0;+rv:11.0)+like+Gecko http://localhost:62603/piecemaker.swf 304 0 0 95
2018-08-29 11:13:24 ::1 GET /contents/piecemaker3.png - 62603 - ::1 Mozilla/5.0+(Windows+NT+10.0;+WOW64;+Trident/7.0;+rv:11.0)+like+Gecko http://localhost:62603/piecemaker.swf 304 0 0 128
2018-08-29 11:13:24 ::1 GET /contents/piecemaker4.png - 62603 - ::1 Mozilla/5.0+(Windows+NT+10.0;+WOW64;+Trident/7.0;+rv:11.0)+like+Gecko http://localhost:62603/piecemaker.swf 304 0 0 170
2018-08-29 11:14:05 ::1 GET /Default.aspx - 62603 - ::1 Mozilla/5.0+(Windows+NT+10.0;+WOW64;+Trident/7.0;+rv:11.0)+like+Gecko - 200 0 0 3924
2018-08-29 11:17:47 ::1 GET /images/templatemo_menu_hover.png - 62603 - ::1 Mozilla/5.0+(Windows+NT+10.0;+WOW64;+Trident/7.0;+rv:11.0)+like+Gecko http://localhost:62603/ 404 0 2 10
2018-08-29 11:17:47 ::1 GET /images/templatemo_smm.png - 62603 - ::1 Mozilla/5.0+(Windows+NT+10.0;+WOW64;+Trident/7.0;+rv:11.0)+like+Gecko http://localhost:62603/ 404 0 2 16
2018-08-29 11:17:47 ::1 GET /images/templatemo_smt.png - 62603 - ::1 Mozilla/5.0+(Windows+NT+10.0;+WOW64;+Trident/7.0;+rv:11.0)+like+Gecko http://localhost:62603/ 404 0 2 105
2018-08-29 11:17:47 ::1 GET /images/templatemo_smb.png - 62603 - ::1 Mozilla/5.0+(Windows+NT+10.0;+WOW64;+Trident/7.0;+rv:11.0)+like+Gecko http://localhost:62603/ 404 0 2 28
2018-08-29 11:17:58 ::1 GET /default.aspx - 62603 - ::1 Mozilla/5.0+(Windows+NT+10.0;+WOW64;+Trident/7.0;+rv:11.0)+like+Gecko - 200 0 0 2148
2018-08-29 11:23:45 ::1 GET /images/templatemo_menu_hover.png - 62603 - ::1 Mozilla/5.0+(Windows+NT+10.0;+WOW64;+Trident/7.0;+rv:11.0)+like+Gecko http://localhost:62603/ 404 0 2 13
2018-08-29 11:23:45 ::1 GET /images/templatemo_smm.png - 62603 - ::1 Mozilla/5.0+(Windows+NT+10.0;+WOW64;+Trident/7.0;+rv:11.0)+like+Gecko http://localhost:62603/ 404 0 2 12
2018-08-29 11:23:45 ::1 GET /images/templatemo_smt.png - 62603 - ::1 Mozilla/5.0+(Windows+NT+10.0;+WOW64;+Trident/7.0;+rv:11.0)+like+Gecko http://localhost:62603/ 404 0 2 85
2018-08-29 11:23:45 ::1 GET /images/templatemo_smb.png - 62603 - ::1 Mozilla/5.0+(Windows+NT+10.0;+WOW64;+Trident/7.0;+rv:11.0)+like+Gecko http://localhost:62603/ 404 0 2 37
2018-08-29 11:23:52 ::1 GET /default.aspx - 62603 - ::1 Mozilla/5.0+(Windows+NT+10.0;+WOW64;+Trident/7.0;+rv:11.0)+like+Gecko - 200 0 0 2765
2018-08-29 11:25:09 ::1 GET /default.aspx - 62603 - ::1 Mozilla/5.0+(Windows+NT+10.0;+WOW64;+Trident/7.0;+rv:11.0)+like+Gecko - 200 0 0 2169
2018-08-29 11:25:51 ::1 GET /default.aspx - 62603 - ::1 Mozilla/5.0+(Windows+NT+10.0;+WOW64;+Trident/7.0;+rv:11.0)+like+Gecko - 200 0 0 3208
2018-08-29 11:26:48 ::1 GET /default.aspx - 62603 - ::1 Mozilla/5.0+(Windows+NT+10.0;+WOW64;+Trident/7.0;+rv:11.0)+like+Gecko - 200 0 0 2968
2018-08-29 11:27:51 ::1 GET /default.aspx - 62603 - ::1 Mozilla/5.0+(Windows+NT+10.0;+WOW64;+Trident/7.0;+rv:11.0)+like+Gecko - 200 0 0 3237
2018-08-29 11:33:44 ::1 GET /default.aspx - 62603 - ::1 Mozilla/5.0+(Windows+NT+10.0;+WOW64;+Trident/7.0;+rv:11.0)+like+Gecko - 200 0 0 2702
2018-08-29 11:33:44 ::1 GET /images/applications.png - 62603 - ::1 Mozilla/5.0+(Windows+NT+10.0;+WOW64;+Trident/7.0;+rv:11.0)+like+Gecko http://localhost:62603/default.aspx 304 0 0 110
2018-08-29 11:33:44 ::1 GET /css/ddsmoothmenu.css - 62603 - ::1 Mozilla/5.0+(Windows+NT+10.0;+WOW64;+Trident/7.0;+rv:11.0)+like+Gecko http://localhost:62603/default.aspx 304 0 0 121
2018-08-29 11:33:44 ::1 GET /css/templatemo_style.css - 62603 - ::1 Mozilla/5.0+(Windows+NT+10.0;+WOW64;+Trident/7.0;+rv:11.0)+like+Gecko http://localhost:62603/default.aspx 304 0 0 121
2018-08-29 11:33:44 ::1 GET /js/jquery.min.js - 62603 - ::1 Mozilla/5.0+(Windows+NT+10.0;+WOW64;+Trident/7.0;+rv:11.0)+like+Gecko http://localhost:62603/default.aspx 304 0 0 162
2018-08-29 11:33:44 ::1 GET /images/desktop_aurora_borealis.png - 62603 - ::1 Mozilla/5.0+(Windows+NT+10.0;+WOW64;+Trident/7.0;+rv:11.0)+like+Gecko http://localhost:62603/default.aspx 304 0 0 68
2018-08-29 11:33:44 ::1 GET /js/swfobject/swfobject.js - 62603 - ::1 Mozilla/5.0+(Windows+NT+10.0;+WOW64;+Trident/7.0;+rv:11.0)+like+Gecko http://localhost:62603/default.aspx 304 0 0 179
2018-08-29 11:33:44 ::1 GET /images/preferences.png - 62603 - ::1 Mozilla/5.0+(Windows+NT+10.0;+WOW64;+Trident/7.0;+rv:11.0)+like+Gecko http://localhost:62603/default.aspx 304 0 0 82
2018-08-29 11:33:44 ::1 GET /images/invoice.png - 62603 - ::1 Mozilla/5.0+(Windows+NT+10.0;+WOW64;+Trident/7.0;+rv:11.0)+like+Gecko http://localhost:62603/default.aspx 304 0 0 71
2018-08-29 11:33:44 ::1 GET /js/logging.js - 62603 - ::1 Mozilla/5.0+(Windows+NT+10.0;+WOW64;+Trident/7.0;+rv:11.0)+like+Gecko http://localhost:62603/default.aspx 304 0 0 67
2018-08-29 11:33:44 ::1 GET /images/presentation.png - 62603 - ::1 Mozilla/5.0+(Windows+NT+10.0;+WOW64;+Trident/7.0;+rv:11.0)+like+Gecko http://localhost:62603/default.aspx 304 0 0 50
2018-08-29 11:33:44 ::1 GET /js/ddsmoothmenu.js - 62603 - ::1 Mozilla/5.0+(Windows+NT+10.0;+WOW64;+Trident/7.0;+rv:11.0)+like+Gecko http://localhost:62603/default.aspx 304 0 0 243
2018-08-29 11:33:44 ::1 GET /images/templatemo_image_01.jpg - 62603 - ::1 Mozilla/5.0+(Windows+NT+10.0;+WOW64;+Trident/7.0;+rv:11.0)+like+Gecko http://localhost:62603/default.aspx 304 0 0 87
2018-08-29 11:33:44 ::1 GET /images/templatemo_image_02.jpg - 62603 - ::1 Mozilla/5.0+(Windows+NT+10.0;+WOW64;+Trident/7.0;+rv:11.0)+like+Gecko http://localhost:62603/default.aspx 304 0 0 97
2018-08-29 11:33:44 ::1 GET /images/footer_icon.png - 62603 - ::1 Mozilla/5.0+(Windows+NT+10.0;+WOW64;+Trident/7.0;+rv:11.0)+like+Gecko http://localhost:62603/default.aspx 304 0 0 97
2018-08-29 11:33:44 ::1 GET /piecemaker.swf - 62603 - ::1 Mozilla/5.0+(Windows+NT+10.0;+WOW64;+Trident/7.0;+rv:11.0)+like+Gecko http://localhost:62603/default.aspx 304 0 0 132
2018-08-29 11:33:44 ::1 GET /images/feed.png - 62603 - ::1 Mozilla/5.0+(Windows+NT+10.0;+WOW64;+Trident/7.0;+rv:11.0)+like+Gecko http://localhost:62603/default.aspx 304 0 0 35
2018-08-29 11:33:44 ::1 GET /images/templatemo_middle.jpg - 62603 - ::1 Mozilla/5.0+(Windows+NT+10.0;+WOW64;+Trident/7.0;+rv:11.0)+like+Gecko http://localhost:62603/default.aspx 304 0 0 34
2018-08-29 11:33:44 ::1 GET /images/templatemo_header_bg.jpg - 62603 - ::1 Mozilla/5.0+(Windows+NT+10.0;+WOW64;+Trident/7.0;+rv:11.0)+like+Gecko http://localhost:62603/default.aspx 304 0 0 50
2018-08-29 11:33:44 ::1 GET /images/facebook.png - 62603 - ::1 Mozilla/5.0+(Windows+NT+10.0;+WOW64;+Trident/7.0;+rv:11.0)+like+Gecko http://localhost:62603/default.aspx 304 0 0 66
2018-08-29 11:33:44 ::1 GET /images/twitter.png - 62603 - ::1 Mozilla/5.0+(Windows+NT+10.0;+WOW64;+Trident/7.0;+rv:11.0)+like+Gecko http://localhost:62603/default.aspx 304 0 0 37
2018-08-29 11:33:44 ::1 GET /images/templatemo_button.png - 62603 - ::1 Mozilla/5.0+(Windows+NT+10.0;+WOW64;+Trident/7.0;+rv:11.0)+like+Gecko http://localhost:62603/default.aspx 304 0 0 37
2018-08-29 11:33:46 ::1 GET /piecemaker.xml - 62603 - ::1 Mozilla/5.0+(Windows+NT+10.0;+WOW64;+Trident/7.0;+rv:11.0)+like+Gecko http://localhost:62603/piecemaker.swf 304 0 0 51
2018-08-29 11:33:46 ::1 GET /css/piecemaker.css - 62603 - ::1 Mozilla/5.0+(Windows+NT+10.0;+WOW64;+Trident/7.0;+rv:11.0)+like+Gecko http://localhost:62603/piecemaker.swf 304 0 0 26
2018-08-29 11:33:46 ::1 GET /contents/piecemaker1.png - 62603 - ::1 Mozilla/5.0+(Windows+NT+10.0;+WOW64;+Trident/7.0;+rv:11.0)+like+Gecko http://localhost:62603/piecemaker.swf 304 0 0 48
2018-08-29 11:33:46 ::1 GET /contents/piecemaker2.png - 62603 - ::1 Mozilla/5.0+(Windows+NT+10.0;+WOW64;+Trident/7.0;+rv:11.0)+like+Gecko http://localhost:62603/piecemaker.swf 304 0 0 52
2018-08-29 11:33:46 ::1 GET /contents/piecemaker3.png - 62603 - ::1 Mozilla/5.0+(Windows+NT+10.0;+WOW64;+Trident/7.0;+rv:11.0)+like+Gecko http://localhost:62603/piecemaker.swf 304 0 0 79
2018-08-29 11:33:46 ::1 GET /contents/piecemaker4.png - 62603 - ::1 Mozilla/5.0+(Windows+NT+10.0;+WOW64;+Trident/7.0;+rv:11.0)+like+Gecko http://localhost:62603/piecemaker.swf 304 0 0 53
2018-08-29 11:37:29 ::1 GET /images/templatemo_hea_bg.jpg - 62603 - ::1 Mozilla/5.0+(Windows+NT+10.0;+WOW64;+Trident/7.0;+rv:11.0)+like+Gecko http://localhost:62603/default.aspx 404 0 2 3
2018-08-29 11:37:31 ::1 GET /images/templ_bg.jpg - 62603 - ::1 Mozilla/5.0+(Windows+NT+10.0;+WOW64;+Trident/7.0;+rv:11.0)+like+Gecko http://localhost:62603/default.aspx 404 0 2 4
2018-08-29 11:37:31 ::1 GET /images/t_bg.jpg - 62603 - ::1 Mozilla/5.0+(Windows+NT+10.0;+WOW64;+Trident/7.0;+rv:11.0)+like+Gecko http://localhost:62603/default.aspx 404 0 2 4
2018-08-29 11:37:32 ::1 GET /images/_bg.jpg - 62603 - ::1 Mozilla/5.0+(Windows+NT+10.0;+WOW64;+Trident/7.0;+rv:11.0)+like+Gecko http://localhost:62603/default.aspx 404 0 2 30
2018-08-29 11:37:33 ::1 GET /images/0_bg.jpg - 62603 - ::1 Mozilla/5.0+(Windows+NT+10.0;+WOW64;+Trident/7.0;+rv:11.0)+like+Gecko http://localhost:62603/default.aspx 404 0 2 4
2018-08-29 11:37:33 ::1 GET /images/06_bg.jpg - 62603 - ::1 Mozilla/5.0+(Windows+NT+10.0;+WOW64;+Trident/7.0;+rv:11.0)+like+Gecko http://localhost:62603/default.aspx 404 0 2 46
2018-08-29 11:38:20 ::1 GET /images/avator.png - 62603 - ::1 Mozilla/5.0+(Windows+NT+10.0;+WOW64;+Trident/7.0;+rv:11.0)+like+Gecko http://localhost:62603/default.aspx 200 0 0 52
#Software: Microsoft Internet Information Services 10.0
#Version: 1.0
#Date: 2018-08-29 12:33:14
#Fields: date time s-ip cs-method cs-uri-stem cs-uri-query s-port cs-username c-ip cs(User-Agent) cs(Referer) sc-status sc-substatus sc-win32-status time-taken
2018-08-29 12:33:14 ::1 GET /css/templatemo_style.css - 62603 - ::1 Mozilla/5.0+(Windows+NT+10.0;+WOW64;+Trident/7.0;+rv:11.0)+like+Gecko - 304 0 0 252
