#Software: Microsoft Internet Information Services 10.0
#Version: 1.0
#Date: 2018-09-03 07:56:37
#Fields: date time s-ip cs-method cs-uri-stem cs-uri-query s-port cs-username c-ip cs(User-Agent) cs(Referer) sc-status sc-substatus sc-win32-status time-taken
2018-09-03 07:56:37 ::1 GET / - 55947 - ::1 Mozilla/5.0+(Windows+NT+10.0;+WOW64;+Trident/7.0;+rv:11.0)+like+Gecko - 200 0 0 61565
2018-09-03 07:56:39 ::1 GET /Content/bootstrap.css - 55947 - ::1 Mozilla/5.0+(Windows+NT+10.0;+WOW64;+Trident/7.0;+rv:11.0)+like+Gecko http://localhost:55947/ 200 0 0 148
2018-09-03 07:56:39 ::1 GET /Content/Site.css - 55947 - ::1 Mozilla/5.0+(Windows+NT+10.0;+WOW64;+Trident/7.0;+rv:11.0)+like+Gecko http://localhost:55947/ 200 0 0 149
2018-09-03 07:56:39 ::1 GET /Scripts/modernizr-2.6.2.js - 55947 - ::1 Mozilla/5.0+(Windows+NT+10.0;+WOW64;+Trident/7.0;+rv:11.0)+like+Gecko http://localhost:55947/ 200 0 0 227
2018-09-03 07:56:39 ::1 GET /Scripts/bootstrap.js - 55947 - ::1 Mozilla/5.0+(Windows+NT+10.0;+WOW64;+Trident/7.0;+rv:11.0)+like+Gecko http://localhost:55947/ 200 0 0 276
2018-09-03 07:56:39 ::1 GET /bundles/WebFormsJs v=AAyiAYwMfvmwjNSBfIMrBAqfU5exDukMVhrRuZ-PDU01 55947 - ::1 Mozilla/5.0+(Windows+NT+10.0;+WOW64;+Trident/7.0;+rv:11.0)+like+Gecko http://localhost:55947/ 200 0 0 334
2018-09-03 07:56:39 ::1 GET /bundles/MsAjaxJs v=c42ygB2U07n37m_Sfa8ZbLGVu4Rr2gsBo7MvUEnJeZ81 55947 - ::1 Mozilla/5.0+(Windows+NT+10.0;+WOW64;+Trident/7.0;+rv:11.0)+like+Gecko http://localhost:55947/ 200 0 0 484
2018-09-03 07:56:39 ::1 GET /Scripts/respond.js - 55947 - ::1 Mozilla/5.0+(Windows+NT+10.0;+WOW64;+Trident/7.0;+rv:11.0)+like+Gecko http://localhost:55947/ 200 0 0 392
2018-09-03 07:56:39 ::1 GET /Scripts/jquery-1.10.2.js - 55947 - ::1 Mozilla/5.0+(Windows+NT+10.0;+WOW64;+Trident/7.0;+rv:11.0)+like+Gecko http://localhost:55947/ 200 0 0 636
2018-09-03 07:56:55 ::1 GET /favicon.ico - 55947 - ::1 Mozilla/5.0+(Windows+NT+10.0;+WOW64;+Trident/7.0;+rv:11.0)+like+Gecko - 200 0 0 375
2018-09-03 07:57:11 ::1 GET / - 55947 - ::1 Mozilla/5.0+(Windows+NT+10.0;+WOW64;+Trident/7.0;+rv:11.0)+like+Gecko http://localhost:55947/ 200 0 0 11
2018-09-03 07:57:11 ::1 GET /Scripts/modernizr-2.6.2.js - 55947 - ::1 Mozilla/5.0+(Windows+NT+10.0;+WOW64;+Trident/7.0;+rv:11.0)+like+Gecko http://localhost:55947/ 304 0 0 21
2018-09-03 07:57:11 ::1 GET /Content/bootstrap.css - 55947 - ::1 Mozilla/5.0+(Windows+NT+10.0;+WOW64;+Trident/7.0;+rv:11.0)+like+Gecko http://localhost:55947/ 304 0 0 10
2018-09-03 07:57:11 ::1 GET /Scripts/respond.js - 55947 - ::1 Mozilla/5.0+(Windows+NT+10.0;+WOW64;+Trident/7.0;+rv:11.0)+like+Gecko http://localhost:55947/ 304 0 0 435
2018-09-03 07:57:11 ::1 GET /Scripts/bootstrap.js - 55947 - ::1 Mozilla/5.0+(Windows+NT+10.0;+WOW64;+Trident/7.0;+rv:11.0)+like+Gecko http://localhost:55947/ 304 0 0 439
2018-09-03 07:57:13 ::1 GET /Scripts/jquery-1.10.2.js - 55947 - ::1 Mozilla/5.0+(Windows+NT+10.0;+WOW64;+Trident/7.0;+rv:11.0)+like+Gecko http://localhost:55947/ 304 0 0 761
2018-09-03 07:57:18 ::1 GET /About - 55947 - ::1 Mozilla/5.0+(Windows+NT+10.0;+WOW64;+Trident/7.0;+rv:11.0)+like+Gecko http://localhost:55947/ 200 0 0 29
2018-09-03 07:57:18 ::1 GET /Content/Site.css - 55947 - ::1 Mozilla/5.0+(Windows+NT+10.0;+WOW64;+Trident/7.0;+rv:11.0)+like+Gecko http://localhost:55947/About 304 0 0 32
2018-09-03 07:57:22 ::1 GET /Contact - 55947 - ::1 Mozilla/5.0+(Windows+NT+10.0;+WOW64;+Trident/7.0;+rv:11.0)+like+Gecko http://localhost:55947/About 200 0 0 46
#Software: Microsoft Internet Information Services 10.0
#Version: 1.0
#Date: 2018-09-03 08:21:50
#Fields: date time s-ip cs-method cs-uri-stem cs-uri-query s-port cs-username c-ip cs(User-Agent) cs(Referer) sc-status sc-substatus sc-win32-status time-taken
2018-09-03 08:21:50 ::1 GET /About.aspx - 55947 - ::1 Mozilla/5.0+(Windows+NT+10.0;+WOW64;+Trident/7.0;+rv:11.0)+like+Gecko - 301 0 0 16812
2018-09-03 08:21:52 ::1 GET /About - 55947 - ::1 Mozilla/5.0+(Windows+NT+10.0;+WOW64;+Trident/7.0;+rv:11.0)+like+Gecko - 200 0 0 1363
2018-09-03 08:21:52 ::1 GET /Scripts/modernizr-2.6.2.js - 55947 - ::1 Mozilla/5.0+(Windows+NT+10.0;+WOW64;+Trident/7.0;+rv:11.0)+like+Gecko http://localhost:55947/About 304 0 0 9
2018-09-03 08:21:52 ::1 GET /Content/bootstrap.css - 55947 - ::1 Mozilla/5.0+(Windows+NT+10.0;+WOW64;+Trident/7.0;+rv:11.0)+like+Gecko http://localhost:55947/About 304 0 0 4
2018-09-03 08:21:52 ::1 GET /Content/Site.css - 55947 - ::1 Mozilla/5.0+(Windows+NT+10.0;+WOW64;+Trident/7.0;+rv:11.0)+like+Gecko http://localhost:55947/About 304 0 0 9
2018-09-03 08:21:52 ::1 GET /Scripts/bootstrap.js - 55947 - ::1 Mozilla/5.0+(Windows+NT+10.0;+WOW64;+Trident/7.0;+rv:11.0)+like+Gecko http://localhost:55947/About 304 0 0 11
2018-09-03 08:21:52 ::1 GET /Scripts/respond.js - 55947 - ::1 Mozilla/5.0+(Windows+NT+10.0;+WOW64;+Trident/7.0;+rv:11.0)+like+Gecko http://localhost:55947/About 304 0 0 11
2018-09-03 08:21:52 ::1 GET /Scripts/jquery-1.10.2.js - 55947 - ::1 Mozilla/5.0+(Windows+NT+10.0;+WOW64;+Trident/7.0;+rv:11.0)+like+Gecko http://localhost:55947/About 304 0 0 316
2018-09-03 08:21:57 ::1 GET /MainForm.aspx - 55947 - ::1 Mozilla/5.0+(Windows+NT+10.0;+WOW64;+Trident/7.0;+rv:11.0)+like+Gecko http://localhost:55947/About 301 0 0 37
2018-09-03 08:21:59 ::1 GET /MainForm - 55947 - ::1 Mozilla/5.0+(Windows+NT+10.0;+WOW64;+Trident/7.0;+rv:11.0)+like+Gecko http://localhost:55947/About 500 0 0 2448
2018-09-03 08:23:51 ::1 GET /MainForm - 55947 - ::1 Mozilla/5.0+(Windows+NT+10.0;+WOW64;+Trident/7.0;+rv:11.0)+like+Gecko - 500 0 0 179
2018-09-03 08:24:24 ::1 GET /MainForm - 55947 - ::1 Mozilla/5.0+(Windows+NT+10.0;+WOW64;+Trident/7.0;+rv:11.0)+like+Gecko - 500 0 0 6007
#Software: Microsoft Internet Information Services 10.0
#Version: 1.0
#Date: 2018-09-03 08:26:12
#Fields: date time s-ip cs-method cs-uri-stem cs-uri-query s-port cs-username c-ip cs(User-Agent) cs(Referer) sc-status sc-substatus sc-win32-status time-taken
2018-09-03 08:26:12 ::1 GET /About - 55947 - ::1 Mozilla/5.0+(Windows+NT+10.0;+WOW64;+Trident/7.0;+rv:11.0)+like+Gecko - 200 0 0 33566
2018-09-03 08:26:12 ::1 GET /Scripts/modernizr-2.6.2.js - 55947 - ::1 Mozilla/5.0+(Windows+NT+10.0;+WOW64;+Trident/7.0;+rv:11.0)+like+Gecko http://localhost:55947/About 304 0 0 25
2018-09-03 08:26:12 ::1 GET /Content/bootstrap.css - 55947 - ::1 Mozilla/5.0+(Windows+NT+10.0;+WOW64;+Trident/7.0;+rv:11.0)+like+Gecko http://localhost:55947/About 304 0 0 50
2018-09-03 08:26:12 ::1 GET /Content/Site.css - 55947 - ::1 Mozilla/5.0+(Windows+NT+10.0;+WOW64;+Trident/7.0;+rv:11.0)+like+Gecko http://localhost:55947/About 304 0 0 43
2018-09-03 08:26:12 ::1 GET /Scripts/bootstrap.js - 55947 - ::1 Mozilla/5.0+(Windows+NT+10.0;+WOW64;+Trident/7.0;+rv:11.0)+like+Gecko http://localhost:55947/About 304 0 0 262
2018-09-03 08:26:12 ::1 GET /Scripts/jquery-1.10.2.js - 55947 - ::1 Mozilla/5.0+(Windows+NT+10.0;+WOW64;+Trident/7.0;+rv:11.0)+like+Gecko http://localhost:55947/About 304 0 0 370
2018-09-03 08:26:12 ::1 GET /Scripts/respond.js - 55947 - ::1 Mozilla/5.0+(Windows+NT+10.0;+WOW64;+Trident/7.0;+rv:11.0)+like+Gecko http://localhost:55947/About 304 0 0 501
#Software: Microsoft Internet Information Services 10.0
#Version: 1.0
#Date: 2018-09-03 08:28:32
#Fields: date time s-ip cs-method cs-uri-stem cs-uri-query s-port cs-username c-ip cs(User-Agent) cs(Referer) sc-status sc-substatus sc-win32-status time-taken
2018-09-03 08:28:32 ::1 GET /About - 55947 - ::1 Mozilla/5.0+(Windows+NT+10.0;+WOW64;+Trident/7.0;+rv:11.0)+like+Gecko - 200 0 0 14952
2018-09-03 08:28:36 ::1 GET /MainForm - 55947 - ::1 Mozilla/5.0+(Windows+NT+10.0;+WOW64;+Trident/7.0;+rv:11.0)+like+Gecko http://localhost:55947/About 200 0 0 407
2018-09-03 08:28:36 ::1 GET /WebResource.axd d=pynGkmcFUV13He1Qd6_TZIiAx4vZ-1dMkdhXuVTQFJ11LNI85ZWRG8QUiR9er7NZaKMyJT5cQSCSFoUUbzkvEw2&t=636668888816624236 55947 - ::1 Mozilla/5.0+(Windows+NT+10.0;+WOW64;+Trident/7.0;+rv:11.0)+like+Gecko http://localhost:55947/MainForm 200 0 0 112
2018-09-03 08:28:36 ::1 GET /images/calendar.png - 55947 - ::1 Mozilla/5.0+(Windows+NT+10.0;+WOW64;+Trident/7.0;+rv:11.0)+like+Gecko http://localhost:55947/MainForm 404 0 2 80
