#Software: Microsoft Internet Information Services 10.0
#Version: 1.0
#Date: 2018-08-28 10:30:27
#Fields: date time s-ip cs-method cs-uri-stem cs-uri-query s-port cs-username c-ip cs(User-Agent) cs(Referer) sc-status sc-substatus sc-win32-status time-taken
2018-08-28 10:30:27 ::1 GET /Enosis/Index - 49679 - ::1 Mozilla/5.0+(Windows+NT+10.0;+WOW64;+Trident/7.0;+rv:11.0)+like+Gecko - 200 0 0 28466
2018-08-28 10:30:27 ::1 GET /Content/site.css - 49679 - ::1 Mozilla/5.0+(Windows+NT+10.0;+WOW64;+Trident/7.0;+rv:11.0)+like+Gecko http://localhost:49679/Enosis/Index 200 0 0 85
2018-08-28 10:30:27 ::1 GET /Scripts/respond.js - 49679 - ::1 Mozilla/5.0+(Windows+NT+10.0;+WOW64;+Trident/7.0;+rv:11.0)+like+Gecko http://localhost:49679/Enosis/Index 200 0 0 131
2018-08-28 10:30:27 ::1 GET /Scripts/modernizr-2.6.2.js - 49679 - ::1 Mozilla/5.0+(Windows+NT+10.0;+WOW64;+Trident/7.0;+rv:11.0)+like+Gecko http://localhost:49679/Enosis/Index 200 0 0 134
2018-08-28 10:30:27 ::1 GET /Content/bootstrap.css - 49679 - ::1 Mozilla/5.0+(Windows+NT+10.0;+WOW64;+Trident/7.0;+rv:11.0)+like+Gecko http://localhost:49679/Enosis/Index 200 0 0 173
2018-08-28 10:30:27 ::1 GET /Scripts/bootstrap.js - 49679 - ::1 Mozilla/5.0+(Windows+NT+10.0;+WOW64;+Trident/7.0;+rv:11.0)+like+Gecko http://localhost:49679/Enosis/Index 200 0 0 170
2018-08-28 10:30:27 ::1 GET /Scripts/jquery-1.10.2.js - 49679 - ::1 Mozilla/5.0+(Windows+NT+10.0;+WOW64;+Trident/7.0;+rv:11.0)+like+Gecko http://localhost:49679/Enosis/Index 200 0 0 269
2018-08-28 10:31:14 ::1 GET /Enosis/Index - 49679 - ::1 Mozilla/5.0+(Windows+NT+10.0;+WOW64;+Trident/7.0;+rv:11.0)+like+Gecko - 200 0 0 833
2018-08-28 10:31:14 ::1 GET /Content/bootstrap.css - 49679 - ::1 Mozilla/5.0+(Windows+NT+10.0;+WOW64;+Trident/7.0;+rv:11.0)+like+Gecko http://localhost:49679/Enosis/Index 304 0 0 10
2018-08-28 10:31:14 ::1 GET /Content/site.css - 49679 - ::1 Mozilla/5.0+(Windows+NT+10.0;+WOW64;+Trident/7.0;+rv:11.0)+like+Gecko http://localhost:49679/Enosis/Index 304 0 0 9
2018-08-28 10:31:14 ::1 GET /Scripts/bootstrap.js - 49679 - ::1 Mozilla/5.0+(Windows+NT+10.0;+WOW64;+Trident/7.0;+rv:11.0)+like+Gecko http://localhost:49679/Enosis/Index 304 0 0 127
2018-08-28 10:31:14 ::1 GET /Scripts/modernizr-2.6.2.js - 49679 - ::1 Mozilla/5.0+(Windows+NT+10.0;+WOW64;+Trident/7.0;+rv:11.0)+like+Gecko http://localhost:49679/Enosis/Index 304 0 0 198
2018-08-28 10:31:14 ::1 GET /Scripts/respond.js - 49679 - ::1 Mozilla/5.0+(Windows+NT+10.0;+WOW64;+Trident/7.0;+rv:11.0)+like+Gecko http://localhost:49679/Enosis/Index 304 0 0 199
2018-08-28 10:31:14 ::1 GET /Scripts/jquery-1.10.2.js - 49679 - ::1 Mozilla/5.0+(Windows+NT+10.0;+WOW64;+Trident/7.0;+rv:11.0)+like+Gecko http://localhost:49679/Enosis/Index 304 0 0 339
2018-08-28 10:43:18 ::1 GET / - 49679 - ::1 Mozilla/5.0+(Windows+NT+10.0;+WOW64;+Trident/7.0;+rv:11.0)+like+Gecko - 200 0 0 9127
2018-08-28 10:43:18 ::1 GET /Content/site.css - 49679 - ::1 Mozilla/5.0+(Windows+NT+10.0;+WOW64;+Trident/7.0;+rv:11.0)+like+Gecko http://localhost:49679/ 304 0 0 11
2018-08-28 10:43:18 ::1 GET /Content/bootstrap.css - 49679 - ::1 Mozilla/5.0+(Windows+NT+10.0;+WOW64;+Trident/7.0;+rv:11.0)+like+Gecko http://localhost:49679/ 304 0 0 14
2018-08-28 10:43:18 ::1 GET /Scripts/modernizr-2.6.2.js - 49679 - ::1 Mozilla/5.0+(Windows+NT+10.0;+WOW64;+Trident/7.0;+rv:11.0)+like+Gecko http://localhost:49679/ 304 0 0 26
2018-08-28 10:43:18 ::1 GET /Scripts/bootstrap.js - 49679 - ::1 Mozilla/5.0+(Windows+NT+10.0;+WOW64;+Trident/7.0;+rv:11.0)+like+Gecko http://localhost:49679/ 304 0 0 26
2018-08-28 10:43:18 ::1 GET /Scripts/jquery-1.10.2.js - 49679 - ::1 Mozilla/5.0+(Windows+NT+10.0;+WOW64;+Trident/7.0;+rv:11.0)+like+Gecko http://localhost:49679/ 304 0 0 26
2018-08-28 10:43:18 ::1 GET /Scripts/respond.js - 49679 - ::1 Mozilla/5.0+(Windows+NT+10.0;+WOW64;+Trident/7.0;+rv:11.0)+like+Gecko http://localhost:49679/ 304 0 0 46
2018-08-28 10:43:25 ::1 GET /WebModel - 49679 - ::1 Mozilla/5.0+(Windows+NT+10.0;+WOW64;+Trident/7.0;+rv:11.0)+like+Gecko - 404 0 0 60
2018-08-28 10:43:32 ::1 GET /WebModel.cs - 49679 - ::1 Mozilla/5.0+(Windows+NT+10.0;+WOW64;+Trident/7.0;+rv:11.0)+like+Gecko - 404 7 0 41
2018-08-28 10:44:10 ::1 GET / - 49679 - ::1 Mozilla/5.0+(Windows+NT+10.0;+WOW64;+Trident/7.0;+rv:11.0)+like+Gecko - 200 0 0 41
#Software: Microsoft Internet Information Services 10.0
#Version: 1.0
#Date: 2018-08-28 11:08:54
#Fields: date time s-ip cs-method cs-uri-stem cs-uri-query s-port cs-username c-ip cs(User-Agent) cs(Referer) sc-status sc-substatus sc-win32-status time-taken
2018-08-28 11:08:54 ::1 GET /enosis/index - 49679 - ::1 Mozilla/5.0+(Windows+NT+10.0;+WOW64;+Trident/7.0;+rv:11.0)+like+Gecko - 500 0 0 754
2018-08-28 11:08:58 ::1 GET / - 49679 - ::1 Mozilla/5.0+(Windows+NT+10.0;+WOW64;+Trident/7.0;+rv:11.0)+like+Gecko - 200 0 64 16957
2018-08-28 11:09:10 ::1 GET /Enosis/Index - 49679 - ::1 Mozilla/5.0+(Windows+NT+10.0;+WOW64;+Trident/7.0;+rv:11.0)+like+Gecko - 500 0 0 115
2018-08-28 11:12:04 ::1 GET /Enosis/Index - 49679 - ::1 Mozilla/5.0+(Windows+NT+10.0;+WOW64;+Trident/7.0;+rv:11.0)+like+Gecko - 500 0 0 36
2018-08-28 11:13:09 ::1 GET /Enosis/Index - 49679 - ::1 Mozilla/5.0+(Windows+NT+10.0;+WOW64;+Trident/7.0;+rv:11.0)+like+Gecko - 500 0 0 16
2018-08-28 11:14:58 ::1 GET /Enosis/Index - 49679 - ::1 Mozilla/5.0+(Windows+NT+10.0;+WOW64;+Trident/7.0;+rv:11.0)+like+Gecko - 500 0 0 18
2018-08-28 11:15:03 ::1 GET /Enosis/Index - 49679 - ::1 Mozilla/5.0+(Windows+NT+10.0;+WOW64;+Trident/7.0;+rv:11.0)+like+Gecko - 500 0 0 10
2018-08-28 11:16:41 ::1 GET /Enosis/Index - 49679 - ::1 Mozilla/5.0+(Windows+NT+10.0;+WOW64;+Trident/7.0;+rv:11.0)+like+Gecko - 500 0 0 16
2018-08-28 11:17:14 ::1 GET / - 49679 - ::1 Mozilla/5.0+(Windows+NT+10.0;+WOW64;+Trident/7.0;+rv:11.0)+like+Gecko - 200 0 0 7756
2018-08-28 11:17:14 ::1 GET /Content/bootstrap.css - 49679 - ::1 Mozilla/5.0+(Windows+NT+10.0;+WOW64;+Trident/7.0;+rv:11.0)+like+Gecko http://localhost:49679/ 304 0 0 6
2018-08-28 11:17:14 ::1 GET /Content/site.css - 49679 - ::1 Mozilla/5.0+(Windows+NT+10.0;+WOW64;+Trident/7.0;+rv:11.0)+like+Gecko http://localhost:49679/ 304 0 0 23
2018-08-28 11:17:14 ::1 GET /Scripts/modernizr-2.6.2.js - 49679 - ::1 Mozilla/5.0+(Windows+NT+10.0;+WOW64;+Trident/7.0;+rv:11.0)+like+Gecko http://localhost:49679/ 304 0 0 23
2018-08-28 11:17:14 ::1 GET /Scripts/bootstrap.js - 49679 - ::1 Mozilla/5.0+(Windows+NT+10.0;+WOW64;+Trident/7.0;+rv:11.0)+like+Gecko http://localhost:49679/ 304 0 0 12
2018-08-28 11:17:14 ::1 GET /Scripts/jquery-1.10.2.js - 49679 - ::1 Mozilla/5.0+(Windows+NT+10.0;+WOW64;+Trident/7.0;+rv:11.0)+like+Gecko http://localhost:49679/ 304 0 0 12
2018-08-28 11:17:14 ::1 GET /Scripts/respond.js - 49679 - ::1 Mozilla/5.0+(Windows+NT+10.0;+WOW64;+Trident/7.0;+rv:11.0)+like+Gecko http://localhost:49679/ 304 0 0 11
2018-08-28 11:17:19 ::1 GET /Enosis/index - 49679 - ::1 Mozilla/5.0+(Windows+NT+10.0;+WOW64;+Trident/7.0;+rv:11.0)+like+Gecko - 500 0 0 1402
2018-08-28 11:17:25 ::1 GET /Enosis/index/ - 49679 - ::1 Mozilla/5.0+(Windows+NT+10.0;+WOW64;+Trident/7.0;+rv:11.0)+like+Gecko - 500 0 0 8
2018-08-28 11:17:27 ::1 GET /Enosis/index - 49679 - ::1 Mozilla/5.0+(Windows+NT+10.0;+WOW64;+Trident/7.0;+rv:11.0)+like+Gecko - 500 0 0 11
2018-08-28 11:17:37 ::1 GET /Enosis/Index - 49679 - ::1 Mozilla/5.0+(Windows+NT+10.0;+WOW64;+Trident/7.0;+rv:11.0)+like+Gecko - 500 0 0 10
2018-08-28 11:19:00 ::1 GET / - 49679 - ::1 Mozilla/5.0+(Windows+NT+10.0;+WOW64;+Trident/7.0;+rv:11.0)+like+Gecko - 200 0 0 7369
2018-08-28 11:19:02 ::1 GET /Enosis/Index - 49679 - ::1 Mozilla/5.0+(Windows+NT+10.0;+WOW64;+Trident/7.0;+rv:11.0)+like+Gecko - 200 0 0 1097
2018-08-28 11:20:00 ::1 GET /Enosis/Index - 49679 - ::1 Mozilla/5.0+(Windows+NT+10.0;+WOW64;+Trident/7.0;+rv:11.0)+like+Gecko - 200 0 0 46
2018-08-28 11:20:00 ::1 GET /Content/bootstrap.css - 49679 - ::1 Mozilla/5.0+(Windows+NT+10.0;+WOW64;+Trident/7.0;+rv:11.0)+like+Gecko http://localhost:49679/Enosis/Index 304 0 0 9
2018-08-28 11:20:00 ::1 GET /Content/site.css - 49679 - ::1 Mozilla/5.0+(Windows+NT+10.0;+WOW64;+Trident/7.0;+rv:11.0)+like+Gecko http://localhost:49679/Enosis/Index 304 0 0 6
2018-08-28 11:20:00 ::1 GET /Scripts/modernizr-2.6.2.js - 49679 - ::1 Mozilla/5.0+(Windows+NT+10.0;+WOW64;+Trident/7.0;+rv:11.0)+like+Gecko http://localhost:49679/Enosis/Index 304 0 0 5
2018-08-28 11:20:00 ::1 GET /Scripts/jquery-1.10.2.js - 49679 - ::1 Mozilla/5.0+(Windows+NT+10.0;+WOW64;+Trident/7.0;+rv:11.0)+like+Gecko http://localhost:49679/Enosis/Index 304 0 0 18
2018-08-28 11:20:00 ::1 GET /Scripts/bootstrap.js - 49679 - ::1 Mozilla/5.0+(Windows+NT+10.0;+WOW64;+Trident/7.0;+rv:11.0)+like+Gecko http://localhost:49679/Enosis/Index 304 0 0 4
2018-08-28 11:20:00 ::1 GET /Scripts/respond.js - 49679 - ::1 Mozilla/5.0+(Windows+NT+10.0;+WOW64;+Trident/7.0;+rv:11.0)+like+Gecko http://localhost:49679/Enosis/Index 304 0 0 2
