#Software: Microsoft Internet Information Services 10.0
#Version: 1.0
#Date: 2018-08-21 11:15:01
#Fields: date time s-ip cs-method cs-uri-stem cs-uri-query s-port cs-username c-ip cs(User-Agent) cs(Referer) sc-status sc-substatus sc-win32-status time-taken
2018-08-21 11:15:01 ::1 GET / - 49355 - ::1 Mozilla/5.0+(Windows+NT+10.0;+WOW64;+Trident/7.0;+rv:11.0)+like+Gecko - 200 0 0 50105
2018-08-21 11:15:01 ::1 GET /Content/site.css - 49355 - ::1 Mozilla/5.0+(Windows+NT+10.0;+WOW64;+Trident/7.0;+rv:11.0)+like+Gecko http://localhost:49355/ 200 0 0 153
2018-08-21 11:15:01 ::1 GET /Scripts/bootstrap.js - 49355 - ::1 Mozilla/5.0+(Windows+NT+10.0;+WOW64;+Trident/7.0;+rv:11.0)+like+Gecko http://localhost:49355/ 200 0 0 151
2018-08-21 11:15:01 ::1 GET /Content/bootstrap.css - 49355 - ::1 Mozilla/5.0+(Windows+NT+10.0;+WOW64;+Trident/7.0;+rv:11.0)+like+Gecko http://localhost:49355/ 200 0 0 192
2018-08-21 11:15:01 ::1 GET /Scripts/modernizr-2.6.2.js - 49355 - ::1 Mozilla/5.0+(Windows+NT+10.0;+WOW64;+Trident/7.0;+rv:11.0)+like+Gecko http://localhost:49355/ 200 0 0 222
2018-08-21 11:15:01 ::1 GET /Scripts/respond.js - 49355 - ::1 Mozilla/5.0+(Windows+NT+10.0;+WOW64;+Trident/7.0;+rv:11.0)+like+Gecko http://localhost:49355/ 200 0 0 230
2018-08-21 11:15:01 ::1 GET /Scripts/jquery-1.10.2.js - 49355 - ::1 Mozilla/5.0+(Windows+NT+10.0;+WOW64;+Trident/7.0;+rv:11.0)+like+Gecko http://localhost:49355/ 200 0 0 310
2018-08-21 11:15:29 ::1 GET /AdminController - 49355 - ::1 Mozilla/5.0+(Windows+NT+10.0;+WOW64;+Trident/7.0;+rv:11.0)+like+Gecko - 404 0 0 279
2018-08-21 11:15:40 ::1 GET /AdminController.cs - 49355 - ::1 Mozilla/5.0+(Windows+NT+10.0;+WOW64;+Trident/7.0;+rv:11.0)+like+Gecko - 404 7 0 78
2018-08-21 11:15:57 ::1 GET /AdminController/Index - 49355 - ::1 Mozilla/5.0+(Windows+NT+10.0;+WOW64;+Trident/7.0;+rv:11.0)+like+Gecko - 404 0 0 6
2018-08-21 11:23:33 ::1 GET /EmployeeData/Index - 49355 - ::1 Mozilla/5.0+(Windows+NT+10.0;+WOW64;+Trident/7.0;+rv:11.0)+like+Gecko - 404 0 0 17781
2018-08-21 11:23:54 ::1 GET /EmployeeData/AddEmp - 49355 - ::1 Mozilla/5.0+(Windows+NT+10.0;+WOW64;+Trident/7.0;+rv:11.0)+like+Gecko - 200 0 0 8923
2018-08-21 11:23:54 ::1 GET /Content/bootstrap.css - 49355 - ::1 Mozilla/5.0+(Windows+NT+10.0;+WOW64;+Trident/7.0;+rv:11.0)+like+Gecko http://localhost:49355/EmployeeData/AddEmp 304 0 0 9
2018-08-21 11:23:54 ::1 GET /Content/site.css - 49355 - ::1 Mozilla/5.0+(Windows+NT+10.0;+WOW64;+Trident/7.0;+rv:11.0)+like+Gecko http://localhost:49355/EmployeeData/AddEmp 304 0 0 4
2018-08-21 11:23:54 ::1 GET /Scripts/modernizr-2.6.2.js - 49355 - ::1 Mozilla/5.0+(Windows+NT+10.0;+WOW64;+Trident/7.0;+rv:11.0)+like+Gecko http://localhost:49355/EmployeeData/AddEmp 304 0 0 5
2018-08-21 11:23:54 ::1 GET /Scripts/jquery-1.10.2.js - 49355 - ::1 Mozilla/5.0+(Windows+NT+10.0;+WOW64;+Trident/7.0;+rv:11.0)+like+Gecko http://localhost:49355/EmployeeData/AddEmp 304 0 0 2
2018-08-21 11:23:54 ::1 GET /Scripts/bootstrap.js - 49355 - ::1 Mozilla/5.0+(Windows+NT+10.0;+WOW64;+Trident/7.0;+rv:11.0)+like+Gecko http://localhost:49355/EmployeeData/AddEmp 304 0 0 40
2018-08-21 11:23:54 ::1 GET /Scripts/respond.js - 49355 - ::1 Mozilla/5.0+(Windows+NT+10.0;+WOW64;+Trident/7.0;+rv:11.0)+like+Gecko http://localhost:49355/EmployeeData/AddEmp 304 0 0 14
2018-08-21 11:24:04 ::1 POST /EmployeeData/AddEmp - 49355 - ::1 Mozilla/5.0+(Windows+NT+10.0;+WOW64;+Trident/7.0;+rv:11.0)+like+Gecko http://localhost:49355/EmployeeData/AddEmp 200 0 0 247
2018-08-21 11:24:06 ::1 POST /EmployeeData/AddEmp - 49355 - ::1 Mozilla/5.0+(Windows+NT+10.0;+WOW64;+Trident/7.0;+rv:11.0)+like+Gecko http://localhost:49355/EmployeeData/AddEmp 200 0 0 23
