#Software: Microsoft Internet Information Services 10.0
#Version: 1.0
#Date: 2018-08-14 10:19:52
#Fields: date time s-ip cs-method cs-uri-stem cs-uri-query s-port cs-username c-ip cs(User-Agent) cs(Referer) sc-status sc-substatus sc-win32-status time-taken
2018-08-14 10:19:52 ::1 GET /WebForm.aspx - 49679 - ::1 Mozilla/5.0+(Windows+NT+10.0;+WOW64;+Trident/7.0;+rv:11.0)+like+Gecko - 301 0 0 18240
2018-08-14 10:19:52 ::1 GET /WebForm - 49679 - ::1 Mozilla/5.0+(Windows+NT+10.0;+WOW64;+Trident/7.0;+rv:11.0)+like+Gecko - 500 0 0 472
2018-08-14 10:21:06 ::1 GET / - 49679 - ::1 Mozilla/5.0+(Windows+NT+10.0;+WOW64;+Trident/7.0;+rv:11.0)+like+Gecko - 200 0 0 1681
2018-08-14 10:21:06 ::1 GET /Content/Site.css - 49679 - ::1 Mozilla/5.0+(Windows+NT+10.0;+WOW64;+Trident/7.0;+rv:11.0)+like+Gecko http://localhost:49679/ 200 0 0 30
2018-08-14 10:21:06 ::1 GET /bundles/MsAjaxJs v=c42ygB2U07n37m_Sfa8ZbLGVu4Rr2gsBo7MvUEnJeZ81 49679 - ::1 Mozilla/5.0+(Windows+NT+10.0;+WOW64;+Trident/7.0;+rv:11.0)+like+Gecko http://localhost:49679/ 200 0 0 72
2018-08-14 10:21:06 ::1 GET /bundles/WebFormsJs v=AAyiAYwMfvmwjNSBfIMrBAqfU5exDukMVhrRuZ-PDU01 49679 - ::1 Mozilla/5.0+(Windows+NT+10.0;+WOW64;+Trident/7.0;+rv:11.0)+like+Gecko http://localhost:49679/ 200 0 0 8
2018-08-14 10:21:06 ::1 GET /Scripts/modernizr-2.6.2.js - 49679 - ::1 Mozilla/5.0+(Windows+NT+10.0;+WOW64;+Trident/7.0;+rv:11.0)+like+Gecko http://localhost:49679/ 200 0 0 95
2018-08-14 10:21:06 ::1 GET /Scripts/bootstrap.js - 49679 - ::1 Mozilla/5.0+(Windows+NT+10.0;+WOW64;+Trident/7.0;+rv:11.0)+like+Gecko http://localhost:49679/ 200 0 0 94
2018-08-14 10:21:06 ::1 GET /Content/bootstrap.css - 49679 - ::1 Mozilla/5.0+(Windows+NT+10.0;+WOW64;+Trident/7.0;+rv:11.0)+like+Gecko http://localhost:49679/ 200 0 0 135
2018-08-14 10:21:06 ::1 GET /Scripts/respond.js - 49679 - ::1 Mozilla/5.0+(Windows+NT+10.0;+WOW64;+Trident/7.0;+rv:11.0)+like+Gecko http://localhost:49679/ 200 0 0 134
2018-08-14 10:21:06 ::1 GET /Scripts/jquery-1.10.2.js - 49679 - ::1 Mozilla/5.0+(Windows+NT+10.0;+WOW64;+Trident/7.0;+rv:11.0)+like+Gecko http://localhost:49679/ 200 0 0 169
2018-08-14 10:21:28 ::1 GET / - 49679 - ::1 Mozilla/5.0+(Windows+NT+10.0;+WOW64;+Trident/7.0;+rv:11.0)+like+Gecko - 200 0 0 42
#Software: Microsoft Internet Information Services 10.0
#Version: 1.0
#Date: 2018-08-14 10:25:34
#Fields: date time s-ip cs-method cs-uri-stem cs-uri-query s-port cs-username c-ip cs(User-Agent) cs(Referer) sc-status sc-substatus sc-win32-status time-taken
2018-08-14 10:25:34 ::1 GET /WebForm - 49679 - ::1 Mozilla/5.0+(Windows+NT+10.0;+WOW64;+Trident/7.0;+rv:11.0)+like+Gecko - 500 0 0 208559
#Software: Microsoft Internet Information Services 10.0
#Version: 1.0
#Date: 2018-08-14 10:26:24
#Fields: date time s-ip cs-method cs-uri-stem cs-uri-query s-port cs-username c-ip cs(User-Agent) cs(Referer) sc-status sc-substatus sc-win32-status time-taken
2018-08-14 10:26:24 ::1 GET /WebForm - 49679 - ::1 Mozilla/5.0+(Windows+NT+10.0;+WOW64;+Trident/7.0;+rv:11.0)+like+Gecko - 500 0 0 5089
#Software: Microsoft Internet Information Services 10.0
#Version: 1.0
#Date: 2018-08-14 10:54:30
#Fields: date time s-ip cs-method cs-uri-stem cs-uri-query s-port cs-username c-ip cs(User-Agent) cs(Referer) sc-status sc-substatus sc-win32-status time-taken
2018-08-14 10:54:30 ::1 GET /WebForm - 49679 - ::1 Mozilla/5.0+(Windows+NT+10.0;+WOW64;+Trident/7.0;+rv:11.0)+like+Gecko - 500 0 0 86
