#Software: Microsoft Internet Information Services 10.0
#Version: 1.0
#Date: 2018-08-23 11:26:08
#Fields: date time s-ip cs-method cs-uri-stem cs-uri-query s-port cs-username c-ip cs(User-Agent) cs(Referer) sc-status sc-substatus sc-win32-status time-taken
2018-08-23 11:26:08 ::1 GET / - 61059 - ::1 Mozilla/5.0+(Windows+NT+10.0;+WOW64;+Trident/7.0;+rv:11.0)+like+Gecko - 200 0 0 50854
2018-08-23 11:26:08 ::1 GET /Scripts/jquery-1.10.2.js - 61059 - ::1 Mozilla/5.0+(Windows+NT+10.0;+WOW64;+Trident/7.0;+rv:11.0)+like+Gecko http://localhost:61059/ 304 0 0 61
2018-08-23 11:26:08 ::1 GET /Content/bootstrap.css - 61059 - ::1 Mozilla/5.0+(Windows+NT+10.0;+WOW64;+Trident/7.0;+rv:11.0)+like+Gecko http://localhost:61059/ 304 0 0 126
2018-08-23 11:26:08 ::1 GET /Content/site.css - 61059 - ::1 Mozilla/5.0+(Windows+NT+10.0;+WOW64;+Trident/7.0;+rv:11.0)+like+Gecko http://localhost:61059/ 304 0 0 220
2018-08-23 11:26:08 ::1 GET /Scripts/respond.js - 61059 - ::1 Mozilla/5.0+(Windows+NT+10.0;+WOW64;+Trident/7.0;+rv:11.0)+like+Gecko http://localhost:61059/ 304 0 0 149
2018-08-23 11:26:08 ::1 GET /Scripts/modernizr-2.6.2.js - 61059 - ::1 Mozilla/5.0+(Windows+NT+10.0;+WOW64;+Trident/7.0;+rv:11.0)+like+Gecko http://localhost:61059/ 304 0 0 186
2018-08-23 11:26:08 ::1 GET /Scripts/bootstrap.js - 61059 - ::1 Mozilla/5.0+(Windows+NT+10.0;+WOW64;+Trident/7.0;+rv:11.0)+like+Gecko http://localhost:61059/ 304 0 0 152
2018-08-23 11:26:42 ::1 GET /EmployeeController/Emp - 61059 - ::1 Mozilla/5.0+(Windows+NT+10.0;+WOW64;+Trident/7.0;+rv:11.0)+like+Gecko - 404 0 0 365
2018-08-23 11:27:15 ::1 GET /EmployeeController/Views - 61059 - ::1 Mozilla/5.0+(Windows+NT+10.0;+WOW64;+Trident/7.0;+rv:11.0)+like+Gecko - 404 0 0 23
2018-08-23 11:27:29 ::1 GET /Employee/Views - 61059 - ::1 Mozilla/5.0+(Windows+NT+10.0;+WOW64;+Trident/7.0;+rv:11.0)+like+Gecko - 404 0 0 7
2018-08-23 11:27:54 ::1 GET /Employee/ViewEmps - 61059 - ::1 Mozilla/5.0+(Windows+NT+10.0;+WOW64;+Trident/7.0;+rv:11.0)+like+Gecko - 200 0 0 3820
2018-08-23 11:28:01 ::1 GET /Employee/AddEmp - 61059 - ::1 Mozilla/5.0+(Windows+NT+10.0;+WOW64;+Trident/7.0;+rv:11.0)+like+Gecko http://localhost:61059/Employee/ViewEmps 200 0 0 1306
2018-08-23 11:28:01 ::1 GET /Scripts/jquery.validate.js - 61059 - ::1 Mozilla/5.0+(Windows+NT+10.0;+WOW64;+Trident/7.0;+rv:11.0)+like+Gecko http://localhost:61059/Employee/AddEmp 200 0 0 37
2018-08-23 11:28:01 ::1 GET /Scripts/jquery.validate.unobtrusive.js - 61059 - ::1 Mozilla/5.0+(Windows+NT+10.0;+WOW64;+Trident/7.0;+rv:11.0)+like+Gecko http://localhost:61059/Employee/AddEmp 200 0 0 49
2018-08-23 11:28:13 ::1 POST /Employee/AddEmp - 61059 - ::1 Mozilla/5.0+(Windows+NT+10.0;+WOW64;+Trident/7.0;+rv:11.0)+like+Gecko http://localhost:61059/Employee/AddEmp 302 0 0 1127
2018-08-23 11:28:13 ::1 GET /Employee/ViewEmps - 61059 - ::1 Mozilla/5.0+(Windows+NT+10.0;+WOW64;+Trident/7.0;+rv:11.0)+like+Gecko http://localhost:61059/Employee/AddEmp 200 0 0 112
2018-08-23 11:28:17 ::1 GET /Employee/DeleteEmp/1 - 61059 - ::1 Mozilla/5.0+(Windows+NT+10.0;+WOW64;+Trident/7.0;+rv:11.0)+like+Gecko http://localhost:61059/Employee/ViewEmps 302 0 0 920
2018-08-23 11:28:17 ::1 GET /Employee/ViewEmps - 61059 - ::1 Mozilla/5.0+(Windows+NT+10.0;+WOW64;+Trident/7.0;+rv:11.0)+like+Gecko http://localhost:61059/Employee/ViewEmps 200 0 0 17
2018-08-23 11:28:19 ::1 GET /Employee/AddEmp - 61059 - ::1 Mozilla/5.0+(Windows+NT+10.0;+WOW64;+Trident/7.0;+rv:11.0)+like+Gecko http://localhost:61059/Employee/ViewEmps 200 0 0 97
2018-08-23 11:28:29 ::1 POST /Employee/AddEmp - 61059 - ::1 Mozilla/5.0+(Windows+NT+10.0;+WOW64;+Trident/7.0;+rv:11.0)+like+Gecko http://localhost:61059/Employee/AddEmp 302 0 0 88
2018-08-23 11:28:29 ::1 GET /Employee/ViewEmps - 61059 - ::1 Mozilla/5.0+(Windows+NT+10.0;+WOW64;+Trident/7.0;+rv:11.0)+like+Gecko http://localhost:61059/Employee/AddEmp 200 0 0 11
2018-08-23 11:28:50 ::1 GET /Employee/Edit/1 Name=varsha&Salary=23456&tax=2 61059 - ::1 Mozilla/5.0+(Windows+NT+10.0;+WOW64;+Trident/7.0;+rv:11.0)+like+Gecko http://localhost:61059/Employee/ViewEmps 200 0 0 30
