#Software: Microsoft Internet Information Services 10.0
#Version: 1.0
#Date: 2018-09-03 07:20:36
#Fields: date time s-ip cs-method cs-uri-stem cs-uri-query s-port cs-username c-ip cs(User-Agent) cs(Referer) sc-status sc-substatus sc-win32-status time-taken
2018-09-03 07:20:36 ::1 GET / - 44363 - ::1 Mozilla/5.0+(Windows+NT+10.0;+WOW64;+Trident/7.0;+rv:11.0)+like+Gecko - 200 0 0 14075
2018-09-03 07:20:36 ::1 GET /css/site.css - 44363 - ::1 Mozilla/5.0+(Windows+NT+10.0;+WOW64;+Trident/7.0;+rv:11.0)+like+Gecko https://localhost:44363/ 200 0 0 95
2018-09-03 07:20:36 ::1 GET /images/banner3.svg - 44363 - ::1 Mozilla/5.0+(Windows+NT+10.0;+WOW64;+Trident/7.0;+rv:11.0)+like+Gecko https://localhost:44363/ 200 0 0 98
2018-09-03 07:20:36 ::1 GET /images/banner2.svg - 44363 - ::1 Mozilla/5.0+(Windows+NT+10.0;+WOW64;+Trident/7.0;+rv:11.0)+like+Gecko https://localhost:44363/ 200 0 0 106
2018-09-03 07:20:36 ::1 GET /js/site.js v=EWaMeWsJBYWmL2g_KkgXZQ5nPe-a3Ichp0LEgzXczKo 44363 - ::1 Mozilla/5.0+(Windows+NT+10.0;+WOW64;+Trident/7.0;+rv:11.0)+like+Gecko https://localhost:44363/ 200 0 0 132
2018-09-03 07:20:36 ::1 GET /images/banner4.svg - 44363 - ::1 Mozilla/5.0+(Windows+NT+10.0;+WOW64;+Trident/7.0;+rv:11.0)+like+Gecko https://localhost:44363/ 200 0 0 137
2018-09-03 07:20:36 ::1 GET /images/banner1.svg - 44363 - ::1 Mozilla/5.0+(Windows+NT+10.0;+WOW64;+Trident/7.0;+rv:11.0)+like+Gecko https://localhost:44363/ 200 0 0 148
2018-09-03 07:20:36 ::1 GET /lib/bootstrap/dist/js/bootstrap.js - 44363 - ::1 Mozilla/5.0+(Windows+NT+10.0;+WOW64;+Trident/7.0;+rv:11.0)+like+Gecko https://localhost:44363/ 200 0 0 164
2018-09-03 07:20:36 ::1 GET /lib/bootstrap/dist/css/bootstrap.css - 44363 - ::1 Mozilla/5.0+(Windows+NT+10.0;+WOW64;+Trident/7.0;+rv:11.0)+like+Gecko https://localhost:44363/ 200 0 0 171
2018-09-03 07:20:36 ::1 GET /lib/jquery/dist/jquery.js - 44363 - ::1 Mozilla/5.0+(Windows+NT+10.0;+WOW64;+Trident/7.0;+rv:11.0)+like+Gecko https://localhost:44363/ 200 0 0 225
2018-09-03 07:20:37 ::1 GET /lib/bootstrap/dist/fonts/glyphicons-halflings-regular.eot - 44363 - ::1 Mozilla/5.0+(Windows+NT+10.0;+WOW64;+Trident/7.0;+rv:11.0)+like+Gecko https://localhost:44363/ 200 0 0 32
2018-09-03 07:20:37 ::1 GET /favicon.ico - 44363 - ::1 Mozilla/5.0+(Windows+NT+10.0;+WOW64;+Trident/7.0;+rv:11.0)+like+Gecko - 200 0 0 48
2018-09-03 07:20:46 ::1 GET /Account/Register - 44363 - ::1 Mozilla/5.0+(Windows+NT+10.0;+WOW64;+Trident/7.0;+rv:11.0)+like+Gecko https://localhost:44363/ 200 0 0 1331
2018-09-03 07:20:46 ::1 GET /lib/jquery-validation-unobtrusive/jquery.validate.unobtrusive.js - 44363 - ::1 Mozilla/5.0+(Windows+NT+10.0;+WOW64;+Trident/7.0;+rv:11.0)+like+Gecko https://localhost:44363/Account/Register 200 0 0 40
2018-09-03 07:20:46 ::1 GET /lib/jquery-validation/dist/jquery.validate.js - 44363 - ::1 Mozilla/5.0+(Windows+NT+10.0;+WOW64;+Trident/7.0;+rv:11.0)+like+Gecko https://localhost:44363/Account/Register 200 0 0 106
2018-09-03 07:21:13 ::1 POST /Account/Register - 44363 - ::1 Mozilla/5.0+(Windows+NT+10.0;+WOW64;+Trident/7.0;+rv:11.0)+like+Gecko https://localhost:44363/Account/Register 200 0 0 190
2018-09-03 07:21:13 ::1 GET /lib/bootstrap/dist/css/bootstrap.css - 44363 - ::1 Mozilla/5.0+(Windows+NT+10.0;+WOW64;+Trident/7.0;+rv:11.0)+like+Gecko https://localhost:44363/Account/Register 304 0 0 92
2018-09-03 07:21:13 ::1 GET /css/site.css - 44363 - ::1 Mozilla/5.0+(Windows+NT+10.0;+WOW64;+Trident/7.0;+rv:11.0)+like+Gecko https://localhost:44363/Account/Register 304 0 0 68
2018-09-03 07:21:13 ::1 GET /lib/jquery/dist/jquery.js - 44363 - ::1 Mozilla/5.0+(Windows+NT+10.0;+WOW64;+Trident/7.0;+rv:11.0)+like+Gecko https://localhost:44363/Account/Register 304 0 0 57
2018-09-03 07:21:13 ::1 GET /js/site.js v=EWaMeWsJBYWmL2g_KkgXZQ5nPe-a3Ichp0LEgzXczKo 44363 - ::1 Mozilla/5.0+(Windows+NT+10.0;+WOW64;+Trident/7.0;+rv:11.0)+like+Gecko https://localhost:44363/Account/Register 304 0 0 45
2018-09-03 07:21:13 ::1 GET /lib/jquery-validation-unobtrusive/jquery.validate.unobtrusive.js - 44363 - ::1 Mozilla/5.0+(Windows+NT+10.0;+WOW64;+Trident/7.0;+rv:11.0)+like+Gecko https://localhost:44363/Account/Register 304 0 0 45
2018-09-03 07:21:13 ::1 GET /lib/bootstrap/dist/js/bootstrap.js - 44363 - ::1 Mozilla/5.0+(Windows+NT+10.0;+WOW64;+Trident/7.0;+rv:11.0)+like+Gecko https://localhost:44363/Account/Register 304 0 0 80
2018-09-03 07:21:13 ::1 GET /lib/jquery-validation/dist/jquery.validate.js - 44363 - ::1 Mozilla/5.0+(Windows+NT+10.0;+WOW64;+Trident/7.0;+rv:11.0)+like+Gecko https://localhost:44363/Account/Register 304 0 0 109
2018-09-03 07:21:35 ::1 POST /Account/Register - 44363 - ::1 Mozilla/5.0+(Windows+NT+10.0;+WOW64;+Trident/7.0;+rv:11.0)+like+Gecko https://localhost:44363/Account/Register 200 0 0 42
2018-09-03 07:21:35 ::1 GET /css/site.css - 44363 - ::1 Mozilla/5.0+(Windows+NT+10.0;+WOW64;+Trident/7.0;+rv:11.0)+like+Gecko https://localhost:44363/Account/Register 304 0 0 47
2018-09-03 07:21:35 ::1 GET /lib/jquery/dist/jquery.js - 44363 - ::1 Mozilla/5.0+(Windows+NT+10.0;+WOW64;+Trident/7.0;+rv:11.0)+like+Gecko https://localhost:44363/Account/Register 304 0 0 47
2018-09-03 07:21:35 ::1 GET /lib/bootstrap/dist/css/bootstrap.css - 44363 - ::1 Mozilla/5.0+(Windows+NT+10.0;+WOW64;+Trident/7.0;+rv:11.0)+like+Gecko https://localhost:44363/Account/Register 304 0 0 55
2018-09-03 07:21:35 ::1 GET /lib/bootstrap/dist/js/bootstrap.js - 44363 - ::1 Mozilla/5.0+(Windows+NT+10.0;+WOW64;+Trident/7.0;+rv:11.0)+like+Gecko https://localhost:44363/Account/Register 304 0 0 56
2018-09-03 07:21:35 ::1 GET /js/site.js v=EWaMeWsJBYWmL2g_KkgXZQ5nPe-a3Ichp0LEgzXczKo 44363 - ::1 Mozilla/5.0+(Windows+NT+10.0;+WOW64;+Trident/7.0;+rv:11.0)+like+Gecko https://localhost:44363/Account/Register 304 0 0 49
2018-09-03 07:21:35 ::1 GET /lib/jquery-validation/dist/jquery.validate.js - 44363 - ::1 Mozilla/5.0+(Windows+NT+10.0;+WOW64;+Trident/7.0;+rv:11.0)+like+Gecko https://localhost:44363/Account/Register 304 0 0 37
2018-09-03 07:21:35 ::1 GET /lib/jquery-validation-unobtrusive/jquery.validate.unobtrusive.js - 44363 - ::1 Mozilla/5.0+(Windows+NT+10.0;+WOW64;+Trident/7.0;+rv:11.0)+like+Gecko https://localhost:44363/Account/Register 304 0 0 31
2018-09-03 07:22:21 ::1 POST /Account/Register - 44363 - ::1 Mozilla/5.0+(Windows+NT+10.0;+WOW64;+Trident/7.0;+rv:11.0)+like+Gecko https://localhost:44363/Account/Register 500 0 0 25800
2018-09-03 07:23:04 ::1 POST /ApplyDatabaseMigrations - 44363 - ::1 Mozilla/5.0+(Windows+NT+10.0;+WOW64;+Trident/7.0;+rv:11.0)+like+Gecko https://localhost:44363/Account/Register 204 0 0 13586
2018-09-03 07:23:45 ::1 GET /Account/Register - 44363 - ::1 Mozilla/5.0+(Windows+NT+10.0;+WOW64;+Trident/7.0;+rv:11.0)+like+Gecko - 200 0 0 33
2018-09-03 07:23:45 ::1 GET /lib/bootstrap/dist/css/bootstrap.css - 44363 - ::1 Mozilla/5.0+(Windows+NT+10.0;+WOW64;+Trident/7.0;+rv:11.0)+like+Gecko https://localhost:44363/Account/Register 304 0 0 20
2018-09-03 07:23:45 ::1 GET /css/site.css - 44363 - ::1 Mozilla/5.0+(Windows+NT+10.0;+WOW64;+Trident/7.0;+rv:11.0)+like+Gecko https://localhost:44363/Account/Register 304 0 0 31
2018-09-03 07:23:45 ::1 GET /lib/bootstrap/dist/js/bootstrap.js - 44363 - ::1 Mozilla/5.0+(Windows+NT+10.0;+WOW64;+Trident/7.0;+rv:11.0)+like+Gecko https://localhost:44363/Account/Register 304 0 0 82
2018-09-03 07:23:45 ::1 GET /js/site.js v=EWaMeWsJBYWmL2g_KkgXZQ5nPe-a3Ichp0LEgzXczKo 44363 - ::1 Mozilla/5.0+(Windows+NT+10.0;+WOW64;+Trident/7.0;+rv:11.0)+like+Gecko https://localhost:44363/Account/Register 304 0 0 94
2018-09-03 07:23:45 ::1 GET /lib/jquery/dist/jquery.js - 44363 - ::1 Mozilla/5.0+(Windows+NT+10.0;+WOW64;+Trident/7.0;+rv:11.0)+like+Gecko https://localhost:44363/Account/Register 304 0 0 106
2018-09-03 07:23:45 ::1 GET /lib/jquery-validation/dist/jquery.validate.js - 44363 - ::1 Mozilla/5.0+(Windows+NT+10.0;+WOW64;+Trident/7.0;+rv:11.0)+like+Gecko https://localhost:44363/Account/Register 304 0 0 147
2018-09-03 07:23:45 ::1 GET /lib/jquery-validation-unobtrusive/jquery.validate.unobtrusive.js - 44363 - ::1 Mozilla/5.0+(Windows+NT+10.0;+WOW64;+Trident/7.0;+rv:11.0)+like+Gecko https://localhost:44363/Account/Register 304 0 0 161
2018-09-03 07:23:58 ::1 GET /Account/Register - 44363 - ::1 Mozilla/5.0+(Windows+NT+10.0;+WOW64;+Trident/7.0;+rv:11.0)+like+Gecko - 200 0 0 11
2018-09-03 07:24:38 ::1 POST /Account/Register - 44363 - ::1 Mozilla/5.0+(Windows+NT+10.0;+WOW64;+Trident/7.0;+rv:11.0)+like+Gecko https://localhost:44363/Account/Register 302 0 0 806
2018-09-03 07:24:38 ::1 GET / - 44363 - ::1 Mozilla/5.0+(Windows+NT+10.0;+WOW64;+Trident/7.0;+rv:11.0)+like+Gecko https://localhost:44363/Account/Register 200 0 0 24
2018-09-03 07:24:38 ::1 GET /lib/bootstrap/dist/css/bootstrap.css - 44363 - ::1 Mozilla/5.0+(Windows+NT+10.0;+WOW64;+Trident/7.0;+rv:11.0)+like+Gecko https://localhost:44363/ 304 0 0 13
2018-09-03 07:24:38 ::1 GET /css/site.css - 44363 - ::1 Mozilla/5.0+(Windows+NT+10.0;+WOW64;+Trident/7.0;+rv:11.0)+like+Gecko https://localhost:44363/ 304 0 0 14
2018-09-03 07:24:38 ::1 GET /images/banner1.svg - 44363 - ::1 Mozilla/5.0+(Windows+NT+10.0;+WOW64;+Trident/7.0;+rv:11.0)+like+Gecko https://localhost:44363/ 304 0 0 39
2018-09-03 07:24:38 ::1 GET /images/banner2.svg - 44363 - ::1 Mozilla/5.0+(Windows+NT+10.0;+WOW64;+Trident/7.0;+rv:11.0)+like+Gecko https://localhost:44363/ 304 0 0 45
2018-09-03 07:24:38 ::1 GET /images/banner3.svg - 44363 - ::1 Mozilla/5.0+(Windows+NT+10.0;+WOW64;+Trident/7.0;+rv:11.0)+like+Gecko https://localhost:44363/ 304 0 0 35
2018-09-03 07:24:38 ::1 GET /lib/jquery/dist/jquery.js - 44363 - ::1 Mozilla/5.0+(Windows+NT+10.0;+WOW64;+Trident/7.0;+rv:11.0)+like+Gecko https://localhost:44363/ 304 0 0 33
2018-09-03 07:24:38 ::1 GET /lib/bootstrap/dist/js/bootstrap.js - 44363 - ::1 Mozilla/5.0+(Windows+NT+10.0;+WOW64;+Trident/7.0;+rv:11.0)+like+Gecko https://localhost:44363/ 304 0 0 32
2018-09-03 07:24:38 ::1 GET /js/site.js v=EWaMeWsJBYWmL2g_KkgXZQ5nPe-a3Ichp0LEgzXczKo 44363 - ::1 Mozilla/5.0+(Windows+NT+10.0;+WOW64;+Trident/7.0;+rv:11.0)+like+Gecko https://localhost:44363/ 304 0 0 104
2018-09-03 07:24:38 ::1 GET /images/banner4.svg - 44363 - ::1 Mozilla/5.0+(Windows+NT+10.0;+WOW64;+Trident/7.0;+rv:11.0)+like+Gecko https://localhost:44363/ 304 0 0 113
2018-09-03 07:24:38 ::1 GET /lib/bootstrap/dist/fonts/glyphicons-halflings-regular.eot - 44363 - ::1 Mozilla/5.0+(Windows+NT+10.0;+WOW64;+Trident/7.0;+rv:11.0)+like+Gecko https://localhost:44363/ 304 0 0 204
#Software: Microsoft Internet Information Services 10.0
#Version: 1.0
#Date: 2018-09-03 07:38:59
#Fields: date time s-ip cs-method cs-uri-stem cs-uri-query s-port cs-username c-ip cs(User-Agent) cs(Referer) sc-status sc-substatus sc-win32-status time-taken
2018-09-03 07:38:59 ::1 DEBUG / - 55574 - ::1 - - 400 0 64 35567
2018-09-03 07:39:14 ::1 GET / - 44363 - ::1 Mozilla/5.0+(Windows+NT+10.0;+WOW64;+Trident/7.0;+rv:11.0)+like+Gecko - 200 0 0 36576
2018-09-03 07:39:17 ::1 GET /images/banner3.svg - 44363 - ::1 Mozilla/5.0+(Windows+NT+10.0;+WOW64;+Trident/7.0;+rv:11.0)+like+Gecko https://localhost:44363/ 304 0 0 536
2018-09-03 07:39:17 ::1 GET /images/banner1.svg - 44363 - ::1 Mozilla/5.0+(Windows+NT+10.0;+WOW64;+Trident/7.0;+rv:11.0)+like+Gecko https://localhost:44363/ 304 0 0 609
2018-09-03 07:39:17 ::1 GET /lib/bootstrap/dist/js/bootstrap.js - 44363 - ::1 Mozilla/5.0+(Windows+NT+10.0;+WOW64;+Trident/7.0;+rv:11.0)+like+Gecko https://localhost:44363/ 304 0 0 663
2018-09-03 07:39:17 ::1 GET /css/site.css - 44363 - ::1 Mozilla/5.0+(Windows+NT+10.0;+WOW64;+Trident/7.0;+rv:11.0)+like+Gecko https://localhost:44363/ 304 0 0 738
2018-09-03 07:39:17 ::1 GET /images/banner4.svg - 44363 - ::1 Mozilla/5.0+(Windows+NT+10.0;+WOW64;+Trident/7.0;+rv:11.0)+like+Gecko https://localhost:44363/ 304 0 0 764
2018-09-03 07:39:17 ::1 GET /lib/jquery/dist/jquery.js - 44363 - ::1 Mozilla/5.0+(Windows+NT+10.0;+WOW64;+Trident/7.0;+rv:11.0)+like+Gecko https://localhost:44363/ 304 0 0 785
2018-09-03 07:39:17 ::1 GET /lib/bootstrap/dist/css/bootstrap.css - 44363 - ::1 Mozilla/5.0+(Windows+NT+10.0;+WOW64;+Trident/7.0;+rv:11.0)+like+Gecko https://localhost:44363/ 304 0 0 830
2018-09-03 07:39:18 ::1 GET /images/banner2.svg - 44363 - ::1 Mozilla/5.0+(Windows+NT+10.0;+WOW64;+Trident/7.0;+rv:11.0)+like+Gecko https://localhost:44363/ 304 0 0 1950
2018-09-03 07:39:18 ::1 GET /js/site.js v=EWaMeWsJBYWmL2g_KkgXZQ5nPe-a3Ichp0LEgzXczKo 44363 - ::1 Mozilla/5.0+(Windows+NT+10.0;+WOW64;+Trident/7.0;+rv:11.0)+like+Gecko https://localhost:44363/ 304 0 0 2103
2018-09-03 07:39:18 ::1 GET /lib/bootstrap/dist/fonts/glyphicons-halflings-regular.eot - 44363 - ::1 Mozilla/5.0+(Windows+NT+10.0;+WOW64;+Trident/7.0;+rv:11.0)+like+Gecko https://localhost:44363/ 304 0 0 899
