#Software: Microsoft Internet Information Services 10.0
#Version: 1.0
#Date: 2018-09-02 12:52:38
#Fields: date time s-ip cs-method cs-uri-stem cs-uri-query s-port cs-username c-ip cs(User-Agent) cs(Referer) sc-status sc-substatus sc-win32-status time-taken
2018-09-02 12:52:38 ::1 DEBUG / - 57811 - ::1 - - 400 0 64 107203
2018-09-02 12:52:58 ::1 GET / - 44300 - ::1 Mozilla/5.0+(Windows+NT+10.0;+WOW64;+Trident/7.0;+rv:11.0)+like+Gecko - 200 0 0 93788
2018-09-02 12:53:01 ::1 GET /images/banner1.svg - 44300 - ::1 Mozilla/5.0+(Windows+NT+10.0;+WOW64;+Trident/7.0;+rv:11.0)+like+Gecko https://localhost:44300/ 304 0 0 385
2018-09-02 12:53:01 ::1 GET /css/site.css - 44300 - ::1 Mozilla/5.0+(Windows+NT+10.0;+WOW64;+Trident/7.0;+rv:11.0)+like+Gecko https://localhost:44300/ 304 0 0 395
2018-09-02 12:53:01 ::1 GET /images/banner3.svg - 44300 - ::1 Mozilla/5.0+(Windows+NT+10.0;+WOW64;+Trident/7.0;+rv:11.0)+like+Gecko https://localhost:44300/ 304 0 0 395
2018-09-02 12:53:01 ::1 GET /images/banner4.svg - 44300 - ::1 Mozilla/5.0+(Windows+NT+10.0;+WOW64;+Trident/7.0;+rv:11.0)+like+Gecko https://localhost:44300/ 304 0 0 531
2018-09-02 12:53:01 ::1 GET /lib/jquery/dist/jquery.js - 44300 - ::1 Mozilla/5.0+(Windows+NT+10.0;+WOW64;+Trident/7.0;+rv:11.0)+like+Gecko https://localhost:44300/ 304 0 0 547
2018-09-02 12:53:01 ::1 GET /lib/bootstrap/dist/js/bootstrap.js - 44300 - ::1 Mozilla/5.0+(Windows+NT+10.0;+WOW64;+Trident/7.0;+rv:11.0)+like+Gecko https://localhost:44300/ 304 0 0 650
2018-09-02 12:53:01 ::1 GET /lib/bootstrap/dist/css/bootstrap.css - 44300 - ::1 Mozilla/5.0+(Windows+NT+10.0;+WOW64;+Trident/7.0;+rv:11.0)+like+Gecko https://localhost:44300/ 304 0 0 942
2018-09-02 12:53:01 ::1 GET /images/banner2.svg - 44300 - ::1 Mozilla/5.0+(Windows+NT+10.0;+WOW64;+Trident/7.0;+rv:11.0)+like+Gecko https://localhost:44300/ 304 0 0 969
2018-09-02 12:53:01 ::1 GET /js/site.js v=EWaMeWsJBYWmL2g_KkgXZQ5nPe-a3Ichp0LEgzXczKo 44300 - ::1 Mozilla/5.0+(Windows+NT+10.0;+WOW64;+Trident/7.0;+rv:11.0)+like+Gecko https://localhost:44300/ 304 0 0 1039
2018-09-02 12:53:03 ::1 GET /lib/bootstrap/dist/fonts/glyphicons-halflings-regular.eot - 44300 - ::1 Mozilla/5.0+(Windows+NT+10.0;+WOW64;+Trident/7.0;+rv:11.0)+like+Gecko https://localhost:44300/ 304 0 0 53
#Software: Microsoft Internet Information Services 10.0
#Version: 1.0
#Date: 2018-09-02 13:20:41
#Fields: date time s-ip cs-method cs-uri-stem cs-uri-query s-port cs-username c-ip cs(User-Agent) cs(Referer) sc-status sc-substatus sc-win32-status time-taken
2018-09-02 13:20:41 ::1 GET / - 44300 - ::1 Mozilla/5.0+(Windows+NT+10.0;+WOW64;+Trident/7.0;+rv:11.0)+like+Gecko - 200 0 0 134
2018-09-02 13:20:54 ::1 GET / - 44300 - ::1 Mozilla/5.0+(Windows+NT+10.0;+WOW64;+Trident/7.0;+rv:11.0)+like+Gecko https://localhost:44300/ 200 0 0 38
2018-09-02 13:20:57 ::1 GET /About - 44300 - ::1 Mozilla/5.0+(Windows+NT+10.0;+WOW64;+Trident/7.0;+rv:11.0)+like+Gecko https://localhost:44300/ 200 0 0 408
2018-09-02 13:21:02 ::1 GET /Contact - 44300 - ::1 Mozilla/5.0+(Windows+NT+10.0;+WOW64;+Trident/7.0;+rv:11.0)+like+Gecko https://localhost:44300/About 200 0 0 441
2018-09-02 13:21:04 ::1 GET /About - 44300 - ::1 Mozilla/5.0+(Windows+NT+10.0;+WOW64;+Trident/7.0;+rv:11.0)+like+Gecko https://localhost:44300/Contact 200 0 0 62
2018-09-02 13:21:09 ::1 GET / - 44300 - ::1 Mozilla/5.0+(Windows+NT+10.0;+WOW64;+Trident/7.0;+rv:11.0)+like+Gecko https://localhost:44300/About 200 0 0 250
2018-09-02 13:21:10 ::1 GET / - 44300 - ::1 Mozilla/5.0+(Windows+NT+10.0;+WOW64;+Trident/7.0;+rv:11.0)+like+Gecko https://localhost:44300/ 200 0 0 48
2018-09-02 13:21:12 ::1 GET / - 44300 - ::1 Mozilla/5.0+(Windows+NT+10.0;+WOW64;+Trident/7.0;+rv:11.0)+like+Gecko https://localhost:44300/ 200 0 0 231
2018-09-02 13:21:49 ::1 GET / - 44300 - ::1 Mozilla/5.0+(Windows+NT+10.0;+WOW64;+Trident/7.0;+rv:11.0)+like+Gecko https://localhost:44300/ 200 0 0 80
2018-09-02 13:22:08 ::1 GET /About - 44300 - ::1 Mozilla/5.0+(Windows+NT+10.0;+WOW64;+Trident/7.0;+rv:11.0)+like+Gecko https://localhost:44300/ 200 0 0 68
2018-09-02 13:26:02 ::1 GET /About - 44300 - ::1 Mozilla/5.0+(Windows+NT+10.0;+WOW64;+Trident/7.0;+rv:11.0)+like+Gecko - 200 0 0 776
2018-09-02 13:26:32 ::1 GET /Account/Register - 44300 - ::1 Mozilla/5.0+(Windows+NT+10.0;+WOW64;+Trident/7.0;+rv:11.0)+like+Gecko https://localhost:44300/About 200 0 0 2222
2018-09-02 13:26:32 ::1 GET /lib/jquery-validation/dist/jquery.validate.js - 44300 - ::1 Mozilla/5.0+(Windows+NT+10.0;+WOW64;+Trident/7.0;+rv:11.0)+like+Gecko https://localhost:44300/Account/Register 304 0 0 144
2018-09-02 13:26:32 ::1 GET /lib/jquery-validation-unobtrusive/jquery.validate.unobtrusive.js - 44300 - ::1 Mozilla/5.0+(Windows+NT+10.0;+WOW64;+Trident/7.0;+rv:11.0)+like+Gecko https://localhost:44300/Account/Register 304 0 0 162
2018-09-02 13:26:33 ::1 GET /Account/Register - 44300 - ::1 Mozilla/5.0+(Windows+NT+10.0;+WOW64;+Trident/7.0;+rv:11.0)+like+Gecko https://localhost:44300/Account/Register 200 0 0 245
2018-09-02 13:36:17 ::1 DEBUG / - 57811 - ::1 - - 400 0 64 17502
2018-09-02 13:36:29 ::1 GET / - 44300 - ::1 Mozilla/5.0+(Windows+NT+10.0;+WOW64;+Trident/7.0;+rv:11.0)+like+Gecko - 200 0 0 24589
2018-09-02 13:38:49 ::1 DEBUG / - 57811 - ::1 - - 400 0 64 6479
2018-09-02 13:39:01 ::1 GET / - 44300 - ::1 Mozilla/5.0+(Windows+NT+10.0;+WOW64;+Trident/7.0;+rv:11.0)+like+Gecko - 200 0 0 15065
2018-09-02 13:40:32 ::1 GET /lib/bootstrap/dist/css/bootstrap.css.map - 44300 - ::1 Mozilla/5.0+(Windows+NT+10.0;+WOW64;+Trident/7.0;+rv:11.0)+like+Gecko - 200 0 0 2161
2018-09-02 13:45:40 ::1 GET / - 44300 - ::1 Mozilla/5.0+(Windows+NT+10.0;+WOW64;+Trident/7.0;+rv:11.0)+like+Gecko - 200 0 0 180
2018-09-02 13:45:51 ::1 GET /Account/Register - 44300 - ::1 Mozilla/5.0+(Windows+NT+10.0;+WOW64;+Trident/7.0;+rv:11.0)+like+Gecko https://localhost:44300/ 200 0 0 2383
2018-09-02 13:49:22 ::1 GET /Account/Register - 44300 - ::1 Mozilla/5.0+(Windows+NT+10.0;+WOW64;+Trident/7.0;+rv:11.0)+like+Gecko - 200 0 0 82
2018-09-02 13:49:27 ::1 GET /Account/Register - 44300 - ::1 Mozilla/5.0+(Windows+NT+10.0;+WOW64;+Trident/7.0;+rv:11.0)+like+Gecko - 200 0 0 43
2018-09-02 13:49:31 ::1 GET /Account/Register - 44300 - ::1 Mozilla/5.0+(Windows+NT+10.0;+WOW64;+Trident/7.0;+rv:11.0)+like+Gecko https://localhost:44300/Account/Register 200 0 0 389
2018-09-02 13:49:58 ::1 GET /Account/Register - 44300 - ::1 Mozilla/5.0+(Windows+NT+10.0;+WOW64;+Trident/7.0;+rv:11.0)+like+Gecko - 200 0 0 2528
#Software: Microsoft Internet Information Services 10.0
#Version: 1.0
#Date: 2018-09-02 16:05:25
#Fields: date time s-ip cs-method cs-uri-stem cs-uri-query s-port cs-username c-ip cs(User-Agent) cs(Referer) sc-status sc-substatus sc-win32-status time-taken
2018-09-02 16:05:25 ::1 DEBUG / - 57811 - ::1 - - 400 0 64 63443
2018-09-02 16:05:48 ::1 GET / - 44300 - ::1 Mozilla/5.0+(Windows+NT+10.0;+WOW64;+Trident/7.0;+rv:11.0)+like+Gecko - 200 0 0 61389
2018-09-02 16:05:53 ::1 GET /images/banner2.svg - 44300 - ::1 Mozilla/5.0+(Windows+NT+10.0;+WOW64;+Trident/7.0;+rv:11.0)+like+Gecko https://localhost:44300/ 200 0 0 1449
2018-09-02 16:05:53 ::1 GET /images/banner3.svg - 44300 - ::1 Mozilla/5.0+(Windows+NT+10.0;+WOW64;+Trident/7.0;+rv:11.0)+like+Gecko https://localhost:44300/ 200 0 0 1524
2018-09-02 16:05:53 ::1 GET /images/banner1.svg - 44300 - ::1 Mozilla/5.0+(Windows+NT+10.0;+WOW64;+Trident/7.0;+rv:11.0)+like+Gecko https://localhost:44300/ 200 0 0 1577
2018-09-02 16:05:53 ::1 GET /js/site.js v=EWaMeWsJBYWmL2g_KkgXZQ5nPe-a3Ichp0LEgzXczKo 44300 - ::1 Mozilla/5.0+(Windows+NT+10.0;+WOW64;+Trident/7.0;+rv:11.0)+like+Gecko https://localhost:44300/ 200 0 0 1654
2018-09-02 16:05:53 ::1 GET /images/banner4.svg - 44300 - ::1 Mozilla/5.0+(Windows+NT+10.0;+WOW64;+Trident/7.0;+rv:11.0)+like+Gecko https://localhost:44300/ 200 0 0 1662
2018-09-02 16:05:53 ::1 GET /css/site.css - 44300 - ::1 Mozilla/5.0+(Windows+NT+10.0;+WOW64;+Trident/7.0;+rv:11.0)+like+Gecko https://localhost:44300/ 200 0 0 1674
2018-09-02 16:05:53 ::1 GET /lib/bootstrap/dist/js/bootstrap.js - 44300 - ::1 Mozilla/5.0+(Windows+NT+10.0;+WOW64;+Trident/7.0;+rv:11.0)+like+Gecko https://localhost:44300/ 200 0 0 1701
2018-09-02 16:05:53 ::1 GET /lib/bootstrap/dist/css/bootstrap.css - 44300 - ::1 Mozilla/5.0+(Windows+NT+10.0;+WOW64;+Trident/7.0;+rv:11.0)+like+Gecko https://localhost:44300/ 200 0 0 1899
2018-09-02 16:05:53 ::1 GET /lib/jquery/dist/jquery.js - 44300 - ::1 Mozilla/5.0+(Windows+NT+10.0;+WOW64;+Trident/7.0;+rv:11.0)+like+Gecko https://localhost:44300/ 200 0 0 2053
2018-09-02 16:05:57 ::1 GET /lib/bootstrap/dist/fonts/glyphicons-halflings-regular.eot - 44300 - ::1 Mozilla/5.0+(Windows+NT+10.0;+WOW64;+Trident/7.0;+rv:11.0)+like+Gecko https://localhost:44300/ 200 0 0 151
2018-09-02 16:06:03 ::1 GET /favicon.ico - 44300 - ::1 Mozilla/5.0+(Windows+NT+10.0;+WOW64;+Trident/7.0;+rv:11.0)+like+Gecko - 200 0 0 76
2018-09-02 16:06:14 ::1 GET /Account/Register - 44300 - ::1 Mozilla/5.0+(Windows+NT+10.0;+WOW64;+Trident/7.0;+rv:11.0)+like+Gecko https://localhost:44300/ 200 0 0 2801
2018-09-02 16:06:14 ::1 GET /lib/jquery-validation-unobtrusive/jquery.validate.unobtrusive.js - 44300 - ::1 Mozilla/5.0+(Windows+NT+10.0;+WOW64;+Trident/7.0;+rv:11.0)+like+Gecko https://localhost:44300/Account/Register 200 0 0 235
2018-09-02 16:06:14 ::1 GET /lib/jquery-validation/dist/jquery.validate.js - 44300 - ::1 Mozilla/5.0+(Windows+NT+10.0;+WOW64;+Trident/7.0;+rv:11.0)+like+Gecko https://localhost:44300/Account/Register 200 0 0 396
