#Software: Microsoft Internet Information Services 10.0
#Version: 1.0
#Date: 2018-03-16 11:17:08
#Fields: date time s-ip cs-method cs-uri-stem cs-uri-query s-port cs-username c-ip cs(User-Agent) cs(Referer) sc-status sc-substatus sc-win32-status time-taken
2018-03-16 11:17:08 ::1 POST /Service1.svc - 62434 - ::1 - - 500 0 0 10737
2018-03-16 11:17:08 ::1 POST /Service1.svc/mex - 62434 - ::1 - - 500 0 0 103
2018-03-16 11:17:09 ::1 GET /Service1.svc - 62434 - ::1 Mozilla/4.0+(compatible;+MSIE+6.0;+MS+Web+Services+Client+Protocol+4.0.30319.42000) - 500 0 0 443
2018-03-16 11:17:09 ::1 POST /Service1.svc - 62434 - ::1 - - 500 0 0 40
2018-03-16 11:17:09 ::1 POST /Service1.svc/mex - 62434 - ::1 - - 500 0 0 72
2018-03-16 11:17:09 ::1 GET /Service1.svc - 62434 - ::1 Mozilla/4.0+(compatible;+MSIE+6.0;+MS+Web+Services+Client+Protocol+4.0.30319.42000) - 500 0 0 83
#Software: Microsoft Internet Information Services 10.0
#Version: 1.0
#Date: 2018-03-16 11:36:27
#Fields: date time s-ip cs-method cs-uri-stem cs-uri-query s-port cs-username c-ip cs(User-Agent) cs(Referer) sc-status sc-substatus sc-win32-status time-taken
2018-03-16 11:36:27 ::1 POST /Service1.svc - 62434 - ::1 - - 500 0 0 4017
2018-03-16 11:36:27 ::1 POST /Service1.svc/mex - 62434 - ::1 - - 500 0 0 48
2018-03-16 11:36:27 ::1 GET /Service1.svc - 62434 - ::1 Mozilla/4.0+(compatible;+MSIE+6.0;+MS+Web+Services+Client+Protocol+4.0.30319.42000) - 500 0 0 300
2018-03-16 11:36:27 ::1 POST /Service1.svc - 62434 - ::1 - - 500 0 0 32
2018-03-16 11:36:27 ::1 POST /Service1.svc/mex - 62434 - ::1 - - 500 0 0 43
2018-03-16 11:36:27 ::1 GET /Service1.svc - 62434 - ::1 Mozilla/4.0+(compatible;+MSIE+6.0;+MS+Web+Services+Client+Protocol+4.0.30319.42000) - 500 0 0 101
#Software: Microsoft Internet Information Services 10.0
#Version: 1.0
#Date: 2018-03-16 11:49:16
#Fields: date time s-ip cs-method cs-uri-stem cs-uri-query s-port cs-username c-ip cs(User-Agent) cs(Referer) sc-status sc-substatus sc-win32-status time-taken
2018-03-16 11:49:16 ::1 GET /Service1.svc - 62434 - ::1 Mozilla/5.0+(Windows+NT+10.0;+Win64;+x64)+AppleWebKit/537.36+(KHTML,+like+Gecko)+Chrome/65.0.3325.162+Safari/537.36 - 500 0 0 5292
2018-03-16 11:49:16 ::1 GET /favicon.ico - 62434 - ::1 Mozilla/5.0+(Windows+NT+10.0;+Win64;+x64)+AppleWebKit/537.36+(KHTML,+like+Gecko)+Chrome/65.0.3325.162+Safari/537.36 http://localhost:62434/Service1.svc 404 0 2 247
2018-03-16 11:52:02 ::1 GET / - 62434 - ::1 Mozilla/5.0+(Windows+NT+10.0;+Win64;+x64)+AppleWebKit/537.36+(KHTML,+like+Gecko)+Chrome/65.0.3325.162+Safari/537.36 - 200 0 0 3115
2018-03-16 11:52:20 ::1 GET /Service1.svc - 62434 - ::1 Mozilla/5.0+(Windows+NT+10.0;+Win64;+x64)+AppleWebKit/537.36+(KHTML,+like+Gecko)+Chrome/65.0.3325.162+Safari/537.36 http://localhost:62434/ 200 0 0 2291
