#Software: Microsoft Internet Information Services 10.0
#Version: 1.0
#Date: 2018-09-17 06:31:22
#Fields: date time s-ip cs-method cs-uri-stem cs-uri-query s-port cs-username c-ip cs(User-Agent) cs(Referer) sc-status sc-substatus sc-win32-status time-taken
2018-09-17 06:31:22 ::1 GET /Customer.aspx - 61090 - ::1 Mozilla/5.0+(Windows+NT+10.0;+WOW64;+Trident/7.0;+rv:11.0)+like+Gecko - 200 0 0 45383
2018-09-17 06:31:24 ::1 GET /js/jquery.min.js - 61090 - ::1 Mozilla/5.0+(Windows+NT+10.0;+WOW64;+Trident/7.0;+rv:11.0)+like+Gecko http://localhost:61090/Customer.aspx 200 0 0 202
2018-09-17 06:31:24 ::1 GET /css/templatemo_style.css - 61090 - ::1 Mozilla/5.0+(Windows+NT+10.0;+WOW64;+Trident/7.0;+rv:11.0)+like+Gecko http://localhost:61090/Customer.aspx 200 0 0 290
2018-09-17 06:31:24 ::1 GET /css/ddsmoothmenu.css - 61090 - ::1 Mozilla/5.0+(Windows+NT+10.0;+WOW64;+Trident/7.0;+rv:11.0)+like+Gecko http://localhost:61090/Customer.aspx 200 0 0 280
2018-09-17 06:31:24 ::1 GET /js/ddsmoothmenu.js - 61090 - ::1 Mozilla/5.0+(Windows+NT+10.0;+WOW64;+Trident/7.0;+rv:11.0)+like+Gecko http://localhost:61090/Customer.aspx 200 0 0 295
2018-09-17 06:31:24 ::1 GET /Images/NurseandPatientJohnsHopkins.png.jpg - 61090 - ::1 Mozilla/5.0+(Windows+NT+10.0;+WOW64;+Trident/7.0;+rv:11.0)+like+Gecko http://localhost:61090/Customer.aspx 404 0 2 92
2018-09-17 06:31:24 ::1 GET /js/logging.js - 61090 - ::1 Mozilla/5.0+(Windows+NT+10.0;+WOW64;+Trident/7.0;+rv:11.0)+like+Gecko http://localhost:61090/Customer.aspx 200 0 0 108
2018-09-17 06:31:24 ::1 GET /WebResource.axd d=pynGkmcFUV13He1Qd6_TZIiAx4vZ-1dMkdhXuVTQFJ11LNI85ZWRG8QUiR9er7NZaKMyJT5cQSCSFoUUbzkvEw2&t=636668888816624236 61090 - ::1 Mozilla/5.0+(Windows+NT+10.0;+WOW64;+Trident/7.0;+rv:11.0)+like+Gecko http://localhost:61090/Customer.aspx 200 0 0 318
2018-09-17 06:31:24 ::1 GET /Images/edit.png - 61090 - ::1 Mozilla/5.0+(Windows+NT+10.0;+WOW64;+Trident/7.0;+rv:11.0)+like+Gecko http://localhost:61090/Customer.aspx 200 0 0 275
2018-09-17 06:31:24 ::1 GET /js/swfobject/swfobject.js - 61090 - ::1 Mozilla/5.0+(Windows+NT+10.0;+WOW64;+Trident/7.0;+rv:11.0)+like+Gecko http://localhost:61090/Customer.aspx 200 0 0 801
2018-09-17 06:31:24 ::1 GET /images/footer_icon.png - 61090 - ::1 Mozilla/5.0+(Windows+NT+10.0;+WOW64;+Trident/7.0;+rv:11.0)+like+Gecko http://localhost:61090/Customer.aspx 200 0 0 214
2018-09-17 06:31:24 ::1 GET /Images/Delete2.jpg - 61090 - ::1 Mozilla/5.0+(Windows+NT+10.0;+WOW64;+Trident/7.0;+rv:11.0)+like+Gecko http://localhost:61090/Customer.aspx 200 0 0 275
2018-09-17 06:31:24 ::1 GET /Images/Add1.jpg - 61090 - ::1 Mozilla/5.0+(Windows+NT+10.0;+WOW64;+Trident/7.0;+rv:11.0)+like+Gecko http://localhost:61090/Customer.aspx 200 0 0 283
2018-09-17 06:31:26 ::1 GET /images/templatemo_button.png - 61090 - ::1 Mozilla/5.0+(Windows+NT+10.0;+WOW64;+Trident/7.0;+rv:11.0)+like+Gecko http://localhost:61090/Customer.aspx 200 0 0 63
2018-09-17 06:31:26 ::1 GET /images/templatemo_middle.jpg - 61090 - ::1 Mozilla/5.0+(Windows+NT+10.0;+WOW64;+Trident/7.0;+rv:11.0)+like+Gecko http://localhost:61090/Customer.aspx 200 0 0 151
2018-09-17 06:31:26 ::1 GET /images/templatemo_header_bg.jpg - 61090 - ::1 Mozilla/5.0+(Windows+NT+10.0;+WOW64;+Trident/7.0;+rv:11.0)+like+Gecko http://localhost:61090/Customer.aspx 200 0 0 34
2018-09-17 06:31:26 ::1 GET /images/facebook.png - 61090 - ::1 Mozilla/5.0+(Windows+NT+10.0;+WOW64;+Trident/7.0;+rv:11.0)+like+Gecko http://localhost:61090/Customer.aspx 200 0 0 152
2018-09-17 06:31:26 ::1 GET /images/feed.png - 61090 - ::1 Mozilla/5.0+(Windows+NT+10.0;+WOW64;+Trident/7.0;+rv:11.0)+like+Gecko http://localhost:61090/Customer.aspx 200 0 0 151
2018-09-17 06:31:26 ::1 GET /images/twitter.png - 61090 - ::1 Mozilla/5.0+(Windows+NT+10.0;+WOW64;+Trident/7.0;+rv:11.0)+like+Gecko http://localhost:61090/Customer.aspx 200 0 0 172
2018-09-17 06:31:35 ::1 GET /EmployeeForm.aspx - 61090 - ::1 Mozilla/5.0+(Windows+NT+10.0;+WOW64;+Trident/7.0;+rv:11.0)+like+Gecko http://localhost:61090/Customer.aspx 200 0 0 69
2018-09-17 06:31:35 ::1 GET /Images/NurseandPatientJohnsHopkins.png.jpg - 61090 - ::1 Mozilla/5.0+(Windows+NT+10.0;+WOW64;+Trident/7.0;+rv:11.0)+like+Gecko http://localhost:61090/EmployeeForm.aspx 404 0 2 8
2018-09-17 06:31:37 ::1 GET /ViewEmployeeDetails.aspx - 61090 - ::1 Mozilla/5.0+(Windows+NT+10.0;+WOW64;+Trident/7.0;+rv:11.0)+like+Gecko http://localhost:61090/EmployeeForm.aspx 200 0 0 129
2018-09-17 06:31:37 ::1 GET /Images/NurseandPatientJohnsHopkins.png.jpg - 61090 - ::1 Mozilla/5.0+(Windows+NT+10.0;+WOW64;+Trident/7.0;+rv:11.0)+like+Gecko http://localhost:61090/ViewEmployeeDetails.aspx 404 0 2 56
2018-09-17 06:31:43 ::1 GET /Customer.aspx - 61090 - ::1 Mozilla/5.0+(Windows+NT+10.0;+WOW64;+Trident/7.0;+rv:11.0)+like+Gecko http://localhost:61090/ViewEmployeeDetails.aspx 200 0 0 20
2018-09-17 06:31:43 ::1 GET /Images/NurseandPatientJohnsHopkins.png.jpg - 61090 - ::1 Mozilla/5.0+(Windows+NT+10.0;+WOW64;+Trident/7.0;+rv:11.0)+like+Gecko http://localhost:61090/Customer.aspx 404 0 2 25
#Software: Microsoft Internet Information Services 10.0
#Version: 1.0
#Date: 2018-09-17 07:25:04
#Fields: date time s-ip cs-method cs-uri-stem cs-uri-query s-port cs-username c-ip cs(User-Agent) cs(Referer) sc-status sc-substatus sc-win32-status time-taken
2018-09-17 07:25:03 ::1 GET /MainForm.aspx - 61090 - ::1 Mozilla/5.0+(Windows+NT+10.0;+WOW64;+Trident/7.0;+rv:11.0)+like+Gecko - 200 0 0 11992
