#Software: Microsoft Internet Information Services 10.0
#Version: 1.0
#Date: 2018-08-21 07:07:53
#Fields: date time s-ip cs-method cs-uri-stem cs-uri-query s-port cs-username c-ip cs(User-Agent) cs(Referer) sc-status sc-substatus sc-win32-status time-taken
2018-08-21 07:07:53 ::1 GET /MainForm.aspx - 61090 - ::1 Mozilla/5.0+(Windows+NT+10.0;+WOW64;+Trident/7.0;+rv:11.0)+like+Gecko - 500 0 0 52013
2018-08-21 07:08:23 ::1 GET /MainForm.aspx - 61090 - ::1 Mozilla/5.0+(Windows+NT+10.0;+WOW64;+Trident/7.0;+rv:11.0)+like+Gecko - 500 0 0 14613
2018-08-21 07:09:41 ::1 GET /Employee.aspx - 61090 - ::1 Mozilla/5.0+(Windows+NT+10.0;+WOW64;+Trident/7.0;+rv:11.0)+like+Gecko - 200 0 0 510
2018-08-21 07:11:05 ::1 POST /Employee.aspx - 61090 - ::1 Mozilla/5.0+(Windows+NT+10.0;+WOW64;+Trident/7.0;+rv:11.0)+like+Gecko http://localhost:61090/Employee.aspx 200 0 64 14440
2018-08-21 07:11:05 ::1 POST /Employee.aspx - 61090 - ::1 Mozilla/5.0+(Windows+NT+10.0;+WOW64;+Trident/7.0;+rv:11.0)+like+Gecko http://localhost:61090/Employee.aspx 200 0 0 9015
2018-08-21 07:13:43 ::1 POST /Employee.aspx - 61090 - ::1 Mozilla/5.0+(Windows+NT+10.0;+WOW64;+Trident/7.0;+rv:11.0)+like+Gecko http://localhost:61090/Employee.aspx 200 0 0 14824
2018-08-21 07:17:21 ::1 POST /Employee.aspx - 61090 - ::1 Mozilla/5.0+(Windows+NT+10.0;+WOW64;+Trident/7.0;+rv:11.0)+like+Gecko http://localhost:61090/Employee.aspx 200 0 0 4218
2018-08-21 07:18:38 ::1 POST /Employee.aspx - 61090 - ::1 Mozilla/5.0+(Windows+NT+10.0;+WOW64;+Trident/7.0;+rv:11.0)+like+Gecko http://localhost:61090/Employee.aspx 200 0 0 134
2018-08-21 07:18:59 ::1 POST /Employee.aspx - 61090 - ::1 Mozilla/5.0+(Windows+NT+10.0;+WOW64;+Trident/7.0;+rv:11.0)+like+Gecko http://localhost:61090/Employee.aspx 200 0 0 18
2018-08-21 07:22:58 ::1 GET /MainForm.aspx - 61090 - ::1 Mozilla/5.0+(Windows+NT+10.0;+WOW64;+Trident/7.0;+rv:11.0)+like+Gecko - 500 0 0 14957
2018-08-21 07:22:58 ::1 GET /Employee.aspx - 61090 - ::1 Mozilla/5.0+(Windows+NT+10.0;+WOW64;+Trident/7.0;+rv:11.0)+like+Gecko - 200 0 0 50
2018-08-21 07:23:24 ::1 POST /Employee.aspx - 61090 - ::1 Mozilla/5.0+(Windows+NT+10.0;+WOW64;+Trident/7.0;+rv:11.0)+like+Gecko http://localhost:61090/Employee.aspx 200 0 0 42
#Software: Microsoft Internet Information Services 10.0
#Version: 1.0
#Date: 2018-08-21 08:04:59
#Fields: date time s-ip cs-method cs-uri-stem cs-uri-query s-port cs-username c-ip cs(User-Agent) cs(Referer) sc-status sc-substatus sc-win32-status time-taken
2018-08-21 08:04:59 ::1 GET /Employee.aspx - 61090 - ::1 Mozilla/5.0+(Windows+NT+10.0;+WOW64;+Trident/7.0;+rv:11.0)+like+Gecko - 200 0 0 16852
2018-08-21 08:12:06 ::1 POST /Employee.aspx - 61090 - ::1 Mozilla/5.0+(Windows+NT+10.0;+WOW64;+Trident/7.0;+rv:11.0)+like+Gecko http://localhost:61090/Employee.aspx 200 0 0 274759
#Software: Microsoft Internet Information Services 10.0
#Version: 1.0
#Date: 2018-08-21 08:15:05
#Fields: date time s-ip cs-method cs-uri-stem cs-uri-query s-port cs-username c-ip cs(User-Agent) cs(Referer) sc-status sc-substatus sc-win32-status time-taken
2018-08-21 08:15:05 ::1 GET /Employee.aspx - 61090 - ::1 Mozilla/5.0+(Windows+NT+10.0;+WOW64;+Trident/7.0;+rv:11.0)+like+Gecko - 200 0 0 7465
2018-08-21 08:15:19 ::1 GET /MainForm.aspx - 61090 - ::1 Mozilla/5.0+(Windows+NT+10.0;+WOW64;+Trident/7.0;+rv:11.0)+like+Gecko - 500 0 64 33758
2018-08-21 08:15:52 ::1 POST /Employee.aspx - 61090 - ::1 Mozilla/5.0+(Windows+NT+10.0;+WOW64;+Trident/7.0;+rv:11.0)+like+Gecko http://localhost:61090/Employee.aspx 200 0 0 383
#Software: Microsoft Internet Information Services 10.0
#Version: 1.0
#Date: 2018-08-21 08:16:37
#Fields: date time s-ip cs-method cs-uri-stem cs-uri-query s-port cs-username c-ip cs(User-Agent) cs(Referer) sc-status sc-substatus sc-win32-status time-taken
2018-08-21 08:16:37 ::1 GET /MainForm.aspx - 61090 - ::1 Mozilla/5.0+(Windows+NT+10.0;+WOW64;+Trident/7.0;+rv:11.0)+like+Gecko - 500 0 0 26582
2018-08-21 08:16:59 ::1 GET /Employee.aspx - 61090 - ::1 Mozilla/5.0+(Windows+NT+10.0;+WOW64;+Trident/7.0;+rv:11.0)+like+Gecko - 200 0 0 298
#Software: Microsoft Internet Information Services 10.0
#Version: 1.0
#Date: 2018-08-21 08:33:00
#Fields: date time s-ip cs-method cs-uri-stem cs-uri-query s-port cs-username c-ip cs(User-Agent) cs(Referer) sc-status sc-substatus sc-win32-status time-taken
2018-08-21 08:33:00 ::1 POST /Employee.aspx - 61090 - ::1 Mozilla/5.0+(Windows+NT+10.0;+WOW64;+Trident/7.0;+rv:11.0)+like+Gecko http://localhost:61090/Employee.aspx 200 0 0 943534
2018-08-21 08:34:01 ::1 POST /Employee.aspx - 61090 - ::1 Mozilla/5.0+(Windows+NT+10.0;+WOW64;+Trident/7.0;+rv:11.0)+like+Gecko http://localhost:61090/Employee.aspx 200 0 0 48478
2018-08-21 08:38:30 ::1 POST /Employee.aspx - 61090 - ::1 Mozilla/5.0+(Windows+NT+10.0;+WOW64;+Trident/7.0;+rv:11.0)+like+Gecko http://localhost:61090/Employee.aspx 200 0 0 256134
2018-08-21 08:38:52 ::1 POST /Employee.aspx - 61090 - ::1 Mozilla/5.0+(Windows+NT+10.0;+WOW64;+Trident/7.0;+rv:11.0)+like+Gecko http://localhost:61090/Employee.aspx 200 0 0 11045
#Software: Microsoft Internet Information Services 10.0
#Version: 1.0
#Date: 2018-08-21 08:57:20
#Fields: date time s-ip cs-method cs-uri-stem cs-uri-query s-port cs-username c-ip cs(User-Agent) cs(Referer) sc-status sc-substatus sc-win32-status time-taken
2018-08-21 08:57:19 ::1 GET /Employee.aspx - 61090 - ::1 Mozilla/5.0+(Windows+NT+10.0;+WOW64;+Trident/7.0;+rv:11.0)+like+Gecko - 200 0 0 72263
2018-08-21 09:03:52 ::1 GET /Empyee.aspx - 61090 - ::1 Mozilla/5.0+(Windows+NT+10.0;+WOW64;+Trident/7.0;+rv:11.0)+like+Gecko - 404 0 0 74
2018-08-21 09:04:02 ::1 GET /MainForm.aspx - 61090 - ::1 Mozilla/5.0+(Windows+NT+10.0;+WOW64;+Trident/7.0;+rv:11.0)+like+Gecko - 500 0 64 28875
2018-08-21 09:04:08 ::1 GET /Employee.aspx - 61090 - ::1 Mozilla/5.0+(Windows+NT+10.0;+WOW64;+Trident/7.0;+rv:11.0)+like+Gecko - 200 0 0 64
2018-08-21 09:12:25 ::1 GET /Employee.aspx - 61090 - ::1 Mozilla/5.0+(Windows+NT+10.0;+WOW64;+Trident/7.0;+rv:11.0)+like+Gecko - 200 0 0 9423
2018-08-21 09:15:08 ::1 GET /MainForm.aspx - 61090 - ::1 Mozilla/5.0+(Windows+NT+10.0;+Win64;+x64)+AppleWebKit/537.36+(KHTML,+like+Gecko)+Chrome/68.0.3440.106+Safari/537.36 - 500 0 0 22068
2018-08-21 09:17:16 ::1 GET /Employee.aspx - 61090 - ::1 Mozilla/5.0+(Windows+NT+10.0;+WOW64;+Trident/7.0;+rv:11.0)+like+Gecko - 200 0 0 10434
#Software: Microsoft Internet Information Services 10.0
#Version: 1.0
#Date: 2018-08-21 10:01:16
#Fields: date time s-ip cs-method cs-uri-stem cs-uri-query s-port cs-username c-ip cs(User-Agent) cs(Referer) sc-status sc-substatus sc-win32-status time-taken
2018-08-21 10:01:15 ::1 GET /WebApp2.aspx - 49318 - ::1 Mozilla/5.0+(Windows+NT+10.0;+WOW64;+Trident/7.0;+rv:11.0)+like+Gecko - 200 0 0 59153
2018-08-21 10:01:18 ::1 GET /css/bootstrap.css - 49318 - ::1 Mozilla/5.0+(Windows+NT+10.0;+WOW64;+Trident/7.0;+rv:11.0)+like+Gecko http://localhost:49318/WebApp2.aspx 200 0 0 1835
2018-08-21 10:01:18 ::1 GET /css/myStyle.css - 49318 - ::1 Mozilla/5.0+(Windows+NT+10.0;+WOW64;+Trident/7.0;+rv:11.0)+like+Gecko http://localhost:49318/WebApp2.aspx 200 0 0 1619
2018-08-21 10:01:18 ::1 GET /css/font-awesome.css - 49318 - ::1 Mozilla/5.0+(Windows+NT+10.0;+WOW64;+Trident/7.0;+rv:11.0)+like+Gecko http://localhost:49318/WebApp2.aspx 200 0 0 2188
2018-08-21 10:01:18 ::1 GET /js/jquery.min.js - 49318 - ::1 Mozilla/5.0+(Windows+NT+10.0;+WOW64;+Trident/7.0;+rv:11.0)+like+Gecko http://localhost:49318/WebApp2.aspx 200 0 0 2277
2018-08-21 10:01:18 ::1 GET /js/jquery.js - 49318 - ::1 Mozilla/5.0+(Windows+NT+10.0;+WOW64;+Trident/7.0;+rv:11.0)+like+Gecko http://localhost:49318/WebApp2.aspx 200 0 0 2350
2018-08-21 10:01:18 ::1 GET /css/jquery-ui.css - 49318 - ::1 Mozilla/5.0+(Windows+NT+10.0;+WOW64;+Trident/7.0;+rv:11.0)+like+Gecko http://localhost:49318/WebApp2.aspx 200 0 0 1811
2018-08-21 10:01:18 ::1 GET /js/jquery-ui.min.js - 49318 - ::1 Mozilla/5.0+(Windows+NT+10.0;+WOW64;+Trident/7.0;+rv:11.0)+like+Gecko http://localhost:49318/WebApp2.aspx 200 0 0 2385
2018-08-21 10:01:18 ::1 GET /js/bootstrap.js - 49318 - ::1 Mozilla/5.0+(Windows+NT+10.0;+WOW64;+Trident/7.0;+rv:11.0)+like+Gecko http://localhost:49318/WebApp2.aspx 200 0 0 2483
2018-08-21 10:01:26 ::1 GET /fonts/fontawesome-webfont.eot - 49318 - ::1 Mozilla/5.0+(Windows+NT+10.0;+WOW64;+Trident/7.0;+rv:11.0)+like+Gecko http://localhost:49318/WebApp2.aspx 200 0 0 2169
#Software: Microsoft Internet Information Services 10.0
#Version: 1.0
#Date: 2018-08-21 10:26:18
#Fields: date time s-ip cs-method cs-uri-stem cs-uri-query s-port cs-username c-ip cs(User-Agent) cs(Referer) sc-status sc-substatus sc-win32-status time-taken
2018-08-21 10:26:18 ::1 GET /WebApp2.aspx - 49318 - ::1 Mozilla/5.0+(Windows+NT+10.0;+WOW64;+Trident/7.0;+rv:11.0)+like+Gecko - 200 0 0 57078
2018-08-21 10:27:06 ::1 POST /WebApp2.aspx - 49318 - ::1 Mozilla/5.0+(Windows+NT+10.0;+WOW64;+Trident/7.0;+rv:11.0)+like+Gecko http://localhost:49318/WebApp2.aspx 500 0 0 2860
2018-08-21 10:29:27 ::1 GET /WebApp2.aspx - 49318 - ::1 Mozilla/5.0+(Windows+NT+10.0;+WOW64;+Trident/7.0;+rv:11.0)+like+Gecko - 200 0 0 6005
2018-08-21 10:29:51 ::1 POST /WebApp2.aspx - 49318 - ::1 Mozilla/5.0+(Windows+NT+10.0;+WOW64;+Trident/7.0;+rv:11.0)+like+Gecko http://localhost:49318/WebApp2.aspx 200 0 0 698
2018-08-21 10:37:43 ::1 GET /WebForm3.aspx - 49318 - ::1 Mozilla/5.0+(Windows+NT+10.0;+WOW64;+Trident/7.0;+rv:11.0)+like+Gecko - 200 0 0 4091
2018-08-21 10:37:46 ::1 POST /WebForm3.aspx - 49318 - ::1 Mozilla/5.0+(Windows+NT+10.0;+WOW64;+Trident/7.0;+rv:11.0)+like+Gecko http://localhost:49318/WebForm3.aspx 302 0 0 199
2018-08-21 10:37:46 ::1 GET /WebApp2.aspx - 49318 - ::1 Mozilla/5.0+(Windows+NT+10.0;+WOW64;+Trident/7.0;+rv:11.0)+like+Gecko http://localhost:49318/WebForm3.aspx 200 0 0 47
#Software: Microsoft Internet Information Services 10.0
#Version: 1.0
#Date: 2018-08-21 12:12:54
#Fields: date time s-ip cs-method cs-uri-stem cs-uri-query s-port cs-username c-ip cs(User-Agent) cs(Referer) sc-status sc-substatus sc-win32-status time-taken
2018-08-21 12:12:54 ::1 GET /Employee.aspx - 61090 - ::1 Mozilla/5.0+(Windows+NT+10.0;+WOW64;+Trident/7.0;+rv:11.0)+like+Gecko - 200 0 0 29499
2018-08-21 12:13:04 ::1 GET /Employee.aspx - 61090 - ::1 Mozilla/5.0+(Windows+NT+10.0;+WOW64;+Trident/7.0;+rv:11.0)+like+Gecko - 200 0 0 8
#Software: Microsoft Internet Information Services 10.0
#Version: 1.0
#Date: 2018-08-21 12:30:27
#Fields: date time s-ip cs-method cs-uri-stem cs-uri-query s-port cs-username c-ip cs(User-Agent) cs(Referer) sc-status sc-substatus sc-win32-status time-taken
2018-08-21 12:30:27 ::1 GET /Employee.aspx - 61090 - ::1 Mozilla/5.0+(Windows+NT+10.0;+WOW64;+Trident/7.0;+rv:11.0)+like+Gecko - 200 0 0 371
2018-08-21 12:30:41 ::1 GET /MainForm.aspx - 61090 - ::1 Mozilla/5.0+(Windows+NT+10.0;+WOW64;+Trident/7.0;+rv:11.0)+like+Gecko - 500 0 64 33628
2018-08-21 12:33:58 ::1 GET /Employee.aspx - 61090 - ::1 Mozilla/5.0+(Windows+NT+10.0;+WOW64;+Trident/7.0;+rv:11.0)+like+Gecko - 500 0 0 34
2018-08-21 12:34:05 ::1 GET /MainForm.aspx - 61090 - ::1 Mozilla/5.0+(Windows+NT+10.0;+WOW64;+Trident/7.0;+rv:11.0)+like+Gecko - 500 0 64 18038
2018-08-21 12:35:54 ::1 GET /Employee.aspx - 61090 - ::1 Mozilla/5.0+(Windows+NT+10.0;+WOW64;+Trident/7.0;+rv:11.0)+like+Gecko - 500 0 0 695
2018-08-21 12:35:54 ::1 GET /MainForm.aspx - 61090 - ::1 Mozilla/5.0+(Windows+NT+10.0;+WOW64;+Trident/7.0;+rv:11.0)+like+Gecko - 500 0 64 15016
2018-08-21 12:36:21 ::1 GET /Employee.aspx - 61090 - ::1 Mozilla/5.0+(Windows+NT+10.0;+WOW64;+Trident/7.0;+rv:11.0)+like+Gecko - 500 0 0 573
2018-08-21 12:37:01 ::1 GET /Employee.aspx - 61090 - ::1 Mozilla/5.0+(Windows+NT+10.0;+WOW64;+Trident/7.0;+rv:11.0)+like+Gecko - 200 0 0 46
2018-08-21 12:37:03 ::1 GET /MainForm.aspx - 61090 - ::1 Mozilla/5.0+(Windows+NT+10.0;+WOW64;+Trident/7.0;+rv:11.0)+like+Gecko - 500 0 64 17264
2018-08-21 12:37:26 ::1 POST /Employee.aspx - 61090 - ::1 Mozilla/5.0+(Windows+NT+10.0;+WOW64;+Trident/7.0;+rv:11.0)+like+Gecko http://localhost:61090/Employee.aspx 200 0 0 2564
2018-08-21 12:39:31 ::1 GET /Employee.aspx - 61090 - ::1 Mozilla/5.0+(Windows+NT+10.0;+WOW64;+Trident/7.0;+rv:11.0)+like+Gecko - 200 0 0 38
2018-08-21 12:39:37 ::1 GET /MainForm.aspx - 61090 - ::1 Mozilla/5.0+(Windows+NT+10.0;+WOW64;+Trident/7.0;+rv:11.0)+like+Gecko - 500 0 64 16475
2018-08-21 12:40:46 ::1 GET /Employee.aspx - 61090 - ::1 Mozilla/5.0+(Windows+NT+10.0;+WOW64;+Trident/7.0;+rv:11.0)+like+Gecko - 200 0 0 40
2018-08-21 12:40:52 ::1 GET /MainForm.aspx - 61090 - ::1 Mozilla/5.0+(Windows+NT+10.0;+WOW64;+Trident/7.0;+rv:11.0)+like+Gecko - 500 0 64 15944
