#Software: Microsoft Internet Information Services 10.0
#Version: 1.0
#Date: 2018-09-08 07:46:51
#Fields: date time s-ip cs-method cs-uri-stem cs-uri-query s-port cs-username c-ip cs(User-Agent) cs(Referer) sc-status sc-substatus sc-win32-status time-taken
2018-09-08 07:46:51 ::1 GET /Customer.aspx - 61090 - ::1 Mozilla/5.0+(Windows+NT+10.0;+WOW64;+Trident/7.0;+rv:11.0)+like+Gecko - 200 0 0 20762
2018-09-08 07:46:51 ::1 GET /css/templatemo_style.css - 61090 - ::1 Mozilla/5.0+(Windows+NT+10.0;+WOW64;+Trident/7.0;+rv:11.0)+like+Gecko http://localhost:61090/Customer.aspx 304 0 0 115
2018-09-08 07:46:51 ::1 GET /js/ddsmoothmenu.js - 61090 - ::1 Mozilla/5.0+(Windows+NT+10.0;+WOW64;+Trident/7.0;+rv:11.0)+like+Gecko http://localhost:61090/Customer.aspx 304 0 0 792
2018-09-08 07:47:10 ::1 POST /Customer.aspx - 61090 - ::1 Mozilla/5.0+(Windows+NT+10.0;+WOW64;+Trident/7.0;+rv:11.0)+like+Gecko http://localhost:61090/Customer.aspx 200 0 0 577
2018-09-08 07:47:23 ::1 POST /ReportViewer.aspx Month=-1 61090 - ::1 Mozilla/5.0+(Windows+NT+10.0;+WOW64;+Trident/7.0;+rv:11.0)+like+Gecko http://localhost:61090/Customer.aspx 500 0 0 1006
2018-09-08 07:47:32 ::1 POST /ReportViewer.aspx Month=-1 61090 - ::1 Mozilla/5.0+(Windows+NT+10.0;+WOW64;+Trident/7.0;+rv:11.0)+like+Gecko http://localhost:61090/Customer.aspx 500 0 0 10
2018-09-08 07:47:39 ::1 POST /ReportViewer.aspx Month=-1 61090 - ::1 Mozilla/5.0+(Windows+NT+10.0;+WOW64;+Trident/7.0;+rv:11.0)+like+Gecko http://localhost:61090/Customer.aspx 500 0 0 4
2018-09-08 07:48:08 ::1 POST /EmployeeReceipt.aspx empName=Anushree&Month=-1 61090 - ::1 Mozilla/5.0+(Windows+NT+10.0;+WOW64;+Trident/7.0;+rv:11.0)+like+Gecko http://localhost:61090/Customer.aspx 500 0 0 93
2018-09-08 07:49:35 ::1 GET /EmployeeForm.aspx - 61090 - ::1 Mozilla/5.0+(Windows+NT+10.0;+WOW64;+Trident/7.0;+rv:11.0)+like+Gecko http://localhost:61090/Customer.aspx 200 0 0 112
2018-09-08 07:49:40 ::1 GET /Customer.aspx - 61090 - ::1 Mozilla/5.0+(Windows+NT+10.0;+WOW64;+Trident/7.0;+rv:11.0)+like+Gecko http://localhost:61090/EmployeeForm.aspx 200 0 0 54
2018-09-08 07:49:43 ::1 GET /EmployeeForm.aspx - 61090 - ::1 Mozilla/5.0+(Windows+NT+10.0;+WOW64;+Trident/7.0;+rv:11.0)+like+Gecko http://localhost:61090/Customer.aspx 200 0 0 15
2018-09-08 07:49:51 ::1 GET /Customer.aspx - 61090 - ::1 Mozilla/5.0+(Windows+NT+10.0;+WOW64;+Trident/7.0;+rv:11.0)+like+Gecko http://localhost:61090/EmployeeForm.aspx 200 0 0 20
#Software: Microsoft Internet Information Services 10.0
#Version: 1.0
#Date: 2018-09-08 08:10:17
#Fields: date time s-ip cs-method cs-uri-stem cs-uri-query s-port cs-username c-ip cs(User-Agent) cs(Referer) sc-status sc-substatus sc-win32-status time-taken
2018-09-08 08:10:17 ::1 GET /Customer.aspx - 61090 - ::1 Mozilla/5.0+(Windows+NT+10.0;+WOW64;+Trident/7.0;+rv:11.0)+like+Gecko - 200 0 0 1676
2018-09-08 08:10:22 ::1 GET /EmployeeForm.aspx - 61090 - ::1 Mozilla/5.0+(Windows+NT+10.0;+WOW64;+Trident/7.0;+rv:11.0)+like+Gecko http://localhost:61090/Customer.aspx 200 0 0 54
2018-09-08 08:10:25 ::1 GET /Customer.aspx - 61090 - ::1 Mozilla/5.0+(Windows+NT+10.0;+WOW64;+Trident/7.0;+rv:11.0)+like+Gecko http://localhost:61090/EmployeeForm.aspx 200 0 0 8
2018-09-08 08:11:09 ::1 GET /Customer.aspx - 61090 - ::1 Mozilla/5.0+(Windows+NT+10.0;+WOW64;+Trident/7.0;+rv:11.0)+like+Gecko - 200 0 0 1642
2018-09-08 08:11:18 ::1 GET /EmployeeForm.aspx - 61090 - ::1 Mozilla/5.0+(Windows+NT+10.0;+WOW64;+Trident/7.0;+rv:11.0)+like+Gecko http://localhost:61090/Customer.aspx 200 0 0 53
2018-09-08 08:11:21 ::1 GET /Customer.aspx - 61090 - ::1 Mozilla/5.0+(Windows+NT+10.0;+WOW64;+Trident/7.0;+rv:11.0)+like+Gecko http://localhost:61090/EmployeeForm.aspx 200 0 0 13
2018-09-08 08:15:46 ::1 GET /Customer.aspx - 61090 - ::1 Mozilla/5.0+(Windows+NT+10.0;+WOW64;+Trident/7.0;+rv:11.0)+like+Gecko - 200 0 0 3488
2018-09-08 08:19:27 ::1 GET /css/templatemo_style.css - 61090 - ::1 Mozilla/5.0+(Windows+NT+10.0;+WOW64;+Trident/7.0;+rv:11.0)+like+Gecko - 200 0 0 181
2018-09-08 08:26:57 ::1 GET /Customer.aspx - 61090 - ::1 Mozilla/5.0+(Windows+NT+10.0;+Win64;+x64)+AppleWebKit/537.36+(KHTML,+like+Gecko)+Chrome/68.0.3440.106+Safari/537.36 - 200 0 0 751
2018-09-08 08:27:00 ::1 GET /css/templatemo_style.css - 61090 - ::1 Mozilla/5.0+(Windows+NT+10.0;+Win64;+x64)+AppleWebKit/537.36+(KHTML,+like+Gecko)+Chrome/68.0.3440.106+Safari/537.36 http://localhost:61090/Customer.aspx 200 0 0 748
2018-09-08 08:27:00 ::1 GET /js/jquery.min.js - 61090 - ::1 Mozilla/5.0+(Windows+NT+10.0;+Win64;+x64)+AppleWebKit/537.36+(KHTML,+like+Gecko)+Chrome/68.0.3440.106+Safari/537.36 http://localhost:61090/Customer.aspx 200 0 0 750
2018-09-08 08:27:00 ::1 GET /css/ddsmoothmenu.css - 61090 - ::1 Mozilla/5.0+(Windows+NT+10.0;+Win64;+x64)+AppleWebKit/537.36+(KHTML,+like+Gecko)+Chrome/68.0.3440.106+Safari/537.36 http://localhost:61090/Customer.aspx 200 0 0 789
2018-09-08 08:27:00 ::1 GET /js/ddsmoothmenu.js - 61090 - ::1 Mozilla/5.0+(Windows+NT+10.0;+Win64;+x64)+AppleWebKit/537.36+(KHTML,+like+Gecko)+Chrome/68.0.3440.106+Safari/537.36 http://localhost:61090/Customer.aspx 200 0 0 789
2018-09-08 08:27:00 ::1 GET /Images/edit.png - 61090 - ::1 Mozilla/5.0+(Windows+NT+10.0;+Win64;+x64)+AppleWebKit/537.36+(KHTML,+like+Gecko)+Chrome/68.0.3440.106+Safari/537.36 http://localhost:61090/Customer.aspx 200 0 0 546
2018-09-08 08:27:01 ::1 GET /Images/Delete2.jpg - 61090 - ::1 Mozilla/5.0+(Windows+NT+10.0;+Win64;+x64)+AppleWebKit/537.36+(KHTML,+like+Gecko)+Chrome/68.0.3440.106+Safari/537.36 http://localhost:61090/Customer.aspx 200 0 0 147
2018-09-08 08:27:01 ::1 GET /js/swfobject/swfobject.js - 61090 - ::1 Mozilla/5.0+(Windows+NT+10.0;+Win64;+x64)+AppleWebKit/537.36+(KHTML,+like+Gecko)+Chrome/68.0.3440.106+Safari/537.36 http://localhost:61090/Customer.aspx 200 0 0 1803
2018-09-08 08:27:01 ::1 GET /WebResource.axd d=pynGkmcFUV13He1Qd6_TZIiAx4vZ-1dMkdhXuVTQFJ11LNI85ZWRG8QUiR9er7NZaKMyJT5cQSCSFoUUbzkvEw2&t=636668888816624236 61090 - ::1 Mozilla/5.0+(Windows+NT+10.0;+Win64;+x64)+AppleWebKit/537.36+(KHTML,+like+Gecko)+Chrome/68.0.3440.106+Safari/537.36 http://localhost:61090/Customer.aspx 200 0 0 2788
2018-09-08 08:27:02 ::1 GET /js/logging.js - 61090 - ::1 Mozilla/5.0+(Windows+NT+10.0;+Win64;+x64)+AppleWebKit/537.36+(KHTML,+like+Gecko)+Chrome/68.0.3440.106+Safari/537.36 http://localhost:61090/Customer.aspx 200 0 0 5
2018-09-08 08:27:02 ::1 GET /Images/Add1.jpg - 61090 - ::1 Mozilla/5.0+(Windows+NT+10.0;+Win64;+x64)+AppleWebKit/537.36+(KHTML,+like+Gecko)+Chrome/68.0.3440.106+Safari/537.36 http://localhost:61090/Customer.aspx 200 0 0 163
2018-09-08 08:27:03 ::1 GET /images/footer_icon.png - 61090 - ::1 Mozilla/5.0+(Windows+NT+10.0;+Win64;+x64)+AppleWebKit/537.36+(KHTML,+like+Gecko)+Chrome/68.0.3440.106+Safari/537.36 http://localhost:61090/Customer.aspx 200 0 0 5
2018-09-08 08:27:05 ::1 GET /images/templatemo_header_bg.jpg - 61090 - ::1 Mozilla/5.0+(Windows+NT+10.0;+Win64;+x64)+AppleWebKit/537.36+(KHTML,+like+Gecko)+Chrome/68.0.3440.106+Safari/537.36 http://localhost:61090/css/templatemo_style.css 200 0 0 2
2018-09-08 08:27:05 ::1 GET /images/templatemo_middle.jpg - 61090 - ::1 Mozilla/5.0+(Windows+NT+10.0;+Win64;+x64)+AppleWebKit/537.36+(KHTML,+like+Gecko)+Chrome/68.0.3440.106+Safari/537.36 http://localhost:61090/css/templatemo_style.css 200 0 0 91
2018-09-08 08:27:12 ::1 GET /images/templatemo_button.png - 61090 - ::1 Mozilla/5.0+(Windows+NT+10.0;+Win64;+x64)+AppleWebKit/537.36+(KHTML,+like+Gecko)+Chrome/68.0.3440.106+Safari/537.36 http://localhost:61090/css/templatemo_style.css 200 0 0 31
2018-09-08 08:27:12 ::1 GET /images/twitter.png - 61090 - ::1 Mozilla/5.0+(Windows+NT+10.0;+Win64;+x64)+AppleWebKit/537.36+(KHTML,+like+Gecko)+Chrome/68.0.3440.106+Safari/537.36 http://localhost:61090/css/templatemo_style.css 200 0 0 204
2018-09-08 08:27:12 ::1 GET /images/feed.png - 61090 - ::1 Mozilla/5.0+(Windows+NT+10.0;+Win64;+x64)+AppleWebKit/537.36+(KHTML,+like+Gecko)+Chrome/68.0.3440.106+Safari/537.36 http://localhost:61090/css/templatemo_style.css 200 0 0 226
2018-09-08 08:27:12 ::1 GET /images/facebook.png - 61090 - ::1 Mozilla/5.0+(Windows+NT+10.0;+Win64;+x64)+AppleWebKit/537.36+(KHTML,+like+Gecko)+Chrome/68.0.3440.106+Safari/537.36 http://localhost:61090/css/templatemo_style.css 200 0 0 203
2018-09-08 08:27:12 ::1 GET /images/calendar.png - 61090 - ::1 Mozilla/5.0+(Windows+NT+10.0;+Win64;+x64)+AppleWebKit/537.36+(KHTML,+like+Gecko)+Chrome/68.0.3440.106+Safari/537.36 http://localhost:61090/Customer.aspx 200 0 0 95
2018-09-08 08:27:18 ::1 GET /favicon.ico - 61090 - ::1 Mozilla/5.0+(Windows+NT+10.0;+Win64;+x64)+AppleWebKit/537.36+(KHTML,+like+Gecko)+Chrome/68.0.3440.106+Safari/537.36 http://localhost:61090/Customer.aspx 404 0 2 357
2018-09-08 08:27:29 ::1 POST /Customer.aspx - 61090 - ::1 Mozilla/5.0+(Windows+NT+10.0;+Win64;+x64)+AppleWebKit/537.36+(KHTML,+like+Gecko)+Chrome/68.0.3440.106+Safari/537.36 http://localhost:61090/Customer.aspx 200 0 0 2159
2018-09-08 08:27:46 ::1 POST /Customer.aspx - 61090 - ::1 Mozilla/5.0+(Windows+NT+10.0;+Win64;+x64)+AppleWebKit/537.36+(KHTML,+like+Gecko)+Chrome/68.0.3440.106+Safari/537.36 http://localhost:61090/Customer.aspx 200 0 0 96
2018-09-08 08:28:15 ::1 POST /Customer.aspx - 61090 - ::1 Mozilla/5.0+(Windows+NT+10.0;+Win64;+x64)+AppleWebKit/537.36+(KHTML,+like+Gecko)+Chrome/68.0.3440.106+Safari/537.36 http://localhost:61090/Customer.aspx 200 0 0 170
2018-09-08 08:28:24 ::1 GET /Customer.aspx - 61090 - ::1 Mozilla/5.0+(Windows+NT+10.0;+Win64;+x64)+AppleWebKit/537.36+(KHTML,+like+Gecko)+Chrome/68.0.3440.106+Safari/537.36 - 200 0 0 32
2018-09-08 08:28:33 ::1 POST /Customer.aspx - 61090 - ::1 Mozilla/5.0+(Windows+NT+10.0;+Win64;+x64)+AppleWebKit/537.36+(KHTML,+like+Gecko)+Chrome/68.0.3440.106+Safari/537.36 http://localhost:61090/Customer.aspx 200 0 0 24
2018-09-08 08:28:51 ::1 GET /Customer.aspx - 61090 - ::1 Mozilla/5.0+(Windows+NT+10.0;+Win64;+x64)+AppleWebKit/537.36+(KHTML,+like+Gecko)+Chrome/68.0.3440.106+Safari/537.36 - 200 0 0 64
2018-09-08 08:29:49 ::1 POST /Customer.aspx - 61090 - ::1 Mozilla/5.0+(Windows+NT+10.0;+Win64;+x64)+AppleWebKit/537.36+(KHTML,+like+Gecko)+Chrome/68.0.3440.106+Safari/537.36 http://localhost:61090/Customer.aspx 200 0 0 93
2018-09-08 08:29:57 ::1 POST /Customer.aspx - 61090 - ::1 Mozilla/5.0+(Windows+NT+10.0;+Win64;+x64)+AppleWebKit/537.36+(KHTML,+like+Gecko)+Chrome/68.0.3440.106+Safari/537.36 http://localhost:61090/Customer.aspx 200 0 0 41
2018-09-08 08:30:13 ::1 POST /Customer.aspx - 61090 - ::1 Mozilla/5.0+(Windows+NT+10.0;+Win64;+x64)+AppleWebKit/537.36+(KHTML,+like+Gecko)+Chrome/68.0.3440.106+Safari/537.36 http://localhost:61090/Customer.aspx 200 0 0 39
2018-09-08 08:30:51 ::1 POST /Customer.aspx - 61090 - ::1 Mozilla/5.0+(Windows+NT+10.0;+Win64;+x64)+AppleWebKit/537.36+(KHTML,+like+Gecko)+Chrome/68.0.3440.106+Safari/537.36 http://localhost:61090/Customer.aspx 200 0 0 8548
2018-09-08 08:31:26 ::1 POST /Customer.aspx - 61090 - ::1 Mozilla/5.0+(Windows+NT+10.0;+Win64;+x64)+AppleWebKit/537.36+(KHTML,+like+Gecko)+Chrome/68.0.3440.106+Safari/537.36 http://localhost:61090/Customer.aspx 200 0 0 1751
2018-09-08 08:32:07 ::1 POST /Customer.aspx - 61090 - ::1 Mozilla/5.0+(Windows+NT+10.0;+Win64;+x64)+AppleWebKit/537.36+(KHTML,+like+Gecko)+Chrome/68.0.3440.106+Safari/537.36 http://localhost:61090/Customer.aspx 200 0 0 1188
2018-09-08 08:32:52 ::1 POST /Customer.aspx - 61090 - ::1 Mozilla/5.0+(Windows+NT+10.0;+Win64;+x64)+AppleWebKit/537.36+(KHTML,+like+Gecko)+Chrome/68.0.3440.106+Safari/537.36 http://localhost:61090/Customer.aspx 200 0 0 333
2018-09-08 08:33:22 ::1 POST /Customer.aspx - 61090 - ::1 Mozilla/5.0+(Windows+NT+10.0;+Win64;+x64)+AppleWebKit/537.36+(KHTML,+like+Gecko)+Chrome/68.0.3440.106+Safari/537.36 http://localhost:61090/Customer.aspx 200 0 0 50
2018-09-08 08:33:51 ::1 POST /Customer.aspx - 61090 - ::1 Mozilla/5.0+(Windows+NT+10.0;+Win64;+x64)+AppleWebKit/537.36+(KHTML,+like+Gecko)+Chrome/68.0.3440.106+Safari/537.36 http://localhost:61090/Customer.aspx 200 0 0 163
2018-09-08 08:34:29 ::1 POST /Customer.aspx - 61090 - ::1 Mozilla/5.0+(Windows+NT+10.0;+Win64;+x64)+AppleWebKit/537.36+(KHTML,+like+Gecko)+Chrome/68.0.3440.106+Safari/537.36 http://localhost:61090/Customer.aspx 200 0 0 382
2018-09-08 08:35:01 ::1 POST /Customer.aspx - 61090 - ::1 Mozilla/5.0+(Windows+NT+10.0;+Win64;+x64)+AppleWebKit/537.36+(KHTML,+like+Gecko)+Chrome/68.0.3440.106+Safari/537.36 http://localhost:61090/Customer.aspx 200 0 0 132
2018-09-08 08:35:38 ::1 POST /Customer.aspx - 61090 - ::1 Mozilla/5.0+(Windows+NT+10.0;+Win64;+x64)+AppleWebKit/537.36+(KHTML,+like+Gecko)+Chrome/68.0.3440.106+Safari/537.36 http://localhost:61090/Customer.aspx 200 0 0 108
2018-09-08 08:36:04 ::1 POST /Customer.aspx - 61090 - ::1 Mozilla/5.0+(Windows+NT+10.0;+Win64;+x64)+AppleWebKit/537.36+(KHTML,+like+Gecko)+Chrome/68.0.3440.106+Safari/537.36 http://localhost:61090/Customer.aspx 200 0 0 264
2018-09-08 08:36:48 ::1 POST /Customer.aspx - 61090 - ::1 Mozilla/5.0+(Windows+NT+10.0;+Win64;+x64)+AppleWebKit/537.36+(KHTML,+like+Gecko)+Chrome/68.0.3440.106+Safari/537.36 http://localhost:61090/Customer.aspx 200 0 0 156
2018-09-08 08:37:21 ::1 POST /Customer.aspx - 61090 - ::1 Mozilla/5.0+(Windows+NT+10.0;+Win64;+x64)+AppleWebKit/537.36+(KHTML,+like+Gecko)+Chrome/68.0.3440.106+Safari/537.36 http://localhost:61090/Customer.aspx 200 0 0 115
2018-09-08 08:49:59 ::1 POST /Customer.aspx - 61090 - ::1 Mozilla/5.0+(Windows+NT+10.0;+Win64;+x64)+AppleWebKit/537.36+(KHTML,+like+Gecko)+Chrome/68.0.3440.106+Safari/537.36 http://localhost:61090/Customer.aspx 200 0 0 3135
2018-09-08 08:52:28 ::1 GET /Customer.aspx - 61090 - ::1 Mozilla/5.0+(Windows+NT+10.0;+Win64;+x64)+AppleWebKit/537.36+(KHTML,+like+Gecko)+Chrome/68.0.3440.106+Safari/537.36 - 500 0 0 8431
#Software: Microsoft Internet Information Services 10.0
#Version: 1.0
#Date: 2018-09-08 09:09:16
#Fields: date time s-ip cs-method cs-uri-stem cs-uri-query s-port cs-username c-ip cs(User-Agent) cs(Referer) sc-status sc-substatus sc-win32-status time-taken
2018-09-08 09:09:16 ::1 GET /Customer.aspx - 61090 - ::1 Mozilla/5.0+(Windows+NT+10.0;+WOW64;+Trident/7.0;+rv:11.0)+like+Gecko - 200 0 0 10948
2018-09-08 09:12:30 ::1 GET /Customer.aspx - 61090 - ::1 Mozilla/5.0+(Windows+NT+10.0;+Win64;+x64)+AppleWebKit/537.36+(KHTML,+like+Gecko)+Chrome/68.0.3440.106+Safari/537.36 - 200 0 0 933
2018-09-08 09:12:51 ::1 GET /favicon.ico - 61090 - ::1 Mozilla/5.0+(Windows+NT+10.0;+Win64;+x64)+AppleWebKit/537.36+(KHTML,+like+Gecko)+Chrome/68.0.3440.106+Safari/537.36 http://localhost:61090/Customer.aspx 404 0 2 222
2018-09-08 09:21:09 ::1 GET /Customer.aspx - 61090 - ::1 Mozilla/5.0+(Windows+NT+10.0;+Win64;+x64)+AppleWebKit/537.36+(KHTML,+like+Gecko)+Chrome/68.0.3440.106+Safari/537.36 - 200 0 0 4969
2018-09-08 09:24:17 ::1 GET /Customer.aspx - 61090 - ::1 Mozilla/5.0+(Windows+NT+10.0;+Win64;+x64)+AppleWebKit/537.36+(KHTML,+like+Gecko)+Chrome/68.0.3440.106+Safari/537.36 - 200 0 0 20
2018-09-08 09:25:48 ::1 GET /Customer.aspx - 61090 - ::1 Mozilla/5.0+(Windows+NT+10.0;+Win64;+x64)+AppleWebKit/537.36+(KHTML,+like+Gecko)+Chrome/68.0.3440.106+Safari/537.36 - 200 0 0 27
2018-09-08 09:34:46 ::1 GET /Customer.aspx - 61090 - ::1 Mozilla/5.0+(Windows+NT+10.0;+WOW64;+Trident/7.0;+rv:11.0)+like+Gecko - 200 0 0 22909
2018-09-08 09:37:05 ::1 GET /Customer.aspx - 61090 - ::1 Mozilla/5.0+(Windows+NT+10.0;+WOW64;+Trident/7.0;+rv:11.0)+like+Gecko - 200 0 0 3014
2018-09-08 09:37:58 ::1 GET /Customer.aspx - 61090 - ::1 Mozilla/5.0+(Windows+NT+10.0;+WOW64;+Trident/7.0;+rv:11.0)+like+Gecko - 200 0 0 1923
2018-09-08 09:38:45 ::1 GET /Customer.aspx - 61090 - ::1 Mozilla/5.0+(Windows+NT+10.0;+WOW64;+Trident/7.0;+rv:11.0)+like+Gecko - 200 0 0 1955
2018-09-08 09:39:19 ::1 GET /Customer.aspx - 61090 - ::1 Mozilla/5.0+(Windows+NT+10.0;+WOW64;+Trident/7.0;+rv:11.0)+like+Gecko - 200 0 0 1654
2018-09-08 09:50:55 ::1 GET /Customer.aspx - 61090 - ::1 Mozilla/5.0+(Windows+NT+10.0;+WOW64;+Trident/7.0;+rv:11.0)+like+Gecko - 200 0 0 6396
2018-09-08 10:06:11 ::1 GET /Customer.aspx - 61090 - ::1 Mozilla/5.0+(Windows+NT+10.0;+WOW64;+Trident/7.0;+rv:11.0)+like+Gecko - 200 0 0 2813
2018-09-08 10:08:22 ::1 GET /Customer.aspx - 61090 - ::1 Mozilla/5.0+(Windows+NT+10.0;+WOW64;+Trident/7.0;+rv:11.0)+like+Gecko - 200 0 0 3017
2018-09-08 10:16:40 ::1 GET /Customer.aspx - 61090 - ::1 Mozilla/5.0+(Windows+NT+10.0;+WOW64;+Trident/7.0;+rv:11.0)+like+Gecko - 200 0 0 2835
2018-09-08 10:21:23 ::1 GET /Customer.aspx - 61090 - ::1 Mozilla/5.0+(Windows+NT+10.0;+WOW64;+Trident/7.0;+rv:11.0)+like+Gecko - 200 0 0 9222
2018-09-08 10:23:52 ::1 GET /Customer.aspx - 61090 - ::1 Mozilla/5.0+(Windows+NT+10.0;+WOW64;+Trident/7.0;+rv:11.0)+like+Gecko - 200 0 0 2599
2018-09-08 10:26:06 ::1 GET /Customer.aspx - 61090 - ::1 Mozilla/5.0+(Windows+NT+10.0;+WOW64;+Trident/7.0;+rv:11.0)+like+Gecko - 500 0 0 1239
2018-09-08 10:26:28 ::1 GET /Customer.aspx - 61090 - ::1 Mozilla/5.0+(Windows+NT+10.0;+WOW64;+Trident/7.0;+rv:11.0)+like+Gecko - 500 0 0 67
2018-09-08 10:27:17 ::1 GET /Customer.aspx - 61090 - ::1 Mozilla/5.0+(Windows+NT+10.0;+WOW64;+Trident/7.0;+rv:11.0)+like+Gecko - 200 0 0 2436
2018-09-08 10:29:08 ::1 GET /Customer.aspx - 61090 - ::1 Mozilla/5.0+(Windows+NT+10.0;+WOW64;+Trident/7.0;+rv:11.0)+like+Gecko - 200 0 0 2726
#Software: Microsoft Internet Information Services 10.0
#Version: 1.0
#Date: 2018-09-08 10:47:34
#Fields: date time s-ip cs-method cs-uri-stem cs-uri-query s-port cs-username c-ip cs(User-Agent) cs(Referer) sc-status sc-substatus sc-win32-status time-taken
2018-09-08 10:47:34 ::1 GET /Customer.aspx - 61090 - ::1 Mozilla/5.0+(Windows+NT+10.0;+WOW64;+Trident/7.0;+rv:11.0)+like+Gecko - 200 0 0 10886
2018-09-08 10:47:34 ::1 GET /css/templatemo_style.css - 61090 - ::1 Mozilla/5.0+(Windows+NT+10.0;+WOW64;+Trident/7.0;+rv:11.0)+like+Gecko http://localhost:61090/Customer.aspx 304 0 0 69
#Software: Microsoft Internet Information Services 10.0
#Version: 1.0
#Date: 2018-09-08 10:53:25
#Fields: date time s-ip cs-method cs-uri-stem cs-uri-query s-port cs-username c-ip cs(User-Agent) cs(Referer) sc-status sc-substatus sc-win32-status time-taken
2018-09-08 10:53:25 ::1 GET /Customer.aspx - 61090 - ::1 Mozilla/5.0+(Windows+NT+10.0;+WOW64;+Trident/7.0;+rv:11.0)+like+Gecko - 200 0 0 3969
2018-09-08 10:53:25 ::1 GET /Images/NurseandPatientJohnsHopkins.png.jpg - 61090 - ::1 Mozilla/5.0+(Windows+NT+10.0;+WOW64;+Trident/7.0;+rv:11.0)+like+Gecko http://localhost:61090/Customer.aspx 200 0 0 30
2018-09-08 10:56:20 ::1 GET /Customer.aspx - 61090 - ::1 Mozilla/5.0+(Windows+NT+10.0;+WOW64;+Trident/7.0;+rv:11.0)+like+Gecko - 200 0 0 2295
2018-09-08 10:56:20 ::1 GET /Images/NurseandPatientJohnsHopkins.png.jpg - 61090 - ::1 Mozilla/5.0+(Windows+NT+10.0;+WOW64;+Trident/7.0;+rv:11.0)+like+Gecko http://localhost:61090/Customer.aspx 304 0 0 77
2018-09-08 10:56:48 ::1 GET /Customer.aspx - 61090 - ::1 Mozilla/5.0+(Windows+NT+10.0;+WOW64;+Trident/7.0;+rv:11.0)+like+Gecko - 200 0 0 2482
2018-09-08 10:58:08 ::1 GET /Customer.aspx - 61090 - ::1 Mozilla/5.0+(Windows+NT+10.0;+WOW64;+Trident/7.0;+rv:11.0)+like+Gecko - 200 0 0 1248
2018-09-08 10:58:08 ::1 GET /Images/NurseandPatientJohnsHopkins.png.jpg - 61090 - ::1 Mozilla/5.0+(Windows+NT+10.0;+WOW64;+Trident/7.0;+rv:11.0)+like+Gecko http://localhost:61090/Customer.aspx 304 0 0 46
2018-09-08 10:59:05 ::1 GET /Customer.aspx - 61090 - ::1 Mozilla/5.0+(Windows+NT+10.0;+WOW64;+Trident/7.0;+rv:11.0)+like+Gecko - 200 0 0 1461
2018-09-08 11:00:37 ::1 GET /Customer.aspx - 61090 - ::1 Mozilla/5.0+(Windows+NT+10.0;+WOW64;+Trident/7.0;+rv:11.0)+like+Gecko - 200 0 0 2433
2018-09-08 11:00:37 ::1 GET /Images/NurseandPatientJohnsHopkins.png.jpg - 61090 - ::1 Mozilla/5.0+(Windows+NT+10.0;+WOW64;+Trident/7.0;+rv:11.0)+like+Gecko http://localhost:61090/Customer.aspx 304 0 0 58
2018-09-08 11:02:22 ::1 GET /Customer.aspx - 61090 - ::1 Mozilla/5.0+(Windows+NT+10.0;+WOW64;+Trident/7.0;+rv:11.0)+like+Gecko - 200 0 0 1438
2018-09-08 11:02:22 ::1 GET /Images/NurseandPatientJohnsHopkins.png.jpg - 61090 - ::1 Mozilla/5.0+(Windows+NT+10.0;+WOW64;+Trident/7.0;+rv:11.0)+like+Gecko http://localhost:61090/Customer.aspx 304 0 0 13
2018-09-08 11:03:11 ::1 GET /EmployeeForm.aspx - 61090 - ::1 Mozilla/5.0+(Windows+NT+10.0;+WOW64;+Trident/7.0;+rv:11.0)+like+Gecko http://localhost:61090/Customer.aspx 200 0 0 77
2018-09-08 11:04:16 ::1 POST /ReportViewer.aspx Month=-1 61090 - ::1 Mozilla/5.0+(Windows+NT+10.0;+WOW64;+Trident/7.0;+rv:11.0)+like+Gecko http://localhost:61090/Customer.aspx 500 0 0 356
2018-09-08 11:04:40 ::1 GET /EmployeeForm.aspx - 61090 - ::1 Mozilla/5.0+(Windows+NT+10.0;+WOW64;+Trident/7.0;+rv:11.0)+like+Gecko http://localhost:61090/Customer.aspx 200 0 0 11
2018-09-08 11:04:40 ::1 GET /Images/NurseandPatientJohnsHopkins.png.jpg - 61090 - ::1 Mozilla/5.0+(Windows+NT+10.0;+WOW64;+Trident/7.0;+rv:11.0)+like+Gecko http://localhost:61090/EmployeeForm.aspx 304 0 0 133
2018-09-08 11:04:48 ::1 GET /Customer.aspx - 61090 - ::1 Mozilla/5.0+(Windows+NT+10.0;+WOW64;+Trident/7.0;+rv:11.0)+like+Gecko http://localhost:61090/EmployeeForm.aspx 200 0 0 114
2018-09-08 11:06:24 ::1 GET /Customer.aspx - 61090 - ::1 Mozilla/5.0+(Windows+NT+10.0;+WOW64;+Trident/7.0;+rv:11.0)+like+Gecko - 200 0 0 2344
2018-09-08 11:07:19 ::1 GET /Customer.aspx - 61090 - ::1 Mozilla/5.0+(Windows+NT+10.0;+WOW64;+Trident/7.0;+rv:11.0)+like+Gecko - 200 0 0 1283
2018-09-08 11:07:19 ::1 GET /Images/NurseandPatientJohnsHopkins.png.jpg - 61090 - ::1 Mozilla/5.0+(Windows+NT+10.0;+WOW64;+Trident/7.0;+rv:11.0)+like+Gecko http://localhost:61090/Customer.aspx 304 0 0 29
2018-09-08 11:07:22 ::1 GET /EmployeeForm.aspx - 61090 - ::1 Mozilla/5.0+(Windows+NT+10.0;+WOW64;+Trident/7.0;+rv:11.0)+like+Gecko http://localhost:61090/Customer.aspx 200 0 0 50
2018-09-08 11:07:31 ::1 GET /Customer.aspx - 61090 - ::1 Mozilla/5.0+(Windows+NT+10.0;+WOW64;+Trident/7.0;+rv:11.0)+like+Gecko http://localhost:61090/EmployeeForm.aspx 200 0 0 24
2018-09-08 11:07:48 ::1 POST /Customer.aspx - 61090 - ::1 Mozilla/5.0+(Windows+NT+10.0;+WOW64;+Trident/7.0;+rv:11.0)+like+Gecko http://localhost:61090/Customer.aspx 500 0 0 227
2018-09-08 11:07:55 ::1 POST /Customer.aspx - 61090 - ::1 Mozilla/5.0+(Windows+NT+10.0;+WOW64;+Trident/7.0;+rv:11.0)+like+Gecko http://localhost:61090/Customer.aspx 200 0 0 607
#Software: Microsoft Internet Information Services 10.0
#Version: 1.0
#Date: 2018-09-08 16:38:09
#Fields: date time s-ip cs-method cs-uri-stem cs-uri-query s-port cs-username c-ip cs(User-Agent) cs(Referer) sc-status sc-substatus sc-win32-status time-taken
2018-09-08 16:38:09 ::1 POST /Customer.aspx - 61090 - ::1 Mozilla/5.0+(Windows+NT+10.0;+WOW64;+Trident/7.0;+rv:11.0)+like+Gecko http://localhost:61090/Customer.aspx 200 0 0 3890
2018-09-08 16:38:09 ::1 GET /css/templatemo_style.css - 61090 - ::1 Mozilla/5.0+(Windows+NT+10.0;+WOW64;+Trident/7.0;+rv:11.0)+like+Gecko http://localhost:61090/Customer.aspx 304 0 0 292
2018-09-08 16:38:10 ::1 GET /js/ddsmoothmenu.js - 61090 - ::1 Mozilla/5.0+(Windows+NT+10.0;+WOW64;+Trident/7.0;+rv:11.0)+like+Gecko http://localhost:61090/Customer.aspx 304 0 0 909
2018-09-08 16:38:10 ::1 GET /Images/NurseandPatientJohnsHopkins.png.jpg - 61090 - ::1 Mozilla/5.0+(Windows+NT+10.0;+WOW64;+Trident/7.0;+rv:11.0)+like+Gecko http://localhost:61090/Customer.aspx 304 0 0 82
2018-09-08 16:38:23 ::1 POST /Customer.aspx - 61090 - ::1 Mozilla/5.0+(Windows+NT+10.0;+WOW64;+Trident/7.0;+rv:11.0)+like+Gecko http://localhost:61090/Customer.aspx 200 0 0 2074
2018-09-08 16:41:02 ::1 POST /Customer.aspx - 61090 - ::1 Mozilla/5.0+(Windows+NT+10.0;+WOW64;+Trident/7.0;+rv:11.0)+like+Gecko http://localhost:61090/Customer.aspx 200 0 0 62
2018-09-08 16:41:43 ::1 POST /Customer.aspx - 61090 - ::1 Mozilla/5.0+(Windows+NT+10.0;+WOW64;+Trident/7.0;+rv:11.0)+like+Gecko http://localhost:61090/Customer.aspx 200 0 0 100
2018-09-08 16:42:08 ::1 POST /Customer.aspx - 61090 - ::1 Mozilla/5.0+(Windows+NT+10.0;+WOW64;+Trident/7.0;+rv:11.0)+like+Gecko http://localhost:61090/Customer.aspx 200 0 0 1840
2018-09-08 16:45:48 ::1 POST /Customer.aspx - 61090 - ::1 Mozilla/5.0+(Windows+NT+10.0;+WOW64;+Trident/7.0;+rv:11.0)+like+Gecko http://localhost:61090/Customer.aspx 200 0 0 182
2018-09-08 16:47:14 ::1 POST /Customer.aspx - 61090 - ::1 Mozilla/5.0+(Windows+NT+10.0;+WOW64;+Trident/7.0;+rv:11.0)+like+Gecko http://localhost:61090/Customer.aspx 200 0 0 115
2018-09-08 16:47:48 ::1 POST /Customer.aspx - 61090 - ::1 Mozilla/5.0+(Windows+NT+10.0;+WOW64;+Trident/7.0;+rv:11.0)+like+Gecko http://localhost:61090/Customer.aspx 200 0 0 25
2018-09-08 16:47:53 ::1 POST /Customer.aspx - 61090 - ::1 Mozilla/5.0+(Windows+NT+10.0;+WOW64;+Trident/7.0;+rv:11.0)+like+Gecko http://localhost:61090/Customer.aspx 200 0 0 50
2018-09-08 16:47:55 ::1 POST /Customer.aspx - 61090 - ::1 Mozilla/5.0+(Windows+NT+10.0;+WOW64;+Trident/7.0;+rv:11.0)+like+Gecko http://localhost:61090/Customer.aspx 200 0 0 49
2018-09-08 16:47:58 ::1 POST /Customer.aspx - 61090 - ::1 Mozilla/5.0+(Windows+NT+10.0;+WOW64;+Trident/7.0;+rv:11.0)+like+Gecko http://localhost:61090/Customer.aspx 200 0 0 14
2018-09-08 16:48:01 ::1 POST /Customer.aspx - 61090 - ::1 Mozilla/5.0+(Windows+NT+10.0;+WOW64;+Trident/7.0;+rv:11.0)+like+Gecko http://localhost:61090/Customer.aspx 200 0 0 16
2018-09-08 16:48:04 ::1 POST /Customer.aspx - 61090 - ::1 Mozilla/5.0+(Windows+NT+10.0;+WOW64;+Trident/7.0;+rv:11.0)+like+Gecko http://localhost:61090/Customer.aspx 200 0 0 15
2018-09-08 16:48:13 ::1 GET /EmployeeForm.aspx - 61090 - ::1 Mozilla/5.0+(Windows+NT+10.0;+WOW64;+Trident/7.0;+rv:11.0)+like+Gecko http://localhost:61090/Customer.aspx 200 0 0 176
2018-09-08 16:48:16 ::1 GET /Customer.aspx - 61090 - ::1 Mozilla/5.0+(Windows+NT+10.0;+WOW64;+Trident/7.0;+rv:11.0)+like+Gecko http://localhost:61090/EmployeeForm.aspx 200 0 0 46
2018-09-08 16:48:25 ::1 GET /EmployeeForm.aspx - 61090 - ::1 Mozilla/5.0+(Windows+NT+10.0;+WOW64;+Trident/7.0;+rv:11.0)+like+Gecko http://localhost:61090/Customer.aspx 200 0 0 10
