#Software: Microsoft Internet Information Services 10.0
#Version: 1.0
#Date: 2018-09-06 05:30:40
#Fields: date time s-ip cs-method cs-uri-stem cs-uri-query s-port cs-username c-ip cs(User-Agent) cs(Referer) sc-status sc-substatus sc-win32-status time-taken
2018-09-06 05:30:40 ::1 GET /Default.aspx - 61090 - ::1 Mozilla/5.0+(Windows+NT+10.0;+WOW64;+Trident/7.0;+rv:11.0)+like+Gecko - 200 0 0 20147
2018-09-06 05:30:41 ::1 GET /js/ddsmoothmenu.js - 61090 - ::1 Mozilla/5.0+(Windows+NT+10.0;+WOW64;+Trident/7.0;+rv:11.0)+like+Gecko http://localhost:61090/Default.aspx 304 0 0 1194
2018-09-06 05:30:59 ::1 GET /Customer.aspx - 61090 - ::1 Mozilla/5.0+(Windows+NT+10.0;+WOW64;+Trident/7.0;+rv:11.0)+like+Gecko - 500 0 0 881
2018-09-06 05:32:26 ::1 GET /Customer.aspx - 61090 - ::1 Mozilla/5.0+(Windows+NT+10.0;+WOW64;+Trident/7.0;+rv:11.0)+like+Gecko - 200 0 0 974
2018-09-06 05:33:13 ::1 GET /Customer.aspx - 61090 - ::1 Mozilla/5.0+(Windows+NT+10.0;+WOW64;+Trident/7.0;+rv:11.0)+like+Gecko - 200 0 0 1027
2018-09-06 05:41:45 ::1 GET /Customer.aspx - 61090 - ::1 Mozilla/5.0+(Windows+NT+10.0;+WOW64;+Trident/7.0;+rv:11.0)+like+Gecko - 200 0 0 767
2018-09-06 05:46:13 ::1 GET /Customer.aspx - 61090 - ::1 Mozilla/5.0+(Windows+NT+10.0;+WOW64;+Trident/7.0;+rv:11.0)+like+Gecko - 200 0 0 1256
2018-09-06 05:47:54 ::1 GET /Customer.aspx - 61090 - ::1 Mozilla/5.0+(Windows+NT+10.0;+WOW64;+Trident/7.0;+rv:11.0)+like+Gecko - 200 0 0 1267
2018-09-06 05:50:54 ::1 GET /Customer.aspx - 61090 - ::1 Mozilla/5.0+(Windows+NT+10.0;+WOW64;+Trident/7.0;+rv:11.0)+like+Gecko - 200 0 0 964
2018-09-06 05:54:48 ::1 GET /Customer.aspx - 61090 - ::1 Mozilla/5.0+(Windows+NT+10.0;+WOW64;+Trident/7.0;+rv:11.0)+like+Gecko - 200 0 0 1076
2018-09-06 05:55:55 ::1 GET /Customer.aspx - 61090 - ::1 Mozilla/5.0+(Windows+NT+10.0;+WOW64;+Trident/7.0;+rv:11.0)+like+Gecko - 200 0 0 874
2018-09-06 05:58:06 ::1 GET /Customer.aspx - 61090 - ::1 Mozilla/5.0+(Windows+NT+10.0;+WOW64;+Trident/7.0;+rv:11.0)+like+Gecko - 200 0 0 1168
2018-09-06 05:58:41 ::1 GET /Customer.aspx - 61090 - ::1 Mozilla/5.0+(Windows+NT+10.0;+WOW64;+Trident/7.0;+rv:11.0)+like+Gecko - 200 0 0 1037
2018-09-06 05:59:27 ::1 GET /Customer.aspx - 61090 - ::1 Mozilla/5.0+(Windows+NT+10.0;+WOW64;+Trident/7.0;+rv:11.0)+like+Gecko - 200 0 0 904
2018-09-06 06:07:05 ::1 GET /Customer.aspx - 61090 - ::1 Mozilla/5.0+(Windows+NT+10.0;+WOW64;+Trident/7.0;+rv:11.0)+like+Gecko - 200 0 0 1273
2018-09-06 06:07:19 ::1 GET /Customer.aspx - 61090 - ::1 Mozilla/5.0+(Windows+NT+10.0;+WOW64;+Trident/7.0;+rv:11.0)+like+Gecko - 200 0 0 50
2018-09-06 06:10:49 ::1 GET /Customer.aspx - 61090 - ::1 Mozilla/5.0+(Windows+NT+10.0;+WOW64;+Trident/7.0;+rv:11.0)+like+Gecko - 200 0 0 1067
2018-09-06 06:13:44 ::1 GET /Customer.aspx - 61090 - ::1 Mozilla/5.0+(Windows+NT+10.0;+WOW64;+Trident/7.0;+rv:11.0)+like+Gecko - 200 0 0 942
2018-09-06 06:23:49 ::1 GET /Customer.aspx - 61090 - ::1 Mozilla/5.0+(Windows+NT+10.0;+WOW64;+Trident/7.0;+rv:11.0)+like+Gecko - 200 0 0 1292
2018-09-06 06:29:25 ::1 GET /Customer.aspx - 61090 - ::1 Mozilla/5.0+(Windows+NT+10.0;+WOW64;+Trident/7.0;+rv:11.0)+like+Gecko - 200 0 0 2327
2018-09-06 06:32:13 ::1 GET /Customer.aspx - 61090 - ::1 Mozilla/5.0+(Windows+NT+10.0;+WOW64;+Trident/7.0;+rv:11.0)+like+Gecko - 200 0 0 886
2018-09-06 06:33:51 ::1 GET /Customer.aspx - 61090 - ::1 Mozilla/5.0+(Windows+NT+10.0;+WOW64;+Trident/7.0;+rv:11.0)+like+Gecko - 200 0 0 928
2018-09-06 06:34:39 ::1 GET /Customer.aspx - 61090 - ::1 Mozilla/5.0+(Windows+NT+10.0;+WOW64;+Trident/7.0;+rv:11.0)+like+Gecko - 200 0 0 1010
2018-09-06 06:35:41 ::1 GET /Customer.aspx - 61090 - ::1 Mozilla/5.0+(Windows+NT+10.0;+WOW64;+Trident/7.0;+rv:11.0)+like+Gecko - 200 0 0 868
2018-09-06 06:37:19 ::1 GET /Customer.aspx - 61090 - ::1 Mozilla/5.0+(Windows+NT+10.0;+WOW64;+Trident/7.0;+rv:11.0)+like+Gecko - 200 0 0 1057
2018-09-06 06:37:41 ::1 GET /Customer.aspx - 61090 - ::1 Mozilla/5.0+(Windows+NT+10.0;+WOW64;+Trident/7.0;+rv:11.0)+like+Gecko - 200 0 0 969
2018-09-06 06:37:56 ::1 GET /Customer.aspx - 61090 - ::1 Mozilla/5.0+(Windows+NT+10.0;+WOW64;+Trident/7.0;+rv:11.0)+like+Gecko - 200 0 0 1024
2018-09-06 06:38:12 ::1 GET /Customer.aspx - 61090 - ::1 Mozilla/5.0+(Windows+NT+10.0;+WOW64;+Trident/7.0;+rv:11.0)+like+Gecko - 200 0 0 954
2018-09-06 06:38:28 ::1 GET /Customer.aspx - 61090 - ::1 Mozilla/5.0+(Windows+NT+10.0;+WOW64;+Trident/7.0;+rv:11.0)+like+Gecko - 200 0 0 1031
2018-09-06 06:39:05 ::1 GET /Customer.aspx - 61090 - ::1 Mozilla/5.0+(Windows+NT+10.0;+WOW64;+Trident/7.0;+rv:11.0)+like+Gecko - 200 0 0 932
2018-09-06 06:40:47 ::1 GET /Customer.aspx - 61090 - ::1 Mozilla/5.0+(Windows+NT+10.0;+WOW64;+Trident/7.0;+rv:11.0)+like+Gecko - 200 0 0 1107
2018-09-06 06:41:14 ::1 GET /Customer.aspx - 61090 - ::1 Mozilla/5.0+(Windows+NT+10.0;+WOW64;+Trident/7.0;+rv:11.0)+like+Gecko - 200 0 0 1077
2018-09-06 06:41:58 ::1 GET /Customer.aspx - 61090 - ::1 Mozilla/5.0+(Windows+NT+10.0;+WOW64;+Trident/7.0;+rv:11.0)+like+Gecko - 200 0 0 1011
2018-09-06 06:46:03 ::1 GET /Customer.aspx - 61090 - ::1 Mozilla/5.0+(Windows+NT+10.0;+WOW64;+Trident/7.0;+rv:11.0)+like+Gecko - 200 0 0 933
2018-09-06 06:54:18 ::1 GET /Customer.aspx - 61090 - ::1 Mozilla/5.0+(Windows+NT+10.0;+WOW64;+Trident/7.0;+rv:11.0)+like+Gecko - 200 0 0 1738
2018-09-06 06:56:05 ::1 GET /Customer.aspx - 61090 - ::1 Mozilla/5.0+(Windows+NT+10.0;+WOW64;+Trident/7.0;+rv:11.0)+like+Gecko - 200 0 0 971
2018-09-06 06:58:03 ::1 GET /Customer.aspx - 61090 - ::1 Mozilla/5.0+(Windows+NT+10.0;+WOW64;+Trident/7.0;+rv:11.0)+like+Gecko - 200 0 0 1003
2018-09-06 07:00:35 ::1 GET /Customer.aspx - 61090 - ::1 Mozilla/5.0+(Windows+NT+10.0;+WOW64;+Trident/7.0;+rv:11.0)+like+Gecko - 200 0 0 1157
2018-09-06 07:01:13 ::1 GET /Customer.aspx - 61090 - ::1 Mozilla/5.0+(Windows+NT+10.0;+WOW64;+Trident/7.0;+rv:11.0)+like+Gecko - 200 0 0 916
2018-09-06 07:03:38 ::1 GET /Customer.aspx - 61090 - ::1 Mozilla/5.0+(Windows+NT+10.0;+WOW64;+Trident/7.0;+rv:11.0)+like+Gecko - 200 0 0 922
2018-09-06 07:03:41 ::1 GET /Customer.aspx - 61090 - ::1 Mozilla/5.0+(Windows+NT+10.0;+WOW64;+Trident/7.0;+rv:11.0)+like+Gecko - 200 0 0 4
2018-09-06 07:04:44 ::1 GET /Customer.aspx - 61090 - ::1 Mozilla/5.0+(Windows+NT+10.0;+WOW64;+Trident/7.0;+rv:11.0)+like+Gecko - 200 0 0 933
2018-09-06 07:06:02 ::1 GET /Customer.aspx - 61090 - ::1 Mozilla/5.0+(Windows+NT+10.0;+WOW64;+Trident/7.0;+rv:11.0)+like+Gecko - 200 0 0 1329
2018-09-06 07:08:03 ::1 GET /Customer.aspx - 61090 - ::1 Mozilla/5.0+(Windows+NT+10.0;+WOW64;+Trident/7.0;+rv:11.0)+like+Gecko - 200 0 0 1144
2018-09-06 07:09:03 ::1 GET /Customer.aspx - 61090 - ::1 Mozilla/5.0+(Windows+NT+10.0;+WOW64;+Trident/7.0;+rv:11.0)+like+Gecko - 200 0 0 940
2018-09-06 07:09:24 ::1 GET /Customer.aspx - 61090 - ::1 Mozilla/5.0+(Windows+NT+10.0;+WOW64;+Trident/7.0;+rv:11.0)+like+Gecko - 200 0 0 926
2018-09-06 07:09:54 ::1 GET /Customer.aspx - 61090 - ::1 Mozilla/5.0+(Windows+NT+10.0;+WOW64;+Trident/7.0;+rv:11.0)+like+Gecko - 200 0 0 1038
2018-09-06 07:10:41 ::1 GET /Customer.aspx - 61090 - ::1 Mozilla/5.0+(Windows+NT+10.0;+WOW64;+Trident/7.0;+rv:11.0)+like+Gecko - 200 0 0 1155
2018-09-06 07:11:19 ::1 GET /Customer.aspx - 61090 - ::1 Mozilla/5.0+(Windows+NT+10.0;+WOW64;+Trident/7.0;+rv:11.0)+like+Gecko - 200 0 0 891
2018-09-06 07:19:44 ::1 GET /Customer.aspx - 61090 - ::1 Mozilla/5.0+(Windows+NT+10.0;+WOW64;+Trident/7.0;+rv:11.0)+like+Gecko - 200 0 0 918
2018-09-06 07:20:08 ::1 GET /Customer.aspx - 61090 - ::1 Mozilla/5.0+(Windows+NT+10.0;+WOW64;+Trident/7.0;+rv:11.0)+like+Gecko - 200 0 0 1955
2018-09-06 07:22:45 ::1 GET /Customer.aspx - 61090 - ::1 Mozilla/5.0+(Windows+NT+10.0;+WOW64;+Trident/7.0;+rv:11.0)+like+Gecko - 200 0 0 880
2018-09-06 07:23:05 ::1 GET /Customer.aspx - 61090 - ::1 Mozilla/5.0+(Windows+NT+10.0;+WOW64;+Trident/7.0;+rv:11.0)+like+Gecko - 200 0 0 1046
2018-09-06 07:23:22 ::1 GET /Customer.aspx - 61090 - ::1 Mozilla/5.0+(Windows+NT+10.0;+WOW64;+Trident/7.0;+rv:11.0)+like+Gecko - 200 0 0 929
2018-09-06 07:23:50 ::1 GET /Customer.aspx - 61090 - ::1 Mozilla/5.0+(Windows+NT+10.0;+WOW64;+Trident/7.0;+rv:11.0)+like+Gecko - 200 0 0 1371
2018-09-06 07:24:17 ::1 GET /Customer.aspx - 61090 - ::1 Mozilla/5.0+(Windows+NT+10.0;+WOW64;+Trident/7.0;+rv:11.0)+like+Gecko - 200 0 0 1009
2018-09-06 07:27:13 ::1 GET /Customer.aspx - 61090 - ::1 Mozilla/5.0+(Windows+NT+10.0;+WOW64;+Trident/7.0;+rv:11.0)+like+Gecko - 200 0 0 896
#Software: Microsoft Internet Information Services 10.0
#Version: 1.0
#Date: 2018-09-06 08:02:49
#Fields: date time s-ip cs-method cs-uri-stem cs-uri-query s-port cs-username c-ip cs(User-Agent) cs(Referer) sc-status sc-substatus sc-win32-status time-taken
2018-09-06 08:02:49 ::1 GET /Customer.aspx - 61090 - ::1 Mozilla/5.0+(Windows+NT+10.0;+WOW64;+Trident/7.0;+rv:11.0)+like+Gecko - 200 0 0 5732
2018-09-06 08:02:49 ::1 GET /js/ddsmoothmenu.js - 61090 - ::1 Mozilla/5.0+(Windows+NT+10.0;+WOW64;+Trident/7.0;+rv:11.0)+like+Gecko http://localhost:61090/Customer.aspx 304 0 0 552
2018-09-06 08:03:43 ::1 GET /Customer.aspx - 61090 - ::1 Mozilla/5.0+(Windows+NT+10.0;+WOW64;+Trident/7.0;+rv:11.0)+like+Gecko - 200 0 0 1494
2018-09-06 08:07:00 ::1 GET /Customer.aspx - 61090 - ::1 Mozilla/5.0+(Windows+NT+10.0;+WOW64;+Trident/7.0;+rv:11.0)+like+Gecko - 200 0 0 5
2018-09-06 08:07:42 ::1 GET /Default.aspx - 61090 - ::1 Mozilla/5.0+(Windows+NT+10.0;+WOW64;+Trident/7.0;+rv:11.0)+like+Gecko - 200 0 0 113
2018-09-06 08:10:39 ::1 GET /Customer.aspx - 61090 - ::1 Mozilla/5.0+(Windows+NT+10.0;+WOW64;+Trident/7.0;+rv:11.0)+like+Gecko - 200 0 0 1299
2018-09-06 08:20:24 ::1 GET /Customer.aspx - 61090 - ::1 Mozilla/5.0+(Windows+NT+10.0;+WOW64;+Trident/7.0;+rv:11.0)+like+Gecko - 200 0 0 1117
2018-09-06 08:21:33 ::1 GET /Customer.aspx - 61090 - ::1 Mozilla/5.0+(Windows+NT+10.0;+WOW64;+Trident/7.0;+rv:11.0)+like+Gecko - 200 0 0 1159
2018-09-06 08:22:07 ::1 GET /Customer.aspx - 61090 - ::1 Mozilla/5.0+(Windows+NT+10.0;+WOW64;+Trident/7.0;+rv:11.0)+like+Gecko - 200 0 0 1177
2018-09-06 08:22:38 ::1 GET /Customer.aspx - 61090 - ::1 Mozilla/5.0+(Windows+NT+10.0;+WOW64;+Trident/7.0;+rv:11.0)+like+Gecko - 200 0 0 1251
2018-09-06 08:23:57 ::1 GET /Customer.aspx - 61090 - ::1 Mozilla/5.0+(Windows+NT+10.0;+WOW64;+Trident/7.0;+rv:11.0)+like+Gecko - 200 0 0 1043
2018-09-06 08:25:18 ::1 GET /Customer.aspx - 61090 - ::1 Mozilla/5.0+(Windows+NT+10.0;+WOW64;+Trident/7.0;+rv:11.0)+like+Gecko - 200 0 0 5083
2018-09-06 08:26:22 ::1 GET /Customer.aspx - 61090 - ::1 Mozilla/5.0+(Windows+NT+10.0;+WOW64;+Trident/7.0;+rv:11.0)+like+Gecko - 200 0 0 6
2018-09-06 08:29:00 ::1 GET /Customer.aspx - 61090 - ::1 Mozilla/5.0+(Windows+NT+10.0;+WOW64;+Trident/7.0;+rv:11.0)+like+Gecko - 200 0 0 1319
2018-09-06 08:31:00 ::1 GET /Customer.aspx - 61090 - ::1 Mozilla/5.0+(Windows+NT+10.0;+WOW64;+Trident/7.0;+rv:11.0)+like+Gecko - 200 0 0 1046
2018-09-06 08:33:29 ::1 GET /Customer.aspx - 61090 - ::1 Mozilla/5.0+(Windows+NT+10.0;+WOW64;+Trident/7.0;+rv:11.0)+like+Gecko - 200 0 0 1119
2018-09-06 08:36:40 ::1 GET /Customer.aspx - 61090 - ::1 Mozilla/5.0+(Windows+NT+10.0;+WOW64;+Trident/7.0;+rv:11.0)+like+Gecko - 200 0 0 1010
2018-09-06 08:39:04 ::1 GET /Customer.aspx - 61090 - ::1 Mozilla/5.0+(Windows+NT+10.0;+WOW64;+Trident/7.0;+rv:11.0)+like+Gecko - 200 0 0 14
2018-09-06 08:44:15 ::1 GET /Customer.aspx - 61090 - ::1 Mozilla/5.0+(Windows+NT+10.0;+WOW64;+Trident/7.0;+rv:11.0)+like+Gecko - 200 0 0 5
2018-09-06 08:45:51 ::1 GET /Customer.aspx - 61090 - ::1 Mozilla/5.0+(Windows+NT+10.0;+WOW64;+Trident/7.0;+rv:11.0)+like+Gecko - 200 0 0 6
2018-09-06 08:49:59 ::1 GET /Customer.aspx - 61090 - ::1 Mozilla/5.0+(Windows+NT+10.0;+WOW64;+Trident/7.0;+rv:11.0)+like+Gecko - 200 0 0 23
#Software: Microsoft Internet Information Services 10.0
#Version: 1.0
#Date: 2018-09-06 09:06:16
#Fields: date time s-ip cs-method cs-uri-stem cs-uri-query s-port cs-username c-ip cs(User-Agent) cs(Referer) sc-status sc-substatus sc-win32-status time-taken
2018-09-06 09:06:16 ::1 GET /Default.aspx - 61090 - ::1 Mozilla/5.0+(Windows+NT+10.0;+WOW64;+Trident/7.0;+rv:11.0)+like+Gecko - 200 0 0 9028
2018-09-06 09:06:34 ::1 GET /Customer.aspx - 61090 - ::1 Mozilla/5.0+(Windows+NT+10.0;+WOW64;+Trident/7.0;+rv:11.0)+like+Gecko - 200 0 0 1805
2018-09-06 09:06:34 ::1 GET /Images/Add1.jpg - 61090 - ::1 Mozilla/5.0+(Windows+NT+10.0;+WOW64;+Trident/7.0;+rv:11.0)+like+Gecko http://localhost:61090/Customer.aspx 200 0 0 160
2018-09-06 09:09:32 ::1 GET /Customer.aspx - 61090 - ::1 Mozilla/5.0+(Windows+NT+10.0;+WOW64;+Trident/7.0;+rv:11.0)+like+Gecko - 200 0 0 1486
2018-09-06 09:10:01 ::1 GET /Customer.aspx - 61090 - ::1 Mozilla/5.0+(Windows+NT+10.0;+WOW64;+Trident/7.0;+rv:11.0)+like+Gecko - 200 0 0 69
2018-09-06 09:14:31 ::1 GET /Customer.aspx - 61090 - ::1 Mozilla/5.0+(Windows+NT+10.0;+WOW64;+Trident/7.0;+rv:11.0)+like+Gecko - 200 0 0 3564
2018-09-06 09:15:25 ::1 GET /Customer.aspx - 61090 - ::1 Mozilla/5.0+(Windows+NT+10.0;+WOW64;+Trident/7.0;+rv:11.0)+like+Gecko - 200 0 0 1349
2018-09-06 09:18:30 ::1 GET /Customer.aspx - 61090 - ::1 Mozilla/5.0+(Windows+NT+10.0;+WOW64;+Trident/7.0;+rv:11.0)+like+Gecko - 200 0 0 1491
2018-09-06 09:19:24 ::1 GET /Customer.aspx - 61090 - ::1 Mozilla/5.0+(Windows+NT+10.0;+WOW64;+Trident/7.0;+rv:11.0)+like+Gecko - 200 0 0 1438
2018-09-06 09:20:56 ::1 GET /Customer.aspx - 61090 - ::1 Mozilla/5.0+(Windows+NT+10.0;+WOW64;+Trident/7.0;+rv:11.0)+like+Gecko - 200 0 0 1341
2018-09-06 09:21:31 ::1 GET /Customer.aspx - 61090 - ::1 Mozilla/5.0+(Windows+NT+10.0;+WOW64;+Trident/7.0;+rv:11.0)+like+Gecko - 200 0 0 1453
2018-09-06 09:22:57 ::1 GET /Customer.aspx - 61090 - ::1 Mozilla/5.0+(Windows+NT+10.0;+WOW64;+Trident/7.0;+rv:11.0)+like+Gecko - 200 0 0 1219
2018-09-06 09:24:12 ::1 GET /Customer.aspx - 61090 - ::1 Mozilla/5.0+(Windows+NT+10.0;+WOW64;+Trident/7.0;+rv:11.0)+like+Gecko - 200 0 0 1215
2018-09-06 09:26:16 ::1 GET /Customer.aspx - 61090 - ::1 Mozilla/5.0+(Windows+NT+10.0;+WOW64;+Trident/7.0;+rv:11.0)+like+Gecko - 200 0 0 1174
2018-09-06 09:43:31 ::1 GET /Customer.aspx - 61090 - ::1 Mozilla/5.0+(Windows+NT+10.0;+WOW64;+Trident/7.0;+rv:11.0)+like+Gecko - 200 0 0 1844
2018-09-06 09:44:11 ::1 GET /Customer.aspx - 61090 - ::1 Mozilla/5.0+(Windows+NT+10.0;+WOW64;+Trident/7.0;+rv:11.0)+like+Gecko - 200 0 0 1367
2018-09-06 09:45:37 ::1 GET /Customer.aspx - 61090 - ::1 Mozilla/5.0+(Windows+NT+10.0;+WOW64;+Trident/7.0;+rv:11.0)+like+Gecko - 200 0 0 1451
2018-09-06 09:46:46 ::1 GET /Customer.aspx - 61090 - ::1 Mozilla/5.0+(Windows+NT+10.0;+WOW64;+Trident/7.0;+rv:11.0)+like+Gecko - 200 0 0 1230
2018-09-06 09:47:45 ::1 GET /Customer.aspx - 61090 - ::1 Mozilla/5.0+(Windows+NT+10.0;+WOW64;+Trident/7.0;+rv:11.0)+like+Gecko - 200 0 0 5385
2018-09-06 09:48:56 ::1 GET /Customer.aspx - 61090 - ::1 Mozilla/5.0+(Windows+NT+10.0;+WOW64;+Trident/7.0;+rv:11.0)+like+Gecko - 200 0 0 1180
2018-09-06 10:03:37 ::1 GET /Default.aspx - 61090 - ::1 Mozilla/5.0+(Windows+NT+10.0;+WOW64;+Trident/7.0;+rv:11.0)+like+Gecko - 200 0 0 5867
2018-09-06 10:04:00 ::1 GET /Customer.aspx - 61090 - ::1 Mozilla/5.0+(Windows+NT+10.0;+WOW64;+Trident/7.0;+rv:11.0)+like+Gecko - 200 0 0 157
2018-09-06 10:14:28 ::1 GET /Customer.aspx - 61090 - ::1 Mozilla/5.0+(Windows+NT+10.0;+WOW64;+Trident/7.0;+rv:11.0)+like+Gecko - 200 0 0 1258
#Software: Microsoft Internet Information Services 10.0
#Version: 1.0
#Date: 2018-09-06 11:45:59
#Fields: date time s-ip cs-method cs-uri-stem cs-uri-query s-port cs-username c-ip cs(User-Agent) cs(Referer) sc-status sc-substatus sc-win32-status time-taken
2018-09-06 11:45:59 ::1 GET /Customer.aspx - 61090 - ::1 Mozilla/5.0+(Windows+NT+10.0;+WOW64;+Trident/7.0;+rv:11.0)+like+Gecko - 200 0 0 4990
2018-09-06 11:46:00 ::1 GET /js/ddsmoothmenu.js - 61090 - ::1 Mozilla/5.0+(Windows+NT+10.0;+WOW64;+Trident/7.0;+rv:11.0)+like+Gecko http://localhost:61090/Customer.aspx 304 0 0 1332
2018-09-06 11:49:23 ::1 GET /Customer.aspx - 61090 - ::1 Mozilla/5.0+(Windows+NT+10.0;+WOW64;+Trident/7.0;+rv:11.0)+like+Gecko - 200 0 0 1504
2018-09-06 11:50:30 ::1 GET /Customer.aspx - 61090 - ::1 Mozilla/5.0+(Windows+NT+10.0;+WOW64;+Trident/7.0;+rv:11.0)+like+Gecko - 200 0 0 2102
2018-09-06 11:54:27 ::1 GET /Customer.aspx - 61090 - ::1 Mozilla/5.0+(Windows+NT+10.0;+WOW64;+Trident/7.0;+rv:11.0)+like+Gecko - 200 0 0 1159
2018-09-06 11:55:04 ::1 GET /Customer.aspx - 61090 - ::1 Mozilla/5.0+(Windows+NT+10.0;+WOW64;+Trident/7.0;+rv:11.0)+like+Gecko - 200 0 0 1410
2018-09-06 11:56:15 ::1 GET /Customer.aspx - 61090 - ::1 Mozilla/5.0+(Windows+NT+10.0;+WOW64;+Trident/7.0;+rv:11.0)+like+Gecko - 200 0 0 1601
2018-09-06 11:57:20 ::1 GET /Customer.aspx - 61090 - ::1 Mozilla/5.0+(Windows+NT+10.0;+WOW64;+Trident/7.0;+rv:11.0)+like+Gecko - 200 0 0 1457
2018-09-06 11:57:45 ::1 GET /Customer.aspx - 61090 - ::1 Mozilla/5.0+(Windows+NT+10.0;+WOW64;+Trident/7.0;+rv:11.0)+like+Gecko - 200 0 0 1399
2018-09-06 11:59:59 ::1 GET /Customer.aspx - 61090 - ::1 Mozilla/5.0+(Windows+NT+10.0;+WOW64;+Trident/7.0;+rv:11.0)+like+Gecko - 200 0 0 23
2018-09-06 12:07:28 ::1 GET /Customer.aspx - 61090 - ::1 Mozilla/5.0+(Windows+NT+10.0;+WOW64;+Trident/7.0;+rv:11.0)+like+Gecko - 200 0 0 1940
2018-09-06 12:16:50 ::1 GET /Customer.aspx - 61090 - ::1 Mozilla/5.0+(Windows+NT+10.0;+WOW64;+Trident/7.0;+rv:11.0)+like+Gecko - 200 0 0 1724
2018-09-06 12:17:29 ::1 GET /Customer.aspx - 61090 - ::1 Mozilla/5.0+(Windows+NT+10.0;+WOW64;+Trident/7.0;+rv:11.0)+like+Gecko - 200 0 0 1301
2018-09-06 12:26:45 ::1 GET /Customer.aspx - 61090 - ::1 Mozilla/5.0+(Windows+NT+10.0;+WOW64;+Trident/7.0;+rv:11.0)+like+Gecko - 200 0 0 2205
2018-09-06 12:41:06 ::1 GET /Sitemaster.Master - 61090 - ::1 - - 404 7 0 943
2018-09-06 12:42:49 ::1 GET /EmployeeForm.aspx - 61090 - ::1 Mozilla/5.0+(Windows+NT+10.0;+WOW64;+Trident/7.0;+rv:11.0)+like+Gecko - 500 0 0 4855
2018-09-06 12:45:12 ::1 GET /EmployeeForm.aspx - 61090 - ::1 Mozilla/5.0+(Windows+NT+10.0;+WOW64;+Trident/7.0;+rv:11.0)+like+Gecko - 500 0 0 11500
2018-09-06 12:52:18 ::1 GET /EmployeeForm.aspx - 61090 - ::1 Mozilla/5.0+(Windows+NT+10.0;+WOW64;+Trident/7.0;+rv:11.0)+like+Gecko - 500 0 0 1158
