#Software: Microsoft Internet Information Services 10.0
#Version: 1.0
#Date: 2018-09-10 05:37:17
#Fields: date time s-ip cs-method cs-uri-stem cs-uri-query s-port cs-username c-ip cs(User-Agent) cs(Referer) sc-status sc-substatus sc-win32-status time-taken
2018-09-10 05:37:17 ::1 GET /Customer.aspx - 61090 - ::1 Mozilla/5.0+(Windows+NT+10.0;+WOW64;+Trident/7.0;+rv:11.0)+like+Gecko - 200 0 0 13917
2018-09-10 05:37:17 ::1 GET /css/templatemo_style.css - 61090 - ::1 Mozilla/5.0+(Windows+NT+10.0;+WOW64;+Trident/7.0;+rv:11.0)+like+Gecko http://localhost:61090/Customer.aspx 304 0 0 68
2018-09-10 05:37:17 ::1 GET /js/ddsmoothmenu.js - 61090 - ::1 Mozilla/5.0+(Windows+NT+10.0;+WOW64;+Trident/7.0;+rv:11.0)+like+Gecko http://localhost:61090/Customer.aspx 304 0 0 188
2018-09-10 05:37:18 ::1 GET /Images/NurseandPatientJohnsHopkins.png.jpg - 61090 - ::1 Mozilla/5.0+(Windows+NT+10.0;+WOW64;+Trident/7.0;+rv:11.0)+like+Gecko http://localhost:61090/Customer.aspx 304 0 0 297
2018-09-10 05:38:02 ::1 POST /ReportViewer.aspx Month=-1 61090 - ::1 Mozilla/5.0+(Windows+NT+10.0;+WOW64;+Trident/7.0;+rv:11.0)+like+Gecko http://localhost:61090/Customer.aspx 500 0 0 324
2018-09-10 05:38:07 ::1 POST /ReportViewer.aspx Month=-1 61090 - ::1 Mozilla/5.0+(Windows+NT+10.0;+WOW64;+Trident/7.0;+rv:11.0)+like+Gecko http://localhost:61090/Customer.aspx 500 0 0 7
2018-09-10 05:38:10 ::1 POST /ReportViewer.aspx Month=-1 61090 - ::1 Mozilla/5.0+(Windows+NT+10.0;+WOW64;+Trident/7.0;+rv:11.0)+like+Gecko http://localhost:61090/Customer.aspx 500 0 0 5
2018-09-10 05:38:24 ::1 POST /ReportViewer.aspx Month=-1 61090 - ::1 Mozilla/5.0+(Windows+NT+10.0;+WOW64;+Trident/7.0;+rv:11.0)+like+Gecko http://localhost:61090/Customer.aspx 500 0 0 7
2018-09-10 05:38:31 ::1 POST /ReportViewer.aspx Month=-1 61090 - ::1 Mozilla/5.0+(Windows+NT+10.0;+WOW64;+Trident/7.0;+rv:11.0)+like+Gecko http://localhost:61090/Customer.aspx 500 0 0 5
2018-09-10 05:38:41 ::1 POST /ReportViewer.aspx Month=-1 61090 - ::1 Mozilla/5.0+(Windows+NT+10.0;+WOW64;+Trident/7.0;+rv:11.0)+like+Gecko http://localhost:61090/Customer.aspx 500 0 0 5
2018-09-10 05:38:42 ::1 POST /ReportViewer.aspx Month=-1 61090 - ::1 Mozilla/5.0+(Windows+NT+10.0;+WOW64;+Trident/7.0;+rv:11.0)+like+Gecko http://localhost:61090/Customer.aspx 500 0 0 4
2018-09-10 05:38:46 ::1 POST /ReportViewer.aspx Month=-1 61090 - ::1 Mozilla/5.0+(Windows+NT+10.0;+WOW64;+Trident/7.0;+rv:11.0)+like+Gecko http://localhost:61090/Customer.aspx 500 0 0 13
2018-09-10 05:38:52 ::1 POST /Customer.aspx - 61090 - ::1 Mozilla/5.0+(Windows+NT+10.0;+WOW64;+Trident/7.0;+rv:11.0)+like+Gecko http://localhost:61090/Customer.aspx 200 0 0 54
2018-09-10 05:39:00 ::1 POST /ReportViewer.aspx Month=-1 61090 - ::1 Mozilla/5.0+(Windows+NT+10.0;+WOW64;+Trident/7.0;+rv:11.0)+like+Gecko http://localhost:61090/Customer.aspx 500 0 0 7
2018-09-10 05:39:02 ::1 POST /ReportViewer.aspx Month=-1 61090 - ::1 Mozilla/5.0+(Windows+NT+10.0;+WOW64;+Trident/7.0;+rv:11.0)+like+Gecko http://localhost:61090/Customer.aspx 500 0 0 6
2018-09-10 05:39:13 ::1 GET /Customer.aspx - 61090 - ::1 Mozilla/5.0+(Windows+NT+10.0;+WOW64;+Trident/7.0;+rv:11.0)+like+Gecko - 200 0 0 24
2018-09-10 05:39:19 ::1 POST /Customer.aspx - 61090 - ::1 Mozilla/5.0+(Windows+NT+10.0;+WOW64;+Trident/7.0;+rv:11.0)+like+Gecko http://localhost:61090/Customer.aspx 200 0 0 108
2018-09-10 05:39:28 ::1 POST /ReportViewer.aspx Month=-1 61090 - ::1 Mozilla/5.0+(Windows+NT+10.0;+WOW64;+Trident/7.0;+rv:11.0)+like+Gecko http://localhost:61090/Customer.aspx 500 0 0 4
2018-09-10 05:39:30 ::1 POST /ReportViewer.aspx Month=-1 61090 - ::1 Mozilla/5.0+(Windows+NT+10.0;+WOW64;+Trident/7.0;+rv:11.0)+like+Gecko http://localhost:61090/Customer.aspx 500 0 0 5
#Software: Microsoft Internet Information Services 10.0
#Version: 1.0
#Date: 2018-09-10 05:40:20
#Fields: date time s-ip cs-method cs-uri-stem cs-uri-query s-port cs-username c-ip cs(User-Agent) cs(Referer) sc-status sc-substatus sc-win32-status time-taken
2018-09-10 05:40:20 ::1 GET /Customer.aspx - 61090 - ::1 Mozilla/5.0+(Windows+NT+10.0;+WOW64;+Trident/7.0;+rv:11.0)+like+Gecko - 200 0 0 14337
2018-09-10 05:40:41 ::1 POST /Customer.aspx - 61090 - ::1 Mozilla/5.0+(Windows+NT+10.0;+WOW64;+Trident/7.0;+rv:11.0)+like+Gecko http://localhost:61090/Customer.aspx 200 0 0 8452
2018-09-10 05:41:26 ::1 POST /ReportViewer.aspx Month=-1 61090 - ::1 Mozilla/5.0+(Windows+NT+10.0;+WOW64;+Trident/7.0;+rv:11.0)+like+Gecko http://localhost:61090/Customer.aspx 500 0 0 38293
#Software: Microsoft Internet Information Services 10.0
#Version: 1.0
#Date: 2018-09-10 06:42:10
#Fields: date time s-ip cs-method cs-uri-stem cs-uri-query s-port cs-username c-ip cs(User-Agent) cs(Referer) sc-status sc-substatus sc-win32-status time-taken
2018-09-10 06:42:10 ::1 GET /Customer.aspx - 61090 - ::1 Mozilla/5.0+(Windows+NT+10.0;+WOW64;+Trident/7.0;+rv:11.0)+like+Gecko - 200 0 0 24675
2018-09-10 06:44:02 ::1 GET /Customer.aspx - 61090 - ::1 Mozilla/5.0+(Windows+NT+10.0;+WOW64;+Trident/7.0;+rv:11.0)+like+Gecko - 200 0 0 2145
2018-09-10 06:44:10 ::1 POST /Customer.aspx - 61090 - ::1 Mozilla/5.0+(Windows+NT+10.0;+WOW64;+Trident/7.0;+rv:11.0)+like+Gecko http://localhost:61090/Customer.aspx 200 0 0 245
#Software: Microsoft Internet Information Services 10.0
#Version: 1.0
#Date: 2018-09-10 06:45:45
#Fields: date time s-ip cs-method cs-uri-stem cs-uri-query s-port cs-username c-ip cs(User-Agent) cs(Referer) sc-status sc-substatus sc-win32-status time-taken
2018-09-10 06:45:45 ::1 GET /Customer.aspx - 61090 - ::1 Mozilla/5.0+(Windows+NT+10.0;+WOW64;+Trident/7.0;+rv:11.0)+like+Gecko - 200 0 0 21693
2018-09-10 06:46:01 ::1 POST /Customer.aspx - 61090 - ::1 Mozilla/5.0+(Windows+NT+10.0;+WOW64;+Trident/7.0;+rv:11.0)+like+Gecko http://localhost:61090/Customer.aspx 200 0 0 7104
#Software: Microsoft Internet Information Services 10.0
#Version: 1.0
#Date: 2018-09-10 06:50:26
#Fields: date time s-ip cs-method cs-uri-stem cs-uri-query s-port cs-username c-ip cs(User-Agent) cs(Referer) sc-status sc-substatus sc-win32-status time-taken
2018-09-10 06:50:26 ::1 GET /Customer.aspx - 61090 - ::1 Mozilla/5.0+(Windows+NT+10.0;+WOW64;+Trident/7.0;+rv:11.0)+like+Gecko - 200 0 0 4171
2018-09-10 06:50:37 ::1 POST /Customer.aspx - 61090 - ::1 Mozilla/5.0+(Windows+NT+10.0;+WOW64;+Trident/7.0;+rv:11.0)+like+Gecko http://localhost:61090/Customer.aspx 200 0 0 64
2018-09-10 06:53:41 ::1 GET /Customer.aspx - 61090 - ::1 Mozilla/5.0+(Windows+NT+10.0;+WOW64;+Trident/7.0;+rv:11.0)+like+Gecko - 200 0 0 3384
2018-09-10 06:53:56 ::1 POST /Customer.aspx - 61090 - ::1 Mozilla/5.0+(Windows+NT+10.0;+WOW64;+Trident/7.0;+rv:11.0)+like+Gecko http://localhost:61090/Customer.aspx 200 0 0 94
2018-09-10 06:56:49 ::1 GET /Customer.aspx - 61090 - ::1 Mozilla/5.0+(Windows+NT+10.0;+WOW64;+Trident/7.0;+rv:11.0)+like+Gecko - 200 0 0 3807
2018-09-10 06:56:55 ::1 POST /Customer.aspx - 61090 - ::1 Mozilla/5.0+(Windows+NT+10.0;+WOW64;+Trident/7.0;+rv:11.0)+like+Gecko http://localhost:61090/Customer.aspx 200 0 0 50
2018-09-10 06:57:09 ::1 GET /Customer.aspx - 61090 - ::1 Mozilla/5.0+(Windows+NT+10.0;+WOW64;+Trident/7.0;+rv:11.0)+like+Gecko http://localhost:61090/Customer.aspx 200 0 0 14
2018-09-10 06:58:29 ::1 GET /Customer.aspx - 61090 - ::1 Mozilla/5.0+(Windows+NT+10.0;+WOW64;+Trident/7.0;+rv:11.0)+like+Gecko http://localhost:61090/Customer.aspx 200 0 0 1825
2018-09-10 06:58:47 ::1 GET /EmployeeForm.aspx - 61090 - ::1 Mozilla/5.0+(Windows+NT+10.0;+WOW64;+Trident/7.0;+rv:11.0)+like+Gecko http://localhost:61090/Customer.aspx 200 0 0 49
2018-09-10 06:59:09 ::1 GET /Customer.aspx - 61090 - ::1 Mozilla/5.0+(Windows+NT+10.0;+WOW64;+Trident/7.0;+rv:11.0)+like+Gecko http://localhost:61090/EmployeeForm.aspx 200 0 0 28
2018-09-10 06:59:18 ::1 POST /Customer.aspx - 61090 - ::1 Mozilla/5.0+(Windows+NT+10.0;+WOW64;+Trident/7.0;+rv:11.0)+like+Gecko http://localhost:61090/Customer.aspx 200 0 0 45
2018-09-10 07:10:13 ::1 GET /Customer.aspx - 61090 - ::1 Mozilla/5.0+(Windows+NT+10.0;+WOW64;+Trident/7.0;+rv:11.0)+like+Gecko - 200 0 0 3848
2018-09-10 07:11:24 ::1 POST /Customer.aspx/SaveEmpAdvance - 61090 - ::1 Mozilla/5.0+(Windows+NT+10.0;+WOW64;+Trident/7.0;+rv:11.0)+like+Gecko http://localhost:61090/Customer.aspx 200 0 0 439
2018-09-10 07:14:12 ::1 GET /Customer.aspx - 61090 - ::1 Mozilla/5.0+(Windows+NT+10.0;+WOW64;+Trident/7.0;+rv:11.0)+like+Gecko - 200 0 0 3808
2018-09-10 07:14:21 ::1 POST /Customer.aspx - 61090 - ::1 Mozilla/5.0+(Windows+NT+10.0;+WOW64;+Trident/7.0;+rv:11.0)+like+Gecko http://localhost:61090/Customer.aspx 200 0 0 28
2018-09-10 07:14:27 ::1 GET /Customer.aspx - 61090 - ::1 Mozilla/5.0+(Windows+NT+10.0;+WOW64;+Trident/7.0;+rv:11.0)+like+Gecko - 200 0 0 37
2018-09-10 07:14:33 ::1 POST /Customer.aspx - 61090 - ::1 Mozilla/5.0+(Windows+NT+10.0;+WOW64;+Trident/7.0;+rv:11.0)+like+Gecko http://localhost:61090/Customer.aspx 200 0 0 25
2018-09-10 07:14:59 ::1 GET /EmployeeForm.aspx - 61090 - ::1 Mozilla/5.0+(Windows+NT+10.0;+WOW64;+Trident/7.0;+rv:11.0)+like+Gecko http://localhost:61090/Customer.aspx 200 0 0 56
2018-09-10 07:17:11 ::1 POST /EmployeeForm.aspx - 61090 - ::1 Mozilla/5.0+(Windows+NT+10.0;+WOW64;+Trident/7.0;+rv:11.0)+like+Gecko http://localhost:61090/EmployeeForm.aspx 200 0 0 1761
2018-09-10 07:17:45 ::1 GET /Customer.aspx - 61090 - ::1 Mozilla/5.0+(Windows+NT+10.0;+WOW64;+Trident/7.0;+rv:11.0)+like+Gecko - 500 0 0 442
2018-09-10 07:18:35 ::1 GET /Customer.aspx - 61090 - ::1 Mozilla/5.0+(Windows+NT+10.0;+WOW64;+Trident/7.0;+rv:11.0)+like+Gecko - 200 0 0 4325
2018-09-10 07:19:42 ::1 POST /Customer.aspx - 61090 - ::1 Mozilla/5.0+(Windows+NT+10.0;+WOW64;+Trident/7.0;+rv:11.0)+like+Gecko http://localhost:61090/Customer.aspx 200 0 0 34
2018-09-10 07:20:02 ::1 POST /Customer.aspx/SaveEmpAdvance - 61090 - ::1 Mozilla/5.0+(Windows+NT+10.0;+WOW64;+Trident/7.0;+rv:11.0)+like+Gecko http://localhost:61090/Customer.aspx 200 0 0 81
2018-09-10 07:25:04 ::1 GET /Customer.aspx - 61090 - ::1 Mozilla/5.0+(Windows+NT+10.0;+WOW64;+Trident/7.0;+rv:11.0)+like+Gecko - 200 0 0 216
2018-09-10 07:25:11 ::1 POST /Customer.aspx - 61090 - ::1 Mozilla/5.0+(Windows+NT+10.0;+WOW64;+Trident/7.0;+rv:11.0)+like+Gecko http://localhost:61090/Customer.aspx 200 0 0 36
#Software: Microsoft Internet Information Services 10.0
#Version: 1.0
#Date: 2018-09-10 07:27:07
#Fields: date time s-ip cs-method cs-uri-stem cs-uri-query s-port cs-username c-ip cs(User-Agent) cs(Referer) sc-status sc-substatus sc-win32-status time-taken
2018-09-10 07:27:07 ::1 GET /Customer.aspx - 61090 - ::1 Mozilla/5.0+(Windows+NT+10.0;+WOW64;+Trident/7.0;+rv:11.0)+like+Gecko - 200 0 0 13208
2018-09-10 07:27:15 ::1 POST /Customer.aspx - 61090 - ::1 Mozilla/5.0+(Windows+NT+10.0;+WOW64;+Trident/7.0;+rv:11.0)+like+Gecko http://localhost:61090/Customer.aspx 200 0 0 71
2018-09-10 07:28:54 ::1 GET /Customer.aspx - 61090 - ::1 Mozilla/5.0+(Windows+NT+10.0;+WOW64;+Trident/7.0;+rv:11.0)+like+Gecko - 200 0 0 18
2018-09-10 07:29:16 ::1 POST /Customer.aspx - 61090 - ::1 Mozilla/5.0+(Windows+NT+10.0;+WOW64;+Trident/7.0;+rv:11.0)+like+Gecko http://localhost:61090/Customer.aspx 200 0 0 109
2018-09-10 07:30:31 ::1 POST /Customer.aspx - 61090 - ::1 Mozilla/5.0+(Windows+NT+10.0;+WOW64;+Trident/7.0;+rv:11.0)+like+Gecko http://localhost:61090/Customer.aspx 200 0 0 165
2018-09-10 07:31:22 ::1 POST /Customer.aspx - 61090 - ::1 Mozilla/5.0+(Windows+NT+10.0;+WOW64;+Trident/7.0;+rv:11.0)+like+Gecko http://localhost:61090/Customer.aspx 200 0 0 109
2018-09-10 07:31:49 ::1 POST /Customer.aspx - 61090 - ::1 Mozilla/5.0+(Windows+NT+10.0;+WOW64;+Trident/7.0;+rv:11.0)+like+Gecko http://localhost:61090/Customer.aspx 200 0 0 93
2018-09-10 07:32:21 ::1 POST /Customer.aspx - 61090 - ::1 Mozilla/5.0+(Windows+NT+10.0;+WOW64;+Trident/7.0;+rv:11.0)+like+Gecko http://localhost:61090/Customer.aspx 200 0 0 375
2018-09-10 07:32:37 ::1 POST /Customer.aspx - 61090 - ::1 Mozilla/5.0+(Windows+NT+10.0;+WOW64;+Trident/7.0;+rv:11.0)+like+Gecko http://localhost:61090/Customer.aspx 200 0 0 41
2018-09-10 07:32:52 ::1 POST /Customer.aspx - 61090 - ::1 Mozilla/5.0+(Windows+NT+10.0;+WOW64;+Trident/7.0;+rv:11.0)+like+Gecko http://localhost:61090/Customer.aspx 200 0 0 41
#Software: Microsoft Internet Information Services 10.0
#Version: 1.0
#Date: 2018-09-10 07:38:50
#Fields: date time s-ip cs-method cs-uri-stem cs-uri-query s-port cs-username c-ip cs(User-Agent) cs(Referer) sc-status sc-substatus sc-win32-status time-taken
2018-09-10 07:38:50 ::1 GET /Customer.aspx - 61090 - ::1 Mozilla/5.0+(Windows+NT+10.0;+WOW64;+Trident/7.0;+rv:11.0)+like+Gecko - 200 0 0 6834
2018-09-10 07:39:03 ::1 POST /Customer.aspx - 61090 - ::1 Mozilla/5.0+(Windows+NT+10.0;+WOW64;+Trident/7.0;+rv:11.0)+like+Gecko http://localhost:61090/Customer.aspx 200 0 0 40
2018-09-10 07:39:15 ::1 POST /Customer.aspx - 61090 - ::1 Mozilla/5.0+(Windows+NT+10.0;+WOW64;+Trident/7.0;+rv:11.0)+like+Gecko http://localhost:61090/Customer.aspx 200 0 0 80
#Software: Microsoft Internet Information Services 10.0
#Version: 1.0
#Date: 2018-09-10 07:41:06
#Fields: date time s-ip cs-method cs-uri-stem cs-uri-query s-port cs-username c-ip cs(User-Agent) cs(Referer) sc-status sc-substatus sc-win32-status time-taken
2018-09-10 07:41:06 ::1 GET /Customer.aspx - 61090 - ::1 Mozilla/5.0+(Windows+NT+10.0;+WOW64;+Trident/7.0;+rv:11.0)+like+Gecko - 200 0 0 4709
2018-09-10 07:41:15 ::1 POST /Customer.aspx - 61090 - ::1 Mozilla/5.0+(Windows+NT+10.0;+WOW64;+Trident/7.0;+rv:11.0)+like+Gecko http://localhost:61090/Customer.aspx 200 0 0 41
#Software: Microsoft Internet Information Services 10.0
#Version: 1.0
#Date: 2018-09-10 07:43:57
#Fields: date time s-ip cs-method cs-uri-stem cs-uri-query s-port cs-username c-ip cs(User-Agent) cs(Referer) sc-status sc-substatus sc-win32-status time-taken
2018-09-10 07:43:57 ::1 GET /Customer.aspx - 61090 - ::1 Mozilla/5.0+(Windows+NT+10.0;+WOW64;+Trident/7.0;+rv:11.0)+like+Gecko - 200 0 0 7585
2018-09-10 07:44:08 ::1 POST /Customer.aspx - 61090 - ::1 Mozilla/5.0+(Windows+NT+10.0;+WOW64;+Trident/7.0;+rv:11.0)+like+Gecko http://localhost:61090/Customer.aspx 200 0 0 38
#Software: Microsoft Internet Information Services 10.0
#Version: 1.0
#Date: 2018-09-10 07:47:21
#Fields: date time s-ip cs-method cs-uri-stem cs-uri-query s-port cs-username c-ip cs(User-Agent) cs(Referer) sc-status sc-substatus sc-win32-status time-taken
2018-09-10 07:47:21 ::1 GET /Customer.aspx - 61090 - ::1 Mozilla/5.0+(Windows+NT+10.0;+WOW64;+Trident/7.0;+rv:11.0)+like+Gecko - 200 0 0 2634
2018-09-10 07:47:58 ::1 POST /Customer.aspx - 61090 - ::1 Mozilla/5.0+(Windows+NT+10.0;+WOW64;+Trident/7.0;+rv:11.0)+like+Gecko http://localhost:61090/Customer.aspx 200 0 0 29
#Software: Microsoft Internet Information Services 10.0
#Version: 1.0
#Date: 2018-09-10 07:59:18
#Fields: date time s-ip cs-method cs-uri-stem cs-uri-query s-port cs-username c-ip cs(User-Agent) cs(Referer) sc-status sc-substatus sc-win32-status time-taken
2018-09-10 07:59:18 ::1 GET /Customer.aspx - 61090 - ::1 Mozilla/5.0+(Windows+NT+10.0;+WOW64;+Trident/7.0;+rv:11.0)+like+Gecko - 200 0 0 30513
2018-09-10 08:00:13 ::1 POST /Customer.aspx - 61090 - ::1 Mozilla/5.0+(Windows+NT+10.0;+WOW64;+Trident/7.0;+rv:11.0)+like+Gecko http://localhost:61090/Customer.aspx 200 0 0 230
#Software: Microsoft Internet Information Services 10.0
#Version: 1.0
#Date: 2018-09-10 08:10:56
#Fields: date time s-ip cs-method cs-uri-stem cs-uri-query s-port cs-username c-ip cs(User-Agent) cs(Referer) sc-status sc-substatus sc-win32-status time-taken
2018-09-10 08:10:56 ::1 GET /Customer.aspx - 61090 - ::1 Mozilla/5.0+(Windows+NT+10.0;+WOW64;+Trident/7.0;+rv:11.0)+like+Gecko - 200 0 0 16217
2018-09-10 08:11:26 ::1 POST /Customer.aspx - 61090 - ::1 Mozilla/5.0+(Windows+NT+10.0;+WOW64;+Trident/7.0;+rv:11.0)+like+Gecko http://localhost:61090/Customer.aspx 200 0 0 79
#Software: Microsoft Internet Information Services 10.0
#Version: 1.0
#Date: 2018-09-10 08:13:00
#Fields: date time s-ip cs-method cs-uri-stem cs-uri-query s-port cs-username c-ip cs(User-Agent) cs(Referer) sc-status sc-substatus sc-win32-status time-taken
2018-09-10 08:13:00 ::1 GET /Customer.aspx - 61090 - ::1 Mozilla/5.0+(Windows+NT+10.0;+WOW64;+Trident/7.0;+rv:11.0)+like+Gecko - 200 0 0 6301
2018-09-10 08:13:09 ::1 POST /Customer.aspx - 61090 - ::1 Mozilla/5.0+(Windows+NT+10.0;+WOW64;+Trident/7.0;+rv:11.0)+like+Gecko http://localhost:61090/Customer.aspx 200 0 0 44
2018-09-10 08:13:45 ::1 POST /Customer.aspx/SaveAdvBlnc - 61090 - ::1 Mozilla/5.0+(Windows+NT+10.0;+WOW64;+Trident/7.0;+rv:11.0)+like+Gecko http://localhost:61090/Customer.aspx 200 0 0 20175
#Software: Microsoft Internet Information Services 10.0
#Version: 1.0
#Date: 2018-09-10 08:16:37
#Fields: date time s-ip cs-method cs-uri-stem cs-uri-query s-port cs-username c-ip cs(User-Agent) cs(Referer) sc-status sc-substatus sc-win32-status time-taken
2018-09-10 08:16:37 ::1 GET /Customer.aspx - 61090 - ::1 Mozilla/5.0+(Windows+NT+10.0;+WOW64;+Trident/7.0;+rv:11.0)+like+Gecko - 200 0 0 1084
2018-09-10 08:16:44 ::1 POST /Customer.aspx - 61090 - ::1 Mozilla/5.0+(Windows+NT+10.0;+WOW64;+Trident/7.0;+rv:11.0)+like+Gecko http://localhost:61090/Customer.aspx 200 0 0 27
2018-09-10 08:19:02 ::1 POST /ReportViewer.aspx Month=-1 61090 - ::1 Mozilla/5.0+(Windows+NT+10.0;+WOW64;+Trident/7.0;+rv:11.0)+like+Gecko http://localhost:61090/Customer.aspx 500 0 0 572
2018-09-10 08:19:04 ::1 POST /ReportViewer.aspx Month=-1 61090 - ::1 Mozilla/5.0+(Windows+NT+10.0;+WOW64;+Trident/7.0;+rv:11.0)+like+Gecko http://localhost:61090/Customer.aspx 500 0 0 12
2018-09-10 08:24:32 ::1 POST /Customer.aspx/SaveAdvBlnc - 61090 - ::1 Mozilla/5.0+(Windows+NT+10.0;+WOW64;+Trident/7.0;+rv:11.0)+like+Gecko http://localhost:61090/Customer.aspx 200 0 0 2948
2018-09-10 08:26:44 ::1 GET /Customer.aspx - 61090 - ::1 Mozilla/5.0+(Windows+NT+10.0;+WOW64;+Trident/7.0;+rv:11.0)+like+Gecko - 200 0 0 2085
2018-09-10 08:26:53 ::1 POST /Customer.aspx - 61090 - ::1 Mozilla/5.0+(Windows+NT+10.0;+WOW64;+Trident/7.0;+rv:11.0)+like+Gecko http://localhost:61090/Customer.aspx 200 0 0 26
2018-09-10 08:27:14 ::1 POST /Customer.aspx/SaveAdvBlnc - 61090 - ::1 Mozilla/5.0+(Windows+NT+10.0;+WOW64;+Trident/7.0;+rv:11.0)+like+Gecko http://localhost:61090/Customer.aspx 200 0 0 24
2018-09-10 08:34:05 ::1 POST /Customer.aspx/SaveAdvBlnc - 61090 - ::1 Mozilla/5.0+(Windows+NT+10.0;+WOW64;+Trident/7.0;+rv:11.0)+like+Gecko http://localhost:61090/Customer.aspx 200 0 0 31
#Software: Microsoft Internet Information Services 10.0
#Version: 1.0
#Date: 2018-09-10 08:46:29
#Fields: date time s-ip cs-method cs-uri-stem cs-uri-query s-port cs-username c-ip cs(User-Agent) cs(Referer) sc-status sc-substatus sc-win32-status time-taken
2018-09-10 08:46:29 ::1 GET /Customer.aspx - 61090 - ::1 Mozilla/5.0+(Windows+NT+10.0;+WOW64;+Trident/7.0;+rv:11.0)+like+Gecko - 200 0 0 15740
2018-09-10 08:46:40 ::1 POST /Customer.aspx - 61090 - ::1 Mozilla/5.0+(Windows+NT+10.0;+WOW64;+Trident/7.0;+rv:11.0)+like+Gecko http://localhost:61090/Customer.aspx 200 0 0 108
2018-09-10 08:46:46 ::1 POST /Customer.aspx - 61090 - ::1 Mozilla/5.0+(Windows+NT+10.0;+WOW64;+Trident/7.0;+rv:11.0)+like+Gecko http://localhost:61090/Customer.aspx 200 0 0 31
#Software: Microsoft Internet Information Services 10.0
#Version: 1.0
#Date: 2018-09-10 08:50:46
#Fields: date time s-ip cs-method cs-uri-stem cs-uri-query s-port cs-username c-ip cs(User-Agent) cs(Referer) sc-status sc-substatus sc-win32-status time-taken
2018-09-10 08:50:46 ::1 GET /Customer.aspx - 61090 - ::1 Mozilla/5.0+(Windows+NT+10.0;+WOW64;+Trident/7.0;+rv:11.0)+like+Gecko - 200 0 0 3496
2018-09-10 08:50:55 ::1 POST /Customer.aspx - 61090 - ::1 Mozilla/5.0+(Windows+NT+10.0;+WOW64;+Trident/7.0;+rv:11.0)+like+Gecko http://localhost:61090/Customer.aspx 200 0 0 111
2018-09-10 08:50:59 ::1 POST /Customer.aspx - 61090 - ::1 Mozilla/5.0+(Windows+NT+10.0;+WOW64;+Trident/7.0;+rv:11.0)+like+Gecko http://localhost:61090/Customer.aspx 200 0 0 51
#Software: Microsoft Internet Information Services 10.0
#Version: 1.0
#Date: 2018-09-10 08:52:19
#Fields: date time s-ip cs-method cs-uri-stem cs-uri-query s-port cs-username c-ip cs(User-Agent) cs(Referer) sc-status sc-substatus sc-win32-status time-taken
2018-09-10 08:52:19 ::1 GET /Customer.aspx - 61090 - ::1 Mozilla/5.0+(Windows+NT+10.0;+WOW64;+Trident/7.0;+rv:11.0)+like+Gecko - 200 0 0 5649
2018-09-10 08:52:25 ::1 POST /Customer.aspx - 61090 - ::1 Mozilla/5.0+(Windows+NT+10.0;+WOW64;+Trident/7.0;+rv:11.0)+like+Gecko http://localhost:61090/Customer.aspx 200 0 0 50
2018-09-10 08:52:43 ::1 POST /Customer.aspx/SaveAdvBlnc - 61090 - ::1 Mozilla/5.0+(Windows+NT+10.0;+WOW64;+Trident/7.0;+rv:11.0)+like+Gecko http://localhost:61090/Customer.aspx 200 0 0 187
2018-09-10 08:52:54 ::1 POST /Customer.aspx/SaveAdvBlnc - 61090 - ::1 Mozilla/5.0+(Windows+NT+10.0;+WOW64;+Trident/7.0;+rv:11.0)+like+Gecko http://localhost:61090/Customer.aspx 200 0 0 93
#Software: Microsoft Internet Information Services 10.0
#Version: 1.0
#Date: 2018-09-10 09:40:52
#Fields: date time s-ip cs-method cs-uri-stem cs-uri-query s-port cs-username c-ip cs(User-Agent) cs(Referer) sc-status sc-substatus sc-win32-status time-taken
2018-09-10 09:40:52 ::1 GET /Customer.aspx - 61090 - ::1 Mozilla/5.0+(Windows+NT+10.0;+WOW64;+Trident/7.0;+rv:11.0)+like+Gecko - 200 0 0 11368
2018-09-10 09:41:05 ::1 POST /Customer.aspx - 61090 - ::1 Mozilla/5.0+(Windows+NT+10.0;+WOW64;+Trident/7.0;+rv:11.0)+like+Gecko http://localhost:61090/Customer.aspx 200 0 0 112
2018-09-10 09:41:28 ::1 POST /Customer.aspx/SaveEmpAdvance - 61090 - ::1 Mozilla/5.0+(Windows+NT+10.0;+WOW64;+Trident/7.0;+rv:11.0)+like+Gecko http://localhost:61090/Customer.aspx 200 0 0 284
2018-09-10 09:42:16 ::1 POST /Customer.aspx/SaveAdvBlnc - 61090 - ::1 Mozilla/5.0+(Windows+NT+10.0;+WOW64;+Trident/7.0;+rv:11.0)+like+Gecko http://localhost:61090/Customer.aspx 200 0 0 102
2018-09-10 09:43:27 ::1 POST /Customer.aspx/SaveEmpAdvance - 61090 - ::1 Mozilla/5.0+(Windows+NT+10.0;+WOW64;+Trident/7.0;+rv:11.0)+like+Gecko http://localhost:61090/Customer.aspx 200 0 0 71
#Software: Microsoft Internet Information Services 10.0
#Version: 1.0
#Date: 2018-09-10 09:44:03
#Fields: date time s-ip cs-method cs-uri-stem cs-uri-query s-port cs-username c-ip cs(User-Agent) cs(Referer) sc-status sc-substatus sc-win32-status time-taken
2018-09-10 09:44:03 ::1 GET /Customer.aspx - 61090 - ::1 Mozilla/5.0+(Windows+NT+10.0;+WOW64;+Trident/7.0;+rv:11.0)+like+Gecko - 200 0 0 7544
2018-09-10 09:44:21 ::1 POST /Customer.aspx - 61090 - ::1 Mozilla/5.0+(Windows+NT+10.0;+WOW64;+Trident/7.0;+rv:11.0)+like+Gecko http://localhost:61090/Customer.aspx 200 0 0 163
2018-09-10 09:45:40 ::1 POST /Customer.aspx/SaveEmpAdvance - 61090 - ::1 Mozilla/5.0+(Windows+NT+10.0;+WOW64;+Trident/7.0;+rv:11.0)+like+Gecko http://localhost:61090/Customer.aspx 200 0 0 65917
2018-09-10 09:46:00 ::1 POST /Customer.aspx/SaveEmpAdvance - 61090 - ::1 Mozilla/5.0+(Windows+NT+10.0;+WOW64;+Trident/7.0;+rv:11.0)+like+Gecko http://localhost:61090/Customer.aspx 200 0 0 10157
2018-09-10 09:47:29 ::1 POST /Customer.aspx - 61090 - ::1 Mozilla/5.0+(Windows+NT+10.0;+WOW64;+Trident/7.0;+rv:11.0)+like+Gecko http://localhost:61090/Customer.aspx 200 0 0 39
#Software: Microsoft Internet Information Services 10.0
#Version: 1.0
#Date: 2018-09-10 09:49:55
#Fields: date time s-ip cs-method cs-uri-stem cs-uri-query s-port cs-username c-ip cs(User-Agent) cs(Referer) sc-status sc-substatus sc-win32-status time-taken
2018-09-10 09:49:55 ::1 GET /Customer.aspx - 61090 - ::1 Mozilla/5.0+(Windows+NT+10.0;+WOW64;+Trident/7.0;+rv:11.0)+like+Gecko - 200 0 0 8115
2018-09-10 09:50:24 ::1 POST /Customer.aspx - 61090 - ::1 Mozilla/5.0+(Windows+NT+10.0;+WOW64;+Trident/7.0;+rv:11.0)+like+Gecko http://localhost:61090/Customer.aspx 200 0 0 29
2018-09-10 09:50:41 ::1 POST /Customer.aspx/SaveAdvBlnc - 61090 - ::1 Mozilla/5.0+(Windows+NT+10.0;+WOW64;+Trident/7.0;+rv:11.0)+like+Gecko http://localhost:61090/Customer.aspx 200 0 0 129
2018-09-10 09:51:10 ::1 POST /Customer.aspx/SaveEmpAdvance - 61090 - ::1 Mozilla/5.0+(Windows+NT+10.0;+WOW64;+Trident/7.0;+rv:11.0)+like+Gecko http://localhost:61090/Customer.aspx 200 0 0 11232
#Software: Microsoft Internet Information Services 10.0
#Version: 1.0
#Date: 2018-09-10 12:21:16
#Fields: date time s-ip cs-method cs-uri-stem cs-uri-query s-port cs-username c-ip cs(User-Agent) cs(Referer) sc-status sc-substatus sc-win32-status time-taken
2018-09-10 12:21:16 ::1 GET /Customer.aspx - 61090 - ::1 Mozilla/5.0+(Windows+NT+10.0;+WOW64;+Trident/7.0;+rv:11.0)+like+Gecko - 200 0 0 19688
2018-09-10 12:21:18 ::1 GET /Images/NurseandPatientJohnsHopkins.png.jpg - 61090 - ::1 Mozilla/5.0+(Windows+NT+10.0;+WOW64;+Trident/7.0;+rv:11.0)+like+Gecko http://localhost:61090/Customer.aspx 304 0 0 231
2018-09-10 12:21:30 ::1 POST /Customer.aspx - 61090 - ::1 Mozilla/5.0+(Windows+NT+10.0;+WOW64;+Trident/7.0;+rv:11.0)+like+Gecko http://localhost:61090/Customer.aspx 200 0 0 138
2018-09-10 12:21:46 ::1 POST /Customer.aspx/SaveAdvBlnc - 61090 - ::1 Mozilla/5.0+(Windows+NT+10.0;+WOW64;+Trident/7.0;+rv:11.0)+like+Gecko http://localhost:61090/Customer.aspx 500 0 0 204
2018-09-10 12:22:01 ::1 POST /Customer.aspx/SaveAdvBlnc - 61090 - ::1 Mozilla/5.0+(Windows+NT+10.0;+WOW64;+Trident/7.0;+rv:11.0)+like+Gecko http://localhost:61090/Customer.aspx 500 0 0 47
#Software: Microsoft Internet Information Services 10.0
#Version: 1.0
#Date: 2018-09-10 12:22:54
#Fields: date time s-ip cs-method cs-uri-stem cs-uri-query s-port cs-username c-ip cs(User-Agent) cs(Referer) sc-status sc-substatus sc-win32-status time-taken
2018-09-10 12:22:54 ::1 GET /Customer.aspx - 61090 - ::1 Mozilla/5.0+(Windows+NT+10.0;+WOW64;+Trident/7.0;+rv:11.0)+like+Gecko - 200 0 0 3785
2018-09-10 12:23:00 ::1 POST /Customer.aspx - 61090 - ::1 Mozilla/5.0+(Windows+NT+10.0;+WOW64;+Trident/7.0;+rv:11.0)+like+Gecko http://localhost:61090/Customer.aspx 200 0 0 56
2018-09-10 12:23:13 ::1 POST /Customer.aspx/SaveAdvBlnc - 61090 - ::1 Mozilla/5.0+(Windows+NT+10.0;+WOW64;+Trident/7.0;+rv:11.0)+like+Gecko http://localhost:61090/Customer.aspx 500 0 0 112
2018-09-10 12:23:29 ::1 POST /Customer.aspx/SaveAdvBlnc - 61090 - ::1 Mozilla/5.0+(Windows+NT+10.0;+WOW64;+Trident/7.0;+rv:11.0)+like+Gecko http://localhost:61090/Customer.aspx 500 0 0 57
2018-09-10 12:23:46 ::1 POST /Customer.aspx/SaveAdvBlnc - 61090 - ::1 Mozilla/5.0+(Windows+NT+10.0;+WOW64;+Trident/7.0;+rv:11.0)+like+Gecko http://localhost:61090/Customer.aspx 500 0 0 34
#Software: Microsoft Internet Information Services 10.0
#Version: 1.0
#Date: 2018-09-10 12:27:33
#Fields: date time s-ip cs-method cs-uri-stem cs-uri-query s-port cs-username c-ip cs(User-Agent) cs(Referer) sc-status sc-substatus sc-win32-status time-taken
2018-09-10 12:27:33 ::1 GET /Customer.aspx - 61090 - ::1 Mozilla/5.0+(Windows+NT+10.0;+WOW64;+Trident/7.0;+rv:11.0)+like+Gecko - 200 0 0 4392
2018-09-10 12:27:44 ::1 POST /Customer.aspx - 61090 - ::1 Mozilla/5.0+(Windows+NT+10.0;+WOW64;+Trident/7.0;+rv:11.0)+like+Gecko http://localhost:61090/Customer.aspx 200 0 0 32
2018-09-10 12:27:54 ::1 POST /Customer.aspx/SaveAdvBlnc - 61090 - ::1 Mozilla/5.0+(Windows+NT+10.0;+WOW64;+Trident/7.0;+rv:11.0)+like+Gecko http://localhost:61090/Customer.aspx 200 0 0 148
2018-09-10 12:31:09 ::1 GET /js/swfobject/swfobject.js - 61090 - ::1 - - 404 0 2 63
2018-09-10 12:31:09 ::1 GET /js/jquery.min.js - 61090 - ::1 - - 404 0 2 20
2018-09-10 12:31:09 ::1 GET /js/ddsmoothmenu.js - 61090 - ::1 - - 404 0 2 15
2018-09-10 12:31:09 ::1 GET /js/logging.js - 61090 - ::1 - - 404 0 2 16
2018-09-10 12:32:26 ::1 GET /js/swfobject/swfobject.js - 61090 - ::1 - - 404 0 2 2
2018-09-10 12:32:26 ::1 GET /js/jquery.min.js - 61090 - ::1 - - 404 0 2 6
2018-09-10 12:32:26 ::1 GET /js/ddsmoothmenu.js - 61090 - ::1 - - 404 0 2 25
2018-09-10 12:32:26 ::1 GET /js/logging.js - 61090 - ::1 - - 404 0 2 1
2018-09-10 12:33:44 ::1 GET /Customer.aspx - 61090 - ::1 Mozilla/5.0+(Windows+NT+10.0;+WOW64;+Trident/7.0;+rv:11.0)+like+Gecko - 200 0 0 3574
2018-09-10 12:33:44 ::1 GET /css/templatemo_style.css - 61090 - ::1 Mozilla/5.0+(Windows+NT+10.0;+WOW64;+Trident/7.0;+rv:11.0)+like+Gecko http://localhost:61090/Customer.aspx 304 0 0 64
2018-09-10 12:33:44 ::1 GET /js/swfobject/swfobject.js - 61090 - ::1 Mozilla/5.0+(Windows+NT+10.0;+WOW64;+Trident/7.0;+rv:11.0)+like+Gecko http://localhost:61090/Customer.aspx 404 0 2 4
2018-09-10 12:33:44 ::1 GET /js/jquery.min.js - 61090 - ::1 Mozilla/5.0+(Windows+NT+10.0;+WOW64;+Trident/7.0;+rv:11.0)+like+Gecko http://localhost:61090/Customer.aspx 404 0 2 25
2018-09-10 12:33:44 ::1 GET /js/ddsmoothmenu.js - 61090 - ::1 Mozilla/5.0+(Windows+NT+10.0;+WOW64;+Trident/7.0;+rv:11.0)+like+Gecko http://localhost:61090/Customer.aspx 404 0 2 6
2018-09-10 12:33:44 ::1 GET /js/logging.js - 61090 - ::1 Mozilla/5.0+(Windows+NT+10.0;+WOW64;+Trident/7.0;+rv:11.0)+like+Gecko http://localhost:61090/Customer.aspx 404 0 2 33
2018-09-10 12:33:50 ::1 POST /Customer.aspx - 61090 - ::1 Mozilla/5.0+(Windows+NT+10.0;+WOW64;+Trident/7.0;+rv:11.0)+like+Gecko http://localhost:61090/Customer.aspx 200 0 0 26
2018-09-10 12:33:50 ::1 GET /js/swfobject/swfobject.js - 61090 - ::1 Mozilla/5.0+(Windows+NT+10.0;+WOW64;+Trident/7.0;+rv:11.0)+like+Gecko http://localhost:61090/Customer.aspx 404 0 2 6
2018-09-10 12:33:50 ::1 GET /js/jquery.min.js - 61090 - ::1 Mozilla/5.0+(Windows+NT+10.0;+WOW64;+Trident/7.0;+rv:11.0)+like+Gecko http://localhost:61090/Customer.aspx 404 0 2 3
2018-09-10 12:33:50 ::1 GET /js/ddsmoothmenu.js - 61090 - ::1 Mozilla/5.0+(Windows+NT+10.0;+WOW64;+Trident/7.0;+rv:11.0)+like+Gecko http://localhost:61090/Customer.aspx 404 0 2 14
2018-09-10 12:33:50 ::1 GET /js/logging.js - 61090 - ::1 Mozilla/5.0+(Windows+NT+10.0;+WOW64;+Trident/7.0;+rv:11.0)+like+Gecko http://localhost:61090/Customer.aspx 404 0 2 15
2018-09-10 12:34:00 ::1 POST /EmployeeReceipt.aspx empName=Varsha%20S%20Borate&Month=-1 61090 - ::1 Mozilla/5.0+(Windows+NT+10.0;+WOW64;+Trident/7.0;+rv:11.0)+like+Gecko http://localhost:61090/Customer.aspx 500 0 0 321
2018-09-10 12:34:10 ::1 POST /EmployeeReceipt.aspx empName=Varsha%20S%20Borate&Month=-1 61090 - ::1 Mozilla/5.0+(Windows+NT+10.0;+WOW64;+Trident/7.0;+rv:11.0)+like+Gecko http://localhost:61090/Customer.aspx 500 0 0 7
2018-09-10 12:34:24 ::1 POST /EmployeeReceipt.aspx empName=Varsha%20S%20Borate&Month=-1 61090 - ::1 Mozilla/5.0+(Windows+NT+10.0;+WOW64;+Trident/7.0;+rv:11.0)+like+Gecko http://localhost:61090/Customer.aspx 500 0 0 4
2018-09-10 12:34:29 ::1 POST /EmployeeReceipt.aspx empName=Varsha%20S%20Borate&Month=-1 61090 - ::1 Mozilla/5.0+(Windows+NT+10.0;+WOW64;+Trident/7.0;+rv:11.0)+like+Gecko http://localhost:61090/Customer.aspx 500 0 0 6
2018-09-10 12:34:54 ::1 POST /EmployeeReceipt.aspx empName=Varsha%20S%20Borate&Month=-1 61090 - ::1 Mozilla/5.0+(Windows+NT+10.0;+WOW64;+Trident/7.0;+rv:11.0)+like+Gecko http://localhost:61090/Customer.aspx 500 0 0 4
2018-09-10 12:36:24 ::1 GET /js/swfobject/swfobject.js - 61090 - ::1 - - 404 0 2 10
2018-09-10 12:36:24 ::1 GET /js/jquery.min.js - 61090 - ::1 - - 404 0 2 33
2018-09-10 12:36:24 ::1 GET /js/ddsmoothmenu.js - 61090 - ::1 - - 404 0 2 15
2018-09-10 12:36:24 ::1 GET /js/logging.js - 61090 - ::1 - - 404 0 2 18
#Software: Microsoft Internet Information Services 10.0
#Version: 1.0
#Date: 2018-09-10 12:37:19
#Fields: date time s-ip cs-method cs-uri-stem cs-uri-query s-port cs-username c-ip cs(User-Agent) cs(Referer) sc-status sc-substatus sc-win32-status time-taken
2018-09-10 12:37:19 ::1 GET /Customer.aspx - 61090 - ::1 Mozilla/5.0+(Windows+NT+10.0;+WOW64;+Trident/7.0;+rv:11.0)+like+Gecko - 200 0 0 6644
2018-09-10 12:37:19 ::1 GET /js/swfobject/swfobject.js - 61090 - ::1 Mozilla/5.0+(Windows+NT+10.0;+WOW64;+Trident/7.0;+rv:11.0)+like+Gecko http://localhost:61090/Customer.aspx 404 0 2 37
2018-09-10 12:37:19 ::1 GET /js/jquery.min.js - 61090 - ::1 Mozilla/5.0+(Windows+NT+10.0;+WOW64;+Trident/7.0;+rv:11.0)+like+Gecko http://localhost:61090/Customer.aspx 404 0 2 24
2018-09-10 12:37:19 ::1 GET /js/ddsmoothmenu.js - 61090 - ::1 Mozilla/5.0+(Windows+NT+10.0;+WOW64;+Trident/7.0;+rv:11.0)+like+Gecko http://localhost:61090/Customer.aspx 404 0 2 112
2018-09-10 12:37:19 ::1 GET /js/logging.js - 61090 - ::1 Mozilla/5.0+(Windows+NT+10.0;+WOW64;+Trident/7.0;+rv:11.0)+like+Gecko http://localhost:61090/Customer.aspx 404 0 2 25
2018-09-10 12:38:41 ::1 POST /Customer.aspx - 61090 - ::1 Mozilla/5.0+(Windows+NT+10.0;+WOW64;+Trident/7.0;+rv:11.0)+like+Gecko http://localhost:61090/Customer.aspx 200 0 0 33
2018-09-10 12:38:41 ::1 GET /js/swfobject/swfobject.js - 61090 - ::1 Mozilla/5.0+(Windows+NT+10.0;+WOW64;+Trident/7.0;+rv:11.0)+like+Gecko http://localhost:61090/Customer.aspx 404 0 2 2
2018-09-10 12:38:41 ::1 GET /js/jquery.min.js - 61090 - ::1 Mozilla/5.0+(Windows+NT+10.0;+WOW64;+Trident/7.0;+rv:11.0)+like+Gecko http://localhost:61090/Customer.aspx 404 0 2 5
2018-09-10 12:38:41 ::1 GET /js/ddsmoothmenu.js - 61090 - ::1 Mozilla/5.0+(Windows+NT+10.0;+WOW64;+Trident/7.0;+rv:11.0)+like+Gecko http://localhost:61090/Customer.aspx 404 0 2 5
2018-09-10 12:38:41 ::1 GET /js/logging.js - 61090 - ::1 Mozilla/5.0+(Windows+NT+10.0;+WOW64;+Trident/7.0;+rv:11.0)+like+Gecko http://localhost:61090/Customer.aspx 404 0 2 15
2018-09-10 12:41:13 ::1 GET /js/swfobject/swfobject.js - 61090 - ::1 - - 404 0 2 10
2018-09-10 12:41:13 ::1 GET /js/jquery.min.js - 61090 - ::1 - - 404 0 2 12
2018-09-10 12:41:13 ::1 GET /js/ddsmoothmenu.js - 61090 - ::1 - - 404 0 2 3
2018-09-10 12:41:13 ::1 GET /js/logging.js - 61090 - ::1 - - 404 0 2 12
#Software: Microsoft Internet Information Services 10.0
#Version: 1.0
#Date: 2018-09-10 12:41:49
#Fields: date time s-ip cs-method cs-uri-stem cs-uri-query s-port cs-username c-ip cs(User-Agent) cs(Referer) sc-status sc-substatus sc-win32-status time-taken
2018-09-10 12:41:49 ::1 GET /Customer.aspx - 61090 - ::1 Mozilla/5.0+(Windows+NT+10.0;+WOW64;+Trident/7.0;+rv:11.0)+like+Gecko - 200 0 0 6205
2018-09-10 12:41:49 ::1 GET /js/swfobject/swfobject.js - 61090 - ::1 Mozilla/5.0+(Windows+NT+10.0;+WOW64;+Trident/7.0;+rv:11.0)+like+Gecko http://localhost:61090/Customer.aspx 404 0 2 27
2018-09-10 12:41:49 ::1 GET /js/jquery.min.js - 61090 - ::1 Mozilla/5.0+(Windows+NT+10.0;+WOW64;+Trident/7.0;+rv:11.0)+like+Gecko http://localhost:61090/Customer.aspx 404 0 2 16
2018-09-10 12:41:49 ::1 GET /js/ddsmoothmenu.js - 61090 - ::1 Mozilla/5.0+(Windows+NT+10.0;+WOW64;+Trident/7.0;+rv:11.0)+like+Gecko http://localhost:61090/Customer.aspx 404 0 2 19
2018-09-10 12:41:49 ::1 GET /js/logging.js - 61090 - ::1 Mozilla/5.0+(Windows+NT+10.0;+WOW64;+Trident/7.0;+rv:11.0)+like+Gecko http://localhost:61090/Customer.aspx 404 0 2 8
#Software: Microsoft Internet Information Services 10.0
#Version: 1.0
#Date: 2018-09-10 12:43:25
#Fields: date time s-ip cs-method cs-uri-stem cs-uri-query s-port cs-username c-ip cs(User-Agent) cs(Referer) sc-status sc-substatus sc-win32-status time-taken
2018-09-10 12:43:25 ::1 GET /Customer.aspx - 61090 - ::1 Mozilla/5.0+(Windows+NT+10.0;+WOW64;+Trident/7.0;+rv:11.0)+like+Gecko - 200 0 0 5353
2018-09-10 12:43:25 ::1 GET /js/swfobject/swfobject.js - 61090 - ::1 Mozilla/5.0+(Windows+NT+10.0;+WOW64;+Trident/7.0;+rv:11.0)+like+Gecko http://localhost:61090/Customer.aspx 404 0 2 17
2018-09-10 12:43:25 ::1 GET /js/jquery.min.js - 61090 - ::1 Mozilla/5.0+(Windows+NT+10.0;+WOW64;+Trident/7.0;+rv:11.0)+like+Gecko http://localhost:61090/Customer.aspx 404 0 2 64
2018-09-10 12:43:25 ::1 GET /js/ddsmoothmenu.js - 61090 - ::1 Mozilla/5.0+(Windows+NT+10.0;+WOW64;+Trident/7.0;+rv:11.0)+like+Gecko http://localhost:61090/Customer.aspx 404 0 2 68
2018-09-10 12:43:25 ::1 GET /js/logging.js - 61090 - ::1 Mozilla/5.0+(Windows+NT+10.0;+WOW64;+Trident/7.0;+rv:11.0)+like+Gecko http://localhost:61090/Customer.aspx 404 0 2 37
#Software: Microsoft Internet Information Services 10.0
#Version: 1.0
#Date: 2018-09-10 12:46:02
#Fields: date time s-ip cs-method cs-uri-stem cs-uri-query s-port cs-username c-ip cs(User-Agent) cs(Referer) sc-status sc-substatus sc-win32-status time-taken
2018-09-10 12:46:02 ::1 GET /Customer.aspx - 61090 - ::1 Mozilla/5.0+(Windows+NT+10.0;+WOW64;+Trident/7.0;+rv:11.0)+like+Gecko - 200 0 0 7284
2018-09-10 12:46:02 ::1 GET /js/ddsmoothmenu.js - 61090 - ::1 Mozilla/5.0+(Windows+NT+10.0;+WOW64;+Trident/7.0;+rv:11.0)+like+Gecko http://localhost:61090/Customer.aspx 404 0 2 19
2018-09-10 12:46:02 ::1 GET /js/swfobject/swfobject.js - 61090 - ::1 Mozilla/5.0+(Windows+NT+10.0;+WOW64;+Trident/7.0;+rv:11.0)+like+Gecko http://localhost:61090/Customer.aspx 404 0 2 29
2018-09-10 12:46:02 ::1 GET /js/jquery.min.js - 61090 - ::1 Mozilla/5.0+(Windows+NT+10.0;+WOW64;+Trident/7.0;+rv:11.0)+like+Gecko http://localhost:61090/Customer.aspx 404 0 2 27
2018-09-10 12:46:02 ::1 GET /js/logging.js - 61090 - ::1 Mozilla/5.0+(Windows+NT+10.0;+WOW64;+Trident/7.0;+rv:11.0)+like+Gecko http://localhost:61090/Customer.aspx 404 0 2 99
#Software: Microsoft Internet Information Services 10.0
#Version: 1.0
#Date: 2018-09-10 12:57:12
#Fields: date time s-ip cs-method cs-uri-stem cs-uri-query s-port cs-username c-ip cs(User-Agent) cs(Referer) sc-status sc-substatus sc-win32-status time-taken
2018-09-10 12:57:12 ::1 GET /Customer.aspx - 61090 - ::1 Mozilla/5.0+(Windows+NT+10.0;+WOW64;+Trident/7.0;+rv:11.0)+like+Gecko - 200 0 0 6988
2018-09-10 12:57:12 ::1 GET /js/swfobject/swfobject.js - 61090 - ::1 Mozilla/5.0+(Windows+NT+10.0;+WOW64;+Trident/7.0;+rv:11.0)+like+Gecko http://localhost:61090/Customer.aspx 404 0 2 107
2018-09-10 12:57:12 ::1 GET /js/ddsmoothmenu.js - 61090 - ::1 Mozilla/5.0+(Windows+NT+10.0;+WOW64;+Trident/7.0;+rv:11.0)+like+Gecko http://localhost:61090/Customer.aspx 404 0 2 99
2018-09-10 12:57:12 ::1 GET /js/jquery.min.js - 61090 - ::1 Mozilla/5.0+(Windows+NT+10.0;+WOW64;+Trident/7.0;+rv:11.0)+like+Gecko http://localhost:61090/Customer.aspx 404 0 2 103
2018-09-10 12:57:12 ::1 GET /js/logging.js - 61090 - ::1 Mozilla/5.0+(Windows+NT+10.0;+WOW64;+Trident/7.0;+rv:11.0)+like+Gecko http://localhost:61090/Customer.aspx 404 0 2 18
#Software: Microsoft Internet Information Services 10.0
#Version: 1.0
#Date: 2018-09-10 13:05:37
#Fields: date time s-ip cs-method cs-uri-stem cs-uri-query s-port cs-username c-ip cs(User-Agent) cs(Referer) sc-status sc-substatus sc-win32-status time-taken
2018-09-10 13:05:37 ::1 GET /Customer.aspx - 61090 - ::1 Mozilla/5.0+(Windows+NT+10.0;+WOW64;+Trident/7.0;+rv:11.0)+like+Gecko - 200 0 0 7665
2018-09-10 13:05:37 ::1 GET /js/swfobject/swfobject.js - 61090 - ::1 Mozilla/5.0+(Windows+NT+10.0;+WOW64;+Trident/7.0;+rv:11.0)+like+Gecko http://localhost:61090/Customer.aspx 200 0 0 168
2018-09-10 13:05:37 ::1 GET /js/ddsmoothmenu.js - 61090 - ::1 Mozilla/5.0+(Windows+NT+10.0;+WOW64;+Trident/7.0;+rv:11.0)+like+Gecko http://localhost:61090/Customer.aspx 200 0 0 109
2018-09-10 13:05:37 ::1 GET /js/logging.js - 61090 - ::1 Mozilla/5.0+(Windows+NT+10.0;+WOW64;+Trident/7.0;+rv:11.0)+like+Gecko http://localhost:61090/Customer.aspx 200 0 0 79
2018-09-10 13:05:37 ::1 GET /js/jquery.min.js - 61090 - ::1 Mozilla/5.0+(Windows+NT+10.0;+WOW64;+Trident/7.0;+rv:11.0)+like+Gecko http://localhost:61090/Customer.aspx 200 0 0 210
#Software: Microsoft Internet Information Services 10.0
#Version: 1.0
#Date: 2018-09-10 13:07:36
#Fields: date time s-ip cs-method cs-uri-stem cs-uri-query s-port cs-username c-ip cs(User-Agent) cs(Referer) sc-status sc-substatus sc-win32-status time-taken
2018-09-10 13:07:36 ::1 GET /Customer.aspx - 61090 - ::1 Mozilla/5.0+(Windows+NT+10.0;+WOW64;+Trident/7.0;+rv:11.0)+like+Gecko - 200 0 0 4068
2018-09-10 13:07:52 ::1 POST /Customer.aspx - 61090 - ::1 Mozilla/5.0+(Windows+NT+10.0;+WOW64;+Trident/7.0;+rv:11.0)+like+Gecko http://localhost:61090/Customer.aspx 200 0 0 193
