#Software: Microsoft Internet Information Services 10.0
#Version: 1.0
#Date: 2018-08-23 07:28:54
#Fields: date time s-ip cs-method cs-uri-stem cs-uri-query s-port cs-username c-ip cs(User-Agent) cs(Referer) sc-status sc-substatus sc-win32-status time-taken
2018-08-23 07:28:54 ::1 GET /MainForm.aspx - 61090 - ::1 Mozilla/5.0+(Windows+NT+10.0;+WOW64;+Trident/7.0;+rv:11.0)+like+Gecko - 200 0 0 64777
2018-08-23 07:29:28 ::1 POST /MainForm.aspx/GetCustomerName - 61090 - ::1 Mozilla/5.0+(Windows+NT+10.0;+WOW64;+Trident/7.0;+rv:11.0)+like+Gecko http://localhost:61090/MainForm.aspx 500 0 0 2486
2018-08-23 07:29:28 ::1 POST /MainForm.aspx - 61090 - ::1 Mozilla/5.0+(Windows+NT+10.0;+WOW64;+Trident/7.0;+rv:11.0)+like+Gecko http://localhost:61090/MainForm.aspx 200 0 0 865
#Software: Microsoft Internet Information Services 10.0
#Version: 1.0
#Date: 2018-08-23 08:36:02
#Fields: date time s-ip cs-method cs-uri-stem cs-uri-query s-port cs-username c-ip cs(User-Agent) cs(Referer) sc-status sc-substatus sc-win32-status time-taken
2018-08-23 08:36:02 ::1 GET /MainForm.aspx - 61090 - ::1 Mozilla/5.0+(Windows+NT+10.0;+WOW64;+Trident/7.0;+rv:11.0)+like+Gecko - 500 0 0 64531
2018-08-23 08:39:12 ::1 GET /MainForm.aspx - 61090 - ::1 Mozilla/5.0+(Windows+NT+10.0;+WOW64;+Trident/7.0;+rv:11.0)+like+Gecko - 200 0 0 11640
#Software: Microsoft Internet Information Services 10.0
#Version: 1.0
#Date: 2018-08-23 09:20:26
#Fields: date time s-ip cs-method cs-uri-stem cs-uri-query s-port cs-username c-ip cs(User-Agent) cs(Referer) sc-status sc-substatus sc-win32-status time-taken
2018-08-23 09:20:26 ::1 GET /WebForm3.aspx - 49318 - ::1 Mozilla/5.0+(Windows+NT+10.0;+WOW64;+Trident/7.0;+rv:11.0)+like+Gecko - 200 0 0 33278
#Software: Microsoft Internet Information Services 10.0
#Version: 1.0
#Date: 2018-08-23 12:03:03
#Fields: date time s-ip cs-method cs-uri-stem cs-uri-query s-port cs-username c-ip cs(User-Agent) cs(Referer) sc-status sc-substatus sc-win32-status time-taken
2018-08-23 12:03:03 ::1 GET /MainForm.aspx - 61090 - ::1 Mozilla/5.0+(Windows+NT+10.0;+WOW64;+Trident/7.0;+rv:11.0)+like+Gecko - 200 0 0 56415
#Software: Microsoft Internet Information Services 10.0
#Version: 1.0
#Date: 2018-08-23 12:23:14
#Fields: date time s-ip cs-method cs-uri-stem cs-uri-query s-port cs-username c-ip cs(User-Agent) cs(Referer) sc-status sc-substatus sc-win32-status time-taken
2018-08-23 12:23:14 ::1 GET /MainForm.aspx - 61090 - ::1 Mozilla/5.0+(Windows+NT+10.0;+WOW64;+Trident/7.0;+rv:11.0)+like+Gecko - 200 0 0 30158
#Software: Microsoft Internet Information Services 10.0
#Version: 1.0
#Date: 2018-08-23 17:12:12
#Fields: date time s-ip cs-method cs-uri-stem cs-uri-query s-port cs-username c-ip cs(User-Agent) cs(Referer) sc-status sc-substatus sc-win32-status time-taken
2018-08-23 17:12:12 ::1 GET /MainForm.aspx - 61090 - ::1 Mozilla/5.0+(Windows+NT+10.0;+WOW64;+Trident/7.0;+rv:11.0)+like+Gecko - 500 0 0 34807
2018-08-23 17:14:35 ::1 GET /MainForm.aspx - 61090 - ::1 Mozilla/5.0+(Windows+NT+10.0;+WOW64;+Trident/7.0;+rv:11.0)+like+Gecko - 500 0 0 14638
2018-08-23 17:16:04 ::1 GET /MainForm.aspx - 61090 - ::1 Mozilla/5.0+(Windows+NT+10.0;+WOW64;+Trident/7.0;+rv:11.0)+like+Gecko - 500 0 0 17441
2018-08-23 17:21:09 ::1 GET /MainForm.aspx - 61090 - ::1 Mozilla/5.0+(Windows+NT+10.0;+WOW64;+Trident/7.0;+rv:11.0)+like+Gecko - 200 0 0 744
2018-08-23 17:21:43 ::1 POST /MainForm.aspx/EmpReceipt - 61090 - ::1 Mozilla/5.0+(Windows+NT+10.0;+WOW64;+Trident/7.0;+rv:11.0)+like+Gecko http://localhost:61090/MainForm.aspx 200 0 0 884
2018-08-23 17:21:43 ::1 POST /MainForm.aspx - 61090 - ::1 Mozilla/5.0+(Windows+NT+10.0;+WOW64;+Trident/7.0;+rv:11.0)+like+Gecko http://localhost:61090/MainForm.aspx 302 0 0 418
2018-08-23 17:21:43 ::1 GET /Employee.aspx - 61090 - ::1 Mozilla/5.0+(Windows+NT+10.0;+WOW64;+Trident/7.0;+rv:11.0)+like+Gecko http://localhost:61090/MainForm.aspx 200 0 0 50
2018-08-23 17:22:56 ::1 POST /MainForm.aspx - 61090 - ::1 Mozilla/5.0+(Windows+NT+10.0;+WOW64;+Trident/7.0;+rv:11.0)+like+Gecko http://localhost:61090/MainForm.aspx 200 0 0 62
2018-08-23 17:24:00 ::1 POST /MainForm.aspx - 61090 - ::1 Mozilla/5.0+(Windows+NT+10.0;+WOW64;+Trident/7.0;+rv:11.0)+like+Gecko http://localhost:61090/MainForm.aspx 200 0 0 18
#Software: Microsoft Internet Information Services 10.0
#Version: 1.0
#Date: 2018-08-23 17:53:14
#Fields: date time s-ip cs-method cs-uri-stem cs-uri-query s-port cs-username c-ip cs(User-Agent) cs(Referer) sc-status sc-substatus sc-win32-status time-taken
2018-08-23 17:53:14 ::1 GET /MainForm.aspx - 61090 - ::1 Mozilla/5.0+(Windows+NT+10.0;+WOW64;+Trident/7.0;+rv:11.0)+like+Gecko - 200 0 0 46523
2018-08-23 17:59:06 ::1 GET /MainForm.aspx - 61090 - ::1 Mozilla/5.0+(Windows+NT+10.0;+WOW64;+Trident/7.0;+rv:11.0)+like+Gecko - 200 0 0 2810
2018-08-23 18:00:26 ::1 GET /MainForm.aspx - 61090 - ::1 Mozilla/5.0+(Windows+NT+10.0;+WOW64;+Trident/7.0;+rv:11.0)+like+Gecko - 200 0 0 2643
2018-08-23 18:08:33 ::1 GET /MainForm.aspx - 61090 - ::1 Mozilla/5.0+(Windows+NT+10.0;+WOW64;+Trident/7.0;+rv:11.0)+like+Gecko - 500 0 0 7153
2018-08-23 18:08:38 ::1 GET /MainForm.aspx - 61090 - ::1 Mozilla/5.0+(Windows+NT+10.0;+WOW64;+Trident/7.0;+rv:11.0)+like+Gecko - 500 0 0 200
2018-08-23 18:13:37 ::1 GET /MainForm.aspx - 61090 - ::1 Mozilla/5.0+(Windows+NT+10.0;+WOW64;+Trident/7.0;+rv:11.0)+like+Gecko - 200 0 0 4527
2018-08-23 18:19:23 ::1 GET /MainForm.aspx - 61090 - ::1 Mozilla/5.0+(Windows+NT+10.0;+WOW64;+Trident/7.0;+rv:11.0)+like+Gecko - 200 0 0 5374
2018-08-23 18:20:55 ::1 GET /MainForm.aspx - 61090 - ::1 Mozilla/5.0+(Windows+NT+10.0;+WOW64;+Trident/7.0;+rv:11.0)+like+Gecko - 200 0 0 29
2018-08-23 18:26:24 ::1 GET /MainForm.aspx - 61090 - ::1 Mozilla/5.0+(Windows+NT+10.0;+Win64;+x64)+AppleWebKit/537.36+(KHTML,+like+Gecko)+Chrome/68.0.3440.106+Safari/537.36 - 200 0 0 426
2018-08-23 18:26:26 ::1 GET /Images/edit.png - 61090 - ::1 Mozilla/5.0+(Windows+NT+10.0;+Win64;+x64)+AppleWebKit/537.36+(KHTML,+like+Gecko)+Chrome/68.0.3440.106+Safari/537.36 http://localhost:61090/MainForm.aspx 200 0 0 1569
2018-08-23 18:26:26 ::1 GET /Images/Delete2.jpg - 61090 - ::1 Mozilla/5.0+(Windows+NT+10.0;+Win64;+x64)+AppleWebKit/537.36+(KHTML,+like+Gecko)+Chrome/68.0.3440.106+Safari/537.36 http://localhost:61090/MainForm.aspx 200 0 0 1585
2018-08-23 18:26:26 ::1 GET /Images/Add1.jpg - 61090 - ::1 Mozilla/5.0+(Windows+NT+10.0;+Win64;+x64)+AppleWebKit/537.36+(KHTML,+like+Gecko)+Chrome/68.0.3440.106+Safari/537.36 http://localhost:61090/MainForm.aspx 200 0 0 636
2018-08-23 18:26:26 ::1 GET /WebResource.axd d=pynGkmcFUV13He1Qd6_TZIiAx4vZ-1dMkdhXuVTQFJ11LNI85ZWRG8QUiR9er7NZaKMyJT5cQSCSFoUUbzkvEw2&t=636668888816624236 61090 - ::1 Mozilla/5.0+(Windows+NT+10.0;+Win64;+x64)+AppleWebKit/537.36+(KHTML,+like+Gecko)+Chrome/68.0.3440.106+Safari/537.36 http://localhost:61090/MainForm.aspx 200 0 0 2079
2018-08-23 18:26:27 ::1 GET /images/calendar.png - 61090 - ::1 Mozilla/5.0+(Windows+NT+10.0;+Win64;+x64)+AppleWebKit/537.36+(KHTML,+like+Gecko)+Chrome/68.0.3440.106+Safari/537.36 http://localhost:61090/MainForm.aspx 200 0 0 51
2018-08-23 18:26:33 ::1 GET /favicon.ico - 61090 - ::1 Mozilla/5.0+(Windows+NT+10.0;+Win64;+x64)+AppleWebKit/537.36+(KHTML,+like+Gecko)+Chrome/68.0.3440.106+Safari/537.36 http://localhost:61090/MainForm.aspx 404 0 2 55
2018-08-23 18:27:18 ::1 POST /MainForm.aspx - 61090 - ::1 Mozilla/5.0+(Windows+NT+10.0;+WOW64;+Trident/7.0;+rv:11.0)+like+Gecko http://localhost:61090/MainForm.aspx 302 0 0 375
2018-08-23 18:27:18 ::1 GET /Employee.aspx - 61090 - ::1 Mozilla/5.0+(Windows+NT+10.0;+WOW64;+Trident/7.0;+rv:11.0)+like+Gecko http://localhost:61090/MainForm.aspx 200 0 0 250
#Software: Microsoft Internet Information Services 10.0
#Version: 1.0
#Date: 2018-08-23 18:43:25
#Fields: date time s-ip cs-method cs-uri-stem cs-uri-query s-port cs-username c-ip cs(User-Agent) cs(Referer) sc-status sc-substatus sc-win32-status time-taken
2018-08-23 18:43:25 ::1 GET /WebFrom2.aspx - 61090 - ::1 Mozilla/5.0+(Windows+NT+10.0;+WOW64;+Trident/7.0;+rv:11.0)+like+Gecko - 404 0 0 108
2018-08-23 18:45:18 ::1 GET /WebForm2.aspx - 61090 - ::1 Mozilla/5.0+(Windows+NT+10.0;+WOW64;+Trident/7.0;+rv:11.0)+like+Gecko - 200 0 0 38247
2018-08-23 18:47:25 ::1 GET /WebForm2.aspx - 61090 - ::1 Mozilla/5.0+(Windows+NT+10.0;+WOW64;+Trident/7.0;+rv:11.0)+like+Gecko - 200 0 0 2672
2018-08-23 18:48:17 ::1 GET /WebForm2.aspx - 61090 - ::1 Mozilla/5.0+(Windows+NT+10.0;+Win64;+x64)+AppleWebKit/537.36+(KHTML,+like+Gecko)+Chrome/68.0.3440.106+Safari/537.36 - 200 0 0 76
