#Software: Microsoft Internet Information Services 10.0
#Version: 1.0
#Date: 2018-09-11 05:08:03
#Fields: date time s-ip cs-method cs-uri-stem cs-uri-query s-port cs-username c-ip cs(User-Agent) cs(Referer) sc-status sc-substatus sc-win32-status time-taken
2018-09-11 05:08:03 ::1 GET /Customer.aspx - 61090 - ::1 Mozilla/5.0+(Windows+NT+10.0;+WOW64;+Trident/7.0;+rv:11.0)+like+Gecko - 200 0 0 14359
2018-09-11 05:08:03 ::1 GET /css/templatemo_style.css - 61090 - ::1 Mozilla/5.0+(Windows+NT+10.0;+WOW64;+Trident/7.0;+rv:11.0)+like+Gecko http://localhost:61090/Customer.aspx 304 0 0 46
2018-09-11 05:08:03 ::1 GET /js/ddsmoothmenu.js - 61090 - ::1 Mozilla/5.0+(Windows+NT+10.0;+WOW64;+Trident/7.0;+rv:11.0)+like+Gecko http://localhost:61090/Customer.aspx 304 0 0 56
2018-09-11 05:08:05 ::1 GET /Images/NurseandPatientJohnsHopkins.png.jpg - 61090 - ::1 Mozilla/5.0+(Windows+NT+10.0;+WOW64;+Trident/7.0;+rv:11.0)+like+Gecko http://localhost:61090/Customer.aspx 404 0 2 95
2018-09-11 05:08:05 ::1 GET /Images/Add1.jpg - 61090 - ::1 Mozilla/5.0+(Windows+NT+10.0;+WOW64;+Trident/7.0;+rv:11.0)+like+Gecko http://localhost:61090/Customer.aspx 304 0 0 96
2018-09-11 05:08:31 ::1 POST /Customer.aspx - 61090 - ::1 Mozilla/5.0+(Windows+NT+10.0;+WOW64;+Trident/7.0;+rv:11.0)+like+Gecko http://localhost:61090/Customer.aspx 200 0 0 100
2018-09-11 05:08:31 ::1 GET /Images/NurseandPatientJohnsHopkins.png.jpg - 61090 - ::1 Mozilla/5.0+(Windows+NT+10.0;+WOW64;+Trident/7.0;+rv:11.0)+like+Gecko http://localhost:61090/Customer.aspx 404 0 2 9
2018-09-11 05:08:41 ::1 POST /ReportViewer.aspx Month=-1 61090 - ::1 Mozilla/5.0+(Windows+NT+10.0;+WOW64;+Trident/7.0;+rv:11.0)+like+Gecko http://localhost:61090/Customer.aspx 500 0 0 389
2018-09-11 05:08:51 ::1 POST /EmployeeReceipt.aspx empName=Varsha%20S%20Borate&Month=August 61090 - ::1 Mozilla/5.0+(Windows+NT+10.0;+WOW64;+Trident/7.0;+rv:11.0)+like+Gecko http://localhost:61090/Customer.aspx 500 0 0 88
2018-09-11 05:08:53 ::1 POST /EmployeeReceipt.aspx empName=Varsha%20S%20Borate&Month=August 61090 - ::1 Mozilla/5.0+(Windows+NT+10.0;+WOW64;+Trident/7.0;+rv:11.0)+like+Gecko http://localhost:61090/Customer.aspx 500 0 0 5
2018-09-11 05:08:54 ::1 POST /EmployeeReceipt.aspx empName=Varsha%20S%20Borate&Month=August 61090 - ::1 Mozilla/5.0+(Windows+NT+10.0;+WOW64;+Trident/7.0;+rv:11.0)+like+Gecko http://localhost:61090/Customer.aspx 500 0 0 7
2018-09-11 05:09:08 ::1 POST /Customer.aspx/SaveAdvBlnc - 61090 - ::1 Mozilla/5.0+(Windows+NT+10.0;+WOW64;+Trident/7.0;+rv:11.0)+like+Gecko http://localhost:61090/Customer.aspx 200 0 0 418
2018-09-11 05:09:26 ::1 POST /Customer.aspx/SaveEmpAdvance - 61090 - ::1 Mozilla/5.0+(Windows+NT+10.0;+WOW64;+Trident/7.0;+rv:11.0)+like+Gecko http://localhost:61090/Customer.aspx 200 0 0 105
2018-09-11 05:09:46 ::1 POST /EmployeeReceipt.aspx empName=Varsha%20S%20Borate&Month=August 61090 - ::1 Mozilla/5.0+(Windows+NT+10.0;+WOW64;+Trident/7.0;+rv:11.0)+like+Gecko http://localhost:61090/Customer.aspx 500 0 0 8
2018-09-11 05:11:04 ::1 GET /Images/NurseandPatientJohnsHopkins.png.jpg - 61090 - ::1 - - 404 0 2 2
2018-09-11 05:12:37 ::1 GET /Customer.aspx - 61090 - ::1 Mozilla/5.0+(Windows+NT+10.0;+WOW64;+Trident/7.0;+rv:11.0)+like+Gecko - 200 0 0 4325
2018-09-11 05:12:40 ::1 GET /ViewEmployeeDetails.aspx - 61090 - ::1 Mozilla/5.0+(Windows+NT+10.0;+WOW64;+Trident/7.0;+rv:11.0)+like+Gecko http://localhost:61090/Customer.aspx 200 0 0 117
2018-09-11 05:12:40 ::1 GET /Images/NurseandPatientJohnsHopkins.png.jpg - 61090 - ::1 Mozilla/5.0+(Windows+NT+10.0;+WOW64;+Trident/7.0;+rv:11.0)+like+Gecko http://localhost:61090/ViewEmployeeDetails.aspx 404 0 2 19
2018-09-11 05:12:55 ::1 GET /EmployeeForm.aspx - 61090 - ::1 Mozilla/5.0+(Windows+NT+10.0;+WOW64;+Trident/7.0;+rv:11.0)+like+Gecko http://localhost:61090/ViewEmployeeDetails.aspx 200 0 0 91
2018-09-11 05:12:55 ::1 GET /Images/NurseandPatientJohnsHopkins.png.jpg - 61090 - ::1 Mozilla/5.0+(Windows+NT+10.0;+WOW64;+Trident/7.0;+rv:11.0)+like+Gecko http://localhost:61090/EmployeeForm.aspx 404 0 2 11
2018-09-11 05:14:21 ::1 POST /EmployeeForm.aspx - 61090 - ::1 Mozilla/5.0+(Windows+NT+10.0;+WOW64;+Trident/7.0;+rv:11.0)+like+Gecko http://localhost:61090/EmployeeForm.aspx 200 0 0 345
2018-09-11 05:14:21 ::1 GET /Images/NurseandPatientJohnsHopkins.png.jpg - 61090 - ::1 Mozilla/5.0+(Windows+NT+10.0;+WOW64;+Trident/7.0;+rv:11.0)+like+Gecko http://localhost:61090/EmployeeForm.aspx 404 0 2 3
2018-09-11 05:14:27 ::1 GET /ViewEmployeeDetails.aspx - 61090 - ::1 Mozilla/5.0+(Windows+NT+10.0;+WOW64;+Trident/7.0;+rv:11.0)+like+Gecko http://localhost:61090/EmployeeForm.aspx 200 0 0 47
2018-09-11 05:14:27 ::1 GET /Images/NurseandPatientJohnsHopkins.png.jpg - 61090 - ::1 Mozilla/5.0+(Windows+NT+10.0;+WOW64;+Trident/7.0;+rv:11.0)+like+Gecko http://localhost:61090/ViewEmployeeDetails.aspx 404 0 2 17
2018-09-11 05:14:33 ::1 POST /ViewEmployeeDetails.aspx - 61090 - ::1 Mozilla/5.0+(Windows+NT+10.0;+WOW64;+Trident/7.0;+rv:11.0)+like+Gecko http://localhost:61090/ViewEmployeeDetails.aspx 200 0 0 295
2018-09-11 05:14:33 ::1 GET /Images/NurseandPatientJohnsHopkins.png.jpg - 61090 - ::1 Mozilla/5.0+(Windows+NT+10.0;+WOW64;+Trident/7.0;+rv:11.0)+like+Gecko http://localhost:61090/ViewEmployeeDetails.aspx 404 0 2 21
2018-09-11 05:14:37 ::1 POST /ViewEmployeeDetails.aspx - 61090 - ::1 Mozilla/5.0+(Windows+NT+10.0;+WOW64;+Trident/7.0;+rv:11.0)+like+Gecko http://localhost:61090/ViewEmployeeDetails.aspx 200 0 0 25
2018-09-11 05:14:37 ::1 GET /Images/NurseandPatientJohnsHopkins.png.jpg - 61090 - ::1 Mozilla/5.0+(Windows+NT+10.0;+WOW64;+Trident/7.0;+rv:11.0)+like+Gecko http://localhost:61090/ViewEmployeeDetails.aspx 404 0 2 22
2018-09-11 05:14:40 ::1 POST /ViewEmployeeDetails.aspx - 61090 - ::1 Mozilla/5.0+(Windows+NT+10.0;+WOW64;+Trident/7.0;+rv:11.0)+like+Gecko http://localhost:61090/ViewEmployeeDetails.aspx 200 0 0 18
2018-09-11 05:14:40 ::1 GET /Images/NurseandPatientJohnsHopkins.png.jpg - 61090 - ::1 Mozilla/5.0+(Windows+NT+10.0;+WOW64;+Trident/7.0;+rv:11.0)+like+Gecko http://localhost:61090/ViewEmployeeDetails.aspx 404 0 2 7
2018-09-11 05:14:45 ::1 GET /Customer.aspx - 61090 - ::1 Mozilla/5.0+(Windows+NT+10.0;+WOW64;+Trident/7.0;+rv:11.0)+like+Gecko http://localhost:61090/ViewEmployeeDetails.aspx 200 0 0 22
2018-09-11 05:14:45 ::1 GET /Images/NurseandPatientJohnsHopkins.png.jpg - 61090 - ::1 Mozilla/5.0+(Windows+NT+10.0;+WOW64;+Trident/7.0;+rv:11.0)+like+Gecko http://localhost:61090/Customer.aspx 404 0 2 12
2018-09-11 05:15:11 ::1 POST /EmployeeReceipt.aspx empName=Varsha%20S%20Borate&Month=August 61090 - ::1 Mozilla/5.0+(Windows+NT+10.0;+WOW64;+Trident/7.0;+rv:11.0)+like+Gecko http://localhost:61090/Customer.aspx 500 0 0 82
2018-09-11 05:15:13 ::1 POST /EmployeeReceipt.aspx empName=Varsha%20S%20Borate&Month=August 61090 - ::1 Mozilla/5.0+(Windows+NT+10.0;+WOW64;+Trident/7.0;+rv:11.0)+like+Gecko http://localhost:61090/Customer.aspx 500 0 0 5
#Software: Microsoft Internet Information Services 10.0
#Version: 1.0
#Date: 2018-09-11 05:18:33
#Fields: date time s-ip cs-method cs-uri-stem cs-uri-query s-port cs-username c-ip cs(User-Agent) cs(Referer) sc-status sc-substatus sc-win32-status time-taken
2018-09-11 05:18:33 ::1 GET /Customer.aspx - 61090 - ::1 Mozilla/5.0+(Windows+NT+10.0;+WOW64;+Trident/7.0;+rv:11.0)+like+Gecko - 200 0 0 24704
2018-09-11 05:18:35 ::1 GET /Images/NurseandPatientJohnsHopkins.png.jpg - 61090 - ::1 Mozilla/5.0+(Windows+NT+10.0;+WOW64;+Trident/7.0;+rv:11.0)+like+Gecko http://localhost:61090/Customer.aspx 404 0 2 6
2018-09-11 05:20:14 ::1 POST /Customer.aspx - 61090 - ::1 Mozilla/5.0+(Windows+NT+10.0;+WOW64;+Trident/7.0;+rv:11.0)+like+Gecko http://localhost:61090/Customer.aspx 200 0 0 527
2018-09-11 05:20:14 ::1 GET /Images/NurseandPatientJohnsHopkins.png.jpg - 61090 - ::1 Mozilla/5.0+(Windows+NT+10.0;+WOW64;+Trident/7.0;+rv:11.0)+like+Gecko http://localhost:61090/Customer.aspx 404 0 2 186
#Software: Microsoft Internet Information Services 10.0
#Version: 1.0
#Date: 2018-09-11 05:34:15
#Fields: date time s-ip cs-method cs-uri-stem cs-uri-query s-port cs-username c-ip cs(User-Agent) cs(Referer) sc-status sc-substatus sc-win32-status time-taken
2018-09-11 05:34:15 ::1 GET /Customer.aspx - 61090 - ::1 Mozilla/5.0+(Windows+NT+10.0;+WOW64;+Trident/7.0;+rv:11.0)+like+Gecko - 200 0 0 19235
2018-09-11 05:34:15 ::1 GET /Images/NurseandPatientJohnsHopkins.png.jpg - 61090 - ::1 Mozilla/5.0+(Windows+NT+10.0;+WOW64;+Trident/7.0;+rv:11.0)+like+Gecko http://localhost:61090/Customer.aspx 404 0 2 24
2018-09-11 05:34:32 ::1 POST /Customer.aspx - 61090 - ::1 Mozilla/5.0+(Windows+NT+10.0;+WOW64;+Trident/7.0;+rv:11.0)+like+Gecko http://localhost:61090/Customer.aspx 200 0 0 52
2018-09-11 05:34:32 ::1 GET /Images/NurseandPatientJohnsHopkins.png.jpg - 61090 - ::1 Mozilla/5.0+(Windows+NT+10.0;+WOW64;+Trident/7.0;+rv:11.0)+like+Gecko http://localhost:61090/Customer.aspx 404 0 2 28
2018-09-11 05:36:19 ::1 POST /EmployeeReceipt.aspx empName=Varsha%20S%20Borate&Month=August 61090 - ::1 Mozilla/5.0+(Windows+NT+10.0;+WOW64;+Trident/7.0;+rv:11.0)+like+Gecko http://localhost:61090/Customer.aspx 500 0 0 94881
#Software: Microsoft Internet Information Services 10.0
#Version: 1.0
#Date: 2018-09-11 05:37:28
#Fields: date time s-ip cs-method cs-uri-stem cs-uri-query s-port cs-username c-ip cs(User-Agent) cs(Referer) sc-status sc-substatus sc-win32-status time-taken
2018-09-11 05:37:28 ::1 GET /Customer.aspx - 61090 - ::1 Mozilla/5.0+(Windows+NT+10.0;+WOW64;+Trident/7.0;+rv:11.0)+like+Gecko - 200 0 0 7925
2018-09-11 05:37:28 ::1 GET /Images/NurseandPatientJohnsHopkins.png.jpg - 61090 - ::1 Mozilla/5.0+(Windows+NT+10.0;+WOW64;+Trident/7.0;+rv:11.0)+like+Gecko http://localhost:61090/Customer.aspx 404 0 2 17
2018-09-11 05:37:39 ::1 POST /Customer.aspx - 61090 - ::1 Mozilla/5.0+(Windows+NT+10.0;+WOW64;+Trident/7.0;+rv:11.0)+like+Gecko http://localhost:61090/Customer.aspx 200 0 0 46
2018-09-11 05:37:39 ::1 GET /Images/NurseandPatientJohnsHopkins.png.jpg - 61090 - ::1 Mozilla/5.0+(Windows+NT+10.0;+WOW64;+Trident/7.0;+rv:11.0)+like+Gecko http://localhost:61090/Customer.aspx 404 0 2 51
#Software: Microsoft Internet Information Services 10.0
#Version: 1.0
#Date: 2018-09-11 05:53:12
#Fields: date time s-ip cs-method cs-uri-stem cs-uri-query s-port cs-username c-ip cs(User-Agent) cs(Referer) sc-status sc-substatus sc-win32-status time-taken
2018-09-11 05:53:12 ::1 GET /Customer.aspx - 61090 - ::1 Mozilla/5.0+(Windows+NT+10.0;+WOW64;+Trident/7.0;+rv:11.0)+like+Gecko - 200 0 0 8874
2018-09-11 05:53:13 ::1 GET /Images/NurseandPatientJohnsHopkins.png.jpg - 61090 - ::1 Mozilla/5.0+(Windows+NT+10.0;+WOW64;+Trident/7.0;+rv:11.0)+like+Gecko http://localhost:61090/Customer.aspx 404 0 2 12
2018-09-11 05:53:24 ::1 POST /Customer.aspx - 61090 - ::1 Mozilla/5.0+(Windows+NT+10.0;+WOW64;+Trident/7.0;+rv:11.0)+like+Gecko http://localhost:61090/Customer.aspx 200 0 0 84
2018-09-11 05:53:24 ::1 GET /Images/NurseandPatientJohnsHopkins.png.jpg - 61090 - ::1 Mozilla/5.0+(Windows+NT+10.0;+WOW64;+Trident/7.0;+rv:11.0)+like+Gecko http://localhost:61090/Customer.aspx 404 0 2 45
#Software: Microsoft Internet Information Services 10.0
#Version: 1.0
#Date: 2018-09-11 05:55:34
#Fields: date time s-ip cs-method cs-uri-stem cs-uri-query s-port cs-username c-ip cs(User-Agent) cs(Referer) sc-status sc-substatus sc-win32-status time-taken
2018-09-11 05:55:34 ::1 GET /Customer.aspx - 61090 - ::1 Mozilla/5.0+(Windows+NT+10.0;+WOW64;+Trident/7.0;+rv:11.0)+like+Gecko - 200 0 0 4259
2018-09-11 05:55:34 ::1 GET /Images/NurseandPatientJohnsHopkins.png.jpg - 61090 - ::1 Mozilla/5.0+(Windows+NT+10.0;+WOW64;+Trident/7.0;+rv:11.0)+like+Gecko http://localhost:61090/Customer.aspx 404 0 2 3
2018-09-11 05:55:41 ::1 POST /Customer.aspx - 61090 - ::1 Mozilla/5.0+(Windows+NT+10.0;+WOW64;+Trident/7.0;+rv:11.0)+like+Gecko http://localhost:61090/Customer.aspx 200 0 0 50
2018-09-11 05:55:41 ::1 GET /Images/NurseandPatientJohnsHopkins.png.jpg - 61090 - ::1 Mozilla/5.0+(Windows+NT+10.0;+WOW64;+Trident/7.0;+rv:11.0)+like+Gecko http://localhost:61090/Customer.aspx 404 0 2 17
2018-09-11 05:58:17 ::1 POST /EmployeeReceipt.aspx empName=Varsha%20S%20Borate&Month=August 61090 - ::1 Mozilla/5.0+(Windows+NT+10.0;+WOW64;+Trident/7.0;+rv:11.0)+like+Gecko http://localhost:61090/Customer.aspx 302 0 0 145823
2018-09-11 05:58:17 ::1 GET /MainForm.aspx - 61090 - ::1 Mozilla/5.0+(Windows+NT+10.0;+WOW64;+Trident/7.0;+rv:11.0)+like+Gecko http://localhost:61090/Customer.aspx 404 0 0 89
#Software: Microsoft Internet Information Services 10.0
#Version: 1.0
#Date: 2018-09-11 06:07:54
#Fields: date time s-ip cs-method cs-uri-stem cs-uri-query s-port cs-username c-ip cs(User-Agent) cs(Referer) sc-status sc-substatus sc-win32-status time-taken
2018-09-11 06:07:54 ::1 GET /Customer.aspx - 61090 - ::1 Mozilla/5.0+(Windows+NT+10.0;+WOW64;+Trident/7.0;+rv:11.0)+like+Gecko - 200 0 0 8548
2018-09-11 06:07:54 ::1 GET /Images/NurseandPatientJohnsHopkins.png.jpg - 61090 - ::1 Mozilla/5.0+(Windows+NT+10.0;+WOW64;+Trident/7.0;+rv:11.0)+like+Gecko http://localhost:61090/Customer.aspx 404 0 2 14
2018-09-11 06:08:02 ::1 POST /Customer.aspx - 61090 - ::1 Mozilla/5.0+(Windows+NT+10.0;+WOW64;+Trident/7.0;+rv:11.0)+like+Gecko http://localhost:61090/Customer.aspx 200 0 0 31
2018-09-11 06:08:02 ::1 GET /Images/NurseandPatientJohnsHopkins.png.jpg - 61090 - ::1 Mozilla/5.0+(Windows+NT+10.0;+WOW64;+Trident/7.0;+rv:11.0)+like+Gecko http://localhost:61090/Customer.aspx 404 0 2 51
2018-09-11 06:08:24 ::1 POST /EmployeeReceipt.aspx empName=Varsha%20S%20Borate&Month=August 61090 - ::1 Mozilla/5.0+(Windows+NT+10.0;+WOW64;+Trident/7.0;+rv:11.0)+like+Gecko http://localhost:61090/Customer.aspx 302 0 0 12497
#Software: Microsoft Internet Information Services 10.0
#Version: 1.0
#Date: 2018-09-11 07:04:54
#Fields: date time s-ip cs-method cs-uri-stem cs-uri-query s-port cs-username c-ip cs(User-Agent) cs(Referer) sc-status sc-substatus sc-win32-status time-taken
2018-09-11 07:04:54 ::1 GET /Customer.aspx - 61090 - ::1 Mozilla/5.0+(Windows+NT+10.0;+WOW64;+Trident/7.0;+rv:11.0)+like+Gecko - 200 0 0 18111
2018-09-11 07:04:56 ::1 GET /Images/edit.png - 61090 - ::1 Mozilla/5.0+(Windows+NT+10.0;+WOW64;+Trident/7.0;+rv:11.0)+like+Gecko http://localhost:61090/Customer.aspx 304 0 0 74
2018-09-11 07:04:56 ::1 GET /Images/NurseandPatientJohnsHopkins.png.jpg - 61090 - ::1 Mozilla/5.0+(Windows+NT+10.0;+WOW64;+Trident/7.0;+rv:11.0)+like+Gecko http://localhost:61090/Customer.aspx 404 0 2 160
2018-09-11 07:04:56 ::1 GET /Images/Delete2.jpg - 61090 - ::1 Mozilla/5.0+(Windows+NT+10.0;+WOW64;+Trident/7.0;+rv:11.0)+like+Gecko http://localhost:61090/Customer.aspx 304 0 0 254
2018-09-11 07:05:29 ::1 POST /Customer.aspx - 61090 - ::1 Mozilla/5.0+(Windows+NT+10.0;+WOW64;+Trident/7.0;+rv:11.0)+like+Gecko http://localhost:61090/Customer.aspx 200 0 0 163
2018-09-11 07:05:29 ::1 GET /Images/NurseandPatientJohnsHopkins.png.jpg - 61090 - ::1 Mozilla/5.0+(Windows+NT+10.0;+WOW64;+Trident/7.0;+rv:11.0)+like+Gecko http://localhost:61090/Customer.aspx 404 0 2 4
#Software: Microsoft Internet Information Services 10.0
#Version: 1.0
#Date: 2018-09-11 07:11:33
#Fields: date time s-ip cs-method cs-uri-stem cs-uri-query s-port cs-username c-ip cs(User-Agent) cs(Referer) sc-status sc-substatus sc-win32-status time-taken
2018-09-11 07:11:33 ::1 GET /Customer.aspx - 61090 - ::1 Mozilla/5.0+(Windows+NT+10.0;+WOW64;+Trident/7.0;+rv:11.0)+like+Gecko - 200 0 0 7807
2018-09-11 07:11:33 ::1 GET /Images/NurseandPatientJohnsHopkins.png.jpg - 61090 - ::1 Mozilla/5.0+(Windows+NT+10.0;+WOW64;+Trident/7.0;+rv:11.0)+like+Gecko http://localhost:61090/Customer.aspx 404 0 2 14
2018-09-11 07:11:40 ::1 POST /Customer.aspx - 61090 - ::1 Mozilla/5.0+(Windows+NT+10.0;+WOW64;+Trident/7.0;+rv:11.0)+like+Gecko http://localhost:61090/Customer.aspx 200 0 0 34
2018-09-11 07:11:40 ::1 GET /Images/NurseandPatientJohnsHopkins.png.jpg - 61090 - ::1 Mozilla/5.0+(Windows+NT+10.0;+WOW64;+Trident/7.0;+rv:11.0)+like+Gecko http://localhost:61090/Customer.aspx 404 0 2 47
2018-09-11 07:12:03 ::1 POST /ReportViewer.aspx Month=January 61090 - ::1 Mozilla/5.0+(Windows+NT+10.0;+WOW64;+Trident/7.0;+rv:11.0)+like+Gecko http://localhost:61090/Customer.aspx 500 0 0 9364
#Software: Microsoft Internet Information Services 10.0
#Version: 1.0
#Date: 2018-09-11 07:15:17
#Fields: date time s-ip cs-method cs-uri-stem cs-uri-query s-port cs-username c-ip cs(User-Agent) cs(Referer) sc-status sc-substatus sc-win32-status time-taken
2018-09-11 07:15:17 ::1 GET /Customer.aspx - 61090 - ::1 Mozilla/5.0+(Windows+NT+10.0;+WOW64;+Trident/7.0;+rv:11.0)+like+Gecko - 200 0 0 9943
2018-09-11 07:15:17 ::1 GET /Images/NurseandPatientJohnsHopkins.png.jpg - 61090 - ::1 Mozilla/5.0+(Windows+NT+10.0;+WOW64;+Trident/7.0;+rv:11.0)+like+Gecko http://localhost:61090/Customer.aspx 404 0 2 4
2018-09-11 07:15:29 ::1 POST /Customer.aspx - 61090 - ::1 Mozilla/5.0+(Windows+NT+10.0;+WOW64;+Trident/7.0;+rv:11.0)+like+Gecko http://localhost:61090/Customer.aspx 200 0 0 28
2018-09-11 07:15:29 ::1 GET /Images/NurseandPatientJohnsHopkins.png.jpg - 61090 - ::1 Mozilla/5.0+(Windows+NT+10.0;+WOW64;+Trident/7.0;+rv:11.0)+like+Gecko http://localhost:61090/Customer.aspx 404 0 2 48
#Software: Microsoft Internet Information Services 10.0
#Version: 1.0
#Date: 2018-09-11 07:17:21
#Fields: date time s-ip cs-method cs-uri-stem cs-uri-query s-port cs-username c-ip cs(User-Agent) cs(Referer) sc-status sc-substatus sc-win32-status time-taken
2018-09-11 07:17:21 ::1 GET /Customer.aspx - 61090 - ::1 Mozilla/5.0+(Windows+NT+10.0;+WOW64;+Trident/7.0;+rv:11.0)+like+Gecko - 200 0 0 6060
2018-09-11 07:17:21 ::1 GET /Images/NurseandPatientJohnsHopkins.png.jpg - 61090 - ::1 Mozilla/5.0+(Windows+NT+10.0;+WOW64;+Trident/7.0;+rv:11.0)+like+Gecko http://localhost:61090/Customer.aspx 404 0 2 3
2018-09-11 07:17:31 ::1 POST /Customer.aspx - 61090 - ::1 Mozilla/5.0+(Windows+NT+10.0;+WOW64;+Trident/7.0;+rv:11.0)+like+Gecko http://localhost:61090/Customer.aspx 200 0 0 37
2018-09-11 07:17:31 ::1 GET /Images/NurseandPatientJohnsHopkins.png.jpg - 61090 - ::1 Mozilla/5.0+(Windows+NT+10.0;+WOW64;+Trident/7.0;+rv:11.0)+like+Gecko http://localhost:61090/Customer.aspx 404 0 2 19
2018-09-11 07:18:04 ::1 POST /EmployeeReceipt.aspx empName=Varsha%20S%20Borate&Month=August 61090 - ::1 Mozilla/5.0+(Windows+NT+10.0;+WOW64;+Trident/7.0;+rv:11.0)+like+Gecko http://localhost:61090/Customer.aspx 302 0 0 22435
2018-09-11 07:18:55 ::1 POST /Customer.aspx - 61090 - ::1 Mozilla/5.0+(Windows+NT+10.0;+WOW64;+Trident/7.0;+rv:11.0)+like+Gecko http://localhost:61090/Customer.aspx 200 0 0 425
2018-09-11 07:18:55 ::1 GET /Images/NurseandPatientJohnsHopkins.png.jpg - 61090 - ::1 Mozilla/5.0+(Windows+NT+10.0;+WOW64;+Trident/7.0;+rv:11.0)+like+Gecko http://localhost:61090/Customer.aspx 404 0 2 84
2018-09-11 07:19:33 ::1 POST /EmployeeReceipt.aspx empName=Varsha%20S%20Borate&Month=August 61090 - ::1 Mozilla/5.0+(Windows+NT+10.0;+WOW64;+Trident/7.0;+rv:11.0)+like+Gecko http://localhost:61090/Customer.aspx 302 0 0 24274
2018-09-11 07:20:36 ::1 POST /Customer.aspx - 61090 - ::1 Mozilla/5.0+(Windows+NT+10.0;+WOW64;+Trident/7.0;+rv:11.0)+like+Gecko http://localhost:61090/Customer.aspx 200 0 0 199
2018-09-11 07:20:36 ::1 GET /Images/NurseandPatientJohnsHopkins.png.jpg - 61090 - ::1 Mozilla/5.0+(Windows+NT+10.0;+WOW64;+Trident/7.0;+rv:11.0)+like+Gecko http://localhost:61090/Customer.aspx 404 0 2 69
2018-09-11 07:20:54 ::1 POST /Customer.aspx - 61090 - ::1 Mozilla/5.0+(Windows+NT+10.0;+WOW64;+Trident/7.0;+rv:11.0)+like+Gecko http://localhost:61090/Customer.aspx 200 0 0 37
2018-09-11 07:20:54 ::1 GET /Images/NurseandPatientJohnsHopkins.png.jpg - 61090 - ::1 Mozilla/5.0+(Windows+NT+10.0;+WOW64;+Trident/7.0;+rv:11.0)+like+Gecko http://localhost:61090/Customer.aspx 404 0 2 42
2018-09-11 07:21:20 ::1 POST /Customer.aspx - 61090 - ::1 Mozilla/5.0+(Windows+NT+10.0;+WOW64;+Trident/7.0;+rv:11.0)+like+Gecko http://localhost:61090/Customer.aspx 200 0 0 375
2018-09-11 07:21:20 ::1 GET /Images/NurseandPatientJohnsHopkins.png.jpg - 61090 - ::1 Mozilla/5.0+(Windows+NT+10.0;+WOW64;+Trident/7.0;+rv:11.0)+like+Gecko http://localhost:61090/Customer.aspx 404 0 2 60
2018-09-11 07:21:30 ::1 POST /Customer.aspx - 61090 - ::1 Mozilla/5.0+(Windows+NT+10.0;+WOW64;+Trident/7.0;+rv:11.0)+like+Gecko http://localhost:61090/Customer.aspx 200 0 0 33
2018-09-11 07:21:30 ::1 GET /Images/NurseandPatientJohnsHopkins.png.jpg - 61090 - ::1 Mozilla/5.0+(Windows+NT+10.0;+WOW64;+Trident/7.0;+rv:11.0)+like+Gecko http://localhost:61090/Customer.aspx 404 0 2 38
2018-09-11 07:21:42 ::1 POST /Customer.aspx - 61090 - ::1 Mozilla/5.0+(Windows+NT+10.0;+WOW64;+Trident/7.0;+rv:11.0)+like+Gecko http://localhost:61090/Customer.aspx 200 0 0 26
2018-09-11 07:21:42 ::1 GET /Images/NurseandPatientJohnsHopkins.png.jpg - 61090 - ::1 Mozilla/5.0+(Windows+NT+10.0;+WOW64;+Trident/7.0;+rv:11.0)+like+Gecko http://localhost:61090/Customer.aspx 404 0 2 46
2018-09-11 07:22:51 ::1 POST /Customer.aspx - 61090 - ::1 Mozilla/5.0+(Windows+NT+10.0;+WOW64;+Trident/7.0;+rv:11.0)+like+Gecko http://localhost:61090/Customer.aspx 200 0 0 81
2018-09-11 07:22:51 ::1 GET /Images/NurseandPatientJohnsHopkins.png.jpg - 61090 - ::1 Mozilla/5.0+(Windows+NT+10.0;+WOW64;+Trident/7.0;+rv:11.0)+like+Gecko http://localhost:61090/Customer.aspx 404 0 2 38
2018-09-11 07:24:46 ::1 POST /EmployeeReceipt.aspx empName=Shital%20Borate&Month=February 61090 - ::1 Mozilla/5.0+(Windows+NT+10.0;+WOW64;+Trident/7.0;+rv:11.0)+like+Gecko http://localhost:61090/Customer.aspx 500 0 0 102924
2018-09-11 07:26:43 ::1 GET /Customer.aspx - 61090 - ::1 Mozilla/5.0+(Windows+NT+10.0;+WOW64;+Trident/7.0;+rv:11.0)+like+Gecko - 200 0 0 21
2018-09-11 07:26:43 ::1 GET /Images/NurseandPatientJohnsHopkins.png.jpg - 61090 - ::1 Mozilla/5.0+(Windows+NT+10.0;+WOW64;+Trident/7.0;+rv:11.0)+like+Gecko http://localhost:61090/Customer.aspx 404 0 2 20
2018-09-11 07:26:49 ::1 POST /Customer.aspx - 61090 - ::1 Mozilla/5.0+(Windows+NT+10.0;+WOW64;+Trident/7.0;+rv:11.0)+like+Gecko http://localhost:61090/Customer.aspx 200 0 0 26
2018-09-11 07:26:49 ::1 GET /Images/NurseandPatientJohnsHopkins.png.jpg - 61090 - ::1 Mozilla/5.0+(Windows+NT+10.0;+WOW64;+Trident/7.0;+rv:11.0)+like+Gecko http://localhost:61090/Customer.aspx 404 0 2 41
2018-09-11 07:27:45 ::1 POST /EmployeeReceipt.aspx empName=Shital%20Borate&Month=February 61090 - ::1 Mozilla/5.0+(Windows+NT+10.0;+WOW64;+Trident/7.0;+rv:11.0)+like+Gecko http://localhost:61090/Customer.aspx 302 0 0 45514
#Software: Microsoft Internet Information Services 10.0
#Version: 1.0
#Date: 2018-09-11 08:15:47
#Fields: date time s-ip cs-method cs-uri-stem cs-uri-query s-port cs-username c-ip cs(User-Agent) cs(Referer) sc-status sc-substatus sc-win32-status time-taken
2018-09-11 08:15:47 ::1 GET /Customer.aspx - 61090 - ::1 Mozilla/5.0+(Windows+NT+10.0;+WOW64;+Trident/7.0;+rv:11.0)+like+Gecko - 200 0 0 5039
2018-09-11 08:15:47 ::1 GET /Images/NurseandPatientJohnsHopkins.png.jpg - 61090 - ::1 Mozilla/5.0+(Windows+NT+10.0;+WOW64;+Trident/7.0;+rv:11.0)+like+Gecko http://localhost:61090/Customer.aspx 404 0 2 7
2018-09-11 08:22:59 ::1 GET /Customer.aspx - 61090 - ::1 Mozilla/5.0+(Windows+NT+10.0;+WOW64;+Trident/7.0;+rv:11.0)+like+Gecko - 200 0 0 1847
2018-09-11 08:22:59 ::1 GET /Images/NurseandPatientJohnsHopkins.png.jpg - 61090 - ::1 Mozilla/5.0+(Windows+NT+10.0;+WOW64;+Trident/7.0;+rv:11.0)+like+Gecko http://localhost:61090/Customer.aspx 404 0 2 7
#Software: Microsoft Internet Information Services 10.0
#Version: 1.0
#Date: 2018-09-11 08:43:38
#Fields: date time s-ip cs-method cs-uri-stem cs-uri-query s-port cs-username c-ip cs(User-Agent) cs(Referer) sc-status sc-substatus sc-win32-status time-taken
2018-09-11 08:43:38 ::1 GET /Customer.aspx - 61090 - ::1 Mozilla/5.0+(Windows+NT+10.0;+WOW64;+Trident/7.0;+rv:11.0)+like+Gecko - 200 0 0 10171
2018-09-11 08:43:38 ::1 GET /Images/NurseandPatientJohnsHopkins.png.jpg - 61090 - ::1 Mozilla/5.0+(Windows+NT+10.0;+WOW64;+Trident/7.0;+rv:11.0)+like+Gecko http://localhost:61090/Customer.aspx 404 0 2 63
2018-09-11 08:43:46 ::1 POST /Customer.aspx - 61090 - ::1 Mozilla/5.0+(Windows+NT+10.0;+WOW64;+Trident/7.0;+rv:11.0)+like+Gecko http://localhost:61090/Customer.aspx 200 0 0 56
2018-09-11 08:43:46 ::1 GET /Images/NurseandPatientJohnsHopkins.png.jpg - 61090 - ::1 Mozilla/5.0+(Windows+NT+10.0;+WOW64;+Trident/7.0;+rv:11.0)+like+Gecko http://localhost:61090/Customer.aspx 404 0 2 143
2018-09-11 08:47:51 ::1 POST /EmployeeReceipt.aspx empName=Shital%20Borate&Month=February 61090 - ::1 Mozilla/5.0+(Windows+NT+10.0;+WOW64;+Trident/7.0;+rv:11.0)+like+Gecko http://localhost:61090/Customer.aspx 302 0 0 230791
2018-09-11 08:48:10 ::1 POST /EmployeeReceipt.aspx empName=Shital%20Borate&Month=February 61090 - ::1 Mozilla/5.0+(Windows+NT+10.0;+WOW64;+Trident/7.0;+rv:11.0)+like+Gecko http://localhost:61090/Customer.aspx 302 0 0 9185
#Software: Microsoft Internet Information Services 10.0
#Version: 1.0
#Date: 2018-09-11 08:50:38
#Fields: date time s-ip cs-method cs-uri-stem cs-uri-query s-port cs-username c-ip cs(User-Agent) cs(Referer) sc-status sc-substatus sc-win32-status time-taken
2018-09-11 08:50:38 ::1 GET /Customer.aspx - 61090 - ::1 Mozilla/5.0+(Windows+NT+10.0;+WOW64;+Trident/7.0;+rv:11.0)+like+Gecko - 200 0 0 13013
2018-09-11 08:50:38 ::1 GET /Images/NurseandPatientJohnsHopkins.png.jpg - 61090 - ::1 Mozilla/5.0+(Windows+NT+10.0;+WOW64;+Trident/7.0;+rv:11.0)+like+Gecko http://localhost:61090/Customer.aspx 404 0 2 46
2018-09-11 08:50:45 ::1 POST /Customer.aspx - 61090 - ::1 Mozilla/5.0+(Windows+NT+10.0;+WOW64;+Trident/7.0;+rv:11.0)+like+Gecko http://localhost:61090/Customer.aspx 200 0 0 36
2018-09-11 08:50:45 ::1 GET /Images/NurseandPatientJohnsHopkins.png.jpg - 61090 - ::1 Mozilla/5.0+(Windows+NT+10.0;+WOW64;+Trident/7.0;+rv:11.0)+like+Gecko http://localhost:61090/Customer.aspx 404 0 2 55
2018-09-11 08:51:03 ::1 POST /EmployeeReceipt.aspx empName=Shital%20Borate&Month=February 61090 - ::1 Mozilla/5.0+(Windows+NT+10.0;+WOW64;+Trident/7.0;+rv:11.0)+like+Gecko http://localhost:61090/Customer.aspx 302 0 0 8906
#Software: Microsoft Internet Information Services 10.0
#Version: 1.0
#Date: 2018-09-11 08:56:25
#Fields: date time s-ip cs-method cs-uri-stem cs-uri-query s-port cs-username c-ip cs(User-Agent) cs(Referer) sc-status sc-substatus sc-win32-status time-taken
2018-09-11 08:56:25 ::1 GET /Customer.aspx - 61090 - ::1 Mozilla/5.0+(Windows+NT+10.0;+WOW64;+Trident/7.0;+rv:11.0)+like+Gecko - 200 0 0 12745
2018-09-11 08:56:25 ::1 GET /Images/NurseandPatientJohnsHopkins.png.jpg - 61090 - ::1 Mozilla/5.0+(Windows+NT+10.0;+WOW64;+Trident/7.0;+rv:11.0)+like+Gecko http://localhost:61090/Customer.aspx 404 0 2 53
2018-09-11 08:56:34 ::1 POST /Customer.aspx - 61090 - ::1 Mozilla/5.0+(Windows+NT+10.0;+WOW64;+Trident/7.0;+rv:11.0)+like+Gecko http://localhost:61090/Customer.aspx 200 0 0 103
2018-09-11 08:56:34 ::1 GET /Images/NurseandPatientJohnsHopkins.png.jpg - 61090 - ::1 Mozilla/5.0+(Windows+NT+10.0;+WOW64;+Trident/7.0;+rv:11.0)+like+Gecko http://localhost:61090/Customer.aspx 404 0 2 15
2018-09-11 08:56:54 ::1 POST /EmployeeReceipt.aspx empName=Shital%20Borate&Month=February 61090 - ::1 Mozilla/5.0+(Windows+NT+10.0;+WOW64;+Trident/7.0;+rv:11.0)+like+Gecko http://localhost:61090/Customer.aspx 302 0 0 9044
#Software: Microsoft Internet Information Services 10.0
#Version: 1.0
#Date: 2018-09-11 08:59:29
#Fields: date time s-ip cs-method cs-uri-stem cs-uri-query s-port cs-username c-ip cs(User-Agent) cs(Referer) sc-status sc-substatus sc-win32-status time-taken
2018-09-11 08:59:29 ::1 GET /Customer.aspx - 61090 - ::1 Mozilla/5.0+(Windows+NT+10.0;+WOW64;+Trident/7.0;+rv:11.0)+like+Gecko - 200 0 0 8449
2018-09-11 08:59:29 ::1 GET /Images/NurseandPatientJohnsHopkins.png.jpg - 61090 - ::1 Mozilla/5.0+(Windows+NT+10.0;+WOW64;+Trident/7.0;+rv:11.0)+like+Gecko http://localhost:61090/Customer.aspx 404 0 2 10
2018-09-11 08:59:34 ::1 POST /Customer.aspx - 61090 - ::1 Mozilla/5.0+(Windows+NT+10.0;+WOW64;+Trident/7.0;+rv:11.0)+like+Gecko http://localhost:61090/Customer.aspx 200 0 0 47
2018-09-11 08:59:34 ::1 GET /Images/NurseandPatientJohnsHopkins.png.jpg - 61090 - ::1 Mozilla/5.0+(Windows+NT+10.0;+WOW64;+Trident/7.0;+rv:11.0)+like+Gecko http://localhost:61090/Customer.aspx 404 0 2 67
2018-09-11 08:59:50 ::1 POST /EmployeeReceipt.aspx empName=Shital%20Borate&Month=February 61090 - ::1 Mozilla/5.0+(Windows+NT+10.0;+WOW64;+Trident/7.0;+rv:11.0)+like+Gecko http://localhost:61090/Customer.aspx 302 0 0 7604
#Software: Microsoft Internet Information Services 10.0
#Version: 1.0
#Date: 2018-09-11 09:05:42
#Fields: date time s-ip cs-method cs-uri-stem cs-uri-query s-port cs-username c-ip cs(User-Agent) cs(Referer) sc-status sc-substatus sc-win32-status time-taken
2018-09-11 09:05:42 ::1 GET /Customer.aspx - 61090 - ::1 Mozilla/5.0+(Windows+NT+10.0;+WOW64;+Trident/7.0;+rv:11.0)+like+Gecko - 200 0 0 7510
2018-09-11 09:05:42 ::1 GET /Images/NurseandPatientJohnsHopkins.png.jpg - 61090 - ::1 Mozilla/5.0+(Windows+NT+10.0;+WOW64;+Trident/7.0;+rv:11.0)+like+Gecko http://localhost:61090/Customer.aspx 404 0 2 21
2018-09-11 09:05:48 ::1 POST /Customer.aspx - 61090 - ::1 Mozilla/5.0+(Windows+NT+10.0;+WOW64;+Trident/7.0;+rv:11.0)+like+Gecko http://localhost:61090/Customer.aspx 200 0 0 56
2018-09-11 09:05:48 ::1 GET /Images/NurseandPatientJohnsHopkins.png.jpg - 61090 - ::1 Mozilla/5.0+(Windows+NT+10.0;+WOW64;+Trident/7.0;+rv:11.0)+like+Gecko http://localhost:61090/Customer.aspx 404 0 2 16
2018-09-11 09:06:05 ::1 POST /EmployeeReceipt.aspx empName=Shital%20Borate&Month=January 61090 - ::1 Mozilla/5.0+(Windows+NT+10.0;+WOW64;+Trident/7.0;+rv:11.0)+like+Gecko http://localhost:61090/Customer.aspx 302 0 0 5875
#Software: Microsoft Internet Information Services 10.0
#Version: 1.0
#Date: 2018-09-11 09:07:59
#Fields: date time s-ip cs-method cs-uri-stem cs-uri-query s-port cs-username c-ip cs(User-Agent) cs(Referer) sc-status sc-substatus sc-win32-status time-taken
2018-09-11 09:07:59 ::1 GET /Customer.aspx - 61090 - ::1 Mozilla/5.0+(Windows+NT+10.0;+WOW64;+Trident/7.0;+rv:11.0)+like+Gecko - 200 0 0 11748
2018-09-11 09:07:59 ::1 GET /Images/NurseandPatientJohnsHopkins.png.jpg - 61090 - ::1 Mozilla/5.0+(Windows+NT+10.0;+WOW64;+Trident/7.0;+rv:11.0)+like+Gecko http://localhost:61090/Customer.aspx 404 0 2 68
2018-09-11 09:08:04 ::1 POST /Customer.aspx - 61090 - ::1 Mozilla/5.0+(Windows+NT+10.0;+WOW64;+Trident/7.0;+rv:11.0)+like+Gecko http://localhost:61090/Customer.aspx 200 0 0 45
2018-09-11 09:08:04 ::1 GET /Images/NurseandPatientJohnsHopkins.png.jpg - 61090 - ::1 Mozilla/5.0+(Windows+NT+10.0;+WOW64;+Trident/7.0;+rv:11.0)+like+Gecko http://localhost:61090/Customer.aspx 404 0 2 50
2018-09-11 09:08:21 ::1 POST /EmployeeReceipt.aspx empName=Shital%20Borate&Month=February 61090 - ::1 Mozilla/5.0+(Windows+NT+10.0;+WOW64;+Trident/7.0;+rv:11.0)+like+Gecko http://localhost:61090/Customer.aspx 302 0 0 6747
#Software: Microsoft Internet Information Services 10.0
#Version: 1.0
#Date: 2018-09-11 09:11:44
#Fields: date time s-ip cs-method cs-uri-stem cs-uri-query s-port cs-username c-ip cs(User-Agent) cs(Referer) sc-status sc-substatus sc-win32-status time-taken
2018-09-11 09:11:44 ::1 GET /Customer.aspx - 61090 - ::1 Mozilla/5.0+(Windows+NT+10.0;+WOW64;+Trident/7.0;+rv:11.0)+like+Gecko - 200 0 0 14595
2018-09-11 09:11:44 ::1 GET /Images/NurseandPatientJohnsHopkins.png.jpg - 61090 - ::1 Mozilla/5.0+(Windows+NT+10.0;+WOW64;+Trident/7.0;+rv:11.0)+like+Gecko http://localhost:61090/Customer.aspx 404 0 2 162
2018-09-11 09:11:50 ::1 POST /Customer.aspx - 61090 - ::1 Mozilla/5.0+(Windows+NT+10.0;+WOW64;+Trident/7.0;+rv:11.0)+like+Gecko http://localhost:61090/Customer.aspx 200 0 0 46
2018-09-11 09:11:50 ::1 GET /Images/NurseandPatientJohnsHopkins.png.jpg - 61090 - ::1 Mozilla/5.0+(Windows+NT+10.0;+WOW64;+Trident/7.0;+rv:11.0)+like+Gecko http://localhost:61090/Customer.aspx 404 0 2 60
2018-09-11 09:12:05 ::1 POST /EmployeeReceipt.aspx empName=Shital%20Borate&Month=February 61090 - ::1 Mozilla/5.0+(Windows+NT+10.0;+WOW64;+Trident/7.0;+rv:11.0)+like+Gecko http://localhost:61090/Customer.aspx 302 0 0 6124
#Software: Microsoft Internet Information Services 10.0
#Version: 1.0
#Date: 2018-09-11 09:20:43
#Fields: date time s-ip cs-method cs-uri-stem cs-uri-query s-port cs-username c-ip cs(User-Agent) cs(Referer) sc-status sc-substatus sc-win32-status time-taken
2018-09-11 09:20:43 ::1 GET /Customer.aspx - 61090 - ::1 Mozilla/5.0+(Windows+NT+10.0;+WOW64;+Trident/7.0;+rv:11.0)+like+Gecko - 200 0 0 3834
2018-09-11 09:20:43 ::1 GET /Images/NurseandPatientJohnsHopkins.png.jpg - 61090 - ::1 Mozilla/5.0+(Windows+NT+10.0;+WOW64;+Trident/7.0;+rv:11.0)+like+Gecko http://localhost:61090/Customer.aspx 404 0 2 26
#Software: Microsoft Internet Information Services 10.0
#Version: 1.0
#Date: 2018-09-11 10:06:05
#Fields: date time s-ip cs-method cs-uri-stem cs-uri-query s-port cs-username c-ip cs(User-Agent) cs(Referer) sc-status sc-substatus sc-win32-status time-taken
2018-09-11 10:06:05 ::1 POST /Customer.aspx - 61090 - ::1 Mozilla/5.0+(Windows+NT+10.0;+WOW64;+Trident/7.0;+rv:11.0)+like+Gecko http://localhost:61090/Customer.aspx 200 0 0 734
2018-09-11 10:06:06 ::1 GET /Images/NurseandPatientJohnsHopkins.png.jpg - 61090 - ::1 Mozilla/5.0+(Windows+NT+10.0;+WOW64;+Trident/7.0;+rv:11.0)+like+Gecko http://localhost:61090/Customer.aspx 404 0 2 17
2018-09-11 10:06:51 ::1 POST /Customer.aspx/SaveEmpAdvance - 61090 - ::1 Mozilla/5.0+(Windows+NT+10.0;+WOW64;+Trident/7.0;+rv:11.0)+like+Gecko http://localhost:61090/Customer.aspx 200 0 0 511
2018-09-11 10:07:28 ::1 POST /Customer.aspx/SaveEmpAdvance - 61090 - ::1 Mozilla/5.0+(Windows+NT+10.0;+WOW64;+Trident/7.0;+rv:11.0)+like+Gecko http://localhost:61090/Customer.aspx 200 0 0 31
2018-09-11 10:07:51 ::1 POST /Customer.aspx/SaveEmpAdvance - 61090 - ::1 Mozilla/5.0+(Windows+NT+10.0;+WOW64;+Trident/7.0;+rv:11.0)+like+Gecko http://localhost:61090/Customer.aspx 200 0 0 88
#Software: Microsoft Internet Information Services 10.0
#Version: 1.0
#Date: 2018-09-11 10:28:24
#Fields: date time s-ip cs-method cs-uri-stem cs-uri-query s-port cs-username c-ip cs(User-Agent) cs(Referer) sc-status sc-substatus sc-win32-status time-taken
2018-09-11 10:28:24 ::1 GET /Customer.aspx - 61090 - ::1 Mozilla/5.0+(Windows+NT+10.0;+WOW64;+Trident/7.0;+rv:11.0)+like+Gecko - 200 0 0 15420
2018-09-11 10:28:24 ::1 GET /Images/NurseandPatientJohnsHopkins.png.jpg - 61090 - ::1 Mozilla/5.0+(Windows+NT+10.0;+WOW64;+Trident/7.0;+rv:11.0)+like+Gecko http://localhost:61090/Customer.aspx 404 0 2 5
2018-09-11 10:28:32 ::1 POST /Customer.aspx - 61090 - ::1 Mozilla/5.0+(Windows+NT+10.0;+WOW64;+Trident/7.0;+rv:11.0)+like+Gecko http://localhost:61090/Customer.aspx 200 0 0 34
2018-09-11 10:28:32 ::1 GET /Images/NurseandPatientJohnsHopkins.png.jpg - 61090 - ::1 Mozilla/5.0+(Windows+NT+10.0;+WOW64;+Trident/7.0;+rv:11.0)+like+Gecko http://localhost:61090/Customer.aspx 404 0 2 39
2018-09-11 10:34:51 ::1 POST /EmployeeReceipt.aspx empName=Shital%20Borate&Month=February 61090 - ::1 Mozilla/5.0+(Windows+NT+10.0;+WOW64;+Trident/7.0;+rv:11.0)+like+Gecko http://localhost:61090/Customer.aspx 302 0 0 365415
#Software: Microsoft Internet Information Services 10.0
#Version: 1.0
#Date: 2018-09-11 10:39:56
#Fields: date time s-ip cs-method cs-uri-stem cs-uri-query s-port cs-username c-ip cs(User-Agent) cs(Referer) sc-status sc-substatus sc-win32-status time-taken
2018-09-11 10:39:56 ::1 GET /Customer.aspx - 61090 - ::1 Mozilla/5.0+(Windows+NT+10.0;+WOW64;+Trident/7.0;+rv:11.0)+like+Gecko - 200 0 0 11633
2018-09-11 10:39:56 ::1 GET /Images/NurseandPatientJohnsHopkins.png.jpg - 61090 - ::1 Mozilla/5.0+(Windows+NT+10.0;+WOW64;+Trident/7.0;+rv:11.0)+like+Gecko http://localhost:61090/Customer.aspx 404 0 2 48
2018-09-11 10:40:19 ::1 POST /Customer.aspx - 61090 - ::1 Mozilla/5.0+(Windows+NT+10.0;+WOW64;+Trident/7.0;+rv:11.0)+like+Gecko http://localhost:61090/Customer.aspx 200 0 0 77
2018-09-11 10:40:19 ::1 GET /Images/NurseandPatientJohnsHopkins.png.jpg - 61090 - ::1 Mozilla/5.0+(Windows+NT+10.0;+WOW64;+Trident/7.0;+rv:11.0)+like+Gecko http://localhost:61090/Customer.aspx 404 0 2 35
#Software: Microsoft Internet Information Services 10.0
#Version: 1.0
#Date: 2018-09-11 10:43:10
#Fields: date time s-ip cs-method cs-uri-stem cs-uri-query s-port cs-username c-ip cs(User-Agent) cs(Referer) sc-status sc-substatus sc-win32-status time-taken
2018-09-11 10:43:10 ::1 GET /Customer.aspx - 61090 - ::1 Mozilla/5.0+(Windows+NT+10.0;+WOW64;+Trident/7.0;+rv:11.0)+like+Gecko - 200 0 0 10664
2018-09-11 10:43:10 ::1 GET /Images/NurseandPatientJohnsHopkins.png.jpg - 61090 - ::1 Mozilla/5.0+(Windows+NT+10.0;+WOW64;+Trident/7.0;+rv:11.0)+like+Gecko http://localhost:61090/Customer.aspx 404 0 2 136
2018-09-11 10:43:16 ::1 POST /Customer.aspx - 61090 - ::1 Mozilla/5.0+(Windows+NT+10.0;+WOW64;+Trident/7.0;+rv:11.0)+like+Gecko http://localhost:61090/Customer.aspx 200 0 0 63
2018-09-11 10:43:16 ::1 GET /Images/NurseandPatientJohnsHopkins.png.jpg - 61090 - ::1 Mozilla/5.0+(Windows+NT+10.0;+WOW64;+Trident/7.0;+rv:11.0)+like+Gecko http://localhost:61090/Customer.aspx 404 0 2 68
#Software: Microsoft Internet Information Services 10.0
#Version: 1.0
#Date: 2018-09-11 10:54:28
#Fields: date time s-ip cs-method cs-uri-stem cs-uri-query s-port cs-username c-ip cs(User-Agent) cs(Referer) sc-status sc-substatus sc-win32-status time-taken
2018-09-11 10:54:28 ::1 GET /Customer.aspx - 61090 - ::1 Mozilla/5.0+(Windows+NT+10.0;+WOW64;+Trident/7.0;+rv:11.0)+like+Gecko - 200 0 0 11880
2018-09-11 10:54:28 ::1 GET /Images/NurseandPatientJohnsHopkins.png.jpg - 61090 - ::1 Mozilla/5.0+(Windows+NT+10.0;+WOW64;+Trident/7.0;+rv:11.0)+like+Gecko http://localhost:61090/Customer.aspx 404 0 2 155
2018-09-11 10:54:37 ::1 POST /Customer.aspx - 61090 - ::1 Mozilla/5.0+(Windows+NT+10.0;+WOW64;+Trident/7.0;+rv:11.0)+like+Gecko http://localhost:61090/Customer.aspx 200 0 0 88
2018-09-11 10:54:37 ::1 GET /Images/NurseandPatientJohnsHopkins.png.jpg - 61090 - ::1 Mozilla/5.0+(Windows+NT+10.0;+WOW64;+Trident/7.0;+rv:11.0)+like+Gecko http://localhost:61090/Customer.aspx 404 0 2 65
#Software: Microsoft Internet Information Services 10.0
#Version: 1.0
#Date: 2018-09-11 11:07:38
#Fields: date time s-ip cs-method cs-uri-stem cs-uri-query s-port cs-username c-ip cs(User-Agent) cs(Referer) sc-status sc-substatus sc-win32-status time-taken
2018-09-11 11:07:38 ::1 GET /Customer.aspx - 61090 - ::1 Mozilla/5.0+(Windows+NT+10.0;+WOW64;+Trident/7.0;+rv:11.0)+like+Gecko - 200 0 0 13517
2018-09-11 11:07:38 ::1 GET /Images/NurseandPatientJohnsHopkins.png.jpg - 61090 - ::1 Mozilla/5.0+(Windows+NT+10.0;+WOW64;+Trident/7.0;+rv:11.0)+like+Gecko http://localhost:61090/Customer.aspx 404 0 2 55
2018-09-11 11:07:45 ::1 POST /Customer.aspx - 61090 - ::1 Mozilla/5.0+(Windows+NT+10.0;+WOW64;+Trident/7.0;+rv:11.0)+like+Gecko http://localhost:61090/Customer.aspx 200 0 0 47
2018-09-11 11:07:45 ::1 GET /Images/NurseandPatientJohnsHopkins.png.jpg - 61090 - ::1 Mozilla/5.0+(Windows+NT+10.0;+WOW64;+Trident/7.0;+rv:11.0)+like+Gecko http://localhost:61090/Customer.aspx 404 0 2 60
2018-09-11 11:08:53 ::1 POST /EmployeeReceipt.aspx empName=Shital%20Borate&Month=February 61090 - ::1 Mozilla/5.0+(Windows+NT+10.0;+WOW64;+Trident/7.0;+rv:11.0)+like+Gecko http://localhost:61090/Customer.aspx 302 0 0 61468
#Software: Microsoft Internet Information Services 10.0
#Version: 1.0
#Date: 2018-09-11 11:21:04
#Fields: date time s-ip cs-method cs-uri-stem cs-uri-query s-port cs-username c-ip cs(User-Agent) cs(Referer) sc-status sc-substatus sc-win32-status time-taken
2018-09-11 11:21:04 ::1 GET /Customer.aspx - 61090 - ::1 Mozilla/5.0+(Windows+NT+10.0;+WOW64;+Trident/7.0;+rv:11.0)+like+Gecko - 200 0 0 6833
2018-09-11 11:21:04 ::1 GET /Images/NurseandPatientJohnsHopkins.png.jpg - 61090 - ::1 Mozilla/5.0+(Windows+NT+10.0;+WOW64;+Trident/7.0;+rv:11.0)+like+Gecko http://localhost:61090/Customer.aspx 404 0 2 171
2018-09-11 11:21:14 ::1 POST /Customer.aspx - 61090 - ::1 Mozilla/5.0+(Windows+NT+10.0;+WOW64;+Trident/7.0;+rv:11.0)+like+Gecko http://localhost:61090/Customer.aspx 200 0 0 39
2018-09-11 11:21:14 ::1 GET /Images/NurseandPatientJohnsHopkins.png.jpg - 61090 - ::1 Mozilla/5.0+(Windows+NT+10.0;+WOW64;+Trident/7.0;+rv:11.0)+like+Gecko http://localhost:61090/Customer.aspx 404 0 2 49
2018-09-11 11:22:18 ::1 POST /EmployeeReceipt.aspx empName=Shital%20Borate&Month=August 61090 - ::1 Mozilla/5.0+(Windows+NT+10.0;+WOW64;+Trident/7.0;+rv:11.0)+like+Gecko http://localhost:61090/Customer.aspx 302 0 0 55775
#Software: Microsoft Internet Information Services 10.0
#Version: 1.0
#Date: 2018-09-11 11:25:39
#Fields: date time s-ip cs-method cs-uri-stem cs-uri-query s-port cs-username c-ip cs(User-Agent) cs(Referer) sc-status sc-substatus sc-win32-status time-taken
2018-09-11 11:25:39 ::1 GET /Customer.aspx - 61090 - ::1 Mozilla/5.0+(Windows+NT+10.0;+WOW64;+Trident/7.0;+rv:11.0)+like+Gecko - 200 0 0 7593
2018-09-11 11:25:39 ::1 GET /Images/NurseandPatientJohnsHopkins.png.jpg - 61090 - ::1 Mozilla/5.0+(Windows+NT+10.0;+WOW64;+Trident/7.0;+rv:11.0)+like+Gecko http://localhost:61090/Customer.aspx 404 0 2 48
2018-09-11 11:25:45 ::1 POST /Customer.aspx - 61090 - ::1 Mozilla/5.0+(Windows+NT+10.0;+WOW64;+Trident/7.0;+rv:11.0)+like+Gecko http://localhost:61090/Customer.aspx 200 0 0 119
2018-09-11 11:25:45 ::1 GET /Images/NurseandPatientJohnsHopkins.png.jpg - 61090 - ::1 Mozilla/5.0+(Windows+NT+10.0;+WOW64;+Trident/7.0;+rv:11.0)+like+Gecko http://localhost:61090/Customer.aspx 404 0 2 92
2018-09-11 11:26:05 ::1 POST /EmployeeReceipt.aspx empName=Shital%20Borate&Month=February 61090 - ::1 Mozilla/5.0+(Windows+NT+10.0;+WOW64;+Trident/7.0;+rv:11.0)+like+Gecko http://localhost:61090/Customer.aspx 302 0 0 12877
#Software: Microsoft Internet Information Services 10.0
#Version: 1.0
#Date: 2018-09-11 11:28:24
#Fields: date time s-ip cs-method cs-uri-stem cs-uri-query s-port cs-username c-ip cs(User-Agent) cs(Referer) sc-status sc-substatus sc-win32-status time-taken
2018-09-11 11:28:24 ::1 GET /Customer.aspx - 61090 - ::1 Mozilla/5.0+(Windows+NT+10.0;+WOW64;+Trident/7.0;+rv:11.0)+like+Gecko - 200 0 0 16986
2018-09-11 11:28:24 ::1 GET /Images/NurseandPatientJohnsHopkins.png.jpg - 61090 - ::1 Mozilla/5.0+(Windows+NT+10.0;+WOW64;+Trident/7.0;+rv:11.0)+like+Gecko http://localhost:61090/Customer.aspx 404 0 2 67
2018-09-11 11:28:31 ::1 POST /Customer.aspx - 61090 - ::1 Mozilla/5.0+(Windows+NT+10.0;+WOW64;+Trident/7.0;+rv:11.0)+like+Gecko http://localhost:61090/Customer.aspx 200 0 0 61
2018-09-11 11:28:31 ::1 GET /Images/NurseandPatientJohnsHopkins.png.jpg - 61090 - ::1 Mozilla/5.0+(Windows+NT+10.0;+WOW64;+Trident/7.0;+rv:11.0)+like+Gecko http://localhost:61090/Customer.aspx 404 0 2 44
2018-09-11 11:29:06 ::1 POST /EmployeeReceipt.aspx empName=Shital%20Borate&Month=February 61090 - ::1 Mozilla/5.0+(Windows+NT+10.0;+WOW64;+Trident/7.0;+rv:11.0)+like+Gecko http://localhost:61090/Customer.aspx 302 0 0 15363
#Software: Microsoft Internet Information Services 10.0
#Version: 1.0
#Date: 2018-09-11 11:29:58
#Fields: date time s-ip cs-method cs-uri-stem cs-uri-query s-port cs-username c-ip cs(User-Agent) cs(Referer) sc-status sc-substatus sc-win32-status time-taken
2018-09-11 11:29:58 ::1 GET /Customer.aspx - 61090 - ::1 Mozilla/5.0+(Windows+NT+10.0;+WOW64;+Trident/7.0;+rv:11.0)+like+Gecko - 200 0 0 5373
2018-09-11 11:29:58 ::1 GET /Images/NurseandPatientJohnsHopkins.png.jpg - 61090 - ::1 Mozilla/5.0+(Windows+NT+10.0;+WOW64;+Trident/7.0;+rv:11.0)+like+Gecko http://localhost:61090/Customer.aspx 404 0 2 6
2018-09-11 11:30:04 ::1 POST /Customer.aspx - 61090 - ::1 Mozilla/5.0+(Windows+NT+10.0;+WOW64;+Trident/7.0;+rv:11.0)+like+Gecko http://localhost:61090/Customer.aspx 200 0 0 64
2018-09-11 11:30:04 ::1 GET /Images/NurseandPatientJohnsHopkins.png.jpg - 61090 - ::1 Mozilla/5.0+(Windows+NT+10.0;+WOW64;+Trident/7.0;+rv:11.0)+like+Gecko http://localhost:61090/Customer.aspx 404 0 2 38
2018-09-11 11:30:19 ::1 POST /EmployeeReceipt.aspx empName=Shital%20Borate&Month=February 61090 - ::1 Mozilla/5.0+(Windows+NT+10.0;+WOW64;+Trident/7.0;+rv:11.0)+like+Gecko http://localhost:61090/Customer.aspx 302 0 0 7327
