#Software: Microsoft Internet Information Services 10.0
#Version: 1.0
#Date: 2018-08-13 11:16:27
#Fields: date time s-ip cs-method cs-uri-stem cs-uri-query s-port cs-username c-ip cs(User-Agent) cs(Referer) sc-status sc-substatus sc-win32-status time-taken
2018-08-13 11:16:27 ::1 GET / - 52445 - ::1 Mozilla/5.0+(Windows+NT+10.0;+WOW64;+Trident/7.0;+rv:11.0)+like+Gecko - 200 0 0 17675
2018-08-13 11:16:34 ::1 GET /First/Welcome - 52445 - ::1 Mozilla/5.0+(Windows+NT+10.0;+WOW64;+Trident/7.0;+rv:11.0)+like+Gecko - 200 0 0 2046
2018-08-13 11:16:36 ::1 GET /Content/site.css - 52445 - ::1 Mozilla/5.0+(Windows+NT+10.0;+WOW64;+Trident/7.0;+rv:11.0)+like+Gecko http://localhost:52445/First/Welcome 200 0 0 869
2018-08-13 11:16:36 ::1 GET /Scripts/bootstrap.js - 52445 - ::1 Mozilla/5.0+(Windows+NT+10.0;+WOW64;+Trident/7.0;+rv:11.0)+like+Gecko http://localhost:52445/First/Welcome 200 0 0 923
2018-08-13 11:16:36 ::1 GET /Content/bootstrap.css - 52445 - ::1 Mozilla/5.0+(Windows+NT+10.0;+WOW64;+Trident/7.0;+rv:11.0)+like+Gecko http://localhost:52445/First/Welcome 200 0 0 952
2018-08-13 11:16:36 ::1 GET /Scripts/respond.js - 52445 - ::1 Mozilla/5.0+(Windows+NT+10.0;+WOW64;+Trident/7.0;+rv:11.0)+like+Gecko http://localhost:52445/First/Welcome 200 0 0 967
2018-08-13 11:16:36 ::1 GET /Scripts/modernizr-2.6.2.js - 52445 - ::1 Mozilla/5.0+(Windows+NT+10.0;+WOW64;+Trident/7.0;+rv:11.0)+like+Gecko http://localhost:52445/First/Welcome 200 0 0 1050
2018-08-13 11:16:36 ::1 GET /Scripts/jquery-1.10.2.js - 52445 - ::1 Mozilla/5.0+(Windows+NT+10.0;+WOW64;+Trident/7.0;+rv:11.0)+like+Gecko http://localhost:52445/First/Welcome 200 0 0 1121
#Software: Microsoft Internet Information Services 10.0
#Version: 1.0
#Date: 2018-08-13 11:17:20
#Fields: date time s-ip cs-method cs-uri-stem cs-uri-query s-port cs-username c-ip cs(User-Agent) cs(Referer) sc-status sc-substatus sc-win32-status time-taken
2018-08-13 11:17:20 ::1 GET / - 52445 - ::1 Mozilla/5.0+(Windows+NT+10.0;+Win64;+x64)+AppleWebKit/537.36+(KHTML,+like+Gecko)+Chrome/68.0.3440.106+Safari/537.36 - 200 0 0 4309
2018-08-13 11:17:20 ::1 GET /Content/site.css - 52445 - ::1 Mozilla/5.0+(Windows+NT+10.0;+Win64;+x64)+AppleWebKit/537.36+(KHTML,+like+Gecko)+Chrome/68.0.3440.106+Safari/537.36 http://localhost:52445/ 200 0 0 7
2018-08-13 11:17:20 ::1 GET /Content/bootstrap.css - 52445 - ::1 Mozilla/5.0+(Windows+NT+10.0;+Win64;+x64)+AppleWebKit/537.36+(KHTML,+like+Gecko)+Chrome/68.0.3440.106+Safari/537.36 http://localhost:52445/ 200 0 0 46
2018-08-13 11:17:20 ::1 GET /Scripts/modernizr-2.6.2.js - 52445 - ::1 Mozilla/5.0+(Windows+NT+10.0;+Win64;+x64)+AppleWebKit/537.36+(KHTML,+like+Gecko)+Chrome/68.0.3440.106+Safari/537.36 http://localhost:52445/ 200 0 0 80
2018-08-13 11:17:20 ::1 GET /Scripts/respond.js - 52445 - ::1 Mozilla/5.0+(Windows+NT+10.0;+Win64;+x64)+AppleWebKit/537.36+(KHTML,+like+Gecko)+Chrome/68.0.3440.106+Safari/537.36 http://localhost:52445/ 200 0 0 128
2018-08-13 11:17:20 ::1 GET /Scripts/bootstrap.js - 52445 - ::1 Mozilla/5.0+(Windows+NT+10.0;+Win64;+x64)+AppleWebKit/537.36+(KHTML,+like+Gecko)+Chrome/68.0.3440.106+Safari/537.36 http://localhost:52445/ 200 0 0 185
2018-08-13 11:17:20 ::1 GET /Scripts/jquery-1.10.2.js - 52445 - ::1 Mozilla/5.0+(Windows+NT+10.0;+Win64;+x64)+AppleWebKit/537.36+(KHTML,+like+Gecko)+Chrome/68.0.3440.106+Safari/537.36 http://localhost:52445/ 200 0 0 279
2018-08-13 11:17:23 ::1 GET /favicon.ico - 52445 - ::1 Mozilla/5.0+(Windows+NT+10.0;+Win64;+x64)+AppleWebKit/537.36+(KHTML,+like+Gecko)+Chrome/68.0.3440.106+Safari/537.36 http://localhost:52445/ 200 0 0 52
2018-08-13 11:17:29 ::1 GET /First/Welcome - 52445 - ::1 Mozilla/5.0+(Windows+NT+10.0;+Win64;+x64)+AppleWebKit/537.36+(KHTML,+like+Gecko)+Chrome/68.0.3440.106+Safari/537.36 - 200 0 0 34
2018-08-13 11:19:54 ::1 GET /First/Welcome - 52445 - ::1 Mozilla/5.0+(Windows+NT+10.0;+Win64;+x64)+AppleWebKit/537.36+(KHTML,+like+Gecko)+Chrome/68.0.3440.106+Safari/537.36 - 200 0 0 22
2018-08-13 11:19:54 ::1 GET /Content/site.css - 52445 - ::1 Mozilla/5.0+(Windows+NT+10.0;+Win64;+x64)+AppleWebKit/537.36+(KHTML,+like+Gecko)+Chrome/68.0.3440.106+Safari/537.36 http://localhost:52445/First/Welcome 304 0 0 29
2018-08-13 11:19:54 ::1 GET /Scripts/modernizr-2.6.2.js - 52445 - ::1 Mozilla/5.0+(Windows+NT+10.0;+Win64;+x64)+AppleWebKit/537.36+(KHTML,+like+Gecko)+Chrome/68.0.3440.106+Safari/537.36 http://localhost:52445/First/Welcome 304 0 0 102
2018-08-13 11:19:54 ::1 GET /Scripts/respond.js - 52445 - ::1 Mozilla/5.0+(Windows+NT+10.0;+Win64;+x64)+AppleWebKit/537.36+(KHTML,+like+Gecko)+Chrome/68.0.3440.106+Safari/537.36 http://localhost:52445/First/Welcome 304 0 0 212
2018-08-13 11:19:54 ::1 GET /Content/bootstrap.css - 52445 - ::1 Mozilla/5.0+(Windows+NT+10.0;+Win64;+x64)+AppleWebKit/537.36+(KHTML,+like+Gecko)+Chrome/68.0.3440.106+Safari/537.36 http://localhost:52445/First/Welcome 304 0 0 245
2018-08-13 11:19:54 ::1 GET /Scripts/bootstrap.js - 52445 - ::1 Mozilla/5.0+(Windows+NT+10.0;+Win64;+x64)+AppleWebKit/537.36+(KHTML,+like+Gecko)+Chrome/68.0.3440.106+Safari/537.36 http://localhost:52445/First/Welcome 304 0 0 336
2018-08-13 11:19:54 ::1 GET /Scripts/jquery-1.10.2.js - 52445 - ::1 Mozilla/5.0+(Windows+NT+10.0;+Win64;+x64)+AppleWebKit/537.36+(KHTML,+like+Gecko)+Chrome/68.0.3440.106+Safari/537.36 http://localhost:52445/First/Welcome 304 0 0 404
2018-08-13 11:19:59 ::1 GET /First/Welcome - 52445 - ::1 Mozilla/5.0+(Windows+NT+10.0;+Win64;+x64)+AppleWebKit/537.36+(KHTML,+like+Gecko)+Chrome/68.0.3440.106+Safari/537.36 - 200 0 0 39
2018-08-13 11:20:00 ::1 GET /First/Welcome - 52445 - ::1 Mozilla/5.0+(Windows+NT+10.0;+Win64;+x64)+AppleWebKit/537.36+(KHTML,+like+Gecko)+Chrome/68.0.3440.106+Safari/537.36 - 200 0 0 3
2018-08-13 11:20:51 ::1 GET /First/Welcome - 52445 - ::1 Mozilla/5.0+(Windows+NT+10.0;+Win64;+x64)+AppleWebKit/537.36+(KHTML,+like+Gecko)+Chrome/68.0.3440.106+Safari/537.36 - 200 0 0 5
2018-08-13 11:21:31 ::1 GET /First/Welcome - 52445 - ::1 Mozilla/5.0+(Windows+NT+10.0;+Win64;+x64)+AppleWebKit/537.36+(KHTML,+like+Gecko)+Chrome/68.0.3440.106+Safari/537.36 - 200 0 0 40
2018-08-13 11:21:32 ::1 GET /First/Welcome - 52445 - ::1 Mozilla/5.0+(Windows+NT+10.0;+Win64;+x64)+AppleWebKit/537.36+(KHTML,+like+Gecko)+Chrome/68.0.3440.106+Safari/537.36 - 200 0 0 4
2018-08-13 11:21:33 ::1 GET /First/Welcome - 52445 - ::1 Mozilla/5.0+(Windows+NT+10.0;+Win64;+x64)+AppleWebKit/537.36+(KHTML,+like+Gecko)+Chrome/68.0.3440.106+Safari/537.36 - 200 0 0 19
2018-08-13 11:21:51 ::1 GET /First/Welcome - 52445 - ::1 Mozilla/5.0+(Windows+NT+10.0;+WOW64;+Trident/7.0;+rv:11.0)+like+Gecko - 200 0 0 1418
2018-08-13 11:21:51 ::1 GET /Content/site.css - 52445 - ::1 Mozilla/5.0+(Windows+NT+10.0;+WOW64;+Trident/7.0;+rv:11.0)+like+Gecko http://localhost:52445/First/Welcome 304 0 0 8
2018-08-13 11:21:51 ::1 GET /Content/bootstrap.css - 52445 - ::1 Mozilla/5.0+(Windows+NT+10.0;+WOW64;+Trident/7.0;+rv:11.0)+like+Gecko http://localhost:52445/First/Welcome 304 0 0 10
2018-08-13 11:21:51 ::1 GET /Scripts/modernizr-2.6.2.js - 52445 - ::1 Mozilla/5.0+(Windows+NT+10.0;+WOW64;+Trident/7.0;+rv:11.0)+like+Gecko http://localhost:52445/First/Welcome 304 0 0 22
2018-08-13 11:21:51 ::1 GET /Scripts/jquery-1.10.2.js - 52445 - ::1 Mozilla/5.0+(Windows+NT+10.0;+WOW64;+Trident/7.0;+rv:11.0)+like+Gecko http://localhost:52445/First/Welcome 304 0 0 22
2018-08-13 11:21:51 ::1 GET /Scripts/bootstrap.js - 52445 - ::1 Mozilla/5.0+(Windows+NT+10.0;+WOW64;+Trident/7.0;+rv:11.0)+like+Gecko http://localhost:52445/First/Welcome 304 0 0 81
2018-08-13 11:21:51 ::1 GET /Scripts/respond.js - 52445 - ::1 Mozilla/5.0+(Windows+NT+10.0;+WOW64;+Trident/7.0;+rv:11.0)+like+Gecko http://localhost:52445/First/Welcome 304 0 0 60
